loading  /home/jasencakova/dataset/cells/priamy_kanal/sim_2xKSin1_DE_hct15_seed4_rigid31_7_from1204000cy/rbc0_sim_2xKSin1_DE_hct15_seed4_rigid31_7_from1204000cy.dat
shape =  (3, 1402)
1402
loading  /home/jasencakova/dataset/cells/priamy_kanal/sim_2xKSin1_DE_hct15_seed4_rigid31_7_from1204000cy/rbc1_sim_2xKSin1_DE_hct15_seed4_rigid31_7_from1204000cy.dat
shape =  (3, 1402)
1402
loading  /home/jasencakova/dataset/cells/priamy_kanal/sim_2xKSin1_DE_hct15_seed4_rigid31_7_from1204000cy/rbc2_sim_2xKSin1_DE_hct15_seed4_rigid31_7_from1204000cy.dat
shape =  (3, 1402)
1402
loading  /home/jasencakova/dataset/cells/priamy_kanal/sim_2xKSin1_DE_hct15_seed4_rigid31_7_from1204000cy/rbc3_sim_2xKSin1_DE_hct15_seed4_rigid31_7_from1204000cy.dat
shape =  (3, 1402)
1402
loading  /home/jasencakova/dataset/cells/priamy_kanal/sim_2xKSin1_DE_hct15_seed4_rigid31_7_from1204000cy/rbc4_sim_2xKSin1_DE_hct15_seed4_rigid31_7_from1204000cy.dat
shape =  (3, 1402)
1402
loading  /home/jasencakova/dataset/cells/priamy_kanal/sim_2xKSin1_DE_hct15_seed4_rigid31_7_from1204000cy/rbc5_sim_2xKSin1_DE_hct15_seed4_rigid31_7_from1204000cy.dat
shape =  (3, 1402)
1402
loading  /home/jasencakova/dataset/cells/priamy_kanal/sim_2xKSin1_DE_hct15_seed4_rigid31_7_from1204000cy/rbc6_sim_2xKSin1_DE_hct15_seed4_rigid31_7_from1204000cy.dat
shape =  (3, 1402)
1402
loading  /home/jasencakova/dataset/cells/priamy_kanal/sim_2xKSin1_DE_hct15_seed4_rigid31_7_from1204000cy/rbc7_sim_2xKSin1_DE_hct15_seed4_rigid31_7_from1204000cy.dat
shape =  (3, 1402)
1402
loading  /home/jasencakova/dataset/cells/priamy_kanal/sim_2xKSin1_DE_hct15_seed4_rigid31_7_from1204000cy/rbc8_sim_2xKSin1_DE_hct15_seed4_rigid31_7_from1204000cy.dat
shape =  (3, 1402)
1402
loading  /home/jasencakova/dataset/cells/priamy_kanal/sim_2xKSin1_DE_hct15_seed4_rigid31_7_from1204000cy/rbc9_sim_2xKSin1_DE_hct15_seed4_rigid31_7_from1204000cy.dat
shape =  (3, 1402)
1402
loading  /home/jasencakova/dataset/cells/priamy_kanal/sim_2xKSin1_DE_hct15_seed4_rigid31_7_from1204000cy/rbc10_sim_2xKSin1_DE_hct15_seed4_rigid31_7_from1204000cy.dat
shape =  (3, 1402)
1402
loading  /home/jasencakova/dataset/cells/priamy_kanal/sim_2xKSin1_DE_hct15_seed4_rigid31_7_from1204000cy/rbc11_sim_2xKSin1_DE_hct15_seed4_rigid31_7_from1204000cy.dat
shape =  (3, 1402)
1402
loading  /home/jasencakova/dataset/cells/priamy_kanal/sim_2xKSin1_DE_hct15_seed4_rigid31_7_from1204000cy/rbc12_sim_2xKSin1_DE_hct15_seed4_rigid31_7_from1204000cy.dat
shape =  (3, 1402)
1402
loading  /home/jasencakova/dataset/cells/priamy_kanal/sim_2xKSin1_DE_hct15_seed4_rigid31_7_from1204000cy/rbc13_sim_2xKSin1_DE_hct15_seed4_rigid31_7_from1204000cy.dat
shape =  (3, 1402)
1402
loading  /home/jasencakova/dataset/cells/priamy_kanal/sim_2xKSin1_DE_hct15_seed4_rigid31_7_from1204000cy/rbc14_sim_2xKSin1_DE_hct15_seed4_rigid31_7_from1204000cy.dat
shape =  (3, 1402)
1402
loading  /home/jasencakova/dataset/cells/priamy_kanal/sim_2xKSin1_DE_hct15_seed4_rigid31_7_from1204000cy/rbc15_sim_2xKSin1_DE_hct15_seed4_rigid31_7_from1204000cy.dat
shape =  (3, 1402)
1402
loading  /home/jasencakova/dataset/cells/priamy_kanal/sim_2xKSin1_DE_hct15_seed4_rigid31_7_from1204000cy/rbc16_sim_2xKSin1_DE_hct15_seed4_rigid31_7_from1204000cy.dat
shape =  (3, 1402)
1402
loading  /home/jasencakova/dataset/cells/priamy_kanal/sim_2xKSin1_DE_hct15_seed4_rigid31_7_from1204000cy/rbc17_sim_2xKSin1_DE_hct15_seed4_rigid31_7_from1204000cy.dat
shape =  (3, 1402)
1402
loading  /home/jasencakova/dataset/cells/priamy_kanal/sim_2xKSin1_DE_hct15_seed4_rigid31_7_from1204000cy/rbc18_sim_2xKSin1_DE_hct15_seed4_rigid31_7_from1204000cy.dat
shape =  (3, 1402)
1402
loading  /home/jasencakova/dataset/cells/priamy_kanal/sim_2xKSin1_DE_hct15_seed4_rigid31_7_from1204000cy/rbc19_sim_2xKSin1_DE_hct15_seed4_rigid31_7_from1204000cy.dat
shape =  (3, 1402)
1402
loading  /home/jasencakova/dataset/cells/priamy_kanal/sim_2xKSin1_DE_hct15_seed4_rigid31_7_from1204000cy/rbc20_sim_2xKSin1_DE_hct15_seed4_rigid31_7_from1204000cy.dat
shape =  (3, 1402)
1402
loading  /home/jasencakova/dataset/cells/priamy_kanal/sim_2xKSin1_DE_hct15_seed4_rigid31_7_from1204000cy/rbc21_sim_2xKSin1_DE_hct15_seed4_rigid31_7_from1204000cy.dat
shape =  (3, 1402)
1402
loading  /home/jasencakova/dataset/cells/priamy_kanal/sim_2xKSin1_DE_hct15_seed4_rigid31_7_from1204000cy/rbc22_sim_2xKSin1_DE_hct15_seed4_rigid31_7_from1204000cy.dat
shape =  (3, 1402)
1402
loading  /home/jasencakova/dataset/cells/priamy_kanal/sim_2xKSin1_DE_hct15_seed4_rigid31_7_from1204000cy/rbc23_sim_2xKSin1_DE_hct15_seed4_rigid31_7_from1204000cy.dat
shape =  (3, 1402)
1402
loading  /home/jasencakova/dataset/cells/priamy_kanal/sim_2xKSin1_DE_hct15_seed4_rigid31_7_from1204000cy/rbc24_sim_2xKSin1_DE_hct15_seed4_rigid31_7_from1204000cy.dat
shape =  (3, 1402)
1402
loading  /home/jasencakova/dataset/cells/priamy_kanal/sim_2xKSin1_DE_hct15_seed4_rigid31_7_from1204000cy/rbc25_sim_2xKSin1_DE_hct15_seed4_rigid31_7_from1204000cy.dat
shape =  (3, 1402)
1402
loading  /home/jasencakova/dataset/cells/priamy_kanal/sim_2xKSin1_DE_hct15_seed4_rigid31_7_from1204000cy/rbc26_sim_2xKSin1_DE_hct15_seed4_rigid31_7_from1204000cy.dat
shape =  (3, 1402)
1402
loading  /home/jasencakova/dataset/cells/priamy_kanal/sim_2xKSin1_DE_hct15_seed4_rigid31_7_from1204000cy/rbc27_sim_2xKSin1_DE_hct15_seed4_rigid31_7_from1204000cy.dat
shape =  (3, 1402)
1402
loading  /home/jasencakova/dataset/cells/priamy_kanal/sim_2xKSin1_DE_hct15_seed4_rigid31_7_from1204000cy/rbc28_sim_2xKSin1_DE_hct15_seed4_rigid31_7_from1204000cy.dat
shape =  (3, 1402)
1402
loading  /home/jasencakova/dataset/cells/priamy_kanal/sim_2xKSin1_DE_hct15_seed4_rigid31_7_from1204000cy/rbc29_sim_2xKSin1_DE_hct15_seed4_rigid31_7_from1204000cy.dat
shape =  (3, 1402)
1402
loading  /home/jasencakova/dataset/cells/priamy_kanal/sim_2xKSin1_DE_hct15_seed4_rigid31_7_from1204000cy/rbc30_sim_2xKSin1_DE_hct15_seed4_rigid31_7_from1204000cy.dat
shape =  (3, 1402)
1402
loading  /home/jasencakova/dataset/cells/priamy_kanal/sim_2xKSin1_DE_hct15_seed4_rigid31_7_from1204000cy/rbc31_sim_2xKSin1_DE_hct15_seed4_rigid31_7_from1204000cy.dat
shape =  (3, 1402)
1402
loading  /home/jasencakova/dataset/cells/priamy_kanal/sim_2xKSin1_DE_hct15_seed4_rigid31_7_from1204000cy/rbc32_sim_2xKSin1_DE_hct15_seed4_rigid31_7_from1204000cy.dat
shape =  (3, 1402)
1402
loading  /home/jasencakova/dataset/cells/priamy_kanal/sim_2xKSin1_DE_hct15_seed4_rigid31_7_from1204000cy/rbc33_sim_2xKSin1_DE_hct15_seed4_rigid31_7_from1204000cy.dat
shape =  (3, 1402)
1402
loading  /home/jasencakova/dataset/cells/priamy_kanal/sim_2xKSin1_DE_hct15_seed4_rigid31_7_from1204000cy/rbc34_sim_2xKSin1_DE_hct15_seed4_rigid31_7_from1204000cy.dat
shape =  (3, 1402)
1402
loading  /home/jasencakova/dataset/cells/priamy_kanal/sim_2xKSin1_DE_hct15_seed4_rigid31_7_from1204000cy/rbc35_sim_2xKSin1_DE_hct15_seed4_rigid31_7_from1204000cy.dat
shape =  (3, 1402)
1402
loading  /home/jasencakova/dataset/cells/priamy_kanal/sim_2xKSin1_DE_hct15_seed4_rigid31_7_from1204000cy/rbc36_sim_2xKSin1_DE_hct15_seed4_rigid31_7_from1204000cy.dat
shape =  (3, 1402)
1402
loading  /home/jasencakova/dataset/cells/priamy_kanal/sim_2xKSin1_DE_hct15_seed4_rigid31_7_from1204000cy/rbc37_sim_2xKSin1_DE_hct15_seed4_rigid31_7_from1204000cy.dat
shape =  (3, 1402)
1402
loading  /home/jasencakova/dataset/cells/priamy_kanal/sim_2xKSin1_DE_hct15_seed4_rigid31_7_from1204000cy/rbc38_sim_2xKSin1_DE_hct15_seed4_rigid31_7_from1204000cy.dat
shape =  (3, 1402)
1402
loading  /home/jasencakova/dataset/cells/priamy_kanal/sim_2xKSin1_DE_hct15_seed4_rigid31_7_from1204000cy/rbc39_sim_2xKSin1_DE_hct15_seed4_rigid31_7_from1204000cy.dat
shape =  (3, 1402)
1402
loading  /home/jasencakova/dataset/cells/priamy_kanal/sim_2xKSin1_DE_hct15_seed4_rigid31_7_from1204000cy/rbc40_sim_2xKSin1_DE_hct15_seed4_rigid31_7_from1204000cy.dat
shape =  (3, 1402)
1402
loading  /home/jasencakova/dataset/cells/priamy_kanal/sim_2xKSin1_DE_hct15_seed4_rigid31_7_from1204000cy/rbc41_sim_2xKSin1_DE_hct15_seed4_rigid31_7_from1204000cy.dat
shape =  (3, 1402)
1402
loading  /home/jasencakova/dataset/cells/priamy_kanal/sim_2xKSin1_DE_hct15_seed4_rigid31_7_from1204000cy/rbc42_sim_2xKSin1_DE_hct15_seed4_rigid31_7_from1204000cy.dat
shape =  (3, 1402)
1402
loading  /home/jasencakova/dataset/cells/priamy_kanal/sim_2xKSin1_DE_hct15_seed4_rigid31_7_from1204000cy/rbc43_sim_2xKSin1_DE_hct15_seed4_rigid31_7_from1204000cy.dat
shape =  (3, 1402)
1402
loading  /home/jasencakova/dataset/cells/priamy_kanal/sim_2xKSin1_DE_hct15_seed4_rigid31_7_from1204000cy/rbc44_sim_2xKSin1_DE_hct15_seed4_rigid31_7_from1204000cy.dat
shape =  (3, 1402)
1402
loading  /home/jasencakova/dataset/cells/priamy_kanal/sim_2xKSin1_DE_hct15_seed4_rigid31_7_from1204000cy/rbc45_sim_2xKSin1_DE_hct15_seed4_rigid31_7_from1204000cy.dat
shape =  (3, 1402)
1402
loading  /home/jasencakova/dataset/cells/priamy_kanal/sim_2xKSin1_DE_hct15_seed4_rigid31_7_from1204000cy/rbc46_sim_2xKSin1_DE_hct15_seed4_rigid31_7_from1204000cy.dat
shape =  (3, 1402)
1402
loading  /home/jasencakova/dataset/cells/priamy_kanal/sim_2xKSin1_DE_hct15_seed4_rigid31_7_from1204000cy/rbc47_sim_2xKSin1_DE_hct15_seed4_rigid31_7_from1204000cy.dat
shape =  (3, 1402)
1402
loading  /home/jasencakova/dataset/cells/priamy_kanal/sim_2xKSin1_DE_hct15_seed4_rigid31_7_from1204000cy/rbc48_sim_2xKSin1_DE_hct15_seed4_rigid31_7_from1204000cy.dat
shape =  (3, 1402)
1402
loading  /home/jasencakova/dataset/cells/priamy_kanal/sim_2xKSin1_DE_hct15_seed4_rigid31_7_from1204000cy/rbc49_sim_2xKSin1_DE_hct15_seed4_rigid31_7_from1204000cy.dat
shape =  (3, 1402)
1402
loading  /home/jasencakova/dataset/cells/priamy_kanal/sim_2xKSin1_DE_hct15_seed4_rigid31_7_from1204000cy/rbc50_sim_2xKSin1_DE_hct15_seed4_rigid31_7_from1204000cy.dat
shape =  (3, 1402)
1402
loading  /home/jasencakova/dataset/cells/priamy_kanal/sim_2xKSin1_DE_hct15_seed4_rigid31_7_from1204000cy/rbc51_sim_2xKSin1_DE_hct15_seed4_rigid31_7_from1204000cy.dat
shape =  (3, 1402)
1402
loading  /home/jasencakova/dataset/cells/priamy_kanal/sim_2xKSin1_DE_hct15_seed4_rigid31_7_from1204000cy/rbc52_sim_2xKSin1_DE_hct15_seed4_rigid31_7_from1204000cy.dat
shape =  (3, 1402)
1402
loading  /home/jasencakova/dataset/cells/priamy_kanal/sim_2xKSin1_DE_hct15_seed4_rigid31_7_from1204000cy/rbc53_sim_2xKSin1_DE_hct15_seed4_rigid31_7_from1204000cy.dat
shape =  (3, 1402)
1402
loading  /home/jasencakova/dataset/cells/priamy_kanal/sim_2xKSin1_DE_hct15_seed4_rigid31_7_from1204000cy/rbc54_sim_2xKSin1_DE_hct15_seed4_rigid31_7_from1204000cy.dat
shape =  (3, 1402)
1402
loading  /home/jasencakova/dataset/cells/priamy_kanal/sim_2xKSin1_DE_hct15_seed4_rigid31_7_from1204000cy/rbc55_sim_2xKSin1_DE_hct15_seed4_rigid31_7_from1204000cy.dat
shape =  (3, 1402)
1402
loading  /home/jasencakova/dataset/cells/priamy_kanal/sim_2xKSin1_DE_hct15_seed4_rigid31_7_from1204000cy/rbc56_sim_2xKSin1_DE_hct15_seed4_rigid31_7_from1204000cy.dat
shape =  (3, 1402)
1402
loading  /home/jasencakova/dataset/cells/priamy_kanal/sim_2xKSin1_DE_hct15_seed4_rigid31_7_from1204000cy/rbc57_sim_2xKSin1_DE_hct15_seed4_rigid31_7_from1204000cy.dat
shape =  (3, 1402)
1402
loading  /home/jasencakova/dataset/cells/priamy_kanal/sim_2xKSin1_DE_hct15_seed4_rigid31_7_from1204000cy/rbc58_sim_2xKSin1_DE_hct15_seed4_rigid31_7_from1204000cy.dat
shape =  (3, 1402)
1402
loading  /home/jasencakova/dataset/cells/priamy_kanal/sim_2xKSin1_DE_hct15_seed4_rigid31_7_from1204000cy/rbc59_sim_2xKSin1_DE_hct15_seed4_rigid31_7_from1204000cy.dat
shape =  (3, 1402)
1402
loading  /home/jasencakova/dataset/cells/priamy_kanal/sim_2xKSin1_DE_hct15_seed4_rigid31_7_from1204000cy/rbc60_sim_2xKSin1_DE_hct15_seed4_rigid31_7_from1204000cy.dat
shape =  (3, 1402)
1402
loading  /home/jasencakova/dataset/cells/priamy_kanal/sim_2xKSin1_DE_hct15_seed4_rigid31_7_from1204000cy/rbc61_sim_2xKSin1_DE_hct15_seed4_rigid31_7_from1204000cy.dat
shape =  (3, 1402)
1402
loading  /home/jasencakova/dataset/cells/priamy_kanal/sim_2xKSin1_DE_hct15_seed4_rigid31_7_from1204000cy/rbc62_sim_2xKSin1_DE_hct15_seed4_rigid31_7_from1204000cy.dat
shape =  (3, 1402)
1402
loading  /home/jasencakova/dataset/cells/priamy_kanal/sim_2xKSin1_DE_hct15_seed4_rigid31_7_from1204000cy/rbc63_sim_2xKSin1_DE_hct15_seed4_rigid31_7_from1204000cy.dat
shape =  (3, 1402)
1402
loading  /home/jasencakova/dataset/cells/priamy_kanal/sim_2xKSin1_DE_hct15_seed4_rigid31_7_from1204000cy/rbc64_sim_2xKSin1_DE_hct15_seed4_rigid31_7_from1204000cy.dat
shape =  (3, 1402)
1402
loading  /home/jasencakova/dataset/cells/priamy_kanal/sim_2xKSin1_DE_hct15_seed4_rigid31_7_from1204000cy/rbc65_sim_2xKSin1_DE_hct15_seed4_rigid31_7_from1204000cy.dat
shape =  (3, 1402)
1402
loading  /home/jasencakova/dataset/cells/priamy_kanal/sim_2xKSin1_DE_hct15_seed4_rigid31_7_from1204000cy/rbc66_sim_2xKSin1_DE_hct15_seed4_rigid31_7_from1204000cy.dat
shape =  (3, 1402)
1402
loading  /home/jasencakova/dataset/cells/priamy_kanal/sim_2xKSin1_DE_hct15_seed4_rigid31_7_from1204000cy/rbc67_sim_2xKSin1_DE_hct15_seed4_rigid31_7_from1204000cy.dat
shape =  (3, 1402)
1402
loading  /home/jasencakova/dataset/cells/priamy_kanal/sim_2xKSin1_DE_hct15_seed4_rigid31_7_from1204000cy/rbc68_sim_2xKSin1_DE_hct15_seed4_rigid31_7_from1204000cy.dat
shape =  (3, 1402)
1402
loading  /home/jasencakova/dataset/cells/priamy_kanal/sim_2xKSin1_DE_hct15_seed4_rigid31_7_from1204000cy/rbc69_sim_2xKSin1_DE_hct15_seed4_rigid31_7_from1204000cy.dat
shape =  (3, 1402)
1402
loading  /home/jasencakova/dataset/cells/priamy_kanal/sim_2xKSin1_DE_hct15_seed4_rigid31_7_from1204000cy/rbc70_sim_2xKSin1_DE_hct15_seed4_rigid31_7_from1204000cy.dat
shape =  (3, 1402)
1402
loading  /home/jasencakova/dataset/cells/priamy_kanal/sim_2xKSin1_DE_hct15_seed4_rigid31_7_from1204000cy/rbc71_sim_2xKSin1_DE_hct15_seed4_rigid31_7_from1204000cy.dat
shape =  (3, 1402)
1402
loading  /home/jasencakova/dataset/cells/priamy_kanal/sim_2xKSin1_DE_hct15_seed4_rigid31_7_from1204000cy/rbc72_sim_2xKSin1_DE_hct15_seed4_rigid31_7_from1204000cy.dat
shape =  (3, 1402)
1402
loading  /home/jasencakova/dataset/cells/priamy_kanal/sim_2xKSin1_DE_hct15_seed4_rigid31_7_from1204000cy/rbc73_sim_2xKSin1_DE_hct15_seed4_rigid31_7_from1204000cy.dat
shape =  (3, 1402)
1402
loading  /home/jasencakova/dataset/cells/priamy_kanal/sim_2xKSin1_DE_hct15_seed4_rigid31_7_from1204000cy/rbc74_sim_2xKSin1_DE_hct15_seed4_rigid31_7_from1204000cy.dat
shape =  (3, 1402)
1402
loading  /home/jasencakova/dataset/cells/priamy_kanal/sim_2xKSin1_DE_hct15_seed4_rigid31_7_from1204000cy/rbc75_sim_2xKSin1_DE_hct15_seed4_rigid31_7_from1204000cy.dat
shape =  (3, 1402)
1402
loading  /home/jasencakova/dataset/cells/priamy_kanal/sim_2xKSin1_DE_hct15_seed4_rigid31_7_from1204000cy/rbc76_sim_2xKSin1_DE_hct15_seed4_rigid31_7_from1204000cy.dat
shape =  (3, 1402)
1402
loading  /home/jasencakova/dataset/cells/priamy_kanal/sim_2xKSin1_DE_hct15_seed4_rigid31_7_from1204000cy/rbc77_sim_2xKSin1_DE_hct15_seed4_rigid31_7_from1204000cy.dat
shape =  (3, 1402)
1402
loading  /home/jasencakova/dataset/cells/priamy_kanal/sim_2xKSin1_DE_hct15_seed4_rigid31_7_from1204000cy/rbc78_sim_2xKSin1_DE_hct15_seed4_rigid31_7_from1204000cy.dat
shape =  (3, 1402)
1402
loading  /home/jasencakova/dataset/cells/priamy_kanal/sim_2xKSin1_DE_hct15_seed4_rigid31_7_from1204000cy/rbc79_sim_2xKSin1_DE_hct15_seed4_rigid31_7_from1204000cy.dat
shape =  (3, 1402)
1402
loading  /home/jasencakova/dataset/cells/priamy_kanal/sim_2xKSin1_DE_hct15_seed4_rigid31_7_from1204000cy/rbc80_sim_2xKSin1_DE_hct15_seed4_rigid31_7_from1204000cy.dat
shape =  (3, 1402)
1402
loading  /home/jasencakova/dataset/cells/priamy_kanal/sim_2xKSin1_DE_hct15_seed4_rigid31_7_from1204000cy/rbc81_sim_2xKSin1_DE_hct15_seed4_rigid31_7_from1204000cy.dat
shape =  (3, 1402)
1402
loading  /home/jasencakova/dataset/cells/priamy_kanal/sim_2xKSin1_DE_hct15_seed4_rigid31_7_from1204000cy/rbc82_sim_2xKSin1_DE_hct15_seed4_rigid31_7_from1204000cy.dat
shape =  (3, 1402)
1402
loading  /home/jasencakova/dataset/cells/priamy_kanal/sim_2xKSin1_DE_hct15_seed4_rigid31_7_from1204000cy/rbc83_sim_2xKSin1_DE_hct15_seed4_rigid31_7_from1204000cy.dat
shape =  (3, 1402)
1402
loading  /home/jasencakova/dataset/cells/priamy_kanal/sim_2xKSin1_DE_hct15_seed4_rigid31_7_from1204000cy/rbc84_sim_2xKSin1_DE_hct15_seed4_rigid31_7_from1204000cy.dat
shape =  (3, 1402)
1402
loading  /home/jasencakova/dataset/cells/priamy_kanal/sim_2xKSin1_DE_hct15_seed4_rigid31_7_from1204000cy/rbc85_sim_2xKSin1_DE_hct15_seed4_rigid31_7_from1204000cy.dat
shape =  (3, 1402)
1402
loading  /home/jasencakova/dataset/cells/priamy_kanal/sim_2xKSin1_DE_hct15_seed4_rigid31_7_from1204000cy/rbc86_sim_2xKSin1_DE_hct15_seed4_rigid31_7_from1204000cy.dat
shape =  (3, 1402)
1402
loading  /home/jasencakova/dataset/cells/priamy_kanal/sim_2xKSin1_DE_hct15_seed4_rigid31_7_from1204000cy/rbc87_sim_2xKSin1_DE_hct15_seed4_rigid31_7_from1204000cy.dat
shape =  (3, 1402)
1402
loading  /home/jasencakova/dataset/cells/priamy_kanal/sim_2xKSin1_DE_hct15_seed4_rigid31_7_from1204000cy/rbc88_sim_2xKSin1_DE_hct15_seed4_rigid31_7_from1204000cy.dat
shape =  (3, 1402)
1402
loading  /home/jasencakova/dataset/cells/priamy_kanal/sim_2xKSin1_DE_hct15_seed4_rigid31_7_from1204000cy/rbc89_sim_2xKSin1_DE_hct15_seed4_rigid31_7_from1204000cy.dat
shape =  (3, 1402)
1402
loading  /home/jasencakova/dataset/cells/priamy_kanal/sim_2xKSin1_DE_hct15_seed4_rigid31_7_from1204000cy/rbc90_sim_2xKSin1_DE_hct15_seed4_rigid31_7_from1204000cy.dat
shape =  (3, 1402)
1402
loading  /home/jasencakova/dataset/cells/priamy_kanal/sim_2xKSin1_DE_hct15_seed4_rigid31_7_from1204000cy/rbc91_sim_2xKSin1_DE_hct15_seed4_rigid31_7_from1204000cy.dat
shape =  (3, 1402)
1402
loading  /home/jasencakova/dataset/cells/priamy_kanal/sim_2xKSin1_DE_hct15_seed4_rigid31_7_from1204000cy/rbc92_sim_2xKSin1_DE_hct15_seed4_rigid31_7_from1204000cy.dat
shape =  (3, 1402)
1402
loading  /home/jasencakova/dataset/cells/priamy_kanal/sim_2xKSin1_DE_hct15_seed4_rigid31_7_from1204000cy/rbc93_sim_2xKSin1_DE_hct15_seed4_rigid31_7_from1204000cy.dat
shape =  (3, 1402)
1402
loading  /home/jasencakova/dataset/cells/priamy_kanal/sim_2xKSin1_DE_hct15_seed4_rigid31_7_from1204000cy/rbc94_sim_2xKSin1_DE_hct15_seed4_rigid31_7_from1204000cy.dat
shape =  (3, 1402)
1402
loading  /home/jasencakova/dataset/cells/priamy_kanal/sim_2xKSin1_DE_hct15_seed4_rigid31_7_from1204000cy/rbc95_sim_2xKSin1_DE_hct15_seed4_rigid31_7_from1204000cy.dat
shape =  (3, 1402)
1402
loading  /home/jasencakova/dataset/cells/priamy_kanal/sim_2xKSin1_DE_hct15_seed4_rigid31_7_from1204000cy/rbc96_sim_2xKSin1_DE_hct15_seed4_rigid31_7_from1204000cy.dat
shape =  (3, 1402)
1402
loading  /home/jasencakova/dataset/cells/priamy_kanal/sim_2xKSin1_DE_hct15_seed4_rigid31_7_from1204000cy/rbc97_sim_2xKSin1_DE_hct15_seed4_rigid31_7_from1204000cy.dat
shape =  (3, 1402)
1402
loading  /home/jasencakova/dataset/cells/priamy_kanal/sim_2xKSin1_DE_hct15_seed4_rigid31_7_from1204000cy/rbc98_sim_2xKSin1_DE_hct15_seed4_rigid31_7_from1204000cy.dat
shape =  (3, 1402)
1402
loading  /home/jasencakova/dataset/cells/priamy_kanal/sim_2xKSin1_DE_hct15_seed4_rigid31_7_from1204000cy/rbc99_sim_2xKSin1_DE_hct15_seed4_rigid31_7_from1204000cy.dat
shape =  (3, 1402)
1402
loading  /home/jasencakova/dataset/cells/priamy_kanal/sim_2xKSin1_DE_hct15_seed4_rigid31_7_from1204000cy/rbc100_sim_2xKSin1_DE_hct15_seed4_rigid31_7_from1204000cy.dat
shape =  (3, 1402)
1402
loading  /home/jasencakova/dataset/cells/priamy_kanal/sim_2xKSin1_DE_hct15_seed4_rigid31_7_from1204000cy/rbc101_sim_2xKSin1_DE_hct15_seed4_rigid31_7_from1204000cy.dat
shape =  (3, 1402)
1402
loading  /home/jasencakova/dataset/cells/priamy_kanal/sim_2xKSin1_DE_hct15_seed4_rigid31_7_from1204000cy/rbc102_sim_2xKSin1_DE_hct15_seed4_rigid31_7_from1204000cy.dat
shape =  (3, 1402)
1402
loading  /home/jasencakova/dataset/cells/priamy_kanal/sim_2xKSin1_DE_hct15_seed4_rigid31_7_from1204000cy/rbc103_sim_2xKSin1_DE_hct15_seed4_rigid31_7_from1204000cy.dat
shape =  (3, 1402)
1402
loading  /home/jasencakova/dataset/cells/priamy_kanal/sim_2xKSin1_DE_hct15_seed4_rigid31_7_from1204000cy/rbc104_sim_2xKSin1_DE_hct15_seed4_rigid31_7_from1204000cy.dat
shape =  (3, 1402)
1402
loading  /home/jasencakova/dataset/cells/priamy_kanal/sim_2xKSin1_DE_hct15_seed4_rigid31_7_from1204000cy/rbc105_sim_2xKSin1_DE_hct15_seed4_rigid31_7_from1204000cy.dat
shape =  (3, 1402)
1402
loading  /home/jasencakova/dataset/cells/priamy_kanal/sim_2xKSin1_DE_hct15_seed4_rigid31_7_from1204000cy/rbc106_sim_2xKSin1_DE_hct15_seed4_rigid31_7_from1204000cy.dat
shape =  (3, 1402)
1402
loading  /home/jasencakova/dataset/cells/priamy_kanal/sim_2xKSin1_DE_hct15_seed4_rigid31_7_from1204000cy/rbc107_sim_2xKSin1_DE_hct15_seed4_rigid31_7_from1204000cy.dat
shape =  (3, 1402)
1402
loading  /home/jasencakova/dataset/cells/priamy_kanal/sim_2xKSin1_DE_hct15_seed4_rigid31_7_from1204000cy/rbc108_sim_2xKSin1_DE_hct15_seed4_rigid31_7_from1204000cy.dat
shape =  (3, 1402)
1402
loading  /home/jasencakova/dataset/cells/priamy_kanal/sim_2xKSin1_DE_hct15_seed4_rigid31_7_from1204000cy/rbc109_sim_2xKSin1_DE_hct15_seed4_rigid31_7_from1204000cy.dat
shape =  (3, 1402)
1402
loading  /home/jasencakova/dataset/cells/priamy_kanal/sim_2xKSin1_DE_hct15_seed4_rigid31_7_from1204000cy/rbc110_sim_2xKSin1_DE_hct15_seed4_rigid31_7_from1204000cy.dat
shape =  (3, 1402)
1402
loading  /home/jasencakova/dataset/cells/priamy_kanal/sim_2xKSin1_DE_hct15_seed4_rigid31_7_from1204000cy/rbc111_sim_2xKSin1_DE_hct15_seed4_rigid31_7_from1204000cy.dat
shape =  (3, 1402)
1402
loading  /home/jasencakova/dataset/cells/priamy_kanal/sim_2xKSin1_DE_hct15_seed4_rigid31_7_from1204000cy/rbc112_sim_2xKSin1_DE_hct15_seed4_rigid31_7_from1204000cy.dat
shape =  (3, 1402)
1402
loading  /home/jasencakova/dataset/cells/priamy_kanal/sim_2xKSin1_DE_hct15_seed4_rigid31_7_from1204000cy/rbc113_sim_2xKSin1_DE_hct15_seed4_rigid31_7_from1204000cy.dat
shape =  (3, 1402)
1402
loading  /home/jasencakova/dataset/cells/priamy_kanal/sim_2xKSin1_DE_hct15_seed4_rigid31_7_from1204000cy/rbc114_sim_2xKSin1_DE_hct15_seed4_rigid31_7_from1204000cy.dat
shape =  (3, 1402)
1402
loading  /home/jasencakova/dataset/cells/priamy_kanal/sim_2xKSin1_DE_hct15_seed4_rigid31_7_from1204000cy/rbc115_sim_2xKSin1_DE_hct15_seed4_rigid31_7_from1204000cy.dat
shape =  (3, 1402)
1402
loading  /home/jasencakova/dataset/cells/priamy_kanal/sim_2xKSin1_DE_hct15_seed4_rigid31_7_from1204000cy/rbc116_sim_2xKSin1_DE_hct15_seed4_rigid31_7_from1204000cy.dat
shape =  (3, 1402)
1402
loading  /home/jasencakova/dataset/cells/priamy_kanal/sim_2xKSin1_DE_hct15_seed4_rigid31_7_from1204000cy/rbc117_sim_2xKSin1_DE_hct15_seed4_rigid31_7_from1204000cy.dat
shape =  (3, 1402)
1402
loading  /home/jasencakova/dataset/cells/priamy_kanal/sim_2xKSin1_DE_hct15_seed4_rigid31_7_from1204000cy/rbc118_sim_2xKSin1_DE_hct15_seed4_rigid31_7_from1204000cy.dat
shape =  (3, 1402)
1402
loading  /home/jasencakova/dataset/cells/priamy_kanal/sim_2xKSin1_DE_hct15_seed4_rigid31_7_from1204000cy/rbc119_sim_2xKSin1_DE_hct15_seed4_rigid31_7_from1204000cy.dat
shape =  (3, 1402)
1402
loading  /home/jasencakova/dataset/cells/priamy_kanal/sim_2xKSin1_DE_hct15_seed4_rigid31_7_from1204000cy/rbc120_sim_2xKSin1_DE_hct15_seed4_rigid31_7_from1204000cy.dat
shape =  (3, 1402)
1402
loading  /home/jasencakova/dataset/cells/priamy_kanal/sim_2xKSin1_DE_hct15_seed4_rigid31_7_from1204000cy/rbc121_sim_2xKSin1_DE_hct15_seed4_rigid31_7_from1204000cy.dat
shape =  (3, 1402)
1402
loading  /home/jasencakova/dataset/cells/priamy_kanal/sim_2xKSin1_DE_hct15_seed4_rigid31_7_from1204000cy/rbc122_sim_2xKSin1_DE_hct15_seed4_rigid31_7_from1204000cy.dat
shape =  (3, 1402)
1402
loading  /home/jasencakova/dataset/cells/priamy_kanal/sim_2xKSin1_DE_hct15_seed4_rigid31_7_from1204000cy/rbc123_sim_2xKSin1_DE_hct15_seed4_rigid31_7_from1204000cy.dat
shape =  (3, 1402)
1402
loading  /home/jasencakova/dataset/cells/priamy_kanal/sim_2xKSin1_DE_hct15_seed4_rigid31_7_from1204000cy/rbc124_sim_2xKSin1_DE_hct15_seed4_rigid31_7_from1204000cy.dat
shape =  (3, 1402)
1402
loading  /home/jasencakova/dataset/cells/priamy_kanal/sim_2xKSin1_DE_hct15_seed4_rigid31_7_from1204000cy/rbc125_sim_2xKSin1_DE_hct15_seed4_rigid31_7_from1204000cy.dat
shape =  (3, 1402)
1402
loading  /home/jasencakova/dataset/cells/priamy_kanal/sim_2xKSin1_DE_hct15_seed4_rigid31_7_from1204000cy/rbc126_sim_2xKSin1_DE_hct15_seed4_rigid31_7_from1204000cy.dat
shape =  (3, 1402)
1402
loading  /home/jasencakova/dataset/cells/priamy_kanal/sim_2xKSin1_DE_hct15_seed4_rigid31_7_from1204000cy/rbc127_sim_2xKSin1_DE_hct15_seed4_rigid31_7_from1204000cy.dat
shape =  (3, 1402)
1402
loading  /home/jasencakova/dataset/cells/priamy_kanal/sim_2xKSin1_DE_hct15_seed4_rigid31_7_from1204000cy/rbc128_sim_2xKSin1_DE_hct15_seed4_rigid31_7_from1204000cy.dat
shape =  (3, 1402)
1402
loading  /home/jasencakova/dataset/cells/priamy_kanal/sim_2xKSin1_DE_hct15_seed4_rigid31_7_from1204000cy/rbc129_sim_2xKSin1_DE_hct15_seed4_rigid31_7_from1204000cy.dat
shape =  (3, 1402)
1402
loading  /home/jasencakova/dataset/cells/priamy_kanal/sim_2xKSin1_DE_hct15_seed4_rigid31_7_from1204000cy/rbc130_sim_2xKSin1_DE_hct15_seed4_rigid31_7_from1204000cy.dat
shape =  (3, 1402)
1402
loading  /home/jasencakova/dataset/cells/priamy_kanal/sim_2xKSin1_DE_hct15_seed4_rigid31_7_from1204000cy/rbc131_sim_2xKSin1_DE_hct15_seed4_rigid31_7_from1204000cy.dat
shape =  (3, 1402)
1402
loading  /home/jasencakova/dataset/cells/priamy_kanal/sim_2xKSin1_DE_hct15_seed4_rigid31_7_from1204000cy/rbc132_sim_2xKSin1_DE_hct15_seed4_rigid31_7_from1204000cy.dat
shape =  (3, 1402)
1402
loading  /home/jasencakova/dataset/cells/priamy_kanal/sim_2xKSin1_DE_hct15_seed4_rigid31_7_from1204000cy/rbc133_sim_2xKSin1_DE_hct15_seed4_rigid31_7_from1204000cy.dat
shape =  (3, 1402)
1402
loading  /home/jasencakova/dataset/cells/priamy_kanal/sim_2xKSin1_DE_hct15_seed4_rigid31_7_from1204000cy/rbc134_sim_2xKSin1_DE_hct15_seed4_rigid31_7_from1204000cy.dat
shape =  (3, 1402)
1402
loading  /home/jasencakova/dataset/cells/priamy_kanal/sim_2xKSin1_DE_hct15_seed4_rigid31_7_from1204000cy/rbc135_sim_2xKSin1_DE_hct15_seed4_rigid31_7_from1204000cy.dat
shape =  (3, 1402)
1402
loading  /home/jasencakova/dataset/cells/priamy_kanal/sim_2xKSin1_DE_hct15_seed4_rigid31_7_from1204000cy/rbc136_sim_2xKSin1_DE_hct15_seed4_rigid31_7_from1204000cy.dat
shape =  (3, 1402)
1402
loading  /home/jasencakova/dataset/cells/priamy_kanal/sim_2xKSin1_DE_hct15_seed4_rigid31_7_from1204000cy/rbc137_sim_2xKSin1_DE_hct15_seed4_rigid31_7_from1204000cy.dat
shape =  (3, 1402)
1402
loading  /home/jasencakova/dataset/cells/priamy_kanal/sim_2xKSin1_DE_hct15_seed4_rigid31_7_from1204000cy/rbc138_sim_2xKSin1_DE_hct15_seed4_rigid31_7_from1204000cy.dat
shape =  (3, 1402)
1402
loading  /home/jasencakova/dataset/cells/priamy_kanal/sim_2xKSin1_DE_hct15_seed4_rigid31_7_from1204000cy/rbc139_sim_2xKSin1_DE_hct15_seed4_rigid31_7_from1204000cy.dat
shape =  (3, 1402)
1402
loading  /home/jasencakova/dataset/cells/priamy_kanal/sim_2xKSin1_DE_hct15_seed4_rigid31_7_from1204000cy/rbc140_sim_2xKSin1_DE_hct15_seed4_rigid31_7_from1204000cy.dat
shape =  (3, 1402)
1402
loading  /home/jasencakova/dataset/cells/priamy_kanal/sim_2xKSin1_DE_hct15_seed4_rigid31_7_from1204000cy/rbc141_sim_2xKSin1_DE_hct15_seed4_rigid31_7_from1204000cy.dat
shape =  (3, 1402)
1402
loading  /home/jasencakova/dataset/cells/priamy_kanal/sim_2xKSin1_DE_hct15_seed4_rigid31_7_from1204000cy/rbc142_sim_2xKSin1_DE_hct15_seed4_rigid31_7_from1204000cy.dat
shape =  (3, 1402)
1402
loading  /home/jasencakova/dataset/cells/priamy_kanal/sim_2xKSin1_DE_hct15_seed4_rigid31_7_from1204000cy/rbc143_sim_2xKSin1_DE_hct15_seed4_rigid31_7_from1204000cy.dat
shape =  (3, 1402)
1402
loading  /home/jasencakova/dataset/cells/priamy_kanal/sim_2xKSin1_DE_hct15_seed4_rigid31_7_from1204000cy/rbc144_sim_2xKSin1_DE_hct15_seed4_rigid31_7_from1204000cy.dat
shape =  (3, 1402)
1402
loading  /home/jasencakova/dataset/cells/priamy_kanal/sim_2xKSin1_DE_hct15_seed4_rigid31_7_from1204000cy/rbc145_sim_2xKSin1_DE_hct15_seed4_rigid31_7_from1204000cy.dat
shape =  (3, 1402)
1402
loading  /home/jasencakova/dataset/cells/priamy_kanal/sim_2xKSin1_DE_hct15_seed4_rigid31_7_from1204000cy/rbc146_sim_2xKSin1_DE_hct15_seed4_rigid31_7_from1204000cy.dat
shape =  (3, 1402)
1402
loading  /home/jasencakova/dataset/cells/priamy_kanal/sim_2xKSin1_DE_hct15_seed4_rigid31_7_from1204000cy/rbc147_sim_2xKSin1_DE_hct15_seed4_rigid31_7_from1204000cy.dat
shape =  (3, 1402)
1402
loading  /home/jasencakova/dataset/cells/priamy_kanal/sim_2xKSin1_DE_hct15_seed4_rigid31_7_from1204000cy/rbc148_sim_2xKSin1_DE_hct15_seed4_rigid31_7_from1204000cy.dat
shape =  (3, 1402)
1402
loading  /home/jasencakova/dataset/cells/priamy_kanal/sim_2xKSin1_DE_hct15_seed4_rigid31_7_from1204000cy/rbc149_sim_2xKSin1_DE_hct15_seed4_rigid31_7_from1204000cy.dat
shape =  (3, 1402)
1402
loading  /home/jasencakova/dataset/cells/priamy_kanal/sim_2xKSin1_DE_hct15_seed4_rigid31_7_from1204000cy/rbc150_sim_2xKSin1_DE_hct15_seed4_rigid31_7_from1204000cy.dat
shape =  (3, 1402)
1402
loading  /home/jasencakova/dataset/cells/priamy_kanal/sim_2xKSin1_DE_hct15_seed4_rigid31_7_from1204000cy/rbc151_sim_2xKSin1_DE_hct15_seed4_rigid31_7_from1204000cy.dat
shape =  (3, 1402)
1402
loading  /home/jasencakova/dataset/cells/priamy_kanal/sim_2xKSin1_DE_hct15_seed4_rigid31_7_from1204000cy/rbc152_sim_2xKSin1_DE_hct15_seed4_rigid31_7_from1204000cy.dat
shape =  (3, 1402)
1402
loading  /home/jasencakova/dataset/cells/priamy_kanal/sim_2xKSin1_DE_hct15_seed4_rigid31_7_from1204000cy/rbc153_sim_2xKSin1_DE_hct15_seed4_rigid31_7_from1204000cy.dat
shape =  (3, 1402)
1402
shortest_length =  1402
data_shape      =  (154, 1402, 3)



loading  /home/jasencakova/dataset/cells/priamy_kanal/sim_2xKSin1_DE_hct15_seed6_rigid31_1/rbc0_sim_2xKSin1_DE_hct15_seed6_rigid31_1.dat
shape =  (3, 945)
945
loading  /home/jasencakova/dataset/cells/priamy_kanal/sim_2xKSin1_DE_hct15_seed6_rigid31_1/rbc1_sim_2xKSin1_DE_hct15_seed6_rigid31_1.dat
shape =  (3, 945)
945
loading  /home/jasencakova/dataset/cells/priamy_kanal/sim_2xKSin1_DE_hct15_seed6_rigid31_1/rbc2_sim_2xKSin1_DE_hct15_seed6_rigid31_1.dat
shape =  (3, 945)
945
loading  /home/jasencakova/dataset/cells/priamy_kanal/sim_2xKSin1_DE_hct15_seed6_rigid31_1/rbc3_sim_2xKSin1_DE_hct15_seed6_rigid31_1.dat
shape =  (3, 945)
945
loading  /home/jasencakova/dataset/cells/priamy_kanal/sim_2xKSin1_DE_hct15_seed6_rigid31_1/rbc4_sim_2xKSin1_DE_hct15_seed6_rigid31_1.dat
shape =  (3, 945)
945
loading  /home/jasencakova/dataset/cells/priamy_kanal/sim_2xKSin1_DE_hct15_seed6_rigid31_1/rbc5_sim_2xKSin1_DE_hct15_seed6_rigid31_1.dat
shape =  (3, 945)
945
loading  /home/jasencakova/dataset/cells/priamy_kanal/sim_2xKSin1_DE_hct15_seed6_rigid31_1/rbc6_sim_2xKSin1_DE_hct15_seed6_rigid31_1.dat
shape =  (3, 945)
945
loading  /home/jasencakova/dataset/cells/priamy_kanal/sim_2xKSin1_DE_hct15_seed6_rigid31_1/rbc7_sim_2xKSin1_DE_hct15_seed6_rigid31_1.dat
shape =  (3, 945)
945
loading  /home/jasencakova/dataset/cells/priamy_kanal/sim_2xKSin1_DE_hct15_seed6_rigid31_1/rbc8_sim_2xKSin1_DE_hct15_seed6_rigid31_1.dat
shape =  (3, 945)
945
loading  /home/jasencakova/dataset/cells/priamy_kanal/sim_2xKSin1_DE_hct15_seed6_rigid31_1/rbc9_sim_2xKSin1_DE_hct15_seed6_rigid31_1.dat
shape =  (3, 945)
945
loading  /home/jasencakova/dataset/cells/priamy_kanal/sim_2xKSin1_DE_hct15_seed6_rigid31_1/rbc10_sim_2xKSin1_DE_hct15_seed6_rigid31_1.dat
shape =  (3, 945)
945
loading  /home/jasencakova/dataset/cells/priamy_kanal/sim_2xKSin1_DE_hct15_seed6_rigid31_1/rbc11_sim_2xKSin1_DE_hct15_seed6_rigid31_1.dat
shape =  (3, 945)
945
loading  /home/jasencakova/dataset/cells/priamy_kanal/sim_2xKSin1_DE_hct15_seed6_rigid31_1/rbc12_sim_2xKSin1_DE_hct15_seed6_rigid31_1.dat
shape =  (3, 945)
945
loading  /home/jasencakova/dataset/cells/priamy_kanal/sim_2xKSin1_DE_hct15_seed6_rigid31_1/rbc13_sim_2xKSin1_DE_hct15_seed6_rigid31_1.dat
shape =  (3, 945)
945
loading  /home/jasencakova/dataset/cells/priamy_kanal/sim_2xKSin1_DE_hct15_seed6_rigid31_1/rbc14_sim_2xKSin1_DE_hct15_seed6_rigid31_1.dat
shape =  (3, 945)
945
loading  /home/jasencakova/dataset/cells/priamy_kanal/sim_2xKSin1_DE_hct15_seed6_rigid31_1/rbc15_sim_2xKSin1_DE_hct15_seed6_rigid31_1.dat
shape =  (3, 945)
945
loading  /home/jasencakova/dataset/cells/priamy_kanal/sim_2xKSin1_DE_hct15_seed6_rigid31_1/rbc16_sim_2xKSin1_DE_hct15_seed6_rigid31_1.dat
shape =  (3, 945)
945
loading  /home/jasencakova/dataset/cells/priamy_kanal/sim_2xKSin1_DE_hct15_seed6_rigid31_1/rbc17_sim_2xKSin1_DE_hct15_seed6_rigid31_1.dat
shape =  (3, 945)
945
loading  /home/jasencakova/dataset/cells/priamy_kanal/sim_2xKSin1_DE_hct15_seed6_rigid31_1/rbc18_sim_2xKSin1_DE_hct15_seed6_rigid31_1.dat
shape =  (3, 945)
945
loading  /home/jasencakova/dataset/cells/priamy_kanal/sim_2xKSin1_DE_hct15_seed6_rigid31_1/rbc19_sim_2xKSin1_DE_hct15_seed6_rigid31_1.dat
shape =  (3, 945)
945
loading  /home/jasencakova/dataset/cells/priamy_kanal/sim_2xKSin1_DE_hct15_seed6_rigid31_1/rbc20_sim_2xKSin1_DE_hct15_seed6_rigid31_1.dat
shape =  (3, 945)
945
loading  /home/jasencakova/dataset/cells/priamy_kanal/sim_2xKSin1_DE_hct15_seed6_rigid31_1/rbc21_sim_2xKSin1_DE_hct15_seed6_rigid31_1.dat
shape =  (3, 945)
945
loading  /home/jasencakova/dataset/cells/priamy_kanal/sim_2xKSin1_DE_hct15_seed6_rigid31_1/rbc22_sim_2xKSin1_DE_hct15_seed6_rigid31_1.dat
shape =  (3, 945)
945
loading  /home/jasencakova/dataset/cells/priamy_kanal/sim_2xKSin1_DE_hct15_seed6_rigid31_1/rbc23_sim_2xKSin1_DE_hct15_seed6_rigid31_1.dat
shape =  (3, 945)
945
loading  /home/jasencakova/dataset/cells/priamy_kanal/sim_2xKSin1_DE_hct15_seed6_rigid31_1/rbc24_sim_2xKSin1_DE_hct15_seed6_rigid31_1.dat
shape =  (3, 945)
945
loading  /home/jasencakova/dataset/cells/priamy_kanal/sim_2xKSin1_DE_hct15_seed6_rigid31_1/rbc25_sim_2xKSin1_DE_hct15_seed6_rigid31_1.dat
shape =  (3, 945)
945
loading  /home/jasencakova/dataset/cells/priamy_kanal/sim_2xKSin1_DE_hct15_seed6_rigid31_1/rbc26_sim_2xKSin1_DE_hct15_seed6_rigid31_1.dat
shape =  (3, 945)
945
loading  /home/jasencakova/dataset/cells/priamy_kanal/sim_2xKSin1_DE_hct15_seed6_rigid31_1/rbc27_sim_2xKSin1_DE_hct15_seed6_rigid31_1.dat
shape =  (3, 945)
945
loading  /home/jasencakova/dataset/cells/priamy_kanal/sim_2xKSin1_DE_hct15_seed6_rigid31_1/rbc28_sim_2xKSin1_DE_hct15_seed6_rigid31_1.dat
shape =  (3, 945)
945
loading  /home/jasencakova/dataset/cells/priamy_kanal/sim_2xKSin1_DE_hct15_seed6_rigid31_1/rbc29_sim_2xKSin1_DE_hct15_seed6_rigid31_1.dat
shape =  (3, 945)
945
loading  /home/jasencakova/dataset/cells/priamy_kanal/sim_2xKSin1_DE_hct15_seed6_rigid31_1/rbc30_sim_2xKSin1_DE_hct15_seed6_rigid31_1.dat
shape =  (3, 945)
945
loading  /home/jasencakova/dataset/cells/priamy_kanal/sim_2xKSin1_DE_hct15_seed6_rigid31_1/rbc31_sim_2xKSin1_DE_hct15_seed6_rigid31_1.dat
shape =  (3, 945)
945
loading  /home/jasencakova/dataset/cells/priamy_kanal/sim_2xKSin1_DE_hct15_seed6_rigid31_1/rbc32_sim_2xKSin1_DE_hct15_seed6_rigid31_1.dat
shape =  (3, 945)
945
loading  /home/jasencakova/dataset/cells/priamy_kanal/sim_2xKSin1_DE_hct15_seed6_rigid31_1/rbc33_sim_2xKSin1_DE_hct15_seed6_rigid31_1.dat
shape =  (3, 945)
945
loading  /home/jasencakova/dataset/cells/priamy_kanal/sim_2xKSin1_DE_hct15_seed6_rigid31_1/rbc34_sim_2xKSin1_DE_hct15_seed6_rigid31_1.dat
shape =  (3, 945)
945
loading  /home/jasencakova/dataset/cells/priamy_kanal/sim_2xKSin1_DE_hct15_seed6_rigid31_1/rbc35_sim_2xKSin1_DE_hct15_seed6_rigid31_1.dat
shape =  (3, 945)
945
loading  /home/jasencakova/dataset/cells/priamy_kanal/sim_2xKSin1_DE_hct15_seed6_rigid31_1/rbc36_sim_2xKSin1_DE_hct15_seed6_rigid31_1.dat
shape =  (3, 945)
945
loading  /home/jasencakova/dataset/cells/priamy_kanal/sim_2xKSin1_DE_hct15_seed6_rigid31_1/rbc37_sim_2xKSin1_DE_hct15_seed6_rigid31_1.dat
shape =  (3, 945)
945
loading  /home/jasencakova/dataset/cells/priamy_kanal/sim_2xKSin1_DE_hct15_seed6_rigid31_1/rbc38_sim_2xKSin1_DE_hct15_seed6_rigid31_1.dat
shape =  (3, 945)
945
loading  /home/jasencakova/dataset/cells/priamy_kanal/sim_2xKSin1_DE_hct15_seed6_rigid31_1/rbc39_sim_2xKSin1_DE_hct15_seed6_rigid31_1.dat
shape =  (3, 945)
945
loading  /home/jasencakova/dataset/cells/priamy_kanal/sim_2xKSin1_DE_hct15_seed6_rigid31_1/rbc40_sim_2xKSin1_DE_hct15_seed6_rigid31_1.dat
shape =  (3, 945)
945
loading  /home/jasencakova/dataset/cells/priamy_kanal/sim_2xKSin1_DE_hct15_seed6_rigid31_1/rbc41_sim_2xKSin1_DE_hct15_seed6_rigid31_1.dat
shape =  (3, 945)
945
loading  /home/jasencakova/dataset/cells/priamy_kanal/sim_2xKSin1_DE_hct15_seed6_rigid31_1/rbc42_sim_2xKSin1_DE_hct15_seed6_rigid31_1.dat
shape =  (3, 945)
945
loading  /home/jasencakova/dataset/cells/priamy_kanal/sim_2xKSin1_DE_hct15_seed6_rigid31_1/rbc43_sim_2xKSin1_DE_hct15_seed6_rigid31_1.dat
shape =  (3, 945)
945
loading  /home/jasencakova/dataset/cells/priamy_kanal/sim_2xKSin1_DE_hct15_seed6_rigid31_1/rbc44_sim_2xKSin1_DE_hct15_seed6_rigid31_1.dat
shape =  (3, 945)
945
loading  /home/jasencakova/dataset/cells/priamy_kanal/sim_2xKSin1_DE_hct15_seed6_rigid31_1/rbc45_sim_2xKSin1_DE_hct15_seed6_rigid31_1.dat
shape =  (3, 945)
945
loading  /home/jasencakova/dataset/cells/priamy_kanal/sim_2xKSin1_DE_hct15_seed6_rigid31_1/rbc46_sim_2xKSin1_DE_hct15_seed6_rigid31_1.dat
shape =  (3, 945)
945
loading  /home/jasencakova/dataset/cells/priamy_kanal/sim_2xKSin1_DE_hct15_seed6_rigid31_1/rbc47_sim_2xKSin1_DE_hct15_seed6_rigid31_1.dat
shape =  (3, 945)
945
loading  /home/jasencakova/dataset/cells/priamy_kanal/sim_2xKSin1_DE_hct15_seed6_rigid31_1/rbc48_sim_2xKSin1_DE_hct15_seed6_rigid31_1.dat
shape =  (3, 945)
945
loading  /home/jasencakova/dataset/cells/priamy_kanal/sim_2xKSin1_DE_hct15_seed6_rigid31_1/rbc49_sim_2xKSin1_DE_hct15_seed6_rigid31_1.dat
shape =  (3, 945)
945
loading  /home/jasencakova/dataset/cells/priamy_kanal/sim_2xKSin1_DE_hct15_seed6_rigid31_1/rbc50_sim_2xKSin1_DE_hct15_seed6_rigid31_1.dat
shape =  (3, 945)
945
loading  /home/jasencakova/dataset/cells/priamy_kanal/sim_2xKSin1_DE_hct15_seed6_rigid31_1/rbc51_sim_2xKSin1_DE_hct15_seed6_rigid31_1.dat
shape =  (3, 945)
945
loading  /home/jasencakova/dataset/cells/priamy_kanal/sim_2xKSin1_DE_hct15_seed6_rigid31_1/rbc52_sim_2xKSin1_DE_hct15_seed6_rigid31_1.dat
shape =  (3, 945)
945
loading  /home/jasencakova/dataset/cells/priamy_kanal/sim_2xKSin1_DE_hct15_seed6_rigid31_1/rbc53_sim_2xKSin1_DE_hct15_seed6_rigid31_1.dat
shape =  (3, 945)
945
loading  /home/jasencakova/dataset/cells/priamy_kanal/sim_2xKSin1_DE_hct15_seed6_rigid31_1/rbc54_sim_2xKSin1_DE_hct15_seed6_rigid31_1.dat
shape =  (3, 945)
945
loading  /home/jasencakova/dataset/cells/priamy_kanal/sim_2xKSin1_DE_hct15_seed6_rigid31_1/rbc55_sim_2xKSin1_DE_hct15_seed6_rigid31_1.dat
shape =  (3, 945)
945
loading  /home/jasencakova/dataset/cells/priamy_kanal/sim_2xKSin1_DE_hct15_seed6_rigid31_1/rbc56_sim_2xKSin1_DE_hct15_seed6_rigid31_1.dat
shape =  (3, 945)
945
loading  /home/jasencakova/dataset/cells/priamy_kanal/sim_2xKSin1_DE_hct15_seed6_rigid31_1/rbc57_sim_2xKSin1_DE_hct15_seed6_rigid31_1.dat
shape =  (3, 945)
945
loading  /home/jasencakova/dataset/cells/priamy_kanal/sim_2xKSin1_DE_hct15_seed6_rigid31_1/rbc58_sim_2xKSin1_DE_hct15_seed6_rigid31_1.dat
shape =  (3, 945)
945
loading  /home/jasencakova/dataset/cells/priamy_kanal/sim_2xKSin1_DE_hct15_seed6_rigid31_1/rbc59_sim_2xKSin1_DE_hct15_seed6_rigid31_1.dat
shape =  (3, 945)
945
loading  /home/jasencakova/dataset/cells/priamy_kanal/sim_2xKSin1_DE_hct15_seed6_rigid31_1/rbc60_sim_2xKSin1_DE_hct15_seed6_rigid31_1.dat
shape =  (3, 945)
945
loading  /home/jasencakova/dataset/cells/priamy_kanal/sim_2xKSin1_DE_hct15_seed6_rigid31_1/rbc61_sim_2xKSin1_DE_hct15_seed6_rigid31_1.dat
shape =  (3, 945)
945
loading  /home/jasencakova/dataset/cells/priamy_kanal/sim_2xKSin1_DE_hct15_seed6_rigid31_1/rbc62_sim_2xKSin1_DE_hct15_seed6_rigid31_1.dat
shape =  (3, 945)
945
loading  /home/jasencakova/dataset/cells/priamy_kanal/sim_2xKSin1_DE_hct15_seed6_rigid31_1/rbc63_sim_2xKSin1_DE_hct15_seed6_rigid31_1.dat
shape =  (3, 945)
945
loading  /home/jasencakova/dataset/cells/priamy_kanal/sim_2xKSin1_DE_hct15_seed6_rigid31_1/rbc64_sim_2xKSin1_DE_hct15_seed6_rigid31_1.dat
shape =  (3, 945)
945
loading  /home/jasencakova/dataset/cells/priamy_kanal/sim_2xKSin1_DE_hct15_seed6_rigid31_1/rbc65_sim_2xKSin1_DE_hct15_seed6_rigid31_1.dat
shape =  (3, 945)
945
loading  /home/jasencakova/dataset/cells/priamy_kanal/sim_2xKSin1_DE_hct15_seed6_rigid31_1/rbc66_sim_2xKSin1_DE_hct15_seed6_rigid31_1.dat
shape =  (3, 945)
945
loading  /home/jasencakova/dataset/cells/priamy_kanal/sim_2xKSin1_DE_hct15_seed6_rigid31_1/rbc67_sim_2xKSin1_DE_hct15_seed6_rigid31_1.dat
shape =  (3, 945)
945
loading  /home/jasencakova/dataset/cells/priamy_kanal/sim_2xKSin1_DE_hct15_seed6_rigid31_1/rbc68_sim_2xKSin1_DE_hct15_seed6_rigid31_1.dat
shape =  (3, 945)
945
loading  /home/jasencakova/dataset/cells/priamy_kanal/sim_2xKSin1_DE_hct15_seed6_rigid31_1/rbc69_sim_2xKSin1_DE_hct15_seed6_rigid31_1.dat
shape =  (3, 945)
945
loading  /home/jasencakova/dataset/cells/priamy_kanal/sim_2xKSin1_DE_hct15_seed6_rigid31_1/rbc70_sim_2xKSin1_DE_hct15_seed6_rigid31_1.dat
shape =  (3, 945)
945
loading  /home/jasencakova/dataset/cells/priamy_kanal/sim_2xKSin1_DE_hct15_seed6_rigid31_1/rbc71_sim_2xKSin1_DE_hct15_seed6_rigid31_1.dat
shape =  (3, 945)
945
loading  /home/jasencakova/dataset/cells/priamy_kanal/sim_2xKSin1_DE_hct15_seed6_rigid31_1/rbc72_sim_2xKSin1_DE_hct15_seed6_rigid31_1.dat
shape =  (3, 945)
945
loading  /home/jasencakova/dataset/cells/priamy_kanal/sim_2xKSin1_DE_hct15_seed6_rigid31_1/rbc73_sim_2xKSin1_DE_hct15_seed6_rigid31_1.dat
shape =  (3, 945)
945
loading  /home/jasencakova/dataset/cells/priamy_kanal/sim_2xKSin1_DE_hct15_seed6_rigid31_1/rbc74_sim_2xKSin1_DE_hct15_seed6_rigid31_1.dat
shape =  (3, 945)
945
loading  /home/jasencakova/dataset/cells/priamy_kanal/sim_2xKSin1_DE_hct15_seed6_rigid31_1/rbc75_sim_2xKSin1_DE_hct15_seed6_rigid31_1.dat
shape =  (3, 945)
945
loading  /home/jasencakova/dataset/cells/priamy_kanal/sim_2xKSin1_DE_hct15_seed6_rigid31_1/rbc76_sim_2xKSin1_DE_hct15_seed6_rigid31_1.dat
shape =  (3, 945)
945
loading  /home/jasencakova/dataset/cells/priamy_kanal/sim_2xKSin1_DE_hct15_seed6_rigid31_1/rbc77_sim_2xKSin1_DE_hct15_seed6_rigid31_1.dat
shape =  (3, 945)
945
loading  /home/jasencakova/dataset/cells/priamy_kanal/sim_2xKSin1_DE_hct15_seed6_rigid31_1/rbc78_sim_2xKSin1_DE_hct15_seed6_rigid31_1.dat
shape =  (3, 945)
945
loading  /home/jasencakova/dataset/cells/priamy_kanal/sim_2xKSin1_DE_hct15_seed6_rigid31_1/rbc79_sim_2xKSin1_DE_hct15_seed6_rigid31_1.dat
shape =  (3, 945)
945
loading  /home/jasencakova/dataset/cells/priamy_kanal/sim_2xKSin1_DE_hct15_seed6_rigid31_1/rbc80_sim_2xKSin1_DE_hct15_seed6_rigid31_1.dat
shape =  (3, 945)
945
loading  /home/jasencakova/dataset/cells/priamy_kanal/sim_2xKSin1_DE_hct15_seed6_rigid31_1/rbc81_sim_2xKSin1_DE_hct15_seed6_rigid31_1.dat
shape =  (3, 945)
945
loading  /home/jasencakova/dataset/cells/priamy_kanal/sim_2xKSin1_DE_hct15_seed6_rigid31_1/rbc82_sim_2xKSin1_DE_hct15_seed6_rigid31_1.dat
shape =  (3, 945)
945
loading  /home/jasencakova/dataset/cells/priamy_kanal/sim_2xKSin1_DE_hct15_seed6_rigid31_1/rbc83_sim_2xKSin1_DE_hct15_seed6_rigid31_1.dat
shape =  (3, 945)
945
loading  /home/jasencakova/dataset/cells/priamy_kanal/sim_2xKSin1_DE_hct15_seed6_rigid31_1/rbc84_sim_2xKSin1_DE_hct15_seed6_rigid31_1.dat
shape =  (3, 945)
945
loading  /home/jasencakova/dataset/cells/priamy_kanal/sim_2xKSin1_DE_hct15_seed6_rigid31_1/rbc85_sim_2xKSin1_DE_hct15_seed6_rigid31_1.dat
shape =  (3, 945)
945
loading  /home/jasencakova/dataset/cells/priamy_kanal/sim_2xKSin1_DE_hct15_seed6_rigid31_1/rbc86_sim_2xKSin1_DE_hct15_seed6_rigid31_1.dat
shape =  (3, 945)
945
loading  /home/jasencakova/dataset/cells/priamy_kanal/sim_2xKSin1_DE_hct15_seed6_rigid31_1/rbc87_sim_2xKSin1_DE_hct15_seed6_rigid31_1.dat
shape =  (3, 945)
945
loading  /home/jasencakova/dataset/cells/priamy_kanal/sim_2xKSin1_DE_hct15_seed6_rigid31_1/rbc88_sim_2xKSin1_DE_hct15_seed6_rigid31_1.dat
shape =  (3, 945)
945
loading  /home/jasencakova/dataset/cells/priamy_kanal/sim_2xKSin1_DE_hct15_seed6_rigid31_1/rbc89_sim_2xKSin1_DE_hct15_seed6_rigid31_1.dat
shape =  (3, 945)
945
loading  /home/jasencakova/dataset/cells/priamy_kanal/sim_2xKSin1_DE_hct15_seed6_rigid31_1/rbc90_sim_2xKSin1_DE_hct15_seed6_rigid31_1.dat
shape =  (3, 945)
945
loading  /home/jasencakova/dataset/cells/priamy_kanal/sim_2xKSin1_DE_hct15_seed6_rigid31_1/rbc91_sim_2xKSin1_DE_hct15_seed6_rigid31_1.dat
shape =  (3, 945)
945
loading  /home/jasencakova/dataset/cells/priamy_kanal/sim_2xKSin1_DE_hct15_seed6_rigid31_1/rbc92_sim_2xKSin1_DE_hct15_seed6_rigid31_1.dat
shape =  (3, 945)
945
loading  /home/jasencakova/dataset/cells/priamy_kanal/sim_2xKSin1_DE_hct15_seed6_rigid31_1/rbc93_sim_2xKSin1_DE_hct15_seed6_rigid31_1.dat
shape =  (3, 945)
945
loading  /home/jasencakova/dataset/cells/priamy_kanal/sim_2xKSin1_DE_hct15_seed6_rigid31_1/rbc94_sim_2xKSin1_DE_hct15_seed6_rigid31_1.dat
shape =  (3, 945)
945
loading  /home/jasencakova/dataset/cells/priamy_kanal/sim_2xKSin1_DE_hct15_seed6_rigid31_1/rbc95_sim_2xKSin1_DE_hct15_seed6_rigid31_1.dat
shape =  (3, 945)
945
loading  /home/jasencakova/dataset/cells/priamy_kanal/sim_2xKSin1_DE_hct15_seed6_rigid31_1/rbc96_sim_2xKSin1_DE_hct15_seed6_rigid31_1.dat
shape =  (3, 945)
945
loading  /home/jasencakova/dataset/cells/priamy_kanal/sim_2xKSin1_DE_hct15_seed6_rigid31_1/rbc97_sim_2xKSin1_DE_hct15_seed6_rigid31_1.dat
shape =  (3, 945)
945
loading  /home/jasencakova/dataset/cells/priamy_kanal/sim_2xKSin1_DE_hct15_seed6_rigid31_1/rbc98_sim_2xKSin1_DE_hct15_seed6_rigid31_1.dat
shape =  (3, 945)
945
loading  /home/jasencakova/dataset/cells/priamy_kanal/sim_2xKSin1_DE_hct15_seed6_rigid31_1/rbc99_sim_2xKSin1_DE_hct15_seed6_rigid31_1.dat
shape =  (3, 945)
945
loading  /home/jasencakova/dataset/cells/priamy_kanal/sim_2xKSin1_DE_hct15_seed6_rigid31_1/rbc100_sim_2xKSin1_DE_hct15_seed6_rigid31_1.dat
shape =  (3, 945)
945
loading  /home/jasencakova/dataset/cells/priamy_kanal/sim_2xKSin1_DE_hct15_seed6_rigid31_1/rbc101_sim_2xKSin1_DE_hct15_seed6_rigid31_1.dat
shape =  (3, 945)
945
loading  /home/jasencakova/dataset/cells/priamy_kanal/sim_2xKSin1_DE_hct15_seed6_rigid31_1/rbc102_sim_2xKSin1_DE_hct15_seed6_rigid31_1.dat
shape =  (3, 945)
945
loading  /home/jasencakova/dataset/cells/priamy_kanal/sim_2xKSin1_DE_hct15_seed6_rigid31_1/rbc103_sim_2xKSin1_DE_hct15_seed6_rigid31_1.dat
shape =  (3, 945)
945
loading  /home/jasencakova/dataset/cells/priamy_kanal/sim_2xKSin1_DE_hct15_seed6_rigid31_1/rbc104_sim_2xKSin1_DE_hct15_seed6_rigid31_1.dat
shape =  (3, 945)
945
loading  /home/jasencakova/dataset/cells/priamy_kanal/sim_2xKSin1_DE_hct15_seed6_rigid31_1/rbc105_sim_2xKSin1_DE_hct15_seed6_rigid31_1.dat
shape =  (3, 945)
945
loading  /home/jasencakova/dataset/cells/priamy_kanal/sim_2xKSin1_DE_hct15_seed6_rigid31_1/rbc106_sim_2xKSin1_DE_hct15_seed6_rigid31_1.dat
shape =  (3, 945)
945
loading  /home/jasencakova/dataset/cells/priamy_kanal/sim_2xKSin1_DE_hct15_seed6_rigid31_1/rbc107_sim_2xKSin1_DE_hct15_seed6_rigid31_1.dat
shape =  (3, 945)
945
loading  /home/jasencakova/dataset/cells/priamy_kanal/sim_2xKSin1_DE_hct15_seed6_rigid31_1/rbc108_sim_2xKSin1_DE_hct15_seed6_rigid31_1.dat
shape =  (3, 945)
945
loading  /home/jasencakova/dataset/cells/priamy_kanal/sim_2xKSin1_DE_hct15_seed6_rigid31_1/rbc109_sim_2xKSin1_DE_hct15_seed6_rigid31_1.dat
shape =  (3, 945)
945
loading  /home/jasencakova/dataset/cells/priamy_kanal/sim_2xKSin1_DE_hct15_seed6_rigid31_1/rbc110_sim_2xKSin1_DE_hct15_seed6_rigid31_1.dat
shape =  (3, 945)
945
loading  /home/jasencakova/dataset/cells/priamy_kanal/sim_2xKSin1_DE_hct15_seed6_rigid31_1/rbc111_sim_2xKSin1_DE_hct15_seed6_rigid31_1.dat
shape =  (3, 945)
945
loading  /home/jasencakova/dataset/cells/priamy_kanal/sim_2xKSin1_DE_hct15_seed6_rigid31_1/rbc112_sim_2xKSin1_DE_hct15_seed6_rigid31_1.dat
shape =  (3, 945)
945
loading  /home/jasencakova/dataset/cells/priamy_kanal/sim_2xKSin1_DE_hct15_seed6_rigid31_1/rbc113_sim_2xKSin1_DE_hct15_seed6_rigid31_1.dat
shape =  (3, 945)
945
loading  /home/jasencakova/dataset/cells/priamy_kanal/sim_2xKSin1_DE_hct15_seed6_rigid31_1/rbc114_sim_2xKSin1_DE_hct15_seed6_rigid31_1.dat
shape =  (3, 945)
945
loading  /home/jasencakova/dataset/cells/priamy_kanal/sim_2xKSin1_DE_hct15_seed6_rigid31_1/rbc115_sim_2xKSin1_DE_hct15_seed6_rigid31_1.dat
shape =  (3, 945)
945
loading  /home/jasencakova/dataset/cells/priamy_kanal/sim_2xKSin1_DE_hct15_seed6_rigid31_1/rbc116_sim_2xKSin1_DE_hct15_seed6_rigid31_1.dat
shape =  (3, 945)
945
loading  /home/jasencakova/dataset/cells/priamy_kanal/sim_2xKSin1_DE_hct15_seed6_rigid31_1/rbc117_sim_2xKSin1_DE_hct15_seed6_rigid31_1.dat
shape =  (3, 945)
945
loading  /home/jasencakova/dataset/cells/priamy_kanal/sim_2xKSin1_DE_hct15_seed6_rigid31_1/rbc118_sim_2xKSin1_DE_hct15_seed6_rigid31_1.dat
shape =  (3, 945)
945
loading  /home/jasencakova/dataset/cells/priamy_kanal/sim_2xKSin1_DE_hct15_seed6_rigid31_1/rbc119_sim_2xKSin1_DE_hct15_seed6_rigid31_1.dat
shape =  (3, 945)
945
loading  /home/jasencakova/dataset/cells/priamy_kanal/sim_2xKSin1_DE_hct15_seed6_rigid31_1/rbc120_sim_2xKSin1_DE_hct15_seed6_rigid31_1.dat
shape =  (3, 945)
945
loading  /home/jasencakova/dataset/cells/priamy_kanal/sim_2xKSin1_DE_hct15_seed6_rigid31_1/rbc121_sim_2xKSin1_DE_hct15_seed6_rigid31_1.dat
shape =  (3, 945)
945
loading  /home/jasencakova/dataset/cells/priamy_kanal/sim_2xKSin1_DE_hct15_seed6_rigid31_1/rbc122_sim_2xKSin1_DE_hct15_seed6_rigid31_1.dat
shape =  (3, 945)
945
loading  /home/jasencakova/dataset/cells/priamy_kanal/sim_2xKSin1_DE_hct15_seed6_rigid31_1/rbc123_sim_2xKSin1_DE_hct15_seed6_rigid31_1.dat
shape =  (3, 945)
945
loading  /home/jasencakova/dataset/cells/priamy_kanal/sim_2xKSin1_DE_hct15_seed6_rigid31_1/rbc124_sim_2xKSin1_DE_hct15_seed6_rigid31_1.dat
shape =  (3, 945)
945
loading  /home/jasencakova/dataset/cells/priamy_kanal/sim_2xKSin1_DE_hct15_seed6_rigid31_1/rbc125_sim_2xKSin1_DE_hct15_seed6_rigid31_1.dat
shape =  (3, 945)
945
loading  /home/jasencakova/dataset/cells/priamy_kanal/sim_2xKSin1_DE_hct15_seed6_rigid31_1/rbc126_sim_2xKSin1_DE_hct15_seed6_rigid31_1.dat
shape =  (3, 945)
945
loading  /home/jasencakova/dataset/cells/priamy_kanal/sim_2xKSin1_DE_hct15_seed6_rigid31_1/rbc127_sim_2xKSin1_DE_hct15_seed6_rigid31_1.dat
shape =  (3, 945)
945
loading  /home/jasencakova/dataset/cells/priamy_kanal/sim_2xKSin1_DE_hct15_seed6_rigid31_1/rbc128_sim_2xKSin1_DE_hct15_seed6_rigid31_1.dat
shape =  (3, 945)
945
loading  /home/jasencakova/dataset/cells/priamy_kanal/sim_2xKSin1_DE_hct15_seed6_rigid31_1/rbc129_sim_2xKSin1_DE_hct15_seed6_rigid31_1.dat
shape =  (3, 945)
945
loading  /home/jasencakova/dataset/cells/priamy_kanal/sim_2xKSin1_DE_hct15_seed6_rigid31_1/rbc130_sim_2xKSin1_DE_hct15_seed6_rigid31_1.dat
shape =  (3, 945)
945
loading  /home/jasencakova/dataset/cells/priamy_kanal/sim_2xKSin1_DE_hct15_seed6_rigid31_1/rbc131_sim_2xKSin1_DE_hct15_seed6_rigid31_1.dat
shape =  (3, 945)
945
loading  /home/jasencakova/dataset/cells/priamy_kanal/sim_2xKSin1_DE_hct15_seed6_rigid31_1/rbc132_sim_2xKSin1_DE_hct15_seed6_rigid31_1.dat
shape =  (3, 945)
945
loading  /home/jasencakova/dataset/cells/priamy_kanal/sim_2xKSin1_DE_hct15_seed6_rigid31_1/rbc133_sim_2xKSin1_DE_hct15_seed6_rigid31_1.dat
shape =  (3, 945)
945
loading  /home/jasencakova/dataset/cells/priamy_kanal/sim_2xKSin1_DE_hct15_seed6_rigid31_1/rbc134_sim_2xKSin1_DE_hct15_seed6_rigid31_1.dat
shape =  (3, 945)
945
loading  /home/jasencakova/dataset/cells/priamy_kanal/sim_2xKSin1_DE_hct15_seed6_rigid31_1/rbc135_sim_2xKSin1_DE_hct15_seed6_rigid31_1.dat
shape =  (3, 945)
945
loading  /home/jasencakova/dataset/cells/priamy_kanal/sim_2xKSin1_DE_hct15_seed6_rigid31_1/rbc136_sim_2xKSin1_DE_hct15_seed6_rigid31_1.dat
shape =  (3, 945)
945
loading  /home/jasencakova/dataset/cells/priamy_kanal/sim_2xKSin1_DE_hct15_seed6_rigid31_1/rbc137_sim_2xKSin1_DE_hct15_seed6_rigid31_1.dat
shape =  (3, 945)
945
loading  /home/jasencakova/dataset/cells/priamy_kanal/sim_2xKSin1_DE_hct15_seed6_rigid31_1/rbc138_sim_2xKSin1_DE_hct15_seed6_rigid31_1.dat
shape =  (3, 945)
945
loading  /home/jasencakova/dataset/cells/priamy_kanal/sim_2xKSin1_DE_hct15_seed6_rigid31_1/rbc139_sim_2xKSin1_DE_hct15_seed6_rigid31_1.dat
shape =  (3, 945)
945
loading  /home/jasencakova/dataset/cells/priamy_kanal/sim_2xKSin1_DE_hct15_seed6_rigid31_1/rbc140_sim_2xKSin1_DE_hct15_seed6_rigid31_1.dat
shape =  (3, 945)
945
loading  /home/jasencakova/dataset/cells/priamy_kanal/sim_2xKSin1_DE_hct15_seed6_rigid31_1/rbc141_sim_2xKSin1_DE_hct15_seed6_rigid31_1.dat
shape =  (3, 945)
945
loading  /home/jasencakova/dataset/cells/priamy_kanal/sim_2xKSin1_DE_hct15_seed6_rigid31_1/rbc142_sim_2xKSin1_DE_hct15_seed6_rigid31_1.dat
shape =  (3, 945)
945
loading  /home/jasencakova/dataset/cells/priamy_kanal/sim_2xKSin1_DE_hct15_seed6_rigid31_1/rbc143_sim_2xKSin1_DE_hct15_seed6_rigid31_1.dat
shape =  (3, 945)
945
loading  /home/jasencakova/dataset/cells/priamy_kanal/sim_2xKSin1_DE_hct15_seed6_rigid31_1/rbc144_sim_2xKSin1_DE_hct15_seed6_rigid31_1.dat
shape =  (3, 945)
945
loading  /home/jasencakova/dataset/cells/priamy_kanal/sim_2xKSin1_DE_hct15_seed6_rigid31_1/rbc145_sim_2xKSin1_DE_hct15_seed6_rigid31_1.dat
shape =  (3, 945)
945
loading  /home/jasencakova/dataset/cells/priamy_kanal/sim_2xKSin1_DE_hct15_seed6_rigid31_1/rbc146_sim_2xKSin1_DE_hct15_seed6_rigid31_1.dat
shape =  (3, 945)
945
loading  /home/jasencakova/dataset/cells/priamy_kanal/sim_2xKSin1_DE_hct15_seed6_rigid31_1/rbc147_sim_2xKSin1_DE_hct15_seed6_rigid31_1.dat
shape =  (3, 945)
945
loading  /home/jasencakova/dataset/cells/priamy_kanal/sim_2xKSin1_DE_hct15_seed6_rigid31_1/rbc148_sim_2xKSin1_DE_hct15_seed6_rigid31_1.dat
shape =  (3, 945)
945
loading  /home/jasencakova/dataset/cells/priamy_kanal/sim_2xKSin1_DE_hct15_seed6_rigid31_1/rbc149_sim_2xKSin1_DE_hct15_seed6_rigid31_1.dat
shape =  (3, 945)
945
loading  /home/jasencakova/dataset/cells/priamy_kanal/sim_2xKSin1_DE_hct15_seed6_rigid31_1/rbc150_sim_2xKSin1_DE_hct15_seed6_rigid31_1.dat
shape =  (3, 945)
945
loading  /home/jasencakova/dataset/cells/priamy_kanal/sim_2xKSin1_DE_hct15_seed6_rigid31_1/rbc151_sim_2xKSin1_DE_hct15_seed6_rigid31_1.dat
shape =  (3, 945)
945
loading  /home/jasencakova/dataset/cells/priamy_kanal/sim_2xKSin1_DE_hct15_seed6_rigid31_1/rbc152_sim_2xKSin1_DE_hct15_seed6_rigid31_1.dat
shape =  (3, 945)
945
loading  /home/jasencakova/dataset/cells/priamy_kanal/sim_2xKSin1_DE_hct15_seed6_rigid31_1/rbc153_sim_2xKSin1_DE_hct15_seed6_rigid31_1.dat
shape =  (3, 945)
945
shortest_length =  945
data_shape      =  (154, 945, 3)








dataset summary : 

training_dats shape    =  (154, 1402, 3)
testing_dats shape    =  (154, 945, 3)
training_count  =  21806708
testing_count   =  145530
channels_count  =  3
sequence_length =  128
classes_count   =   2
batch(32) tensor shape =  torch.Size([32, 3, 128]) torch.Size([32, 2])





model
Sequential(
  (0): Conv1d(3, 32, kernel_size=(3,), stride=(2,), padding=(1,))
  (1): ReLU()
  (2): Dropout(p=0.01, inplace=False)
  (3): Conv1d(32, 64, kernel_size=(3,), stride=(2,), padding=(1,))
  (4): ReLU()
  (5): Dropout(p=0.01, inplace=False)
  (6): Conv1d(64, 64, kernel_size=(3,), stride=(2,), padding=(1,))
  (7): ReLU()
  (8): Dropout(p=0.01, inplace=False)
  (9): Conv1d(64, 128, kernel_size=(3,), stride=(2,), padding=(1,))
  (10): ReLU()
  (11): Dropout(p=0.01, inplace=False)
  (12): Flatten()
  (13): Linear(in_features=1024, out_features=2, bias=True)
)



0 87.95954830335864 80.4220672231986 0.10566119 0.19694807 0.016322605 0.023811951 102.13 





=================================================
new best net in 0
TRAINING result
accuracy   = 87.96 [%]
hit_count  = 19181205
miss_count = 2625643

class_accuracy = 97.975%   48.176%   


confusion_matrix = 
17068361	 2272874	 
352769	 2112844	 



TESTING result
accuracy   = 80.422 [%]
hit_count  = 117146
miss_count = 28518

class_accuracy = 99.968%   2.073%   


confusion_matrix = 
116543	 28482	 
36	 603	 




1 90.18245552956576 80.24494727592267 0.09170573 0.17676127 0.01325708 0.020198198 101.25 

2 90.72277203931536 80.24700681019333 0.08492966 0.16949852 0.01288872 0.019142173 100.33 

3 91.0668107559607 80.30124121265378 0.08027627 0.17243996 0.012604924 0.018854644 99.38 

4 91.38774663812028 80.06508128295255 0.075957194 0.17930426 0.012472543 0.019463757 98.45 

5 91.60958520919667 79.74791300527241 0.072653666 0.18644868 0.012504186 0.020786457 97.51 

6 91.74935781640703 80.26416959578208 0.070953995 0.1805267 0.012471616 0.019860327 96.56 

7 91.83333143790428 79.88590180140598 0.06992596 0.18507694 0.012429572 0.019656122 95.59 

8 91.9007460408767 80.01016036906854 0.06915992 0.18743621 0.012341756 0.019783076 94.68 

9 91.93749137885493 79.96553712653778 0.06868368 0.18640254 0.01233451 0.020798689 93.75 

10 91.98286244761279 79.92434644112478 0.06820605 0.18986017 0.0122417845 0.019033978 92.8 

11 92.03595127548924 80.21542728471002 0.06771406 0.189705 0.012188599 0.019522045 91.85 

12 92.08955828921263 80.24975285588752 0.06724999 0.18535374 0.012160936 0.018330883 90.88 

13 92.15269900537666 80.23053053602811 0.06674704 0.18896882 0.012060555 0.019216381 89.6 

14 92.28219043852647 79.97652130931459 0.0659039 0.1886449 0.011966678 0.018939376 85.56 

15 92.57784985707242 79.81381810193322 0.064158484 0.17695744 0.011780937 0.016055956 81.64 

16 93.12428829696066 68.55434424428823 0.05955795 0.2149174 0.011125309 0.013818482 78.06 

17 93.57588955542772 51.271419156414765 0.05505528 0.42148978 0.010194443 0.03122323 74.83 

18 94.0462463901248 41.10693101933216 0.050921872 0.87340015 0.009531194 0.070060365 71.82 

19 94.79816615404482 38.44463971880492 0.044963513 1.4217148 0.008555276 0.12554389 69.12 

20 95.7604372718148 37.12791080843585 0.038267687 1.9666182 0.0072834054 0.17727025 66.61 

21 96.63648776751229 39.13595672231986 0.032749202 1.7880777 0.00609288 0.174841 64.23 

22 97.32329495762065 40.306458699472756 0.028599422 1.6586622 0.0052583157 0.16749068 62.06 

23 97.86915101164551 42.16484512302285 0.02526775 1.5042647 0.004582156 0.1513736 60.25 

24 98.28187916016107 43.36006151142355 0.022675943 1.3760506 0.0040655523 0.14162306 58.55 

25 98.59558795475623 42.541739894551846 0.020598082 1.4783657 0.0036797267 0.15384197 56.97 
