loading  /home/jasencakova/dataset/cells/priamy_kanal/sim_2xKSin1_DE_hct15_seed4_rigid31_7_from1204000cy/rbc0_sim_2xKSin1_DE_hct15_seed4_rigid31_7_from1204000cy.dat
shape =  (8, 1402)
1402
loading  /home/jasencakova/dataset/cells/priamy_kanal/sim_2xKSin1_DE_hct15_seed4_rigid31_7_from1204000cy/rbc1_sim_2xKSin1_DE_hct15_seed4_rigid31_7_from1204000cy.dat
shape =  (8, 1402)
1402
loading  /home/jasencakova/dataset/cells/priamy_kanal/sim_2xKSin1_DE_hct15_seed4_rigid31_7_from1204000cy/rbc2_sim_2xKSin1_DE_hct15_seed4_rigid31_7_from1204000cy.dat
shape =  (8, 1402)
1402
loading  /home/jasencakova/dataset/cells/priamy_kanal/sim_2xKSin1_DE_hct15_seed4_rigid31_7_from1204000cy/rbc3_sim_2xKSin1_DE_hct15_seed4_rigid31_7_from1204000cy.dat
shape =  (8, 1402)
1402
loading  /home/jasencakova/dataset/cells/priamy_kanal/sim_2xKSin1_DE_hct15_seed4_rigid31_7_from1204000cy/rbc4_sim_2xKSin1_DE_hct15_seed4_rigid31_7_from1204000cy.dat
shape =  (8, 1402)
1402
loading  /home/jasencakova/dataset/cells/priamy_kanal/sim_2xKSin1_DE_hct15_seed4_rigid31_7_from1204000cy/rbc5_sim_2xKSin1_DE_hct15_seed4_rigid31_7_from1204000cy.dat
shape =  (8, 1402)
1402
loading  /home/jasencakova/dataset/cells/priamy_kanal/sim_2xKSin1_DE_hct15_seed4_rigid31_7_from1204000cy/rbc6_sim_2xKSin1_DE_hct15_seed4_rigid31_7_from1204000cy.dat
shape =  (8, 1402)
1402
loading  /home/jasencakova/dataset/cells/priamy_kanal/sim_2xKSin1_DE_hct15_seed4_rigid31_7_from1204000cy/rbc7_sim_2xKSin1_DE_hct15_seed4_rigid31_7_from1204000cy.dat
shape =  (8, 1402)
1402
loading  /home/jasencakova/dataset/cells/priamy_kanal/sim_2xKSin1_DE_hct15_seed4_rigid31_7_from1204000cy/rbc8_sim_2xKSin1_DE_hct15_seed4_rigid31_7_from1204000cy.dat
shape =  (8, 1402)
1402
loading  /home/jasencakova/dataset/cells/priamy_kanal/sim_2xKSin1_DE_hct15_seed4_rigid31_7_from1204000cy/rbc9_sim_2xKSin1_DE_hct15_seed4_rigid31_7_from1204000cy.dat
shape =  (8, 1402)
1402
loading  /home/jasencakova/dataset/cells/priamy_kanal/sim_2xKSin1_DE_hct15_seed4_rigid31_7_from1204000cy/rbc10_sim_2xKSin1_DE_hct15_seed4_rigid31_7_from1204000cy.dat
shape =  (8, 1402)
1402
loading  /home/jasencakova/dataset/cells/priamy_kanal/sim_2xKSin1_DE_hct15_seed4_rigid31_7_from1204000cy/rbc11_sim_2xKSin1_DE_hct15_seed4_rigid31_7_from1204000cy.dat
shape =  (8, 1402)
1402
loading  /home/jasencakova/dataset/cells/priamy_kanal/sim_2xKSin1_DE_hct15_seed4_rigid31_7_from1204000cy/rbc12_sim_2xKSin1_DE_hct15_seed4_rigid31_7_from1204000cy.dat
shape =  (8, 1402)
1402
loading  /home/jasencakova/dataset/cells/priamy_kanal/sim_2xKSin1_DE_hct15_seed4_rigid31_7_from1204000cy/rbc13_sim_2xKSin1_DE_hct15_seed4_rigid31_7_from1204000cy.dat
shape =  (8, 1402)
1402
loading  /home/jasencakova/dataset/cells/priamy_kanal/sim_2xKSin1_DE_hct15_seed4_rigid31_7_from1204000cy/rbc14_sim_2xKSin1_DE_hct15_seed4_rigid31_7_from1204000cy.dat
shape =  (8, 1402)
1402
loading  /home/jasencakova/dataset/cells/priamy_kanal/sim_2xKSin1_DE_hct15_seed4_rigid31_7_from1204000cy/rbc15_sim_2xKSin1_DE_hct15_seed4_rigid31_7_from1204000cy.dat
shape =  (8, 1402)
1402
loading  /home/jasencakova/dataset/cells/priamy_kanal/sim_2xKSin1_DE_hct15_seed4_rigid31_7_from1204000cy/rbc16_sim_2xKSin1_DE_hct15_seed4_rigid31_7_from1204000cy.dat
shape =  (8, 1402)
1402
loading  /home/jasencakova/dataset/cells/priamy_kanal/sim_2xKSin1_DE_hct15_seed4_rigid31_7_from1204000cy/rbc17_sim_2xKSin1_DE_hct15_seed4_rigid31_7_from1204000cy.dat
shape =  (8, 1402)
1402
loading  /home/jasencakova/dataset/cells/priamy_kanal/sim_2xKSin1_DE_hct15_seed4_rigid31_7_from1204000cy/rbc18_sim_2xKSin1_DE_hct15_seed4_rigid31_7_from1204000cy.dat
shape =  (8, 1402)
1402
loading  /home/jasencakova/dataset/cells/priamy_kanal/sim_2xKSin1_DE_hct15_seed4_rigid31_7_from1204000cy/rbc19_sim_2xKSin1_DE_hct15_seed4_rigid31_7_from1204000cy.dat
shape =  (8, 1402)
1402
loading  /home/jasencakova/dataset/cells/priamy_kanal/sim_2xKSin1_DE_hct15_seed4_rigid31_7_from1204000cy/rbc20_sim_2xKSin1_DE_hct15_seed4_rigid31_7_from1204000cy.dat
shape =  (8, 1402)
1402
loading  /home/jasencakova/dataset/cells/priamy_kanal/sim_2xKSin1_DE_hct15_seed4_rigid31_7_from1204000cy/rbc21_sim_2xKSin1_DE_hct15_seed4_rigid31_7_from1204000cy.dat
shape =  (8, 1402)
1402
loading  /home/jasencakova/dataset/cells/priamy_kanal/sim_2xKSin1_DE_hct15_seed4_rigid31_7_from1204000cy/rbc22_sim_2xKSin1_DE_hct15_seed4_rigid31_7_from1204000cy.dat
shape =  (8, 1402)
1402
loading  /home/jasencakova/dataset/cells/priamy_kanal/sim_2xKSin1_DE_hct15_seed4_rigid31_7_from1204000cy/rbc23_sim_2xKSin1_DE_hct15_seed4_rigid31_7_from1204000cy.dat
shape =  (8, 1402)
1402
loading  /home/jasencakova/dataset/cells/priamy_kanal/sim_2xKSin1_DE_hct15_seed4_rigid31_7_from1204000cy/rbc24_sim_2xKSin1_DE_hct15_seed4_rigid31_7_from1204000cy.dat
shape =  (8, 1402)
1402
loading  /home/jasencakova/dataset/cells/priamy_kanal/sim_2xKSin1_DE_hct15_seed4_rigid31_7_from1204000cy/rbc25_sim_2xKSin1_DE_hct15_seed4_rigid31_7_from1204000cy.dat
shape =  (8, 1402)
1402
loading  /home/jasencakova/dataset/cells/priamy_kanal/sim_2xKSin1_DE_hct15_seed4_rigid31_7_from1204000cy/rbc26_sim_2xKSin1_DE_hct15_seed4_rigid31_7_from1204000cy.dat
shape =  (8, 1402)
1402
loading  /home/jasencakova/dataset/cells/priamy_kanal/sim_2xKSin1_DE_hct15_seed4_rigid31_7_from1204000cy/rbc27_sim_2xKSin1_DE_hct15_seed4_rigid31_7_from1204000cy.dat
shape =  (8, 1402)
1402
loading  /home/jasencakova/dataset/cells/priamy_kanal/sim_2xKSin1_DE_hct15_seed4_rigid31_7_from1204000cy/rbc28_sim_2xKSin1_DE_hct15_seed4_rigid31_7_from1204000cy.dat
shape =  (8, 1402)
1402
loading  /home/jasencakova/dataset/cells/priamy_kanal/sim_2xKSin1_DE_hct15_seed4_rigid31_7_from1204000cy/rbc29_sim_2xKSin1_DE_hct15_seed4_rigid31_7_from1204000cy.dat
shape =  (8, 1402)
1402
loading  /home/jasencakova/dataset/cells/priamy_kanal/sim_2xKSin1_DE_hct15_seed4_rigid31_7_from1204000cy/rbc30_sim_2xKSin1_DE_hct15_seed4_rigid31_7_from1204000cy.dat
shape =  (8, 1402)
1402
loading  /home/jasencakova/dataset/cells/priamy_kanal/sim_2xKSin1_DE_hct15_seed4_rigid31_7_from1204000cy/rbc31_sim_2xKSin1_DE_hct15_seed4_rigid31_7_from1204000cy.dat
shape =  (8, 1402)
1402
loading  /home/jasencakova/dataset/cells/priamy_kanal/sim_2xKSin1_DE_hct15_seed4_rigid31_7_from1204000cy/rbc32_sim_2xKSin1_DE_hct15_seed4_rigid31_7_from1204000cy.dat
shape =  (8, 1402)
1402
loading  /home/jasencakova/dataset/cells/priamy_kanal/sim_2xKSin1_DE_hct15_seed4_rigid31_7_from1204000cy/rbc33_sim_2xKSin1_DE_hct15_seed4_rigid31_7_from1204000cy.dat
shape =  (8, 1402)
1402
loading  /home/jasencakova/dataset/cells/priamy_kanal/sim_2xKSin1_DE_hct15_seed4_rigid31_7_from1204000cy/rbc34_sim_2xKSin1_DE_hct15_seed4_rigid31_7_from1204000cy.dat
shape =  (8, 1402)
1402
loading  /home/jasencakova/dataset/cells/priamy_kanal/sim_2xKSin1_DE_hct15_seed4_rigid31_7_from1204000cy/rbc35_sim_2xKSin1_DE_hct15_seed4_rigid31_7_from1204000cy.dat
shape =  (8, 1402)
1402
loading  /home/jasencakova/dataset/cells/priamy_kanal/sim_2xKSin1_DE_hct15_seed4_rigid31_7_from1204000cy/rbc36_sim_2xKSin1_DE_hct15_seed4_rigid31_7_from1204000cy.dat
shape =  (8, 1402)
1402
loading  /home/jasencakova/dataset/cells/priamy_kanal/sim_2xKSin1_DE_hct15_seed4_rigid31_7_from1204000cy/rbc37_sim_2xKSin1_DE_hct15_seed4_rigid31_7_from1204000cy.dat
shape =  (8, 1402)
1402
loading  /home/jasencakova/dataset/cells/priamy_kanal/sim_2xKSin1_DE_hct15_seed4_rigid31_7_from1204000cy/rbc38_sim_2xKSin1_DE_hct15_seed4_rigid31_7_from1204000cy.dat
shape =  (8, 1402)
1402
loading  /home/jasencakova/dataset/cells/priamy_kanal/sim_2xKSin1_DE_hct15_seed4_rigid31_7_from1204000cy/rbc39_sim_2xKSin1_DE_hct15_seed4_rigid31_7_from1204000cy.dat
shape =  (8, 1402)
1402
loading  /home/jasencakova/dataset/cells/priamy_kanal/sim_2xKSin1_DE_hct15_seed4_rigid31_7_from1204000cy/rbc40_sim_2xKSin1_DE_hct15_seed4_rigid31_7_from1204000cy.dat
shape =  (8, 1402)
1402
loading  /home/jasencakova/dataset/cells/priamy_kanal/sim_2xKSin1_DE_hct15_seed4_rigid31_7_from1204000cy/rbc41_sim_2xKSin1_DE_hct15_seed4_rigid31_7_from1204000cy.dat
shape =  (8, 1402)
1402
loading  /home/jasencakova/dataset/cells/priamy_kanal/sim_2xKSin1_DE_hct15_seed4_rigid31_7_from1204000cy/rbc42_sim_2xKSin1_DE_hct15_seed4_rigid31_7_from1204000cy.dat
shape =  (8, 1402)
1402
loading  /home/jasencakova/dataset/cells/priamy_kanal/sim_2xKSin1_DE_hct15_seed4_rigid31_7_from1204000cy/rbc43_sim_2xKSin1_DE_hct15_seed4_rigid31_7_from1204000cy.dat
shape =  (8, 1402)
1402
loading  /home/jasencakova/dataset/cells/priamy_kanal/sim_2xKSin1_DE_hct15_seed4_rigid31_7_from1204000cy/rbc44_sim_2xKSin1_DE_hct15_seed4_rigid31_7_from1204000cy.dat
shape =  (8, 1402)
1402
loading  /home/jasencakova/dataset/cells/priamy_kanal/sim_2xKSin1_DE_hct15_seed4_rigid31_7_from1204000cy/rbc45_sim_2xKSin1_DE_hct15_seed4_rigid31_7_from1204000cy.dat
shape =  (8, 1402)
1402
loading  /home/jasencakova/dataset/cells/priamy_kanal/sim_2xKSin1_DE_hct15_seed4_rigid31_7_from1204000cy/rbc46_sim_2xKSin1_DE_hct15_seed4_rigid31_7_from1204000cy.dat
shape =  (8, 1402)
1402
loading  /home/jasencakova/dataset/cells/priamy_kanal/sim_2xKSin1_DE_hct15_seed4_rigid31_7_from1204000cy/rbc47_sim_2xKSin1_DE_hct15_seed4_rigid31_7_from1204000cy.dat
shape =  (8, 1402)
1402
loading  /home/jasencakova/dataset/cells/priamy_kanal/sim_2xKSin1_DE_hct15_seed4_rigid31_7_from1204000cy/rbc48_sim_2xKSin1_DE_hct15_seed4_rigid31_7_from1204000cy.dat
shape =  (8, 1402)
1402
loading  /home/jasencakova/dataset/cells/priamy_kanal/sim_2xKSin1_DE_hct15_seed4_rigid31_7_from1204000cy/rbc49_sim_2xKSin1_DE_hct15_seed4_rigid31_7_from1204000cy.dat
shape =  (8, 1402)
1402
loading  /home/jasencakova/dataset/cells/priamy_kanal/sim_2xKSin1_DE_hct15_seed4_rigid31_7_from1204000cy/rbc50_sim_2xKSin1_DE_hct15_seed4_rigid31_7_from1204000cy.dat
shape =  (8, 1402)
1402
loading  /home/jasencakova/dataset/cells/priamy_kanal/sim_2xKSin1_DE_hct15_seed4_rigid31_7_from1204000cy/rbc51_sim_2xKSin1_DE_hct15_seed4_rigid31_7_from1204000cy.dat
shape =  (8, 1402)
1402
loading  /home/jasencakova/dataset/cells/priamy_kanal/sim_2xKSin1_DE_hct15_seed4_rigid31_7_from1204000cy/rbc52_sim_2xKSin1_DE_hct15_seed4_rigid31_7_from1204000cy.dat
shape =  (8, 1402)
1402
loading  /home/jasencakova/dataset/cells/priamy_kanal/sim_2xKSin1_DE_hct15_seed4_rigid31_7_from1204000cy/rbc53_sim_2xKSin1_DE_hct15_seed4_rigid31_7_from1204000cy.dat
shape =  (8, 1402)
1402
loading  /home/jasencakova/dataset/cells/priamy_kanal/sim_2xKSin1_DE_hct15_seed4_rigid31_7_from1204000cy/rbc54_sim_2xKSin1_DE_hct15_seed4_rigid31_7_from1204000cy.dat
shape =  (8, 1402)
1402
loading  /home/jasencakova/dataset/cells/priamy_kanal/sim_2xKSin1_DE_hct15_seed4_rigid31_7_from1204000cy/rbc55_sim_2xKSin1_DE_hct15_seed4_rigid31_7_from1204000cy.dat
shape =  (8, 1402)
1402
loading  /home/jasencakova/dataset/cells/priamy_kanal/sim_2xKSin1_DE_hct15_seed4_rigid31_7_from1204000cy/rbc56_sim_2xKSin1_DE_hct15_seed4_rigid31_7_from1204000cy.dat
shape =  (8, 1402)
1402
loading  /home/jasencakova/dataset/cells/priamy_kanal/sim_2xKSin1_DE_hct15_seed4_rigid31_7_from1204000cy/rbc57_sim_2xKSin1_DE_hct15_seed4_rigid31_7_from1204000cy.dat
shape =  (8, 1402)
1402
loading  /home/jasencakova/dataset/cells/priamy_kanal/sim_2xKSin1_DE_hct15_seed4_rigid31_7_from1204000cy/rbc58_sim_2xKSin1_DE_hct15_seed4_rigid31_7_from1204000cy.dat
shape =  (8, 1402)
1402
loading  /home/jasencakova/dataset/cells/priamy_kanal/sim_2xKSin1_DE_hct15_seed4_rigid31_7_from1204000cy/rbc59_sim_2xKSin1_DE_hct15_seed4_rigid31_7_from1204000cy.dat
shape =  (8, 1402)
1402
loading  /home/jasencakova/dataset/cells/priamy_kanal/sim_2xKSin1_DE_hct15_seed4_rigid31_7_from1204000cy/rbc60_sim_2xKSin1_DE_hct15_seed4_rigid31_7_from1204000cy.dat
shape =  (8, 1402)
1402
loading  /home/jasencakova/dataset/cells/priamy_kanal/sim_2xKSin1_DE_hct15_seed4_rigid31_7_from1204000cy/rbc61_sim_2xKSin1_DE_hct15_seed4_rigid31_7_from1204000cy.dat
shape =  (8, 1402)
1402
loading  /home/jasencakova/dataset/cells/priamy_kanal/sim_2xKSin1_DE_hct15_seed4_rigid31_7_from1204000cy/rbc62_sim_2xKSin1_DE_hct15_seed4_rigid31_7_from1204000cy.dat
shape =  (8, 1402)
1402
loading  /home/jasencakova/dataset/cells/priamy_kanal/sim_2xKSin1_DE_hct15_seed4_rigid31_7_from1204000cy/rbc63_sim_2xKSin1_DE_hct15_seed4_rigid31_7_from1204000cy.dat
shape =  (8, 1402)
1402
loading  /home/jasencakova/dataset/cells/priamy_kanal/sim_2xKSin1_DE_hct15_seed4_rigid31_7_from1204000cy/rbc64_sim_2xKSin1_DE_hct15_seed4_rigid31_7_from1204000cy.dat
shape =  (8, 1402)
1402
loading  /home/jasencakova/dataset/cells/priamy_kanal/sim_2xKSin1_DE_hct15_seed4_rigid31_7_from1204000cy/rbc65_sim_2xKSin1_DE_hct15_seed4_rigid31_7_from1204000cy.dat
shape =  (8, 1402)
1402
loading  /home/jasencakova/dataset/cells/priamy_kanal/sim_2xKSin1_DE_hct15_seed4_rigid31_7_from1204000cy/rbc66_sim_2xKSin1_DE_hct15_seed4_rigid31_7_from1204000cy.dat
shape =  (8, 1402)
1402
loading  /home/jasencakova/dataset/cells/priamy_kanal/sim_2xKSin1_DE_hct15_seed4_rigid31_7_from1204000cy/rbc67_sim_2xKSin1_DE_hct15_seed4_rigid31_7_from1204000cy.dat
shape =  (8, 1402)
1402
loading  /home/jasencakova/dataset/cells/priamy_kanal/sim_2xKSin1_DE_hct15_seed4_rigid31_7_from1204000cy/rbc68_sim_2xKSin1_DE_hct15_seed4_rigid31_7_from1204000cy.dat
shape =  (8, 1402)
1402
loading  /home/jasencakova/dataset/cells/priamy_kanal/sim_2xKSin1_DE_hct15_seed4_rigid31_7_from1204000cy/rbc69_sim_2xKSin1_DE_hct15_seed4_rigid31_7_from1204000cy.dat
shape =  (8, 1402)
1402
loading  /home/jasencakova/dataset/cells/priamy_kanal/sim_2xKSin1_DE_hct15_seed4_rigid31_7_from1204000cy/rbc70_sim_2xKSin1_DE_hct15_seed4_rigid31_7_from1204000cy.dat
shape =  (8, 1402)
1402
loading  /home/jasencakova/dataset/cells/priamy_kanal/sim_2xKSin1_DE_hct15_seed4_rigid31_7_from1204000cy/rbc71_sim_2xKSin1_DE_hct15_seed4_rigid31_7_from1204000cy.dat
shape =  (8, 1402)
1402
loading  /home/jasencakova/dataset/cells/priamy_kanal/sim_2xKSin1_DE_hct15_seed4_rigid31_7_from1204000cy/rbc72_sim_2xKSin1_DE_hct15_seed4_rigid31_7_from1204000cy.dat
shape =  (8, 1402)
1402
loading  /home/jasencakova/dataset/cells/priamy_kanal/sim_2xKSin1_DE_hct15_seed4_rigid31_7_from1204000cy/rbc73_sim_2xKSin1_DE_hct15_seed4_rigid31_7_from1204000cy.dat
shape =  (8, 1402)
1402
loading  /home/jasencakova/dataset/cells/priamy_kanal/sim_2xKSin1_DE_hct15_seed4_rigid31_7_from1204000cy/rbc74_sim_2xKSin1_DE_hct15_seed4_rigid31_7_from1204000cy.dat
shape =  (8, 1402)
1402
loading  /home/jasencakova/dataset/cells/priamy_kanal/sim_2xKSin1_DE_hct15_seed4_rigid31_7_from1204000cy/rbc75_sim_2xKSin1_DE_hct15_seed4_rigid31_7_from1204000cy.dat
shape =  (8, 1402)
1402
loading  /home/jasencakova/dataset/cells/priamy_kanal/sim_2xKSin1_DE_hct15_seed4_rigid31_7_from1204000cy/rbc76_sim_2xKSin1_DE_hct15_seed4_rigid31_7_from1204000cy.dat
shape =  (8, 1402)
1402
loading  /home/jasencakova/dataset/cells/priamy_kanal/sim_2xKSin1_DE_hct15_seed4_rigid31_7_from1204000cy/rbc77_sim_2xKSin1_DE_hct15_seed4_rigid31_7_from1204000cy.dat
shape =  (8, 1402)
1402
loading  /home/jasencakova/dataset/cells/priamy_kanal/sim_2xKSin1_DE_hct15_seed4_rigid31_7_from1204000cy/rbc78_sim_2xKSin1_DE_hct15_seed4_rigid31_7_from1204000cy.dat
shape =  (8, 1402)
1402
loading  /home/jasencakova/dataset/cells/priamy_kanal/sim_2xKSin1_DE_hct15_seed4_rigid31_7_from1204000cy/rbc79_sim_2xKSin1_DE_hct15_seed4_rigid31_7_from1204000cy.dat
shape =  (8, 1402)
1402
loading  /home/jasencakova/dataset/cells/priamy_kanal/sim_2xKSin1_DE_hct15_seed4_rigid31_7_from1204000cy/rbc80_sim_2xKSin1_DE_hct15_seed4_rigid31_7_from1204000cy.dat
shape =  (8, 1402)
1402
loading  /home/jasencakova/dataset/cells/priamy_kanal/sim_2xKSin1_DE_hct15_seed4_rigid31_7_from1204000cy/rbc81_sim_2xKSin1_DE_hct15_seed4_rigid31_7_from1204000cy.dat
shape =  (8, 1402)
1402
loading  /home/jasencakova/dataset/cells/priamy_kanal/sim_2xKSin1_DE_hct15_seed4_rigid31_7_from1204000cy/rbc82_sim_2xKSin1_DE_hct15_seed4_rigid31_7_from1204000cy.dat
shape =  (8, 1402)
1402
loading  /home/jasencakova/dataset/cells/priamy_kanal/sim_2xKSin1_DE_hct15_seed4_rigid31_7_from1204000cy/rbc83_sim_2xKSin1_DE_hct15_seed4_rigid31_7_from1204000cy.dat
shape =  (8, 1402)
1402
loading  /home/jasencakova/dataset/cells/priamy_kanal/sim_2xKSin1_DE_hct15_seed4_rigid31_7_from1204000cy/rbc84_sim_2xKSin1_DE_hct15_seed4_rigid31_7_from1204000cy.dat
shape =  (8, 1402)
1402
loading  /home/jasencakova/dataset/cells/priamy_kanal/sim_2xKSin1_DE_hct15_seed4_rigid31_7_from1204000cy/rbc85_sim_2xKSin1_DE_hct15_seed4_rigid31_7_from1204000cy.dat
shape =  (8, 1402)
1402
loading  /home/jasencakova/dataset/cells/priamy_kanal/sim_2xKSin1_DE_hct15_seed4_rigid31_7_from1204000cy/rbc86_sim_2xKSin1_DE_hct15_seed4_rigid31_7_from1204000cy.dat
shape =  (8, 1402)
1402
loading  /home/jasencakova/dataset/cells/priamy_kanal/sim_2xKSin1_DE_hct15_seed4_rigid31_7_from1204000cy/rbc87_sim_2xKSin1_DE_hct15_seed4_rigid31_7_from1204000cy.dat
shape =  (8, 1402)
1402
loading  /home/jasencakova/dataset/cells/priamy_kanal/sim_2xKSin1_DE_hct15_seed4_rigid31_7_from1204000cy/rbc88_sim_2xKSin1_DE_hct15_seed4_rigid31_7_from1204000cy.dat
shape =  (8, 1402)
1402
loading  /home/jasencakova/dataset/cells/priamy_kanal/sim_2xKSin1_DE_hct15_seed4_rigid31_7_from1204000cy/rbc89_sim_2xKSin1_DE_hct15_seed4_rigid31_7_from1204000cy.dat
shape =  (8, 1402)
1402
loading  /home/jasencakova/dataset/cells/priamy_kanal/sim_2xKSin1_DE_hct15_seed4_rigid31_7_from1204000cy/rbc90_sim_2xKSin1_DE_hct15_seed4_rigid31_7_from1204000cy.dat
shape =  (8, 1402)
1402
loading  /home/jasencakova/dataset/cells/priamy_kanal/sim_2xKSin1_DE_hct15_seed4_rigid31_7_from1204000cy/rbc91_sim_2xKSin1_DE_hct15_seed4_rigid31_7_from1204000cy.dat
shape =  (8, 1402)
1402
loading  /home/jasencakova/dataset/cells/priamy_kanal/sim_2xKSin1_DE_hct15_seed4_rigid31_7_from1204000cy/rbc92_sim_2xKSin1_DE_hct15_seed4_rigid31_7_from1204000cy.dat
shape =  (8, 1402)
1402
loading  /home/jasencakova/dataset/cells/priamy_kanal/sim_2xKSin1_DE_hct15_seed4_rigid31_7_from1204000cy/rbc93_sim_2xKSin1_DE_hct15_seed4_rigid31_7_from1204000cy.dat
shape =  (8, 1402)
1402
loading  /home/jasencakova/dataset/cells/priamy_kanal/sim_2xKSin1_DE_hct15_seed4_rigid31_7_from1204000cy/rbc94_sim_2xKSin1_DE_hct15_seed4_rigid31_7_from1204000cy.dat
shape =  (8, 1402)
1402
loading  /home/jasencakova/dataset/cells/priamy_kanal/sim_2xKSin1_DE_hct15_seed4_rigid31_7_from1204000cy/rbc95_sim_2xKSin1_DE_hct15_seed4_rigid31_7_from1204000cy.dat
shape =  (8, 1402)
1402
loading  /home/jasencakova/dataset/cells/priamy_kanal/sim_2xKSin1_DE_hct15_seed4_rigid31_7_from1204000cy/rbc96_sim_2xKSin1_DE_hct15_seed4_rigid31_7_from1204000cy.dat
shape =  (8, 1402)
1402
loading  /home/jasencakova/dataset/cells/priamy_kanal/sim_2xKSin1_DE_hct15_seed4_rigid31_7_from1204000cy/rbc97_sim_2xKSin1_DE_hct15_seed4_rigid31_7_from1204000cy.dat
shape =  (8, 1402)
1402
loading  /home/jasencakova/dataset/cells/priamy_kanal/sim_2xKSin1_DE_hct15_seed4_rigid31_7_from1204000cy/rbc98_sim_2xKSin1_DE_hct15_seed4_rigid31_7_from1204000cy.dat
shape =  (8, 1402)
1402
loading  /home/jasencakova/dataset/cells/priamy_kanal/sim_2xKSin1_DE_hct15_seed4_rigid31_7_from1204000cy/rbc99_sim_2xKSin1_DE_hct15_seed4_rigid31_7_from1204000cy.dat
shape =  (8, 1402)
1402
loading  /home/jasencakova/dataset/cells/priamy_kanal/sim_2xKSin1_DE_hct15_seed4_rigid31_7_from1204000cy/rbc100_sim_2xKSin1_DE_hct15_seed4_rigid31_7_from1204000cy.dat
shape =  (8, 1402)
1402
loading  /home/jasencakova/dataset/cells/priamy_kanal/sim_2xKSin1_DE_hct15_seed4_rigid31_7_from1204000cy/rbc101_sim_2xKSin1_DE_hct15_seed4_rigid31_7_from1204000cy.dat
shape =  (8, 1402)
1402
loading  /home/jasencakova/dataset/cells/priamy_kanal/sim_2xKSin1_DE_hct15_seed4_rigid31_7_from1204000cy/rbc102_sim_2xKSin1_DE_hct15_seed4_rigid31_7_from1204000cy.dat
shape =  (8, 1402)
1402
loading  /home/jasencakova/dataset/cells/priamy_kanal/sim_2xKSin1_DE_hct15_seed4_rigid31_7_from1204000cy/rbc103_sim_2xKSin1_DE_hct15_seed4_rigid31_7_from1204000cy.dat
shape =  (8, 1402)
1402
loading  /home/jasencakova/dataset/cells/priamy_kanal/sim_2xKSin1_DE_hct15_seed4_rigid31_7_from1204000cy/rbc104_sim_2xKSin1_DE_hct15_seed4_rigid31_7_from1204000cy.dat
shape =  (8, 1402)
1402
loading  /home/jasencakova/dataset/cells/priamy_kanal/sim_2xKSin1_DE_hct15_seed4_rigid31_7_from1204000cy/rbc105_sim_2xKSin1_DE_hct15_seed4_rigid31_7_from1204000cy.dat
shape =  (8, 1402)
1402
loading  /home/jasencakova/dataset/cells/priamy_kanal/sim_2xKSin1_DE_hct15_seed4_rigid31_7_from1204000cy/rbc106_sim_2xKSin1_DE_hct15_seed4_rigid31_7_from1204000cy.dat
shape =  (8, 1402)
1402
loading  /home/jasencakova/dataset/cells/priamy_kanal/sim_2xKSin1_DE_hct15_seed4_rigid31_7_from1204000cy/rbc107_sim_2xKSin1_DE_hct15_seed4_rigid31_7_from1204000cy.dat
shape =  (8, 1402)
1402
loading  /home/jasencakova/dataset/cells/priamy_kanal/sim_2xKSin1_DE_hct15_seed4_rigid31_7_from1204000cy/rbc108_sim_2xKSin1_DE_hct15_seed4_rigid31_7_from1204000cy.dat
shape =  (8, 1402)
1402
loading  /home/jasencakova/dataset/cells/priamy_kanal/sim_2xKSin1_DE_hct15_seed4_rigid31_7_from1204000cy/rbc109_sim_2xKSin1_DE_hct15_seed4_rigid31_7_from1204000cy.dat
shape =  (8, 1402)
1402
loading  /home/jasencakova/dataset/cells/priamy_kanal/sim_2xKSin1_DE_hct15_seed4_rigid31_7_from1204000cy/rbc110_sim_2xKSin1_DE_hct15_seed4_rigid31_7_from1204000cy.dat
shape =  (8, 1402)
1402
loading  /home/jasencakova/dataset/cells/priamy_kanal/sim_2xKSin1_DE_hct15_seed4_rigid31_7_from1204000cy/rbc111_sim_2xKSin1_DE_hct15_seed4_rigid31_7_from1204000cy.dat
shape =  (8, 1402)
1402
loading  /home/jasencakova/dataset/cells/priamy_kanal/sim_2xKSin1_DE_hct15_seed4_rigid31_7_from1204000cy/rbc112_sim_2xKSin1_DE_hct15_seed4_rigid31_7_from1204000cy.dat
shape =  (8, 1402)
1402
loading  /home/jasencakova/dataset/cells/priamy_kanal/sim_2xKSin1_DE_hct15_seed4_rigid31_7_from1204000cy/rbc113_sim_2xKSin1_DE_hct15_seed4_rigid31_7_from1204000cy.dat
shape =  (8, 1402)
1402
loading  /home/jasencakova/dataset/cells/priamy_kanal/sim_2xKSin1_DE_hct15_seed4_rigid31_7_from1204000cy/rbc114_sim_2xKSin1_DE_hct15_seed4_rigid31_7_from1204000cy.dat
shape =  (8, 1402)
1402
loading  /home/jasencakova/dataset/cells/priamy_kanal/sim_2xKSin1_DE_hct15_seed4_rigid31_7_from1204000cy/rbc115_sim_2xKSin1_DE_hct15_seed4_rigid31_7_from1204000cy.dat
shape =  (8, 1402)
1402
loading  /home/jasencakova/dataset/cells/priamy_kanal/sim_2xKSin1_DE_hct15_seed4_rigid31_7_from1204000cy/rbc116_sim_2xKSin1_DE_hct15_seed4_rigid31_7_from1204000cy.dat
shape =  (8, 1402)
1402
loading  /home/jasencakova/dataset/cells/priamy_kanal/sim_2xKSin1_DE_hct15_seed4_rigid31_7_from1204000cy/rbc117_sim_2xKSin1_DE_hct15_seed4_rigid31_7_from1204000cy.dat
shape =  (8, 1402)
1402
loading  /home/jasencakova/dataset/cells/priamy_kanal/sim_2xKSin1_DE_hct15_seed4_rigid31_7_from1204000cy/rbc118_sim_2xKSin1_DE_hct15_seed4_rigid31_7_from1204000cy.dat
shape =  (8, 1402)
1402
loading  /home/jasencakova/dataset/cells/priamy_kanal/sim_2xKSin1_DE_hct15_seed4_rigid31_7_from1204000cy/rbc119_sim_2xKSin1_DE_hct15_seed4_rigid31_7_from1204000cy.dat
shape =  (8, 1402)
1402
loading  /home/jasencakova/dataset/cells/priamy_kanal/sim_2xKSin1_DE_hct15_seed4_rigid31_7_from1204000cy/rbc120_sim_2xKSin1_DE_hct15_seed4_rigid31_7_from1204000cy.dat
shape =  (8, 1402)
1402
loading  /home/jasencakova/dataset/cells/priamy_kanal/sim_2xKSin1_DE_hct15_seed4_rigid31_7_from1204000cy/rbc121_sim_2xKSin1_DE_hct15_seed4_rigid31_7_from1204000cy.dat
shape =  (8, 1402)
1402
loading  /home/jasencakova/dataset/cells/priamy_kanal/sim_2xKSin1_DE_hct15_seed4_rigid31_7_from1204000cy/rbc122_sim_2xKSin1_DE_hct15_seed4_rigid31_7_from1204000cy.dat
shape =  (8, 1402)
1402
loading  /home/jasencakova/dataset/cells/priamy_kanal/sim_2xKSin1_DE_hct15_seed4_rigid31_7_from1204000cy/rbc123_sim_2xKSin1_DE_hct15_seed4_rigid31_7_from1204000cy.dat
shape =  (8, 1402)
1402
loading  /home/jasencakova/dataset/cells/priamy_kanal/sim_2xKSin1_DE_hct15_seed4_rigid31_7_from1204000cy/rbc124_sim_2xKSin1_DE_hct15_seed4_rigid31_7_from1204000cy.dat
shape =  (8, 1402)
1402
loading  /home/jasencakova/dataset/cells/priamy_kanal/sim_2xKSin1_DE_hct15_seed4_rigid31_7_from1204000cy/rbc125_sim_2xKSin1_DE_hct15_seed4_rigid31_7_from1204000cy.dat
shape =  (8, 1402)
1402
loading  /home/jasencakova/dataset/cells/priamy_kanal/sim_2xKSin1_DE_hct15_seed4_rigid31_7_from1204000cy/rbc126_sim_2xKSin1_DE_hct15_seed4_rigid31_7_from1204000cy.dat
shape =  (8, 1402)
1402
loading  /home/jasencakova/dataset/cells/priamy_kanal/sim_2xKSin1_DE_hct15_seed4_rigid31_7_from1204000cy/rbc127_sim_2xKSin1_DE_hct15_seed4_rigid31_7_from1204000cy.dat
shape =  (8, 1402)
1402
loading  /home/jasencakova/dataset/cells/priamy_kanal/sim_2xKSin1_DE_hct15_seed4_rigid31_7_from1204000cy/rbc128_sim_2xKSin1_DE_hct15_seed4_rigid31_7_from1204000cy.dat
shape =  (8, 1402)
1402
loading  /home/jasencakova/dataset/cells/priamy_kanal/sim_2xKSin1_DE_hct15_seed4_rigid31_7_from1204000cy/rbc129_sim_2xKSin1_DE_hct15_seed4_rigid31_7_from1204000cy.dat
shape =  (8, 1402)
1402
loading  /home/jasencakova/dataset/cells/priamy_kanal/sim_2xKSin1_DE_hct15_seed4_rigid31_7_from1204000cy/rbc130_sim_2xKSin1_DE_hct15_seed4_rigid31_7_from1204000cy.dat
shape =  (8, 1402)
1402
loading  /home/jasencakova/dataset/cells/priamy_kanal/sim_2xKSin1_DE_hct15_seed4_rigid31_7_from1204000cy/rbc131_sim_2xKSin1_DE_hct15_seed4_rigid31_7_from1204000cy.dat
shape =  (8, 1402)
1402
loading  /home/jasencakova/dataset/cells/priamy_kanal/sim_2xKSin1_DE_hct15_seed4_rigid31_7_from1204000cy/rbc132_sim_2xKSin1_DE_hct15_seed4_rigid31_7_from1204000cy.dat
shape =  (8, 1402)
1402
loading  /home/jasencakova/dataset/cells/priamy_kanal/sim_2xKSin1_DE_hct15_seed4_rigid31_7_from1204000cy/rbc133_sim_2xKSin1_DE_hct15_seed4_rigid31_7_from1204000cy.dat
shape =  (8, 1402)
1402
loading  /home/jasencakova/dataset/cells/priamy_kanal/sim_2xKSin1_DE_hct15_seed4_rigid31_7_from1204000cy/rbc134_sim_2xKSin1_DE_hct15_seed4_rigid31_7_from1204000cy.dat
shape =  (8, 1402)
1402
loading  /home/jasencakova/dataset/cells/priamy_kanal/sim_2xKSin1_DE_hct15_seed4_rigid31_7_from1204000cy/rbc135_sim_2xKSin1_DE_hct15_seed4_rigid31_7_from1204000cy.dat
shape =  (8, 1402)
1402
loading  /home/jasencakova/dataset/cells/priamy_kanal/sim_2xKSin1_DE_hct15_seed4_rigid31_7_from1204000cy/rbc136_sim_2xKSin1_DE_hct15_seed4_rigid31_7_from1204000cy.dat
shape =  (8, 1402)
1402
loading  /home/jasencakova/dataset/cells/priamy_kanal/sim_2xKSin1_DE_hct15_seed4_rigid31_7_from1204000cy/rbc137_sim_2xKSin1_DE_hct15_seed4_rigid31_7_from1204000cy.dat
shape =  (8, 1402)
1402
loading  /home/jasencakova/dataset/cells/priamy_kanal/sim_2xKSin1_DE_hct15_seed4_rigid31_7_from1204000cy/rbc138_sim_2xKSin1_DE_hct15_seed4_rigid31_7_from1204000cy.dat
shape =  (8, 1402)
1402
loading  /home/jasencakova/dataset/cells/priamy_kanal/sim_2xKSin1_DE_hct15_seed4_rigid31_7_from1204000cy/rbc139_sim_2xKSin1_DE_hct15_seed4_rigid31_7_from1204000cy.dat
shape =  (8, 1402)
1402
loading  /home/jasencakova/dataset/cells/priamy_kanal/sim_2xKSin1_DE_hct15_seed4_rigid31_7_from1204000cy/rbc140_sim_2xKSin1_DE_hct15_seed4_rigid31_7_from1204000cy.dat
shape =  (8, 1402)
1402
loading  /home/jasencakova/dataset/cells/priamy_kanal/sim_2xKSin1_DE_hct15_seed4_rigid31_7_from1204000cy/rbc141_sim_2xKSin1_DE_hct15_seed4_rigid31_7_from1204000cy.dat
shape =  (8, 1402)
1402
loading  /home/jasencakova/dataset/cells/priamy_kanal/sim_2xKSin1_DE_hct15_seed4_rigid31_7_from1204000cy/rbc142_sim_2xKSin1_DE_hct15_seed4_rigid31_7_from1204000cy.dat
shape =  (8, 1402)
1402
loading  /home/jasencakova/dataset/cells/priamy_kanal/sim_2xKSin1_DE_hct15_seed4_rigid31_7_from1204000cy/rbc143_sim_2xKSin1_DE_hct15_seed4_rigid31_7_from1204000cy.dat
shape =  (8, 1402)
1402
loading  /home/jasencakova/dataset/cells/priamy_kanal/sim_2xKSin1_DE_hct15_seed4_rigid31_7_from1204000cy/rbc144_sim_2xKSin1_DE_hct15_seed4_rigid31_7_from1204000cy.dat
shape =  (8, 1402)
1402
loading  /home/jasencakova/dataset/cells/priamy_kanal/sim_2xKSin1_DE_hct15_seed4_rigid31_7_from1204000cy/rbc145_sim_2xKSin1_DE_hct15_seed4_rigid31_7_from1204000cy.dat
shape =  (8, 1402)
1402
loading  /home/jasencakova/dataset/cells/priamy_kanal/sim_2xKSin1_DE_hct15_seed4_rigid31_7_from1204000cy/rbc146_sim_2xKSin1_DE_hct15_seed4_rigid31_7_from1204000cy.dat
shape =  (8, 1402)
1402
loading  /home/jasencakova/dataset/cells/priamy_kanal/sim_2xKSin1_DE_hct15_seed4_rigid31_7_from1204000cy/rbc147_sim_2xKSin1_DE_hct15_seed4_rigid31_7_from1204000cy.dat
shape =  (8, 1402)
1402
loading  /home/jasencakova/dataset/cells/priamy_kanal/sim_2xKSin1_DE_hct15_seed4_rigid31_7_from1204000cy/rbc148_sim_2xKSin1_DE_hct15_seed4_rigid31_7_from1204000cy.dat
shape =  (8, 1402)
1402
loading  /home/jasencakova/dataset/cells/priamy_kanal/sim_2xKSin1_DE_hct15_seed4_rigid31_7_from1204000cy/rbc149_sim_2xKSin1_DE_hct15_seed4_rigid31_7_from1204000cy.dat
shape =  (8, 1402)
1402
loading  /home/jasencakova/dataset/cells/priamy_kanal/sim_2xKSin1_DE_hct15_seed4_rigid31_7_from1204000cy/rbc150_sim_2xKSin1_DE_hct15_seed4_rigid31_7_from1204000cy.dat
shape =  (8, 1402)
1402
loading  /home/jasencakova/dataset/cells/priamy_kanal/sim_2xKSin1_DE_hct15_seed4_rigid31_7_from1204000cy/rbc151_sim_2xKSin1_DE_hct15_seed4_rigid31_7_from1204000cy.dat
shape =  (8, 1402)
1402
loading  /home/jasencakova/dataset/cells/priamy_kanal/sim_2xKSin1_DE_hct15_seed4_rigid31_7_from1204000cy/rbc152_sim_2xKSin1_DE_hct15_seed4_rigid31_7_from1204000cy.dat
shape =  (8, 1402)
1402
loading  /home/jasencakova/dataset/cells/priamy_kanal/sim_2xKSin1_DE_hct15_seed4_rigid31_7_from1204000cy/rbc153_sim_2xKSin1_DE_hct15_seed4_rigid31_7_from1204000cy.dat
shape =  (8, 1402)
1402
shortest_length =  1402
data_shape      =  (154, 1402, 8)



loading  /home/jasencakova/dataset/cells/priamy_kanal/sim_2xKSin1_DE_hct15_seed6_rigid31_1/rbc0_sim_2xKSin1_DE_hct15_seed6_rigid31_1.dat
shape =  (8, 945)
945
loading  /home/jasencakova/dataset/cells/priamy_kanal/sim_2xKSin1_DE_hct15_seed6_rigid31_1/rbc1_sim_2xKSin1_DE_hct15_seed6_rigid31_1.dat
shape =  (8, 945)
945
loading  /home/jasencakova/dataset/cells/priamy_kanal/sim_2xKSin1_DE_hct15_seed6_rigid31_1/rbc2_sim_2xKSin1_DE_hct15_seed6_rigid31_1.dat
shape =  (8, 945)
945
loading  /home/jasencakova/dataset/cells/priamy_kanal/sim_2xKSin1_DE_hct15_seed6_rigid31_1/rbc3_sim_2xKSin1_DE_hct15_seed6_rigid31_1.dat
shape =  (8, 945)
945
loading  /home/jasencakova/dataset/cells/priamy_kanal/sim_2xKSin1_DE_hct15_seed6_rigid31_1/rbc4_sim_2xKSin1_DE_hct15_seed6_rigid31_1.dat
shape =  (8, 945)
945
loading  /home/jasencakova/dataset/cells/priamy_kanal/sim_2xKSin1_DE_hct15_seed6_rigid31_1/rbc5_sim_2xKSin1_DE_hct15_seed6_rigid31_1.dat
shape =  (8, 945)
945
loading  /home/jasencakova/dataset/cells/priamy_kanal/sim_2xKSin1_DE_hct15_seed6_rigid31_1/rbc6_sim_2xKSin1_DE_hct15_seed6_rigid31_1.dat
shape =  (8, 945)
945
loading  /home/jasencakova/dataset/cells/priamy_kanal/sim_2xKSin1_DE_hct15_seed6_rigid31_1/rbc7_sim_2xKSin1_DE_hct15_seed6_rigid31_1.dat
shape =  (8, 945)
945
loading  /home/jasencakova/dataset/cells/priamy_kanal/sim_2xKSin1_DE_hct15_seed6_rigid31_1/rbc8_sim_2xKSin1_DE_hct15_seed6_rigid31_1.dat
shape =  (8, 945)
945
loading  /home/jasencakova/dataset/cells/priamy_kanal/sim_2xKSin1_DE_hct15_seed6_rigid31_1/rbc9_sim_2xKSin1_DE_hct15_seed6_rigid31_1.dat
shape =  (8, 945)
945
loading  /home/jasencakova/dataset/cells/priamy_kanal/sim_2xKSin1_DE_hct15_seed6_rigid31_1/rbc10_sim_2xKSin1_DE_hct15_seed6_rigid31_1.dat
shape =  (8, 945)
945
loading  /home/jasencakova/dataset/cells/priamy_kanal/sim_2xKSin1_DE_hct15_seed6_rigid31_1/rbc11_sim_2xKSin1_DE_hct15_seed6_rigid31_1.dat
shape =  (8, 945)
945
loading  /home/jasencakova/dataset/cells/priamy_kanal/sim_2xKSin1_DE_hct15_seed6_rigid31_1/rbc12_sim_2xKSin1_DE_hct15_seed6_rigid31_1.dat
shape =  (8, 945)
945
loading  /home/jasencakova/dataset/cells/priamy_kanal/sim_2xKSin1_DE_hct15_seed6_rigid31_1/rbc13_sim_2xKSin1_DE_hct15_seed6_rigid31_1.dat
shape =  (8, 945)
945
loading  /home/jasencakova/dataset/cells/priamy_kanal/sim_2xKSin1_DE_hct15_seed6_rigid31_1/rbc14_sim_2xKSin1_DE_hct15_seed6_rigid31_1.dat
shape =  (8, 945)
945
loading  /home/jasencakova/dataset/cells/priamy_kanal/sim_2xKSin1_DE_hct15_seed6_rigid31_1/rbc15_sim_2xKSin1_DE_hct15_seed6_rigid31_1.dat
shape =  (8, 945)
945
loading  /home/jasencakova/dataset/cells/priamy_kanal/sim_2xKSin1_DE_hct15_seed6_rigid31_1/rbc16_sim_2xKSin1_DE_hct15_seed6_rigid31_1.dat
shape =  (8, 945)
945
loading  /home/jasencakova/dataset/cells/priamy_kanal/sim_2xKSin1_DE_hct15_seed6_rigid31_1/rbc17_sim_2xKSin1_DE_hct15_seed6_rigid31_1.dat
shape =  (8, 945)
945
loading  /home/jasencakova/dataset/cells/priamy_kanal/sim_2xKSin1_DE_hct15_seed6_rigid31_1/rbc18_sim_2xKSin1_DE_hct15_seed6_rigid31_1.dat
shape =  (8, 945)
945
loading  /home/jasencakova/dataset/cells/priamy_kanal/sim_2xKSin1_DE_hct15_seed6_rigid31_1/rbc19_sim_2xKSin1_DE_hct15_seed6_rigid31_1.dat
shape =  (8, 945)
945
loading  /home/jasencakova/dataset/cells/priamy_kanal/sim_2xKSin1_DE_hct15_seed6_rigid31_1/rbc20_sim_2xKSin1_DE_hct15_seed6_rigid31_1.dat
shape =  (8, 945)
945
loading  /home/jasencakova/dataset/cells/priamy_kanal/sim_2xKSin1_DE_hct15_seed6_rigid31_1/rbc21_sim_2xKSin1_DE_hct15_seed6_rigid31_1.dat
shape =  (8, 945)
945
loading  /home/jasencakova/dataset/cells/priamy_kanal/sim_2xKSin1_DE_hct15_seed6_rigid31_1/rbc22_sim_2xKSin1_DE_hct15_seed6_rigid31_1.dat
shape =  (8, 945)
945
loading  /home/jasencakova/dataset/cells/priamy_kanal/sim_2xKSin1_DE_hct15_seed6_rigid31_1/rbc23_sim_2xKSin1_DE_hct15_seed6_rigid31_1.dat
shape =  (8, 945)
945
loading  /home/jasencakova/dataset/cells/priamy_kanal/sim_2xKSin1_DE_hct15_seed6_rigid31_1/rbc24_sim_2xKSin1_DE_hct15_seed6_rigid31_1.dat
shape =  (8, 945)
945
loading  /home/jasencakova/dataset/cells/priamy_kanal/sim_2xKSin1_DE_hct15_seed6_rigid31_1/rbc25_sim_2xKSin1_DE_hct15_seed6_rigid31_1.dat
shape =  (8, 945)
945
loading  /home/jasencakova/dataset/cells/priamy_kanal/sim_2xKSin1_DE_hct15_seed6_rigid31_1/rbc26_sim_2xKSin1_DE_hct15_seed6_rigid31_1.dat
shape =  (8, 945)
945
loading  /home/jasencakova/dataset/cells/priamy_kanal/sim_2xKSin1_DE_hct15_seed6_rigid31_1/rbc27_sim_2xKSin1_DE_hct15_seed6_rigid31_1.dat
shape =  (8, 945)
945
loading  /home/jasencakova/dataset/cells/priamy_kanal/sim_2xKSin1_DE_hct15_seed6_rigid31_1/rbc28_sim_2xKSin1_DE_hct15_seed6_rigid31_1.dat
shape =  (8, 945)
945
loading  /home/jasencakova/dataset/cells/priamy_kanal/sim_2xKSin1_DE_hct15_seed6_rigid31_1/rbc29_sim_2xKSin1_DE_hct15_seed6_rigid31_1.dat
shape =  (8, 945)
945
loading  /home/jasencakova/dataset/cells/priamy_kanal/sim_2xKSin1_DE_hct15_seed6_rigid31_1/rbc30_sim_2xKSin1_DE_hct15_seed6_rigid31_1.dat
shape =  (8, 945)
945
loading  /home/jasencakova/dataset/cells/priamy_kanal/sim_2xKSin1_DE_hct15_seed6_rigid31_1/rbc31_sim_2xKSin1_DE_hct15_seed6_rigid31_1.dat
shape =  (8, 945)
945
loading  /home/jasencakova/dataset/cells/priamy_kanal/sim_2xKSin1_DE_hct15_seed6_rigid31_1/rbc32_sim_2xKSin1_DE_hct15_seed6_rigid31_1.dat
shape =  (8, 945)
945
loading  /home/jasencakova/dataset/cells/priamy_kanal/sim_2xKSin1_DE_hct15_seed6_rigid31_1/rbc33_sim_2xKSin1_DE_hct15_seed6_rigid31_1.dat
shape =  (8, 945)
945
loading  /home/jasencakova/dataset/cells/priamy_kanal/sim_2xKSin1_DE_hct15_seed6_rigid31_1/rbc34_sim_2xKSin1_DE_hct15_seed6_rigid31_1.dat
shape =  (8, 945)
945
loading  /home/jasencakova/dataset/cells/priamy_kanal/sim_2xKSin1_DE_hct15_seed6_rigid31_1/rbc35_sim_2xKSin1_DE_hct15_seed6_rigid31_1.dat
shape =  (8, 945)
945
loading  /home/jasencakova/dataset/cells/priamy_kanal/sim_2xKSin1_DE_hct15_seed6_rigid31_1/rbc36_sim_2xKSin1_DE_hct15_seed6_rigid31_1.dat
shape =  (8, 945)
945
loading  /home/jasencakova/dataset/cells/priamy_kanal/sim_2xKSin1_DE_hct15_seed6_rigid31_1/rbc37_sim_2xKSin1_DE_hct15_seed6_rigid31_1.dat
shape =  (8, 945)
945
loading  /home/jasencakova/dataset/cells/priamy_kanal/sim_2xKSin1_DE_hct15_seed6_rigid31_1/rbc38_sim_2xKSin1_DE_hct15_seed6_rigid31_1.dat
shape =  (8, 945)
945
loading  /home/jasencakova/dataset/cells/priamy_kanal/sim_2xKSin1_DE_hct15_seed6_rigid31_1/rbc39_sim_2xKSin1_DE_hct15_seed6_rigid31_1.dat
shape =  (8, 945)
945
loading  /home/jasencakova/dataset/cells/priamy_kanal/sim_2xKSin1_DE_hct15_seed6_rigid31_1/rbc40_sim_2xKSin1_DE_hct15_seed6_rigid31_1.dat
shape =  (8, 945)
945
loading  /home/jasencakova/dataset/cells/priamy_kanal/sim_2xKSin1_DE_hct15_seed6_rigid31_1/rbc41_sim_2xKSin1_DE_hct15_seed6_rigid31_1.dat
shape =  (8, 945)
945
loading  /home/jasencakova/dataset/cells/priamy_kanal/sim_2xKSin1_DE_hct15_seed6_rigid31_1/rbc42_sim_2xKSin1_DE_hct15_seed6_rigid31_1.dat
shape =  (8, 945)
945
loading  /home/jasencakova/dataset/cells/priamy_kanal/sim_2xKSin1_DE_hct15_seed6_rigid31_1/rbc43_sim_2xKSin1_DE_hct15_seed6_rigid31_1.dat
shape =  (8, 945)
945
loading  /home/jasencakova/dataset/cells/priamy_kanal/sim_2xKSin1_DE_hct15_seed6_rigid31_1/rbc44_sim_2xKSin1_DE_hct15_seed6_rigid31_1.dat
shape =  (8, 945)
945
loading  /home/jasencakova/dataset/cells/priamy_kanal/sim_2xKSin1_DE_hct15_seed6_rigid31_1/rbc45_sim_2xKSin1_DE_hct15_seed6_rigid31_1.dat
shape =  (8, 945)
945
loading  /home/jasencakova/dataset/cells/priamy_kanal/sim_2xKSin1_DE_hct15_seed6_rigid31_1/rbc46_sim_2xKSin1_DE_hct15_seed6_rigid31_1.dat
shape =  (8, 945)
945
loading  /home/jasencakova/dataset/cells/priamy_kanal/sim_2xKSin1_DE_hct15_seed6_rigid31_1/rbc47_sim_2xKSin1_DE_hct15_seed6_rigid31_1.dat
shape =  (8, 945)
945
loading  /home/jasencakova/dataset/cells/priamy_kanal/sim_2xKSin1_DE_hct15_seed6_rigid31_1/rbc48_sim_2xKSin1_DE_hct15_seed6_rigid31_1.dat
shape =  (8, 945)
945
loading  /home/jasencakova/dataset/cells/priamy_kanal/sim_2xKSin1_DE_hct15_seed6_rigid31_1/rbc49_sim_2xKSin1_DE_hct15_seed6_rigid31_1.dat
shape =  (8, 945)
945
loading  /home/jasencakova/dataset/cells/priamy_kanal/sim_2xKSin1_DE_hct15_seed6_rigid31_1/rbc50_sim_2xKSin1_DE_hct15_seed6_rigid31_1.dat
shape =  (8, 945)
945
loading  /home/jasencakova/dataset/cells/priamy_kanal/sim_2xKSin1_DE_hct15_seed6_rigid31_1/rbc51_sim_2xKSin1_DE_hct15_seed6_rigid31_1.dat
shape =  (8, 945)
945
loading  /home/jasencakova/dataset/cells/priamy_kanal/sim_2xKSin1_DE_hct15_seed6_rigid31_1/rbc52_sim_2xKSin1_DE_hct15_seed6_rigid31_1.dat
shape =  (8, 945)
945
loading  /home/jasencakova/dataset/cells/priamy_kanal/sim_2xKSin1_DE_hct15_seed6_rigid31_1/rbc53_sim_2xKSin1_DE_hct15_seed6_rigid31_1.dat
shape =  (8, 945)
945
loading  /home/jasencakova/dataset/cells/priamy_kanal/sim_2xKSin1_DE_hct15_seed6_rigid31_1/rbc54_sim_2xKSin1_DE_hct15_seed6_rigid31_1.dat
shape =  (8, 945)
945
loading  /home/jasencakova/dataset/cells/priamy_kanal/sim_2xKSin1_DE_hct15_seed6_rigid31_1/rbc55_sim_2xKSin1_DE_hct15_seed6_rigid31_1.dat
shape =  (8, 945)
945
loading  /home/jasencakova/dataset/cells/priamy_kanal/sim_2xKSin1_DE_hct15_seed6_rigid31_1/rbc56_sim_2xKSin1_DE_hct15_seed6_rigid31_1.dat
shape =  (8, 945)
945
loading  /home/jasencakova/dataset/cells/priamy_kanal/sim_2xKSin1_DE_hct15_seed6_rigid31_1/rbc57_sim_2xKSin1_DE_hct15_seed6_rigid31_1.dat
shape =  (8, 945)
945
loading  /home/jasencakova/dataset/cells/priamy_kanal/sim_2xKSin1_DE_hct15_seed6_rigid31_1/rbc58_sim_2xKSin1_DE_hct15_seed6_rigid31_1.dat
shape =  (8, 945)
945
loading  /home/jasencakova/dataset/cells/priamy_kanal/sim_2xKSin1_DE_hct15_seed6_rigid31_1/rbc59_sim_2xKSin1_DE_hct15_seed6_rigid31_1.dat
shape =  (8, 945)
945
loading  /home/jasencakova/dataset/cells/priamy_kanal/sim_2xKSin1_DE_hct15_seed6_rigid31_1/rbc60_sim_2xKSin1_DE_hct15_seed6_rigid31_1.dat
shape =  (8, 945)
945
loading  /home/jasencakova/dataset/cells/priamy_kanal/sim_2xKSin1_DE_hct15_seed6_rigid31_1/rbc61_sim_2xKSin1_DE_hct15_seed6_rigid31_1.dat
shape =  (8, 945)
945
loading  /home/jasencakova/dataset/cells/priamy_kanal/sim_2xKSin1_DE_hct15_seed6_rigid31_1/rbc62_sim_2xKSin1_DE_hct15_seed6_rigid31_1.dat
shape =  (8, 945)
945
loading  /home/jasencakova/dataset/cells/priamy_kanal/sim_2xKSin1_DE_hct15_seed6_rigid31_1/rbc63_sim_2xKSin1_DE_hct15_seed6_rigid31_1.dat
shape =  (8, 945)
945
loading  /home/jasencakova/dataset/cells/priamy_kanal/sim_2xKSin1_DE_hct15_seed6_rigid31_1/rbc64_sim_2xKSin1_DE_hct15_seed6_rigid31_1.dat
shape =  (8, 945)
945
loading  /home/jasencakova/dataset/cells/priamy_kanal/sim_2xKSin1_DE_hct15_seed6_rigid31_1/rbc65_sim_2xKSin1_DE_hct15_seed6_rigid31_1.dat
shape =  (8, 945)
945
loading  /home/jasencakova/dataset/cells/priamy_kanal/sim_2xKSin1_DE_hct15_seed6_rigid31_1/rbc66_sim_2xKSin1_DE_hct15_seed6_rigid31_1.dat
shape =  (8, 945)
945
loading  /home/jasencakova/dataset/cells/priamy_kanal/sim_2xKSin1_DE_hct15_seed6_rigid31_1/rbc67_sim_2xKSin1_DE_hct15_seed6_rigid31_1.dat
shape =  (8, 945)
945
loading  /home/jasencakova/dataset/cells/priamy_kanal/sim_2xKSin1_DE_hct15_seed6_rigid31_1/rbc68_sim_2xKSin1_DE_hct15_seed6_rigid31_1.dat
shape =  (8, 945)
945
loading  /home/jasencakova/dataset/cells/priamy_kanal/sim_2xKSin1_DE_hct15_seed6_rigid31_1/rbc69_sim_2xKSin1_DE_hct15_seed6_rigid31_1.dat
shape =  (8, 945)
945
loading  /home/jasencakova/dataset/cells/priamy_kanal/sim_2xKSin1_DE_hct15_seed6_rigid31_1/rbc70_sim_2xKSin1_DE_hct15_seed6_rigid31_1.dat
shape =  (8, 945)
945
loading  /home/jasencakova/dataset/cells/priamy_kanal/sim_2xKSin1_DE_hct15_seed6_rigid31_1/rbc71_sim_2xKSin1_DE_hct15_seed6_rigid31_1.dat
shape =  (8, 945)
945
loading  /home/jasencakova/dataset/cells/priamy_kanal/sim_2xKSin1_DE_hct15_seed6_rigid31_1/rbc72_sim_2xKSin1_DE_hct15_seed6_rigid31_1.dat
shape =  (8, 945)
945
loading  /home/jasencakova/dataset/cells/priamy_kanal/sim_2xKSin1_DE_hct15_seed6_rigid31_1/rbc73_sim_2xKSin1_DE_hct15_seed6_rigid31_1.dat
shape =  (8, 945)
945
loading  /home/jasencakova/dataset/cells/priamy_kanal/sim_2xKSin1_DE_hct15_seed6_rigid31_1/rbc74_sim_2xKSin1_DE_hct15_seed6_rigid31_1.dat
shape =  (8, 945)
945
loading  /home/jasencakova/dataset/cells/priamy_kanal/sim_2xKSin1_DE_hct15_seed6_rigid31_1/rbc75_sim_2xKSin1_DE_hct15_seed6_rigid31_1.dat
shape =  (8, 945)
945
loading  /home/jasencakova/dataset/cells/priamy_kanal/sim_2xKSin1_DE_hct15_seed6_rigid31_1/rbc76_sim_2xKSin1_DE_hct15_seed6_rigid31_1.dat
shape =  (8, 945)
945
loading  /home/jasencakova/dataset/cells/priamy_kanal/sim_2xKSin1_DE_hct15_seed6_rigid31_1/rbc77_sim_2xKSin1_DE_hct15_seed6_rigid31_1.dat
shape =  (8, 945)
945
loading  /home/jasencakova/dataset/cells/priamy_kanal/sim_2xKSin1_DE_hct15_seed6_rigid31_1/rbc78_sim_2xKSin1_DE_hct15_seed6_rigid31_1.dat
shape =  (8, 945)
945
loading  /home/jasencakova/dataset/cells/priamy_kanal/sim_2xKSin1_DE_hct15_seed6_rigid31_1/rbc79_sim_2xKSin1_DE_hct15_seed6_rigid31_1.dat
shape =  (8, 945)
945
loading  /home/jasencakova/dataset/cells/priamy_kanal/sim_2xKSin1_DE_hct15_seed6_rigid31_1/rbc80_sim_2xKSin1_DE_hct15_seed6_rigid31_1.dat
shape =  (8, 945)
945
loading  /home/jasencakova/dataset/cells/priamy_kanal/sim_2xKSin1_DE_hct15_seed6_rigid31_1/rbc81_sim_2xKSin1_DE_hct15_seed6_rigid31_1.dat
shape =  (8, 945)
945
loading  /home/jasencakova/dataset/cells/priamy_kanal/sim_2xKSin1_DE_hct15_seed6_rigid31_1/rbc82_sim_2xKSin1_DE_hct15_seed6_rigid31_1.dat
shape =  (8, 945)
945
loading  /home/jasencakova/dataset/cells/priamy_kanal/sim_2xKSin1_DE_hct15_seed6_rigid31_1/rbc83_sim_2xKSin1_DE_hct15_seed6_rigid31_1.dat
shape =  (8, 945)
945
loading  /home/jasencakova/dataset/cells/priamy_kanal/sim_2xKSin1_DE_hct15_seed6_rigid31_1/rbc84_sim_2xKSin1_DE_hct15_seed6_rigid31_1.dat
shape =  (8, 945)
945
loading  /home/jasencakova/dataset/cells/priamy_kanal/sim_2xKSin1_DE_hct15_seed6_rigid31_1/rbc85_sim_2xKSin1_DE_hct15_seed6_rigid31_1.dat
shape =  (8, 945)
945
loading  /home/jasencakova/dataset/cells/priamy_kanal/sim_2xKSin1_DE_hct15_seed6_rigid31_1/rbc86_sim_2xKSin1_DE_hct15_seed6_rigid31_1.dat
shape =  (8, 945)
945
loading  /home/jasencakova/dataset/cells/priamy_kanal/sim_2xKSin1_DE_hct15_seed6_rigid31_1/rbc87_sim_2xKSin1_DE_hct15_seed6_rigid31_1.dat
shape =  (8, 945)
945
loading  /home/jasencakova/dataset/cells/priamy_kanal/sim_2xKSin1_DE_hct15_seed6_rigid31_1/rbc88_sim_2xKSin1_DE_hct15_seed6_rigid31_1.dat
shape =  (8, 945)
945
loading  /home/jasencakova/dataset/cells/priamy_kanal/sim_2xKSin1_DE_hct15_seed6_rigid31_1/rbc89_sim_2xKSin1_DE_hct15_seed6_rigid31_1.dat
shape =  (8, 945)
945
loading  /home/jasencakova/dataset/cells/priamy_kanal/sim_2xKSin1_DE_hct15_seed6_rigid31_1/rbc90_sim_2xKSin1_DE_hct15_seed6_rigid31_1.dat
shape =  (8, 945)
945
loading  /home/jasencakova/dataset/cells/priamy_kanal/sim_2xKSin1_DE_hct15_seed6_rigid31_1/rbc91_sim_2xKSin1_DE_hct15_seed6_rigid31_1.dat
shape =  (8, 945)
945
loading  /home/jasencakova/dataset/cells/priamy_kanal/sim_2xKSin1_DE_hct15_seed6_rigid31_1/rbc92_sim_2xKSin1_DE_hct15_seed6_rigid31_1.dat
shape =  (8, 945)
945
loading  /home/jasencakova/dataset/cells/priamy_kanal/sim_2xKSin1_DE_hct15_seed6_rigid31_1/rbc93_sim_2xKSin1_DE_hct15_seed6_rigid31_1.dat
shape =  (8, 945)
945
loading  /home/jasencakova/dataset/cells/priamy_kanal/sim_2xKSin1_DE_hct15_seed6_rigid31_1/rbc94_sim_2xKSin1_DE_hct15_seed6_rigid31_1.dat
shape =  (8, 945)
945
loading  /home/jasencakova/dataset/cells/priamy_kanal/sim_2xKSin1_DE_hct15_seed6_rigid31_1/rbc95_sim_2xKSin1_DE_hct15_seed6_rigid31_1.dat
shape =  (8, 945)
945
loading  /home/jasencakova/dataset/cells/priamy_kanal/sim_2xKSin1_DE_hct15_seed6_rigid31_1/rbc96_sim_2xKSin1_DE_hct15_seed6_rigid31_1.dat
shape =  (8, 945)
945
loading  /home/jasencakova/dataset/cells/priamy_kanal/sim_2xKSin1_DE_hct15_seed6_rigid31_1/rbc97_sim_2xKSin1_DE_hct15_seed6_rigid31_1.dat
shape =  (8, 945)
945
loading  /home/jasencakova/dataset/cells/priamy_kanal/sim_2xKSin1_DE_hct15_seed6_rigid31_1/rbc98_sim_2xKSin1_DE_hct15_seed6_rigid31_1.dat
shape =  (8, 945)
945
loading  /home/jasencakova/dataset/cells/priamy_kanal/sim_2xKSin1_DE_hct15_seed6_rigid31_1/rbc99_sim_2xKSin1_DE_hct15_seed6_rigid31_1.dat
shape =  (8, 945)
945
loading  /home/jasencakova/dataset/cells/priamy_kanal/sim_2xKSin1_DE_hct15_seed6_rigid31_1/rbc100_sim_2xKSin1_DE_hct15_seed6_rigid31_1.dat
shape =  (8, 945)
945
loading  /home/jasencakova/dataset/cells/priamy_kanal/sim_2xKSin1_DE_hct15_seed6_rigid31_1/rbc101_sim_2xKSin1_DE_hct15_seed6_rigid31_1.dat
shape =  (8, 945)
945
loading  /home/jasencakova/dataset/cells/priamy_kanal/sim_2xKSin1_DE_hct15_seed6_rigid31_1/rbc102_sim_2xKSin1_DE_hct15_seed6_rigid31_1.dat
shape =  (8, 945)
945
loading  /home/jasencakova/dataset/cells/priamy_kanal/sim_2xKSin1_DE_hct15_seed6_rigid31_1/rbc103_sim_2xKSin1_DE_hct15_seed6_rigid31_1.dat
shape =  (8, 945)
945
loading  /home/jasencakova/dataset/cells/priamy_kanal/sim_2xKSin1_DE_hct15_seed6_rigid31_1/rbc104_sim_2xKSin1_DE_hct15_seed6_rigid31_1.dat
shape =  (8, 945)
945
loading  /home/jasencakova/dataset/cells/priamy_kanal/sim_2xKSin1_DE_hct15_seed6_rigid31_1/rbc105_sim_2xKSin1_DE_hct15_seed6_rigid31_1.dat
shape =  (8, 945)
945
loading  /home/jasencakova/dataset/cells/priamy_kanal/sim_2xKSin1_DE_hct15_seed6_rigid31_1/rbc106_sim_2xKSin1_DE_hct15_seed6_rigid31_1.dat
shape =  (8, 945)
945
loading  /home/jasencakova/dataset/cells/priamy_kanal/sim_2xKSin1_DE_hct15_seed6_rigid31_1/rbc107_sim_2xKSin1_DE_hct15_seed6_rigid31_1.dat
shape =  (8, 945)
945
loading  /home/jasencakova/dataset/cells/priamy_kanal/sim_2xKSin1_DE_hct15_seed6_rigid31_1/rbc108_sim_2xKSin1_DE_hct15_seed6_rigid31_1.dat
shape =  (8, 945)
945
loading  /home/jasencakova/dataset/cells/priamy_kanal/sim_2xKSin1_DE_hct15_seed6_rigid31_1/rbc109_sim_2xKSin1_DE_hct15_seed6_rigid31_1.dat
shape =  (8, 945)
945
loading  /home/jasencakova/dataset/cells/priamy_kanal/sim_2xKSin1_DE_hct15_seed6_rigid31_1/rbc110_sim_2xKSin1_DE_hct15_seed6_rigid31_1.dat
shape =  (8, 945)
945
loading  /home/jasencakova/dataset/cells/priamy_kanal/sim_2xKSin1_DE_hct15_seed6_rigid31_1/rbc111_sim_2xKSin1_DE_hct15_seed6_rigid31_1.dat
shape =  (8, 945)
945
loading  /home/jasencakova/dataset/cells/priamy_kanal/sim_2xKSin1_DE_hct15_seed6_rigid31_1/rbc112_sim_2xKSin1_DE_hct15_seed6_rigid31_1.dat
shape =  (8, 945)
945
loading  /home/jasencakova/dataset/cells/priamy_kanal/sim_2xKSin1_DE_hct15_seed6_rigid31_1/rbc113_sim_2xKSin1_DE_hct15_seed6_rigid31_1.dat
shape =  (8, 945)
945
loading  /home/jasencakova/dataset/cells/priamy_kanal/sim_2xKSin1_DE_hct15_seed6_rigid31_1/rbc114_sim_2xKSin1_DE_hct15_seed6_rigid31_1.dat
shape =  (8, 945)
945
loading  /home/jasencakova/dataset/cells/priamy_kanal/sim_2xKSin1_DE_hct15_seed6_rigid31_1/rbc115_sim_2xKSin1_DE_hct15_seed6_rigid31_1.dat
shape =  (8, 945)
945
loading  /home/jasencakova/dataset/cells/priamy_kanal/sim_2xKSin1_DE_hct15_seed6_rigid31_1/rbc116_sim_2xKSin1_DE_hct15_seed6_rigid31_1.dat
shape =  (8, 945)
945
loading  /home/jasencakova/dataset/cells/priamy_kanal/sim_2xKSin1_DE_hct15_seed6_rigid31_1/rbc117_sim_2xKSin1_DE_hct15_seed6_rigid31_1.dat
shape =  (8, 945)
945
loading  /home/jasencakova/dataset/cells/priamy_kanal/sim_2xKSin1_DE_hct15_seed6_rigid31_1/rbc118_sim_2xKSin1_DE_hct15_seed6_rigid31_1.dat
shape =  (8, 945)
945
loading  /home/jasencakova/dataset/cells/priamy_kanal/sim_2xKSin1_DE_hct15_seed6_rigid31_1/rbc119_sim_2xKSin1_DE_hct15_seed6_rigid31_1.dat
shape =  (8, 945)
945
loading  /home/jasencakova/dataset/cells/priamy_kanal/sim_2xKSin1_DE_hct15_seed6_rigid31_1/rbc120_sim_2xKSin1_DE_hct15_seed6_rigid31_1.dat
shape =  (8, 945)
945
loading  /home/jasencakova/dataset/cells/priamy_kanal/sim_2xKSin1_DE_hct15_seed6_rigid31_1/rbc121_sim_2xKSin1_DE_hct15_seed6_rigid31_1.dat
shape =  (8, 945)
945
loading  /home/jasencakova/dataset/cells/priamy_kanal/sim_2xKSin1_DE_hct15_seed6_rigid31_1/rbc122_sim_2xKSin1_DE_hct15_seed6_rigid31_1.dat
shape =  (8, 945)
945
loading  /home/jasencakova/dataset/cells/priamy_kanal/sim_2xKSin1_DE_hct15_seed6_rigid31_1/rbc123_sim_2xKSin1_DE_hct15_seed6_rigid31_1.dat
shape =  (8, 945)
945
loading  /home/jasencakova/dataset/cells/priamy_kanal/sim_2xKSin1_DE_hct15_seed6_rigid31_1/rbc124_sim_2xKSin1_DE_hct15_seed6_rigid31_1.dat
shape =  (8, 945)
945
loading  /home/jasencakova/dataset/cells/priamy_kanal/sim_2xKSin1_DE_hct15_seed6_rigid31_1/rbc125_sim_2xKSin1_DE_hct15_seed6_rigid31_1.dat
shape =  (8, 945)
945
loading  /home/jasencakova/dataset/cells/priamy_kanal/sim_2xKSin1_DE_hct15_seed6_rigid31_1/rbc126_sim_2xKSin1_DE_hct15_seed6_rigid31_1.dat
shape =  (8, 945)
945
loading  /home/jasencakova/dataset/cells/priamy_kanal/sim_2xKSin1_DE_hct15_seed6_rigid31_1/rbc127_sim_2xKSin1_DE_hct15_seed6_rigid31_1.dat
shape =  (8, 945)
945
loading  /home/jasencakova/dataset/cells/priamy_kanal/sim_2xKSin1_DE_hct15_seed6_rigid31_1/rbc128_sim_2xKSin1_DE_hct15_seed6_rigid31_1.dat
shape =  (8, 945)
945
loading  /home/jasencakova/dataset/cells/priamy_kanal/sim_2xKSin1_DE_hct15_seed6_rigid31_1/rbc129_sim_2xKSin1_DE_hct15_seed6_rigid31_1.dat
shape =  (8, 945)
945
loading  /home/jasencakova/dataset/cells/priamy_kanal/sim_2xKSin1_DE_hct15_seed6_rigid31_1/rbc130_sim_2xKSin1_DE_hct15_seed6_rigid31_1.dat
shape =  (8, 945)
945
loading  /home/jasencakova/dataset/cells/priamy_kanal/sim_2xKSin1_DE_hct15_seed6_rigid31_1/rbc131_sim_2xKSin1_DE_hct15_seed6_rigid31_1.dat
shape =  (8, 945)
945
loading  /home/jasencakova/dataset/cells/priamy_kanal/sim_2xKSin1_DE_hct15_seed6_rigid31_1/rbc132_sim_2xKSin1_DE_hct15_seed6_rigid31_1.dat
shape =  (8, 945)
945
loading  /home/jasencakova/dataset/cells/priamy_kanal/sim_2xKSin1_DE_hct15_seed6_rigid31_1/rbc133_sim_2xKSin1_DE_hct15_seed6_rigid31_1.dat
shape =  (8, 945)
945
loading  /home/jasencakova/dataset/cells/priamy_kanal/sim_2xKSin1_DE_hct15_seed6_rigid31_1/rbc134_sim_2xKSin1_DE_hct15_seed6_rigid31_1.dat
shape =  (8, 945)
945
loading  /home/jasencakova/dataset/cells/priamy_kanal/sim_2xKSin1_DE_hct15_seed6_rigid31_1/rbc135_sim_2xKSin1_DE_hct15_seed6_rigid31_1.dat
shape =  (8, 945)
945
loading  /home/jasencakova/dataset/cells/priamy_kanal/sim_2xKSin1_DE_hct15_seed6_rigid31_1/rbc136_sim_2xKSin1_DE_hct15_seed6_rigid31_1.dat
shape =  (8, 945)
945
loading  /home/jasencakova/dataset/cells/priamy_kanal/sim_2xKSin1_DE_hct15_seed6_rigid31_1/rbc137_sim_2xKSin1_DE_hct15_seed6_rigid31_1.dat
shape =  (8, 945)
945
loading  /home/jasencakova/dataset/cells/priamy_kanal/sim_2xKSin1_DE_hct15_seed6_rigid31_1/rbc138_sim_2xKSin1_DE_hct15_seed6_rigid31_1.dat
shape =  (8, 945)
945
loading  /home/jasencakova/dataset/cells/priamy_kanal/sim_2xKSin1_DE_hct15_seed6_rigid31_1/rbc139_sim_2xKSin1_DE_hct15_seed6_rigid31_1.dat
shape =  (8, 945)
945
loading  /home/jasencakova/dataset/cells/priamy_kanal/sim_2xKSin1_DE_hct15_seed6_rigid31_1/rbc140_sim_2xKSin1_DE_hct15_seed6_rigid31_1.dat
shape =  (8, 945)
945
loading  /home/jasencakova/dataset/cells/priamy_kanal/sim_2xKSin1_DE_hct15_seed6_rigid31_1/rbc141_sim_2xKSin1_DE_hct15_seed6_rigid31_1.dat
shape =  (8, 945)
945
loading  /home/jasencakova/dataset/cells/priamy_kanal/sim_2xKSin1_DE_hct15_seed6_rigid31_1/rbc142_sim_2xKSin1_DE_hct15_seed6_rigid31_1.dat
shape =  (8, 945)
945
loading  /home/jasencakova/dataset/cells/priamy_kanal/sim_2xKSin1_DE_hct15_seed6_rigid31_1/rbc143_sim_2xKSin1_DE_hct15_seed6_rigid31_1.dat
shape =  (8, 945)
945
loading  /home/jasencakova/dataset/cells/priamy_kanal/sim_2xKSin1_DE_hct15_seed6_rigid31_1/rbc144_sim_2xKSin1_DE_hct15_seed6_rigid31_1.dat
shape =  (8, 945)
945
loading  /home/jasencakova/dataset/cells/priamy_kanal/sim_2xKSin1_DE_hct15_seed6_rigid31_1/rbc145_sim_2xKSin1_DE_hct15_seed6_rigid31_1.dat
shape =  (8, 945)
945
loading  /home/jasencakova/dataset/cells/priamy_kanal/sim_2xKSin1_DE_hct15_seed6_rigid31_1/rbc146_sim_2xKSin1_DE_hct15_seed6_rigid31_1.dat
shape =  (8, 945)
945
loading  /home/jasencakova/dataset/cells/priamy_kanal/sim_2xKSin1_DE_hct15_seed6_rigid31_1/rbc147_sim_2xKSin1_DE_hct15_seed6_rigid31_1.dat
shape =  (8, 945)
945
loading  /home/jasencakova/dataset/cells/priamy_kanal/sim_2xKSin1_DE_hct15_seed6_rigid31_1/rbc148_sim_2xKSin1_DE_hct15_seed6_rigid31_1.dat
shape =  (8, 945)
945
loading  /home/jasencakova/dataset/cells/priamy_kanal/sim_2xKSin1_DE_hct15_seed6_rigid31_1/rbc149_sim_2xKSin1_DE_hct15_seed6_rigid31_1.dat
shape =  (8, 945)
945
loading  /home/jasencakova/dataset/cells/priamy_kanal/sim_2xKSin1_DE_hct15_seed6_rigid31_1/rbc150_sim_2xKSin1_DE_hct15_seed6_rigid31_1.dat
shape =  (8, 945)
945
loading  /home/jasencakova/dataset/cells/priamy_kanal/sim_2xKSin1_DE_hct15_seed6_rigid31_1/rbc151_sim_2xKSin1_DE_hct15_seed6_rigid31_1.dat
shape =  (8, 945)
945
loading  /home/jasencakova/dataset/cells/priamy_kanal/sim_2xKSin1_DE_hct15_seed6_rigid31_1/rbc152_sim_2xKSin1_DE_hct15_seed6_rigid31_1.dat
shape =  (8, 945)
945
loading  /home/jasencakova/dataset/cells/priamy_kanal/sim_2xKSin1_DE_hct15_seed6_rigid31_1/rbc153_sim_2xKSin1_DE_hct15_seed6_rigid31_1.dat
shape =  (8, 945)
945
shortest_length =  945
data_shape      =  (154, 945, 8)








dataset summary : 

training_dats shape    =  (154, 1402, 8)
testing_dats shape    =  (154, 945, 8)
training_count  =  21806708
testing_count   =  145530
channels_count  =  8
sequence_length =  128
classes_count   =   2
batch(32) tensor shape =  torch.Size([32, 8, 128]) torch.Size([32, 2])





model
Sequential(
  (0): Conv1d(8, 32, kernel_size=(3,), stride=(2,), padding=(1,))
  (1): ReLU()
  (2): Dropout(p=0.01, inplace=False)
  (3): Conv1d(32, 64, kernel_size=(3,), stride=(2,), padding=(1,))
  (4): ReLU()
  (5): Dropout(p=0.01, inplace=False)
  (6): Conv1d(64, 64, kernel_size=(3,), stride=(2,), padding=(1,))
  (7): ReLU()
  (8): Dropout(p=0.01, inplace=False)
  (9): Conv1d(64, 128, kernel_size=(3,), stride=(2,), padding=(1,))
  (10): ReLU()
  (11): Dropout(p=0.01, inplace=False)
  (12): Flatten()
  (13): Linear(in_features=1024, out_features=2, bias=True)
)



0 93.28224326596856 86.39403009666081 0.057748627 0.08444964 0.030415084 0.01129364 62.95 





=================================================
new best net in 0
TRAINING result
accuracy   = 93.282 [%]
hit_count  = 20341917
miss_count = 1464931

class_accuracy = 98.875%   71.099%   


confusion_matrix = 
17219964	 1269066	 
195865	 3121953	 



TESTING result
accuracy   = 86.394 [%]
hit_count  = 125845
miss_count = 19819

class_accuracy = 99.557%   33.842%   


confusion_matrix = 
115970	 19304	 
515	 9875	 




1 97.89273534625454 87.36818980667839 0.021073153 0.08047763 0.006295859 0.011374319 62.4 





=================================================
new best net in 1
TRAINING result
accuracy   = 97.893 [%]
hit_count  = 21347320
miss_count = 459528

class_accuracy = 99.937%   89.778%   


confusion_matrix = 
17407296	 448585	 
10943	 3940024	 



TESTING result
accuracy   = 87.368 [%]
hit_count  = 127264
miss_count = 18400

class_accuracy = 99.726%   38.399%   


confusion_matrix = 
115992	 18082	 
318	 11272	 




2 99.34967676208868 89.9151471880492 0.010726454 0.06297742 0.0032373406 0.009967006 61.85 





=================================================
new best net in 2
TRAINING result
accuracy   = 99.35 [%]
hit_count  = 21665033
miss_count = 141815

class_accuracy = 99.973%   96.877%   


confusion_matrix = 
17411595	 137112	 
4703	 4253438	 



TESTING result
accuracy   = 89.915 [%]
hit_count  = 130974
miss_count = 14690

class_accuracy = 99.968%   49.868%   


confusion_matrix = 
116396	 14654	 
36	 14578	 




3 99.7698658696571 90.32980008787347 0.0058847666 0.058737226 0.0018048116 0.0089426 61.28 





=================================================
new best net in 3
TRAINING result
accuracy   = 99.77 [%]
hit_count  = 21756663
miss_count = 50185

class_accuracy = 99.996%   98.873%   


confusion_matrix = 
17414286	 49490	 
695	 4342377	 



TESTING result
accuracy   = 90.33 [%]
hit_count  = 131578
miss_count = 14086

class_accuracy = 99.981%   52.064%   


confusion_matrix = 
116301	 14065	 
21	 15277	 




4 99.92463376642053 91.07397847100175 0.0036676729 0.05426516 0.0011005584 0.00832795 60.72 





=================================================
new best net in 4
TRAINING result
accuracy   = 99.925 [%]
hit_count  = 21790413
miss_count = 16435

class_accuracy = 99.999%   99.628%   


confusion_matrix = 
17418602	 16316	 
119	 4371811	 



TESTING result
accuracy   = 91.074 [%]
hit_count  = 132662
miss_count = 13002

class_accuracy = 99.982%   55.762%   


confusion_matrix = 
116297	 12982	 
20	 16365	 




5 99.96965632080345 91.04651801405976 0.0025809929 0.05370498 0.00076579297 0.008055 60.21 

6 99.98287693847364 91.59023506151142 0.002022522 0.052068695 0.00061479874 0.007972378 63.36 





=================================================
new best net in 6
TRAINING result
accuracy   = 99.983 [%]
hit_count  = 21803114
miss_count = 3734

class_accuracy = 100.0%   99.915%   


confusion_matrix = 
17414055	 3720	 
14	 4389059	 



TESTING result
accuracy   = 91.59 [%]
hit_count  = 133414
miss_count = 12250

class_accuracy = 99.991%   58.702%   


confusion_matrix = 
116014	 12240	 
10	 17400	 




7 99.98882919714028 92.90078536906854 0.0016491961 0.046186913 0.00052208616 0.0077968687 66.46 





=================================================
new best net in 7
TRAINING result
accuracy   = 99.989 [%]
hit_count  = 21804412
miss_count = 2436

class_accuracy = 100.0%   99.945%   


confusion_matrix = 
17418659	 2429	 
7	 4385753	 



TESTING result
accuracy   = 92.901 [%]
hit_count  = 135323
miss_count = 10341

class_accuracy = 99.996%   64.774%   


confusion_matrix = 
116313	 10337	 
4	 19010	 




8 99.99237395519059 94.30470123022847 0.0014017656 0.040674936 0.00045339775 0.0067840046 69.14 





=================================================
new best net in 8
TRAINING result
accuracy   = 99.992 [%]
hit_count  = 21805185
miss_count = 1663

class_accuracy = 100.0%   99.962%   


confusion_matrix = 
17419410	 1660	 
3	 4385775	 



TESTING result
accuracy   = 94.305 [%]
hit_count  = 137368
miss_count = 8296

class_accuracy = 99.991%   71.834%   


confusion_matrix = 
116230	 8287	 
9	 21138	 




9 99.99488692726248 95.49030645869948 0.001217133 0.036472715 0.00040193976 0.0062259496 71.2 





=================================================
new best net in 9
TRAINING result
accuracy   = 99.995 [%]
hit_count  = 21805733
miss_count = 1115

class_accuracy = 100.0%   99.975%   


confusion_matrix = 
17415846	 1113	 
2	 4389887	 



TESTING result
accuracy   = 95.49 [%]
hit_count  = 139095
miss_count = 6569

class_accuracy = 99.997%   77.653%   


confusion_matrix = 
116272	 6567	 
2	 22823	 




10 99.9962259561767 94.79898945518454 0.0010715853 0.038681988 0.0003629722 0.0072156694 73.11 

11 99.99701928495122 96.1006151142355 0.0009566054 0.033144414 0.0003324953 0.0062269415 74.68 





=================================================
new best net in 11
TRAINING result
accuracy   = 99.997 [%]
hit_count  = 21806198
miss_count = 650

class_accuracy = 100.0%   99.985%   


confusion_matrix = 
17415398	 650	 
0	 4390800	 



TESTING result
accuracy   = 96.101 [%]
hit_count  = 139984
miss_count = 5680

class_accuracy = 99.998%   80.719%   


confusion_matrix = 
116205	 5679	 
1	 23779	 




12 99.99748244221264 95.82326449912127 0.0008613706 0.03415924 0.00030572753 0.0064023933 75.95 

13 99.99795935662046 96.07109512302284 0.00078710984 0.032988027 0.00028478698 0.00647913 76.98 

14 99.99838124244275 96.34364015817224 0.0007271364 0.031556472 0.00026748216 0.006020767 77.78 





=================================================
new best net in 14
TRAINING result
accuracy   = 99.998 [%]
hit_count  = 21806495
miss_count = 353

class_accuracy = 100.0%   99.992%   


confusion_matrix = 
17415510	 351	 
2	 4390985	 



TESTING result
accuracy   = 96.344 [%]
hit_count  = 140338
miss_count = 5326

class_accuracy = 99.997%   81.848%   


confusion_matrix = 
116327	 5324	 
2	 24011	 




15 99.99859218535389 96.28940575571177 0.0006749801 0.03209976 0.0002512778 0.006055195 78.5 

16 99.99879854254957 96.96355997363796 0.00063323404 0.028847786 0.00023776887 0.005824143 78.94 





=================================================
new best net in 16
TRAINING result
accuracy   = 99.999 [%]
hit_count  = 21806586
miss_count = 262

class_accuracy = 100.0%   99.994%   


confusion_matrix = 
17415982	 260	 
2	 4390604	 



TESTING result
accuracy   = 96.964 [%]
hit_count  = 141241
miss_count = 4423

class_accuracy = 99.997%   84.863%   


confusion_matrix = 
116449	 4421	 
2	 24792	 




17 99.99918832836364 96.78438049209139 0.0005956186 0.029574702 0.00022419974 0.0059959684 79.19 

18 99.99915622835542 97.25670035149385 0.0005654388 0.02814567 0.00021657332 0.005820515 79.24 





=================================================
new best net in 18
TRAINING result
accuracy   = 99.999 [%]
hit_count  = 21806664
miss_count = 184

class_accuracy = 100.0%   99.996%   


confusion_matrix = 
17418959	 183	 
1	 4387705	 



TESTING result
accuracy   = 97.257 [%]
hit_count  = 141668
miss_count = 3996

class_accuracy = 99.999%   86.355%   


confusion_matrix = 
116372	 3996	 
0	 25296	 




19 99.99927087124192 97.03083809314587 0.000539052 0.028760277 0.00020814752 0.005734307 77.58 

20 99.99931672839651 97.00543717047452 0.00051315624 0.029029256 0.00019783826 0.0061668344 74.53 

21 99.99942219985208 97.19491432337433 0.0004932832 0.027376305 0.00019322376 0.005933071 71.76 

22 99.99950474273035 97.08095342706503 0.00047453432 0.028198507 0.00018446086 0.006183926 69.21 

23 99.99953684273858 97.69400812829525 0.00045603781 0.02516197 0.00017927101 0.005706091 66.87 





=================================================
new best net in 23
TRAINING result
accuracy   = 100.0 [%]
hit_count  = 21806747
miss_count = 101

class_accuracy = 100.0%   99.998%   


confusion_matrix = 
17415847	 101	 
0	 4390900	 



TESTING result
accuracy   = 97.694 [%]
hit_count  = 142305
miss_count = 3359

class_accuracy = 99.999%   88.615%   


confusion_matrix = 
116152	 3359	 
0	 26153	 




24 99.99957352846225 97.53885654657293 0.0004395062 0.025753858 0.00017257669 0.005760779 64.69 

25 99.99961021418594 97.77570298769771 0.00042133548 0.02441613 0.00016808837 0.0056042103 62.65 





=================================================
new best net in 25
TRAINING result
accuracy   = 100.0 [%]
hit_count  = 21806763
miss_count = 85

class_accuracy = 100.0%   99.998%   


confusion_matrix = 
17417044	 84	 
1	 4389719	 



TESTING result
accuracy   = 97.776 [%]
hit_count  = 142424
miss_count = 3240

class_accuracy = 99.999%   88.968%   


confusion_matrix = 
116286	 3240	 
0	 26138	 




26 99.99961938561685 97.51414213532513 0.00040531447 0.025414659 0.00016093548 0.0059235385 60.65 

27 99.99971109992605 97.84504064147627 0.00039033365 0.023677064 0.00015370813 0.005307549 58.81 





=================================================
new best net in 27
TRAINING result
accuracy   = 100.0 [%]
hit_count  = 21806785
miss_count = 63

class_accuracy = 100.0%   99.999%   


confusion_matrix = 
17414708	 63	 
0	 4392077	 



TESTING result
accuracy   = 97.845 [%]
hit_count  = 142525
miss_count = 3139

class_accuracy = 99.998%   89.264%   


confusion_matrix = 
116427	 3138	 
1	 26098	 




28 99.99969734277967 97.6589960456942 0.00037593325 0.024740653 0.00014994321 0.005659852 57.21 

29 99.99979364280432 97.57112258347979 0.0003619672 0.024534067 0.00014423985 0.005732958 55.73 

30 99.99983949995891 97.61986489455184 0.0003495773 0.0235978 0.00013808116 0.005888211 54.37 

31 99.99983032852799 98.09836335676626 0.0003371965 0.021501463 0.00013401514 0.0051990137 53.05 





=================================================
new best net in 31
TRAINING result
accuracy   = 100.0 [%]
hit_count  = 21806811
miss_count = 37

class_accuracy = 100.0%   99.999%   


confusion_matrix = 
17419205	 37	 
0	 4387606	 



TESTING result
accuracy   = 98.098 [%]
hit_count  = 142894
miss_count = 2770

class_accuracy = 99.995%   90.575%   


confusion_matrix = 
116312	 2765	 
5	 26582	 




32 99.9998624285362 97.80728251318102 0.00032807043 0.022755068 0.00013110285 0.0056901523 51.82 

33 99.9998624285362 97.91025922671353 0.00031754415 0.022128282 0.00012877963 0.0055985213 50.66 

34 99.99983491424345 98.28852702108964 0.00030858125 0.019845355 0.0001270391 0.005352213 49.53 





=================================================
new best net in 34
TRAINING result
accuracy   = 100.0 [%]
hit_count  = 21806812
miss_count = 36

class_accuracy = 100.0%   99.999%   


confusion_matrix = 
17415886	 36	 
0	 4390926	 



TESTING result
accuracy   = 98.289 [%]
hit_count  = 143171
miss_count = 2493

class_accuracy = 99.997%   91.444%   


confusion_matrix = 
116536	 2491	 
2	 26635	 




35 99.99989452854443 98.25969354130052 0.00029859247 0.019978559 0.00011911787 0.005132507 48.46 

36 99.99992204283718 98.31118189806678 0.0002894028 0.019658355 0.000116585405 0.005081035 47.43 





=================================================
new best net in 36
TRAINING result
accuracy   = 100.0 [%]
hit_count  = 21806831
miss_count = 17

class_accuracy = 100.0%   100.0%   


confusion_matrix = 
17415951	 17	 
0	 4390880	 



TESTING result
accuracy   = 98.311 [%]
hit_count  = 143204
miss_count = 2460

class_accuracy = 99.997%   91.634%   


confusion_matrix = 
116282	 2457	 
3	 26922	 




37 99.99988077139805 98.31598747803163 0.0002811507 0.019641086 0.00011681129 0.005336693 46.44 





=================================================
new best net in 37
TRAINING result
accuracy   = 100.0 [%]
hit_count  = 21806822
miss_count = 26

class_accuracy = 100.0%   99.999%   


confusion_matrix = 
17418525	 26	 
0	 4388297	 



TESTING result
accuracy   = 98.316 [%]
hit_count  = 143211
miss_count = 2453

class_accuracy = 99.998%   91.594%   


confusion_matrix = 
116484	 2452	 
1	 26727	 




38 99.99994955712994 98.24253075571177 0.00027268863 0.019701375 0.00011003328 0.0053126854 45.46 

39 99.99988077139805 98.22399494727593 0.00026519428 0.019579856 0.00010927502 0.0052714767 44.52 

40 99.99991745712173 98.26999121265378 0.00025794542 0.01914293 0.000112727575 0.0052819103 43.62 

41 99.99994038569902 98.27067772407733 0.00025190346 0.019014355 0.000103801496 0.0054331045 42.74 

42 99.99988994282897 98.22948703866432 0.0002458831 0.019523239 0.00011151449 0.005318047 41.86 

43 99.9999312142681 98.23909819859402 0.00024030967 0.0195191 0.00010241052 0.0049043456 41.0 

44 99.99993579998356 98.31873352372584 0.00023445366 0.018630642 0.00010201444 0.004986105 40.18 





=================================================
new best net in 44
TRAINING result
accuracy   = 100.0 [%]
hit_count  = 21806834
miss_count = 14

class_accuracy = 100.0%   100.0%   


confusion_matrix = 
17418146	 14	 
0	 4388688	 



TESTING result
accuracy   = 98.319 [%]
hit_count  = 143215
miss_count = 2449

class_accuracy = 99.99%   91.711%   


confusion_matrix = 
116230	 2438	 
11	 26985	 




45 99.99996331427633 98.3578646748682 0.0002285575 0.019047264 9.71162e-05 0.005120643 39.36 





=================================================
new best net in 45
TRAINING result
accuracy   = 100.0 [%]
hit_count  = 21806840
miss_count = 8

class_accuracy = 100.0%   100.0%   


confusion_matrix = 
17417751	 8	 
0	 4389089	 



TESTING result
accuracy   = 98.358 [%]
hit_count  = 143272
miss_count = 2392

class_accuracy = 99.996%   91.867%   


confusion_matrix = 
116288	 2388	 
4	 26984	 




46 99.99992204283718 98.20065355887522 0.00022492498 0.0195725 9.946968e-05 0.0052503506 38.54 

47 99.9999312142681 98.48486928822496 0.00021972241 0.018108647 9.605528e-05 0.0048962487 37.75 





=================================================
new best net in 47
TRAINING result
accuracy   = 100.0 [%]
hit_count  = 21806833
miss_count = 15

class_accuracy = 100.0%   100.0%   


confusion_matrix = 
17416752	 15	 
0	 4390081	 



TESTING result
accuracy   = 98.485 [%]
hit_count  = 143457
miss_count = 2207

class_accuracy = 99.98%   92.599%   


confusion_matrix = 
116107	 2185	 
22	 27350	 




48 99.99992204283718 98.38532513181019 0.00021605054 0.017940424 0.00010005474 0.0052545373 36.96 

49 99.99992204283718 98.4635874340949 0.00021088716 0.018083757 9.933003e-05 0.0049254824 36.18 

50 99.99990828569081 98.4416190685413 0.00020789796 0.017974118 0.0001010033 0.0054354537 35.4 

51 99.99990369997535 98.4031744288225 0.00020392571 0.018225925 9.635076e-05 0.0046413424 34.65 

52 99.99989911425989 98.54184973637962 0.00020087359 0.017005833 9.6708325e-05 0.004715747 33.89 





=================================================
new best net in 52
TRAINING result
accuracy   = 100.0 [%]
hit_count  = 21806826
miss_count = 22

class_accuracy = 100.0%   99.999%   


confusion_matrix = 
17414471	 22	 
0	 4392355	 



TESTING result
accuracy   = 98.542 [%]
hit_count  = 143540
miss_count = 2124

class_accuracy = 99.949%   92.872%   


confusion_matrix = 
116608	 2066	 
58	 26932	 




53 99.9999312142681 98.35923769771529 0.00019695202 0.018782306 9.2943155e-05 0.0051547093 33.14 

54 99.99986701425166 98.4045474516696 0.00019351843 0.018824097 0.000106007574 0.0049549155 32.42 

55 99.9999312142681 98.51095672231986 0.0001894027 0.01756227 9.808793e-05 0.004496531 31.67 

56 99.9998624285362 98.4072934973638 0.00018649959 0.017904341 9.882942e-05 0.005090651 30.94 

57 99.99985784282075 98.492420913884 0.00018234203 0.018215569 9.767304e-05 0.0048058126 30.21 

58 99.99981657138161 98.47663115114236 0.00018024829 0.017815344 0.00010686329 0.0048153833 29.5 

59 99.99980281423524 98.34825351493849 0.00017683874 0.018738678 0.000108316584 0.00493547 28.79 

60 99.99992662855264 98.47251208260106 0.00017347491 0.017783875 9.3050614e-05 0.0049010846 28.08 

61 99.9998761856826 98.4704525483304 0.00017069626 0.018192818 9.6239695e-05 0.005169234 27.36 

62 99.9998624285362 98.5088971880492 0.00016713391 0.017872885 9.615977e-05 0.004474563 26.66 

63 99.99982574281253 98.51370276801406 0.00016462774 0.017181555 0.00010557641 0.0044910433 25.96 

64 99.9997386142188 98.50409160808435 0.00016196222 0.018129889 0.000120357356 0.0045119897 25.24 

65 99.9998624285362 98.44642464850615 0.00015844015 0.018162062 0.00010172345 0.005090225 24.51 

66 99.99984867138983 98.58372693321617 0.00015527432 0.017242474 9.98055e-05 0.004905409 23.79 





=================================================
new best net in 66
TRAINING result
accuracy   = 100.0 [%]
hit_count  = 21806815
miss_count = 33

class_accuracy = 100.0%   99.999%   


confusion_matrix = 
17416537	 33	 
0	 4390278	 



TESTING result
accuracy   = 98.584 [%]
hit_count  = 143601
miss_count = 2063

class_accuracy = 99.972%   93.072%   


confusion_matrix = 
116302	 2031	 
32	 27299	 




67 99.99979822851978 98.57617530755712 0.00015284866 0.017581977 0.0001109165 0.0048320773 23.08 

68 99.99975695708063 98.54734182776801 0.00015087349 0.017698694 0.00012193137 0.004700334 22.39 

69 99.99983032852799 98.50546463093146 0.00014647245 0.017658414 0.000113438226 0.0049282038 21.69 

70 99.99969734277967 98.52674648506151 0.00014442707 0.017678767 0.00013299235 0.004735806 20.98 

71 99.99979364280432 98.5171353251318 0.00013971429 0.019025207 0.0001064935 0.0049427357 20.27 

72 99.99972485707242 98.53704415641477 0.00013748692 0.0182886 0.0001228072 0.0046688304 19.56 

73 99.99977988565793 98.49448044815466 0.00013475187 0.018261831 0.00010575394 0.0050449558 18.86 

74 99.99982115709707 98.52331392794376 0.00013188852 0.01831105 0.00010034709 0.0044844816 18.17 

75 99.99983032852799 98.60912785588752 0.00013031745 0.018003665 0.000103270635 0.0043704696 17.46 





=================================================
new best net in 75
TRAINING result
accuracy   = 100.0 [%]
hit_count  = 21806811
miss_count = 37

class_accuracy = 100.0%   99.999%   


confusion_matrix = 
17413309	 35	 
2	 4393502	 



TESTING result
accuracy   = 98.609 [%]
hit_count  = 143638
miss_count = 2026

class_accuracy = 99.916%   93.404%   


confusion_matrix = 
116308	 1929	 
97	 27330	 




76 99.99985325710529 98.55626647627416 0.00012782293 0.017122729 9.592562e-05 0.0047203987 16.77 

77 99.9998624285362 98.5212543936731 0.00012478107 0.018185392 8.4970976e-05 0.004837288 16.07 

78 99.99977071422701 98.57342926186291 0.00012415656 0.017540377 0.000111183486 0.0045258156 15.37 

79 99.99984408567437 98.54734182776801 0.00012203396 0.01786187 9.717895e-05 0.004728979 14.68 

80 99.9997615427961 98.62079855008787 0.00012051863 0.017074527 0.00010521096 0.0045895283 13.98 





=================================================
new best net in 80
TRAINING result
accuracy   = 100.0 [%]
hit_count  = 21806796
miss_count = 52

class_accuracy = 100.0%   99.999%   


confusion_matrix = 
17415122	 52	 
0	 4391674	 



TESTING result
accuracy   = 98.621 [%]
hit_count  = 143655
miss_count = 2009

class_accuracy = 99.899%   93.524%   


confusion_matrix = 
116317	 1892	 
117	 27338	 




81 99.99972944278788 98.55214740773286 0.00011984634 0.017583277 0.000119130826 0.0048946235 13.29 

82 99.99972027135696 98.52468695079087 0.000117233896 0.017662343 0.00011324102 0.0045047337 12.59 

83 99.99969734277967 98.51027021089631 0.00011697342 0.018530218 0.00011933404 0.0046580117 11.86 

84 99.99985784282075 98.60088971880492 0.00011366111 0.018174833 8.8378205e-05 0.004691246 11.17 

85 99.99972485707242 98.54253624780317 0.000113218426 0.018060157 0.00011730573 0.0045181033 10.48 

86 99.99980281423524 98.54390927065026 0.00011102981 0.018498218 9.762883e-05 0.004538976 9.79 

87 99.99985325710529 98.57686181898067 0.00010912055 0.017049922 8.9485715e-05 0.004490812 9.09 

88 99.99981198566616 98.5006590509666 0.00010854518 0.018298343 0.00010711143 0.0046402784 8.4 

89 99.99982115709707 98.61599297012302 0.0001060931 0.018237276 9.392969e-05 0.0046678754 7.7 

90 99.99983949995891 98.58098088752197 0.00010574407 0.018633962 9.705889e-05 0.004535373 7.01 

91 99.99980281423524 98.62560413005272 0.00010527052 0.018402906 9.070189e-05 0.0044872607 6.31 





=================================================
new best net in 91
TRAINING result
accuracy   = 100.0 [%]
hit_count  = 21806805
miss_count = 43

class_accuracy = 100.0%   99.999%   


confusion_matrix = 
17416500	 42	 
1	 4390305	 



TESTING result
accuracy   = 98.626 [%]
hit_count  = 143662
miss_count = 2002

class_accuracy = 99.895%   93.598%   


confusion_matrix = 
116148	 1881	 
121	 27514	 




92 99.99975237136518 98.61461994727593 0.000104139624 0.018163873 0.000120354554 0.0047139684 5.61 

93 99.99980281423524 98.55626647627416 0.00010237154 0.019093206 0.000104688 0.0046641296 4.91 

94 99.99979364280432 98.64619947275922 0.00010183946 0.017459016 0.00010589679 0.0045659733 4.22 





=================================================
new best net in 94
TRAINING result
accuracy   = 100.0 [%]
hit_count  = 21806803
miss_count = 45

class_accuracy = 100.0%   99.999%   


confusion_matrix = 
17414005	 45	 
0	 4392798	 



TESTING result
accuracy   = 98.646 [%]
hit_count  = 143692
miss_count = 1972

class_accuracy = 99.933%   93.505%   


confusion_matrix = 
116398	 1895	 
77	 27294	 




95 99.99981198566616 98.60981436731107 9.968499e-05 0.017650735 9.944569e-05 0.004501267 3.54 

96 99.99981657138161 98.64070738137083 9.924275e-05 0.017328154 0.000100192825 0.004542099 2.88 

97 99.99979364280432 98.58029437609842 9.8248776e-05 0.017831521 9.834506e-05 0.004656882 2.18 

98 99.99989452854443 98.59059204745166 9.722368e-05 0.018646283 8.2532475e-05 0.004546649 1.46 

99 99.99983491424345 98.65512412126537 9.602876e-05 0.017370483 9.348183e-05 0.0044788676 0.74 





=================================================
new best net in 99
TRAINING result
accuracy   = 100.0 [%]
hit_count  = 21806812
miss_count = 36

class_accuracy = 100.0%   99.999%   


confusion_matrix = 
17417699	 35	 
1	 4389113	 



TESTING result
accuracy   = 98.655 [%]
hit_count  = 143705
miss_count = 1959

class_accuracy = 99.888%   93.741%   


confusion_matrix = 
116281	 1830	 
129	 27424	 




