loading  /home/jasencakova/dataset/cells/priamy_kanal/sim_2xKSin1_D_hct15_seed5_rigid31_2_from1466000cy/rbc0_sim_2xKSin1_D_hct15_seed5_rigid31_2_from1466000cy.dat
shape =  (8, 990)
990
loading  /home/jasencakova/dataset/cells/priamy_kanal/sim_2xKSin1_D_hct15_seed5_rigid31_2_from1466000cy/rbc1_sim_2xKSin1_D_hct15_seed5_rigid31_2_from1466000cy.dat
shape =  (8, 990)
990
loading  /home/jasencakova/dataset/cells/priamy_kanal/sim_2xKSin1_D_hct15_seed5_rigid31_2_from1466000cy/rbc2_sim_2xKSin1_D_hct15_seed5_rigid31_2_from1466000cy.dat
shape =  (8, 989)
989
loading  /home/jasencakova/dataset/cells/priamy_kanal/sim_2xKSin1_D_hct15_seed5_rigid31_2_from1466000cy/rbc3_sim_2xKSin1_D_hct15_seed5_rigid31_2_from1466000cy.dat
shape =  (8, 989)
989
loading  /home/jasencakova/dataset/cells/priamy_kanal/sim_2xKSin1_D_hct15_seed5_rigid31_2_from1466000cy/rbc4_sim_2xKSin1_D_hct15_seed5_rigid31_2_from1466000cy.dat
shape =  (8, 989)
989
loading  /home/jasencakova/dataset/cells/priamy_kanal/sim_2xKSin1_D_hct15_seed5_rigid31_2_from1466000cy/rbc5_sim_2xKSin1_D_hct15_seed5_rigid31_2_from1466000cy.dat
shape =  (8, 989)
989
loading  /home/jasencakova/dataset/cells/priamy_kanal/sim_2xKSin1_D_hct15_seed5_rigid31_2_from1466000cy/rbc6_sim_2xKSin1_D_hct15_seed5_rigid31_2_from1466000cy.dat
shape =  (8, 989)
989
loading  /home/jasencakova/dataset/cells/priamy_kanal/sim_2xKSin1_D_hct15_seed5_rigid31_2_from1466000cy/rbc7_sim_2xKSin1_D_hct15_seed5_rigid31_2_from1466000cy.dat
shape =  (8, 989)
989
loading  /home/jasencakova/dataset/cells/priamy_kanal/sim_2xKSin1_D_hct15_seed5_rigid31_2_from1466000cy/rbc8_sim_2xKSin1_D_hct15_seed5_rigid31_2_from1466000cy.dat
shape =  (8, 989)
989
loading  /home/jasencakova/dataset/cells/priamy_kanal/sim_2xKSin1_D_hct15_seed5_rigid31_2_from1466000cy/rbc9_sim_2xKSin1_D_hct15_seed5_rigid31_2_from1466000cy.dat
shape =  (8, 989)
989
loading  /home/jasencakova/dataset/cells/priamy_kanal/sim_2xKSin1_D_hct15_seed5_rigid31_2_from1466000cy/rbc10_sim_2xKSin1_D_hct15_seed5_rigid31_2_from1466000cy.dat
shape =  (8, 990)
989
loading  /home/jasencakova/dataset/cells/priamy_kanal/sim_2xKSin1_D_hct15_seed5_rigid31_2_from1466000cy/rbc11_sim_2xKSin1_D_hct15_seed5_rigid31_2_from1466000cy.dat
shape =  (8, 990)
989
loading  /home/jasencakova/dataset/cells/priamy_kanal/sim_2xKSin1_D_hct15_seed5_rigid31_2_from1466000cy/rbc12_sim_2xKSin1_D_hct15_seed5_rigid31_2_from1466000cy.dat
shape =  (8, 990)
989
loading  /home/jasencakova/dataset/cells/priamy_kanal/sim_2xKSin1_D_hct15_seed5_rigid31_2_from1466000cy/rbc13_sim_2xKSin1_D_hct15_seed5_rigid31_2_from1466000cy.dat
shape =  (8, 990)
989
loading  /home/jasencakova/dataset/cells/priamy_kanal/sim_2xKSin1_D_hct15_seed5_rigid31_2_from1466000cy/rbc14_sim_2xKSin1_D_hct15_seed5_rigid31_2_from1466000cy.dat
shape =  (8, 990)
989
loading  /home/jasencakova/dataset/cells/priamy_kanal/sim_2xKSin1_D_hct15_seed5_rigid31_2_from1466000cy/rbc15_sim_2xKSin1_D_hct15_seed5_rigid31_2_from1466000cy.dat
shape =  (8, 990)
989
loading  /home/jasencakova/dataset/cells/priamy_kanal/sim_2xKSin1_D_hct15_seed5_rigid31_2_from1466000cy/rbc16_sim_2xKSin1_D_hct15_seed5_rigid31_2_from1466000cy.dat
shape =  (8, 989)
989
loading  /home/jasencakova/dataset/cells/priamy_kanal/sim_2xKSin1_D_hct15_seed5_rigid31_2_from1466000cy/rbc17_sim_2xKSin1_D_hct15_seed5_rigid31_2_from1466000cy.dat
shape =  (8, 989)
989
loading  /home/jasencakova/dataset/cells/priamy_kanal/sim_2xKSin1_D_hct15_seed5_rigid31_2_from1466000cy/rbc18_sim_2xKSin1_D_hct15_seed5_rigid31_2_from1466000cy.dat
shape =  (8, 989)
989
loading  /home/jasencakova/dataset/cells/priamy_kanal/sim_2xKSin1_D_hct15_seed5_rigid31_2_from1466000cy/rbc19_sim_2xKSin1_D_hct15_seed5_rigid31_2_from1466000cy.dat
shape =  (8, 989)
989
loading  /home/jasencakova/dataset/cells/priamy_kanal/sim_2xKSin1_D_hct15_seed5_rigid31_2_from1466000cy/rbc20_sim_2xKSin1_D_hct15_seed5_rigid31_2_from1466000cy.dat
shape =  (8, 989)
989
loading  /home/jasencakova/dataset/cells/priamy_kanal/sim_2xKSin1_D_hct15_seed5_rigid31_2_from1466000cy/rbc21_sim_2xKSin1_D_hct15_seed5_rigid31_2_from1466000cy.dat
shape =  (8, 989)
989
loading  /home/jasencakova/dataset/cells/priamy_kanal/sim_2xKSin1_D_hct15_seed5_rigid31_2_from1466000cy/rbc22_sim_2xKSin1_D_hct15_seed5_rigid31_2_from1466000cy.dat
shape =  (8, 989)
989
loading  /home/jasencakova/dataset/cells/priamy_kanal/sim_2xKSin1_D_hct15_seed5_rigid31_2_from1466000cy/rbc23_sim_2xKSin1_D_hct15_seed5_rigid31_2_from1466000cy.dat
shape =  (8, 989)
989
loading  /home/jasencakova/dataset/cells/priamy_kanal/sim_2xKSin1_D_hct15_seed5_rigid31_2_from1466000cy/rbc24_sim_2xKSin1_D_hct15_seed5_rigid31_2_from1466000cy.dat
shape =  (8, 989)
989
loading  /home/jasencakova/dataset/cells/priamy_kanal/sim_2xKSin1_D_hct15_seed5_rigid31_2_from1466000cy/rbc25_sim_2xKSin1_D_hct15_seed5_rigid31_2_from1466000cy.dat
shape =  (8, 989)
989
loading  /home/jasencakova/dataset/cells/priamy_kanal/sim_2xKSin1_D_hct15_seed5_rigid31_2_from1466000cy/rbc26_sim_2xKSin1_D_hct15_seed5_rigid31_2_from1466000cy.dat
shape =  (8, 989)
989
loading  /home/jasencakova/dataset/cells/priamy_kanal/sim_2xKSin1_D_hct15_seed5_rigid31_2_from1466000cy/rbc27_sim_2xKSin1_D_hct15_seed5_rigid31_2_from1466000cy.dat
shape =  (8, 989)
989
loading  /home/jasencakova/dataset/cells/priamy_kanal/sim_2xKSin1_D_hct15_seed5_rigid31_2_from1466000cy/rbc28_sim_2xKSin1_D_hct15_seed5_rigid31_2_from1466000cy.dat
shape =  (8, 989)
989
loading  /home/jasencakova/dataset/cells/priamy_kanal/sim_2xKSin1_D_hct15_seed5_rigid31_2_from1466000cy/rbc29_sim_2xKSin1_D_hct15_seed5_rigid31_2_from1466000cy.dat
shape =  (8, 989)
989
loading  /home/jasencakova/dataset/cells/priamy_kanal/sim_2xKSin1_D_hct15_seed5_rigid31_2_from1466000cy/rbc30_sim_2xKSin1_D_hct15_seed5_rigid31_2_from1466000cy.dat
shape =  (8, 989)
989
loading  /home/jasencakova/dataset/cells/priamy_kanal/sim_2xKSin1_D_hct15_seed5_rigid31_2_from1466000cy/rbc31_sim_2xKSin1_D_hct15_seed5_rigid31_2_from1466000cy.dat
shape =  (8, 989)
989
loading  /home/jasencakova/dataset/cells/priamy_kanal/sim_2xKSin1_D_hct15_seed5_rigid31_2_from1466000cy/rbc32_sim_2xKSin1_D_hct15_seed5_rigid31_2_from1466000cy.dat
shape =  (8, 989)
989
loading  /home/jasencakova/dataset/cells/priamy_kanal/sim_2xKSin1_D_hct15_seed5_rigid31_2_from1466000cy/rbc33_sim_2xKSin1_D_hct15_seed5_rigid31_2_from1466000cy.dat
shape =  (8, 989)
989
loading  /home/jasencakova/dataset/cells/priamy_kanal/sim_2xKSin1_D_hct15_seed5_rigid31_2_from1466000cy/rbc34_sim_2xKSin1_D_hct15_seed5_rigid31_2_from1466000cy.dat
shape =  (8, 989)
989
loading  /home/jasencakova/dataset/cells/priamy_kanal/sim_2xKSin1_D_hct15_seed5_rigid31_2_from1466000cy/rbc35_sim_2xKSin1_D_hct15_seed5_rigid31_2_from1466000cy.dat
shape =  (8, 989)
989
loading  /home/jasencakova/dataset/cells/priamy_kanal/sim_2xKSin1_D_hct15_seed5_rigid31_2_from1466000cy/rbc36_sim_2xKSin1_D_hct15_seed5_rigid31_2_from1466000cy.dat
shape =  (8, 989)
989
loading  /home/jasencakova/dataset/cells/priamy_kanal/sim_2xKSin1_D_hct15_seed5_rigid31_2_from1466000cy/rbc37_sim_2xKSin1_D_hct15_seed5_rigid31_2_from1466000cy.dat
shape =  (8, 989)
989
loading  /home/jasencakova/dataset/cells/priamy_kanal/sim_2xKSin1_D_hct15_seed5_rigid31_2_from1466000cy/rbc38_sim_2xKSin1_D_hct15_seed5_rigid31_2_from1466000cy.dat
shape =  (8, 989)
989
loading  /home/jasencakova/dataset/cells/priamy_kanal/sim_2xKSin1_D_hct15_seed5_rigid31_2_from1466000cy/rbc39_sim_2xKSin1_D_hct15_seed5_rigid31_2_from1466000cy.dat
shape =  (8, 989)
989
loading  /home/jasencakova/dataset/cells/priamy_kanal/sim_2xKSin1_D_hct15_seed5_rigid31_2_from1466000cy/rbc40_sim_2xKSin1_D_hct15_seed5_rigid31_2_from1466000cy.dat
shape =  (8, 989)
989
loading  /home/jasencakova/dataset/cells/priamy_kanal/sim_2xKSin1_D_hct15_seed5_rigid31_2_from1466000cy/rbc41_sim_2xKSin1_D_hct15_seed5_rigid31_2_from1466000cy.dat
shape =  (8, 989)
989
loading  /home/jasencakova/dataset/cells/priamy_kanal/sim_2xKSin1_D_hct15_seed5_rigid31_2_from1466000cy/rbc42_sim_2xKSin1_D_hct15_seed5_rigid31_2_from1466000cy.dat
shape =  (8, 989)
989
loading  /home/jasencakova/dataset/cells/priamy_kanal/sim_2xKSin1_D_hct15_seed5_rigid31_2_from1466000cy/rbc43_sim_2xKSin1_D_hct15_seed5_rigid31_2_from1466000cy.dat
shape =  (8, 989)
989
loading  /home/jasencakova/dataset/cells/priamy_kanal/sim_2xKSin1_D_hct15_seed5_rigid31_2_from1466000cy/rbc44_sim_2xKSin1_D_hct15_seed5_rigid31_2_from1466000cy.dat
shape =  (8, 989)
989
loading  /home/jasencakova/dataset/cells/priamy_kanal/sim_2xKSin1_D_hct15_seed5_rigid31_2_from1466000cy/rbc45_sim_2xKSin1_D_hct15_seed5_rigid31_2_from1466000cy.dat
shape =  (8, 989)
989
loading  /home/jasencakova/dataset/cells/priamy_kanal/sim_2xKSin1_D_hct15_seed5_rigid31_2_from1466000cy/rbc46_sim_2xKSin1_D_hct15_seed5_rigid31_2_from1466000cy.dat
shape =  (8, 989)
989
loading  /home/jasencakova/dataset/cells/priamy_kanal/sim_2xKSin1_D_hct15_seed5_rigid31_2_from1466000cy/rbc47_sim_2xKSin1_D_hct15_seed5_rigid31_2_from1466000cy.dat
shape =  (8, 989)
989
loading  /home/jasencakova/dataset/cells/priamy_kanal/sim_2xKSin1_D_hct15_seed5_rigid31_2_from1466000cy/rbc48_sim_2xKSin1_D_hct15_seed5_rigid31_2_from1466000cy.dat
shape =  (8, 989)
989
loading  /home/jasencakova/dataset/cells/priamy_kanal/sim_2xKSin1_D_hct15_seed5_rigid31_2_from1466000cy/rbc49_sim_2xKSin1_D_hct15_seed5_rigid31_2_from1466000cy.dat
shape =  (8, 989)
989
loading  /home/jasencakova/dataset/cells/priamy_kanal/sim_2xKSin1_D_hct15_seed5_rigid31_2_from1466000cy/rbc50_sim_2xKSin1_D_hct15_seed5_rigid31_2_from1466000cy.dat
shape =  (8, 989)
989
loading  /home/jasencakova/dataset/cells/priamy_kanal/sim_2xKSin1_D_hct15_seed5_rigid31_2_from1466000cy/rbc51_sim_2xKSin1_D_hct15_seed5_rigid31_2_from1466000cy.dat
shape =  (8, 989)
989
loading  /home/jasencakova/dataset/cells/priamy_kanal/sim_2xKSin1_D_hct15_seed5_rigid31_2_from1466000cy/rbc52_sim_2xKSin1_D_hct15_seed5_rigid31_2_from1466000cy.dat
shape =  (8, 989)
989
loading  /home/jasencakova/dataset/cells/priamy_kanal/sim_2xKSin1_D_hct15_seed5_rigid31_2_from1466000cy/rbc53_sim_2xKSin1_D_hct15_seed5_rigid31_2_from1466000cy.dat
shape =  (8, 989)
989
loading  /home/jasencakova/dataset/cells/priamy_kanal/sim_2xKSin1_D_hct15_seed5_rigid31_2_from1466000cy/rbc54_sim_2xKSin1_D_hct15_seed5_rigid31_2_from1466000cy.dat
shape =  (8, 989)
989
loading  /home/jasencakova/dataset/cells/priamy_kanal/sim_2xKSin1_D_hct15_seed5_rigid31_2_from1466000cy/rbc55_sim_2xKSin1_D_hct15_seed5_rigid31_2_from1466000cy.dat
shape =  (8, 989)
989
loading  /home/jasencakova/dataset/cells/priamy_kanal/sim_2xKSin1_D_hct15_seed5_rigid31_2_from1466000cy/rbc56_sim_2xKSin1_D_hct15_seed5_rigid31_2_from1466000cy.dat
shape =  (8, 989)
989
loading  /home/jasencakova/dataset/cells/priamy_kanal/sim_2xKSin1_D_hct15_seed5_rigid31_2_from1466000cy/rbc57_sim_2xKSin1_D_hct15_seed5_rigid31_2_from1466000cy.dat
shape =  (8, 989)
989
loading  /home/jasencakova/dataset/cells/priamy_kanal/sim_2xKSin1_D_hct15_seed5_rigid31_2_from1466000cy/rbc58_sim_2xKSin1_D_hct15_seed5_rigid31_2_from1466000cy.dat
shape =  (8, 989)
989
loading  /home/jasencakova/dataset/cells/priamy_kanal/sim_2xKSin1_D_hct15_seed5_rigid31_2_from1466000cy/rbc59_sim_2xKSin1_D_hct15_seed5_rigid31_2_from1466000cy.dat
shape =  (8, 989)
989
loading  /home/jasencakova/dataset/cells/priamy_kanal/sim_2xKSin1_D_hct15_seed5_rigid31_2_from1466000cy/rbc60_sim_2xKSin1_D_hct15_seed5_rigid31_2_from1466000cy.dat
shape =  (8, 989)
989
loading  /home/jasencakova/dataset/cells/priamy_kanal/sim_2xKSin1_D_hct15_seed5_rigid31_2_from1466000cy/rbc61_sim_2xKSin1_D_hct15_seed5_rigid31_2_from1466000cy.dat
shape =  (8, 989)
989
loading  /home/jasencakova/dataset/cells/priamy_kanal/sim_2xKSin1_D_hct15_seed5_rigid31_2_from1466000cy/rbc62_sim_2xKSin1_D_hct15_seed5_rigid31_2_from1466000cy.dat
shape =  (8, 989)
989
loading  /home/jasencakova/dataset/cells/priamy_kanal/sim_2xKSin1_D_hct15_seed5_rigid31_2_from1466000cy/rbc63_sim_2xKSin1_D_hct15_seed5_rigid31_2_from1466000cy.dat
shape =  (8, 989)
989
loading  /home/jasencakova/dataset/cells/priamy_kanal/sim_2xKSin1_D_hct15_seed5_rigid31_2_from1466000cy/rbc64_sim_2xKSin1_D_hct15_seed5_rigid31_2_from1466000cy.dat
shape =  (8, 989)
989
loading  /home/jasencakova/dataset/cells/priamy_kanal/sim_2xKSin1_D_hct15_seed5_rigid31_2_from1466000cy/rbc65_sim_2xKSin1_D_hct15_seed5_rigid31_2_from1466000cy.dat
shape =  (8, 989)
989
loading  /home/jasencakova/dataset/cells/priamy_kanal/sim_2xKSin1_D_hct15_seed5_rigid31_2_from1466000cy/rbc66_sim_2xKSin1_D_hct15_seed5_rigid31_2_from1466000cy.dat
shape =  (8, 989)
989
loading  /home/jasencakova/dataset/cells/priamy_kanal/sim_2xKSin1_D_hct15_seed5_rigid31_2_from1466000cy/rbc67_sim_2xKSin1_D_hct15_seed5_rigid31_2_from1466000cy.dat
shape =  (8, 989)
989
loading  /home/jasencakova/dataset/cells/priamy_kanal/sim_2xKSin1_D_hct15_seed5_rigid31_2_from1466000cy/rbc68_sim_2xKSin1_D_hct15_seed5_rigid31_2_from1466000cy.dat
shape =  (8, 989)
989
loading  /home/jasencakova/dataset/cells/priamy_kanal/sim_2xKSin1_D_hct15_seed5_rigid31_2_from1466000cy/rbc69_sim_2xKSin1_D_hct15_seed5_rigid31_2_from1466000cy.dat
shape =  (8, 989)
989
loading  /home/jasencakova/dataset/cells/priamy_kanal/sim_2xKSin1_D_hct15_seed5_rigid31_2_from1466000cy/rbc70_sim_2xKSin1_D_hct15_seed5_rigid31_2_from1466000cy.dat
shape =  (8, 989)
989
loading  /home/jasencakova/dataset/cells/priamy_kanal/sim_2xKSin1_D_hct15_seed5_rigid31_2_from1466000cy/rbc71_sim_2xKSin1_D_hct15_seed5_rigid31_2_from1466000cy.dat
shape =  (8, 989)
989
loading  /home/jasencakova/dataset/cells/priamy_kanal/sim_2xKSin1_D_hct15_seed5_rigid31_2_from1466000cy/rbc72_sim_2xKSin1_D_hct15_seed5_rigid31_2_from1466000cy.dat
shape =  (8, 989)
989
loading  /home/jasencakova/dataset/cells/priamy_kanal/sim_2xKSin1_D_hct15_seed5_rigid31_2_from1466000cy/rbc73_sim_2xKSin1_D_hct15_seed5_rigid31_2_from1466000cy.dat
shape =  (8, 989)
989
loading  /home/jasencakova/dataset/cells/priamy_kanal/sim_2xKSin1_D_hct15_seed5_rigid31_2_from1466000cy/rbc74_sim_2xKSin1_D_hct15_seed5_rigid31_2_from1466000cy.dat
shape =  (8, 989)
989
loading  /home/jasencakova/dataset/cells/priamy_kanal/sim_2xKSin1_D_hct15_seed5_rigid31_2_from1466000cy/rbc75_sim_2xKSin1_D_hct15_seed5_rigid31_2_from1466000cy.dat
shape =  (8, 989)
989
loading  /home/jasencakova/dataset/cells/priamy_kanal/sim_2xKSin1_D_hct15_seed5_rigid31_2_from1466000cy/rbc76_sim_2xKSin1_D_hct15_seed5_rigid31_2_from1466000cy.dat
shape =  (8, 989)
989
loading  /home/jasencakova/dataset/cells/priamy_kanal/sim_2xKSin1_D_hct15_seed5_rigid31_2_from1466000cy/rbc77_sim_2xKSin1_D_hct15_seed5_rigid31_2_from1466000cy.dat
shape =  (8, 989)
989
loading  /home/jasencakova/dataset/cells/priamy_kanal/sim_2xKSin1_D_hct15_seed5_rigid31_2_from1466000cy/rbc78_sim_2xKSin1_D_hct15_seed5_rigid31_2_from1466000cy.dat
shape =  (8, 989)
989
loading  /home/jasencakova/dataset/cells/priamy_kanal/sim_2xKSin1_D_hct15_seed5_rigid31_2_from1466000cy/rbc79_sim_2xKSin1_D_hct15_seed5_rigid31_2_from1466000cy.dat
shape =  (8, 989)
989
loading  /home/jasencakova/dataset/cells/priamy_kanal/sim_2xKSin1_D_hct15_seed5_rigid31_2_from1466000cy/rbc80_sim_2xKSin1_D_hct15_seed5_rigid31_2_from1466000cy.dat
shape =  (8, 989)
989
loading  /home/jasencakova/dataset/cells/priamy_kanal/sim_2xKSin1_D_hct15_seed5_rigid31_2_from1466000cy/rbc81_sim_2xKSin1_D_hct15_seed5_rigid31_2_from1466000cy.dat
shape =  (8, 989)
989
loading  /home/jasencakova/dataset/cells/priamy_kanal/sim_2xKSin1_D_hct15_seed5_rigid31_2_from1466000cy/rbc82_sim_2xKSin1_D_hct15_seed5_rigid31_2_from1466000cy.dat
shape =  (8, 989)
989
loading  /home/jasencakova/dataset/cells/priamy_kanal/sim_2xKSin1_D_hct15_seed5_rigid31_2_from1466000cy/rbc83_sim_2xKSin1_D_hct15_seed5_rigid31_2_from1466000cy.dat
shape =  (8, 989)
989
loading  /home/jasencakova/dataset/cells/priamy_kanal/sim_2xKSin1_D_hct15_seed5_rigid31_2_from1466000cy/rbc84_sim_2xKSin1_D_hct15_seed5_rigid31_2_from1466000cy.dat
shape =  (8, 989)
989
loading  /home/jasencakova/dataset/cells/priamy_kanal/sim_2xKSin1_D_hct15_seed5_rigid31_2_from1466000cy/rbc85_sim_2xKSin1_D_hct15_seed5_rigid31_2_from1466000cy.dat
shape =  (8, 989)
989
loading  /home/jasencakova/dataset/cells/priamy_kanal/sim_2xKSin1_D_hct15_seed5_rigid31_2_from1466000cy/rbc86_sim_2xKSin1_D_hct15_seed5_rigid31_2_from1466000cy.dat
shape =  (8, 989)
989
loading  /home/jasencakova/dataset/cells/priamy_kanal/sim_2xKSin1_D_hct15_seed5_rigid31_2_from1466000cy/rbc87_sim_2xKSin1_D_hct15_seed5_rigid31_2_from1466000cy.dat
shape =  (8, 989)
989
loading  /home/jasencakova/dataset/cells/priamy_kanal/sim_2xKSin1_D_hct15_seed5_rigid31_2_from1466000cy/rbc88_sim_2xKSin1_D_hct15_seed5_rigid31_2_from1466000cy.dat
shape =  (8, 989)
989
loading  /home/jasencakova/dataset/cells/priamy_kanal/sim_2xKSin1_D_hct15_seed5_rigid31_2_from1466000cy/rbc89_sim_2xKSin1_D_hct15_seed5_rigid31_2_from1466000cy.dat
shape =  (8, 989)
989
loading  /home/jasencakova/dataset/cells/priamy_kanal/sim_2xKSin1_D_hct15_seed5_rigid31_2_from1466000cy/rbc90_sim_2xKSin1_D_hct15_seed5_rigid31_2_from1466000cy.dat
shape =  (8, 989)
989
loading  /home/jasencakova/dataset/cells/priamy_kanal/sim_2xKSin1_D_hct15_seed5_rigid31_2_from1466000cy/rbc91_sim_2xKSin1_D_hct15_seed5_rigid31_2_from1466000cy.dat
shape =  (8, 989)
989
loading  /home/jasencakova/dataset/cells/priamy_kanal/sim_2xKSin1_D_hct15_seed5_rigid31_2_from1466000cy/rbc92_sim_2xKSin1_D_hct15_seed5_rigid31_2_from1466000cy.dat
shape =  (8, 989)
989
loading  /home/jasencakova/dataset/cells/priamy_kanal/sim_2xKSin1_D_hct15_seed5_rigid31_2_from1466000cy/rbc93_sim_2xKSin1_D_hct15_seed5_rigid31_2_from1466000cy.dat
shape =  (8, 989)
989
loading  /home/jasencakova/dataset/cells/priamy_kanal/sim_2xKSin1_D_hct15_seed5_rigid31_2_from1466000cy/rbc94_sim_2xKSin1_D_hct15_seed5_rigid31_2_from1466000cy.dat
shape =  (8, 989)
989
loading  /home/jasencakova/dataset/cells/priamy_kanal/sim_2xKSin1_D_hct15_seed5_rigid31_2_from1466000cy/rbc95_sim_2xKSin1_D_hct15_seed5_rigid31_2_from1466000cy.dat
shape =  (8, 989)
989
loading  /home/jasencakova/dataset/cells/priamy_kanal/sim_2xKSin1_D_hct15_seed5_rigid31_2_from1466000cy/rbc96_sim_2xKSin1_D_hct15_seed5_rigid31_2_from1466000cy.dat
shape =  (8, 989)
989
loading  /home/jasencakova/dataset/cells/priamy_kanal/sim_2xKSin1_D_hct15_seed5_rigid31_2_from1466000cy/rbc97_sim_2xKSin1_D_hct15_seed5_rigid31_2_from1466000cy.dat
shape =  (8, 989)
989
loading  /home/jasencakova/dataset/cells/priamy_kanal/sim_2xKSin1_D_hct15_seed5_rigid31_2_from1466000cy/rbc98_sim_2xKSin1_D_hct15_seed5_rigid31_2_from1466000cy.dat
shape =  (8, 989)
989
loading  /home/jasencakova/dataset/cells/priamy_kanal/sim_2xKSin1_D_hct15_seed5_rigid31_2_from1466000cy/rbc99_sim_2xKSin1_D_hct15_seed5_rigid31_2_from1466000cy.dat
shape =  (8, 989)
989
loading  /home/jasencakova/dataset/cells/priamy_kanal/sim_2xKSin1_D_hct15_seed5_rigid31_2_from1466000cy/rbc100_sim_2xKSin1_D_hct15_seed5_rigid31_2_from1466000cy.dat
shape =  (8, 990)
989
loading  /home/jasencakova/dataset/cells/priamy_kanal/sim_2xKSin1_D_hct15_seed5_rigid31_2_from1466000cy/rbc101_sim_2xKSin1_D_hct15_seed5_rigid31_2_from1466000cy.dat
shape =  (8, 990)
989
loading  /home/jasencakova/dataset/cells/priamy_kanal/sim_2xKSin1_D_hct15_seed5_rigid31_2_from1466000cy/rbc102_sim_2xKSin1_D_hct15_seed5_rigid31_2_from1466000cy.dat
shape =  (8, 990)
989
loading  /home/jasencakova/dataset/cells/priamy_kanal/sim_2xKSin1_D_hct15_seed5_rigid31_2_from1466000cy/rbc103_sim_2xKSin1_D_hct15_seed5_rigid31_2_from1466000cy.dat
shape =  (8, 990)
989
loading  /home/jasencakova/dataset/cells/priamy_kanal/sim_2xKSin1_D_hct15_seed5_rigid31_2_from1466000cy/rbc104_sim_2xKSin1_D_hct15_seed5_rigid31_2_from1466000cy.dat
shape =  (8, 990)
989
loading  /home/jasencakova/dataset/cells/priamy_kanal/sim_2xKSin1_D_hct15_seed5_rigid31_2_from1466000cy/rbc105_sim_2xKSin1_D_hct15_seed5_rigid31_2_from1466000cy.dat
shape =  (8, 990)
989
loading  /home/jasencakova/dataset/cells/priamy_kanal/sim_2xKSin1_D_hct15_seed5_rigid31_2_from1466000cy/rbc106_sim_2xKSin1_D_hct15_seed5_rigid31_2_from1466000cy.dat
shape =  (8, 990)
989
loading  /home/jasencakova/dataset/cells/priamy_kanal/sim_2xKSin1_D_hct15_seed5_rigid31_2_from1466000cy/rbc107_sim_2xKSin1_D_hct15_seed5_rigid31_2_from1466000cy.dat
shape =  (8, 990)
989
loading  /home/jasencakova/dataset/cells/priamy_kanal/sim_2xKSin1_D_hct15_seed5_rigid31_2_from1466000cy/rbc108_sim_2xKSin1_D_hct15_seed5_rigid31_2_from1466000cy.dat
shape =  (8, 990)
989
loading  /home/jasencakova/dataset/cells/priamy_kanal/sim_2xKSin1_D_hct15_seed5_rigid31_2_from1466000cy/rbc109_sim_2xKSin1_D_hct15_seed5_rigid31_2_from1466000cy.dat
shape =  (8, 990)
989
loading  /home/jasencakova/dataset/cells/priamy_kanal/sim_2xKSin1_D_hct15_seed5_rigid31_2_from1466000cy/rbc110_sim_2xKSin1_D_hct15_seed5_rigid31_2_from1466000cy.dat
shape =  (8, 990)
989
loading  /home/jasencakova/dataset/cells/priamy_kanal/sim_2xKSin1_D_hct15_seed5_rigid31_2_from1466000cy/rbc111_sim_2xKSin1_D_hct15_seed5_rigid31_2_from1466000cy.dat
shape =  (8, 990)
989
loading  /home/jasencakova/dataset/cells/priamy_kanal/sim_2xKSin1_D_hct15_seed5_rigid31_2_from1466000cy/rbc112_sim_2xKSin1_D_hct15_seed5_rigid31_2_from1466000cy.dat
shape =  (8, 990)
989
loading  /home/jasencakova/dataset/cells/priamy_kanal/sim_2xKSin1_D_hct15_seed5_rigid31_2_from1466000cy/rbc113_sim_2xKSin1_D_hct15_seed5_rigid31_2_from1466000cy.dat
shape =  (8, 990)
989
loading  /home/jasencakova/dataset/cells/priamy_kanal/sim_2xKSin1_D_hct15_seed5_rigid31_2_from1466000cy/rbc114_sim_2xKSin1_D_hct15_seed5_rigid31_2_from1466000cy.dat
shape =  (8, 990)
989
loading  /home/jasencakova/dataset/cells/priamy_kanal/sim_2xKSin1_D_hct15_seed5_rigid31_2_from1466000cy/rbc115_sim_2xKSin1_D_hct15_seed5_rigid31_2_from1466000cy.dat
shape =  (8, 990)
989
loading  /home/jasencakova/dataset/cells/priamy_kanal/sim_2xKSin1_D_hct15_seed5_rigid31_2_from1466000cy/rbc116_sim_2xKSin1_D_hct15_seed5_rigid31_2_from1466000cy.dat
shape =  (8, 990)
989
loading  /home/jasencakova/dataset/cells/priamy_kanal/sim_2xKSin1_D_hct15_seed5_rigid31_2_from1466000cy/rbc117_sim_2xKSin1_D_hct15_seed5_rigid31_2_from1466000cy.dat
shape =  (8, 990)
989
loading  /home/jasencakova/dataset/cells/priamy_kanal/sim_2xKSin1_D_hct15_seed5_rigid31_2_from1466000cy/rbc118_sim_2xKSin1_D_hct15_seed5_rigid31_2_from1466000cy.dat
shape =  (8, 990)
989
loading  /home/jasencakova/dataset/cells/priamy_kanal/sim_2xKSin1_D_hct15_seed5_rigid31_2_from1466000cy/rbc119_sim_2xKSin1_D_hct15_seed5_rigid31_2_from1466000cy.dat
shape =  (8, 989)
989
loading  /home/jasencakova/dataset/cells/priamy_kanal/sim_2xKSin1_D_hct15_seed5_rigid31_2_from1466000cy/rbc120_sim_2xKSin1_D_hct15_seed5_rigid31_2_from1466000cy.dat
shape =  (8, 989)
989
loading  /home/jasencakova/dataset/cells/priamy_kanal/sim_2xKSin1_D_hct15_seed5_rigid31_2_from1466000cy/rbc121_sim_2xKSin1_D_hct15_seed5_rigid31_2_from1466000cy.dat
shape =  (8, 989)
989
loading  /home/jasencakova/dataset/cells/priamy_kanal/sim_2xKSin1_D_hct15_seed5_rigid31_2_from1466000cy/rbc122_sim_2xKSin1_D_hct15_seed5_rigid31_2_from1466000cy.dat
shape =  (8, 989)
989
loading  /home/jasencakova/dataset/cells/priamy_kanal/sim_2xKSin1_D_hct15_seed5_rigid31_2_from1466000cy/rbc123_sim_2xKSin1_D_hct15_seed5_rigid31_2_from1466000cy.dat
shape =  (8, 989)
989
loading  /home/jasencakova/dataset/cells/priamy_kanal/sim_2xKSin1_D_hct15_seed5_rigid31_2_from1466000cy/rbc124_sim_2xKSin1_D_hct15_seed5_rigid31_2_from1466000cy.dat
shape =  (8, 989)
989
loading  /home/jasencakova/dataset/cells/priamy_kanal/sim_2xKSin1_D_hct15_seed5_rigid31_2_from1466000cy/rbc125_sim_2xKSin1_D_hct15_seed5_rigid31_2_from1466000cy.dat
shape =  (8, 989)
989
loading  /home/jasencakova/dataset/cells/priamy_kanal/sim_2xKSin1_D_hct15_seed5_rigid31_2_from1466000cy/rbc126_sim_2xKSin1_D_hct15_seed5_rigid31_2_from1466000cy.dat
shape =  (8, 989)
989
loading  /home/jasencakova/dataset/cells/priamy_kanal/sim_2xKSin1_D_hct15_seed5_rigid31_2_from1466000cy/rbc127_sim_2xKSin1_D_hct15_seed5_rigid31_2_from1466000cy.dat
shape =  (8, 989)
989
loading  /home/jasencakova/dataset/cells/priamy_kanal/sim_2xKSin1_D_hct15_seed5_rigid31_2_from1466000cy/rbc128_sim_2xKSin1_D_hct15_seed5_rigid31_2_from1466000cy.dat
shape =  (8, 989)
989
loading  /home/jasencakova/dataset/cells/priamy_kanal/sim_2xKSin1_D_hct15_seed5_rigid31_2_from1466000cy/rbc129_sim_2xKSin1_D_hct15_seed5_rigid31_2_from1466000cy.dat
shape =  (8, 989)
989
loading  /home/jasencakova/dataset/cells/priamy_kanal/sim_2xKSin1_D_hct15_seed5_rigid31_2_from1466000cy/rbc130_sim_2xKSin1_D_hct15_seed5_rigid31_2_from1466000cy.dat
shape =  (8, 989)
989
loading  /home/jasencakova/dataset/cells/priamy_kanal/sim_2xKSin1_D_hct15_seed5_rigid31_2_from1466000cy/rbc131_sim_2xKSin1_D_hct15_seed5_rigid31_2_from1466000cy.dat
shape =  (8, 989)
989
loading  /home/jasencakova/dataset/cells/priamy_kanal/sim_2xKSin1_D_hct15_seed5_rigid31_2_from1466000cy/rbc132_sim_2xKSin1_D_hct15_seed5_rigid31_2_from1466000cy.dat
shape =  (8, 989)
989
loading  /home/jasencakova/dataset/cells/priamy_kanal/sim_2xKSin1_D_hct15_seed5_rigid31_2_from1466000cy/rbc133_sim_2xKSin1_D_hct15_seed5_rigid31_2_from1466000cy.dat
shape =  (8, 989)
989
loading  /home/jasencakova/dataset/cells/priamy_kanal/sim_2xKSin1_D_hct15_seed5_rigid31_2_from1466000cy/rbc134_sim_2xKSin1_D_hct15_seed5_rigid31_2_from1466000cy.dat
shape =  (8, 989)
989
loading  /home/jasencakova/dataset/cells/priamy_kanal/sim_2xKSin1_D_hct15_seed5_rigid31_2_from1466000cy/rbc135_sim_2xKSin1_D_hct15_seed5_rigid31_2_from1466000cy.dat
shape =  (8, 989)
989
loading  /home/jasencakova/dataset/cells/priamy_kanal/sim_2xKSin1_D_hct15_seed5_rigid31_2_from1466000cy/rbc136_sim_2xKSin1_D_hct15_seed5_rigid31_2_from1466000cy.dat
shape =  (8, 989)
989
loading  /home/jasencakova/dataset/cells/priamy_kanal/sim_2xKSin1_D_hct15_seed5_rigid31_2_from1466000cy/rbc137_sim_2xKSin1_D_hct15_seed5_rigid31_2_from1466000cy.dat
shape =  (8, 989)
989
loading  /home/jasencakova/dataset/cells/priamy_kanal/sim_2xKSin1_D_hct15_seed5_rigid31_2_from1466000cy/rbc138_sim_2xKSin1_D_hct15_seed5_rigid31_2_from1466000cy.dat
shape =  (8, 989)
989
loading  /home/jasencakova/dataset/cells/priamy_kanal/sim_2xKSin1_D_hct15_seed5_rigid31_2_from1466000cy/rbc139_sim_2xKSin1_D_hct15_seed5_rigid31_2_from1466000cy.dat
shape =  (8, 989)
989
loading  /home/jasencakova/dataset/cells/priamy_kanal/sim_2xKSin1_D_hct15_seed5_rigid31_2_from1466000cy/rbc140_sim_2xKSin1_D_hct15_seed5_rigid31_2_from1466000cy.dat
shape =  (8, 989)
989
loading  /home/jasencakova/dataset/cells/priamy_kanal/sim_2xKSin1_D_hct15_seed5_rigid31_2_from1466000cy/rbc141_sim_2xKSin1_D_hct15_seed5_rigid31_2_from1466000cy.dat
shape =  (8, 989)
989
loading  /home/jasencakova/dataset/cells/priamy_kanal/sim_2xKSin1_D_hct15_seed5_rigid31_2_from1466000cy/rbc142_sim_2xKSin1_D_hct15_seed5_rigid31_2_from1466000cy.dat
shape =  (8, 989)
989
loading  /home/jasencakova/dataset/cells/priamy_kanal/sim_2xKSin1_D_hct15_seed5_rigid31_2_from1466000cy/rbc143_sim_2xKSin1_D_hct15_seed5_rigid31_2_from1466000cy.dat
shape =  (8, 989)
989
loading  /home/jasencakova/dataset/cells/priamy_kanal/sim_2xKSin1_D_hct15_seed5_rigid31_2_from1466000cy/rbc144_sim_2xKSin1_D_hct15_seed5_rigid31_2_from1466000cy.dat
shape =  (8, 989)
989
loading  /home/jasencakova/dataset/cells/priamy_kanal/sim_2xKSin1_D_hct15_seed5_rigid31_2_from1466000cy/rbc145_sim_2xKSin1_D_hct15_seed5_rigid31_2_from1466000cy.dat
shape =  (8, 989)
989
loading  /home/jasencakova/dataset/cells/priamy_kanal/sim_2xKSin1_D_hct15_seed5_rigid31_2_from1466000cy/rbc146_sim_2xKSin1_D_hct15_seed5_rigid31_2_from1466000cy.dat
shape =  (8, 989)
989
loading  /home/jasencakova/dataset/cells/priamy_kanal/sim_2xKSin1_D_hct15_seed5_rigid31_2_from1466000cy/rbc147_sim_2xKSin1_D_hct15_seed5_rigid31_2_from1466000cy.dat
shape =  (8, 989)
989
loading  /home/jasencakova/dataset/cells/priamy_kanal/sim_2xKSin1_D_hct15_seed5_rigid31_2_from1466000cy/rbc148_sim_2xKSin1_D_hct15_seed5_rigid31_2_from1466000cy.dat
shape =  (8, 989)
989
loading  /home/jasencakova/dataset/cells/priamy_kanal/sim_2xKSin1_D_hct15_seed5_rigid31_2_from1466000cy/rbc149_sim_2xKSin1_D_hct15_seed5_rigid31_2_from1466000cy.dat
shape =  (8, 989)
989
loading  /home/jasencakova/dataset/cells/priamy_kanal/sim_2xKSin1_D_hct15_seed5_rigid31_2_from1466000cy/rbc150_sim_2xKSin1_D_hct15_seed5_rigid31_2_from1466000cy.dat
shape =  (8, 989)
989
loading  /home/jasencakova/dataset/cells/priamy_kanal/sim_2xKSin1_D_hct15_seed5_rigid31_2_from1466000cy/rbc151_sim_2xKSin1_D_hct15_seed5_rigid31_2_from1466000cy.dat
shape =  (8, 989)
989
loading  /home/jasencakova/dataset/cells/priamy_kanal/sim_2xKSin1_D_hct15_seed5_rigid31_2_from1466000cy/rbc152_sim_2xKSin1_D_hct15_seed5_rigid31_2_from1466000cy.dat
shape =  (8, 989)
989
loading  /home/jasencakova/dataset/cells/priamy_kanal/sim_2xKSin1_D_hct15_seed5_rigid31_2_from1466000cy/rbc153_sim_2xKSin1_D_hct15_seed5_rigid31_2_from1466000cy.dat
shape =  (8, 989)
989
shortest_length =  989
data_shape      =  (154, 989, 8)



loading  /home/jasencakova/dataset/cells/priamy_kanal/sim_2xKSin1_D_hct15_seed4_rigid31_5/rbc0_sim_2xKSin1_DC_hct15_seed4_rigid31_5.dat
shape =  (8, 724)
724
loading  /home/jasencakova/dataset/cells/priamy_kanal/sim_2xKSin1_D_hct15_seed4_rigid31_5/rbc1_sim_2xKSin1_DC_hct15_seed4_rigid31_5.dat
shape =  (8, 724)
724
loading  /home/jasencakova/dataset/cells/priamy_kanal/sim_2xKSin1_D_hct15_seed4_rigid31_5/rbc2_sim_2xKSin1_DC_hct15_seed4_rigid31_5.dat
shape =  (8, 724)
724
loading  /home/jasencakova/dataset/cells/priamy_kanal/sim_2xKSin1_D_hct15_seed4_rigid31_5/rbc3_sim_2xKSin1_DC_hct15_seed4_rigid31_5.dat
shape =  (8, 724)
724
loading  /home/jasencakova/dataset/cells/priamy_kanal/sim_2xKSin1_D_hct15_seed4_rigid31_5/rbc4_sim_2xKSin1_DC_hct15_seed4_rigid31_5.dat
shape =  (8, 724)
724
loading  /home/jasencakova/dataset/cells/priamy_kanal/sim_2xKSin1_D_hct15_seed4_rigid31_5/rbc5_sim_2xKSin1_DC_hct15_seed4_rigid31_5.dat
shape =  (8, 724)
724
loading  /home/jasencakova/dataset/cells/priamy_kanal/sim_2xKSin1_D_hct15_seed4_rigid31_5/rbc6_sim_2xKSin1_DC_hct15_seed4_rigid31_5.dat
shape =  (8, 724)
724
loading  /home/jasencakova/dataset/cells/priamy_kanal/sim_2xKSin1_D_hct15_seed4_rigid31_5/rbc7_sim_2xKSin1_DC_hct15_seed4_rigid31_5.dat
shape =  (8, 724)
724
loading  /home/jasencakova/dataset/cells/priamy_kanal/sim_2xKSin1_D_hct15_seed4_rigid31_5/rbc8_sim_2xKSin1_DC_hct15_seed4_rigid31_5.dat
shape =  (8, 724)
724
loading  /home/jasencakova/dataset/cells/priamy_kanal/sim_2xKSin1_D_hct15_seed4_rigid31_5/rbc9_sim_2xKSin1_DC_hct15_seed4_rigid31_5.dat
shape =  (8, 724)
724
loading  /home/jasencakova/dataset/cells/priamy_kanal/sim_2xKSin1_D_hct15_seed4_rigid31_5/rbc10_sim_2xKSin1_DC_hct15_seed4_rigid31_5.dat
shape =  (8, 724)
724
loading  /home/jasencakova/dataset/cells/priamy_kanal/sim_2xKSin1_D_hct15_seed4_rigid31_5/rbc11_sim_2xKSin1_DC_hct15_seed4_rigid31_5.dat
shape =  (8, 724)
724
loading  /home/jasencakova/dataset/cells/priamy_kanal/sim_2xKSin1_D_hct15_seed4_rigid31_5/rbc12_sim_2xKSin1_DC_hct15_seed4_rigid31_5.dat
shape =  (8, 724)
724
loading  /home/jasencakova/dataset/cells/priamy_kanal/sim_2xKSin1_D_hct15_seed4_rigid31_5/rbc13_sim_2xKSin1_DC_hct15_seed4_rigid31_5.dat
shape =  (8, 724)
724
loading  /home/jasencakova/dataset/cells/priamy_kanal/sim_2xKSin1_D_hct15_seed4_rigid31_5/rbc14_sim_2xKSin1_DC_hct15_seed4_rigid31_5.dat
shape =  (8, 724)
724
loading  /home/jasencakova/dataset/cells/priamy_kanal/sim_2xKSin1_D_hct15_seed4_rigid31_5/rbc15_sim_2xKSin1_DC_hct15_seed4_rigid31_5.dat
shape =  (8, 724)
724
loading  /home/jasencakova/dataset/cells/priamy_kanal/sim_2xKSin1_D_hct15_seed4_rigid31_5/rbc16_sim_2xKSin1_DC_hct15_seed4_rigid31_5.dat
shape =  (8, 724)
724
loading  /home/jasencakova/dataset/cells/priamy_kanal/sim_2xKSin1_D_hct15_seed4_rigid31_5/rbc17_sim_2xKSin1_DC_hct15_seed4_rigid31_5.dat
shape =  (8, 724)
724
loading  /home/jasencakova/dataset/cells/priamy_kanal/sim_2xKSin1_D_hct15_seed4_rigid31_5/rbc18_sim_2xKSin1_DC_hct15_seed4_rigid31_5.dat
shape =  (8, 724)
724
loading  /home/jasencakova/dataset/cells/priamy_kanal/sim_2xKSin1_D_hct15_seed4_rigid31_5/rbc19_sim_2xKSin1_DC_hct15_seed4_rigid31_5.dat
shape =  (8, 724)
724
loading  /home/jasencakova/dataset/cells/priamy_kanal/sim_2xKSin1_D_hct15_seed4_rigid31_5/rbc20_sim_2xKSin1_DC_hct15_seed4_rigid31_5.dat
shape =  (8, 724)
724
loading  /home/jasencakova/dataset/cells/priamy_kanal/sim_2xKSin1_D_hct15_seed4_rigid31_5/rbc21_sim_2xKSin1_DC_hct15_seed4_rigid31_5.dat
shape =  (8, 724)
724
loading  /home/jasencakova/dataset/cells/priamy_kanal/sim_2xKSin1_D_hct15_seed4_rigid31_5/rbc22_sim_2xKSin1_DC_hct15_seed4_rigid31_5.dat
shape =  (8, 724)
724
loading  /home/jasencakova/dataset/cells/priamy_kanal/sim_2xKSin1_D_hct15_seed4_rigid31_5/rbc23_sim_2xKSin1_DC_hct15_seed4_rigid31_5.dat
shape =  (8, 724)
724
loading  /home/jasencakova/dataset/cells/priamy_kanal/sim_2xKSin1_D_hct15_seed4_rigid31_5/rbc24_sim_2xKSin1_DC_hct15_seed4_rigid31_5.dat
shape =  (8, 724)
724
loading  /home/jasencakova/dataset/cells/priamy_kanal/sim_2xKSin1_D_hct15_seed4_rigid31_5/rbc25_sim_2xKSin1_DC_hct15_seed4_rigid31_5.dat
shape =  (8, 724)
724
loading  /home/jasencakova/dataset/cells/priamy_kanal/sim_2xKSin1_D_hct15_seed4_rigid31_5/rbc26_sim_2xKSin1_DC_hct15_seed4_rigid31_5.dat
shape =  (8, 724)
724
loading  /home/jasencakova/dataset/cells/priamy_kanal/sim_2xKSin1_D_hct15_seed4_rigid31_5/rbc27_sim_2xKSin1_DC_hct15_seed4_rigid31_5.dat
shape =  (8, 724)
724
loading  /home/jasencakova/dataset/cells/priamy_kanal/sim_2xKSin1_D_hct15_seed4_rigid31_5/rbc28_sim_2xKSin1_DC_hct15_seed4_rigid31_5.dat
shape =  (8, 724)
724
loading  /home/jasencakova/dataset/cells/priamy_kanal/sim_2xKSin1_D_hct15_seed4_rigid31_5/rbc29_sim_2xKSin1_DC_hct15_seed4_rigid31_5.dat
shape =  (8, 724)
724
loading  /home/jasencakova/dataset/cells/priamy_kanal/sim_2xKSin1_D_hct15_seed4_rigid31_5/rbc30_sim_2xKSin1_DC_hct15_seed4_rigid31_5.dat
shape =  (8, 724)
724
loading  /home/jasencakova/dataset/cells/priamy_kanal/sim_2xKSin1_D_hct15_seed4_rigid31_5/rbc31_sim_2xKSin1_DC_hct15_seed4_rigid31_5.dat
shape =  (8, 724)
724
loading  /home/jasencakova/dataset/cells/priamy_kanal/sim_2xKSin1_D_hct15_seed4_rigid31_5/rbc32_sim_2xKSin1_DC_hct15_seed4_rigid31_5.dat
shape =  (8, 724)
724
loading  /home/jasencakova/dataset/cells/priamy_kanal/sim_2xKSin1_D_hct15_seed4_rigid31_5/rbc33_sim_2xKSin1_DC_hct15_seed4_rigid31_5.dat
shape =  (8, 724)
724
loading  /home/jasencakova/dataset/cells/priamy_kanal/sim_2xKSin1_D_hct15_seed4_rigid31_5/rbc34_sim_2xKSin1_DC_hct15_seed4_rigid31_5.dat
shape =  (8, 724)
724
loading  /home/jasencakova/dataset/cells/priamy_kanal/sim_2xKSin1_D_hct15_seed4_rigid31_5/rbc35_sim_2xKSin1_DC_hct15_seed4_rigid31_5.dat
shape =  (8, 724)
724
loading  /home/jasencakova/dataset/cells/priamy_kanal/sim_2xKSin1_D_hct15_seed4_rigid31_5/rbc36_sim_2xKSin1_DC_hct15_seed4_rigid31_5.dat
shape =  (8, 724)
724
loading  /home/jasencakova/dataset/cells/priamy_kanal/sim_2xKSin1_D_hct15_seed4_rigid31_5/rbc37_sim_2xKSin1_DC_hct15_seed4_rigid31_5.dat
shape =  (8, 724)
724
loading  /home/jasencakova/dataset/cells/priamy_kanal/sim_2xKSin1_D_hct15_seed4_rigid31_5/rbc38_sim_2xKSin1_DC_hct15_seed4_rigid31_5.dat
shape =  (8, 724)
724
loading  /home/jasencakova/dataset/cells/priamy_kanal/sim_2xKSin1_D_hct15_seed4_rigid31_5/rbc39_sim_2xKSin1_DC_hct15_seed4_rigid31_5.dat
shape =  (8, 724)
724
loading  /home/jasencakova/dataset/cells/priamy_kanal/sim_2xKSin1_D_hct15_seed4_rigid31_5/rbc40_sim_2xKSin1_DC_hct15_seed4_rigid31_5.dat
shape =  (8, 724)
724
loading  /home/jasencakova/dataset/cells/priamy_kanal/sim_2xKSin1_D_hct15_seed4_rigid31_5/rbc41_sim_2xKSin1_DC_hct15_seed4_rigid31_5.dat
shape =  (8, 724)
724
loading  /home/jasencakova/dataset/cells/priamy_kanal/sim_2xKSin1_D_hct15_seed4_rigid31_5/rbc42_sim_2xKSin1_DC_hct15_seed4_rigid31_5.dat
shape =  (8, 724)
724
loading  /home/jasencakova/dataset/cells/priamy_kanal/sim_2xKSin1_D_hct15_seed4_rigid31_5/rbc43_sim_2xKSin1_DC_hct15_seed4_rigid31_5.dat
shape =  (8, 724)
724
loading  /home/jasencakova/dataset/cells/priamy_kanal/sim_2xKSin1_D_hct15_seed4_rigid31_5/rbc44_sim_2xKSin1_DC_hct15_seed4_rigid31_5.dat
shape =  (8, 724)
724
loading  /home/jasencakova/dataset/cells/priamy_kanal/sim_2xKSin1_D_hct15_seed4_rigid31_5/rbc45_sim_2xKSin1_DC_hct15_seed4_rigid31_5.dat
shape =  (8, 724)
724
loading  /home/jasencakova/dataset/cells/priamy_kanal/sim_2xKSin1_D_hct15_seed4_rigid31_5/rbc46_sim_2xKSin1_DC_hct15_seed4_rigid31_5.dat
shape =  (8, 724)
724
loading  /home/jasencakova/dataset/cells/priamy_kanal/sim_2xKSin1_D_hct15_seed4_rigid31_5/rbc47_sim_2xKSin1_DC_hct15_seed4_rigid31_5.dat
shape =  (8, 724)
724
loading  /home/jasencakova/dataset/cells/priamy_kanal/sim_2xKSin1_D_hct15_seed4_rigid31_5/rbc48_sim_2xKSin1_DC_hct15_seed4_rigid31_5.dat
shape =  (8, 724)
724
loading  /home/jasencakova/dataset/cells/priamy_kanal/sim_2xKSin1_D_hct15_seed4_rigid31_5/rbc49_sim_2xKSin1_DC_hct15_seed4_rigid31_5.dat
shape =  (8, 724)
724
loading  /home/jasencakova/dataset/cells/priamy_kanal/sim_2xKSin1_D_hct15_seed4_rigid31_5/rbc50_sim_2xKSin1_DC_hct15_seed4_rigid31_5.dat
shape =  (8, 724)
724
loading  /home/jasencakova/dataset/cells/priamy_kanal/sim_2xKSin1_D_hct15_seed4_rigid31_5/rbc51_sim_2xKSin1_DC_hct15_seed4_rigid31_5.dat
shape =  (8, 724)
724
loading  /home/jasencakova/dataset/cells/priamy_kanal/sim_2xKSin1_D_hct15_seed4_rigid31_5/rbc52_sim_2xKSin1_DC_hct15_seed4_rigid31_5.dat
shape =  (8, 724)
724
loading  /home/jasencakova/dataset/cells/priamy_kanal/sim_2xKSin1_D_hct15_seed4_rigid31_5/rbc53_sim_2xKSin1_DC_hct15_seed4_rigid31_5.dat
shape =  (8, 724)
724
loading  /home/jasencakova/dataset/cells/priamy_kanal/sim_2xKSin1_D_hct15_seed4_rigid31_5/rbc54_sim_2xKSin1_DC_hct15_seed4_rigid31_5.dat
shape =  (8, 724)
724
loading  /home/jasencakova/dataset/cells/priamy_kanal/sim_2xKSin1_D_hct15_seed4_rigid31_5/rbc55_sim_2xKSin1_DC_hct15_seed4_rigid31_5.dat
shape =  (8, 724)
724
loading  /home/jasencakova/dataset/cells/priamy_kanal/sim_2xKSin1_D_hct15_seed4_rigid31_5/rbc56_sim_2xKSin1_DC_hct15_seed4_rigid31_5.dat
shape =  (8, 724)
724
loading  /home/jasencakova/dataset/cells/priamy_kanal/sim_2xKSin1_D_hct15_seed4_rigid31_5/rbc57_sim_2xKSin1_DC_hct15_seed4_rigid31_5.dat
shape =  (8, 724)
724
loading  /home/jasencakova/dataset/cells/priamy_kanal/sim_2xKSin1_D_hct15_seed4_rigid31_5/rbc58_sim_2xKSin1_DC_hct15_seed4_rigid31_5.dat
shape =  (8, 724)
724
loading  /home/jasencakova/dataset/cells/priamy_kanal/sim_2xKSin1_D_hct15_seed4_rigid31_5/rbc59_sim_2xKSin1_DC_hct15_seed4_rigid31_5.dat
shape =  (8, 724)
724
loading  /home/jasencakova/dataset/cells/priamy_kanal/sim_2xKSin1_D_hct15_seed4_rigid31_5/rbc60_sim_2xKSin1_DC_hct15_seed4_rigid31_5.dat
shape =  (8, 724)
724
loading  /home/jasencakova/dataset/cells/priamy_kanal/sim_2xKSin1_D_hct15_seed4_rigid31_5/rbc61_sim_2xKSin1_DC_hct15_seed4_rigid31_5.dat
shape =  (8, 724)
724
loading  /home/jasencakova/dataset/cells/priamy_kanal/sim_2xKSin1_D_hct15_seed4_rigid31_5/rbc62_sim_2xKSin1_DC_hct15_seed4_rigid31_5.dat
shape =  (8, 724)
724
loading  /home/jasencakova/dataset/cells/priamy_kanal/sim_2xKSin1_D_hct15_seed4_rigid31_5/rbc63_sim_2xKSin1_DC_hct15_seed4_rigid31_5.dat
shape =  (8, 724)
724
loading  /home/jasencakova/dataset/cells/priamy_kanal/sim_2xKSin1_D_hct15_seed4_rigid31_5/rbc64_sim_2xKSin1_DC_hct15_seed4_rigid31_5.dat
shape =  (8, 724)
724
loading  /home/jasencakova/dataset/cells/priamy_kanal/sim_2xKSin1_D_hct15_seed4_rigid31_5/rbc65_sim_2xKSin1_DC_hct15_seed4_rigid31_5.dat
shape =  (8, 724)
724
loading  /home/jasencakova/dataset/cells/priamy_kanal/sim_2xKSin1_D_hct15_seed4_rigid31_5/rbc66_sim_2xKSin1_DC_hct15_seed4_rigid31_5.dat
shape =  (8, 724)
724
loading  /home/jasencakova/dataset/cells/priamy_kanal/sim_2xKSin1_D_hct15_seed4_rigid31_5/rbc67_sim_2xKSin1_DC_hct15_seed4_rigid31_5.dat
shape =  (8, 724)
724
loading  /home/jasencakova/dataset/cells/priamy_kanal/sim_2xKSin1_D_hct15_seed4_rigid31_5/rbc68_sim_2xKSin1_DC_hct15_seed4_rigid31_5.dat
shape =  (8, 724)
724
loading  /home/jasencakova/dataset/cells/priamy_kanal/sim_2xKSin1_D_hct15_seed4_rigid31_5/rbc69_sim_2xKSin1_DC_hct15_seed4_rigid31_5.dat
shape =  (8, 724)
724
loading  /home/jasencakova/dataset/cells/priamy_kanal/sim_2xKSin1_D_hct15_seed4_rigid31_5/rbc70_sim_2xKSin1_DC_hct15_seed4_rigid31_5.dat
shape =  (8, 724)
724
loading  /home/jasencakova/dataset/cells/priamy_kanal/sim_2xKSin1_D_hct15_seed4_rigid31_5/rbc71_sim_2xKSin1_DC_hct15_seed4_rigid31_5.dat
shape =  (8, 724)
724
loading  /home/jasencakova/dataset/cells/priamy_kanal/sim_2xKSin1_D_hct15_seed4_rigid31_5/rbc72_sim_2xKSin1_DC_hct15_seed4_rigid31_5.dat
shape =  (8, 724)
724
loading  /home/jasencakova/dataset/cells/priamy_kanal/sim_2xKSin1_D_hct15_seed4_rigid31_5/rbc73_sim_2xKSin1_DC_hct15_seed4_rigid31_5.dat
shape =  (8, 724)
724
loading  /home/jasencakova/dataset/cells/priamy_kanal/sim_2xKSin1_D_hct15_seed4_rigid31_5/rbc74_sim_2xKSin1_DC_hct15_seed4_rigid31_5.dat
shape =  (8, 724)
724
loading  /home/jasencakova/dataset/cells/priamy_kanal/sim_2xKSin1_D_hct15_seed4_rigid31_5/rbc75_sim_2xKSin1_DC_hct15_seed4_rigid31_5.dat
shape =  (8, 724)
724
loading  /home/jasencakova/dataset/cells/priamy_kanal/sim_2xKSin1_D_hct15_seed4_rigid31_5/rbc76_sim_2xKSin1_DC_hct15_seed4_rigid31_5.dat
shape =  (8, 724)
724
loading  /home/jasencakova/dataset/cells/priamy_kanal/sim_2xKSin1_D_hct15_seed4_rigid31_5/rbc77_sim_2xKSin1_DC_hct15_seed4_rigid31_5.dat
shape =  (8, 724)
724
loading  /home/jasencakova/dataset/cells/priamy_kanal/sim_2xKSin1_D_hct15_seed4_rigid31_5/rbc78_sim_2xKSin1_DC_hct15_seed4_rigid31_5.dat
shape =  (8, 724)
724
loading  /home/jasencakova/dataset/cells/priamy_kanal/sim_2xKSin1_D_hct15_seed4_rigid31_5/rbc79_sim_2xKSin1_DC_hct15_seed4_rigid31_5.dat
shape =  (8, 724)
724
loading  /home/jasencakova/dataset/cells/priamy_kanal/sim_2xKSin1_D_hct15_seed4_rigid31_5/rbc80_sim_2xKSin1_DC_hct15_seed4_rigid31_5.dat
shape =  (8, 724)
724
loading  /home/jasencakova/dataset/cells/priamy_kanal/sim_2xKSin1_D_hct15_seed4_rigid31_5/rbc81_sim_2xKSin1_DC_hct15_seed4_rigid31_5.dat
shape =  (8, 724)
724
loading  /home/jasencakova/dataset/cells/priamy_kanal/sim_2xKSin1_D_hct15_seed4_rigid31_5/rbc82_sim_2xKSin1_DC_hct15_seed4_rigid31_5.dat
shape =  (8, 724)
724
loading  /home/jasencakova/dataset/cells/priamy_kanal/sim_2xKSin1_D_hct15_seed4_rigid31_5/rbc83_sim_2xKSin1_DC_hct15_seed4_rigid31_5.dat
shape =  (8, 724)
724
loading  /home/jasencakova/dataset/cells/priamy_kanal/sim_2xKSin1_D_hct15_seed4_rigid31_5/rbc84_sim_2xKSin1_DC_hct15_seed4_rigid31_5.dat
shape =  (8, 724)
724
loading  /home/jasencakova/dataset/cells/priamy_kanal/sim_2xKSin1_D_hct15_seed4_rigid31_5/rbc85_sim_2xKSin1_DC_hct15_seed4_rigid31_5.dat
shape =  (8, 724)
724
loading  /home/jasencakova/dataset/cells/priamy_kanal/sim_2xKSin1_D_hct15_seed4_rigid31_5/rbc86_sim_2xKSin1_DC_hct15_seed4_rigid31_5.dat
shape =  (8, 724)
724
loading  /home/jasencakova/dataset/cells/priamy_kanal/sim_2xKSin1_D_hct15_seed4_rigid31_5/rbc87_sim_2xKSin1_DC_hct15_seed4_rigid31_5.dat
shape =  (8, 724)
724
loading  /home/jasencakova/dataset/cells/priamy_kanal/sim_2xKSin1_D_hct15_seed4_rigid31_5/rbc88_sim_2xKSin1_DC_hct15_seed4_rigid31_5.dat
shape =  (8, 724)
724
loading  /home/jasencakova/dataset/cells/priamy_kanal/sim_2xKSin1_D_hct15_seed4_rigid31_5/rbc89_sim_2xKSin1_DC_hct15_seed4_rigid31_5.dat
shape =  (8, 724)
724
loading  /home/jasencakova/dataset/cells/priamy_kanal/sim_2xKSin1_D_hct15_seed4_rigid31_5/rbc90_sim_2xKSin1_DC_hct15_seed4_rigid31_5.dat
shape =  (8, 724)
724
loading  /home/jasencakova/dataset/cells/priamy_kanal/sim_2xKSin1_D_hct15_seed4_rigid31_5/rbc91_sim_2xKSin1_DC_hct15_seed4_rigid31_5.dat
shape =  (8, 724)
724
loading  /home/jasencakova/dataset/cells/priamy_kanal/sim_2xKSin1_D_hct15_seed4_rigid31_5/rbc92_sim_2xKSin1_DC_hct15_seed4_rigid31_5.dat
shape =  (8, 724)
724
loading  /home/jasencakova/dataset/cells/priamy_kanal/sim_2xKSin1_D_hct15_seed4_rigid31_5/rbc93_sim_2xKSin1_DC_hct15_seed4_rigid31_5.dat
shape =  (8, 724)
724
loading  /home/jasencakova/dataset/cells/priamy_kanal/sim_2xKSin1_D_hct15_seed4_rigid31_5/rbc94_sim_2xKSin1_DC_hct15_seed4_rigid31_5.dat
shape =  (8, 724)
724
loading  /home/jasencakova/dataset/cells/priamy_kanal/sim_2xKSin1_D_hct15_seed4_rigid31_5/rbc95_sim_2xKSin1_DC_hct15_seed4_rigid31_5.dat
shape =  (8, 724)
724
loading  /home/jasencakova/dataset/cells/priamy_kanal/sim_2xKSin1_D_hct15_seed4_rigid31_5/rbc96_sim_2xKSin1_DC_hct15_seed4_rigid31_5.dat
shape =  (8, 724)
724
loading  /home/jasencakova/dataset/cells/priamy_kanal/sim_2xKSin1_D_hct15_seed4_rigid31_5/rbc97_sim_2xKSin1_DC_hct15_seed4_rigid31_5.dat
shape =  (8, 724)
724
loading  /home/jasencakova/dataset/cells/priamy_kanal/sim_2xKSin1_D_hct15_seed4_rigid31_5/rbc98_sim_2xKSin1_DC_hct15_seed4_rigid31_5.dat
shape =  (8, 724)
724
loading  /home/jasencakova/dataset/cells/priamy_kanal/sim_2xKSin1_D_hct15_seed4_rigid31_5/rbc99_sim_2xKSin1_DC_hct15_seed4_rigid31_5.dat
shape =  (8, 724)
724
loading  /home/jasencakova/dataset/cells/priamy_kanal/sim_2xKSin1_D_hct15_seed4_rigid31_5/rbc100_sim_2xKSin1_DC_hct15_seed4_rigid31_5.dat
shape =  (8, 724)
724
loading  /home/jasencakova/dataset/cells/priamy_kanal/sim_2xKSin1_D_hct15_seed4_rigid31_5/rbc101_sim_2xKSin1_DC_hct15_seed4_rigid31_5.dat
shape =  (8, 724)
724
loading  /home/jasencakova/dataset/cells/priamy_kanal/sim_2xKSin1_D_hct15_seed4_rigid31_5/rbc102_sim_2xKSin1_DC_hct15_seed4_rigid31_5.dat
shape =  (8, 724)
724
loading  /home/jasencakova/dataset/cells/priamy_kanal/sim_2xKSin1_D_hct15_seed4_rigid31_5/rbc103_sim_2xKSin1_DC_hct15_seed4_rigid31_5.dat
shape =  (8, 724)
724
loading  /home/jasencakova/dataset/cells/priamy_kanal/sim_2xKSin1_D_hct15_seed4_rigid31_5/rbc104_sim_2xKSin1_DC_hct15_seed4_rigid31_5.dat
shape =  (8, 724)
724
loading  /home/jasencakova/dataset/cells/priamy_kanal/sim_2xKSin1_D_hct15_seed4_rigid31_5/rbc105_sim_2xKSin1_DC_hct15_seed4_rigid31_5.dat
shape =  (8, 724)
724
loading  /home/jasencakova/dataset/cells/priamy_kanal/sim_2xKSin1_D_hct15_seed4_rigid31_5/rbc106_sim_2xKSin1_DC_hct15_seed4_rigid31_5.dat
shape =  (8, 724)
724
loading  /home/jasencakova/dataset/cells/priamy_kanal/sim_2xKSin1_D_hct15_seed4_rigid31_5/rbc107_sim_2xKSin1_DC_hct15_seed4_rigid31_5.dat
shape =  (8, 724)
724
loading  /home/jasencakova/dataset/cells/priamy_kanal/sim_2xKSin1_D_hct15_seed4_rigid31_5/rbc108_sim_2xKSin1_DC_hct15_seed4_rigid31_5.dat
shape =  (8, 724)
724
loading  /home/jasencakova/dataset/cells/priamy_kanal/sim_2xKSin1_D_hct15_seed4_rigid31_5/rbc109_sim_2xKSin1_DC_hct15_seed4_rigid31_5.dat
shape =  (8, 724)
724
loading  /home/jasencakova/dataset/cells/priamy_kanal/sim_2xKSin1_D_hct15_seed4_rigid31_5/rbc110_sim_2xKSin1_DC_hct15_seed4_rigid31_5.dat
shape =  (8, 724)
724
loading  /home/jasencakova/dataset/cells/priamy_kanal/sim_2xKSin1_D_hct15_seed4_rigid31_5/rbc111_sim_2xKSin1_DC_hct15_seed4_rigid31_5.dat
shape =  (8, 724)
724
loading  /home/jasencakova/dataset/cells/priamy_kanal/sim_2xKSin1_D_hct15_seed4_rigid31_5/rbc112_sim_2xKSin1_DC_hct15_seed4_rigid31_5.dat
shape =  (8, 724)
724
loading  /home/jasencakova/dataset/cells/priamy_kanal/sim_2xKSin1_D_hct15_seed4_rigid31_5/rbc113_sim_2xKSin1_DC_hct15_seed4_rigid31_5.dat
shape =  (8, 724)
724
loading  /home/jasencakova/dataset/cells/priamy_kanal/sim_2xKSin1_D_hct15_seed4_rigid31_5/rbc114_sim_2xKSin1_DC_hct15_seed4_rigid31_5.dat
shape =  (8, 724)
724
loading  /home/jasencakova/dataset/cells/priamy_kanal/sim_2xKSin1_D_hct15_seed4_rigid31_5/rbc115_sim_2xKSin1_DC_hct15_seed4_rigid31_5.dat
shape =  (8, 724)
724
loading  /home/jasencakova/dataset/cells/priamy_kanal/sim_2xKSin1_D_hct15_seed4_rigid31_5/rbc116_sim_2xKSin1_DC_hct15_seed4_rigid31_5.dat
shape =  (8, 724)
724
loading  /home/jasencakova/dataset/cells/priamy_kanal/sim_2xKSin1_D_hct15_seed4_rigid31_5/rbc117_sim_2xKSin1_DC_hct15_seed4_rigid31_5.dat
shape =  (8, 724)
724
loading  /home/jasencakova/dataset/cells/priamy_kanal/sim_2xKSin1_D_hct15_seed4_rigid31_5/rbc118_sim_2xKSin1_DC_hct15_seed4_rigid31_5.dat
shape =  (8, 724)
724
loading  /home/jasencakova/dataset/cells/priamy_kanal/sim_2xKSin1_D_hct15_seed4_rigid31_5/rbc119_sim_2xKSin1_DC_hct15_seed4_rigid31_5.dat
shape =  (8, 724)
724
loading  /home/jasencakova/dataset/cells/priamy_kanal/sim_2xKSin1_D_hct15_seed4_rigid31_5/rbc120_sim_2xKSin1_DC_hct15_seed4_rigid31_5.dat
shape =  (8, 724)
724
loading  /home/jasencakova/dataset/cells/priamy_kanal/sim_2xKSin1_D_hct15_seed4_rigid31_5/rbc121_sim_2xKSin1_DC_hct15_seed4_rigid31_5.dat
shape =  (8, 724)
724
loading  /home/jasencakova/dataset/cells/priamy_kanal/sim_2xKSin1_D_hct15_seed4_rigid31_5/rbc122_sim_2xKSin1_DC_hct15_seed4_rigid31_5.dat
shape =  (8, 724)
724
loading  /home/jasencakova/dataset/cells/priamy_kanal/sim_2xKSin1_D_hct15_seed4_rigid31_5/rbc123_sim_2xKSin1_DC_hct15_seed4_rigid31_5.dat
shape =  (8, 724)
724
loading  /home/jasencakova/dataset/cells/priamy_kanal/sim_2xKSin1_D_hct15_seed4_rigid31_5/rbc124_sim_2xKSin1_DC_hct15_seed4_rigid31_5.dat
shape =  (8, 724)
724
loading  /home/jasencakova/dataset/cells/priamy_kanal/sim_2xKSin1_D_hct15_seed4_rigid31_5/rbc125_sim_2xKSin1_DC_hct15_seed4_rigid31_5.dat
shape =  (8, 724)
724
loading  /home/jasencakova/dataset/cells/priamy_kanal/sim_2xKSin1_D_hct15_seed4_rigid31_5/rbc126_sim_2xKSin1_DC_hct15_seed4_rigid31_5.dat
shape =  (8, 724)
724
loading  /home/jasencakova/dataset/cells/priamy_kanal/sim_2xKSin1_D_hct15_seed4_rigid31_5/rbc127_sim_2xKSin1_DC_hct15_seed4_rigid31_5.dat
shape =  (8, 724)
724
loading  /home/jasencakova/dataset/cells/priamy_kanal/sim_2xKSin1_D_hct15_seed4_rigid31_5/rbc128_sim_2xKSin1_DC_hct15_seed4_rigid31_5.dat
shape =  (8, 724)
724
loading  /home/jasencakova/dataset/cells/priamy_kanal/sim_2xKSin1_D_hct15_seed4_rigid31_5/rbc129_sim_2xKSin1_DC_hct15_seed4_rigid31_5.dat
shape =  (8, 724)
724
loading  /home/jasencakova/dataset/cells/priamy_kanal/sim_2xKSin1_D_hct15_seed4_rigid31_5/rbc130_sim_2xKSin1_DC_hct15_seed4_rigid31_5.dat
shape =  (8, 724)
724
loading  /home/jasencakova/dataset/cells/priamy_kanal/sim_2xKSin1_D_hct15_seed4_rigid31_5/rbc131_sim_2xKSin1_DC_hct15_seed4_rigid31_5.dat
shape =  (8, 724)
724
loading  /home/jasencakova/dataset/cells/priamy_kanal/sim_2xKSin1_D_hct15_seed4_rigid31_5/rbc132_sim_2xKSin1_DC_hct15_seed4_rigid31_5.dat
shape =  (8, 724)
724
loading  /home/jasencakova/dataset/cells/priamy_kanal/sim_2xKSin1_D_hct15_seed4_rigid31_5/rbc133_sim_2xKSin1_DC_hct15_seed4_rigid31_5.dat
shape =  (8, 724)
724
loading  /home/jasencakova/dataset/cells/priamy_kanal/sim_2xKSin1_D_hct15_seed4_rigid31_5/rbc134_sim_2xKSin1_DC_hct15_seed4_rigid31_5.dat
shape =  (8, 724)
724
loading  /home/jasencakova/dataset/cells/priamy_kanal/sim_2xKSin1_D_hct15_seed4_rigid31_5/rbc135_sim_2xKSin1_DC_hct15_seed4_rigid31_5.dat
shape =  (8, 724)
724
loading  /home/jasencakova/dataset/cells/priamy_kanal/sim_2xKSin1_D_hct15_seed4_rigid31_5/rbc136_sim_2xKSin1_DC_hct15_seed4_rigid31_5.dat
shape =  (8, 724)
724
loading  /home/jasencakova/dataset/cells/priamy_kanal/sim_2xKSin1_D_hct15_seed4_rigid31_5/rbc137_sim_2xKSin1_DC_hct15_seed4_rigid31_5.dat
shape =  (8, 724)
724
loading  /home/jasencakova/dataset/cells/priamy_kanal/sim_2xKSin1_D_hct15_seed4_rigid31_5/rbc138_sim_2xKSin1_DC_hct15_seed4_rigid31_5.dat
shape =  (8, 724)
724
loading  /home/jasencakova/dataset/cells/priamy_kanal/sim_2xKSin1_D_hct15_seed4_rigid31_5/rbc139_sim_2xKSin1_DC_hct15_seed4_rigid31_5.dat
shape =  (8, 724)
724
loading  /home/jasencakova/dataset/cells/priamy_kanal/sim_2xKSin1_D_hct15_seed4_rigid31_5/rbc140_sim_2xKSin1_DC_hct15_seed4_rigid31_5.dat
shape =  (8, 724)
724
loading  /home/jasencakova/dataset/cells/priamy_kanal/sim_2xKSin1_D_hct15_seed4_rigid31_5/rbc141_sim_2xKSin1_DC_hct15_seed4_rigid31_5.dat
shape =  (8, 724)
724
loading  /home/jasencakova/dataset/cells/priamy_kanal/sim_2xKSin1_D_hct15_seed4_rigid31_5/rbc142_sim_2xKSin1_DC_hct15_seed4_rigid31_5.dat
shape =  (8, 724)
724
loading  /home/jasencakova/dataset/cells/priamy_kanal/sim_2xKSin1_D_hct15_seed4_rigid31_5/rbc143_sim_2xKSin1_DC_hct15_seed4_rigid31_5.dat
shape =  (8, 724)
724
loading  /home/jasencakova/dataset/cells/priamy_kanal/sim_2xKSin1_D_hct15_seed4_rigid31_5/rbc144_sim_2xKSin1_DC_hct15_seed4_rigid31_5.dat
shape =  (8, 724)
724
loading  /home/jasencakova/dataset/cells/priamy_kanal/sim_2xKSin1_D_hct15_seed4_rigid31_5/rbc145_sim_2xKSin1_DC_hct15_seed4_rigid31_5.dat
shape =  (8, 724)
724
loading  /home/jasencakova/dataset/cells/priamy_kanal/sim_2xKSin1_D_hct15_seed4_rigid31_5/rbc146_sim_2xKSin1_DC_hct15_seed4_rigid31_5.dat
shape =  (8, 724)
724
loading  /home/jasencakova/dataset/cells/priamy_kanal/sim_2xKSin1_D_hct15_seed4_rigid31_5/rbc147_sim_2xKSin1_DC_hct15_seed4_rigid31_5.dat
shape =  (8, 724)
724
loading  /home/jasencakova/dataset/cells/priamy_kanal/sim_2xKSin1_D_hct15_seed4_rigid31_5/rbc148_sim_2xKSin1_DC_hct15_seed4_rigid31_5.dat
shape =  (8, 724)
724
loading  /home/jasencakova/dataset/cells/priamy_kanal/sim_2xKSin1_D_hct15_seed4_rigid31_5/rbc149_sim_2xKSin1_DC_hct15_seed4_rigid31_5.dat
shape =  (8, 724)
724
loading  /home/jasencakova/dataset/cells/priamy_kanal/sim_2xKSin1_D_hct15_seed4_rigid31_5/rbc150_sim_2xKSin1_DC_hct15_seed4_rigid31_5.dat
shape =  (8, 724)
724
loading  /home/jasencakova/dataset/cells/priamy_kanal/sim_2xKSin1_D_hct15_seed4_rigid31_5/rbc151_sim_2xKSin1_DC_hct15_seed4_rigid31_5.dat
shape =  (8, 724)
724
loading  /home/jasencakova/dataset/cells/priamy_kanal/sim_2xKSin1_D_hct15_seed4_rigid31_5/rbc152_sim_2xKSin1_DC_hct15_seed4_rigid31_5.dat
shape =  (8, 724)
724
loading  /home/jasencakova/dataset/cells/priamy_kanal/sim_2xKSin1_D_hct15_seed4_rigid31_5/rbc153_sim_2xKSin1_DC_hct15_seed4_rigid31_5.dat
shape =  (8, 724)
724
shortest_length =  724
data_shape      =  (154, 724, 8)








dataset summary : 

training_dats shape    =  (154, 989, 8)
testing_dats shape    =  (154, 724, 8)
training_count  =  15382906
testing_count   =  111496
channels_count  =  8
sequence_length =  128
classes_count   =   2
batch(32) tensor shape =  torch.Size([32, 8, 128]) torch.Size([32, 2])





model
Sequential(
  (0): Conv1d(8, 32, kernel_size=(3,), stride=(2,), padding=(1,))
  (1): ReLU()
  (2): Dropout(p=0.01, inplace=False)
  (3): Conv1d(32, 64, kernel_size=(3,), stride=(2,), padding=(1,))
  (4): ReLU()
  (5): Dropout(p=0.01, inplace=False)
  (6): Conv1d(64, 64, kernel_size=(3,), stride=(2,), padding=(1,))
  (7): ReLU()
  (8): Dropout(p=0.01, inplace=False)
  (9): Conv1d(64, 128, kernel_size=(3,), stride=(2,), padding=(1,))
  (10): ReLU()
  (11): Dropout(p=0.01, inplace=False)
  (12): Flatten()
  (13): Linear(in_features=1024, out_features=2, bias=True)
)



0 92.39363610833749 95.3796946674312 0.06251624 0.065280624 0.027038245 0.010885761 36.96 





=================================================
new best net in 0
TRAINING result
accuracy   = 92.394 [%]
hit_count  = 14212950
miss_count = 1170090

class_accuracy = 99.21%   65.345%   


confusion_matrix = 
12189559	 1073081	 
97009	 2023391	 



TESTING result
accuracy   = 95.38 [%]
hit_count  = 106459
miss_count = 5157

class_accuracy = 99.952%   77.262%   


confusion_matrix = 
89075	 5115	 
42	 17384	 




1 96.38531135588285 93.30472333715596 0.032988828 0.08365373 0.007081512 0.014723191 36.63 

2 98.68611145781328 89.27304329128441 0.017449237 0.064930074 0.0069109607 0.009524791 36.3 

3 99.87585678773506 92.86840596330275 0.0053255097 0.04838282 0.0019279706 0.009351728 35.98 

4 99.98270822932268 98.58084862385321 0.002091918 0.015570229 0.000866779 0.0038337994 35.66 





=================================================
new best net in 4
TRAINING result
accuracy   = 99.983 [%]
hit_count  = 15380380
miss_count = 2660

class_accuracy = 99.999%   99.918%   


confusion_matrix = 
12286883	 2535	 
125	 3093497	 



TESTING result
accuracy   = 98.581 [%]
hit_count  = 110032
miss_count = 1584

class_accuracy = 99.999%   92.944%   


confusion_matrix = 
89153	 1584	 
0	 20879	 




5 99.99615160592445 99.92115825688073 0.00087125297 0.0035447935 0.00046680172 0.0009833487 35.34 





=================================================
new best net in 5
TRAINING result
accuracy   = 99.996 [%]
hit_count  = 15382448
miss_count = 592

class_accuracy = 99.999%   99.983%   


confusion_matrix = 
12287165	 530	 
62	 3095283	 



TESTING result
accuracy   = 99.921 [%]
hit_count  = 111528
miss_count = 88

class_accuracy = 99.999%   99.603%   


confusion_matrix = 
89218	 88	 
0	 22310	 




6 99.99746474038942 99.99820814220183 0.00053570594 0.0019708585 0.00039823513 0.0004948708 35.01 





=================================================
new best net in 6
TRAINING result
accuracy   = 99.997 [%]
hit_count  = 15382650
miss_count = 390

class_accuracy = 100.0%   99.989%   


confusion_matrix = 
12287911	 332	 
58	 3094739	 



TESTING result
accuracy   = 99.998 [%]
hit_count  = 111614
miss_count = 2

class_accuracy = 99.999%   99.987%   


confusion_matrix = 
89088	 2	 
0	 22526	 




7 99.99837483358296 99.96147505733946 0.00037576148 0.0018752144 0.00030441166 0.0006424786 34.68 

8 99.99858935555001 100.0 0.00028981298 0.0017412715 0.00028324997 0.0004467994 34.35 





=================================================
new best net in 8
TRAINING result
accuracy   = 99.999 [%]
hit_count  = 15382823
miss_count = 217

class_accuracy = 100.0%   99.994%   


confusion_matrix = 
12286288	 183	 
34	 3096535	 



TESTING result
accuracy   = 100.0 [%]
hit_count  = 111616
miss_count = 0

class_accuracy = 99.999%   99.996%   


confusion_matrix = 
89139	 0	 
0	 22477	 




9 99.9991029081378 100.0 0.0002262561 0.0016078955 0.00021539856 0.00038837755 34.04 

10 99.9992654247795 100.0 0.00018451824 0.001747786 0.00018855424 0.00041002678 33.68 

11 99.99945394408387 100.0 0.00015434672 0.0017251631 0.00017188767 0.0004431125 33.37 

12 99.99940193875852 100.0 0.00013591402 0.0015823354 0.00016822889 0.00045808137 33.05 

13 99.99946694541521 99.99820814220183 0.000117840806 0.001600675 0.00016641415 0.00044542534 32.7 

14 99.99941494008986 100.0 0.000108071035 0.0018112235 0.00017187434 0.0004965781 32.36 

15 99.99954495340323 99.99731221330275 9.774036e-05 0.0019916056 0.0001572307 0.0005504175 32.03 
