loading  /home/jasencakova/dataset/cells/priamy_kanal/sim_2xKSin1_DE_hct15_seed4_rigid31_7/rbc0_sim_2xKSin1_DE_hct15_seed4_rigid31_7.dat
shape =  (3, 603)
603
loading  /home/jasencakova/dataset/cells/priamy_kanal/sim_2xKSin1_DE_hct15_seed4_rigid31_7/rbc1_sim_2xKSin1_DE_hct15_seed4_rigid31_7.dat
shape =  (3, 603)
603
loading  /home/jasencakova/dataset/cells/priamy_kanal/sim_2xKSin1_DE_hct15_seed4_rigid31_7/rbc2_sim_2xKSin1_DE_hct15_seed4_rigid31_7.dat
shape =  (3, 603)
603
loading  /home/jasencakova/dataset/cells/priamy_kanal/sim_2xKSin1_DE_hct15_seed4_rigid31_7/rbc3_sim_2xKSin1_DE_hct15_seed4_rigid31_7.dat
shape =  (3, 603)
603
loading  /home/jasencakova/dataset/cells/priamy_kanal/sim_2xKSin1_DE_hct15_seed4_rigid31_7/rbc4_sim_2xKSin1_DE_hct15_seed4_rigid31_7.dat
shape =  (3, 603)
603
loading  /home/jasencakova/dataset/cells/priamy_kanal/sim_2xKSin1_DE_hct15_seed4_rigid31_7/rbc5_sim_2xKSin1_DE_hct15_seed4_rigid31_7.dat
shape =  (3, 603)
603
loading  /home/jasencakova/dataset/cells/priamy_kanal/sim_2xKSin1_DE_hct15_seed4_rigid31_7/rbc6_sim_2xKSin1_DE_hct15_seed4_rigid31_7.dat
shape =  (3, 603)
603
loading  /home/jasencakova/dataset/cells/priamy_kanal/sim_2xKSin1_DE_hct15_seed4_rigid31_7/rbc7_sim_2xKSin1_DE_hct15_seed4_rigid31_7.dat
shape =  (3, 603)
603
loading  /home/jasencakova/dataset/cells/priamy_kanal/sim_2xKSin1_DE_hct15_seed4_rigid31_7/rbc8_sim_2xKSin1_DE_hct15_seed4_rigid31_7.dat
shape =  (3, 603)
603
loading  /home/jasencakova/dataset/cells/priamy_kanal/sim_2xKSin1_DE_hct15_seed4_rigid31_7/rbc9_sim_2xKSin1_DE_hct15_seed4_rigid31_7.dat
shape =  (3, 603)
603
loading  /home/jasencakova/dataset/cells/priamy_kanal/sim_2xKSin1_DE_hct15_seed4_rigid31_7/rbc10_sim_2xKSin1_DE_hct15_seed4_rigid31_7.dat
shape =  (3, 603)
603
loading  /home/jasencakova/dataset/cells/priamy_kanal/sim_2xKSin1_DE_hct15_seed4_rigid31_7/rbc11_sim_2xKSin1_DE_hct15_seed4_rigid31_7.dat
shape =  (3, 603)
603
loading  /home/jasencakova/dataset/cells/priamy_kanal/sim_2xKSin1_DE_hct15_seed4_rigid31_7/rbc12_sim_2xKSin1_DE_hct15_seed4_rigid31_7.dat
shape =  (3, 603)
603
loading  /home/jasencakova/dataset/cells/priamy_kanal/sim_2xKSin1_DE_hct15_seed4_rigid31_7/rbc13_sim_2xKSin1_DE_hct15_seed4_rigid31_7.dat
shape =  (3, 603)
603
loading  /home/jasencakova/dataset/cells/priamy_kanal/sim_2xKSin1_DE_hct15_seed4_rigid31_7/rbc14_sim_2xKSin1_DE_hct15_seed4_rigid31_7.dat
shape =  (3, 603)
603
loading  /home/jasencakova/dataset/cells/priamy_kanal/sim_2xKSin1_DE_hct15_seed4_rigid31_7/rbc15_sim_2xKSin1_DE_hct15_seed4_rigid31_7.dat
shape =  (3, 603)
603
loading  /home/jasencakova/dataset/cells/priamy_kanal/sim_2xKSin1_DE_hct15_seed4_rigid31_7/rbc16_sim_2xKSin1_DE_hct15_seed4_rigid31_7.dat
shape =  (3, 603)
603
loading  /home/jasencakova/dataset/cells/priamy_kanal/sim_2xKSin1_DE_hct15_seed4_rigid31_7/rbc17_sim_2xKSin1_DE_hct15_seed4_rigid31_7.dat
shape =  (3, 603)
603
loading  /home/jasencakova/dataset/cells/priamy_kanal/sim_2xKSin1_DE_hct15_seed4_rigid31_7/rbc18_sim_2xKSin1_DE_hct15_seed4_rigid31_7.dat
shape =  (3, 603)
603
loading  /home/jasencakova/dataset/cells/priamy_kanal/sim_2xKSin1_DE_hct15_seed4_rigid31_7/rbc19_sim_2xKSin1_DE_hct15_seed4_rigid31_7.dat
shape =  (3, 603)
603
loading  /home/jasencakova/dataset/cells/priamy_kanal/sim_2xKSin1_DE_hct15_seed4_rigid31_7/rbc20_sim_2xKSin1_DE_hct15_seed4_rigid31_7.dat
shape =  (3, 603)
603
loading  /home/jasencakova/dataset/cells/priamy_kanal/sim_2xKSin1_DE_hct15_seed4_rigid31_7/rbc21_sim_2xKSin1_DE_hct15_seed4_rigid31_7.dat
shape =  (3, 603)
603
loading  /home/jasencakova/dataset/cells/priamy_kanal/sim_2xKSin1_DE_hct15_seed4_rigid31_7/rbc22_sim_2xKSin1_DE_hct15_seed4_rigid31_7.dat
shape =  (3, 603)
603
loading  /home/jasencakova/dataset/cells/priamy_kanal/sim_2xKSin1_DE_hct15_seed4_rigid31_7/rbc23_sim_2xKSin1_DE_hct15_seed4_rigid31_7.dat
shape =  (3, 603)
603
loading  /home/jasencakova/dataset/cells/priamy_kanal/sim_2xKSin1_DE_hct15_seed4_rigid31_7/rbc24_sim_2xKSin1_DE_hct15_seed4_rigid31_7.dat
shape =  (3, 603)
603
loading  /home/jasencakova/dataset/cells/priamy_kanal/sim_2xKSin1_DE_hct15_seed4_rigid31_7/rbc25_sim_2xKSin1_DE_hct15_seed4_rigid31_7.dat
shape =  (3, 603)
603
loading  /home/jasencakova/dataset/cells/priamy_kanal/sim_2xKSin1_DE_hct15_seed4_rigid31_7/rbc26_sim_2xKSin1_DE_hct15_seed4_rigid31_7.dat
shape =  (3, 603)
603
loading  /home/jasencakova/dataset/cells/priamy_kanal/sim_2xKSin1_DE_hct15_seed4_rigid31_7/rbc27_sim_2xKSin1_DE_hct15_seed4_rigid31_7.dat
shape =  (3, 603)
603
loading  /home/jasencakova/dataset/cells/priamy_kanal/sim_2xKSin1_DE_hct15_seed4_rigid31_7/rbc28_sim_2xKSin1_DE_hct15_seed4_rigid31_7.dat
shape =  (3, 603)
603
loading  /home/jasencakova/dataset/cells/priamy_kanal/sim_2xKSin1_DE_hct15_seed4_rigid31_7/rbc29_sim_2xKSin1_DE_hct15_seed4_rigid31_7.dat
shape =  (3, 603)
603
loading  /home/jasencakova/dataset/cells/priamy_kanal/sim_2xKSin1_DE_hct15_seed4_rigid31_7/rbc30_sim_2xKSin1_DE_hct15_seed4_rigid31_7.dat
shape =  (3, 603)
603
loading  /home/jasencakova/dataset/cells/priamy_kanal/sim_2xKSin1_DE_hct15_seed4_rigid31_7/rbc31_sim_2xKSin1_DE_hct15_seed4_rigid31_7.dat
shape =  (3, 603)
603
loading  /home/jasencakova/dataset/cells/priamy_kanal/sim_2xKSin1_DE_hct15_seed4_rigid31_7/rbc32_sim_2xKSin1_DE_hct15_seed4_rigid31_7.dat
shape =  (3, 603)
603
loading  /home/jasencakova/dataset/cells/priamy_kanal/sim_2xKSin1_DE_hct15_seed4_rigid31_7/rbc33_sim_2xKSin1_DE_hct15_seed4_rigid31_7.dat
shape =  (3, 603)
603
loading  /home/jasencakova/dataset/cells/priamy_kanal/sim_2xKSin1_DE_hct15_seed4_rigid31_7/rbc34_sim_2xKSin1_DE_hct15_seed4_rigid31_7.dat
shape =  (3, 603)
603
loading  /home/jasencakova/dataset/cells/priamy_kanal/sim_2xKSin1_DE_hct15_seed4_rigid31_7/rbc35_sim_2xKSin1_DE_hct15_seed4_rigid31_7.dat
shape =  (3, 603)
603
loading  /home/jasencakova/dataset/cells/priamy_kanal/sim_2xKSin1_DE_hct15_seed4_rigid31_7/rbc36_sim_2xKSin1_DE_hct15_seed4_rigid31_7.dat
shape =  (3, 603)
603
loading  /home/jasencakova/dataset/cells/priamy_kanal/sim_2xKSin1_DE_hct15_seed4_rigid31_7/rbc37_sim_2xKSin1_DE_hct15_seed4_rigid31_7.dat
shape =  (3, 603)
603
loading  /home/jasencakova/dataset/cells/priamy_kanal/sim_2xKSin1_DE_hct15_seed4_rigid31_7/rbc38_sim_2xKSin1_DE_hct15_seed4_rigid31_7.dat
shape =  (3, 603)
603
loading  /home/jasencakova/dataset/cells/priamy_kanal/sim_2xKSin1_DE_hct15_seed4_rigid31_7/rbc39_sim_2xKSin1_DE_hct15_seed4_rigid31_7.dat
shape =  (3, 603)
603
loading  /home/jasencakova/dataset/cells/priamy_kanal/sim_2xKSin1_DE_hct15_seed4_rigid31_7/rbc40_sim_2xKSin1_DE_hct15_seed4_rigid31_7.dat
shape =  (3, 603)
603
loading  /home/jasencakova/dataset/cells/priamy_kanal/sim_2xKSin1_DE_hct15_seed4_rigid31_7/rbc41_sim_2xKSin1_DE_hct15_seed4_rigid31_7.dat
shape =  (3, 603)
603
loading  /home/jasencakova/dataset/cells/priamy_kanal/sim_2xKSin1_DE_hct15_seed4_rigid31_7/rbc42_sim_2xKSin1_DE_hct15_seed4_rigid31_7.dat
shape =  (3, 603)
603
loading  /home/jasencakova/dataset/cells/priamy_kanal/sim_2xKSin1_DE_hct15_seed4_rigid31_7/rbc43_sim_2xKSin1_DE_hct15_seed4_rigid31_7.dat
shape =  (3, 603)
603
loading  /home/jasencakova/dataset/cells/priamy_kanal/sim_2xKSin1_DE_hct15_seed4_rigid31_7/rbc44_sim_2xKSin1_DE_hct15_seed4_rigid31_7.dat
shape =  (3, 603)
603
loading  /home/jasencakova/dataset/cells/priamy_kanal/sim_2xKSin1_DE_hct15_seed4_rigid31_7/rbc45_sim_2xKSin1_DE_hct15_seed4_rigid31_7.dat
shape =  (3, 603)
603
loading  /home/jasencakova/dataset/cells/priamy_kanal/sim_2xKSin1_DE_hct15_seed4_rigid31_7/rbc46_sim_2xKSin1_DE_hct15_seed4_rigid31_7.dat
shape =  (3, 603)
603
loading  /home/jasencakova/dataset/cells/priamy_kanal/sim_2xKSin1_DE_hct15_seed4_rigid31_7/rbc47_sim_2xKSin1_DE_hct15_seed4_rigid31_7.dat
shape =  (3, 603)
603
loading  /home/jasencakova/dataset/cells/priamy_kanal/sim_2xKSin1_DE_hct15_seed4_rigid31_7/rbc48_sim_2xKSin1_DE_hct15_seed4_rigid31_7.dat
shape =  (3, 603)
603
loading  /home/jasencakova/dataset/cells/priamy_kanal/sim_2xKSin1_DE_hct15_seed4_rigid31_7/rbc49_sim_2xKSin1_DE_hct15_seed4_rigid31_7.dat
shape =  (3, 603)
603
loading  /home/jasencakova/dataset/cells/priamy_kanal/sim_2xKSin1_DE_hct15_seed4_rigid31_7/rbc50_sim_2xKSin1_DE_hct15_seed4_rigid31_7.dat
shape =  (3, 603)
603
loading  /home/jasencakova/dataset/cells/priamy_kanal/sim_2xKSin1_DE_hct15_seed4_rigid31_7/rbc51_sim_2xKSin1_DE_hct15_seed4_rigid31_7.dat
shape =  (3, 603)
603
loading  /home/jasencakova/dataset/cells/priamy_kanal/sim_2xKSin1_DE_hct15_seed4_rigid31_7/rbc52_sim_2xKSin1_DE_hct15_seed4_rigid31_7.dat
shape =  (3, 603)
603
loading  /home/jasencakova/dataset/cells/priamy_kanal/sim_2xKSin1_DE_hct15_seed4_rigid31_7/rbc53_sim_2xKSin1_DE_hct15_seed4_rigid31_7.dat
shape =  (3, 603)
603
loading  /home/jasencakova/dataset/cells/priamy_kanal/sim_2xKSin1_DE_hct15_seed4_rigid31_7/rbc54_sim_2xKSin1_DE_hct15_seed4_rigid31_7.dat
shape =  (3, 603)
603
loading  /home/jasencakova/dataset/cells/priamy_kanal/sim_2xKSin1_DE_hct15_seed4_rigid31_7/rbc55_sim_2xKSin1_DE_hct15_seed4_rigid31_7.dat
shape =  (3, 603)
603
loading  /home/jasencakova/dataset/cells/priamy_kanal/sim_2xKSin1_DE_hct15_seed4_rigid31_7/rbc56_sim_2xKSin1_DE_hct15_seed4_rigid31_7.dat
shape =  (3, 603)
603
loading  /home/jasencakova/dataset/cells/priamy_kanal/sim_2xKSin1_DE_hct15_seed4_rigid31_7/rbc57_sim_2xKSin1_DE_hct15_seed4_rigid31_7.dat
shape =  (3, 603)
603
loading  /home/jasencakova/dataset/cells/priamy_kanal/sim_2xKSin1_DE_hct15_seed4_rigid31_7/rbc58_sim_2xKSin1_DE_hct15_seed4_rigid31_7.dat
shape =  (3, 603)
603
loading  /home/jasencakova/dataset/cells/priamy_kanal/sim_2xKSin1_DE_hct15_seed4_rigid31_7/rbc59_sim_2xKSin1_DE_hct15_seed4_rigid31_7.dat
shape =  (3, 603)
603
loading  /home/jasencakova/dataset/cells/priamy_kanal/sim_2xKSin1_DE_hct15_seed4_rigid31_7/rbc60_sim_2xKSin1_DE_hct15_seed4_rigid31_7.dat
shape =  (3, 603)
603
loading  /home/jasencakova/dataset/cells/priamy_kanal/sim_2xKSin1_DE_hct15_seed4_rigid31_7/rbc61_sim_2xKSin1_DE_hct15_seed4_rigid31_7.dat
shape =  (3, 603)
603
loading  /home/jasencakova/dataset/cells/priamy_kanal/sim_2xKSin1_DE_hct15_seed4_rigid31_7/rbc62_sim_2xKSin1_DE_hct15_seed4_rigid31_7.dat
shape =  (3, 603)
603
loading  /home/jasencakova/dataset/cells/priamy_kanal/sim_2xKSin1_DE_hct15_seed4_rigid31_7/rbc63_sim_2xKSin1_DE_hct15_seed4_rigid31_7.dat
shape =  (3, 603)
603
loading  /home/jasencakova/dataset/cells/priamy_kanal/sim_2xKSin1_DE_hct15_seed4_rigid31_7/rbc64_sim_2xKSin1_DE_hct15_seed4_rigid31_7.dat
shape =  (3, 603)
603
loading  /home/jasencakova/dataset/cells/priamy_kanal/sim_2xKSin1_DE_hct15_seed4_rigid31_7/rbc65_sim_2xKSin1_DE_hct15_seed4_rigid31_7.dat
shape =  (3, 603)
603
loading  /home/jasencakova/dataset/cells/priamy_kanal/sim_2xKSin1_DE_hct15_seed4_rigid31_7/rbc66_sim_2xKSin1_DE_hct15_seed4_rigid31_7.dat
shape =  (3, 603)
603
loading  /home/jasencakova/dataset/cells/priamy_kanal/sim_2xKSin1_DE_hct15_seed4_rigid31_7/rbc67_sim_2xKSin1_DE_hct15_seed4_rigid31_7.dat
shape =  (3, 603)
603
loading  /home/jasencakova/dataset/cells/priamy_kanal/sim_2xKSin1_DE_hct15_seed4_rigid31_7/rbc68_sim_2xKSin1_DE_hct15_seed4_rigid31_7.dat
shape =  (3, 603)
603
loading  /home/jasencakova/dataset/cells/priamy_kanal/sim_2xKSin1_DE_hct15_seed4_rigid31_7/rbc69_sim_2xKSin1_DE_hct15_seed4_rigid31_7.dat
shape =  (3, 603)
603
loading  /home/jasencakova/dataset/cells/priamy_kanal/sim_2xKSin1_DE_hct15_seed4_rigid31_7/rbc70_sim_2xKSin1_DE_hct15_seed4_rigid31_7.dat
shape =  (3, 603)
603
loading  /home/jasencakova/dataset/cells/priamy_kanal/sim_2xKSin1_DE_hct15_seed4_rigid31_7/rbc71_sim_2xKSin1_DE_hct15_seed4_rigid31_7.dat
shape =  (3, 603)
603
loading  /home/jasencakova/dataset/cells/priamy_kanal/sim_2xKSin1_DE_hct15_seed4_rigid31_7/rbc72_sim_2xKSin1_DE_hct15_seed4_rigid31_7.dat
shape =  (3, 603)
603
loading  /home/jasencakova/dataset/cells/priamy_kanal/sim_2xKSin1_DE_hct15_seed4_rigid31_7/rbc73_sim_2xKSin1_DE_hct15_seed4_rigid31_7.dat
shape =  (3, 603)
603
loading  /home/jasencakova/dataset/cells/priamy_kanal/sim_2xKSin1_DE_hct15_seed4_rigid31_7/rbc74_sim_2xKSin1_DE_hct15_seed4_rigid31_7.dat
shape =  (3, 603)
603
loading  /home/jasencakova/dataset/cells/priamy_kanal/sim_2xKSin1_DE_hct15_seed4_rigid31_7/rbc75_sim_2xKSin1_DE_hct15_seed4_rigid31_7.dat
shape =  (3, 603)
603
loading  /home/jasencakova/dataset/cells/priamy_kanal/sim_2xKSin1_DE_hct15_seed4_rigid31_7/rbc76_sim_2xKSin1_DE_hct15_seed4_rigid31_7.dat
shape =  (3, 603)
603
loading  /home/jasencakova/dataset/cells/priamy_kanal/sim_2xKSin1_DE_hct15_seed4_rigid31_7/rbc77_sim_2xKSin1_DE_hct15_seed4_rigid31_7.dat
shape =  (3, 603)
603
loading  /home/jasencakova/dataset/cells/priamy_kanal/sim_2xKSin1_DE_hct15_seed4_rigid31_7/rbc78_sim_2xKSin1_DE_hct15_seed4_rigid31_7.dat
shape =  (3, 603)
603
loading  /home/jasencakova/dataset/cells/priamy_kanal/sim_2xKSin1_DE_hct15_seed4_rigid31_7/rbc79_sim_2xKSin1_DE_hct15_seed4_rigid31_7.dat
shape =  (3, 603)
603
loading  /home/jasencakova/dataset/cells/priamy_kanal/sim_2xKSin1_DE_hct15_seed4_rigid31_7/rbc80_sim_2xKSin1_DE_hct15_seed4_rigid31_7.dat
shape =  (3, 603)
603
loading  /home/jasencakova/dataset/cells/priamy_kanal/sim_2xKSin1_DE_hct15_seed4_rigid31_7/rbc81_sim_2xKSin1_DE_hct15_seed4_rigid31_7.dat
shape =  (3, 603)
603
loading  /home/jasencakova/dataset/cells/priamy_kanal/sim_2xKSin1_DE_hct15_seed4_rigid31_7/rbc82_sim_2xKSin1_DE_hct15_seed4_rigid31_7.dat
shape =  (3, 603)
603
loading  /home/jasencakova/dataset/cells/priamy_kanal/sim_2xKSin1_DE_hct15_seed4_rigid31_7/rbc83_sim_2xKSin1_DE_hct15_seed4_rigid31_7.dat
shape =  (3, 603)
603
loading  /home/jasencakova/dataset/cells/priamy_kanal/sim_2xKSin1_DE_hct15_seed4_rigid31_7/rbc84_sim_2xKSin1_DE_hct15_seed4_rigid31_7.dat
shape =  (3, 603)
603
loading  /home/jasencakova/dataset/cells/priamy_kanal/sim_2xKSin1_DE_hct15_seed4_rigid31_7/rbc85_sim_2xKSin1_DE_hct15_seed4_rigid31_7.dat
shape =  (3, 603)
603
loading  /home/jasencakova/dataset/cells/priamy_kanal/sim_2xKSin1_DE_hct15_seed4_rigid31_7/rbc86_sim_2xKSin1_DE_hct15_seed4_rigid31_7.dat
shape =  (3, 603)
603
loading  /home/jasencakova/dataset/cells/priamy_kanal/sim_2xKSin1_DE_hct15_seed4_rigid31_7/rbc87_sim_2xKSin1_DE_hct15_seed4_rigid31_7.dat
shape =  (3, 603)
603
loading  /home/jasencakova/dataset/cells/priamy_kanal/sim_2xKSin1_DE_hct15_seed4_rigid31_7/rbc88_sim_2xKSin1_DE_hct15_seed4_rigid31_7.dat
shape =  (3, 603)
603
loading  /home/jasencakova/dataset/cells/priamy_kanal/sim_2xKSin1_DE_hct15_seed4_rigid31_7/rbc89_sim_2xKSin1_DE_hct15_seed4_rigid31_7.dat
shape =  (3, 603)
603
loading  /home/jasencakova/dataset/cells/priamy_kanal/sim_2xKSin1_DE_hct15_seed4_rigid31_7/rbc90_sim_2xKSin1_DE_hct15_seed4_rigid31_7.dat
shape =  (3, 603)
603
loading  /home/jasencakova/dataset/cells/priamy_kanal/sim_2xKSin1_DE_hct15_seed4_rigid31_7/rbc91_sim_2xKSin1_DE_hct15_seed4_rigid31_7.dat
shape =  (3, 603)
603
loading  /home/jasencakova/dataset/cells/priamy_kanal/sim_2xKSin1_DE_hct15_seed4_rigid31_7/rbc92_sim_2xKSin1_DE_hct15_seed4_rigid31_7.dat
shape =  (3, 603)
603
loading  /home/jasencakova/dataset/cells/priamy_kanal/sim_2xKSin1_DE_hct15_seed4_rigid31_7/rbc93_sim_2xKSin1_DE_hct15_seed4_rigid31_7.dat
shape =  (3, 603)
603
loading  /home/jasencakova/dataset/cells/priamy_kanal/sim_2xKSin1_DE_hct15_seed4_rigid31_7/rbc94_sim_2xKSin1_DE_hct15_seed4_rigid31_7.dat
shape =  (3, 603)
603
loading  /home/jasencakova/dataset/cells/priamy_kanal/sim_2xKSin1_DE_hct15_seed4_rigid31_7/rbc95_sim_2xKSin1_DE_hct15_seed4_rigid31_7.dat
shape =  (3, 603)
603
loading  /home/jasencakova/dataset/cells/priamy_kanal/sim_2xKSin1_DE_hct15_seed4_rigid31_7/rbc96_sim_2xKSin1_DE_hct15_seed4_rigid31_7.dat
shape =  (3, 603)
603
loading  /home/jasencakova/dataset/cells/priamy_kanal/sim_2xKSin1_DE_hct15_seed4_rigid31_7/rbc97_sim_2xKSin1_DE_hct15_seed4_rigid31_7.dat
shape =  (3, 603)
603
loading  /home/jasencakova/dataset/cells/priamy_kanal/sim_2xKSin1_DE_hct15_seed4_rigid31_7/rbc98_sim_2xKSin1_DE_hct15_seed4_rigid31_7.dat
shape =  (3, 603)
603
loading  /home/jasencakova/dataset/cells/priamy_kanal/sim_2xKSin1_DE_hct15_seed4_rigid31_7/rbc99_sim_2xKSin1_DE_hct15_seed4_rigid31_7.dat
shape =  (3, 603)
603
loading  /home/jasencakova/dataset/cells/priamy_kanal/sim_2xKSin1_DE_hct15_seed4_rigid31_7/rbc100_sim_2xKSin1_DE_hct15_seed4_rigid31_7.dat
shape =  (3, 603)
603
loading  /home/jasencakova/dataset/cells/priamy_kanal/sim_2xKSin1_DE_hct15_seed4_rigid31_7/rbc101_sim_2xKSin1_DE_hct15_seed4_rigid31_7.dat
shape =  (3, 603)
603
loading  /home/jasencakova/dataset/cells/priamy_kanal/sim_2xKSin1_DE_hct15_seed4_rigid31_7/rbc102_sim_2xKSin1_DE_hct15_seed4_rigid31_7.dat
shape =  (3, 603)
603
loading  /home/jasencakova/dataset/cells/priamy_kanal/sim_2xKSin1_DE_hct15_seed4_rigid31_7/rbc103_sim_2xKSin1_DE_hct15_seed4_rigid31_7.dat
shape =  (3, 603)
603
loading  /home/jasencakova/dataset/cells/priamy_kanal/sim_2xKSin1_DE_hct15_seed4_rigid31_7/rbc104_sim_2xKSin1_DE_hct15_seed4_rigid31_7.dat
shape =  (3, 603)
603
loading  /home/jasencakova/dataset/cells/priamy_kanal/sim_2xKSin1_DE_hct15_seed4_rigid31_7/rbc105_sim_2xKSin1_DE_hct15_seed4_rigid31_7.dat
shape =  (3, 603)
603
loading  /home/jasencakova/dataset/cells/priamy_kanal/sim_2xKSin1_DE_hct15_seed4_rigid31_7/rbc106_sim_2xKSin1_DE_hct15_seed4_rigid31_7.dat
shape =  (3, 603)
603
loading  /home/jasencakova/dataset/cells/priamy_kanal/sim_2xKSin1_DE_hct15_seed4_rigid31_7/rbc107_sim_2xKSin1_DE_hct15_seed4_rigid31_7.dat
shape =  (3, 603)
603
loading  /home/jasencakova/dataset/cells/priamy_kanal/sim_2xKSin1_DE_hct15_seed4_rigid31_7/rbc108_sim_2xKSin1_DE_hct15_seed4_rigid31_7.dat
shape =  (3, 603)
603
loading  /home/jasencakova/dataset/cells/priamy_kanal/sim_2xKSin1_DE_hct15_seed4_rigid31_7/rbc109_sim_2xKSin1_DE_hct15_seed4_rigid31_7.dat
shape =  (3, 603)
603
loading  /home/jasencakova/dataset/cells/priamy_kanal/sim_2xKSin1_DE_hct15_seed4_rigid31_7/rbc110_sim_2xKSin1_DE_hct15_seed4_rigid31_7.dat
shape =  (3, 603)
603
loading  /home/jasencakova/dataset/cells/priamy_kanal/sim_2xKSin1_DE_hct15_seed4_rigid31_7/rbc111_sim_2xKSin1_DE_hct15_seed4_rigid31_7.dat
shape =  (3, 603)
603
loading  /home/jasencakova/dataset/cells/priamy_kanal/sim_2xKSin1_DE_hct15_seed4_rigid31_7/rbc112_sim_2xKSin1_DE_hct15_seed4_rigid31_7.dat
shape =  (3, 603)
603
loading  /home/jasencakova/dataset/cells/priamy_kanal/sim_2xKSin1_DE_hct15_seed4_rigid31_7/rbc113_sim_2xKSin1_DE_hct15_seed4_rigid31_7.dat
shape =  (3, 603)
603
loading  /home/jasencakova/dataset/cells/priamy_kanal/sim_2xKSin1_DE_hct15_seed4_rigid31_7/rbc114_sim_2xKSin1_DE_hct15_seed4_rigid31_7.dat
shape =  (3, 603)
603
loading  /home/jasencakova/dataset/cells/priamy_kanal/sim_2xKSin1_DE_hct15_seed4_rigid31_7/rbc115_sim_2xKSin1_DE_hct15_seed4_rigid31_7.dat
shape =  (3, 603)
603
loading  /home/jasencakova/dataset/cells/priamy_kanal/sim_2xKSin1_DE_hct15_seed4_rigid31_7/rbc116_sim_2xKSin1_DE_hct15_seed4_rigid31_7.dat
shape =  (3, 603)
603
loading  /home/jasencakova/dataset/cells/priamy_kanal/sim_2xKSin1_DE_hct15_seed4_rigid31_7/rbc117_sim_2xKSin1_DE_hct15_seed4_rigid31_7.dat
shape =  (3, 603)
603
loading  /home/jasencakova/dataset/cells/priamy_kanal/sim_2xKSin1_DE_hct15_seed4_rigid31_7/rbc118_sim_2xKSin1_DE_hct15_seed4_rigid31_7.dat
shape =  (3, 603)
603
loading  /home/jasencakova/dataset/cells/priamy_kanal/sim_2xKSin1_DE_hct15_seed4_rigid31_7/rbc119_sim_2xKSin1_DE_hct15_seed4_rigid31_7.dat
shape =  (3, 603)
603
loading  /home/jasencakova/dataset/cells/priamy_kanal/sim_2xKSin1_DE_hct15_seed4_rigid31_7/rbc120_sim_2xKSin1_DE_hct15_seed4_rigid31_7.dat
shape =  (3, 603)
603
loading  /home/jasencakova/dataset/cells/priamy_kanal/sim_2xKSin1_DE_hct15_seed4_rigid31_7/rbc121_sim_2xKSin1_DE_hct15_seed4_rigid31_7.dat
shape =  (3, 603)
603
loading  /home/jasencakova/dataset/cells/priamy_kanal/sim_2xKSin1_DE_hct15_seed4_rigid31_7/rbc122_sim_2xKSin1_DE_hct15_seed4_rigid31_7.dat
shape =  (3, 603)
603
loading  /home/jasencakova/dataset/cells/priamy_kanal/sim_2xKSin1_DE_hct15_seed4_rigid31_7/rbc123_sim_2xKSin1_DE_hct15_seed4_rigid31_7.dat
shape =  (3, 603)
603
loading  /home/jasencakova/dataset/cells/priamy_kanal/sim_2xKSin1_DE_hct15_seed4_rigid31_7/rbc124_sim_2xKSin1_DE_hct15_seed4_rigid31_7.dat
shape =  (3, 603)
603
loading  /home/jasencakova/dataset/cells/priamy_kanal/sim_2xKSin1_DE_hct15_seed4_rigid31_7/rbc125_sim_2xKSin1_DE_hct15_seed4_rigid31_7.dat
shape =  (3, 603)
603
loading  /home/jasencakova/dataset/cells/priamy_kanal/sim_2xKSin1_DE_hct15_seed4_rigid31_7/rbc126_sim_2xKSin1_DE_hct15_seed4_rigid31_7.dat
shape =  (3, 603)
603
loading  /home/jasencakova/dataset/cells/priamy_kanal/sim_2xKSin1_DE_hct15_seed4_rigid31_7/rbc127_sim_2xKSin1_DE_hct15_seed4_rigid31_7.dat
shape =  (3, 603)
603
loading  /home/jasencakova/dataset/cells/priamy_kanal/sim_2xKSin1_DE_hct15_seed4_rigid31_7/rbc128_sim_2xKSin1_DE_hct15_seed4_rigid31_7.dat
shape =  (3, 603)
603
loading  /home/jasencakova/dataset/cells/priamy_kanal/sim_2xKSin1_DE_hct15_seed4_rigid31_7/rbc129_sim_2xKSin1_DE_hct15_seed4_rigid31_7.dat
shape =  (3, 603)
603
loading  /home/jasencakova/dataset/cells/priamy_kanal/sim_2xKSin1_DE_hct15_seed4_rigid31_7/rbc130_sim_2xKSin1_DE_hct15_seed4_rigid31_7.dat
shape =  (3, 603)
603
loading  /home/jasencakova/dataset/cells/priamy_kanal/sim_2xKSin1_DE_hct15_seed4_rigid31_7/rbc131_sim_2xKSin1_DE_hct15_seed4_rigid31_7.dat
shape =  (3, 603)
603
loading  /home/jasencakova/dataset/cells/priamy_kanal/sim_2xKSin1_DE_hct15_seed4_rigid31_7/rbc132_sim_2xKSin1_DE_hct15_seed4_rigid31_7.dat
shape =  (3, 603)
603
loading  /home/jasencakova/dataset/cells/priamy_kanal/sim_2xKSin1_DE_hct15_seed4_rigid31_7/rbc133_sim_2xKSin1_DE_hct15_seed4_rigid31_7.dat
shape =  (3, 603)
603
loading  /home/jasencakova/dataset/cells/priamy_kanal/sim_2xKSin1_DE_hct15_seed4_rigid31_7/rbc134_sim_2xKSin1_DE_hct15_seed4_rigid31_7.dat
shape =  (3, 603)
603
loading  /home/jasencakova/dataset/cells/priamy_kanal/sim_2xKSin1_DE_hct15_seed4_rigid31_7/rbc135_sim_2xKSin1_DE_hct15_seed4_rigid31_7.dat
shape =  (3, 603)
603
loading  /home/jasencakova/dataset/cells/priamy_kanal/sim_2xKSin1_DE_hct15_seed4_rigid31_7/rbc136_sim_2xKSin1_DE_hct15_seed4_rigid31_7.dat
shape =  (3, 603)
603
loading  /home/jasencakova/dataset/cells/priamy_kanal/sim_2xKSin1_DE_hct15_seed4_rigid31_7/rbc137_sim_2xKSin1_DE_hct15_seed4_rigid31_7.dat
shape =  (3, 603)
603
loading  /home/jasencakova/dataset/cells/priamy_kanal/sim_2xKSin1_DE_hct15_seed4_rigid31_7/rbc138_sim_2xKSin1_DE_hct15_seed4_rigid31_7.dat
shape =  (3, 603)
603
loading  /home/jasencakova/dataset/cells/priamy_kanal/sim_2xKSin1_DE_hct15_seed4_rigid31_7/rbc139_sim_2xKSin1_DE_hct15_seed4_rigid31_7.dat
shape =  (3, 603)
603
loading  /home/jasencakova/dataset/cells/priamy_kanal/sim_2xKSin1_DE_hct15_seed4_rigid31_7/rbc140_sim_2xKSin1_DE_hct15_seed4_rigid31_7.dat
shape =  (3, 603)
603
loading  /home/jasencakova/dataset/cells/priamy_kanal/sim_2xKSin1_DE_hct15_seed4_rigid31_7/rbc141_sim_2xKSin1_DE_hct15_seed4_rigid31_7.dat
shape =  (3, 603)
603
loading  /home/jasencakova/dataset/cells/priamy_kanal/sim_2xKSin1_DE_hct15_seed4_rigid31_7/rbc142_sim_2xKSin1_DE_hct15_seed4_rigid31_7.dat
shape =  (3, 603)
603
loading  /home/jasencakova/dataset/cells/priamy_kanal/sim_2xKSin1_DE_hct15_seed4_rigid31_7/rbc143_sim_2xKSin1_DE_hct15_seed4_rigid31_7.dat
shape =  (3, 603)
603
loading  /home/jasencakova/dataset/cells/priamy_kanal/sim_2xKSin1_DE_hct15_seed4_rigid31_7/rbc144_sim_2xKSin1_DE_hct15_seed4_rigid31_7.dat
shape =  (3, 603)
603
loading  /home/jasencakova/dataset/cells/priamy_kanal/sim_2xKSin1_DE_hct15_seed4_rigid31_7/rbc145_sim_2xKSin1_DE_hct15_seed4_rigid31_7.dat
shape =  (3, 603)
603
loading  /home/jasencakova/dataset/cells/priamy_kanal/sim_2xKSin1_DE_hct15_seed4_rigid31_7/rbc146_sim_2xKSin1_DE_hct15_seed4_rigid31_7.dat
shape =  (3, 603)
603
loading  /home/jasencakova/dataset/cells/priamy_kanal/sim_2xKSin1_DE_hct15_seed4_rigid31_7/rbc147_sim_2xKSin1_DE_hct15_seed4_rigid31_7.dat
shape =  (3, 603)
603
loading  /home/jasencakova/dataset/cells/priamy_kanal/sim_2xKSin1_DE_hct15_seed4_rigid31_7/rbc148_sim_2xKSin1_DE_hct15_seed4_rigid31_7.dat
shape =  (3, 603)
603
loading  /home/jasencakova/dataset/cells/priamy_kanal/sim_2xKSin1_DE_hct15_seed4_rigid31_7/rbc149_sim_2xKSin1_DE_hct15_seed4_rigid31_7.dat
shape =  (3, 603)
603
loading  /home/jasencakova/dataset/cells/priamy_kanal/sim_2xKSin1_DE_hct15_seed4_rigid31_7/rbc150_sim_2xKSin1_DE_hct15_seed4_rigid31_7.dat
shape =  (3, 603)
603
loading  /home/jasencakova/dataset/cells/priamy_kanal/sim_2xKSin1_DE_hct15_seed4_rigid31_7/rbc151_sim_2xKSin1_DE_hct15_seed4_rigid31_7.dat
shape =  (3, 603)
603
loading  /home/jasencakova/dataset/cells/priamy_kanal/sim_2xKSin1_DE_hct15_seed4_rigid31_7/rbc152_sim_2xKSin1_DE_hct15_seed4_rigid31_7.dat
shape =  (3, 603)
603
loading  /home/jasencakova/dataset/cells/priamy_kanal/sim_2xKSin1_DE_hct15_seed4_rigid31_7/rbc153_sim_2xKSin1_DE_hct15_seed4_rigid31_7.dat
shape =  (3, 603)
603
shortest_length =  603
data_shape      =  (154, 603, 3)



loading  /home/jasencakova/dataset/cells/priamy_kanal/sim_2xKSin1_DE_hct15_seed6_rigid31_1/rbc0_sim_2xKSin1_DE_hct15_seed6_rigid31_1.dat
shape =  (3, 945)
945
loading  /home/jasencakova/dataset/cells/priamy_kanal/sim_2xKSin1_DE_hct15_seed6_rigid31_1/rbc1_sim_2xKSin1_DE_hct15_seed6_rigid31_1.dat
shape =  (3, 945)
945
loading  /home/jasencakova/dataset/cells/priamy_kanal/sim_2xKSin1_DE_hct15_seed6_rigid31_1/rbc2_sim_2xKSin1_DE_hct15_seed6_rigid31_1.dat
shape =  (3, 945)
945
loading  /home/jasencakova/dataset/cells/priamy_kanal/sim_2xKSin1_DE_hct15_seed6_rigid31_1/rbc3_sim_2xKSin1_DE_hct15_seed6_rigid31_1.dat
shape =  (3, 945)
945
loading  /home/jasencakova/dataset/cells/priamy_kanal/sim_2xKSin1_DE_hct15_seed6_rigid31_1/rbc4_sim_2xKSin1_DE_hct15_seed6_rigid31_1.dat
shape =  (3, 945)
945
loading  /home/jasencakova/dataset/cells/priamy_kanal/sim_2xKSin1_DE_hct15_seed6_rigid31_1/rbc5_sim_2xKSin1_DE_hct15_seed6_rigid31_1.dat
shape =  (3, 945)
945
loading  /home/jasencakova/dataset/cells/priamy_kanal/sim_2xKSin1_DE_hct15_seed6_rigid31_1/rbc6_sim_2xKSin1_DE_hct15_seed6_rigid31_1.dat
shape =  (3, 945)
945
loading  /home/jasencakova/dataset/cells/priamy_kanal/sim_2xKSin1_DE_hct15_seed6_rigid31_1/rbc7_sim_2xKSin1_DE_hct15_seed6_rigid31_1.dat
shape =  (3, 945)
945
loading  /home/jasencakova/dataset/cells/priamy_kanal/sim_2xKSin1_DE_hct15_seed6_rigid31_1/rbc8_sim_2xKSin1_DE_hct15_seed6_rigid31_1.dat
shape =  (3, 945)
945
loading  /home/jasencakova/dataset/cells/priamy_kanal/sim_2xKSin1_DE_hct15_seed6_rigid31_1/rbc9_sim_2xKSin1_DE_hct15_seed6_rigid31_1.dat
shape =  (3, 945)
945
loading  /home/jasencakova/dataset/cells/priamy_kanal/sim_2xKSin1_DE_hct15_seed6_rigid31_1/rbc10_sim_2xKSin1_DE_hct15_seed6_rigid31_1.dat
shape =  (3, 945)
945
loading  /home/jasencakova/dataset/cells/priamy_kanal/sim_2xKSin1_DE_hct15_seed6_rigid31_1/rbc11_sim_2xKSin1_DE_hct15_seed6_rigid31_1.dat
shape =  (3, 945)
945
loading  /home/jasencakova/dataset/cells/priamy_kanal/sim_2xKSin1_DE_hct15_seed6_rigid31_1/rbc12_sim_2xKSin1_DE_hct15_seed6_rigid31_1.dat
shape =  (3, 945)
945
loading  /home/jasencakova/dataset/cells/priamy_kanal/sim_2xKSin1_DE_hct15_seed6_rigid31_1/rbc13_sim_2xKSin1_DE_hct15_seed6_rigid31_1.dat
shape =  (3, 945)
945
loading  /home/jasencakova/dataset/cells/priamy_kanal/sim_2xKSin1_DE_hct15_seed6_rigid31_1/rbc14_sim_2xKSin1_DE_hct15_seed6_rigid31_1.dat
shape =  (3, 945)
945
loading  /home/jasencakova/dataset/cells/priamy_kanal/sim_2xKSin1_DE_hct15_seed6_rigid31_1/rbc15_sim_2xKSin1_DE_hct15_seed6_rigid31_1.dat
shape =  (3, 945)
945
loading  /home/jasencakova/dataset/cells/priamy_kanal/sim_2xKSin1_DE_hct15_seed6_rigid31_1/rbc16_sim_2xKSin1_DE_hct15_seed6_rigid31_1.dat
shape =  (3, 945)
945
loading  /home/jasencakova/dataset/cells/priamy_kanal/sim_2xKSin1_DE_hct15_seed6_rigid31_1/rbc17_sim_2xKSin1_DE_hct15_seed6_rigid31_1.dat
shape =  (3, 945)
945
loading  /home/jasencakova/dataset/cells/priamy_kanal/sim_2xKSin1_DE_hct15_seed6_rigid31_1/rbc18_sim_2xKSin1_DE_hct15_seed6_rigid31_1.dat
shape =  (3, 945)
945
loading  /home/jasencakova/dataset/cells/priamy_kanal/sim_2xKSin1_DE_hct15_seed6_rigid31_1/rbc19_sim_2xKSin1_DE_hct15_seed6_rigid31_1.dat
shape =  (3, 945)
945
loading  /home/jasencakova/dataset/cells/priamy_kanal/sim_2xKSin1_DE_hct15_seed6_rigid31_1/rbc20_sim_2xKSin1_DE_hct15_seed6_rigid31_1.dat
shape =  (3, 945)
945
loading  /home/jasencakova/dataset/cells/priamy_kanal/sim_2xKSin1_DE_hct15_seed6_rigid31_1/rbc21_sim_2xKSin1_DE_hct15_seed6_rigid31_1.dat
shape =  (3, 945)
945
loading  /home/jasencakova/dataset/cells/priamy_kanal/sim_2xKSin1_DE_hct15_seed6_rigid31_1/rbc22_sim_2xKSin1_DE_hct15_seed6_rigid31_1.dat
shape =  (3, 945)
945
loading  /home/jasencakova/dataset/cells/priamy_kanal/sim_2xKSin1_DE_hct15_seed6_rigid31_1/rbc23_sim_2xKSin1_DE_hct15_seed6_rigid31_1.dat
shape =  (3, 945)
945
loading  /home/jasencakova/dataset/cells/priamy_kanal/sim_2xKSin1_DE_hct15_seed6_rigid31_1/rbc24_sim_2xKSin1_DE_hct15_seed6_rigid31_1.dat
shape =  (3, 945)
945
loading  /home/jasencakova/dataset/cells/priamy_kanal/sim_2xKSin1_DE_hct15_seed6_rigid31_1/rbc25_sim_2xKSin1_DE_hct15_seed6_rigid31_1.dat
shape =  (3, 945)
945
loading  /home/jasencakova/dataset/cells/priamy_kanal/sim_2xKSin1_DE_hct15_seed6_rigid31_1/rbc26_sim_2xKSin1_DE_hct15_seed6_rigid31_1.dat
shape =  (3, 945)
945
loading  /home/jasencakova/dataset/cells/priamy_kanal/sim_2xKSin1_DE_hct15_seed6_rigid31_1/rbc27_sim_2xKSin1_DE_hct15_seed6_rigid31_1.dat
shape =  (3, 945)
945
loading  /home/jasencakova/dataset/cells/priamy_kanal/sim_2xKSin1_DE_hct15_seed6_rigid31_1/rbc28_sim_2xKSin1_DE_hct15_seed6_rigid31_1.dat
shape =  (3, 945)
945
loading  /home/jasencakova/dataset/cells/priamy_kanal/sim_2xKSin1_DE_hct15_seed6_rigid31_1/rbc29_sim_2xKSin1_DE_hct15_seed6_rigid31_1.dat
shape =  (3, 945)
945
loading  /home/jasencakova/dataset/cells/priamy_kanal/sim_2xKSin1_DE_hct15_seed6_rigid31_1/rbc30_sim_2xKSin1_DE_hct15_seed6_rigid31_1.dat
shape =  (3, 945)
945
loading  /home/jasencakova/dataset/cells/priamy_kanal/sim_2xKSin1_DE_hct15_seed6_rigid31_1/rbc31_sim_2xKSin1_DE_hct15_seed6_rigid31_1.dat
shape =  (3, 945)
945
loading  /home/jasencakova/dataset/cells/priamy_kanal/sim_2xKSin1_DE_hct15_seed6_rigid31_1/rbc32_sim_2xKSin1_DE_hct15_seed6_rigid31_1.dat
shape =  (3, 945)
945
loading  /home/jasencakova/dataset/cells/priamy_kanal/sim_2xKSin1_DE_hct15_seed6_rigid31_1/rbc33_sim_2xKSin1_DE_hct15_seed6_rigid31_1.dat
shape =  (3, 945)
945
loading  /home/jasencakova/dataset/cells/priamy_kanal/sim_2xKSin1_DE_hct15_seed6_rigid31_1/rbc34_sim_2xKSin1_DE_hct15_seed6_rigid31_1.dat
shape =  (3, 945)
945
loading  /home/jasencakova/dataset/cells/priamy_kanal/sim_2xKSin1_DE_hct15_seed6_rigid31_1/rbc35_sim_2xKSin1_DE_hct15_seed6_rigid31_1.dat
shape =  (3, 945)
945
loading  /home/jasencakova/dataset/cells/priamy_kanal/sim_2xKSin1_DE_hct15_seed6_rigid31_1/rbc36_sim_2xKSin1_DE_hct15_seed6_rigid31_1.dat
shape =  (3, 945)
945
loading  /home/jasencakova/dataset/cells/priamy_kanal/sim_2xKSin1_DE_hct15_seed6_rigid31_1/rbc37_sim_2xKSin1_DE_hct15_seed6_rigid31_1.dat
shape =  (3, 945)
945
loading  /home/jasencakova/dataset/cells/priamy_kanal/sim_2xKSin1_DE_hct15_seed6_rigid31_1/rbc38_sim_2xKSin1_DE_hct15_seed6_rigid31_1.dat
shape =  (3, 945)
945
loading  /home/jasencakova/dataset/cells/priamy_kanal/sim_2xKSin1_DE_hct15_seed6_rigid31_1/rbc39_sim_2xKSin1_DE_hct15_seed6_rigid31_1.dat
shape =  (3, 945)
945
loading  /home/jasencakova/dataset/cells/priamy_kanal/sim_2xKSin1_DE_hct15_seed6_rigid31_1/rbc40_sim_2xKSin1_DE_hct15_seed6_rigid31_1.dat
shape =  (3, 945)
945
loading  /home/jasencakova/dataset/cells/priamy_kanal/sim_2xKSin1_DE_hct15_seed6_rigid31_1/rbc41_sim_2xKSin1_DE_hct15_seed6_rigid31_1.dat
shape =  (3, 945)
945
loading  /home/jasencakova/dataset/cells/priamy_kanal/sim_2xKSin1_DE_hct15_seed6_rigid31_1/rbc42_sim_2xKSin1_DE_hct15_seed6_rigid31_1.dat
shape =  (3, 945)
945
loading  /home/jasencakova/dataset/cells/priamy_kanal/sim_2xKSin1_DE_hct15_seed6_rigid31_1/rbc43_sim_2xKSin1_DE_hct15_seed6_rigid31_1.dat
shape =  (3, 945)
945
loading  /home/jasencakova/dataset/cells/priamy_kanal/sim_2xKSin1_DE_hct15_seed6_rigid31_1/rbc44_sim_2xKSin1_DE_hct15_seed6_rigid31_1.dat
shape =  (3, 945)
945
loading  /home/jasencakova/dataset/cells/priamy_kanal/sim_2xKSin1_DE_hct15_seed6_rigid31_1/rbc45_sim_2xKSin1_DE_hct15_seed6_rigid31_1.dat
shape =  (3, 945)
945
loading  /home/jasencakova/dataset/cells/priamy_kanal/sim_2xKSin1_DE_hct15_seed6_rigid31_1/rbc46_sim_2xKSin1_DE_hct15_seed6_rigid31_1.dat
shape =  (3, 945)
945
loading  /home/jasencakova/dataset/cells/priamy_kanal/sim_2xKSin1_DE_hct15_seed6_rigid31_1/rbc47_sim_2xKSin1_DE_hct15_seed6_rigid31_1.dat
shape =  (3, 945)
945
loading  /home/jasencakova/dataset/cells/priamy_kanal/sim_2xKSin1_DE_hct15_seed6_rigid31_1/rbc48_sim_2xKSin1_DE_hct15_seed6_rigid31_1.dat
shape =  (3, 945)
945
loading  /home/jasencakova/dataset/cells/priamy_kanal/sim_2xKSin1_DE_hct15_seed6_rigid31_1/rbc49_sim_2xKSin1_DE_hct15_seed6_rigid31_1.dat
shape =  (3, 945)
945
loading  /home/jasencakova/dataset/cells/priamy_kanal/sim_2xKSin1_DE_hct15_seed6_rigid31_1/rbc50_sim_2xKSin1_DE_hct15_seed6_rigid31_1.dat
shape =  (3, 945)
945
loading  /home/jasencakova/dataset/cells/priamy_kanal/sim_2xKSin1_DE_hct15_seed6_rigid31_1/rbc51_sim_2xKSin1_DE_hct15_seed6_rigid31_1.dat
shape =  (3, 945)
945
loading  /home/jasencakova/dataset/cells/priamy_kanal/sim_2xKSin1_DE_hct15_seed6_rigid31_1/rbc52_sim_2xKSin1_DE_hct15_seed6_rigid31_1.dat
shape =  (3, 945)
945
loading  /home/jasencakova/dataset/cells/priamy_kanal/sim_2xKSin1_DE_hct15_seed6_rigid31_1/rbc53_sim_2xKSin1_DE_hct15_seed6_rigid31_1.dat
shape =  (3, 945)
945
loading  /home/jasencakova/dataset/cells/priamy_kanal/sim_2xKSin1_DE_hct15_seed6_rigid31_1/rbc54_sim_2xKSin1_DE_hct15_seed6_rigid31_1.dat
shape =  (3, 945)
945
loading  /home/jasencakova/dataset/cells/priamy_kanal/sim_2xKSin1_DE_hct15_seed6_rigid31_1/rbc55_sim_2xKSin1_DE_hct15_seed6_rigid31_1.dat
shape =  (3, 945)
945
loading  /home/jasencakova/dataset/cells/priamy_kanal/sim_2xKSin1_DE_hct15_seed6_rigid31_1/rbc56_sim_2xKSin1_DE_hct15_seed6_rigid31_1.dat
shape =  (3, 945)
945
loading  /home/jasencakova/dataset/cells/priamy_kanal/sim_2xKSin1_DE_hct15_seed6_rigid31_1/rbc57_sim_2xKSin1_DE_hct15_seed6_rigid31_1.dat
shape =  (3, 945)
945
loading  /home/jasencakova/dataset/cells/priamy_kanal/sim_2xKSin1_DE_hct15_seed6_rigid31_1/rbc58_sim_2xKSin1_DE_hct15_seed6_rigid31_1.dat
shape =  (3, 945)
945
loading  /home/jasencakova/dataset/cells/priamy_kanal/sim_2xKSin1_DE_hct15_seed6_rigid31_1/rbc59_sim_2xKSin1_DE_hct15_seed6_rigid31_1.dat
shape =  (3, 945)
945
loading  /home/jasencakova/dataset/cells/priamy_kanal/sim_2xKSin1_DE_hct15_seed6_rigid31_1/rbc60_sim_2xKSin1_DE_hct15_seed6_rigid31_1.dat
shape =  (3, 945)
945
loading  /home/jasencakova/dataset/cells/priamy_kanal/sim_2xKSin1_DE_hct15_seed6_rigid31_1/rbc61_sim_2xKSin1_DE_hct15_seed6_rigid31_1.dat
shape =  (3, 945)
945
loading  /home/jasencakova/dataset/cells/priamy_kanal/sim_2xKSin1_DE_hct15_seed6_rigid31_1/rbc62_sim_2xKSin1_DE_hct15_seed6_rigid31_1.dat
shape =  (3, 945)
945
loading  /home/jasencakova/dataset/cells/priamy_kanal/sim_2xKSin1_DE_hct15_seed6_rigid31_1/rbc63_sim_2xKSin1_DE_hct15_seed6_rigid31_1.dat
shape =  (3, 945)
945
loading  /home/jasencakova/dataset/cells/priamy_kanal/sim_2xKSin1_DE_hct15_seed6_rigid31_1/rbc64_sim_2xKSin1_DE_hct15_seed6_rigid31_1.dat
shape =  (3, 945)
945
loading  /home/jasencakova/dataset/cells/priamy_kanal/sim_2xKSin1_DE_hct15_seed6_rigid31_1/rbc65_sim_2xKSin1_DE_hct15_seed6_rigid31_1.dat
shape =  (3, 945)
945
loading  /home/jasencakova/dataset/cells/priamy_kanal/sim_2xKSin1_DE_hct15_seed6_rigid31_1/rbc66_sim_2xKSin1_DE_hct15_seed6_rigid31_1.dat
shape =  (3, 945)
945
loading  /home/jasencakova/dataset/cells/priamy_kanal/sim_2xKSin1_DE_hct15_seed6_rigid31_1/rbc67_sim_2xKSin1_DE_hct15_seed6_rigid31_1.dat
shape =  (3, 945)
945
loading  /home/jasencakova/dataset/cells/priamy_kanal/sim_2xKSin1_DE_hct15_seed6_rigid31_1/rbc68_sim_2xKSin1_DE_hct15_seed6_rigid31_1.dat
shape =  (3, 945)
945
loading  /home/jasencakova/dataset/cells/priamy_kanal/sim_2xKSin1_DE_hct15_seed6_rigid31_1/rbc69_sim_2xKSin1_DE_hct15_seed6_rigid31_1.dat
shape =  (3, 945)
945
loading  /home/jasencakova/dataset/cells/priamy_kanal/sim_2xKSin1_DE_hct15_seed6_rigid31_1/rbc70_sim_2xKSin1_DE_hct15_seed6_rigid31_1.dat
shape =  (3, 945)
945
loading  /home/jasencakova/dataset/cells/priamy_kanal/sim_2xKSin1_DE_hct15_seed6_rigid31_1/rbc71_sim_2xKSin1_DE_hct15_seed6_rigid31_1.dat
shape =  (3, 945)
945
loading  /home/jasencakova/dataset/cells/priamy_kanal/sim_2xKSin1_DE_hct15_seed6_rigid31_1/rbc72_sim_2xKSin1_DE_hct15_seed6_rigid31_1.dat
shape =  (3, 945)
945
loading  /home/jasencakova/dataset/cells/priamy_kanal/sim_2xKSin1_DE_hct15_seed6_rigid31_1/rbc73_sim_2xKSin1_DE_hct15_seed6_rigid31_1.dat
shape =  (3, 945)
945
loading  /home/jasencakova/dataset/cells/priamy_kanal/sim_2xKSin1_DE_hct15_seed6_rigid31_1/rbc74_sim_2xKSin1_DE_hct15_seed6_rigid31_1.dat
shape =  (3, 945)
945
loading  /home/jasencakova/dataset/cells/priamy_kanal/sim_2xKSin1_DE_hct15_seed6_rigid31_1/rbc75_sim_2xKSin1_DE_hct15_seed6_rigid31_1.dat
shape =  (3, 945)
945
loading  /home/jasencakova/dataset/cells/priamy_kanal/sim_2xKSin1_DE_hct15_seed6_rigid31_1/rbc76_sim_2xKSin1_DE_hct15_seed6_rigid31_1.dat
shape =  (3, 945)
945
loading  /home/jasencakova/dataset/cells/priamy_kanal/sim_2xKSin1_DE_hct15_seed6_rigid31_1/rbc77_sim_2xKSin1_DE_hct15_seed6_rigid31_1.dat
shape =  (3, 945)
945
loading  /home/jasencakova/dataset/cells/priamy_kanal/sim_2xKSin1_DE_hct15_seed6_rigid31_1/rbc78_sim_2xKSin1_DE_hct15_seed6_rigid31_1.dat
shape =  (3, 945)
945
loading  /home/jasencakova/dataset/cells/priamy_kanal/sim_2xKSin1_DE_hct15_seed6_rigid31_1/rbc79_sim_2xKSin1_DE_hct15_seed6_rigid31_1.dat
shape =  (3, 945)
945
loading  /home/jasencakova/dataset/cells/priamy_kanal/sim_2xKSin1_DE_hct15_seed6_rigid31_1/rbc80_sim_2xKSin1_DE_hct15_seed6_rigid31_1.dat
shape =  (3, 945)
945
loading  /home/jasencakova/dataset/cells/priamy_kanal/sim_2xKSin1_DE_hct15_seed6_rigid31_1/rbc81_sim_2xKSin1_DE_hct15_seed6_rigid31_1.dat
shape =  (3, 945)
945
loading  /home/jasencakova/dataset/cells/priamy_kanal/sim_2xKSin1_DE_hct15_seed6_rigid31_1/rbc82_sim_2xKSin1_DE_hct15_seed6_rigid31_1.dat
shape =  (3, 945)
945
loading  /home/jasencakova/dataset/cells/priamy_kanal/sim_2xKSin1_DE_hct15_seed6_rigid31_1/rbc83_sim_2xKSin1_DE_hct15_seed6_rigid31_1.dat
shape =  (3, 945)
945
loading  /home/jasencakova/dataset/cells/priamy_kanal/sim_2xKSin1_DE_hct15_seed6_rigid31_1/rbc84_sim_2xKSin1_DE_hct15_seed6_rigid31_1.dat
shape =  (3, 945)
945
loading  /home/jasencakova/dataset/cells/priamy_kanal/sim_2xKSin1_DE_hct15_seed6_rigid31_1/rbc85_sim_2xKSin1_DE_hct15_seed6_rigid31_1.dat
shape =  (3, 945)
945
loading  /home/jasencakova/dataset/cells/priamy_kanal/sim_2xKSin1_DE_hct15_seed6_rigid31_1/rbc86_sim_2xKSin1_DE_hct15_seed6_rigid31_1.dat
shape =  (3, 945)
945
loading  /home/jasencakova/dataset/cells/priamy_kanal/sim_2xKSin1_DE_hct15_seed6_rigid31_1/rbc87_sim_2xKSin1_DE_hct15_seed6_rigid31_1.dat
shape =  (3, 945)
945
loading  /home/jasencakova/dataset/cells/priamy_kanal/sim_2xKSin1_DE_hct15_seed6_rigid31_1/rbc88_sim_2xKSin1_DE_hct15_seed6_rigid31_1.dat
shape =  (3, 945)
945
loading  /home/jasencakova/dataset/cells/priamy_kanal/sim_2xKSin1_DE_hct15_seed6_rigid31_1/rbc89_sim_2xKSin1_DE_hct15_seed6_rigid31_1.dat
shape =  (3, 945)
945
loading  /home/jasencakova/dataset/cells/priamy_kanal/sim_2xKSin1_DE_hct15_seed6_rigid31_1/rbc90_sim_2xKSin1_DE_hct15_seed6_rigid31_1.dat
shape =  (3, 945)
945
loading  /home/jasencakova/dataset/cells/priamy_kanal/sim_2xKSin1_DE_hct15_seed6_rigid31_1/rbc91_sim_2xKSin1_DE_hct15_seed6_rigid31_1.dat
shape =  (3, 945)
945
loading  /home/jasencakova/dataset/cells/priamy_kanal/sim_2xKSin1_DE_hct15_seed6_rigid31_1/rbc92_sim_2xKSin1_DE_hct15_seed6_rigid31_1.dat
shape =  (3, 945)
945
loading  /home/jasencakova/dataset/cells/priamy_kanal/sim_2xKSin1_DE_hct15_seed6_rigid31_1/rbc93_sim_2xKSin1_DE_hct15_seed6_rigid31_1.dat
shape =  (3, 945)
945
loading  /home/jasencakova/dataset/cells/priamy_kanal/sim_2xKSin1_DE_hct15_seed6_rigid31_1/rbc94_sim_2xKSin1_DE_hct15_seed6_rigid31_1.dat
shape =  (3, 945)
945
loading  /home/jasencakova/dataset/cells/priamy_kanal/sim_2xKSin1_DE_hct15_seed6_rigid31_1/rbc95_sim_2xKSin1_DE_hct15_seed6_rigid31_1.dat
shape =  (3, 945)
945
loading  /home/jasencakova/dataset/cells/priamy_kanal/sim_2xKSin1_DE_hct15_seed6_rigid31_1/rbc96_sim_2xKSin1_DE_hct15_seed6_rigid31_1.dat
shape =  (3, 945)
945
loading  /home/jasencakova/dataset/cells/priamy_kanal/sim_2xKSin1_DE_hct15_seed6_rigid31_1/rbc97_sim_2xKSin1_DE_hct15_seed6_rigid31_1.dat
shape =  (3, 945)
945
loading  /home/jasencakova/dataset/cells/priamy_kanal/sim_2xKSin1_DE_hct15_seed6_rigid31_1/rbc98_sim_2xKSin1_DE_hct15_seed6_rigid31_1.dat
shape =  (3, 945)
945
loading  /home/jasencakova/dataset/cells/priamy_kanal/sim_2xKSin1_DE_hct15_seed6_rigid31_1/rbc99_sim_2xKSin1_DE_hct15_seed6_rigid31_1.dat
shape =  (3, 945)
945
loading  /home/jasencakova/dataset/cells/priamy_kanal/sim_2xKSin1_DE_hct15_seed6_rigid31_1/rbc100_sim_2xKSin1_DE_hct15_seed6_rigid31_1.dat
shape =  (3, 945)
945
loading  /home/jasencakova/dataset/cells/priamy_kanal/sim_2xKSin1_DE_hct15_seed6_rigid31_1/rbc101_sim_2xKSin1_DE_hct15_seed6_rigid31_1.dat
shape =  (3, 945)
945
loading  /home/jasencakova/dataset/cells/priamy_kanal/sim_2xKSin1_DE_hct15_seed6_rigid31_1/rbc102_sim_2xKSin1_DE_hct15_seed6_rigid31_1.dat
shape =  (3, 945)
945
loading  /home/jasencakova/dataset/cells/priamy_kanal/sim_2xKSin1_DE_hct15_seed6_rigid31_1/rbc103_sim_2xKSin1_DE_hct15_seed6_rigid31_1.dat
shape =  (3, 945)
945
loading  /home/jasencakova/dataset/cells/priamy_kanal/sim_2xKSin1_DE_hct15_seed6_rigid31_1/rbc104_sim_2xKSin1_DE_hct15_seed6_rigid31_1.dat
shape =  (3, 945)
945
loading  /home/jasencakova/dataset/cells/priamy_kanal/sim_2xKSin1_DE_hct15_seed6_rigid31_1/rbc105_sim_2xKSin1_DE_hct15_seed6_rigid31_1.dat
shape =  (3, 945)
945
loading  /home/jasencakova/dataset/cells/priamy_kanal/sim_2xKSin1_DE_hct15_seed6_rigid31_1/rbc106_sim_2xKSin1_DE_hct15_seed6_rigid31_1.dat
shape =  (3, 945)
945
loading  /home/jasencakova/dataset/cells/priamy_kanal/sim_2xKSin1_DE_hct15_seed6_rigid31_1/rbc107_sim_2xKSin1_DE_hct15_seed6_rigid31_1.dat
shape =  (3, 945)
945
loading  /home/jasencakova/dataset/cells/priamy_kanal/sim_2xKSin1_DE_hct15_seed6_rigid31_1/rbc108_sim_2xKSin1_DE_hct15_seed6_rigid31_1.dat
shape =  (3, 945)
945
loading  /home/jasencakova/dataset/cells/priamy_kanal/sim_2xKSin1_DE_hct15_seed6_rigid31_1/rbc109_sim_2xKSin1_DE_hct15_seed6_rigid31_1.dat
shape =  (3, 945)
945
loading  /home/jasencakova/dataset/cells/priamy_kanal/sim_2xKSin1_DE_hct15_seed6_rigid31_1/rbc110_sim_2xKSin1_DE_hct15_seed6_rigid31_1.dat
shape =  (3, 945)
945
loading  /home/jasencakova/dataset/cells/priamy_kanal/sim_2xKSin1_DE_hct15_seed6_rigid31_1/rbc111_sim_2xKSin1_DE_hct15_seed6_rigid31_1.dat
shape =  (3, 945)
945
loading  /home/jasencakova/dataset/cells/priamy_kanal/sim_2xKSin1_DE_hct15_seed6_rigid31_1/rbc112_sim_2xKSin1_DE_hct15_seed6_rigid31_1.dat
shape =  (3, 945)
945
loading  /home/jasencakova/dataset/cells/priamy_kanal/sim_2xKSin1_DE_hct15_seed6_rigid31_1/rbc113_sim_2xKSin1_DE_hct15_seed6_rigid31_1.dat
shape =  (3, 945)
945
loading  /home/jasencakova/dataset/cells/priamy_kanal/sim_2xKSin1_DE_hct15_seed6_rigid31_1/rbc114_sim_2xKSin1_DE_hct15_seed6_rigid31_1.dat
shape =  (3, 945)
945
loading  /home/jasencakova/dataset/cells/priamy_kanal/sim_2xKSin1_DE_hct15_seed6_rigid31_1/rbc115_sim_2xKSin1_DE_hct15_seed6_rigid31_1.dat
shape =  (3, 945)
945
loading  /home/jasencakova/dataset/cells/priamy_kanal/sim_2xKSin1_DE_hct15_seed6_rigid31_1/rbc116_sim_2xKSin1_DE_hct15_seed6_rigid31_1.dat
shape =  (3, 945)
945
loading  /home/jasencakova/dataset/cells/priamy_kanal/sim_2xKSin1_DE_hct15_seed6_rigid31_1/rbc117_sim_2xKSin1_DE_hct15_seed6_rigid31_1.dat
shape =  (3, 945)
945
loading  /home/jasencakova/dataset/cells/priamy_kanal/sim_2xKSin1_DE_hct15_seed6_rigid31_1/rbc118_sim_2xKSin1_DE_hct15_seed6_rigid31_1.dat
shape =  (3, 945)
945
loading  /home/jasencakova/dataset/cells/priamy_kanal/sim_2xKSin1_DE_hct15_seed6_rigid31_1/rbc119_sim_2xKSin1_DE_hct15_seed6_rigid31_1.dat
shape =  (3, 945)
945
loading  /home/jasencakova/dataset/cells/priamy_kanal/sim_2xKSin1_DE_hct15_seed6_rigid31_1/rbc120_sim_2xKSin1_DE_hct15_seed6_rigid31_1.dat
shape =  (3, 945)
945
loading  /home/jasencakova/dataset/cells/priamy_kanal/sim_2xKSin1_DE_hct15_seed6_rigid31_1/rbc121_sim_2xKSin1_DE_hct15_seed6_rigid31_1.dat
shape =  (3, 945)
945
loading  /home/jasencakova/dataset/cells/priamy_kanal/sim_2xKSin1_DE_hct15_seed6_rigid31_1/rbc122_sim_2xKSin1_DE_hct15_seed6_rigid31_1.dat
shape =  (3, 945)
945
loading  /home/jasencakova/dataset/cells/priamy_kanal/sim_2xKSin1_DE_hct15_seed6_rigid31_1/rbc123_sim_2xKSin1_DE_hct15_seed6_rigid31_1.dat
shape =  (3, 945)
945
loading  /home/jasencakova/dataset/cells/priamy_kanal/sim_2xKSin1_DE_hct15_seed6_rigid31_1/rbc124_sim_2xKSin1_DE_hct15_seed6_rigid31_1.dat
shape =  (3, 945)
945
loading  /home/jasencakova/dataset/cells/priamy_kanal/sim_2xKSin1_DE_hct15_seed6_rigid31_1/rbc125_sim_2xKSin1_DE_hct15_seed6_rigid31_1.dat
shape =  (3, 945)
945
loading  /home/jasencakova/dataset/cells/priamy_kanal/sim_2xKSin1_DE_hct15_seed6_rigid31_1/rbc126_sim_2xKSin1_DE_hct15_seed6_rigid31_1.dat
shape =  (3, 945)
945
loading  /home/jasencakova/dataset/cells/priamy_kanal/sim_2xKSin1_DE_hct15_seed6_rigid31_1/rbc127_sim_2xKSin1_DE_hct15_seed6_rigid31_1.dat
shape =  (3, 945)
945
loading  /home/jasencakova/dataset/cells/priamy_kanal/sim_2xKSin1_DE_hct15_seed6_rigid31_1/rbc128_sim_2xKSin1_DE_hct15_seed6_rigid31_1.dat
shape =  (3, 945)
945
loading  /home/jasencakova/dataset/cells/priamy_kanal/sim_2xKSin1_DE_hct15_seed6_rigid31_1/rbc129_sim_2xKSin1_DE_hct15_seed6_rigid31_1.dat
shape =  (3, 945)
945
loading  /home/jasencakova/dataset/cells/priamy_kanal/sim_2xKSin1_DE_hct15_seed6_rigid31_1/rbc130_sim_2xKSin1_DE_hct15_seed6_rigid31_1.dat
shape =  (3, 945)
945
loading  /home/jasencakova/dataset/cells/priamy_kanal/sim_2xKSin1_DE_hct15_seed6_rigid31_1/rbc131_sim_2xKSin1_DE_hct15_seed6_rigid31_1.dat
shape =  (3, 945)
945
loading  /home/jasencakova/dataset/cells/priamy_kanal/sim_2xKSin1_DE_hct15_seed6_rigid31_1/rbc132_sim_2xKSin1_DE_hct15_seed6_rigid31_1.dat
shape =  (3, 945)
945
loading  /home/jasencakova/dataset/cells/priamy_kanal/sim_2xKSin1_DE_hct15_seed6_rigid31_1/rbc133_sim_2xKSin1_DE_hct15_seed6_rigid31_1.dat
shape =  (3, 945)
945
loading  /home/jasencakova/dataset/cells/priamy_kanal/sim_2xKSin1_DE_hct15_seed6_rigid31_1/rbc134_sim_2xKSin1_DE_hct15_seed6_rigid31_1.dat
shape =  (3, 945)
945
loading  /home/jasencakova/dataset/cells/priamy_kanal/sim_2xKSin1_DE_hct15_seed6_rigid31_1/rbc135_sim_2xKSin1_DE_hct15_seed6_rigid31_1.dat
shape =  (3, 945)
945
loading  /home/jasencakova/dataset/cells/priamy_kanal/sim_2xKSin1_DE_hct15_seed6_rigid31_1/rbc136_sim_2xKSin1_DE_hct15_seed6_rigid31_1.dat
shape =  (3, 945)
945
loading  /home/jasencakova/dataset/cells/priamy_kanal/sim_2xKSin1_DE_hct15_seed6_rigid31_1/rbc137_sim_2xKSin1_DE_hct15_seed6_rigid31_1.dat
shape =  (3, 945)
945
loading  /home/jasencakova/dataset/cells/priamy_kanal/sim_2xKSin1_DE_hct15_seed6_rigid31_1/rbc138_sim_2xKSin1_DE_hct15_seed6_rigid31_1.dat
shape =  (3, 945)
945
loading  /home/jasencakova/dataset/cells/priamy_kanal/sim_2xKSin1_DE_hct15_seed6_rigid31_1/rbc139_sim_2xKSin1_DE_hct15_seed6_rigid31_1.dat
shape =  (3, 945)
945
loading  /home/jasencakova/dataset/cells/priamy_kanal/sim_2xKSin1_DE_hct15_seed6_rigid31_1/rbc140_sim_2xKSin1_DE_hct15_seed6_rigid31_1.dat
shape =  (3, 945)
945
loading  /home/jasencakova/dataset/cells/priamy_kanal/sim_2xKSin1_DE_hct15_seed6_rigid31_1/rbc141_sim_2xKSin1_DE_hct15_seed6_rigid31_1.dat
shape =  (3, 945)
945
loading  /home/jasencakova/dataset/cells/priamy_kanal/sim_2xKSin1_DE_hct15_seed6_rigid31_1/rbc142_sim_2xKSin1_DE_hct15_seed6_rigid31_1.dat
shape =  (3, 945)
945
loading  /home/jasencakova/dataset/cells/priamy_kanal/sim_2xKSin1_DE_hct15_seed6_rigid31_1/rbc143_sim_2xKSin1_DE_hct15_seed6_rigid31_1.dat
shape =  (3, 945)
945
loading  /home/jasencakova/dataset/cells/priamy_kanal/sim_2xKSin1_DE_hct15_seed6_rigid31_1/rbc144_sim_2xKSin1_DE_hct15_seed6_rigid31_1.dat
shape =  (3, 945)
945
loading  /home/jasencakova/dataset/cells/priamy_kanal/sim_2xKSin1_DE_hct15_seed6_rigid31_1/rbc145_sim_2xKSin1_DE_hct15_seed6_rigid31_1.dat
shape =  (3, 945)
945
loading  /home/jasencakova/dataset/cells/priamy_kanal/sim_2xKSin1_DE_hct15_seed6_rigid31_1/rbc146_sim_2xKSin1_DE_hct15_seed6_rigid31_1.dat
shape =  (3, 945)
945
loading  /home/jasencakova/dataset/cells/priamy_kanal/sim_2xKSin1_DE_hct15_seed6_rigid31_1/rbc147_sim_2xKSin1_DE_hct15_seed6_rigid31_1.dat
shape =  (3, 945)
945
loading  /home/jasencakova/dataset/cells/priamy_kanal/sim_2xKSin1_DE_hct15_seed6_rigid31_1/rbc148_sim_2xKSin1_DE_hct15_seed6_rigid31_1.dat
shape =  (3, 945)
945
loading  /home/jasencakova/dataset/cells/priamy_kanal/sim_2xKSin1_DE_hct15_seed6_rigid31_1/rbc149_sim_2xKSin1_DE_hct15_seed6_rigid31_1.dat
shape =  (3, 945)
945
loading  /home/jasencakova/dataset/cells/priamy_kanal/sim_2xKSin1_DE_hct15_seed6_rigid31_1/rbc150_sim_2xKSin1_DE_hct15_seed6_rigid31_1.dat
shape =  (3, 945)
945
loading  /home/jasencakova/dataset/cells/priamy_kanal/sim_2xKSin1_DE_hct15_seed6_rigid31_1/rbc151_sim_2xKSin1_DE_hct15_seed6_rigid31_1.dat
shape =  (3, 945)
945
loading  /home/jasencakova/dataset/cells/priamy_kanal/sim_2xKSin1_DE_hct15_seed6_rigid31_1/rbc152_sim_2xKSin1_DE_hct15_seed6_rigid31_1.dat
shape =  (3, 945)
945
loading  /home/jasencakova/dataset/cells/priamy_kanal/sim_2xKSin1_DE_hct15_seed6_rigid31_1/rbc153_sim_2xKSin1_DE_hct15_seed6_rigid31_1.dat
shape =  (3, 945)
945
shortest_length =  945
data_shape      =  (154, 945, 3)








dataset summary : 

training_dats shape    =  (154, 603, 3)
testing_dats shape    =  (154, 945, 3)
training_count  =  9379062
testing_count   =  145530
channels_count  =  3
sequence_length =  128
classes_count   =   2
batch(32) tensor shape =  torch.Size([32, 3, 128]) torch.Size([32, 2])





model
Sequential(
  (0): Conv1d(3, 32, kernel_size=(3,), stride=(2,), padding=(1,))
  (1): ReLU()
  (2): Dropout(p=0.01, inplace=False)
  (3): Conv1d(32, 64, kernel_size=(3,), stride=(2,), padding=(1,))
  (4): ReLU()
  (5): Dropout(p=0.01, inplace=False)
  (6): Conv1d(64, 64, kernel_size=(3,), stride=(2,), padding=(1,))
  (7): ReLU()
  (8): Dropout(p=0.01, inplace=False)
  (9): Conv1d(64, 128, kernel_size=(3,), stride=(2,), padding=(1,))
  (10): ReLU()
  (11): Dropout(p=0.01, inplace=False)
  (12): Flatten()
  (13): Linear(in_features=1024, out_features=2, bias=True)
)



0 82.83946428815132 79.3641531195079 0.13404725 0.15865532 0.015274887 0.014231969 18.88 





=================================================
new best net in 0
TRAINING result
accuracy   = 82.839 [%]
hit_count  = 7769573
miss_count = 1609499

class_accuracy = 98.652%   20.065%   


confusion_matrix = 
7390917	 1508525	 
100974	 378656	 



TESTING result
accuracy   = 79.364 [%]
hit_count  = 115605
miss_count = 30059

class_accuracy = 95.828%   14.182%   


confusion_matrix = 
111439	 25208	 
4851	 4166	 




1 83.43607981685182 78.5115059314587 0.13035305 0.16254658 0.013346635 0.013692727 18.68 

2 84.1484637286077 76.64419485940246 0.12550968 0.17217514 0.013429505 0.014260194 18.48 

3 84.79335695471791 74.44117970123023 0.12102879 0.19076812 0.012999468 0.016762806 18.29 

4 85.0953911005268 74.6148670913884 0.11866544 0.19422291 0.012835007 0.01657263 18.11 

5 85.367027782706 72.40361379613357 0.116565995 0.21085338 0.0127137415 0.018011812 17.91 

6 85.59361736427655 72.55876537785589 0.11449326 0.20880653 0.012518102 0.018145086 17.7 

7 85.82432249160685 68.97586225834797 0.11240495 0.24470568 0.012426781 0.021539247 17.5 

8 86.04503729153588 66.53943321616872 0.11038516 0.26190078 0.012269111 0.021017816 17.3 

9 86.32977761552529 54.19046572934974 0.10796457 0.38015917 0.012029665 0.029505473 17.11 

10 86.58727643843655 48.8294980228471 0.10563393 0.5042045 0.0119574005 0.03863261 16.92 

11 87.08993810901548 25.323346880492092 0.10102749 1.1313736 0.011620194 0.062839374 16.71 

12 88.3938944066108 20.88505052724077 0.091074444 2.267904 0.010846529 0.11010691 16.52 

13 89.82938823798347 20.582298989455186 0.08192735 2.951671 0.009890559 0.13771918 16.33 

14 91.50517236673308 20.18000329525483 0.07183319 4.3132977 0.009398268 0.19015197 16.15 

15 94.18197237423915 20.15940795254833 0.056188747 5.624262 0.008527871 0.26433825 15.97 

16 96.66533106900128 20.280233963093146 0.0415447 5.588864 0.006432953 0.25948676 15.79 

17 98.21375718194722 20.3125 0.031086184 4.7608232 0.004759492 0.2331239 15.6 

18 99.02896576548298 20.262384666080845 0.024282096 4.2872186 0.0035590834 0.19763613 15.42 

19 99.45427436744275 20.346139059753956 0.019735824 3.6556304 0.0029021637 0.17478228 15.24 

20 99.66316496983923 20.72303383128295 0.01669363 2.912421 0.0023725634 0.13902779 15.06 

21 99.77821899650627 20.46284600175747 0.014638032 2.95334 0.0020964681 0.13177629 14.88 

22 99.84897226505991 20.793744507908613 0.013060873 2.5310566 0.0018816597 0.12357162 14.71 

23 99.89100200958048 20.83768123901582 0.011882612 2.4656236 0.0018563721 0.11832716 14.53 

24 99.91894720501132 20.78001427943761 0.010908924 2.4044564 0.0016281365 0.12191347 14.33 

25 99.93837343396021 21.33059644112478 0.010151876 2.0797997 0.0015769824 0.10572762 14.13 

26 99.94961121953217 21.25027460456942 0.009514979 2.0645034 0.0015684683 0.10499168 13.93 

27 99.95980412561072 21.767217706502635 0.008983687 1.9136354 0.0015224448 0.100792944 13.74 

28 99.96751277738352 21.48780755711775 0.0085122045 1.9462088 0.0013653178 0.09846338 13.55 

29 99.9718842119988 22.03015158172232 0.0081080245 1.772182 0.0012929084 0.09077312 13.36 

30 99.97622366050713 22.240910588752197 0.007776454 1.6806539 0.0013979374 0.09142256 13.18 

31 99.97999802112618 22.424895650263622 0.007429493 1.6239544 0.0012799742 0.085887045 12.99 

32 99.98305802535688 22.42146309314587 0.0071257874 1.6008625 0.0012138763 0.08819107 12.8 

33 99.98505182602287 22.622610940246044 0.0068722013 1.5343485 0.0013869711 0.08534395 12.62 

34 99.98628862215793 22.782568101933215 0.0066109817 1.4633658 0.001163484 0.08001119 12.43 

35 99.98884751071321 22.941152240773288 0.006397597 1.419575 0.0011350982 0.07778239 12.24 

36 99.99009496888391 23.12856985940246 0.0062008766 1.4238116 0.0011548791 0.0769493 12.05 

37 99.99111852430603 23.44505162565905 0.0059980187 1.3108668 0.0010016151 0.07511539 11.87 

38 99.99207810751426 23.604322275922673 0.0058216127 1.2995204 0.0010435921 0.07111387 11.95 

39 99.99345351011273 24.651252196836555 0.005652656 1.1658283 0.00093435886 0.06279843 12.17 

40 99.99373072303955 23.854212434094904 0.005489181 1.2507734 0.0010256036 0.068993144 12.33 

41 99.99460500996261 23.411412565905096 0.0053391363 1.2819195 0.0009888366 0.06730961 12.42 

42 99.9951487737806 24.06359841827768 0.0051879436 1.212754 0.00092830695 0.068675295 12.48 

43 99.99580981999073 23.518508347978912 0.0050435243 1.2473525 0.00087624113 0.07097955 12.52 

44 99.99640689398696 23.28097539543058 0.0049095917 1.2905096 0.0008098923 0.06949895 12.53 

45 99.99670543098507 23.780069200351495 0.004785685 1.2127147 0.000843483 0.06871095 12.51 

46 99.99693999576931 23.230173550087873 0.004663305 1.2892749 0.0008430029 0.070902884 12.46 

47 99.99725985683871 24.393123901581724 0.004562477 1.1695948 0.00076048065 0.06544227 12.38 

48 99.9973238290526 23.90158172231986 0.0044691013 1.1698287 0.00077805726 0.06349796 12.28 

49 99.99779295862106 23.145732644991213 0.004367396 1.2476053 0.00074034964 0.071014926 12.18 

50 99.99753706976554 22.766091827768015 0.0042916727 1.284796 0.0007555215 0.07483423 12.05 

51 99.99756905587248 22.711170913884008 0.0042081517 1.3044406 0.0007796535 0.06823839 11.91 

52 99.99783560676366 23.786247803163445 0.004130579 1.155795 0.00070410804 0.06496841 11.76 

53 99.99809149561918 23.688076669595784 0.004045668 1.1459671 0.00066445104 0.063697666 11.59 

54 99.99795288915577 22.83611599297012 0.0039926767 1.2387888 0.0006755173 0.06964138 11.42 

55 99.99799553729837 22.457161687170476 0.00392599 1.2775649 0.0006623135 0.06909244 11.22 

56 99.99793156508447 22.625356985940247 0.0038727962 1.2534442 0.0006682868 0.06831647 11.04 

57 99.99845400483119 22.41665751318102 0.0038112742 1.274592 0.00065947615 0.06767788 10.83 

58 99.99840069465294 22.977537346221443 0.0037480986 1.164462 0.0006296149 0.06536623 10.62 

59 99.998549963152 22.699500219683657 0.0036909578 1.1897815 0.00062049535 0.06613357 10.41 

60 99.99825142615389 23.12856985940246 0.003647726 1.144068 0.0006430912 0.06188463 10.19 

61 99.99837937058166 22.768837873462214 0.003603938 1.199033 0.00060503936 0.06470169 9.97 

62 99.99837937058166 22.948703866432336 0.003559903 1.1395465 0.00063432555 0.062993936 9.73 

63 99.99836870854601 23.148478690685412 0.0035221118 1.1496955 0.00060165673 0.064423025 9.51 

64 99.99853930111635 22.65007139718805 0.003474317 1.1743181 0.0005893195 0.06573293 9.27 

65 99.99865658350848 22.963807117750438 0.0034529618 1.122874 0.0005951061 0.05892355 9.03 

66 99.99874187979366 22.83611599297012 0.0034119552 1.1587434 0.0005725795 0.0626615 8.79 

67 99.99853930111635 22.755794156414762 0.003375382 1.165697 0.0005949807 0.06655922 8.55 

68 99.99860327333025 22.934287126537786 0.0033424266 1.0888337 0.0005739516 0.057277575 8.31 

69 99.99904041679177 23.10522847100176 0.0033013613 1.078273 0.00054328213 0.062394373 8.06 

70 99.99898710661353 23.331777240773288 0.0032748275 1.067242 0.0005555867 0.05893314 7.82 

71 99.99878452793624 22.82032623022847 0.003250952 1.0920877 0.00055882736 0.05830105 7.57 

72 99.99889114829271 23.4416190685413 0.0032182909 1.0298954 0.0005539287 0.0567881 7.31 

73 99.99902975475612 22.766091827768015 0.0031876657 1.1020148 0.0005358432 0.06040255 7.06 

74 99.99917902325518 23.714164103690685 0.0031590452 1.0191835 0.00052253937 0.05609882 6.8 

75 99.99898710661353 23.19310193321617 0.0031366644 1.049803 0.0005266725 0.056210883 6.54 

76 99.99912571307695 23.484182776801404 0.0031151136 1.0222623 0.0005160519 0.057777286 6.28 

77 99.99905107882742 23.182804261862916 0.0030851678 1.0200351 0.00051499094 0.055990018 6.03 

78 99.99899776864918 23.50752416520211 0.003062065 1.009294 0.00052081974 0.05503738 5.77 

79 99.99930696768294 23.028339191564147 0.0030346748 1.0432537 0.0005025918 0.05744202 5.51 

80 99.99933895378989 23.245276801405975 0.0030189983 0.9983881 0.0005239346 0.0522881 5.25 

81 99.99923233343341 23.483496265377855 0.0029966095 0.96972764 0.00050190557 0.051317263 5.0 

82 99.99927498157601 22.663115114235502 0.0029738701 1.0490806 0.00050255336 0.054663815 4.74 

83 99.99916836121953 22.908886203866434 0.002951093 1.0232462 0.00049193983 0.054599855 4.48 

84 99.99944557414635 22.699500219683657 0.0029295823 1.0561721 0.00048901874 0.055739608 4.22 

85 99.99926431954036 23.383265597539545 0.0029103535 0.9787158 0.0004890493 0.052732125 3.96 

86 99.99924299546906 23.335209797891036 0.0028944304 0.98385775 0.00049470575 0.053084295 3.69 

87 99.99930696768294 23.466333479789103 0.002867221 0.9778618 0.00048282917 0.053454995 3.43 

88 99.99932829175424 22.72696067662566 0.0028507877 1.0504907 0.00048459298 0.05119731 3.17 

89 99.99944557414635 22.955568980667838 0.002837037 0.99140596 0.0004770983 0.050901968 2.9 

90 99.9996161667167 23.690136203866434 0.0028116493 0.93906504 0.0004722952 0.05234854 2.63 

91 99.999456236182 22.98234292618629 0.0027990313 1.0144341 0.0004710227 0.05239838 2.37 

92 99.99953087043153 22.906826669595784 0.002782444 1.011613 0.00047047564 0.054726347 2.1 

93 99.99936027786117 23.460154876977153 0.0027618913 0.9415447 0.00046829102 0.05002234 1.84 

94 99.99941358803942 22.910945738137084 0.0027521343 0.9907091 0.00046412795 0.053324573 1.58 

95 99.99958418060977 24.2311072056239 0.002732039 0.8949844 0.0004676008 0.047634337 1.31 

96 99.999456236182 23.915311950790862 0.0027204333 0.91885155 0.00045851787 0.046583362 1.05 

97 99.99950954636024 23.422396748681898 0.0027024362 0.94246346 0.00046433954 0.04726487 0.79 

98 99.99927498157601 24.280536028119506 0.0026884128 0.898722 0.00046439114 0.04750333 0.52 

99 99.99952020839588 23.484182776801404 0.0026743452 0.941819 0.00045448053 0.046802454 0.26 

