loading  /home/jasencakova/dataset/cells/priamy_kanal/sim_2xKSin1_D_hct15_seed4_rigid31_1_from1190000cy/rbc0_sim_2xKSin1_D_hct15_seed4_rigid31_1_from1190000cy.dat
shape =  (8, 698)
698
loading  /home/jasencakova/dataset/cells/priamy_kanal/sim_2xKSin1_D_hct15_seed4_rigid31_1_from1190000cy/rbc1_sim_2xKSin1_D_hct15_seed4_rigid31_1_from1190000cy.dat
shape =  (8, 698)
698
loading  /home/jasencakova/dataset/cells/priamy_kanal/sim_2xKSin1_D_hct15_seed4_rigid31_1_from1190000cy/rbc2_sim_2xKSin1_D_hct15_seed4_rigid31_1_from1190000cy.dat
shape =  (8, 698)
698
loading  /home/jasencakova/dataset/cells/priamy_kanal/sim_2xKSin1_D_hct15_seed4_rigid31_1_from1190000cy/rbc3_sim_2xKSin1_D_hct15_seed4_rigid31_1_from1190000cy.dat
shape =  (8, 698)
698
loading  /home/jasencakova/dataset/cells/priamy_kanal/sim_2xKSin1_D_hct15_seed4_rigid31_1_from1190000cy/rbc4_sim_2xKSin1_D_hct15_seed4_rigid31_1_from1190000cy.dat
shape =  (8, 698)
698
loading  /home/jasencakova/dataset/cells/priamy_kanal/sim_2xKSin1_D_hct15_seed4_rigid31_1_from1190000cy/rbc5_sim_2xKSin1_D_hct15_seed4_rigid31_1_from1190000cy.dat
shape =  (8, 698)
698
loading  /home/jasencakova/dataset/cells/priamy_kanal/sim_2xKSin1_D_hct15_seed4_rigid31_1_from1190000cy/rbc6_sim_2xKSin1_D_hct15_seed4_rigid31_1_from1190000cy.dat
shape =  (8, 698)
698
loading  /home/jasencakova/dataset/cells/priamy_kanal/sim_2xKSin1_D_hct15_seed4_rigid31_1_from1190000cy/rbc7_sim_2xKSin1_D_hct15_seed4_rigid31_1_from1190000cy.dat
shape =  (8, 698)
698
loading  /home/jasencakova/dataset/cells/priamy_kanal/sim_2xKSin1_D_hct15_seed4_rigid31_1_from1190000cy/rbc8_sim_2xKSin1_D_hct15_seed4_rigid31_1_from1190000cy.dat
shape =  (8, 698)
698
loading  /home/jasencakova/dataset/cells/priamy_kanal/sim_2xKSin1_D_hct15_seed4_rigid31_1_from1190000cy/rbc9_sim_2xKSin1_D_hct15_seed4_rigid31_1_from1190000cy.dat
shape =  (8, 698)
698
loading  /home/jasencakova/dataset/cells/priamy_kanal/sim_2xKSin1_D_hct15_seed4_rigid31_1_from1190000cy/rbc10_sim_2xKSin1_D_hct15_seed4_rigid31_1_from1190000cy.dat
shape =  (8, 698)
698
loading  /home/jasencakova/dataset/cells/priamy_kanal/sim_2xKSin1_D_hct15_seed4_rigid31_1_from1190000cy/rbc11_sim_2xKSin1_D_hct15_seed4_rigid31_1_from1190000cy.dat
shape =  (8, 698)
698
loading  /home/jasencakova/dataset/cells/priamy_kanal/sim_2xKSin1_D_hct15_seed4_rigid31_1_from1190000cy/rbc12_sim_2xKSin1_D_hct15_seed4_rigid31_1_from1190000cy.dat
shape =  (8, 698)
698
loading  /home/jasencakova/dataset/cells/priamy_kanal/sim_2xKSin1_D_hct15_seed4_rigid31_1_from1190000cy/rbc13_sim_2xKSin1_D_hct15_seed4_rigid31_1_from1190000cy.dat
shape =  (8, 698)
698
loading  /home/jasencakova/dataset/cells/priamy_kanal/sim_2xKSin1_D_hct15_seed4_rigid31_1_from1190000cy/rbc14_sim_2xKSin1_D_hct15_seed4_rigid31_1_from1190000cy.dat
shape =  (8, 698)
698
loading  /home/jasencakova/dataset/cells/priamy_kanal/sim_2xKSin1_D_hct15_seed4_rigid31_1_from1190000cy/rbc15_sim_2xKSin1_D_hct15_seed4_rigid31_1_from1190000cy.dat
shape =  (8, 698)
698
loading  /home/jasencakova/dataset/cells/priamy_kanal/sim_2xKSin1_D_hct15_seed4_rigid31_1_from1190000cy/rbc16_sim_2xKSin1_D_hct15_seed4_rigid31_1_from1190000cy.dat
shape =  (8, 698)
698
loading  /home/jasencakova/dataset/cells/priamy_kanal/sim_2xKSin1_D_hct15_seed4_rigid31_1_from1190000cy/rbc17_sim_2xKSin1_D_hct15_seed4_rigid31_1_from1190000cy.dat
shape =  (8, 698)
698
loading  /home/jasencakova/dataset/cells/priamy_kanal/sim_2xKSin1_D_hct15_seed4_rigid31_1_from1190000cy/rbc18_sim_2xKSin1_D_hct15_seed4_rigid31_1_from1190000cy.dat
shape =  (8, 698)
698
loading  /home/jasencakova/dataset/cells/priamy_kanal/sim_2xKSin1_D_hct15_seed4_rigid31_1_from1190000cy/rbc19_sim_2xKSin1_D_hct15_seed4_rigid31_1_from1190000cy.dat
shape =  (8, 698)
698
loading  /home/jasencakova/dataset/cells/priamy_kanal/sim_2xKSin1_D_hct15_seed4_rigid31_1_from1190000cy/rbc20_sim_2xKSin1_D_hct15_seed4_rigid31_1_from1190000cy.dat
shape =  (8, 698)
698
loading  /home/jasencakova/dataset/cells/priamy_kanal/sim_2xKSin1_D_hct15_seed4_rigid31_1_from1190000cy/rbc21_sim_2xKSin1_D_hct15_seed4_rigid31_1_from1190000cy.dat
shape =  (8, 698)
698
loading  /home/jasencakova/dataset/cells/priamy_kanal/sim_2xKSin1_D_hct15_seed4_rigid31_1_from1190000cy/rbc22_sim_2xKSin1_D_hct15_seed4_rigid31_1_from1190000cy.dat
shape =  (8, 698)
698
loading  /home/jasencakova/dataset/cells/priamy_kanal/sim_2xKSin1_D_hct15_seed4_rigid31_1_from1190000cy/rbc23_sim_2xKSin1_D_hct15_seed4_rigid31_1_from1190000cy.dat
shape =  (8, 698)
698
loading  /home/jasencakova/dataset/cells/priamy_kanal/sim_2xKSin1_D_hct15_seed4_rigid31_1_from1190000cy/rbc24_sim_2xKSin1_D_hct15_seed4_rigid31_1_from1190000cy.dat
shape =  (8, 698)
698
loading  /home/jasencakova/dataset/cells/priamy_kanal/sim_2xKSin1_D_hct15_seed4_rigid31_1_from1190000cy/rbc25_sim_2xKSin1_D_hct15_seed4_rigid31_1_from1190000cy.dat
shape =  (8, 698)
698
loading  /home/jasencakova/dataset/cells/priamy_kanal/sim_2xKSin1_D_hct15_seed4_rigid31_1_from1190000cy/rbc26_sim_2xKSin1_D_hct15_seed4_rigid31_1_from1190000cy.dat
shape =  (8, 698)
698
loading  /home/jasencakova/dataset/cells/priamy_kanal/sim_2xKSin1_D_hct15_seed4_rigid31_1_from1190000cy/rbc27_sim_2xKSin1_D_hct15_seed4_rigid31_1_from1190000cy.dat
shape =  (8, 698)
698
loading  /home/jasencakova/dataset/cells/priamy_kanal/sim_2xKSin1_D_hct15_seed4_rigid31_1_from1190000cy/rbc28_sim_2xKSin1_D_hct15_seed4_rigid31_1_from1190000cy.dat
shape =  (8, 698)
698
loading  /home/jasencakova/dataset/cells/priamy_kanal/sim_2xKSin1_D_hct15_seed4_rigid31_1_from1190000cy/rbc29_sim_2xKSin1_D_hct15_seed4_rigid31_1_from1190000cy.dat
shape =  (8, 698)
698
loading  /home/jasencakova/dataset/cells/priamy_kanal/sim_2xKSin1_D_hct15_seed4_rigid31_1_from1190000cy/rbc30_sim_2xKSin1_D_hct15_seed4_rigid31_1_from1190000cy.dat
shape =  (8, 698)
698
loading  /home/jasencakova/dataset/cells/priamy_kanal/sim_2xKSin1_D_hct15_seed4_rigid31_1_from1190000cy/rbc31_sim_2xKSin1_D_hct15_seed4_rigid31_1_from1190000cy.dat
shape =  (8, 698)
698
loading  /home/jasencakova/dataset/cells/priamy_kanal/sim_2xKSin1_D_hct15_seed4_rigid31_1_from1190000cy/rbc32_sim_2xKSin1_D_hct15_seed4_rigid31_1_from1190000cy.dat
shape =  (8, 698)
698
loading  /home/jasencakova/dataset/cells/priamy_kanal/sim_2xKSin1_D_hct15_seed4_rigid31_1_from1190000cy/rbc33_sim_2xKSin1_D_hct15_seed4_rigid31_1_from1190000cy.dat
shape =  (8, 698)
698
loading  /home/jasencakova/dataset/cells/priamy_kanal/sim_2xKSin1_D_hct15_seed4_rigid31_1_from1190000cy/rbc34_sim_2xKSin1_D_hct15_seed4_rigid31_1_from1190000cy.dat
shape =  (8, 698)
698
loading  /home/jasencakova/dataset/cells/priamy_kanal/sim_2xKSin1_D_hct15_seed4_rigid31_1_from1190000cy/rbc35_sim_2xKSin1_D_hct15_seed4_rigid31_1_from1190000cy.dat
shape =  (8, 698)
698
loading  /home/jasencakova/dataset/cells/priamy_kanal/sim_2xKSin1_D_hct15_seed4_rigid31_1_from1190000cy/rbc36_sim_2xKSin1_D_hct15_seed4_rigid31_1_from1190000cy.dat
shape =  (8, 698)
698
loading  /home/jasencakova/dataset/cells/priamy_kanal/sim_2xKSin1_D_hct15_seed4_rigid31_1_from1190000cy/rbc37_sim_2xKSin1_D_hct15_seed4_rigid31_1_from1190000cy.dat
shape =  (8, 698)
698
loading  /home/jasencakova/dataset/cells/priamy_kanal/sim_2xKSin1_D_hct15_seed4_rigid31_1_from1190000cy/rbc38_sim_2xKSin1_D_hct15_seed4_rigid31_1_from1190000cy.dat
shape =  (8, 698)
698
loading  /home/jasencakova/dataset/cells/priamy_kanal/sim_2xKSin1_D_hct15_seed4_rigid31_1_from1190000cy/rbc39_sim_2xKSin1_D_hct15_seed4_rigid31_1_from1190000cy.dat
shape =  (8, 698)
698
loading  /home/jasencakova/dataset/cells/priamy_kanal/sim_2xKSin1_D_hct15_seed4_rigid31_1_from1190000cy/rbc40_sim_2xKSin1_D_hct15_seed4_rigid31_1_from1190000cy.dat
shape =  (8, 698)
698
loading  /home/jasencakova/dataset/cells/priamy_kanal/sim_2xKSin1_D_hct15_seed4_rigid31_1_from1190000cy/rbc41_sim_2xKSin1_D_hct15_seed4_rigid31_1_from1190000cy.dat
shape =  (8, 698)
698
loading  /home/jasencakova/dataset/cells/priamy_kanal/sim_2xKSin1_D_hct15_seed4_rigid31_1_from1190000cy/rbc42_sim_2xKSin1_D_hct15_seed4_rigid31_1_from1190000cy.dat
shape =  (8, 698)
698
loading  /home/jasencakova/dataset/cells/priamy_kanal/sim_2xKSin1_D_hct15_seed4_rigid31_1_from1190000cy/rbc43_sim_2xKSin1_D_hct15_seed4_rigid31_1_from1190000cy.dat
shape =  (8, 698)
698
loading  /home/jasencakova/dataset/cells/priamy_kanal/sim_2xKSin1_D_hct15_seed4_rigid31_1_from1190000cy/rbc44_sim_2xKSin1_D_hct15_seed4_rigid31_1_from1190000cy.dat
shape =  (8, 698)
698
loading  /home/jasencakova/dataset/cells/priamy_kanal/sim_2xKSin1_D_hct15_seed4_rigid31_1_from1190000cy/rbc45_sim_2xKSin1_D_hct15_seed4_rigid31_1_from1190000cy.dat
shape =  (8, 698)
698
loading  /home/jasencakova/dataset/cells/priamy_kanal/sim_2xKSin1_D_hct15_seed4_rigid31_1_from1190000cy/rbc46_sim_2xKSin1_D_hct15_seed4_rigid31_1_from1190000cy.dat
shape =  (8, 698)
698
loading  /home/jasencakova/dataset/cells/priamy_kanal/sim_2xKSin1_D_hct15_seed4_rigid31_1_from1190000cy/rbc47_sim_2xKSin1_D_hct15_seed4_rigid31_1_from1190000cy.dat
shape =  (8, 698)
698
loading  /home/jasencakova/dataset/cells/priamy_kanal/sim_2xKSin1_D_hct15_seed4_rigid31_1_from1190000cy/rbc48_sim_2xKSin1_D_hct15_seed4_rigid31_1_from1190000cy.dat
shape =  (8, 698)
698
loading  /home/jasencakova/dataset/cells/priamy_kanal/sim_2xKSin1_D_hct15_seed4_rigid31_1_from1190000cy/rbc49_sim_2xKSin1_D_hct15_seed4_rigid31_1_from1190000cy.dat
shape =  (8, 698)
698
loading  /home/jasencakova/dataset/cells/priamy_kanal/sim_2xKSin1_D_hct15_seed4_rigid31_1_from1190000cy/rbc50_sim_2xKSin1_D_hct15_seed4_rigid31_1_from1190000cy.dat
shape =  (8, 698)
698
loading  /home/jasencakova/dataset/cells/priamy_kanal/sim_2xKSin1_D_hct15_seed4_rigid31_1_from1190000cy/rbc51_sim_2xKSin1_D_hct15_seed4_rigid31_1_from1190000cy.dat
shape =  (8, 698)
698
loading  /home/jasencakova/dataset/cells/priamy_kanal/sim_2xKSin1_D_hct15_seed4_rigid31_1_from1190000cy/rbc52_sim_2xKSin1_D_hct15_seed4_rigid31_1_from1190000cy.dat
shape =  (8, 698)
698
loading  /home/jasencakova/dataset/cells/priamy_kanal/sim_2xKSin1_D_hct15_seed4_rigid31_1_from1190000cy/rbc53_sim_2xKSin1_D_hct15_seed4_rigid31_1_from1190000cy.dat
shape =  (8, 698)
698
loading  /home/jasencakova/dataset/cells/priamy_kanal/sim_2xKSin1_D_hct15_seed4_rigid31_1_from1190000cy/rbc54_sim_2xKSin1_D_hct15_seed4_rigid31_1_from1190000cy.dat
shape =  (8, 698)
698
loading  /home/jasencakova/dataset/cells/priamy_kanal/sim_2xKSin1_D_hct15_seed4_rigid31_1_from1190000cy/rbc55_sim_2xKSin1_D_hct15_seed4_rigid31_1_from1190000cy.dat
shape =  (8, 698)
698
loading  /home/jasencakova/dataset/cells/priamy_kanal/sim_2xKSin1_D_hct15_seed4_rigid31_1_from1190000cy/rbc56_sim_2xKSin1_D_hct15_seed4_rigid31_1_from1190000cy.dat
shape =  (8, 698)
698
loading  /home/jasencakova/dataset/cells/priamy_kanal/sim_2xKSin1_D_hct15_seed4_rigid31_1_from1190000cy/rbc57_sim_2xKSin1_D_hct15_seed4_rigid31_1_from1190000cy.dat
shape =  (8, 698)
698
loading  /home/jasencakova/dataset/cells/priamy_kanal/sim_2xKSin1_D_hct15_seed4_rigid31_1_from1190000cy/rbc58_sim_2xKSin1_D_hct15_seed4_rigid31_1_from1190000cy.dat
shape =  (8, 698)
698
loading  /home/jasencakova/dataset/cells/priamy_kanal/sim_2xKSin1_D_hct15_seed4_rigid31_1_from1190000cy/rbc59_sim_2xKSin1_D_hct15_seed4_rigid31_1_from1190000cy.dat
shape =  (8, 698)
698
loading  /home/jasencakova/dataset/cells/priamy_kanal/sim_2xKSin1_D_hct15_seed4_rigid31_1_from1190000cy/rbc60_sim_2xKSin1_D_hct15_seed4_rigid31_1_from1190000cy.dat
shape =  (8, 698)
698
loading  /home/jasencakova/dataset/cells/priamy_kanal/sim_2xKSin1_D_hct15_seed4_rigid31_1_from1190000cy/rbc61_sim_2xKSin1_D_hct15_seed4_rigid31_1_from1190000cy.dat
shape =  (8, 698)
698
loading  /home/jasencakova/dataset/cells/priamy_kanal/sim_2xKSin1_D_hct15_seed4_rigid31_1_from1190000cy/rbc62_sim_2xKSin1_D_hct15_seed4_rigid31_1_from1190000cy.dat
shape =  (8, 698)
698
loading  /home/jasencakova/dataset/cells/priamy_kanal/sim_2xKSin1_D_hct15_seed4_rigid31_1_from1190000cy/rbc63_sim_2xKSin1_D_hct15_seed4_rigid31_1_from1190000cy.dat
shape =  (8, 698)
698
loading  /home/jasencakova/dataset/cells/priamy_kanal/sim_2xKSin1_D_hct15_seed4_rigid31_1_from1190000cy/rbc64_sim_2xKSin1_D_hct15_seed4_rigid31_1_from1190000cy.dat
shape =  (8, 698)
698
loading  /home/jasencakova/dataset/cells/priamy_kanal/sim_2xKSin1_D_hct15_seed4_rigid31_1_from1190000cy/rbc65_sim_2xKSin1_D_hct15_seed4_rigid31_1_from1190000cy.dat
shape =  (8, 698)
698
loading  /home/jasencakova/dataset/cells/priamy_kanal/sim_2xKSin1_D_hct15_seed4_rigid31_1_from1190000cy/rbc66_sim_2xKSin1_D_hct15_seed4_rigid31_1_from1190000cy.dat
shape =  (8, 698)
698
loading  /home/jasencakova/dataset/cells/priamy_kanal/sim_2xKSin1_D_hct15_seed4_rigid31_1_from1190000cy/rbc67_sim_2xKSin1_D_hct15_seed4_rigid31_1_from1190000cy.dat
shape =  (8, 698)
698
loading  /home/jasencakova/dataset/cells/priamy_kanal/sim_2xKSin1_D_hct15_seed4_rigid31_1_from1190000cy/rbc68_sim_2xKSin1_D_hct15_seed4_rigid31_1_from1190000cy.dat
shape =  (8, 698)
698
loading  /home/jasencakova/dataset/cells/priamy_kanal/sim_2xKSin1_D_hct15_seed4_rigid31_1_from1190000cy/rbc69_sim_2xKSin1_D_hct15_seed4_rigid31_1_from1190000cy.dat
shape =  (8, 698)
698
loading  /home/jasencakova/dataset/cells/priamy_kanal/sim_2xKSin1_D_hct15_seed4_rigid31_1_from1190000cy/rbc70_sim_2xKSin1_D_hct15_seed4_rigid31_1_from1190000cy.dat
shape =  (8, 698)
698
loading  /home/jasencakova/dataset/cells/priamy_kanal/sim_2xKSin1_D_hct15_seed4_rigid31_1_from1190000cy/rbc71_sim_2xKSin1_D_hct15_seed4_rigid31_1_from1190000cy.dat
shape =  (8, 698)
698
loading  /home/jasencakova/dataset/cells/priamy_kanal/sim_2xKSin1_D_hct15_seed4_rigid31_1_from1190000cy/rbc72_sim_2xKSin1_D_hct15_seed4_rigid31_1_from1190000cy.dat
shape =  (8, 698)
698
loading  /home/jasencakova/dataset/cells/priamy_kanal/sim_2xKSin1_D_hct15_seed4_rigid31_1_from1190000cy/rbc73_sim_2xKSin1_D_hct15_seed4_rigid31_1_from1190000cy.dat
shape =  (8, 698)
698
loading  /home/jasencakova/dataset/cells/priamy_kanal/sim_2xKSin1_D_hct15_seed4_rigid31_1_from1190000cy/rbc74_sim_2xKSin1_D_hct15_seed4_rigid31_1_from1190000cy.dat
shape =  (8, 698)
698
loading  /home/jasencakova/dataset/cells/priamy_kanal/sim_2xKSin1_D_hct15_seed4_rigid31_1_from1190000cy/rbc75_sim_2xKSin1_D_hct15_seed4_rigid31_1_from1190000cy.dat
shape =  (8, 698)
698
loading  /home/jasencakova/dataset/cells/priamy_kanal/sim_2xKSin1_D_hct15_seed4_rigid31_1_from1190000cy/rbc76_sim_2xKSin1_D_hct15_seed4_rigid31_1_from1190000cy.dat
shape =  (8, 698)
698
loading  /home/jasencakova/dataset/cells/priamy_kanal/sim_2xKSin1_D_hct15_seed4_rigid31_1_from1190000cy/rbc77_sim_2xKSin1_D_hct15_seed4_rigid31_1_from1190000cy.dat
shape =  (8, 698)
698
loading  /home/jasencakova/dataset/cells/priamy_kanal/sim_2xKSin1_D_hct15_seed4_rigid31_1_from1190000cy/rbc78_sim_2xKSin1_D_hct15_seed4_rigid31_1_from1190000cy.dat
shape =  (8, 698)
698
loading  /home/jasencakova/dataset/cells/priamy_kanal/sim_2xKSin1_D_hct15_seed4_rigid31_1_from1190000cy/rbc79_sim_2xKSin1_D_hct15_seed4_rigid31_1_from1190000cy.dat
shape =  (8, 698)
698
loading  /home/jasencakova/dataset/cells/priamy_kanal/sim_2xKSin1_D_hct15_seed4_rigid31_1_from1190000cy/rbc80_sim_2xKSin1_D_hct15_seed4_rigid31_1_from1190000cy.dat
shape =  (8, 698)
698
loading  /home/jasencakova/dataset/cells/priamy_kanal/sim_2xKSin1_D_hct15_seed4_rigid31_1_from1190000cy/rbc81_sim_2xKSin1_D_hct15_seed4_rigid31_1_from1190000cy.dat
shape =  (8, 698)
698
loading  /home/jasencakova/dataset/cells/priamy_kanal/sim_2xKSin1_D_hct15_seed4_rigid31_1_from1190000cy/rbc82_sim_2xKSin1_D_hct15_seed4_rigid31_1_from1190000cy.dat
shape =  (8, 698)
698
loading  /home/jasencakova/dataset/cells/priamy_kanal/sim_2xKSin1_D_hct15_seed4_rigid31_1_from1190000cy/rbc83_sim_2xKSin1_D_hct15_seed4_rigid31_1_from1190000cy.dat
shape =  (8, 698)
698
loading  /home/jasencakova/dataset/cells/priamy_kanal/sim_2xKSin1_D_hct15_seed4_rigid31_1_from1190000cy/rbc84_sim_2xKSin1_D_hct15_seed4_rigid31_1_from1190000cy.dat
shape =  (8, 698)
698
loading  /home/jasencakova/dataset/cells/priamy_kanal/sim_2xKSin1_D_hct15_seed4_rigid31_1_from1190000cy/rbc85_sim_2xKSin1_D_hct15_seed4_rigid31_1_from1190000cy.dat
shape =  (8, 698)
698
loading  /home/jasencakova/dataset/cells/priamy_kanal/sim_2xKSin1_D_hct15_seed4_rigid31_1_from1190000cy/rbc86_sim_2xKSin1_D_hct15_seed4_rigid31_1_from1190000cy.dat
shape =  (8, 698)
698
loading  /home/jasencakova/dataset/cells/priamy_kanal/sim_2xKSin1_D_hct15_seed4_rigid31_1_from1190000cy/rbc87_sim_2xKSin1_D_hct15_seed4_rigid31_1_from1190000cy.dat
shape =  (8, 698)
698
loading  /home/jasencakova/dataset/cells/priamy_kanal/sim_2xKSin1_D_hct15_seed4_rigid31_1_from1190000cy/rbc88_sim_2xKSin1_D_hct15_seed4_rigid31_1_from1190000cy.dat
shape =  (8, 698)
698
loading  /home/jasencakova/dataset/cells/priamy_kanal/sim_2xKSin1_D_hct15_seed4_rigid31_1_from1190000cy/rbc89_sim_2xKSin1_D_hct15_seed4_rigid31_1_from1190000cy.dat
shape =  (8, 698)
698
loading  /home/jasencakova/dataset/cells/priamy_kanal/sim_2xKSin1_D_hct15_seed4_rigid31_1_from1190000cy/rbc90_sim_2xKSin1_D_hct15_seed4_rigid31_1_from1190000cy.dat
shape =  (8, 698)
698
loading  /home/jasencakova/dataset/cells/priamy_kanal/sim_2xKSin1_D_hct15_seed4_rigid31_1_from1190000cy/rbc91_sim_2xKSin1_D_hct15_seed4_rigid31_1_from1190000cy.dat
shape =  (8, 698)
698
loading  /home/jasencakova/dataset/cells/priamy_kanal/sim_2xKSin1_D_hct15_seed4_rigid31_1_from1190000cy/rbc92_sim_2xKSin1_D_hct15_seed4_rigid31_1_from1190000cy.dat
shape =  (8, 698)
698
loading  /home/jasencakova/dataset/cells/priamy_kanal/sim_2xKSin1_D_hct15_seed4_rigid31_1_from1190000cy/rbc93_sim_2xKSin1_D_hct15_seed4_rigid31_1_from1190000cy.dat
shape =  (8, 698)
698
loading  /home/jasencakova/dataset/cells/priamy_kanal/sim_2xKSin1_D_hct15_seed4_rigid31_1_from1190000cy/rbc94_sim_2xKSin1_D_hct15_seed4_rigid31_1_from1190000cy.dat
shape =  (8, 698)
698
loading  /home/jasencakova/dataset/cells/priamy_kanal/sim_2xKSin1_D_hct15_seed4_rigid31_1_from1190000cy/rbc95_sim_2xKSin1_D_hct15_seed4_rigid31_1_from1190000cy.dat
shape =  (8, 698)
698
loading  /home/jasencakova/dataset/cells/priamy_kanal/sim_2xKSin1_D_hct15_seed4_rigid31_1_from1190000cy/rbc96_sim_2xKSin1_D_hct15_seed4_rigid31_1_from1190000cy.dat
shape =  (8, 698)
698
loading  /home/jasencakova/dataset/cells/priamy_kanal/sim_2xKSin1_D_hct15_seed4_rigid31_1_from1190000cy/rbc97_sim_2xKSin1_D_hct15_seed4_rigid31_1_from1190000cy.dat
shape =  (8, 698)
698
loading  /home/jasencakova/dataset/cells/priamy_kanal/sim_2xKSin1_D_hct15_seed4_rigid31_1_from1190000cy/rbc98_sim_2xKSin1_D_hct15_seed4_rigid31_1_from1190000cy.dat
shape =  (8, 698)
698
loading  /home/jasencakova/dataset/cells/priamy_kanal/sim_2xKSin1_D_hct15_seed4_rigid31_1_from1190000cy/rbc99_sim_2xKSin1_D_hct15_seed4_rigid31_1_from1190000cy.dat
shape =  (8, 698)
698
loading  /home/jasencakova/dataset/cells/priamy_kanal/sim_2xKSin1_D_hct15_seed4_rigid31_1_from1190000cy/rbc100_sim_2xKSin1_D_hct15_seed4_rigid31_1_from1190000cy.dat
shape =  (8, 698)
698
loading  /home/jasencakova/dataset/cells/priamy_kanal/sim_2xKSin1_D_hct15_seed4_rigid31_1_from1190000cy/rbc101_sim_2xKSin1_D_hct15_seed4_rigid31_1_from1190000cy.dat
shape =  (8, 698)
698
loading  /home/jasencakova/dataset/cells/priamy_kanal/sim_2xKSin1_D_hct15_seed4_rigid31_1_from1190000cy/rbc102_sim_2xKSin1_D_hct15_seed4_rigid31_1_from1190000cy.dat
shape =  (8, 698)
698
loading  /home/jasencakova/dataset/cells/priamy_kanal/sim_2xKSin1_D_hct15_seed4_rigid31_1_from1190000cy/rbc103_sim_2xKSin1_D_hct15_seed4_rigid31_1_from1190000cy.dat
shape =  (8, 698)
698
loading  /home/jasencakova/dataset/cells/priamy_kanal/sim_2xKSin1_D_hct15_seed4_rigid31_1_from1190000cy/rbc104_sim_2xKSin1_D_hct15_seed4_rigid31_1_from1190000cy.dat
shape =  (8, 698)
698
loading  /home/jasencakova/dataset/cells/priamy_kanal/sim_2xKSin1_D_hct15_seed4_rigid31_1_from1190000cy/rbc105_sim_2xKSin1_D_hct15_seed4_rigid31_1_from1190000cy.dat
shape =  (8, 698)
698
loading  /home/jasencakova/dataset/cells/priamy_kanal/sim_2xKSin1_D_hct15_seed4_rigid31_1_from1190000cy/rbc106_sim_2xKSin1_D_hct15_seed4_rigid31_1_from1190000cy.dat
shape =  (8, 698)
698
loading  /home/jasencakova/dataset/cells/priamy_kanal/sim_2xKSin1_D_hct15_seed4_rigid31_1_from1190000cy/rbc107_sim_2xKSin1_D_hct15_seed4_rigid31_1_from1190000cy.dat
shape =  (8, 698)
698
loading  /home/jasencakova/dataset/cells/priamy_kanal/sim_2xKSin1_D_hct15_seed4_rigid31_1_from1190000cy/rbc108_sim_2xKSin1_D_hct15_seed4_rigid31_1_from1190000cy.dat
shape =  (8, 698)
698
loading  /home/jasencakova/dataset/cells/priamy_kanal/sim_2xKSin1_D_hct15_seed4_rigid31_1_from1190000cy/rbc109_sim_2xKSin1_D_hct15_seed4_rigid31_1_from1190000cy.dat
shape =  (8, 698)
698
loading  /home/jasencakova/dataset/cells/priamy_kanal/sim_2xKSin1_D_hct15_seed4_rigid31_1_from1190000cy/rbc110_sim_2xKSin1_D_hct15_seed4_rigid31_1_from1190000cy.dat
shape =  (8, 698)
698
loading  /home/jasencakova/dataset/cells/priamy_kanal/sim_2xKSin1_D_hct15_seed4_rigid31_1_from1190000cy/rbc111_sim_2xKSin1_D_hct15_seed4_rigid31_1_from1190000cy.dat
shape =  (8, 698)
698
loading  /home/jasencakova/dataset/cells/priamy_kanal/sim_2xKSin1_D_hct15_seed4_rigid31_1_from1190000cy/rbc112_sim_2xKSin1_D_hct15_seed4_rigid31_1_from1190000cy.dat
shape =  (8, 698)
698
loading  /home/jasencakova/dataset/cells/priamy_kanal/sim_2xKSin1_D_hct15_seed4_rigid31_1_from1190000cy/rbc113_sim_2xKSin1_D_hct15_seed4_rigid31_1_from1190000cy.dat
shape =  (8, 698)
698
loading  /home/jasencakova/dataset/cells/priamy_kanal/sim_2xKSin1_D_hct15_seed4_rigid31_1_from1190000cy/rbc114_sim_2xKSin1_D_hct15_seed4_rigid31_1_from1190000cy.dat
shape =  (8, 698)
698
loading  /home/jasencakova/dataset/cells/priamy_kanal/sim_2xKSin1_D_hct15_seed4_rigid31_1_from1190000cy/rbc115_sim_2xKSin1_D_hct15_seed4_rigid31_1_from1190000cy.dat
shape =  (8, 698)
698
loading  /home/jasencakova/dataset/cells/priamy_kanal/sim_2xKSin1_D_hct15_seed4_rigid31_1_from1190000cy/rbc116_sim_2xKSin1_D_hct15_seed4_rigid31_1_from1190000cy.dat
shape =  (8, 698)
698
loading  /home/jasencakova/dataset/cells/priamy_kanal/sim_2xKSin1_D_hct15_seed4_rigid31_1_from1190000cy/rbc117_sim_2xKSin1_D_hct15_seed4_rigid31_1_from1190000cy.dat
shape =  (8, 698)
698
loading  /home/jasencakova/dataset/cells/priamy_kanal/sim_2xKSin1_D_hct15_seed4_rigid31_1_from1190000cy/rbc118_sim_2xKSin1_D_hct15_seed4_rigid31_1_from1190000cy.dat
shape =  (8, 698)
698
loading  /home/jasencakova/dataset/cells/priamy_kanal/sim_2xKSin1_D_hct15_seed4_rigid31_1_from1190000cy/rbc119_sim_2xKSin1_D_hct15_seed4_rigid31_1_from1190000cy.dat
shape =  (8, 698)
698
loading  /home/jasencakova/dataset/cells/priamy_kanal/sim_2xKSin1_D_hct15_seed4_rigid31_1_from1190000cy/rbc120_sim_2xKSin1_D_hct15_seed4_rigid31_1_from1190000cy.dat
shape =  (8, 698)
698
loading  /home/jasencakova/dataset/cells/priamy_kanal/sim_2xKSin1_D_hct15_seed4_rigid31_1_from1190000cy/rbc121_sim_2xKSin1_D_hct15_seed4_rigid31_1_from1190000cy.dat
shape =  (8, 698)
698
loading  /home/jasencakova/dataset/cells/priamy_kanal/sim_2xKSin1_D_hct15_seed4_rigid31_1_from1190000cy/rbc122_sim_2xKSin1_D_hct15_seed4_rigid31_1_from1190000cy.dat
shape =  (8, 698)
698
loading  /home/jasencakova/dataset/cells/priamy_kanal/sim_2xKSin1_D_hct15_seed4_rigid31_1_from1190000cy/rbc123_sim_2xKSin1_D_hct15_seed4_rigid31_1_from1190000cy.dat
shape =  (8, 698)
698
loading  /home/jasencakova/dataset/cells/priamy_kanal/sim_2xKSin1_D_hct15_seed4_rigid31_1_from1190000cy/rbc124_sim_2xKSin1_D_hct15_seed4_rigid31_1_from1190000cy.dat
shape =  (8, 698)
698
loading  /home/jasencakova/dataset/cells/priamy_kanal/sim_2xKSin1_D_hct15_seed4_rigid31_1_from1190000cy/rbc125_sim_2xKSin1_D_hct15_seed4_rigid31_1_from1190000cy.dat
shape =  (8, 698)
698
loading  /home/jasencakova/dataset/cells/priamy_kanal/sim_2xKSin1_D_hct15_seed4_rigid31_1_from1190000cy/rbc126_sim_2xKSin1_D_hct15_seed4_rigid31_1_from1190000cy.dat
shape =  (8, 698)
698
loading  /home/jasencakova/dataset/cells/priamy_kanal/sim_2xKSin1_D_hct15_seed4_rigid31_1_from1190000cy/rbc127_sim_2xKSin1_D_hct15_seed4_rigid31_1_from1190000cy.dat
shape =  (8, 698)
698
loading  /home/jasencakova/dataset/cells/priamy_kanal/sim_2xKSin1_D_hct15_seed4_rigid31_1_from1190000cy/rbc128_sim_2xKSin1_D_hct15_seed4_rigid31_1_from1190000cy.dat
shape =  (8, 698)
698
loading  /home/jasencakova/dataset/cells/priamy_kanal/sim_2xKSin1_D_hct15_seed4_rigid31_1_from1190000cy/rbc129_sim_2xKSin1_D_hct15_seed4_rigid31_1_from1190000cy.dat
shape =  (8, 698)
698
loading  /home/jasencakova/dataset/cells/priamy_kanal/sim_2xKSin1_D_hct15_seed4_rigid31_1_from1190000cy/rbc130_sim_2xKSin1_D_hct15_seed4_rigid31_1_from1190000cy.dat
shape =  (8, 698)
698
loading  /home/jasencakova/dataset/cells/priamy_kanal/sim_2xKSin1_D_hct15_seed4_rigid31_1_from1190000cy/rbc131_sim_2xKSin1_D_hct15_seed4_rigid31_1_from1190000cy.dat
shape =  (8, 698)
698
loading  /home/jasencakova/dataset/cells/priamy_kanal/sim_2xKSin1_D_hct15_seed4_rigid31_1_from1190000cy/rbc132_sim_2xKSin1_D_hct15_seed4_rigid31_1_from1190000cy.dat
shape =  (8, 698)
698
loading  /home/jasencakova/dataset/cells/priamy_kanal/sim_2xKSin1_D_hct15_seed4_rigid31_1_from1190000cy/rbc133_sim_2xKSin1_D_hct15_seed4_rigid31_1_from1190000cy.dat
shape =  (8, 698)
698
loading  /home/jasencakova/dataset/cells/priamy_kanal/sim_2xKSin1_D_hct15_seed4_rigid31_1_from1190000cy/rbc134_sim_2xKSin1_D_hct15_seed4_rigid31_1_from1190000cy.dat
shape =  (8, 698)
698
loading  /home/jasencakova/dataset/cells/priamy_kanal/sim_2xKSin1_D_hct15_seed4_rigid31_1_from1190000cy/rbc135_sim_2xKSin1_D_hct15_seed4_rigid31_1_from1190000cy.dat
shape =  (8, 698)
698
loading  /home/jasencakova/dataset/cells/priamy_kanal/sim_2xKSin1_D_hct15_seed4_rigid31_1_from1190000cy/rbc136_sim_2xKSin1_D_hct15_seed4_rigid31_1_from1190000cy.dat
shape =  (8, 698)
698
loading  /home/jasencakova/dataset/cells/priamy_kanal/sim_2xKSin1_D_hct15_seed4_rigid31_1_from1190000cy/rbc137_sim_2xKSin1_D_hct15_seed4_rigid31_1_from1190000cy.dat
shape =  (8, 698)
698
loading  /home/jasencakova/dataset/cells/priamy_kanal/sim_2xKSin1_D_hct15_seed4_rigid31_1_from1190000cy/rbc138_sim_2xKSin1_D_hct15_seed4_rigid31_1_from1190000cy.dat
shape =  (8, 698)
698
loading  /home/jasencakova/dataset/cells/priamy_kanal/sim_2xKSin1_D_hct15_seed4_rigid31_1_from1190000cy/rbc139_sim_2xKSin1_D_hct15_seed4_rigid31_1_from1190000cy.dat
shape =  (8, 698)
698
loading  /home/jasencakova/dataset/cells/priamy_kanal/sim_2xKSin1_D_hct15_seed4_rigid31_1_from1190000cy/rbc140_sim_2xKSin1_D_hct15_seed4_rigid31_1_from1190000cy.dat
shape =  (8, 698)
698
loading  /home/jasencakova/dataset/cells/priamy_kanal/sim_2xKSin1_D_hct15_seed4_rigid31_1_from1190000cy/rbc141_sim_2xKSin1_D_hct15_seed4_rigid31_1_from1190000cy.dat
shape =  (8, 698)
698
loading  /home/jasencakova/dataset/cells/priamy_kanal/sim_2xKSin1_D_hct15_seed4_rigid31_1_from1190000cy/rbc142_sim_2xKSin1_D_hct15_seed4_rigid31_1_from1190000cy.dat
shape =  (8, 698)
698
loading  /home/jasencakova/dataset/cells/priamy_kanal/sim_2xKSin1_D_hct15_seed4_rigid31_1_from1190000cy/rbc143_sim_2xKSin1_D_hct15_seed4_rigid31_1_from1190000cy.dat
shape =  (8, 698)
698
loading  /home/jasencakova/dataset/cells/priamy_kanal/sim_2xKSin1_D_hct15_seed4_rigid31_1_from1190000cy/rbc144_sim_2xKSin1_D_hct15_seed4_rigid31_1_from1190000cy.dat
shape =  (8, 698)
698
loading  /home/jasencakova/dataset/cells/priamy_kanal/sim_2xKSin1_D_hct15_seed4_rigid31_1_from1190000cy/rbc145_sim_2xKSin1_D_hct15_seed4_rigid31_1_from1190000cy.dat
shape =  (8, 698)
698
loading  /home/jasencakova/dataset/cells/priamy_kanal/sim_2xKSin1_D_hct15_seed4_rigid31_1_from1190000cy/rbc146_sim_2xKSin1_D_hct15_seed4_rigid31_1_from1190000cy.dat
shape =  (8, 698)
698
loading  /home/jasencakova/dataset/cells/priamy_kanal/sim_2xKSin1_D_hct15_seed4_rigid31_1_from1190000cy/rbc147_sim_2xKSin1_D_hct15_seed4_rigid31_1_from1190000cy.dat
shape =  (8, 698)
698
loading  /home/jasencakova/dataset/cells/priamy_kanal/sim_2xKSin1_D_hct15_seed4_rigid31_1_from1190000cy/rbc148_sim_2xKSin1_D_hct15_seed4_rigid31_1_from1190000cy.dat
shape =  (8, 698)
698
loading  /home/jasencakova/dataset/cells/priamy_kanal/sim_2xKSin1_D_hct15_seed4_rigid31_1_from1190000cy/rbc149_sim_2xKSin1_D_hct15_seed4_rigid31_1_from1190000cy.dat
shape =  (8, 698)
698
loading  /home/jasencakova/dataset/cells/priamy_kanal/sim_2xKSin1_D_hct15_seed4_rigid31_1_from1190000cy/rbc150_sim_2xKSin1_D_hct15_seed4_rigid31_1_from1190000cy.dat
shape =  (8, 698)
698
loading  /home/jasencakova/dataset/cells/priamy_kanal/sim_2xKSin1_D_hct15_seed4_rigid31_1_from1190000cy/rbc151_sim_2xKSin1_D_hct15_seed4_rigid31_1_from1190000cy.dat
shape =  (8, 698)
698
loading  /home/jasencakova/dataset/cells/priamy_kanal/sim_2xKSin1_D_hct15_seed4_rigid31_1_from1190000cy/rbc152_sim_2xKSin1_D_hct15_seed4_rigid31_1_from1190000cy.dat
shape =  (8, 698)
698
loading  /home/jasencakova/dataset/cells/priamy_kanal/sim_2xKSin1_D_hct15_seed4_rigid31_1_from1190000cy/rbc153_sim_2xKSin1_D_hct15_seed4_rigid31_1_from1190000cy.dat
shape =  (8, 698)
698
shortest_length =  698
data_shape      =  (154, 698, 8)



loading  /home/jasencakova/dataset/cells/priamy_kanal/sim_2xKSin1_D_hct15_seed4_rigid62_1_from376000cy/rbc0_sim_2xKSin1_D_hct15_seed4_rigid62_1_from376000cy.dat
shape =  (8, 717)
717
loading  /home/jasencakova/dataset/cells/priamy_kanal/sim_2xKSin1_D_hct15_seed4_rigid62_1_from376000cy/rbc1_sim_2xKSin1_D_hct15_seed4_rigid62_1_from376000cy.dat
shape =  (8, 717)
717
loading  /home/jasencakova/dataset/cells/priamy_kanal/sim_2xKSin1_D_hct15_seed4_rigid62_1_from376000cy/rbc2_sim_2xKSin1_D_hct15_seed4_rigid62_1_from376000cy.dat
shape =  (8, 717)
717
loading  /home/jasencakova/dataset/cells/priamy_kanal/sim_2xKSin1_D_hct15_seed4_rigid62_1_from376000cy/rbc3_sim_2xKSin1_D_hct15_seed4_rigid62_1_from376000cy.dat
shape =  (8, 717)
717
loading  /home/jasencakova/dataset/cells/priamy_kanal/sim_2xKSin1_D_hct15_seed4_rigid62_1_from376000cy/rbc4_sim_2xKSin1_D_hct15_seed4_rigid62_1_from376000cy.dat
shape =  (8, 717)
717
loading  /home/jasencakova/dataset/cells/priamy_kanal/sim_2xKSin1_D_hct15_seed4_rigid62_1_from376000cy/rbc5_sim_2xKSin1_D_hct15_seed4_rigid62_1_from376000cy.dat
shape =  (8, 717)
717
loading  /home/jasencakova/dataset/cells/priamy_kanal/sim_2xKSin1_D_hct15_seed4_rigid62_1_from376000cy/rbc6_sim_2xKSin1_D_hct15_seed4_rigid62_1_from376000cy.dat
shape =  (8, 717)
717
loading  /home/jasencakova/dataset/cells/priamy_kanal/sim_2xKSin1_D_hct15_seed4_rigid62_1_from376000cy/rbc7_sim_2xKSin1_D_hct15_seed4_rigid62_1_from376000cy.dat
shape =  (8, 717)
717
loading  /home/jasencakova/dataset/cells/priamy_kanal/sim_2xKSin1_D_hct15_seed4_rigid62_1_from376000cy/rbc8_sim_2xKSin1_D_hct15_seed4_rigid62_1_from376000cy.dat
shape =  (8, 717)
717
loading  /home/jasencakova/dataset/cells/priamy_kanal/sim_2xKSin1_D_hct15_seed4_rigid62_1_from376000cy/rbc9_sim_2xKSin1_D_hct15_seed4_rigid62_1_from376000cy.dat
shape =  (8, 717)
717
loading  /home/jasencakova/dataset/cells/priamy_kanal/sim_2xKSin1_D_hct15_seed4_rigid62_1_from376000cy/rbc10_sim_2xKSin1_D_hct15_seed4_rigid62_1_from376000cy.dat
shape =  (8, 717)
717
loading  /home/jasencakova/dataset/cells/priamy_kanal/sim_2xKSin1_D_hct15_seed4_rigid62_1_from376000cy/rbc11_sim_2xKSin1_D_hct15_seed4_rigid62_1_from376000cy.dat
shape =  (8, 717)
717
loading  /home/jasencakova/dataset/cells/priamy_kanal/sim_2xKSin1_D_hct15_seed4_rigid62_1_from376000cy/rbc12_sim_2xKSin1_D_hct15_seed4_rigid62_1_from376000cy.dat
shape =  (8, 717)
717
loading  /home/jasencakova/dataset/cells/priamy_kanal/sim_2xKSin1_D_hct15_seed4_rigid62_1_from376000cy/rbc13_sim_2xKSin1_D_hct15_seed4_rigid62_1_from376000cy.dat
shape =  (8, 717)
717
loading  /home/jasencakova/dataset/cells/priamy_kanal/sim_2xKSin1_D_hct15_seed4_rigid62_1_from376000cy/rbc14_sim_2xKSin1_D_hct15_seed4_rigid62_1_from376000cy.dat
shape =  (8, 717)
717
loading  /home/jasencakova/dataset/cells/priamy_kanal/sim_2xKSin1_D_hct15_seed4_rigid62_1_from376000cy/rbc15_sim_2xKSin1_D_hct15_seed4_rigid62_1_from376000cy.dat
shape =  (8, 717)
717
loading  /home/jasencakova/dataset/cells/priamy_kanal/sim_2xKSin1_D_hct15_seed4_rigid62_1_from376000cy/rbc16_sim_2xKSin1_D_hct15_seed4_rigid62_1_from376000cy.dat
shape =  (8, 717)
717
loading  /home/jasencakova/dataset/cells/priamy_kanal/sim_2xKSin1_D_hct15_seed4_rigid62_1_from376000cy/rbc17_sim_2xKSin1_D_hct15_seed4_rigid62_1_from376000cy.dat
shape =  (8, 717)
717
loading  /home/jasencakova/dataset/cells/priamy_kanal/sim_2xKSin1_D_hct15_seed4_rigid62_1_from376000cy/rbc18_sim_2xKSin1_D_hct15_seed4_rigid62_1_from376000cy.dat
shape =  (8, 717)
717
loading  /home/jasencakova/dataset/cells/priamy_kanal/sim_2xKSin1_D_hct15_seed4_rigid62_1_from376000cy/rbc19_sim_2xKSin1_D_hct15_seed4_rigid62_1_from376000cy.dat
shape =  (8, 717)
717
loading  /home/jasencakova/dataset/cells/priamy_kanal/sim_2xKSin1_D_hct15_seed4_rigid62_1_from376000cy/rbc20_sim_2xKSin1_D_hct15_seed4_rigid62_1_from376000cy.dat
shape =  (8, 717)
717
loading  /home/jasencakova/dataset/cells/priamy_kanal/sim_2xKSin1_D_hct15_seed4_rigid62_1_from376000cy/rbc21_sim_2xKSin1_D_hct15_seed4_rigid62_1_from376000cy.dat
shape =  (8, 717)
717
loading  /home/jasencakova/dataset/cells/priamy_kanal/sim_2xKSin1_D_hct15_seed4_rigid62_1_from376000cy/rbc22_sim_2xKSin1_D_hct15_seed4_rigid62_1_from376000cy.dat
shape =  (8, 717)
717
loading  /home/jasencakova/dataset/cells/priamy_kanal/sim_2xKSin1_D_hct15_seed4_rigid62_1_from376000cy/rbc23_sim_2xKSin1_D_hct15_seed4_rigid62_1_from376000cy.dat
shape =  (8, 717)
717
loading  /home/jasencakova/dataset/cells/priamy_kanal/sim_2xKSin1_D_hct15_seed4_rigid62_1_from376000cy/rbc24_sim_2xKSin1_D_hct15_seed4_rigid62_1_from376000cy.dat
shape =  (8, 717)
717
loading  /home/jasencakova/dataset/cells/priamy_kanal/sim_2xKSin1_D_hct15_seed4_rigid62_1_from376000cy/rbc25_sim_2xKSin1_D_hct15_seed4_rigid62_1_from376000cy.dat
shape =  (8, 717)
717
loading  /home/jasencakova/dataset/cells/priamy_kanal/sim_2xKSin1_D_hct15_seed4_rigid62_1_from376000cy/rbc26_sim_2xKSin1_D_hct15_seed4_rigid62_1_from376000cy.dat
shape =  (8, 717)
717
loading  /home/jasencakova/dataset/cells/priamy_kanal/sim_2xKSin1_D_hct15_seed4_rigid62_1_from376000cy/rbc27_sim_2xKSin1_D_hct15_seed4_rigid62_1_from376000cy.dat
shape =  (8, 717)
717
loading  /home/jasencakova/dataset/cells/priamy_kanal/sim_2xKSin1_D_hct15_seed4_rigid62_1_from376000cy/rbc28_sim_2xKSin1_D_hct15_seed4_rigid62_1_from376000cy.dat
shape =  (8, 717)
717
loading  /home/jasencakova/dataset/cells/priamy_kanal/sim_2xKSin1_D_hct15_seed4_rigid62_1_from376000cy/rbc29_sim_2xKSin1_D_hct15_seed4_rigid62_1_from376000cy.dat
shape =  (8, 717)
717
loading  /home/jasencakova/dataset/cells/priamy_kanal/sim_2xKSin1_D_hct15_seed4_rigid62_1_from376000cy/rbc30_sim_2xKSin1_D_hct15_seed4_rigid62_1_from376000cy.dat
shape =  (8, 717)
717
loading  /home/jasencakova/dataset/cells/priamy_kanal/sim_2xKSin1_D_hct15_seed4_rigid62_1_from376000cy/rbc31_sim_2xKSin1_D_hct15_seed4_rigid62_1_from376000cy.dat
shape =  (8, 717)
717
loading  /home/jasencakova/dataset/cells/priamy_kanal/sim_2xKSin1_D_hct15_seed4_rigid62_1_from376000cy/rbc32_sim_2xKSin1_D_hct15_seed4_rigid62_1_from376000cy.dat
shape =  (8, 717)
717
loading  /home/jasencakova/dataset/cells/priamy_kanal/sim_2xKSin1_D_hct15_seed4_rigid62_1_from376000cy/rbc33_sim_2xKSin1_D_hct15_seed4_rigid62_1_from376000cy.dat
shape =  (8, 717)
717
loading  /home/jasencakova/dataset/cells/priamy_kanal/sim_2xKSin1_D_hct15_seed4_rigid62_1_from376000cy/rbc34_sim_2xKSin1_D_hct15_seed4_rigid62_1_from376000cy.dat
shape =  (8, 717)
717
loading  /home/jasencakova/dataset/cells/priamy_kanal/sim_2xKSin1_D_hct15_seed4_rigid62_1_from376000cy/rbc35_sim_2xKSin1_D_hct15_seed4_rigid62_1_from376000cy.dat
shape =  (8, 717)
717
loading  /home/jasencakova/dataset/cells/priamy_kanal/sim_2xKSin1_D_hct15_seed4_rigid62_1_from376000cy/rbc36_sim_2xKSin1_D_hct15_seed4_rigid62_1_from376000cy.dat
shape =  (8, 717)
717
loading  /home/jasencakova/dataset/cells/priamy_kanal/sim_2xKSin1_D_hct15_seed4_rigid62_1_from376000cy/rbc37_sim_2xKSin1_D_hct15_seed4_rigid62_1_from376000cy.dat
shape =  (8, 717)
717
loading  /home/jasencakova/dataset/cells/priamy_kanal/sim_2xKSin1_D_hct15_seed4_rigid62_1_from376000cy/rbc38_sim_2xKSin1_D_hct15_seed4_rigid62_1_from376000cy.dat
shape =  (8, 717)
717
loading  /home/jasencakova/dataset/cells/priamy_kanal/sim_2xKSin1_D_hct15_seed4_rigid62_1_from376000cy/rbc39_sim_2xKSin1_D_hct15_seed4_rigid62_1_from376000cy.dat
shape =  (8, 717)
717
loading  /home/jasencakova/dataset/cells/priamy_kanal/sim_2xKSin1_D_hct15_seed4_rigid62_1_from376000cy/rbc40_sim_2xKSin1_D_hct15_seed4_rigid62_1_from376000cy.dat
shape =  (8, 717)
717
loading  /home/jasencakova/dataset/cells/priamy_kanal/sim_2xKSin1_D_hct15_seed4_rigid62_1_from376000cy/rbc41_sim_2xKSin1_D_hct15_seed4_rigid62_1_from376000cy.dat
shape =  (8, 717)
717
loading  /home/jasencakova/dataset/cells/priamy_kanal/sim_2xKSin1_D_hct15_seed4_rigid62_1_from376000cy/rbc42_sim_2xKSin1_D_hct15_seed4_rigid62_1_from376000cy.dat
shape =  (8, 717)
717
loading  /home/jasencakova/dataset/cells/priamy_kanal/sim_2xKSin1_D_hct15_seed4_rigid62_1_from376000cy/rbc43_sim_2xKSin1_D_hct15_seed4_rigid62_1_from376000cy.dat
shape =  (8, 717)
717
loading  /home/jasencakova/dataset/cells/priamy_kanal/sim_2xKSin1_D_hct15_seed4_rigid62_1_from376000cy/rbc44_sim_2xKSin1_D_hct15_seed4_rigid62_1_from376000cy.dat
shape =  (8, 717)
717
loading  /home/jasencakova/dataset/cells/priamy_kanal/sim_2xKSin1_D_hct15_seed4_rigid62_1_from376000cy/rbc45_sim_2xKSin1_D_hct15_seed4_rigid62_1_from376000cy.dat
shape =  (8, 717)
717
loading  /home/jasencakova/dataset/cells/priamy_kanal/sim_2xKSin1_D_hct15_seed4_rigid62_1_from376000cy/rbc46_sim_2xKSin1_D_hct15_seed4_rigid62_1_from376000cy.dat
shape =  (8, 717)
717
loading  /home/jasencakova/dataset/cells/priamy_kanal/sim_2xKSin1_D_hct15_seed4_rigid62_1_from376000cy/rbc47_sim_2xKSin1_D_hct15_seed4_rigid62_1_from376000cy.dat
shape =  (8, 717)
717
loading  /home/jasencakova/dataset/cells/priamy_kanal/sim_2xKSin1_D_hct15_seed4_rigid62_1_from376000cy/rbc48_sim_2xKSin1_D_hct15_seed4_rigid62_1_from376000cy.dat
shape =  (8, 717)
717
loading  /home/jasencakova/dataset/cells/priamy_kanal/sim_2xKSin1_D_hct15_seed4_rigid62_1_from376000cy/rbc49_sim_2xKSin1_D_hct15_seed4_rigid62_1_from376000cy.dat
shape =  (8, 717)
717
loading  /home/jasencakova/dataset/cells/priamy_kanal/sim_2xKSin1_D_hct15_seed4_rigid62_1_from376000cy/rbc50_sim_2xKSin1_D_hct15_seed4_rigid62_1_from376000cy.dat
shape =  (8, 717)
717
loading  /home/jasencakova/dataset/cells/priamy_kanal/sim_2xKSin1_D_hct15_seed4_rigid62_1_from376000cy/rbc51_sim_2xKSin1_D_hct15_seed4_rigid62_1_from376000cy.dat
shape =  (8, 717)
717
loading  /home/jasencakova/dataset/cells/priamy_kanal/sim_2xKSin1_D_hct15_seed4_rigid62_1_from376000cy/rbc52_sim_2xKSin1_D_hct15_seed4_rigid62_1_from376000cy.dat
shape =  (8, 717)
717
loading  /home/jasencakova/dataset/cells/priamy_kanal/sim_2xKSin1_D_hct15_seed4_rigid62_1_from376000cy/rbc53_sim_2xKSin1_D_hct15_seed4_rigid62_1_from376000cy.dat
shape =  (8, 717)
717
loading  /home/jasencakova/dataset/cells/priamy_kanal/sim_2xKSin1_D_hct15_seed4_rigid62_1_from376000cy/rbc54_sim_2xKSin1_D_hct15_seed4_rigid62_1_from376000cy.dat
shape =  (8, 717)
717
loading  /home/jasencakova/dataset/cells/priamy_kanal/sim_2xKSin1_D_hct15_seed4_rigid62_1_from376000cy/rbc55_sim_2xKSin1_D_hct15_seed4_rigid62_1_from376000cy.dat
shape =  (8, 717)
717
loading  /home/jasencakova/dataset/cells/priamy_kanal/sim_2xKSin1_D_hct15_seed4_rigid62_1_from376000cy/rbc56_sim_2xKSin1_D_hct15_seed4_rigid62_1_from376000cy.dat
shape =  (8, 717)
717
loading  /home/jasencakova/dataset/cells/priamy_kanal/sim_2xKSin1_D_hct15_seed4_rigid62_1_from376000cy/rbc57_sim_2xKSin1_D_hct15_seed4_rigid62_1_from376000cy.dat
shape =  (8, 717)
717
loading  /home/jasencakova/dataset/cells/priamy_kanal/sim_2xKSin1_D_hct15_seed4_rigid62_1_from376000cy/rbc58_sim_2xKSin1_D_hct15_seed4_rigid62_1_from376000cy.dat
shape =  (8, 717)
717
loading  /home/jasencakova/dataset/cells/priamy_kanal/sim_2xKSin1_D_hct15_seed4_rigid62_1_from376000cy/rbc59_sim_2xKSin1_D_hct15_seed4_rigid62_1_from376000cy.dat
shape =  (8, 717)
717
loading  /home/jasencakova/dataset/cells/priamy_kanal/sim_2xKSin1_D_hct15_seed4_rigid62_1_from376000cy/rbc60_sim_2xKSin1_D_hct15_seed4_rigid62_1_from376000cy.dat
shape =  (8, 717)
717
loading  /home/jasencakova/dataset/cells/priamy_kanal/sim_2xKSin1_D_hct15_seed4_rigid62_1_from376000cy/rbc61_sim_2xKSin1_D_hct15_seed4_rigid62_1_from376000cy.dat
shape =  (8, 717)
717
loading  /home/jasencakova/dataset/cells/priamy_kanal/sim_2xKSin1_D_hct15_seed4_rigid62_1_from376000cy/rbc62_sim_2xKSin1_D_hct15_seed4_rigid62_1_from376000cy.dat
shape =  (8, 717)
717
loading  /home/jasencakova/dataset/cells/priamy_kanal/sim_2xKSin1_D_hct15_seed4_rigid62_1_from376000cy/rbc63_sim_2xKSin1_D_hct15_seed4_rigid62_1_from376000cy.dat
shape =  (8, 717)
717
loading  /home/jasencakova/dataset/cells/priamy_kanal/sim_2xKSin1_D_hct15_seed4_rigid62_1_from376000cy/rbc64_sim_2xKSin1_D_hct15_seed4_rigid62_1_from376000cy.dat
shape =  (8, 717)
717
loading  /home/jasencakova/dataset/cells/priamy_kanal/sim_2xKSin1_D_hct15_seed4_rigid62_1_from376000cy/rbc65_sim_2xKSin1_D_hct15_seed4_rigid62_1_from376000cy.dat
shape =  (8, 717)
717
loading  /home/jasencakova/dataset/cells/priamy_kanal/sim_2xKSin1_D_hct15_seed4_rigid62_1_from376000cy/rbc66_sim_2xKSin1_D_hct15_seed4_rigid62_1_from376000cy.dat
shape =  (8, 717)
717
loading  /home/jasencakova/dataset/cells/priamy_kanal/sim_2xKSin1_D_hct15_seed4_rigid62_1_from376000cy/rbc67_sim_2xKSin1_D_hct15_seed4_rigid62_1_from376000cy.dat
shape =  (8, 717)
717
loading  /home/jasencakova/dataset/cells/priamy_kanal/sim_2xKSin1_D_hct15_seed4_rigid62_1_from376000cy/rbc68_sim_2xKSin1_D_hct15_seed4_rigid62_1_from376000cy.dat
shape =  (8, 717)
717
loading  /home/jasencakova/dataset/cells/priamy_kanal/sim_2xKSin1_D_hct15_seed4_rigid62_1_from376000cy/rbc69_sim_2xKSin1_D_hct15_seed4_rigid62_1_from376000cy.dat
shape =  (8, 717)
717
loading  /home/jasencakova/dataset/cells/priamy_kanal/sim_2xKSin1_D_hct15_seed4_rigid62_1_from376000cy/rbc70_sim_2xKSin1_D_hct15_seed4_rigid62_1_from376000cy.dat
shape =  (8, 717)
717
loading  /home/jasencakova/dataset/cells/priamy_kanal/sim_2xKSin1_D_hct15_seed4_rigid62_1_from376000cy/rbc71_sim_2xKSin1_D_hct15_seed4_rigid62_1_from376000cy.dat
shape =  (8, 717)
717
loading  /home/jasencakova/dataset/cells/priamy_kanal/sim_2xKSin1_D_hct15_seed4_rigid62_1_from376000cy/rbc72_sim_2xKSin1_D_hct15_seed4_rigid62_1_from376000cy.dat
shape =  (8, 717)
717
loading  /home/jasencakova/dataset/cells/priamy_kanal/sim_2xKSin1_D_hct15_seed4_rigid62_1_from376000cy/rbc73_sim_2xKSin1_D_hct15_seed4_rigid62_1_from376000cy.dat
shape =  (8, 717)
717
loading  /home/jasencakova/dataset/cells/priamy_kanal/sim_2xKSin1_D_hct15_seed4_rigid62_1_from376000cy/rbc74_sim_2xKSin1_D_hct15_seed4_rigid62_1_from376000cy.dat
shape =  (8, 717)
717
loading  /home/jasencakova/dataset/cells/priamy_kanal/sim_2xKSin1_D_hct15_seed4_rigid62_1_from376000cy/rbc75_sim_2xKSin1_D_hct15_seed4_rigid62_1_from376000cy.dat
shape =  (8, 717)
717
loading  /home/jasencakova/dataset/cells/priamy_kanal/sim_2xKSin1_D_hct15_seed4_rigid62_1_from376000cy/rbc76_sim_2xKSin1_D_hct15_seed4_rigid62_1_from376000cy.dat
shape =  (8, 717)
717
loading  /home/jasencakova/dataset/cells/priamy_kanal/sim_2xKSin1_D_hct15_seed4_rigid62_1_from376000cy/rbc77_sim_2xKSin1_D_hct15_seed4_rigid62_1_from376000cy.dat
shape =  (8, 717)
717
loading  /home/jasencakova/dataset/cells/priamy_kanal/sim_2xKSin1_D_hct15_seed4_rigid62_1_from376000cy/rbc78_sim_2xKSin1_D_hct15_seed4_rigid62_1_from376000cy.dat
shape =  (8, 717)
717
loading  /home/jasencakova/dataset/cells/priamy_kanal/sim_2xKSin1_D_hct15_seed4_rigid62_1_from376000cy/rbc79_sim_2xKSin1_D_hct15_seed4_rigid62_1_from376000cy.dat
shape =  (8, 717)
717
loading  /home/jasencakova/dataset/cells/priamy_kanal/sim_2xKSin1_D_hct15_seed4_rigid62_1_from376000cy/rbc80_sim_2xKSin1_D_hct15_seed4_rigid62_1_from376000cy.dat
shape =  (8, 717)
717
loading  /home/jasencakova/dataset/cells/priamy_kanal/sim_2xKSin1_D_hct15_seed4_rigid62_1_from376000cy/rbc81_sim_2xKSin1_D_hct15_seed4_rigid62_1_from376000cy.dat
shape =  (8, 717)
717
loading  /home/jasencakova/dataset/cells/priamy_kanal/sim_2xKSin1_D_hct15_seed4_rigid62_1_from376000cy/rbc82_sim_2xKSin1_D_hct15_seed4_rigid62_1_from376000cy.dat
shape =  (8, 717)
717
loading  /home/jasencakova/dataset/cells/priamy_kanal/sim_2xKSin1_D_hct15_seed4_rigid62_1_from376000cy/rbc83_sim_2xKSin1_D_hct15_seed4_rigid62_1_from376000cy.dat
shape =  (8, 717)
717
loading  /home/jasencakova/dataset/cells/priamy_kanal/sim_2xKSin1_D_hct15_seed4_rigid62_1_from376000cy/rbc84_sim_2xKSin1_D_hct15_seed4_rigid62_1_from376000cy.dat
shape =  (8, 717)
717
loading  /home/jasencakova/dataset/cells/priamy_kanal/sim_2xKSin1_D_hct15_seed4_rigid62_1_from376000cy/rbc85_sim_2xKSin1_D_hct15_seed4_rigid62_1_from376000cy.dat
shape =  (8, 717)
717
loading  /home/jasencakova/dataset/cells/priamy_kanal/sim_2xKSin1_D_hct15_seed4_rigid62_1_from376000cy/rbc86_sim_2xKSin1_D_hct15_seed4_rigid62_1_from376000cy.dat
shape =  (8, 717)
717
loading  /home/jasencakova/dataset/cells/priamy_kanal/sim_2xKSin1_D_hct15_seed4_rigid62_1_from376000cy/rbc87_sim_2xKSin1_D_hct15_seed4_rigid62_1_from376000cy.dat
shape =  (8, 717)
717
loading  /home/jasencakova/dataset/cells/priamy_kanal/sim_2xKSin1_D_hct15_seed4_rigid62_1_from376000cy/rbc88_sim_2xKSin1_D_hct15_seed4_rigid62_1_from376000cy.dat
shape =  (8, 717)
717
loading  /home/jasencakova/dataset/cells/priamy_kanal/sim_2xKSin1_D_hct15_seed4_rigid62_1_from376000cy/rbc89_sim_2xKSin1_D_hct15_seed4_rigid62_1_from376000cy.dat
shape =  (8, 717)
717
loading  /home/jasencakova/dataset/cells/priamy_kanal/sim_2xKSin1_D_hct15_seed4_rigid62_1_from376000cy/rbc90_sim_2xKSin1_D_hct15_seed4_rigid62_1_from376000cy.dat
shape =  (8, 717)
717
loading  /home/jasencakova/dataset/cells/priamy_kanal/sim_2xKSin1_D_hct15_seed4_rigid62_1_from376000cy/rbc91_sim_2xKSin1_D_hct15_seed4_rigid62_1_from376000cy.dat
shape =  (8, 717)
717
loading  /home/jasencakova/dataset/cells/priamy_kanal/sim_2xKSin1_D_hct15_seed4_rigid62_1_from376000cy/rbc92_sim_2xKSin1_D_hct15_seed4_rigid62_1_from376000cy.dat
shape =  (8, 717)
717
loading  /home/jasencakova/dataset/cells/priamy_kanal/sim_2xKSin1_D_hct15_seed4_rigid62_1_from376000cy/rbc93_sim_2xKSin1_D_hct15_seed4_rigid62_1_from376000cy.dat
shape =  (8, 717)
717
loading  /home/jasencakova/dataset/cells/priamy_kanal/sim_2xKSin1_D_hct15_seed4_rigid62_1_from376000cy/rbc94_sim_2xKSin1_D_hct15_seed4_rigid62_1_from376000cy.dat
shape =  (8, 717)
717
loading  /home/jasencakova/dataset/cells/priamy_kanal/sim_2xKSin1_D_hct15_seed4_rigid62_1_from376000cy/rbc95_sim_2xKSin1_D_hct15_seed4_rigid62_1_from376000cy.dat
shape =  (8, 717)
717
loading  /home/jasencakova/dataset/cells/priamy_kanal/sim_2xKSin1_D_hct15_seed4_rigid62_1_from376000cy/rbc96_sim_2xKSin1_D_hct15_seed4_rigid62_1_from376000cy.dat
shape =  (8, 717)
717
loading  /home/jasencakova/dataset/cells/priamy_kanal/sim_2xKSin1_D_hct15_seed4_rigid62_1_from376000cy/rbc97_sim_2xKSin1_D_hct15_seed4_rigid62_1_from376000cy.dat
shape =  (8, 717)
717
loading  /home/jasencakova/dataset/cells/priamy_kanal/sim_2xKSin1_D_hct15_seed4_rigid62_1_from376000cy/rbc98_sim_2xKSin1_D_hct15_seed4_rigid62_1_from376000cy.dat
shape =  (8, 717)
717
loading  /home/jasencakova/dataset/cells/priamy_kanal/sim_2xKSin1_D_hct15_seed4_rigid62_1_from376000cy/rbc99_sim_2xKSin1_D_hct15_seed4_rigid62_1_from376000cy.dat
shape =  (8, 717)
717
loading  /home/jasencakova/dataset/cells/priamy_kanal/sim_2xKSin1_D_hct15_seed4_rigid62_1_from376000cy/rbc100_sim_2xKSin1_D_hct15_seed4_rigid62_1_from376000cy.dat
shape =  (8, 717)
717
loading  /home/jasencakova/dataset/cells/priamy_kanal/sim_2xKSin1_D_hct15_seed4_rigid62_1_from376000cy/rbc101_sim_2xKSin1_D_hct15_seed4_rigid62_1_from376000cy.dat
shape =  (8, 717)
717
loading  /home/jasencakova/dataset/cells/priamy_kanal/sim_2xKSin1_D_hct15_seed4_rigid62_1_from376000cy/rbc102_sim_2xKSin1_D_hct15_seed4_rigid62_1_from376000cy.dat
shape =  (8, 717)
717
loading  /home/jasencakova/dataset/cells/priamy_kanal/sim_2xKSin1_D_hct15_seed4_rigid62_1_from376000cy/rbc103_sim_2xKSin1_D_hct15_seed4_rigid62_1_from376000cy.dat
shape =  (8, 717)
717
loading  /home/jasencakova/dataset/cells/priamy_kanal/sim_2xKSin1_D_hct15_seed4_rigid62_1_from376000cy/rbc104_sim_2xKSin1_D_hct15_seed4_rigid62_1_from376000cy.dat
shape =  (8, 717)
717
loading  /home/jasencakova/dataset/cells/priamy_kanal/sim_2xKSin1_D_hct15_seed4_rigid62_1_from376000cy/rbc105_sim_2xKSin1_D_hct15_seed4_rigid62_1_from376000cy.dat
shape =  (8, 717)
717
loading  /home/jasencakova/dataset/cells/priamy_kanal/sim_2xKSin1_D_hct15_seed4_rigid62_1_from376000cy/rbc106_sim_2xKSin1_D_hct15_seed4_rigid62_1_from376000cy.dat
shape =  (8, 717)
717
loading  /home/jasencakova/dataset/cells/priamy_kanal/sim_2xKSin1_D_hct15_seed4_rigid62_1_from376000cy/rbc107_sim_2xKSin1_D_hct15_seed4_rigid62_1_from376000cy.dat
shape =  (8, 717)
717
loading  /home/jasencakova/dataset/cells/priamy_kanal/sim_2xKSin1_D_hct15_seed4_rigid62_1_from376000cy/rbc108_sim_2xKSin1_D_hct15_seed4_rigid62_1_from376000cy.dat
shape =  (8, 717)
717
loading  /home/jasencakova/dataset/cells/priamy_kanal/sim_2xKSin1_D_hct15_seed4_rigid62_1_from376000cy/rbc109_sim_2xKSin1_D_hct15_seed4_rigid62_1_from376000cy.dat
shape =  (8, 717)
717
loading  /home/jasencakova/dataset/cells/priamy_kanal/sim_2xKSin1_D_hct15_seed4_rigid62_1_from376000cy/rbc110_sim_2xKSin1_D_hct15_seed4_rigid62_1_from376000cy.dat
shape =  (8, 717)
717
loading  /home/jasencakova/dataset/cells/priamy_kanal/sim_2xKSin1_D_hct15_seed4_rigid62_1_from376000cy/rbc111_sim_2xKSin1_D_hct15_seed4_rigid62_1_from376000cy.dat
shape =  (8, 717)
717
loading  /home/jasencakova/dataset/cells/priamy_kanal/sim_2xKSin1_D_hct15_seed4_rigid62_1_from376000cy/rbc112_sim_2xKSin1_D_hct15_seed4_rigid62_1_from376000cy.dat
shape =  (8, 717)
717
loading  /home/jasencakova/dataset/cells/priamy_kanal/sim_2xKSin1_D_hct15_seed4_rigid62_1_from376000cy/rbc113_sim_2xKSin1_D_hct15_seed4_rigid62_1_from376000cy.dat
shape =  (8, 717)
717
loading  /home/jasencakova/dataset/cells/priamy_kanal/sim_2xKSin1_D_hct15_seed4_rigid62_1_from376000cy/rbc114_sim_2xKSin1_D_hct15_seed4_rigid62_1_from376000cy.dat
shape =  (8, 717)
717
loading  /home/jasencakova/dataset/cells/priamy_kanal/sim_2xKSin1_D_hct15_seed4_rigid62_1_from376000cy/rbc115_sim_2xKSin1_D_hct15_seed4_rigid62_1_from376000cy.dat
shape =  (8, 717)
717
loading  /home/jasencakova/dataset/cells/priamy_kanal/sim_2xKSin1_D_hct15_seed4_rigid62_1_from376000cy/rbc116_sim_2xKSin1_D_hct15_seed4_rigid62_1_from376000cy.dat
shape =  (8, 717)
717
loading  /home/jasencakova/dataset/cells/priamy_kanal/sim_2xKSin1_D_hct15_seed4_rigid62_1_from376000cy/rbc117_sim_2xKSin1_D_hct15_seed4_rigid62_1_from376000cy.dat
shape =  (8, 717)
717
loading  /home/jasencakova/dataset/cells/priamy_kanal/sim_2xKSin1_D_hct15_seed4_rigid62_1_from376000cy/rbc118_sim_2xKSin1_D_hct15_seed4_rigid62_1_from376000cy.dat
shape =  (8, 717)
717
loading  /home/jasencakova/dataset/cells/priamy_kanal/sim_2xKSin1_D_hct15_seed4_rigid62_1_from376000cy/rbc119_sim_2xKSin1_D_hct15_seed4_rigid62_1_from376000cy.dat
shape =  (8, 717)
717
loading  /home/jasencakova/dataset/cells/priamy_kanal/sim_2xKSin1_D_hct15_seed4_rigid62_1_from376000cy/rbc120_sim_2xKSin1_D_hct15_seed4_rigid62_1_from376000cy.dat
shape =  (8, 717)
717
loading  /home/jasencakova/dataset/cells/priamy_kanal/sim_2xKSin1_D_hct15_seed4_rigid62_1_from376000cy/rbc121_sim_2xKSin1_D_hct15_seed4_rigid62_1_from376000cy.dat
shape =  (8, 717)
717
loading  /home/jasencakova/dataset/cells/priamy_kanal/sim_2xKSin1_D_hct15_seed4_rigid62_1_from376000cy/rbc122_sim_2xKSin1_D_hct15_seed4_rigid62_1_from376000cy.dat
shape =  (8, 717)
717
loading  /home/jasencakova/dataset/cells/priamy_kanal/sim_2xKSin1_D_hct15_seed4_rigid62_1_from376000cy/rbc123_sim_2xKSin1_D_hct15_seed4_rigid62_1_from376000cy.dat
shape =  (8, 717)
717
loading  /home/jasencakova/dataset/cells/priamy_kanal/sim_2xKSin1_D_hct15_seed4_rigid62_1_from376000cy/rbc124_sim_2xKSin1_D_hct15_seed4_rigid62_1_from376000cy.dat
shape =  (8, 717)
717
loading  /home/jasencakova/dataset/cells/priamy_kanal/sim_2xKSin1_D_hct15_seed4_rigid62_1_from376000cy/rbc125_sim_2xKSin1_D_hct15_seed4_rigid62_1_from376000cy.dat
shape =  (8, 717)
717
loading  /home/jasencakova/dataset/cells/priamy_kanal/sim_2xKSin1_D_hct15_seed4_rigid62_1_from376000cy/rbc126_sim_2xKSin1_D_hct15_seed4_rigid62_1_from376000cy.dat
shape =  (8, 717)
717
loading  /home/jasencakova/dataset/cells/priamy_kanal/sim_2xKSin1_D_hct15_seed4_rigid62_1_from376000cy/rbc127_sim_2xKSin1_D_hct15_seed4_rigid62_1_from376000cy.dat
shape =  (8, 717)
717
loading  /home/jasencakova/dataset/cells/priamy_kanal/sim_2xKSin1_D_hct15_seed4_rigid62_1_from376000cy/rbc128_sim_2xKSin1_D_hct15_seed4_rigid62_1_from376000cy.dat
shape =  (8, 717)
717
loading  /home/jasencakova/dataset/cells/priamy_kanal/sim_2xKSin1_D_hct15_seed4_rigid62_1_from376000cy/rbc129_sim_2xKSin1_D_hct15_seed4_rigid62_1_from376000cy.dat
shape =  (8, 717)
717
loading  /home/jasencakova/dataset/cells/priamy_kanal/sim_2xKSin1_D_hct15_seed4_rigid62_1_from376000cy/rbc130_sim_2xKSin1_D_hct15_seed4_rigid62_1_from376000cy.dat
shape =  (8, 717)
717
loading  /home/jasencakova/dataset/cells/priamy_kanal/sim_2xKSin1_D_hct15_seed4_rigid62_1_from376000cy/rbc131_sim_2xKSin1_D_hct15_seed4_rigid62_1_from376000cy.dat
shape =  (8, 717)
717
loading  /home/jasencakova/dataset/cells/priamy_kanal/sim_2xKSin1_D_hct15_seed4_rigid62_1_from376000cy/rbc132_sim_2xKSin1_D_hct15_seed4_rigid62_1_from376000cy.dat
shape =  (8, 717)
717
loading  /home/jasencakova/dataset/cells/priamy_kanal/sim_2xKSin1_D_hct15_seed4_rigid62_1_from376000cy/rbc133_sim_2xKSin1_D_hct15_seed4_rigid62_1_from376000cy.dat
shape =  (8, 717)
717
loading  /home/jasencakova/dataset/cells/priamy_kanal/sim_2xKSin1_D_hct15_seed4_rigid62_1_from376000cy/rbc134_sim_2xKSin1_D_hct15_seed4_rigid62_1_from376000cy.dat
shape =  (8, 717)
717
loading  /home/jasencakova/dataset/cells/priamy_kanal/sim_2xKSin1_D_hct15_seed4_rigid62_1_from376000cy/rbc135_sim_2xKSin1_D_hct15_seed4_rigid62_1_from376000cy.dat
shape =  (8, 717)
717
loading  /home/jasencakova/dataset/cells/priamy_kanal/sim_2xKSin1_D_hct15_seed4_rigid62_1_from376000cy/rbc136_sim_2xKSin1_D_hct15_seed4_rigid62_1_from376000cy.dat
shape =  (8, 717)
717
loading  /home/jasencakova/dataset/cells/priamy_kanal/sim_2xKSin1_D_hct15_seed4_rigid62_1_from376000cy/rbc137_sim_2xKSin1_D_hct15_seed4_rigid62_1_from376000cy.dat
shape =  (8, 717)
717
loading  /home/jasencakova/dataset/cells/priamy_kanal/sim_2xKSin1_D_hct15_seed4_rigid62_1_from376000cy/rbc138_sim_2xKSin1_D_hct15_seed4_rigid62_1_from376000cy.dat
shape =  (8, 717)
717
loading  /home/jasencakova/dataset/cells/priamy_kanal/sim_2xKSin1_D_hct15_seed4_rigid62_1_from376000cy/rbc139_sim_2xKSin1_D_hct15_seed4_rigid62_1_from376000cy.dat
shape =  (8, 717)
717
loading  /home/jasencakova/dataset/cells/priamy_kanal/sim_2xKSin1_D_hct15_seed4_rigid62_1_from376000cy/rbc140_sim_2xKSin1_D_hct15_seed4_rigid62_1_from376000cy.dat
shape =  (8, 717)
717
loading  /home/jasencakova/dataset/cells/priamy_kanal/sim_2xKSin1_D_hct15_seed4_rigid62_1_from376000cy/rbc141_sim_2xKSin1_D_hct15_seed4_rigid62_1_from376000cy.dat
shape =  (8, 717)
717
loading  /home/jasencakova/dataset/cells/priamy_kanal/sim_2xKSin1_D_hct15_seed4_rigid62_1_from376000cy/rbc142_sim_2xKSin1_D_hct15_seed4_rigid62_1_from376000cy.dat
shape =  (8, 717)
717
loading  /home/jasencakova/dataset/cells/priamy_kanal/sim_2xKSin1_D_hct15_seed4_rigid62_1_from376000cy/rbc143_sim_2xKSin1_D_hct15_seed4_rigid62_1_from376000cy.dat
shape =  (8, 717)
717
loading  /home/jasencakova/dataset/cells/priamy_kanal/sim_2xKSin1_D_hct15_seed4_rigid62_1_from376000cy/rbc144_sim_2xKSin1_D_hct15_seed4_rigid62_1_from376000cy.dat
shape =  (8, 717)
717
loading  /home/jasencakova/dataset/cells/priamy_kanal/sim_2xKSin1_D_hct15_seed4_rigid62_1_from376000cy/rbc145_sim_2xKSin1_D_hct15_seed4_rigid62_1_from376000cy.dat
shape =  (8, 717)
717
loading  /home/jasencakova/dataset/cells/priamy_kanal/sim_2xKSin1_D_hct15_seed4_rigid62_1_from376000cy/rbc146_sim_2xKSin1_D_hct15_seed4_rigid62_1_from376000cy.dat
shape =  (8, 717)
717
loading  /home/jasencakova/dataset/cells/priamy_kanal/sim_2xKSin1_D_hct15_seed4_rigid62_1_from376000cy/rbc147_sim_2xKSin1_D_hct15_seed4_rigid62_1_from376000cy.dat
shape =  (8, 717)
717
loading  /home/jasencakova/dataset/cells/priamy_kanal/sim_2xKSin1_D_hct15_seed4_rigid62_1_from376000cy/rbc148_sim_2xKSin1_D_hct15_seed4_rigid62_1_from376000cy.dat
shape =  (8, 717)
717
loading  /home/jasencakova/dataset/cells/priamy_kanal/sim_2xKSin1_D_hct15_seed4_rigid62_1_from376000cy/rbc149_sim_2xKSin1_D_hct15_seed4_rigid62_1_from376000cy.dat
shape =  (8, 717)
717
loading  /home/jasencakova/dataset/cells/priamy_kanal/sim_2xKSin1_D_hct15_seed4_rigid62_1_from376000cy/rbc150_sim_2xKSin1_D_hct15_seed4_rigid62_1_from376000cy.dat
shape =  (8, 717)
717
loading  /home/jasencakova/dataset/cells/priamy_kanal/sim_2xKSin1_D_hct15_seed4_rigid62_1_from376000cy/rbc151_sim_2xKSin1_D_hct15_seed4_rigid62_1_from376000cy.dat
shape =  (8, 717)
717
loading  /home/jasencakova/dataset/cells/priamy_kanal/sim_2xKSin1_D_hct15_seed4_rigid62_1_from376000cy/rbc152_sim_2xKSin1_D_hct15_seed4_rigid62_1_from376000cy.dat
shape =  (8, 717)
717
loading  /home/jasencakova/dataset/cells/priamy_kanal/sim_2xKSin1_D_hct15_seed4_rigid62_1_from376000cy/rbc153_sim_2xKSin1_D_hct15_seed4_rigid62_1_from376000cy.dat
shape =  (8, 717)
717
shortest_length =  717
data_shape      =  (154, 717, 8)








dataset summary : 

training_dats shape    =  (154, 698, 8)
testing_dats shape    =  (154, 717, 8)
training_count  =  10856692
testing_count   =  110418
channels_count  =  8
sequence_length =  128
classes_count   =   2
batch(32) tensor shape =  torch.Size([32, 8, 128]) torch.Size([32, 2])





model
Sequential(
  (0): Conv1d(8, 32, kernel_size=(3,), stride=(2,), padding=(1,))
  (1): ReLU()
  (2): Dropout(p=0.01, inplace=False)
  (3): Conv1d(32, 64, kernel_size=(3,), stride=(2,), padding=(1,))
  (4): ReLU()
  (5): Dropout(p=0.01, inplace=False)
  (6): Conv1d(64, 64, kernel_size=(3,), stride=(2,), padding=(1,))
  (7): ReLU()
  (8): Dropout(p=0.01, inplace=False)
  (9): Conv1d(64, 128, kernel_size=(3,), stride=(2,), padding=(1,))
  (10): ReLU()
  (11): Dropout(p=0.01, inplace=False)
  (12): Flatten()
  (13): Linear(in_features=1024, out_features=2, bias=True)
)



0 93.59622404737202 82.00593171296296 0.06728964 0.13344087 0.021188578 0.016364345 79.15 





=================================================
new best net in 0
TRAINING result
accuracy   = 93.596 [%]
hit_count  = 10161465
miss_count = 695239

class_accuracy = 99.237%   71.23%   


confusion_matrix = 
8603849	 629114	 
66125	 1557616	 



TESTING result
accuracy   = 82.006 [%]
hit_count  = 90692
miss_count = 19900

class_accuracy = 98.805%   55.311%   


confusion_matrix = 
67063	 19090	 
810	 23629	 




1 96.33600584486784 84.42925347222223 0.03513669 0.11632596 0.008917602 0.016621083 78.48 





=================================================
new best net in 1
TRAINING result
accuracy   = 96.336 [%]
hit_count  = 10458915
miss_count = 397789

class_accuracy = 99.899%   82.204%   


confusion_matrix = 
8661909	 389025	 
8764	 1797006	 



TESTING result
accuracy   = 84.429 [%]
hit_count  = 93372
miss_count = 17220

class_accuracy = 98.523%   62.106%   


confusion_matrix = 
66787	 16220	 
1000	 26585	 




2 97.67513234219152 85.89590567129629 0.022970743 0.104701504 0.0062273494 0.015386037 77.8 





=================================================
new best net in 2
TRAINING result
accuracy   = 97.675 [%]
hit_count  = 10604300
miss_count = 252404

class_accuracy = 99.882%   88.924%   


confusion_matrix = 
8660265	 242151	 
10253	 1944035	 



TESTING result
accuracy   = 85.896 [%]
hit_count  = 94994
miss_count = 15598

class_accuracy = 98.338%   66.426%   


confusion_matrix = 
66347	 14478	 
1120	 28647	 




3 99.00626377950435 86.93033854166667 0.013293529 0.09745322 0.0039219907 0.014247185 77.11 





=================================================
new best net in 3
TRAINING result
accuracy   = 99.006 [%]
hit_count  = 10748817
miss_count = 107887

class_accuracy = 99.955%   95.24%   


confusion_matrix = 
8668402	 103986	 
3901	 2080415	 



TESTING result
accuracy   = 86.93 [%]
hit_count  = 96138
miss_count = 14454

class_accuracy = 98.424%   68.828%   


confusion_matrix = 
66573	 13389	 
1065	 29565	 




4 99.74798060258436 87.89966724537037 0.0067502433 0.08813777 0.0021756685 0.013597592 76.4 





=================================================
new best net in 4
TRAINING result
accuracy   = 99.748 [%]
hit_count  = 10829343
miss_count = 27361

class_accuracy = 99.993%   98.777%   


confusion_matrix = 
8670048	 26733	 
628	 2159295	 



TESTING result
accuracy   = 87.9 [%]
hit_count  = 97210
miss_count = 13382

class_accuracy = 98.416%   71.6%   


confusion_matrix = 
66152	 12318	 
1064	 31058	 




5 99.95708642328279 89.23249421296296 0.0033759768 0.074420996 0.0010619048 0.011988522 75.69 





=================================================
new best net in 5
TRAINING result
accuracy   = 99.957 [%]
hit_count  = 10852045
miss_count = 4659

class_accuracy = 99.999%   99.791%   


confusion_matrix = 
8672239	 4573	 
86	 2179806	 



TESTING result
accuracy   = 89.232 [%]
hit_count  = 98684
miss_count = 11908

class_accuracy = 98.185%   75.072%   


confusion_matrix = 
66520	 10679	 
1229	 32164	 




6 99.99405897038365 93.45522280092592 0.0017579386 0.049514223 0.00061837805 0.009507814 74.96 





=================================================
new best net in 6
TRAINING result
accuracy   = 99.994 [%]
hit_count  = 10856059
miss_count = 645

class_accuracy = 100.0%   99.971%   


confusion_matrix = 
8671263	 635	 
10	 2184796	 



TESTING result
accuracy   = 93.455 [%]
hit_count  = 103354
miss_count = 7238

class_accuracy = 98.055%   86.235%   


confusion_matrix = 
66230	 5925	 
1313	 37124	 




7 99.99938286979179 96.19140625 0.000853364 0.03571055 0.00032627012 0.008066637 74.23 





=================================================
new best net in 7
TRAINING result
accuracy   = 99.999 [%]
hit_count  = 10856637
miss_count = 67

class_accuracy = 100.0%   99.997%   


confusion_matrix = 
8671051	 66	 
1	 2185586	 



TESTING result
accuracy   = 96.191 [%]
hit_count  = 106380
miss_count = 4212

class_accuracy = 98.026%   93.303%   


confusion_matrix = 
66257	 2879	 
1333	 40123	 




8 99.9999355237096 98.06405526620371 0.0004378235 0.023656847 0.00016914579 0.007205863 73.5 





=================================================
new best net in 8
TRAINING result
accuracy   = 100.0 [%]
hit_count  = 10856697
miss_count = 7

class_accuracy = 100.0%   100.0%   


confusion_matrix = 
8670874	 7	 
0	 2185823	 



TESTING result
accuracy   = 98.064 [%]
hit_count  = 108451
miss_count = 2141

class_accuracy = 97.987%   98.181%   


confusion_matrix = 
66356	 779	 
1362	 42095	 




9 99.99988025831782 98.65993923611111 0.0002460932 0.018227838 0.000121101366 0.0071855057 72.75 





=================================================
new best net in 9
TRAINING result
accuracy   = 100.0 [%]
hit_count  = 10856691
miss_count = 13

class_accuracy = 100.0%   99.999%   


confusion_matrix = 
8671396	 12	 
1	 2185295	 



TESTING result
accuracy   = 98.66 [%]
hit_count  = 109110
miss_count = 1482

class_accuracy = 97.904%   99.838%   


confusion_matrix = 
66052	 69	 
1413	 43058	 




10 99.99978814933151 98.7449363425926 0.00015448827 0.015467222 0.00014683428 0.006458013 72.0 





=================================================
new best net in 10
TRAINING result
accuracy   = 100.0 [%]
hit_count  = 10856681
miss_count = 23

class_accuracy = 100.0%   99.999%   


confusion_matrix = 
8672835	 16	 
7	 2183846	 



TESTING result
accuracy   = 98.745 [%]
hit_count  = 109204
miss_count = 1388

class_accuracy = 97.94%   99.991%   


confusion_matrix = 
65881	 3	 
1385	 43323	 




11 99.99980657112877 98.73498987268519 0.000107549866 0.014759914 0.00011087157 0.0064328006 71.24 

12 99.99992631281096 98.72956452546296 8.064964e-05 0.014149522 8.0927355e-05 0.006652339 70.48 

13 99.9999078910137 98.69339554398148 6.421848e-05 0.013836258 8.507583e-05 0.0069793393 69.7 

14 99.99996315640549 98.70153356481481 5.329436e-05 0.013708872 6.292274e-05 0.006645609 68.93 

15 99.99989868011507 98.68525752314815 4.750773e-05 0.013809441 9.0453505e-05 0.0072297934 68.16 

16 99.99991710191233 98.77115885416667 4.185442e-05 0.0129219 6.688122e-05 0.0068810848 67.41 





=================================================
new best net in 16
TRAINING result
accuracy   = 100.0 [%]
hit_count  = 10856695
miss_count = 9

class_accuracy = 100.0%   100.0%   


confusion_matrix = 
8670534	 5	 
4	 2186161	 



TESTING result
accuracy   = 98.771 [%]
hit_count  = 109233
miss_count = 1359

class_accuracy = 97.986%   99.998%   


confusion_matrix = 
66166	 0	 
1359	 43067	 




17 99.99997236730411 98.67531105324075 3.7314676e-05 0.013702035 6.1844454e-05 0.0073962184 67.1 

18 99.9999355237096 98.78381799768519 3.535846e-05 0.012891043 6.9633235e-05 0.0061866627 66.72 





=================================================
new best net in 18
TRAINING result
accuracy   = 100.0 [%]
hit_count  = 10856697
miss_count = 7

class_accuracy = 100.0%   100.0%   


confusion_matrix = 
8670168	 3	 
4	 2186529	 



TESTING result
accuracy   = 98.784 [%]
hit_count  = 109247
miss_count = 1345

class_accuracy = 98.002%   99.998%   


confusion_matrix = 
66006	 0	 
1345	 43241	 




19 99.99997236730411 98.68977864583333 3.101178e-05 0.013591882 5.1318144e-05 0.0069690365 66.29 

20 99.99996315640549 98.6915870949074 3.0614006e-05 0.013569766 6.0139602e-05 0.007445309 65.82 

21 99.99994473460822 98.67350260416667 2.8451876e-05 0.013774465 5.9589645e-05 0.0070148488 65.29 

22 99.99996315640549 98.75036168981481 2.7108374e-05 0.013104033 5.5717795e-05 0.0071747676 64.72 

23 99.9999355237096 98.70062934027777 2.5217583e-05 0.013435004 5.9317314e-05 0.00716473 64.13 

24 99.99988025831782 98.66174768518519 2.5269519e-05 0.0139338635 7.1624876e-05 0.0067842803 63.52 

25 99.99999078910137 98.70967158564815 2.212787e-05 0.013323554 4.024384e-05 0.007000636 62.86 

26 99.99997236730411 98.75578703703704 2.1565194e-05 0.01291536 4.7637746e-05 0.0071435245 62.19 

27 99.99998157820274 98.7449363425926 1.9957779e-05 0.01303088 3.7135844e-05 0.006706512 61.49 

28 99.99991710191233 98.64818431712963 2.0239017e-05 0.01400212 5.28762e-05 0.0067672213 60.78 

29 99.99997236730411 98.66265190972223 1.8597411e-05 0.013770025 4.26373e-05 0.006699483 60.05 
