loading  /home/jasencakova/dataset/cells/priamy_kanal/sim_2xKSin1_DE_hct15_seed4_rigid31_7_from1204000cy/rbc0_sim_2xKSin1_DE_hct15_seed4_rigid31_7_from1204000cy.dat
shape =  (8, 1402)
1402
loading  /home/jasencakova/dataset/cells/priamy_kanal/sim_2xKSin1_DE_hct15_seed4_rigid31_7_from1204000cy/rbc1_sim_2xKSin1_DE_hct15_seed4_rigid31_7_from1204000cy.dat
shape =  (8, 1402)
1402
loading  /home/jasencakova/dataset/cells/priamy_kanal/sim_2xKSin1_DE_hct15_seed4_rigid31_7_from1204000cy/rbc2_sim_2xKSin1_DE_hct15_seed4_rigid31_7_from1204000cy.dat
shape =  (8, 1402)
1402
loading  /home/jasencakova/dataset/cells/priamy_kanal/sim_2xKSin1_DE_hct15_seed4_rigid31_7_from1204000cy/rbc3_sim_2xKSin1_DE_hct15_seed4_rigid31_7_from1204000cy.dat
shape =  (8, 1402)
1402
loading  /home/jasencakova/dataset/cells/priamy_kanal/sim_2xKSin1_DE_hct15_seed4_rigid31_7_from1204000cy/rbc4_sim_2xKSin1_DE_hct15_seed4_rigid31_7_from1204000cy.dat
shape =  (8, 1402)
1402
loading  /home/jasencakova/dataset/cells/priamy_kanal/sim_2xKSin1_DE_hct15_seed4_rigid31_7_from1204000cy/rbc5_sim_2xKSin1_DE_hct15_seed4_rigid31_7_from1204000cy.dat
shape =  (8, 1402)
1402
loading  /home/jasencakova/dataset/cells/priamy_kanal/sim_2xKSin1_DE_hct15_seed4_rigid31_7_from1204000cy/rbc6_sim_2xKSin1_DE_hct15_seed4_rigid31_7_from1204000cy.dat
shape =  (8, 1402)
1402
loading  /home/jasencakova/dataset/cells/priamy_kanal/sim_2xKSin1_DE_hct15_seed4_rigid31_7_from1204000cy/rbc7_sim_2xKSin1_DE_hct15_seed4_rigid31_7_from1204000cy.dat
shape =  (8, 1402)
1402
loading  /home/jasencakova/dataset/cells/priamy_kanal/sim_2xKSin1_DE_hct15_seed4_rigid31_7_from1204000cy/rbc8_sim_2xKSin1_DE_hct15_seed4_rigid31_7_from1204000cy.dat
shape =  (8, 1402)
1402
loading  /home/jasencakova/dataset/cells/priamy_kanal/sim_2xKSin1_DE_hct15_seed4_rigid31_7_from1204000cy/rbc9_sim_2xKSin1_DE_hct15_seed4_rigid31_7_from1204000cy.dat
shape =  (8, 1402)
1402
loading  /home/jasencakova/dataset/cells/priamy_kanal/sim_2xKSin1_DE_hct15_seed4_rigid31_7_from1204000cy/rbc10_sim_2xKSin1_DE_hct15_seed4_rigid31_7_from1204000cy.dat
shape =  (8, 1402)
1402
loading  /home/jasencakova/dataset/cells/priamy_kanal/sim_2xKSin1_DE_hct15_seed4_rigid31_7_from1204000cy/rbc11_sim_2xKSin1_DE_hct15_seed4_rigid31_7_from1204000cy.dat
shape =  (8, 1402)
1402
loading  /home/jasencakova/dataset/cells/priamy_kanal/sim_2xKSin1_DE_hct15_seed4_rigid31_7_from1204000cy/rbc12_sim_2xKSin1_DE_hct15_seed4_rigid31_7_from1204000cy.dat
shape =  (8, 1402)
1402
loading  /home/jasencakova/dataset/cells/priamy_kanal/sim_2xKSin1_DE_hct15_seed4_rigid31_7_from1204000cy/rbc13_sim_2xKSin1_DE_hct15_seed4_rigid31_7_from1204000cy.dat
shape =  (8, 1402)
1402
loading  /home/jasencakova/dataset/cells/priamy_kanal/sim_2xKSin1_DE_hct15_seed4_rigid31_7_from1204000cy/rbc14_sim_2xKSin1_DE_hct15_seed4_rigid31_7_from1204000cy.dat
shape =  (8, 1402)
1402
loading  /home/jasencakova/dataset/cells/priamy_kanal/sim_2xKSin1_DE_hct15_seed4_rigid31_7_from1204000cy/rbc15_sim_2xKSin1_DE_hct15_seed4_rigid31_7_from1204000cy.dat
shape =  (8, 1402)
1402
loading  /home/jasencakova/dataset/cells/priamy_kanal/sim_2xKSin1_DE_hct15_seed4_rigid31_7_from1204000cy/rbc16_sim_2xKSin1_DE_hct15_seed4_rigid31_7_from1204000cy.dat
shape =  (8, 1402)
1402
loading  /home/jasencakova/dataset/cells/priamy_kanal/sim_2xKSin1_DE_hct15_seed4_rigid31_7_from1204000cy/rbc17_sim_2xKSin1_DE_hct15_seed4_rigid31_7_from1204000cy.dat
shape =  (8, 1402)
1402
loading  /home/jasencakova/dataset/cells/priamy_kanal/sim_2xKSin1_DE_hct15_seed4_rigid31_7_from1204000cy/rbc18_sim_2xKSin1_DE_hct15_seed4_rigid31_7_from1204000cy.dat
shape =  (8, 1402)
1402
loading  /home/jasencakova/dataset/cells/priamy_kanal/sim_2xKSin1_DE_hct15_seed4_rigid31_7_from1204000cy/rbc19_sim_2xKSin1_DE_hct15_seed4_rigid31_7_from1204000cy.dat
shape =  (8, 1402)
1402
loading  /home/jasencakova/dataset/cells/priamy_kanal/sim_2xKSin1_DE_hct15_seed4_rigid31_7_from1204000cy/rbc20_sim_2xKSin1_DE_hct15_seed4_rigid31_7_from1204000cy.dat
shape =  (8, 1402)
1402
loading  /home/jasencakova/dataset/cells/priamy_kanal/sim_2xKSin1_DE_hct15_seed4_rigid31_7_from1204000cy/rbc21_sim_2xKSin1_DE_hct15_seed4_rigid31_7_from1204000cy.dat
shape =  (8, 1402)
1402
loading  /home/jasencakova/dataset/cells/priamy_kanal/sim_2xKSin1_DE_hct15_seed4_rigid31_7_from1204000cy/rbc22_sim_2xKSin1_DE_hct15_seed4_rigid31_7_from1204000cy.dat
shape =  (8, 1402)
1402
loading  /home/jasencakova/dataset/cells/priamy_kanal/sim_2xKSin1_DE_hct15_seed4_rigid31_7_from1204000cy/rbc23_sim_2xKSin1_DE_hct15_seed4_rigid31_7_from1204000cy.dat
shape =  (8, 1402)
1402
loading  /home/jasencakova/dataset/cells/priamy_kanal/sim_2xKSin1_DE_hct15_seed4_rigid31_7_from1204000cy/rbc24_sim_2xKSin1_DE_hct15_seed4_rigid31_7_from1204000cy.dat
shape =  (8, 1402)
1402
loading  /home/jasencakova/dataset/cells/priamy_kanal/sim_2xKSin1_DE_hct15_seed4_rigid31_7_from1204000cy/rbc25_sim_2xKSin1_DE_hct15_seed4_rigid31_7_from1204000cy.dat
shape =  (8, 1402)
1402
loading  /home/jasencakova/dataset/cells/priamy_kanal/sim_2xKSin1_DE_hct15_seed4_rigid31_7_from1204000cy/rbc26_sim_2xKSin1_DE_hct15_seed4_rigid31_7_from1204000cy.dat
shape =  (8, 1402)
1402
loading  /home/jasencakova/dataset/cells/priamy_kanal/sim_2xKSin1_DE_hct15_seed4_rigid31_7_from1204000cy/rbc27_sim_2xKSin1_DE_hct15_seed4_rigid31_7_from1204000cy.dat
shape =  (8, 1402)
1402
loading  /home/jasencakova/dataset/cells/priamy_kanal/sim_2xKSin1_DE_hct15_seed4_rigid31_7_from1204000cy/rbc28_sim_2xKSin1_DE_hct15_seed4_rigid31_7_from1204000cy.dat
shape =  (8, 1402)
1402
loading  /home/jasencakova/dataset/cells/priamy_kanal/sim_2xKSin1_DE_hct15_seed4_rigid31_7_from1204000cy/rbc29_sim_2xKSin1_DE_hct15_seed4_rigid31_7_from1204000cy.dat
shape =  (8, 1402)
1402
loading  /home/jasencakova/dataset/cells/priamy_kanal/sim_2xKSin1_DE_hct15_seed4_rigid31_7_from1204000cy/rbc30_sim_2xKSin1_DE_hct15_seed4_rigid31_7_from1204000cy.dat
shape =  (8, 1402)
1402
loading  /home/jasencakova/dataset/cells/priamy_kanal/sim_2xKSin1_DE_hct15_seed4_rigid31_7_from1204000cy/rbc31_sim_2xKSin1_DE_hct15_seed4_rigid31_7_from1204000cy.dat
shape =  (8, 1402)
1402
loading  /home/jasencakova/dataset/cells/priamy_kanal/sim_2xKSin1_DE_hct15_seed4_rigid31_7_from1204000cy/rbc32_sim_2xKSin1_DE_hct15_seed4_rigid31_7_from1204000cy.dat
shape =  (8, 1402)
1402
loading  /home/jasencakova/dataset/cells/priamy_kanal/sim_2xKSin1_DE_hct15_seed4_rigid31_7_from1204000cy/rbc33_sim_2xKSin1_DE_hct15_seed4_rigid31_7_from1204000cy.dat
shape =  (8, 1402)
1402
loading  /home/jasencakova/dataset/cells/priamy_kanal/sim_2xKSin1_DE_hct15_seed4_rigid31_7_from1204000cy/rbc34_sim_2xKSin1_DE_hct15_seed4_rigid31_7_from1204000cy.dat
shape =  (8, 1402)
1402
loading  /home/jasencakova/dataset/cells/priamy_kanal/sim_2xKSin1_DE_hct15_seed4_rigid31_7_from1204000cy/rbc35_sim_2xKSin1_DE_hct15_seed4_rigid31_7_from1204000cy.dat
shape =  (8, 1402)
1402
loading  /home/jasencakova/dataset/cells/priamy_kanal/sim_2xKSin1_DE_hct15_seed4_rigid31_7_from1204000cy/rbc36_sim_2xKSin1_DE_hct15_seed4_rigid31_7_from1204000cy.dat
shape =  (8, 1402)
1402
loading  /home/jasencakova/dataset/cells/priamy_kanal/sim_2xKSin1_DE_hct15_seed4_rigid31_7_from1204000cy/rbc37_sim_2xKSin1_DE_hct15_seed4_rigid31_7_from1204000cy.dat
shape =  (8, 1402)
1402
loading  /home/jasencakova/dataset/cells/priamy_kanal/sim_2xKSin1_DE_hct15_seed4_rigid31_7_from1204000cy/rbc38_sim_2xKSin1_DE_hct15_seed4_rigid31_7_from1204000cy.dat
shape =  (8, 1402)
1402
loading  /home/jasencakova/dataset/cells/priamy_kanal/sim_2xKSin1_DE_hct15_seed4_rigid31_7_from1204000cy/rbc39_sim_2xKSin1_DE_hct15_seed4_rigid31_7_from1204000cy.dat
shape =  (8, 1402)
1402
loading  /home/jasencakova/dataset/cells/priamy_kanal/sim_2xKSin1_DE_hct15_seed4_rigid31_7_from1204000cy/rbc40_sim_2xKSin1_DE_hct15_seed4_rigid31_7_from1204000cy.dat
shape =  (8, 1402)
1402
loading  /home/jasencakova/dataset/cells/priamy_kanal/sim_2xKSin1_DE_hct15_seed4_rigid31_7_from1204000cy/rbc41_sim_2xKSin1_DE_hct15_seed4_rigid31_7_from1204000cy.dat
shape =  (8, 1402)
1402
loading  /home/jasencakova/dataset/cells/priamy_kanal/sim_2xKSin1_DE_hct15_seed4_rigid31_7_from1204000cy/rbc42_sim_2xKSin1_DE_hct15_seed4_rigid31_7_from1204000cy.dat
shape =  (8, 1402)
1402
loading  /home/jasencakova/dataset/cells/priamy_kanal/sim_2xKSin1_DE_hct15_seed4_rigid31_7_from1204000cy/rbc43_sim_2xKSin1_DE_hct15_seed4_rigid31_7_from1204000cy.dat
shape =  (8, 1402)
1402
loading  /home/jasencakova/dataset/cells/priamy_kanal/sim_2xKSin1_DE_hct15_seed4_rigid31_7_from1204000cy/rbc44_sim_2xKSin1_DE_hct15_seed4_rigid31_7_from1204000cy.dat
shape =  (8, 1402)
1402
loading  /home/jasencakova/dataset/cells/priamy_kanal/sim_2xKSin1_DE_hct15_seed4_rigid31_7_from1204000cy/rbc45_sim_2xKSin1_DE_hct15_seed4_rigid31_7_from1204000cy.dat
shape =  (8, 1402)
1402
loading  /home/jasencakova/dataset/cells/priamy_kanal/sim_2xKSin1_DE_hct15_seed4_rigid31_7_from1204000cy/rbc46_sim_2xKSin1_DE_hct15_seed4_rigid31_7_from1204000cy.dat
shape =  (8, 1402)
1402
loading  /home/jasencakova/dataset/cells/priamy_kanal/sim_2xKSin1_DE_hct15_seed4_rigid31_7_from1204000cy/rbc47_sim_2xKSin1_DE_hct15_seed4_rigid31_7_from1204000cy.dat
shape =  (8, 1402)
1402
loading  /home/jasencakova/dataset/cells/priamy_kanal/sim_2xKSin1_DE_hct15_seed4_rigid31_7_from1204000cy/rbc48_sim_2xKSin1_DE_hct15_seed4_rigid31_7_from1204000cy.dat
shape =  (8, 1402)
1402
loading  /home/jasencakova/dataset/cells/priamy_kanal/sim_2xKSin1_DE_hct15_seed4_rigid31_7_from1204000cy/rbc49_sim_2xKSin1_DE_hct15_seed4_rigid31_7_from1204000cy.dat
shape =  (8, 1402)
1402
loading  /home/jasencakova/dataset/cells/priamy_kanal/sim_2xKSin1_DE_hct15_seed4_rigid31_7_from1204000cy/rbc50_sim_2xKSin1_DE_hct15_seed4_rigid31_7_from1204000cy.dat
shape =  (8, 1402)
1402
loading  /home/jasencakova/dataset/cells/priamy_kanal/sim_2xKSin1_DE_hct15_seed4_rigid31_7_from1204000cy/rbc51_sim_2xKSin1_DE_hct15_seed4_rigid31_7_from1204000cy.dat
shape =  (8, 1402)
1402
loading  /home/jasencakova/dataset/cells/priamy_kanal/sim_2xKSin1_DE_hct15_seed4_rigid31_7_from1204000cy/rbc52_sim_2xKSin1_DE_hct15_seed4_rigid31_7_from1204000cy.dat
shape =  (8, 1402)
1402
loading  /home/jasencakova/dataset/cells/priamy_kanal/sim_2xKSin1_DE_hct15_seed4_rigid31_7_from1204000cy/rbc53_sim_2xKSin1_DE_hct15_seed4_rigid31_7_from1204000cy.dat
shape =  (8, 1402)
1402
loading  /home/jasencakova/dataset/cells/priamy_kanal/sim_2xKSin1_DE_hct15_seed4_rigid31_7_from1204000cy/rbc54_sim_2xKSin1_DE_hct15_seed4_rigid31_7_from1204000cy.dat
shape =  (8, 1402)
1402
loading  /home/jasencakova/dataset/cells/priamy_kanal/sim_2xKSin1_DE_hct15_seed4_rigid31_7_from1204000cy/rbc55_sim_2xKSin1_DE_hct15_seed4_rigid31_7_from1204000cy.dat
shape =  (8, 1402)
1402
loading  /home/jasencakova/dataset/cells/priamy_kanal/sim_2xKSin1_DE_hct15_seed4_rigid31_7_from1204000cy/rbc56_sim_2xKSin1_DE_hct15_seed4_rigid31_7_from1204000cy.dat
shape =  (8, 1402)
1402
loading  /home/jasencakova/dataset/cells/priamy_kanal/sim_2xKSin1_DE_hct15_seed4_rigid31_7_from1204000cy/rbc57_sim_2xKSin1_DE_hct15_seed4_rigid31_7_from1204000cy.dat
shape =  (8, 1402)
1402
loading  /home/jasencakova/dataset/cells/priamy_kanal/sim_2xKSin1_DE_hct15_seed4_rigid31_7_from1204000cy/rbc58_sim_2xKSin1_DE_hct15_seed4_rigid31_7_from1204000cy.dat
shape =  (8, 1402)
1402
loading  /home/jasencakova/dataset/cells/priamy_kanal/sim_2xKSin1_DE_hct15_seed4_rigid31_7_from1204000cy/rbc59_sim_2xKSin1_DE_hct15_seed4_rigid31_7_from1204000cy.dat
shape =  (8, 1402)
1402
loading  /home/jasencakova/dataset/cells/priamy_kanal/sim_2xKSin1_DE_hct15_seed4_rigid31_7_from1204000cy/rbc60_sim_2xKSin1_DE_hct15_seed4_rigid31_7_from1204000cy.dat
shape =  (8, 1402)
1402
loading  /home/jasencakova/dataset/cells/priamy_kanal/sim_2xKSin1_DE_hct15_seed4_rigid31_7_from1204000cy/rbc61_sim_2xKSin1_DE_hct15_seed4_rigid31_7_from1204000cy.dat
shape =  (8, 1402)
1402
loading  /home/jasencakova/dataset/cells/priamy_kanal/sim_2xKSin1_DE_hct15_seed4_rigid31_7_from1204000cy/rbc62_sim_2xKSin1_DE_hct15_seed4_rigid31_7_from1204000cy.dat
shape =  (8, 1402)
1402
loading  /home/jasencakova/dataset/cells/priamy_kanal/sim_2xKSin1_DE_hct15_seed4_rigid31_7_from1204000cy/rbc63_sim_2xKSin1_DE_hct15_seed4_rigid31_7_from1204000cy.dat
shape =  (8, 1402)
1402
loading  /home/jasencakova/dataset/cells/priamy_kanal/sim_2xKSin1_DE_hct15_seed4_rigid31_7_from1204000cy/rbc64_sim_2xKSin1_DE_hct15_seed4_rigid31_7_from1204000cy.dat
shape =  (8, 1402)
1402
loading  /home/jasencakova/dataset/cells/priamy_kanal/sim_2xKSin1_DE_hct15_seed4_rigid31_7_from1204000cy/rbc65_sim_2xKSin1_DE_hct15_seed4_rigid31_7_from1204000cy.dat
shape =  (8, 1402)
1402
loading  /home/jasencakova/dataset/cells/priamy_kanal/sim_2xKSin1_DE_hct15_seed4_rigid31_7_from1204000cy/rbc66_sim_2xKSin1_DE_hct15_seed4_rigid31_7_from1204000cy.dat
shape =  (8, 1402)
1402
loading  /home/jasencakova/dataset/cells/priamy_kanal/sim_2xKSin1_DE_hct15_seed4_rigid31_7_from1204000cy/rbc67_sim_2xKSin1_DE_hct15_seed4_rigid31_7_from1204000cy.dat
shape =  (8, 1402)
1402
loading  /home/jasencakova/dataset/cells/priamy_kanal/sim_2xKSin1_DE_hct15_seed4_rigid31_7_from1204000cy/rbc68_sim_2xKSin1_DE_hct15_seed4_rigid31_7_from1204000cy.dat
shape =  (8, 1402)
1402
loading  /home/jasencakova/dataset/cells/priamy_kanal/sim_2xKSin1_DE_hct15_seed4_rigid31_7_from1204000cy/rbc69_sim_2xKSin1_DE_hct15_seed4_rigid31_7_from1204000cy.dat
shape =  (8, 1402)
1402
loading  /home/jasencakova/dataset/cells/priamy_kanal/sim_2xKSin1_DE_hct15_seed4_rigid31_7_from1204000cy/rbc70_sim_2xKSin1_DE_hct15_seed4_rigid31_7_from1204000cy.dat
shape =  (8, 1402)
1402
loading  /home/jasencakova/dataset/cells/priamy_kanal/sim_2xKSin1_DE_hct15_seed4_rigid31_7_from1204000cy/rbc71_sim_2xKSin1_DE_hct15_seed4_rigid31_7_from1204000cy.dat
shape =  (8, 1402)
1402
loading  /home/jasencakova/dataset/cells/priamy_kanal/sim_2xKSin1_DE_hct15_seed4_rigid31_7_from1204000cy/rbc72_sim_2xKSin1_DE_hct15_seed4_rigid31_7_from1204000cy.dat
shape =  (8, 1402)
1402
loading  /home/jasencakova/dataset/cells/priamy_kanal/sim_2xKSin1_DE_hct15_seed4_rigid31_7_from1204000cy/rbc73_sim_2xKSin1_DE_hct15_seed4_rigid31_7_from1204000cy.dat
shape =  (8, 1402)
1402
loading  /home/jasencakova/dataset/cells/priamy_kanal/sim_2xKSin1_DE_hct15_seed4_rigid31_7_from1204000cy/rbc74_sim_2xKSin1_DE_hct15_seed4_rigid31_7_from1204000cy.dat
shape =  (8, 1402)
1402
loading  /home/jasencakova/dataset/cells/priamy_kanal/sim_2xKSin1_DE_hct15_seed4_rigid31_7_from1204000cy/rbc75_sim_2xKSin1_DE_hct15_seed4_rigid31_7_from1204000cy.dat
shape =  (8, 1402)
1402
loading  /home/jasencakova/dataset/cells/priamy_kanal/sim_2xKSin1_DE_hct15_seed4_rigid31_7_from1204000cy/rbc76_sim_2xKSin1_DE_hct15_seed4_rigid31_7_from1204000cy.dat
shape =  (8, 1402)
1402
loading  /home/jasencakova/dataset/cells/priamy_kanal/sim_2xKSin1_DE_hct15_seed4_rigid31_7_from1204000cy/rbc77_sim_2xKSin1_DE_hct15_seed4_rigid31_7_from1204000cy.dat
shape =  (8, 1402)
1402
loading  /home/jasencakova/dataset/cells/priamy_kanal/sim_2xKSin1_DE_hct15_seed4_rigid31_7_from1204000cy/rbc78_sim_2xKSin1_DE_hct15_seed4_rigid31_7_from1204000cy.dat
shape =  (8, 1402)
1402
loading  /home/jasencakova/dataset/cells/priamy_kanal/sim_2xKSin1_DE_hct15_seed4_rigid31_7_from1204000cy/rbc79_sim_2xKSin1_DE_hct15_seed4_rigid31_7_from1204000cy.dat
shape =  (8, 1402)
1402
loading  /home/jasencakova/dataset/cells/priamy_kanal/sim_2xKSin1_DE_hct15_seed4_rigid31_7_from1204000cy/rbc80_sim_2xKSin1_DE_hct15_seed4_rigid31_7_from1204000cy.dat
shape =  (8, 1402)
1402
loading  /home/jasencakova/dataset/cells/priamy_kanal/sim_2xKSin1_DE_hct15_seed4_rigid31_7_from1204000cy/rbc81_sim_2xKSin1_DE_hct15_seed4_rigid31_7_from1204000cy.dat
shape =  (8, 1402)
1402
loading  /home/jasencakova/dataset/cells/priamy_kanal/sim_2xKSin1_DE_hct15_seed4_rigid31_7_from1204000cy/rbc82_sim_2xKSin1_DE_hct15_seed4_rigid31_7_from1204000cy.dat
shape =  (8, 1402)
1402
loading  /home/jasencakova/dataset/cells/priamy_kanal/sim_2xKSin1_DE_hct15_seed4_rigid31_7_from1204000cy/rbc83_sim_2xKSin1_DE_hct15_seed4_rigid31_7_from1204000cy.dat
shape =  (8, 1402)
1402
loading  /home/jasencakova/dataset/cells/priamy_kanal/sim_2xKSin1_DE_hct15_seed4_rigid31_7_from1204000cy/rbc84_sim_2xKSin1_DE_hct15_seed4_rigid31_7_from1204000cy.dat
shape =  (8, 1402)
1402
loading  /home/jasencakova/dataset/cells/priamy_kanal/sim_2xKSin1_DE_hct15_seed4_rigid31_7_from1204000cy/rbc85_sim_2xKSin1_DE_hct15_seed4_rigid31_7_from1204000cy.dat
shape =  (8, 1402)
1402
loading  /home/jasencakova/dataset/cells/priamy_kanal/sim_2xKSin1_DE_hct15_seed4_rigid31_7_from1204000cy/rbc86_sim_2xKSin1_DE_hct15_seed4_rigid31_7_from1204000cy.dat
shape =  (8, 1402)
1402
loading  /home/jasencakova/dataset/cells/priamy_kanal/sim_2xKSin1_DE_hct15_seed4_rigid31_7_from1204000cy/rbc87_sim_2xKSin1_DE_hct15_seed4_rigid31_7_from1204000cy.dat
shape =  (8, 1402)
1402
loading  /home/jasencakova/dataset/cells/priamy_kanal/sim_2xKSin1_DE_hct15_seed4_rigid31_7_from1204000cy/rbc88_sim_2xKSin1_DE_hct15_seed4_rigid31_7_from1204000cy.dat
shape =  (8, 1402)
1402
loading  /home/jasencakova/dataset/cells/priamy_kanal/sim_2xKSin1_DE_hct15_seed4_rigid31_7_from1204000cy/rbc89_sim_2xKSin1_DE_hct15_seed4_rigid31_7_from1204000cy.dat
shape =  (8, 1402)
1402
loading  /home/jasencakova/dataset/cells/priamy_kanal/sim_2xKSin1_DE_hct15_seed4_rigid31_7_from1204000cy/rbc90_sim_2xKSin1_DE_hct15_seed4_rigid31_7_from1204000cy.dat
shape =  (8, 1402)
1402
loading  /home/jasencakova/dataset/cells/priamy_kanal/sim_2xKSin1_DE_hct15_seed4_rigid31_7_from1204000cy/rbc91_sim_2xKSin1_DE_hct15_seed4_rigid31_7_from1204000cy.dat
shape =  (8, 1402)
1402
loading  /home/jasencakova/dataset/cells/priamy_kanal/sim_2xKSin1_DE_hct15_seed4_rigid31_7_from1204000cy/rbc92_sim_2xKSin1_DE_hct15_seed4_rigid31_7_from1204000cy.dat
shape =  (8, 1402)
1402
loading  /home/jasencakova/dataset/cells/priamy_kanal/sim_2xKSin1_DE_hct15_seed4_rigid31_7_from1204000cy/rbc93_sim_2xKSin1_DE_hct15_seed4_rigid31_7_from1204000cy.dat
shape =  (8, 1402)
1402
loading  /home/jasencakova/dataset/cells/priamy_kanal/sim_2xKSin1_DE_hct15_seed4_rigid31_7_from1204000cy/rbc94_sim_2xKSin1_DE_hct15_seed4_rigid31_7_from1204000cy.dat
shape =  (8, 1402)
1402
loading  /home/jasencakova/dataset/cells/priamy_kanal/sim_2xKSin1_DE_hct15_seed4_rigid31_7_from1204000cy/rbc95_sim_2xKSin1_DE_hct15_seed4_rigid31_7_from1204000cy.dat
shape =  (8, 1402)
1402
loading  /home/jasencakova/dataset/cells/priamy_kanal/sim_2xKSin1_DE_hct15_seed4_rigid31_7_from1204000cy/rbc96_sim_2xKSin1_DE_hct15_seed4_rigid31_7_from1204000cy.dat
shape =  (8, 1402)
1402
loading  /home/jasencakova/dataset/cells/priamy_kanal/sim_2xKSin1_DE_hct15_seed4_rigid31_7_from1204000cy/rbc97_sim_2xKSin1_DE_hct15_seed4_rigid31_7_from1204000cy.dat
shape =  (8, 1402)
1402
loading  /home/jasencakova/dataset/cells/priamy_kanal/sim_2xKSin1_DE_hct15_seed4_rigid31_7_from1204000cy/rbc98_sim_2xKSin1_DE_hct15_seed4_rigid31_7_from1204000cy.dat
shape =  (8, 1402)
1402
loading  /home/jasencakova/dataset/cells/priamy_kanal/sim_2xKSin1_DE_hct15_seed4_rigid31_7_from1204000cy/rbc99_sim_2xKSin1_DE_hct15_seed4_rigid31_7_from1204000cy.dat
shape =  (8, 1402)
1402
loading  /home/jasencakova/dataset/cells/priamy_kanal/sim_2xKSin1_DE_hct15_seed4_rigid31_7_from1204000cy/rbc100_sim_2xKSin1_DE_hct15_seed4_rigid31_7_from1204000cy.dat
shape =  (8, 1402)
1402
loading  /home/jasencakova/dataset/cells/priamy_kanal/sim_2xKSin1_DE_hct15_seed4_rigid31_7_from1204000cy/rbc101_sim_2xKSin1_DE_hct15_seed4_rigid31_7_from1204000cy.dat
shape =  (8, 1402)
1402
loading  /home/jasencakova/dataset/cells/priamy_kanal/sim_2xKSin1_DE_hct15_seed4_rigid31_7_from1204000cy/rbc102_sim_2xKSin1_DE_hct15_seed4_rigid31_7_from1204000cy.dat
shape =  (8, 1402)
1402
loading  /home/jasencakova/dataset/cells/priamy_kanal/sim_2xKSin1_DE_hct15_seed4_rigid31_7_from1204000cy/rbc103_sim_2xKSin1_DE_hct15_seed4_rigid31_7_from1204000cy.dat
shape =  (8, 1402)
1402
loading  /home/jasencakova/dataset/cells/priamy_kanal/sim_2xKSin1_DE_hct15_seed4_rigid31_7_from1204000cy/rbc104_sim_2xKSin1_DE_hct15_seed4_rigid31_7_from1204000cy.dat
shape =  (8, 1402)
1402
loading  /home/jasencakova/dataset/cells/priamy_kanal/sim_2xKSin1_DE_hct15_seed4_rigid31_7_from1204000cy/rbc105_sim_2xKSin1_DE_hct15_seed4_rigid31_7_from1204000cy.dat
shape =  (8, 1402)
1402
loading  /home/jasencakova/dataset/cells/priamy_kanal/sim_2xKSin1_DE_hct15_seed4_rigid31_7_from1204000cy/rbc106_sim_2xKSin1_DE_hct15_seed4_rigid31_7_from1204000cy.dat
shape =  (8, 1402)
1402
loading  /home/jasencakova/dataset/cells/priamy_kanal/sim_2xKSin1_DE_hct15_seed4_rigid31_7_from1204000cy/rbc107_sim_2xKSin1_DE_hct15_seed4_rigid31_7_from1204000cy.dat
shape =  (8, 1402)
1402
loading  /home/jasencakova/dataset/cells/priamy_kanal/sim_2xKSin1_DE_hct15_seed4_rigid31_7_from1204000cy/rbc108_sim_2xKSin1_DE_hct15_seed4_rigid31_7_from1204000cy.dat
shape =  (8, 1402)
1402
loading  /home/jasencakova/dataset/cells/priamy_kanal/sim_2xKSin1_DE_hct15_seed4_rigid31_7_from1204000cy/rbc109_sim_2xKSin1_DE_hct15_seed4_rigid31_7_from1204000cy.dat
shape =  (8, 1402)
1402
loading  /home/jasencakova/dataset/cells/priamy_kanal/sim_2xKSin1_DE_hct15_seed4_rigid31_7_from1204000cy/rbc110_sim_2xKSin1_DE_hct15_seed4_rigid31_7_from1204000cy.dat
shape =  (8, 1402)
1402
loading  /home/jasencakova/dataset/cells/priamy_kanal/sim_2xKSin1_DE_hct15_seed4_rigid31_7_from1204000cy/rbc111_sim_2xKSin1_DE_hct15_seed4_rigid31_7_from1204000cy.dat
shape =  (8, 1402)
1402
loading  /home/jasencakova/dataset/cells/priamy_kanal/sim_2xKSin1_DE_hct15_seed4_rigid31_7_from1204000cy/rbc112_sim_2xKSin1_DE_hct15_seed4_rigid31_7_from1204000cy.dat
shape =  (8, 1402)
1402
loading  /home/jasencakova/dataset/cells/priamy_kanal/sim_2xKSin1_DE_hct15_seed4_rigid31_7_from1204000cy/rbc113_sim_2xKSin1_DE_hct15_seed4_rigid31_7_from1204000cy.dat
shape =  (8, 1402)
1402
loading  /home/jasencakova/dataset/cells/priamy_kanal/sim_2xKSin1_DE_hct15_seed4_rigid31_7_from1204000cy/rbc114_sim_2xKSin1_DE_hct15_seed4_rigid31_7_from1204000cy.dat
shape =  (8, 1402)
1402
loading  /home/jasencakova/dataset/cells/priamy_kanal/sim_2xKSin1_DE_hct15_seed4_rigid31_7_from1204000cy/rbc115_sim_2xKSin1_DE_hct15_seed4_rigid31_7_from1204000cy.dat
shape =  (8, 1402)
1402
loading  /home/jasencakova/dataset/cells/priamy_kanal/sim_2xKSin1_DE_hct15_seed4_rigid31_7_from1204000cy/rbc116_sim_2xKSin1_DE_hct15_seed4_rigid31_7_from1204000cy.dat
shape =  (8, 1402)
1402
loading  /home/jasencakova/dataset/cells/priamy_kanal/sim_2xKSin1_DE_hct15_seed4_rigid31_7_from1204000cy/rbc117_sim_2xKSin1_DE_hct15_seed4_rigid31_7_from1204000cy.dat
shape =  (8, 1402)
1402
loading  /home/jasencakova/dataset/cells/priamy_kanal/sim_2xKSin1_DE_hct15_seed4_rigid31_7_from1204000cy/rbc118_sim_2xKSin1_DE_hct15_seed4_rigid31_7_from1204000cy.dat
shape =  (8, 1402)
1402
loading  /home/jasencakova/dataset/cells/priamy_kanal/sim_2xKSin1_DE_hct15_seed4_rigid31_7_from1204000cy/rbc119_sim_2xKSin1_DE_hct15_seed4_rigid31_7_from1204000cy.dat
shape =  (8, 1402)
1402
loading  /home/jasencakova/dataset/cells/priamy_kanal/sim_2xKSin1_DE_hct15_seed4_rigid31_7_from1204000cy/rbc120_sim_2xKSin1_DE_hct15_seed4_rigid31_7_from1204000cy.dat
shape =  (8, 1402)
1402
loading  /home/jasencakova/dataset/cells/priamy_kanal/sim_2xKSin1_DE_hct15_seed4_rigid31_7_from1204000cy/rbc121_sim_2xKSin1_DE_hct15_seed4_rigid31_7_from1204000cy.dat
shape =  (8, 1402)
1402
loading  /home/jasencakova/dataset/cells/priamy_kanal/sim_2xKSin1_DE_hct15_seed4_rigid31_7_from1204000cy/rbc122_sim_2xKSin1_DE_hct15_seed4_rigid31_7_from1204000cy.dat
shape =  (8, 1402)
1402
loading  /home/jasencakova/dataset/cells/priamy_kanal/sim_2xKSin1_DE_hct15_seed4_rigid31_7_from1204000cy/rbc123_sim_2xKSin1_DE_hct15_seed4_rigid31_7_from1204000cy.dat
shape =  (8, 1402)
1402
loading  /home/jasencakova/dataset/cells/priamy_kanal/sim_2xKSin1_DE_hct15_seed4_rigid31_7_from1204000cy/rbc124_sim_2xKSin1_DE_hct15_seed4_rigid31_7_from1204000cy.dat
shape =  (8, 1402)
1402
loading  /home/jasencakova/dataset/cells/priamy_kanal/sim_2xKSin1_DE_hct15_seed4_rigid31_7_from1204000cy/rbc125_sim_2xKSin1_DE_hct15_seed4_rigid31_7_from1204000cy.dat
shape =  (8, 1402)
1402
loading  /home/jasencakova/dataset/cells/priamy_kanal/sim_2xKSin1_DE_hct15_seed4_rigid31_7_from1204000cy/rbc126_sim_2xKSin1_DE_hct15_seed4_rigid31_7_from1204000cy.dat
shape =  (8, 1402)
1402
loading  /home/jasencakova/dataset/cells/priamy_kanal/sim_2xKSin1_DE_hct15_seed4_rigid31_7_from1204000cy/rbc127_sim_2xKSin1_DE_hct15_seed4_rigid31_7_from1204000cy.dat
shape =  (8, 1402)
1402
loading  /home/jasencakova/dataset/cells/priamy_kanal/sim_2xKSin1_DE_hct15_seed4_rigid31_7_from1204000cy/rbc128_sim_2xKSin1_DE_hct15_seed4_rigid31_7_from1204000cy.dat
shape =  (8, 1402)
1402
loading  /home/jasencakova/dataset/cells/priamy_kanal/sim_2xKSin1_DE_hct15_seed4_rigid31_7_from1204000cy/rbc129_sim_2xKSin1_DE_hct15_seed4_rigid31_7_from1204000cy.dat
shape =  (8, 1402)
1402
loading  /home/jasencakova/dataset/cells/priamy_kanal/sim_2xKSin1_DE_hct15_seed4_rigid31_7_from1204000cy/rbc130_sim_2xKSin1_DE_hct15_seed4_rigid31_7_from1204000cy.dat
shape =  (8, 1402)
1402
loading  /home/jasencakova/dataset/cells/priamy_kanal/sim_2xKSin1_DE_hct15_seed4_rigid31_7_from1204000cy/rbc131_sim_2xKSin1_DE_hct15_seed4_rigid31_7_from1204000cy.dat
shape =  (8, 1402)
1402
loading  /home/jasencakova/dataset/cells/priamy_kanal/sim_2xKSin1_DE_hct15_seed4_rigid31_7_from1204000cy/rbc132_sim_2xKSin1_DE_hct15_seed4_rigid31_7_from1204000cy.dat
shape =  (8, 1402)
1402
loading  /home/jasencakova/dataset/cells/priamy_kanal/sim_2xKSin1_DE_hct15_seed4_rigid31_7_from1204000cy/rbc133_sim_2xKSin1_DE_hct15_seed4_rigid31_7_from1204000cy.dat
shape =  (8, 1402)
1402
loading  /home/jasencakova/dataset/cells/priamy_kanal/sim_2xKSin1_DE_hct15_seed4_rigid31_7_from1204000cy/rbc134_sim_2xKSin1_DE_hct15_seed4_rigid31_7_from1204000cy.dat
shape =  (8, 1402)
1402
loading  /home/jasencakova/dataset/cells/priamy_kanal/sim_2xKSin1_DE_hct15_seed4_rigid31_7_from1204000cy/rbc135_sim_2xKSin1_DE_hct15_seed4_rigid31_7_from1204000cy.dat
shape =  (8, 1402)
1402
loading  /home/jasencakova/dataset/cells/priamy_kanal/sim_2xKSin1_DE_hct15_seed4_rigid31_7_from1204000cy/rbc136_sim_2xKSin1_DE_hct15_seed4_rigid31_7_from1204000cy.dat
shape =  (8, 1402)
1402
loading  /home/jasencakova/dataset/cells/priamy_kanal/sim_2xKSin1_DE_hct15_seed4_rigid31_7_from1204000cy/rbc137_sim_2xKSin1_DE_hct15_seed4_rigid31_7_from1204000cy.dat
shape =  (8, 1402)
1402
loading  /home/jasencakova/dataset/cells/priamy_kanal/sim_2xKSin1_DE_hct15_seed4_rigid31_7_from1204000cy/rbc138_sim_2xKSin1_DE_hct15_seed4_rigid31_7_from1204000cy.dat
shape =  (8, 1402)
1402
loading  /home/jasencakova/dataset/cells/priamy_kanal/sim_2xKSin1_DE_hct15_seed4_rigid31_7_from1204000cy/rbc139_sim_2xKSin1_DE_hct15_seed4_rigid31_7_from1204000cy.dat
shape =  (8, 1402)
1402
loading  /home/jasencakova/dataset/cells/priamy_kanal/sim_2xKSin1_DE_hct15_seed4_rigid31_7_from1204000cy/rbc140_sim_2xKSin1_DE_hct15_seed4_rigid31_7_from1204000cy.dat
shape =  (8, 1402)
1402
loading  /home/jasencakova/dataset/cells/priamy_kanal/sim_2xKSin1_DE_hct15_seed4_rigid31_7_from1204000cy/rbc141_sim_2xKSin1_DE_hct15_seed4_rigid31_7_from1204000cy.dat
shape =  (8, 1402)
1402
loading  /home/jasencakova/dataset/cells/priamy_kanal/sim_2xKSin1_DE_hct15_seed4_rigid31_7_from1204000cy/rbc142_sim_2xKSin1_DE_hct15_seed4_rigid31_7_from1204000cy.dat
shape =  (8, 1402)
1402
loading  /home/jasencakova/dataset/cells/priamy_kanal/sim_2xKSin1_DE_hct15_seed4_rigid31_7_from1204000cy/rbc143_sim_2xKSin1_DE_hct15_seed4_rigid31_7_from1204000cy.dat
shape =  (8, 1402)
1402
loading  /home/jasencakova/dataset/cells/priamy_kanal/sim_2xKSin1_DE_hct15_seed4_rigid31_7_from1204000cy/rbc144_sim_2xKSin1_DE_hct15_seed4_rigid31_7_from1204000cy.dat
shape =  (8, 1402)
1402
loading  /home/jasencakova/dataset/cells/priamy_kanal/sim_2xKSin1_DE_hct15_seed4_rigid31_7_from1204000cy/rbc145_sim_2xKSin1_DE_hct15_seed4_rigid31_7_from1204000cy.dat
shape =  (8, 1402)
1402
loading  /home/jasencakova/dataset/cells/priamy_kanal/sim_2xKSin1_DE_hct15_seed4_rigid31_7_from1204000cy/rbc146_sim_2xKSin1_DE_hct15_seed4_rigid31_7_from1204000cy.dat
shape =  (8, 1402)
1402
loading  /home/jasencakova/dataset/cells/priamy_kanal/sim_2xKSin1_DE_hct15_seed4_rigid31_7_from1204000cy/rbc147_sim_2xKSin1_DE_hct15_seed4_rigid31_7_from1204000cy.dat
shape =  (8, 1402)
1402
loading  /home/jasencakova/dataset/cells/priamy_kanal/sim_2xKSin1_DE_hct15_seed4_rigid31_7_from1204000cy/rbc148_sim_2xKSin1_DE_hct15_seed4_rigid31_7_from1204000cy.dat
shape =  (8, 1402)
1402
loading  /home/jasencakova/dataset/cells/priamy_kanal/sim_2xKSin1_DE_hct15_seed4_rigid31_7_from1204000cy/rbc149_sim_2xKSin1_DE_hct15_seed4_rigid31_7_from1204000cy.dat
shape =  (8, 1402)
1402
loading  /home/jasencakova/dataset/cells/priamy_kanal/sim_2xKSin1_DE_hct15_seed4_rigid31_7_from1204000cy/rbc150_sim_2xKSin1_DE_hct15_seed4_rigid31_7_from1204000cy.dat
shape =  (8, 1402)
1402
loading  /home/jasencakova/dataset/cells/priamy_kanal/sim_2xKSin1_DE_hct15_seed4_rigid31_7_from1204000cy/rbc151_sim_2xKSin1_DE_hct15_seed4_rigid31_7_from1204000cy.dat
shape =  (8, 1402)
1402
loading  /home/jasencakova/dataset/cells/priamy_kanal/sim_2xKSin1_DE_hct15_seed4_rigid31_7_from1204000cy/rbc152_sim_2xKSin1_DE_hct15_seed4_rigid31_7_from1204000cy.dat
shape =  (8, 1402)
1402
loading  /home/jasencakova/dataset/cells/priamy_kanal/sim_2xKSin1_DE_hct15_seed4_rigid31_7_from1204000cy/rbc153_sim_2xKSin1_DE_hct15_seed4_rigid31_7_from1204000cy.dat
shape =  (8, 1402)
1402
shortest_length =  1402
data_shape      =  (154, 1402, 8)



loading  /home/jasencakova/dataset/cells/priamy_kanal/sim_2xKSin1_DE_hct15_seed4_rigid31_7/rbc0_sim_2xKSin1_DE_hct15_seed4_rigid31_7.dat
shape =  (8, 603)
603
loading  /home/jasencakova/dataset/cells/priamy_kanal/sim_2xKSin1_DE_hct15_seed4_rigid31_7/rbc1_sim_2xKSin1_DE_hct15_seed4_rigid31_7.dat
shape =  (8, 603)
603
loading  /home/jasencakova/dataset/cells/priamy_kanal/sim_2xKSin1_DE_hct15_seed4_rigid31_7/rbc2_sim_2xKSin1_DE_hct15_seed4_rigid31_7.dat
shape =  (8, 603)
603
loading  /home/jasencakova/dataset/cells/priamy_kanal/sim_2xKSin1_DE_hct15_seed4_rigid31_7/rbc3_sim_2xKSin1_DE_hct15_seed4_rigid31_7.dat
shape =  (8, 603)
603
loading  /home/jasencakova/dataset/cells/priamy_kanal/sim_2xKSin1_DE_hct15_seed4_rigid31_7/rbc4_sim_2xKSin1_DE_hct15_seed4_rigid31_7.dat
shape =  (8, 603)
603
loading  /home/jasencakova/dataset/cells/priamy_kanal/sim_2xKSin1_DE_hct15_seed4_rigid31_7/rbc5_sim_2xKSin1_DE_hct15_seed4_rigid31_7.dat
shape =  (8, 603)
603
loading  /home/jasencakova/dataset/cells/priamy_kanal/sim_2xKSin1_DE_hct15_seed4_rigid31_7/rbc6_sim_2xKSin1_DE_hct15_seed4_rigid31_7.dat
shape =  (8, 603)
603
loading  /home/jasencakova/dataset/cells/priamy_kanal/sim_2xKSin1_DE_hct15_seed4_rigid31_7/rbc7_sim_2xKSin1_DE_hct15_seed4_rigid31_7.dat
shape =  (8, 603)
603
loading  /home/jasencakova/dataset/cells/priamy_kanal/sim_2xKSin1_DE_hct15_seed4_rigid31_7/rbc8_sim_2xKSin1_DE_hct15_seed4_rigid31_7.dat
shape =  (8, 603)
603
loading  /home/jasencakova/dataset/cells/priamy_kanal/sim_2xKSin1_DE_hct15_seed4_rigid31_7/rbc9_sim_2xKSin1_DE_hct15_seed4_rigid31_7.dat
shape =  (8, 603)
603
loading  /home/jasencakova/dataset/cells/priamy_kanal/sim_2xKSin1_DE_hct15_seed4_rigid31_7/rbc10_sim_2xKSin1_DE_hct15_seed4_rigid31_7.dat
shape =  (8, 603)
603
loading  /home/jasencakova/dataset/cells/priamy_kanal/sim_2xKSin1_DE_hct15_seed4_rigid31_7/rbc11_sim_2xKSin1_DE_hct15_seed4_rigid31_7.dat
shape =  (8, 603)
603
loading  /home/jasencakova/dataset/cells/priamy_kanal/sim_2xKSin1_DE_hct15_seed4_rigid31_7/rbc12_sim_2xKSin1_DE_hct15_seed4_rigid31_7.dat
shape =  (8, 603)
603
loading  /home/jasencakova/dataset/cells/priamy_kanal/sim_2xKSin1_DE_hct15_seed4_rigid31_7/rbc13_sim_2xKSin1_DE_hct15_seed4_rigid31_7.dat
shape =  (8, 603)
603
loading  /home/jasencakova/dataset/cells/priamy_kanal/sim_2xKSin1_DE_hct15_seed4_rigid31_7/rbc14_sim_2xKSin1_DE_hct15_seed4_rigid31_7.dat
shape =  (8, 603)
603
loading  /home/jasencakova/dataset/cells/priamy_kanal/sim_2xKSin1_DE_hct15_seed4_rigid31_7/rbc15_sim_2xKSin1_DE_hct15_seed4_rigid31_7.dat
shape =  (8, 603)
603
loading  /home/jasencakova/dataset/cells/priamy_kanal/sim_2xKSin1_DE_hct15_seed4_rigid31_7/rbc16_sim_2xKSin1_DE_hct15_seed4_rigid31_7.dat
shape =  (8, 603)
603
loading  /home/jasencakova/dataset/cells/priamy_kanal/sim_2xKSin1_DE_hct15_seed4_rigid31_7/rbc17_sim_2xKSin1_DE_hct15_seed4_rigid31_7.dat
shape =  (8, 603)
603
loading  /home/jasencakova/dataset/cells/priamy_kanal/sim_2xKSin1_DE_hct15_seed4_rigid31_7/rbc18_sim_2xKSin1_DE_hct15_seed4_rigid31_7.dat
shape =  (8, 603)
603
loading  /home/jasencakova/dataset/cells/priamy_kanal/sim_2xKSin1_DE_hct15_seed4_rigid31_7/rbc19_sim_2xKSin1_DE_hct15_seed4_rigid31_7.dat
shape =  (8, 603)
603
loading  /home/jasencakova/dataset/cells/priamy_kanal/sim_2xKSin1_DE_hct15_seed4_rigid31_7/rbc20_sim_2xKSin1_DE_hct15_seed4_rigid31_7.dat
shape =  (8, 603)
603
loading  /home/jasencakova/dataset/cells/priamy_kanal/sim_2xKSin1_DE_hct15_seed4_rigid31_7/rbc21_sim_2xKSin1_DE_hct15_seed4_rigid31_7.dat
shape =  (8, 603)
603
loading  /home/jasencakova/dataset/cells/priamy_kanal/sim_2xKSin1_DE_hct15_seed4_rigid31_7/rbc22_sim_2xKSin1_DE_hct15_seed4_rigid31_7.dat
shape =  (8, 603)
603
loading  /home/jasencakova/dataset/cells/priamy_kanal/sim_2xKSin1_DE_hct15_seed4_rigid31_7/rbc23_sim_2xKSin1_DE_hct15_seed4_rigid31_7.dat
shape =  (8, 603)
603
loading  /home/jasencakova/dataset/cells/priamy_kanal/sim_2xKSin1_DE_hct15_seed4_rigid31_7/rbc24_sim_2xKSin1_DE_hct15_seed4_rigid31_7.dat
shape =  (8, 603)
603
loading  /home/jasencakova/dataset/cells/priamy_kanal/sim_2xKSin1_DE_hct15_seed4_rigid31_7/rbc25_sim_2xKSin1_DE_hct15_seed4_rigid31_7.dat
shape =  (8, 603)
603
loading  /home/jasencakova/dataset/cells/priamy_kanal/sim_2xKSin1_DE_hct15_seed4_rigid31_7/rbc26_sim_2xKSin1_DE_hct15_seed4_rigid31_7.dat
shape =  (8, 603)
603
loading  /home/jasencakova/dataset/cells/priamy_kanal/sim_2xKSin1_DE_hct15_seed4_rigid31_7/rbc27_sim_2xKSin1_DE_hct15_seed4_rigid31_7.dat
shape =  (8, 603)
603
loading  /home/jasencakova/dataset/cells/priamy_kanal/sim_2xKSin1_DE_hct15_seed4_rigid31_7/rbc28_sim_2xKSin1_DE_hct15_seed4_rigid31_7.dat
shape =  (8, 603)
603
loading  /home/jasencakova/dataset/cells/priamy_kanal/sim_2xKSin1_DE_hct15_seed4_rigid31_7/rbc29_sim_2xKSin1_DE_hct15_seed4_rigid31_7.dat
shape =  (8, 603)
603
loading  /home/jasencakova/dataset/cells/priamy_kanal/sim_2xKSin1_DE_hct15_seed4_rigid31_7/rbc30_sim_2xKSin1_DE_hct15_seed4_rigid31_7.dat
shape =  (8, 603)
603
loading  /home/jasencakova/dataset/cells/priamy_kanal/sim_2xKSin1_DE_hct15_seed4_rigid31_7/rbc31_sim_2xKSin1_DE_hct15_seed4_rigid31_7.dat
shape =  (8, 603)
603
loading  /home/jasencakova/dataset/cells/priamy_kanal/sim_2xKSin1_DE_hct15_seed4_rigid31_7/rbc32_sim_2xKSin1_DE_hct15_seed4_rigid31_7.dat
shape =  (8, 603)
603
loading  /home/jasencakova/dataset/cells/priamy_kanal/sim_2xKSin1_DE_hct15_seed4_rigid31_7/rbc33_sim_2xKSin1_DE_hct15_seed4_rigid31_7.dat
shape =  (8, 603)
603
loading  /home/jasencakova/dataset/cells/priamy_kanal/sim_2xKSin1_DE_hct15_seed4_rigid31_7/rbc34_sim_2xKSin1_DE_hct15_seed4_rigid31_7.dat
shape =  (8, 603)
603
loading  /home/jasencakova/dataset/cells/priamy_kanal/sim_2xKSin1_DE_hct15_seed4_rigid31_7/rbc35_sim_2xKSin1_DE_hct15_seed4_rigid31_7.dat
shape =  (8, 603)
603
loading  /home/jasencakova/dataset/cells/priamy_kanal/sim_2xKSin1_DE_hct15_seed4_rigid31_7/rbc36_sim_2xKSin1_DE_hct15_seed4_rigid31_7.dat
shape =  (8, 603)
603
loading  /home/jasencakova/dataset/cells/priamy_kanal/sim_2xKSin1_DE_hct15_seed4_rigid31_7/rbc37_sim_2xKSin1_DE_hct15_seed4_rigid31_7.dat
shape =  (8, 603)
603
loading  /home/jasencakova/dataset/cells/priamy_kanal/sim_2xKSin1_DE_hct15_seed4_rigid31_7/rbc38_sim_2xKSin1_DE_hct15_seed4_rigid31_7.dat
shape =  (8, 603)
603
loading  /home/jasencakova/dataset/cells/priamy_kanal/sim_2xKSin1_DE_hct15_seed4_rigid31_7/rbc39_sim_2xKSin1_DE_hct15_seed4_rigid31_7.dat
shape =  (8, 603)
603
loading  /home/jasencakova/dataset/cells/priamy_kanal/sim_2xKSin1_DE_hct15_seed4_rigid31_7/rbc40_sim_2xKSin1_DE_hct15_seed4_rigid31_7.dat
shape =  (8, 603)
603
loading  /home/jasencakova/dataset/cells/priamy_kanal/sim_2xKSin1_DE_hct15_seed4_rigid31_7/rbc41_sim_2xKSin1_DE_hct15_seed4_rigid31_7.dat
shape =  (8, 603)
603
loading  /home/jasencakova/dataset/cells/priamy_kanal/sim_2xKSin1_DE_hct15_seed4_rigid31_7/rbc42_sim_2xKSin1_DE_hct15_seed4_rigid31_7.dat
shape =  (8, 603)
603
loading  /home/jasencakova/dataset/cells/priamy_kanal/sim_2xKSin1_DE_hct15_seed4_rigid31_7/rbc43_sim_2xKSin1_DE_hct15_seed4_rigid31_7.dat
shape =  (8, 603)
603
loading  /home/jasencakova/dataset/cells/priamy_kanal/sim_2xKSin1_DE_hct15_seed4_rigid31_7/rbc44_sim_2xKSin1_DE_hct15_seed4_rigid31_7.dat
shape =  (8, 603)
603
loading  /home/jasencakova/dataset/cells/priamy_kanal/sim_2xKSin1_DE_hct15_seed4_rigid31_7/rbc45_sim_2xKSin1_DE_hct15_seed4_rigid31_7.dat
shape =  (8, 603)
603
loading  /home/jasencakova/dataset/cells/priamy_kanal/sim_2xKSin1_DE_hct15_seed4_rigid31_7/rbc46_sim_2xKSin1_DE_hct15_seed4_rigid31_7.dat
shape =  (8, 603)
603
loading  /home/jasencakova/dataset/cells/priamy_kanal/sim_2xKSin1_DE_hct15_seed4_rigid31_7/rbc47_sim_2xKSin1_DE_hct15_seed4_rigid31_7.dat
shape =  (8, 603)
603
loading  /home/jasencakova/dataset/cells/priamy_kanal/sim_2xKSin1_DE_hct15_seed4_rigid31_7/rbc48_sim_2xKSin1_DE_hct15_seed4_rigid31_7.dat
shape =  (8, 603)
603
loading  /home/jasencakova/dataset/cells/priamy_kanal/sim_2xKSin1_DE_hct15_seed4_rigid31_7/rbc49_sim_2xKSin1_DE_hct15_seed4_rigid31_7.dat
shape =  (8, 603)
603
loading  /home/jasencakova/dataset/cells/priamy_kanal/sim_2xKSin1_DE_hct15_seed4_rigid31_7/rbc50_sim_2xKSin1_DE_hct15_seed4_rigid31_7.dat
shape =  (8, 603)
603
loading  /home/jasencakova/dataset/cells/priamy_kanal/sim_2xKSin1_DE_hct15_seed4_rigid31_7/rbc51_sim_2xKSin1_DE_hct15_seed4_rigid31_7.dat
shape =  (8, 603)
603
loading  /home/jasencakova/dataset/cells/priamy_kanal/sim_2xKSin1_DE_hct15_seed4_rigid31_7/rbc52_sim_2xKSin1_DE_hct15_seed4_rigid31_7.dat
shape =  (8, 603)
603
loading  /home/jasencakova/dataset/cells/priamy_kanal/sim_2xKSin1_DE_hct15_seed4_rigid31_7/rbc53_sim_2xKSin1_DE_hct15_seed4_rigid31_7.dat
shape =  (8, 603)
603
loading  /home/jasencakova/dataset/cells/priamy_kanal/sim_2xKSin1_DE_hct15_seed4_rigid31_7/rbc54_sim_2xKSin1_DE_hct15_seed4_rigid31_7.dat
shape =  (8, 603)
603
loading  /home/jasencakova/dataset/cells/priamy_kanal/sim_2xKSin1_DE_hct15_seed4_rigid31_7/rbc55_sim_2xKSin1_DE_hct15_seed4_rigid31_7.dat
shape =  (8, 603)
603
loading  /home/jasencakova/dataset/cells/priamy_kanal/sim_2xKSin1_DE_hct15_seed4_rigid31_7/rbc56_sim_2xKSin1_DE_hct15_seed4_rigid31_7.dat
shape =  (8, 603)
603
loading  /home/jasencakova/dataset/cells/priamy_kanal/sim_2xKSin1_DE_hct15_seed4_rigid31_7/rbc57_sim_2xKSin1_DE_hct15_seed4_rigid31_7.dat
shape =  (8, 603)
603
loading  /home/jasencakova/dataset/cells/priamy_kanal/sim_2xKSin1_DE_hct15_seed4_rigid31_7/rbc58_sim_2xKSin1_DE_hct15_seed4_rigid31_7.dat
shape =  (8, 603)
603
loading  /home/jasencakova/dataset/cells/priamy_kanal/sim_2xKSin1_DE_hct15_seed4_rigid31_7/rbc59_sim_2xKSin1_DE_hct15_seed4_rigid31_7.dat
shape =  (8, 603)
603
loading  /home/jasencakova/dataset/cells/priamy_kanal/sim_2xKSin1_DE_hct15_seed4_rigid31_7/rbc60_sim_2xKSin1_DE_hct15_seed4_rigid31_7.dat
shape =  (8, 603)
603
loading  /home/jasencakova/dataset/cells/priamy_kanal/sim_2xKSin1_DE_hct15_seed4_rigid31_7/rbc61_sim_2xKSin1_DE_hct15_seed4_rigid31_7.dat
shape =  (8, 603)
603
loading  /home/jasencakova/dataset/cells/priamy_kanal/sim_2xKSin1_DE_hct15_seed4_rigid31_7/rbc62_sim_2xKSin1_DE_hct15_seed4_rigid31_7.dat
shape =  (8, 603)
603
loading  /home/jasencakova/dataset/cells/priamy_kanal/sim_2xKSin1_DE_hct15_seed4_rigid31_7/rbc63_sim_2xKSin1_DE_hct15_seed4_rigid31_7.dat
shape =  (8, 603)
603
loading  /home/jasencakova/dataset/cells/priamy_kanal/sim_2xKSin1_DE_hct15_seed4_rigid31_7/rbc64_sim_2xKSin1_DE_hct15_seed4_rigid31_7.dat
shape =  (8, 603)
603
loading  /home/jasencakova/dataset/cells/priamy_kanal/sim_2xKSin1_DE_hct15_seed4_rigid31_7/rbc65_sim_2xKSin1_DE_hct15_seed4_rigid31_7.dat
shape =  (8, 603)
603
loading  /home/jasencakova/dataset/cells/priamy_kanal/sim_2xKSin1_DE_hct15_seed4_rigid31_7/rbc66_sim_2xKSin1_DE_hct15_seed4_rigid31_7.dat
shape =  (8, 603)
603
loading  /home/jasencakova/dataset/cells/priamy_kanal/sim_2xKSin1_DE_hct15_seed4_rigid31_7/rbc67_sim_2xKSin1_DE_hct15_seed4_rigid31_7.dat
shape =  (8, 603)
603
loading  /home/jasencakova/dataset/cells/priamy_kanal/sim_2xKSin1_DE_hct15_seed4_rigid31_7/rbc68_sim_2xKSin1_DE_hct15_seed4_rigid31_7.dat
shape =  (8, 603)
603
loading  /home/jasencakova/dataset/cells/priamy_kanal/sim_2xKSin1_DE_hct15_seed4_rigid31_7/rbc69_sim_2xKSin1_DE_hct15_seed4_rigid31_7.dat
shape =  (8, 603)
603
loading  /home/jasencakova/dataset/cells/priamy_kanal/sim_2xKSin1_DE_hct15_seed4_rigid31_7/rbc70_sim_2xKSin1_DE_hct15_seed4_rigid31_7.dat
shape =  (8, 603)
603
loading  /home/jasencakova/dataset/cells/priamy_kanal/sim_2xKSin1_DE_hct15_seed4_rigid31_7/rbc71_sim_2xKSin1_DE_hct15_seed4_rigid31_7.dat
shape =  (8, 603)
603
loading  /home/jasencakova/dataset/cells/priamy_kanal/sim_2xKSin1_DE_hct15_seed4_rigid31_7/rbc72_sim_2xKSin1_DE_hct15_seed4_rigid31_7.dat
shape =  (8, 603)
603
loading  /home/jasencakova/dataset/cells/priamy_kanal/sim_2xKSin1_DE_hct15_seed4_rigid31_7/rbc73_sim_2xKSin1_DE_hct15_seed4_rigid31_7.dat
shape =  (8, 603)
603
loading  /home/jasencakova/dataset/cells/priamy_kanal/sim_2xKSin1_DE_hct15_seed4_rigid31_7/rbc74_sim_2xKSin1_DE_hct15_seed4_rigid31_7.dat
shape =  (8, 603)
603
loading  /home/jasencakova/dataset/cells/priamy_kanal/sim_2xKSin1_DE_hct15_seed4_rigid31_7/rbc75_sim_2xKSin1_DE_hct15_seed4_rigid31_7.dat
shape =  (8, 603)
603
loading  /home/jasencakova/dataset/cells/priamy_kanal/sim_2xKSin1_DE_hct15_seed4_rigid31_7/rbc76_sim_2xKSin1_DE_hct15_seed4_rigid31_7.dat
shape =  (8, 603)
603
loading  /home/jasencakova/dataset/cells/priamy_kanal/sim_2xKSin1_DE_hct15_seed4_rigid31_7/rbc77_sim_2xKSin1_DE_hct15_seed4_rigid31_7.dat
shape =  (8, 603)
603
loading  /home/jasencakova/dataset/cells/priamy_kanal/sim_2xKSin1_DE_hct15_seed4_rigid31_7/rbc78_sim_2xKSin1_DE_hct15_seed4_rigid31_7.dat
shape =  (8, 603)
603
loading  /home/jasencakova/dataset/cells/priamy_kanal/sim_2xKSin1_DE_hct15_seed4_rigid31_7/rbc79_sim_2xKSin1_DE_hct15_seed4_rigid31_7.dat
shape =  (8, 603)
603
loading  /home/jasencakova/dataset/cells/priamy_kanal/sim_2xKSin1_DE_hct15_seed4_rigid31_7/rbc80_sim_2xKSin1_DE_hct15_seed4_rigid31_7.dat
shape =  (8, 603)
603
loading  /home/jasencakova/dataset/cells/priamy_kanal/sim_2xKSin1_DE_hct15_seed4_rigid31_7/rbc81_sim_2xKSin1_DE_hct15_seed4_rigid31_7.dat
shape =  (8, 603)
603
loading  /home/jasencakova/dataset/cells/priamy_kanal/sim_2xKSin1_DE_hct15_seed4_rigid31_7/rbc82_sim_2xKSin1_DE_hct15_seed4_rigid31_7.dat
shape =  (8, 603)
603
loading  /home/jasencakova/dataset/cells/priamy_kanal/sim_2xKSin1_DE_hct15_seed4_rigid31_7/rbc83_sim_2xKSin1_DE_hct15_seed4_rigid31_7.dat
shape =  (8, 603)
603
loading  /home/jasencakova/dataset/cells/priamy_kanal/sim_2xKSin1_DE_hct15_seed4_rigid31_7/rbc84_sim_2xKSin1_DE_hct15_seed4_rigid31_7.dat
shape =  (8, 603)
603
loading  /home/jasencakova/dataset/cells/priamy_kanal/sim_2xKSin1_DE_hct15_seed4_rigid31_7/rbc85_sim_2xKSin1_DE_hct15_seed4_rigid31_7.dat
shape =  (8, 603)
603
loading  /home/jasencakova/dataset/cells/priamy_kanal/sim_2xKSin1_DE_hct15_seed4_rigid31_7/rbc86_sim_2xKSin1_DE_hct15_seed4_rigid31_7.dat
shape =  (8, 603)
603
loading  /home/jasencakova/dataset/cells/priamy_kanal/sim_2xKSin1_DE_hct15_seed4_rigid31_7/rbc87_sim_2xKSin1_DE_hct15_seed4_rigid31_7.dat
shape =  (8, 603)
603
loading  /home/jasencakova/dataset/cells/priamy_kanal/sim_2xKSin1_DE_hct15_seed4_rigid31_7/rbc88_sim_2xKSin1_DE_hct15_seed4_rigid31_7.dat
shape =  (8, 603)
603
loading  /home/jasencakova/dataset/cells/priamy_kanal/sim_2xKSin1_DE_hct15_seed4_rigid31_7/rbc89_sim_2xKSin1_DE_hct15_seed4_rigid31_7.dat
shape =  (8, 603)
603
loading  /home/jasencakova/dataset/cells/priamy_kanal/sim_2xKSin1_DE_hct15_seed4_rigid31_7/rbc90_sim_2xKSin1_DE_hct15_seed4_rigid31_7.dat
shape =  (8, 603)
603
loading  /home/jasencakova/dataset/cells/priamy_kanal/sim_2xKSin1_DE_hct15_seed4_rigid31_7/rbc91_sim_2xKSin1_DE_hct15_seed4_rigid31_7.dat
shape =  (8, 603)
603
loading  /home/jasencakova/dataset/cells/priamy_kanal/sim_2xKSin1_DE_hct15_seed4_rigid31_7/rbc92_sim_2xKSin1_DE_hct15_seed4_rigid31_7.dat
shape =  (8, 603)
603
loading  /home/jasencakova/dataset/cells/priamy_kanal/sim_2xKSin1_DE_hct15_seed4_rigid31_7/rbc93_sim_2xKSin1_DE_hct15_seed4_rigid31_7.dat
shape =  (8, 603)
603
loading  /home/jasencakova/dataset/cells/priamy_kanal/sim_2xKSin1_DE_hct15_seed4_rigid31_7/rbc94_sim_2xKSin1_DE_hct15_seed4_rigid31_7.dat
shape =  (8, 603)
603
loading  /home/jasencakova/dataset/cells/priamy_kanal/sim_2xKSin1_DE_hct15_seed4_rigid31_7/rbc95_sim_2xKSin1_DE_hct15_seed4_rigid31_7.dat
shape =  (8, 603)
603
loading  /home/jasencakova/dataset/cells/priamy_kanal/sim_2xKSin1_DE_hct15_seed4_rigid31_7/rbc96_sim_2xKSin1_DE_hct15_seed4_rigid31_7.dat
shape =  (8, 603)
603
loading  /home/jasencakova/dataset/cells/priamy_kanal/sim_2xKSin1_DE_hct15_seed4_rigid31_7/rbc97_sim_2xKSin1_DE_hct15_seed4_rigid31_7.dat
shape =  (8, 603)
603
loading  /home/jasencakova/dataset/cells/priamy_kanal/sim_2xKSin1_DE_hct15_seed4_rigid31_7/rbc98_sim_2xKSin1_DE_hct15_seed4_rigid31_7.dat
shape =  (8, 603)
603
loading  /home/jasencakova/dataset/cells/priamy_kanal/sim_2xKSin1_DE_hct15_seed4_rigid31_7/rbc99_sim_2xKSin1_DE_hct15_seed4_rigid31_7.dat
shape =  (8, 603)
603
loading  /home/jasencakova/dataset/cells/priamy_kanal/sim_2xKSin1_DE_hct15_seed4_rigid31_7/rbc100_sim_2xKSin1_DE_hct15_seed4_rigid31_7.dat
shape =  (8, 603)
603
loading  /home/jasencakova/dataset/cells/priamy_kanal/sim_2xKSin1_DE_hct15_seed4_rigid31_7/rbc101_sim_2xKSin1_DE_hct15_seed4_rigid31_7.dat
shape =  (8, 603)
603
loading  /home/jasencakova/dataset/cells/priamy_kanal/sim_2xKSin1_DE_hct15_seed4_rigid31_7/rbc102_sim_2xKSin1_DE_hct15_seed4_rigid31_7.dat
shape =  (8, 603)
603
loading  /home/jasencakova/dataset/cells/priamy_kanal/sim_2xKSin1_DE_hct15_seed4_rigid31_7/rbc103_sim_2xKSin1_DE_hct15_seed4_rigid31_7.dat
shape =  (8, 603)
603
loading  /home/jasencakova/dataset/cells/priamy_kanal/sim_2xKSin1_DE_hct15_seed4_rigid31_7/rbc104_sim_2xKSin1_DE_hct15_seed4_rigid31_7.dat
shape =  (8, 603)
603
loading  /home/jasencakova/dataset/cells/priamy_kanal/sim_2xKSin1_DE_hct15_seed4_rigid31_7/rbc105_sim_2xKSin1_DE_hct15_seed4_rigid31_7.dat
shape =  (8, 603)
603
loading  /home/jasencakova/dataset/cells/priamy_kanal/sim_2xKSin1_DE_hct15_seed4_rigid31_7/rbc106_sim_2xKSin1_DE_hct15_seed4_rigid31_7.dat
shape =  (8, 603)
603
loading  /home/jasencakova/dataset/cells/priamy_kanal/sim_2xKSin1_DE_hct15_seed4_rigid31_7/rbc107_sim_2xKSin1_DE_hct15_seed4_rigid31_7.dat
shape =  (8, 603)
603
loading  /home/jasencakova/dataset/cells/priamy_kanal/sim_2xKSin1_DE_hct15_seed4_rigid31_7/rbc108_sim_2xKSin1_DE_hct15_seed4_rigid31_7.dat
shape =  (8, 603)
603
loading  /home/jasencakova/dataset/cells/priamy_kanal/sim_2xKSin1_DE_hct15_seed4_rigid31_7/rbc109_sim_2xKSin1_DE_hct15_seed4_rigid31_7.dat
shape =  (8, 603)
603
loading  /home/jasencakova/dataset/cells/priamy_kanal/sim_2xKSin1_DE_hct15_seed4_rigid31_7/rbc110_sim_2xKSin1_DE_hct15_seed4_rigid31_7.dat
shape =  (8, 603)
603
loading  /home/jasencakova/dataset/cells/priamy_kanal/sim_2xKSin1_DE_hct15_seed4_rigid31_7/rbc111_sim_2xKSin1_DE_hct15_seed4_rigid31_7.dat
shape =  (8, 603)
603
loading  /home/jasencakova/dataset/cells/priamy_kanal/sim_2xKSin1_DE_hct15_seed4_rigid31_7/rbc112_sim_2xKSin1_DE_hct15_seed4_rigid31_7.dat
shape =  (8, 603)
603
loading  /home/jasencakova/dataset/cells/priamy_kanal/sim_2xKSin1_DE_hct15_seed4_rigid31_7/rbc113_sim_2xKSin1_DE_hct15_seed4_rigid31_7.dat
shape =  (8, 603)
603
loading  /home/jasencakova/dataset/cells/priamy_kanal/sim_2xKSin1_DE_hct15_seed4_rigid31_7/rbc114_sim_2xKSin1_DE_hct15_seed4_rigid31_7.dat
shape =  (8, 603)
603
loading  /home/jasencakova/dataset/cells/priamy_kanal/sim_2xKSin1_DE_hct15_seed4_rigid31_7/rbc115_sim_2xKSin1_DE_hct15_seed4_rigid31_7.dat
shape =  (8, 603)
603
loading  /home/jasencakova/dataset/cells/priamy_kanal/sim_2xKSin1_DE_hct15_seed4_rigid31_7/rbc116_sim_2xKSin1_DE_hct15_seed4_rigid31_7.dat
shape =  (8, 603)
603
loading  /home/jasencakova/dataset/cells/priamy_kanal/sim_2xKSin1_DE_hct15_seed4_rigid31_7/rbc117_sim_2xKSin1_DE_hct15_seed4_rigid31_7.dat
shape =  (8, 603)
603
loading  /home/jasencakova/dataset/cells/priamy_kanal/sim_2xKSin1_DE_hct15_seed4_rigid31_7/rbc118_sim_2xKSin1_DE_hct15_seed4_rigid31_7.dat
shape =  (8, 603)
603
loading  /home/jasencakova/dataset/cells/priamy_kanal/sim_2xKSin1_DE_hct15_seed4_rigid31_7/rbc119_sim_2xKSin1_DE_hct15_seed4_rigid31_7.dat
shape =  (8, 603)
603
loading  /home/jasencakova/dataset/cells/priamy_kanal/sim_2xKSin1_DE_hct15_seed4_rigid31_7/rbc120_sim_2xKSin1_DE_hct15_seed4_rigid31_7.dat
shape =  (8, 603)
603
loading  /home/jasencakova/dataset/cells/priamy_kanal/sim_2xKSin1_DE_hct15_seed4_rigid31_7/rbc121_sim_2xKSin1_DE_hct15_seed4_rigid31_7.dat
shape =  (8, 603)
603
loading  /home/jasencakova/dataset/cells/priamy_kanal/sim_2xKSin1_DE_hct15_seed4_rigid31_7/rbc122_sim_2xKSin1_DE_hct15_seed4_rigid31_7.dat
shape =  (8, 603)
603
loading  /home/jasencakova/dataset/cells/priamy_kanal/sim_2xKSin1_DE_hct15_seed4_rigid31_7/rbc123_sim_2xKSin1_DE_hct15_seed4_rigid31_7.dat
shape =  (8, 603)
603
loading  /home/jasencakova/dataset/cells/priamy_kanal/sim_2xKSin1_DE_hct15_seed4_rigid31_7/rbc124_sim_2xKSin1_DE_hct15_seed4_rigid31_7.dat
shape =  (8, 603)
603
loading  /home/jasencakova/dataset/cells/priamy_kanal/sim_2xKSin1_DE_hct15_seed4_rigid31_7/rbc125_sim_2xKSin1_DE_hct15_seed4_rigid31_7.dat
shape =  (8, 603)
603
loading  /home/jasencakova/dataset/cells/priamy_kanal/sim_2xKSin1_DE_hct15_seed4_rigid31_7/rbc126_sim_2xKSin1_DE_hct15_seed4_rigid31_7.dat
shape =  (8, 603)
603
loading  /home/jasencakova/dataset/cells/priamy_kanal/sim_2xKSin1_DE_hct15_seed4_rigid31_7/rbc127_sim_2xKSin1_DE_hct15_seed4_rigid31_7.dat
shape =  (8, 603)
603
loading  /home/jasencakova/dataset/cells/priamy_kanal/sim_2xKSin1_DE_hct15_seed4_rigid31_7/rbc128_sim_2xKSin1_DE_hct15_seed4_rigid31_7.dat
shape =  (8, 603)
603
loading  /home/jasencakova/dataset/cells/priamy_kanal/sim_2xKSin1_DE_hct15_seed4_rigid31_7/rbc129_sim_2xKSin1_DE_hct15_seed4_rigid31_7.dat
shape =  (8, 603)
603
loading  /home/jasencakova/dataset/cells/priamy_kanal/sim_2xKSin1_DE_hct15_seed4_rigid31_7/rbc130_sim_2xKSin1_DE_hct15_seed4_rigid31_7.dat
shape =  (8, 603)
603
loading  /home/jasencakova/dataset/cells/priamy_kanal/sim_2xKSin1_DE_hct15_seed4_rigid31_7/rbc131_sim_2xKSin1_DE_hct15_seed4_rigid31_7.dat
shape =  (8, 603)
603
loading  /home/jasencakova/dataset/cells/priamy_kanal/sim_2xKSin1_DE_hct15_seed4_rigid31_7/rbc132_sim_2xKSin1_DE_hct15_seed4_rigid31_7.dat
shape =  (8, 603)
603
loading  /home/jasencakova/dataset/cells/priamy_kanal/sim_2xKSin1_DE_hct15_seed4_rigid31_7/rbc133_sim_2xKSin1_DE_hct15_seed4_rigid31_7.dat
shape =  (8, 603)
603
loading  /home/jasencakova/dataset/cells/priamy_kanal/sim_2xKSin1_DE_hct15_seed4_rigid31_7/rbc134_sim_2xKSin1_DE_hct15_seed4_rigid31_7.dat
shape =  (8, 603)
603
loading  /home/jasencakova/dataset/cells/priamy_kanal/sim_2xKSin1_DE_hct15_seed4_rigid31_7/rbc135_sim_2xKSin1_DE_hct15_seed4_rigid31_7.dat
shape =  (8, 603)
603
loading  /home/jasencakova/dataset/cells/priamy_kanal/sim_2xKSin1_DE_hct15_seed4_rigid31_7/rbc136_sim_2xKSin1_DE_hct15_seed4_rigid31_7.dat
shape =  (8, 603)
603
loading  /home/jasencakova/dataset/cells/priamy_kanal/sim_2xKSin1_DE_hct15_seed4_rigid31_7/rbc137_sim_2xKSin1_DE_hct15_seed4_rigid31_7.dat
shape =  (8, 603)
603
loading  /home/jasencakova/dataset/cells/priamy_kanal/sim_2xKSin1_DE_hct15_seed4_rigid31_7/rbc138_sim_2xKSin1_DE_hct15_seed4_rigid31_7.dat
shape =  (8, 603)
603
loading  /home/jasencakova/dataset/cells/priamy_kanal/sim_2xKSin1_DE_hct15_seed4_rigid31_7/rbc139_sim_2xKSin1_DE_hct15_seed4_rigid31_7.dat
shape =  (8, 603)
603
loading  /home/jasencakova/dataset/cells/priamy_kanal/sim_2xKSin1_DE_hct15_seed4_rigid31_7/rbc140_sim_2xKSin1_DE_hct15_seed4_rigid31_7.dat
shape =  (8, 603)
603
loading  /home/jasencakova/dataset/cells/priamy_kanal/sim_2xKSin1_DE_hct15_seed4_rigid31_7/rbc141_sim_2xKSin1_DE_hct15_seed4_rigid31_7.dat
shape =  (8, 603)
603
loading  /home/jasencakova/dataset/cells/priamy_kanal/sim_2xKSin1_DE_hct15_seed4_rigid31_7/rbc142_sim_2xKSin1_DE_hct15_seed4_rigid31_7.dat
shape =  (8, 603)
603
loading  /home/jasencakova/dataset/cells/priamy_kanal/sim_2xKSin1_DE_hct15_seed4_rigid31_7/rbc143_sim_2xKSin1_DE_hct15_seed4_rigid31_7.dat
shape =  (8, 603)
603
loading  /home/jasencakova/dataset/cells/priamy_kanal/sim_2xKSin1_DE_hct15_seed4_rigid31_7/rbc144_sim_2xKSin1_DE_hct15_seed4_rigid31_7.dat
shape =  (8, 603)
603
loading  /home/jasencakova/dataset/cells/priamy_kanal/sim_2xKSin1_DE_hct15_seed4_rigid31_7/rbc145_sim_2xKSin1_DE_hct15_seed4_rigid31_7.dat
shape =  (8, 603)
603
loading  /home/jasencakova/dataset/cells/priamy_kanal/sim_2xKSin1_DE_hct15_seed4_rigid31_7/rbc146_sim_2xKSin1_DE_hct15_seed4_rigid31_7.dat
shape =  (8, 603)
603
loading  /home/jasencakova/dataset/cells/priamy_kanal/sim_2xKSin1_DE_hct15_seed4_rigid31_7/rbc147_sim_2xKSin1_DE_hct15_seed4_rigid31_7.dat
shape =  (8, 603)
603
loading  /home/jasencakova/dataset/cells/priamy_kanal/sim_2xKSin1_DE_hct15_seed4_rigid31_7/rbc148_sim_2xKSin1_DE_hct15_seed4_rigid31_7.dat
shape =  (8, 603)
603
loading  /home/jasencakova/dataset/cells/priamy_kanal/sim_2xKSin1_DE_hct15_seed4_rigid31_7/rbc149_sim_2xKSin1_DE_hct15_seed4_rigid31_7.dat
shape =  (8, 603)
603
loading  /home/jasencakova/dataset/cells/priamy_kanal/sim_2xKSin1_DE_hct15_seed4_rigid31_7/rbc150_sim_2xKSin1_DE_hct15_seed4_rigid31_7.dat
shape =  (8, 603)
603
loading  /home/jasencakova/dataset/cells/priamy_kanal/sim_2xKSin1_DE_hct15_seed4_rigid31_7/rbc151_sim_2xKSin1_DE_hct15_seed4_rigid31_7.dat
shape =  (8, 603)
603
loading  /home/jasencakova/dataset/cells/priamy_kanal/sim_2xKSin1_DE_hct15_seed4_rigid31_7/rbc152_sim_2xKSin1_DE_hct15_seed4_rigid31_7.dat
shape =  (8, 603)
603
loading  /home/jasencakova/dataset/cells/priamy_kanal/sim_2xKSin1_DE_hct15_seed4_rigid31_7/rbc153_sim_2xKSin1_DE_hct15_seed4_rigid31_7.dat
shape =  (8, 603)
603
shortest_length =  603
data_shape      =  (154, 603, 8)








dataset summary : 

training_dats shape    =  (154, 1402, 8)
testing_dats shape    =  (154, 603, 8)
training_count  =  21806708
testing_count   =  92862
channels_count  =  8
sequence_length =  128
classes_count   =   2
batch(32) tensor shape =  torch.Size([32, 8, 128]) torch.Size([32, 2])





model
Sequential(
  (0): Conv1d(8, 32, kernel_size=(3,), stride=(2,), padding=(1,))
  (1): ReLU()
  (2): Dropout(p=0.01, inplace=False)
  (3): Conv1d(32, 64, kernel_size=(3,), stride=(2,), padding=(1,))
  (4): ReLU()
  (5): Dropout(p=0.01, inplace=False)
  (6): Conv1d(64, 64, kernel_size=(3,), stride=(2,), padding=(1,))
  (7): ReLU()
  (8): Dropout(p=0.01, inplace=False)
  (9): Conv1d(64, 128, kernel_size=(3,), stride=(2,), padding=(1,))
  (10): ReLU()
  (11): Dropout(p=0.01, inplace=False)
  (12): Flatten()
  (13): Linear(in_features=1024, out_features=2, bias=True)
)



0 94.54808416145241 93.89096935261708 0.047374085 0.046113383 0.024777474 0.008988564 76.18 





=================================================
new best net in 0
TRAINING result
accuracy   = 94.548 [%]
hit_count  = 20617957
miss_count = 1188891

class_accuracy = 99.488%   74.953%   


confusion_matrix = 
17327021	 1099721	 
89170	 3290936	 



TESTING result
accuracy   = 93.891 [%]
hit_count  = 87251
miss_count = 5677

class_accuracy = 99.845%   70.458%   


confusion_matrix = 
73981	 5563	 
114	 13270	 




1 97.70124504009016 95.49758953168045 0.021700038 0.03524401 0.0069968887 0.007788708 75.66 





=================================================
new best net in 1
TRAINING result
accuracy   = 97.701 [%]
hit_count  = 21305562
miss_count = 501286

class_accuracy = 99.912%   88.931%   


confusion_matrix = 
17401199	 485942	 
15344	 3904363	 



TESTING result
accuracy   = 95.498 [%]
hit_count  = 88744
miss_count = 4184

class_accuracy = 99.957%   78.028%   


confusion_matrix = 
73992	 4153	 
31	 14752	 




2 99.35569322077176 96.07330406336088 0.009722333 0.031497173 0.0031563577 0.0066277897 75.1 





=================================================
new best net in 2
TRAINING result
accuracy   = 99.356 [%]
hit_count  = 21666345
miss_count = 140503

class_accuracy = 99.988%   96.846%   


confusion_matrix = 
17419021	 138332	 
2171	 4247324	 



TESTING result
accuracy   = 96.073 [%]
hit_count  = 89279
miss_count = 3649

class_accuracy = 99.941%   80.774%   


confusion_matrix = 
74125	 3606	 
43	 15154	 




3 99.75607203755445 95.98291150137742 0.006002884 0.031703107 0.0017501125 0.007360002 74.54 

4 99.87184301004895 96.06899965564739 0.004510874 0.030945254 0.0012920855 0.0074656853 73.95 

5 99.92389546623153 95.92587809917356 0.0036536204 0.031242052 0.0010385382 0.0069216937 73.24 

6 99.95130887324936 95.58905819559229 0.0030630787 0.03349761 0.0008823683 0.008082306 72.54 

7 99.96749186310649 95.60627582644628 0.0026167603 0.03325937 0.00076850207 0.007843024 71.83 

8 99.97716772272636 95.76446280991736 0.0022881536 0.03252794 0.00068447785 0.007858683 71.11 

9 99.98305578137656 95.61165633608816 0.002024307 0.033169564 0.0006140123 0.0077546784 70.38 

10 99.98704993954193 95.86561639118457 0.0018188601 0.03164305 0.0005652723 0.007860692 69.73 

11 99.9899389402815 95.79782196969697 0.0016592564 0.03216563 0.0005193064 0.007866714 68.99 

12 99.99117249774017 95.79997417355372 0.001523 0.031871106 0.00048560827 0.007745738 68.25 

13 99.99289214103753 95.92157369146005 0.0014099069 0.03143447 0.0004569305 0.0076058055 67.5 

14 99.99428161282181 95.95816115702479 0.0013099257 0.030654004 0.00042867343 0.0077390457 66.86 

15 99.99542804168672 95.74616907713498 0.001220249 0.032274157 0.00040280484 0.008053384 66.09 

16 99.99600584183464 95.93986742424242 0.0011418302 0.03103252 0.00038232858 0.007844986 65.32 

17 99.99671662773089 95.91296487603306 0.0010735613 0.031072803 0.00036350475 0.008215396 64.54 

18 99.9972944278788 95.64178719008264 0.0010135915 0.032986484 0.00034506703 0.007939799 63.77 

19 99.9977621708557 95.81934400826447 0.0009613749 0.03149951 0.0003291895 0.00828399 63.01 

20 99.9978630565958 96.12603305785125 0.0009162082 0.02929977 0.00031737247 0.008089941 62.23 





=================================================
new best net in 20
TRAINING result
accuracy   = 99.998 [%]
hit_count  = 21806382
miss_count = 466

class_accuracy = 100.0%   99.989%   


confusion_matrix = 
17416719	 465	 
1	 4389663	 



TESTING result
accuracy   = 96.126 [%]
hit_count  = 89328
miss_count = 3600

class_accuracy = 99.999%   80.855%   


confusion_matrix = 
74120	 3600	 
0	 15208	 




21 99.99822074240166 96.03564049586777 0.0008723489 0.03015689 0.0003068613 0.008183584 61.46 

22 99.9984775424674 96.11311983471074 0.0008298417 0.02964304 0.00029175717 0.008338011 60.68 

23 99.99875727111043 96.0302599862259 0.0007920575 0.029712388 0.00027809842 0.007902266 59.68 

24 99.99889484257422 96.20351239669421 0.00075722963 0.029155605 0.00026794162 0.0077859643 58.63 





=================================================
new best net in 24
TRAINING result
accuracy   = 99.999 [%]
hit_count  = 21806607
miss_count = 241

class_accuracy = 100.0%   99.995%   


confusion_matrix = 
17415790	 240	 
1	 4390817	 



TESTING result
accuracy   = 96.204 [%]
hit_count  = 89400
miss_count = 3528

class_accuracy = 99.999%   80.946%   


confusion_matrix = 
74408	 3528	 
0	 14992	 




25 99.9990232426071 96.00228133608816 0.0007221298 0.029417133 0.0002613927 0.0077517107 57.53 

26 99.9991929140791 96.13894628099173 0.0006899002 0.028705118 0.00024829622 0.007771885 56.49 

27 99.99929838553467 96.20674070247934 0.0006591197 0.028036097 0.00023827165 0.007332682 55.44 





=================================================
new best net in 27
TRAINING result
accuracy   = 99.999 [%]
hit_count  = 21806695
miss_count = 153

class_accuracy = 100.0%   99.996%   


confusion_matrix = 
17418116	 153	 
0	 4388579	 



TESTING result
accuracy   = 96.207 [%]
hit_count  = 89403
miss_count = 3525

class_accuracy = 99.999%   81.295%   


confusion_matrix = 
74078	 3525	 
0	 15325	 




28 99.99937175698203 96.30036157024793 0.00063098985 0.027571943 0.00023857348 0.0075941035 54.43 





=================================================
new best net in 28
TRAINING result
accuracy   = 99.999 [%]
hit_count  = 21806711
miss_count = 137

class_accuracy = 100.0%   99.997%   


confusion_matrix = 
17418641	 136	 
1	 4388070	 



TESTING result
accuracy   = 96.3 [%]
hit_count  = 89490
miss_count = 3438

class_accuracy = 99.999%   81.571%   


confusion_matrix = 
74268	 3438	 
0	 15222	 




29 99.99933507125834 96.37568870523415 0.0006038586 0.027023457 0.00023684477 0.0072180443 53.46 





=================================================
new best net in 29
TRAINING result
accuracy   = 99.999 [%]
hit_count  = 21806703
miss_count = 145

class_accuracy = 100.0%   99.997%   


confusion_matrix = 
17414850	 143	 
2	 4391853	 



TESTING result
accuracy   = 96.376 [%]
hit_count  = 89560
miss_count = 3368

class_accuracy = 99.999%   81.923%   


confusion_matrix = 
74292	 3368	 
0	 15268	 




30 99.99936717126657 96.50374483471074 0.00057689316 0.025895962 0.00023376274 0.0070712874 52.5 





=================================================
new best net in 30
TRAINING result
accuracy   = 99.999 [%]
hit_count  = 21806710
miss_count = 138

class_accuracy = 100.0%   99.997%   


confusion_matrix = 
17419253	 137	 
1	 4387457	 



TESTING result
accuracy   = 96.504 [%]
hit_count  = 89679
miss_count = 3249

class_accuracy = 99.999%   82.642%   


confusion_matrix = 
74206	 3249	 
0	 15473	 




31 99.99954142845404 96.7856835399449 0.0005499586 0.024554707 0.00021327597 0.006741275 51.59 





=================================================
new best net in 31
TRAINING result
accuracy   = 100.0 [%]
hit_count  = 21806748
miss_count = 100

class_accuracy = 100.0%   99.998%   


confusion_matrix = 
17419390	 100	 
0	 4387358	 



TESTING result
accuracy   = 96.786 [%]
hit_count  = 89941
miss_count = 2987

class_accuracy = 99.999%   84.031%   


confusion_matrix = 
74218	 2987	 
0	 15723	 




32 99.99948181415306 96.57799586776859 0.00052407273 0.025656944 0.00020643204 0.007097803 50.74 

33 99.99956435703133 97.02565426997245 0.00049849105 0.022613673 0.00020564054 0.0067645037 49.91 





=================================================
new best net in 33
TRAINING result
accuracy   = 100.0 [%]
hit_count  = 21806753
miss_count = 95

class_accuracy = 100.0%   99.998%   


confusion_matrix = 
17418909	 94	 
1	 4387844	 



TESTING result
accuracy   = 97.026 [%]
hit_count  = 90164
miss_count = 2764

class_accuracy = 99.999%   85.13%   


confusion_matrix = 
74334	 2764	 
0	 15830	 




34 99.99950474273035 97.06439393939394 0.00047741563 0.022602128 0.00020973048 0.0062027504 49.1 





=================================================
new best net in 34
TRAINING result
accuracy   = 100.0 [%]
hit_count  = 21806740
miss_count = 108

class_accuracy = 100.0%   99.998%   


confusion_matrix = 
17417471	 107	 
1	 4389269	 



TESTING result
accuracy   = 97.064 [%]
hit_count  = 90200
miss_count = 2728

class_accuracy = 99.999%   85.433%   


confusion_matrix = 
74195	 2728	 
0	 16005	 




35 99.99956435703133 97.16877582644628 0.0004570961 0.02175459 0.00020027459 0.0062291566 48.31 





=================================================
new best net in 35
TRAINING result
accuracy   = 100.0 [%]
hit_count  = 21806753
miss_count = 95

class_accuracy = 100.0%   99.998%   


confusion_matrix = 
17415838	 95	 
0	 4390915	 



TESTING result
accuracy   = 97.169 [%]
hit_count  = 90297
miss_count = 2631

class_accuracy = 99.999%   85.893%   


confusion_matrix = 
74271	 2631	 
0	 16026	 




36 99.99943137128301 97.19675447658402 0.00043906545 0.021451466 0.00021261498 0.006349197 47.54 





=================================================
new best net in 36
TRAINING result
accuracy   = 99.999 [%]
hit_count  = 21806724
miss_count = 124

class_accuracy = 100.0%   99.997%   


confusion_matrix = 
17420269	 120	 
4	 4386455	 



TESTING result
accuracy   = 97.197 [%]
hit_count  = 90323
miss_count = 2605

class_accuracy = 99.999%   86.225%   


confusion_matrix = 
74010	 2605	 
0	 16313	 




37 99.99946347129122 97.07300275482093 0.00042266859 0.02256921 0.00020284326 0.0061270283 46.6 

38 99.99949557129943 97.37108298898072 0.00040673115 0.020329611 0.00021292944 0.005740469 45.28 





=================================================
new best net in 38
TRAINING result
accuracy   = 99.999 [%]
hit_count  = 21806738
miss_count = 110

class_accuracy = 100.0%   99.998%   


confusion_matrix = 
17416960	 107	 
3	 4389778	 



TESTING result
accuracy   = 97.371 [%]
hit_count  = 90485
miss_count = 2443

class_accuracy = 99.999%   86.997%   


confusion_matrix = 
74133	 2443	 
0	 16352	 




39 99.99951391416127 97.3377238292011 0.00039059776 0.02020178 0.00020459534 0.0058540045 44.06 

40 99.99958728560863 97.47438877410468 0.0003777843 0.019642236 0.00018063294 0.006268497 42.9 





=================================================
new best net in 40
TRAINING result
accuracy   = 100.0 [%]
hit_count  = 21806758
miss_count = 90

class_accuracy = 100.0%   99.998%   


confusion_matrix = 
17419190	 90	 
0	 4387568	 



TESTING result
accuracy   = 97.474 [%]
hit_count  = 90581
miss_count = 2347

class_accuracy = 99.999%   87.489%   


confusion_matrix = 
74162	 2347	 
0	 16419	 




41 99.99946347129122 97.54325929752066 0.0003645362 0.01928991 0.00019748825 0.0059303846 41.8 





=================================================
new best net in 41
TRAINING result
accuracy   = 99.999 [%]
hit_count  = 21806731
miss_count = 117

class_accuracy = 100.0%   99.997%   


confusion_matrix = 
17418900	 115	 
2	 4387831	 



TESTING result
accuracy   = 97.543 [%]
hit_count  = 90645
miss_count = 2283

class_accuracy = 99.999%   87.878%   


confusion_matrix = 
74088	 2283	 
0	 16557	 




42 99.99958269989317 97.53572658402204 0.00035370415 0.019063922 0.00017309761 0.0058450573 40.76 

43 99.99958269989317 97.47654097796143 0.00034410958 0.01921714 0.00019126547 0.0055308756 39.74 

44 99.99958728560863 97.41950757575758 0.00033388005 0.019569347 0.00017707182 0.005677828 38.77 

45 99.9996468999096 97.73910984848484 0.0003242616 0.017562669 0.00017297277 0.0050008954 37.85 





=================================================
new best net in 45
TRAINING result
accuracy   = 100.0 [%]
hit_count  = 21806771
miss_count = 77

class_accuracy = 100.0%   99.998%   


confusion_matrix = 
17418951	 76	 
1	 4387820	 



TESTING result
accuracy   = 97.739 [%]
hit_count  = 90827
miss_count = 2101

class_accuracy = 99.999%   88.855%   


confusion_matrix = 
74068	 2101	 
0	 16759	 




46 99.99950474273035 97.68315254820936 0.0003177772 0.017998641 0.00019417859 0.005655232 36.95 

47 99.99972944278788 97.78430612947659 0.00030801087 0.016413677 0.00015249252 0.005012344 36.07 





=================================================
new best net in 47
TRAINING result
accuracy   = 100.0 [%]
hit_count  = 21806789
miss_count = 59

class_accuracy = 100.0%   99.999%   


confusion_matrix = 
17417476	 57	 
2	 4389313	 



TESTING result
accuracy   = 97.784 [%]
hit_count  = 90869
miss_count = 2059

class_accuracy = 99.999%   88.879%   


confusion_matrix = 
74406	 2059	 
0	 16463	 




48 99.99963772847869 97.68422865013774 0.00030059222 0.017601958 0.00016738698 0.005166922 35.23 

49 99.99970192849513 97.72942493112947 0.00029409298 0.017273888 0.00016036634 0.005298417 34.41 

50 99.99966065705598 98.02965736914601 0.00028657657 0.015233279 0.00017343523 0.00457508 33.62 





=================================================
new best net in 50
TRAINING result
accuracy   = 100.0 [%]
hit_count  = 21806774
miss_count = 74

class_accuracy = 100.0%   99.998%   


confusion_matrix = 
17415128	 74	 
0	 4391646	 



TESTING result
accuracy   = 98.03 [%]
hit_count  = 91097
miss_count = 1831

class_accuracy = 99.996%   90.048%   


confusion_matrix = 
74538	 1829	 
2	 16559	 




51 99.99953684273858 97.95217803030303 0.00028056224 0.015494519 0.00018438481 0.0048503727 32.84 

52 99.9996468999096 98.09852789256199 0.0002727847 0.014858879 0.00016080987 0.004740346 32.05 





=================================================
new best net in 52
TRAINING result
accuracy   = 100.0 [%]
hit_count  = 21806771
miss_count = 77

class_accuracy = 100.0%   99.998%   


confusion_matrix = 
17414938	 76	 
1	 4391833	 



TESTING result
accuracy   = 98.099 [%]
hit_count  = 91161
miss_count = 1767

class_accuracy = 99.999%   90.624%   


confusion_matrix = 
74073	 1767	 
0	 17088	 




53 99.99968358563328 98.10713670798899 0.00026560284 0.014904015 0.00014878927 0.004403386 31.29 





=================================================
new best net in 53
TRAINING result
accuracy   = 100.0 [%]
hit_count  = 21806779
miss_count = 69

class_accuracy = 100.0%   99.998%   


confusion_matrix = 
17417068	 69	 
0	 4389711	 



TESTING result
accuracy   = 98.107 [%]
hit_count  = 91169
miss_count = 1759

class_accuracy = 99.997%   90.653%   


confusion_matrix = 
74110	 1758	 
1	 17059	 




54 99.99962397133231 98.02427685950413 0.0002600811 0.015263169 0.00016107725 0.0049663614 30.55 

55 99.99965607134052 98.26962809917356 0.00025443858 0.013315472 0.00017014261 0.0041775894 29.83 





=================================================
new best net in 55
TRAINING result
accuracy   = 100.0 [%]
hit_count  = 21806773
miss_count = 75

class_accuracy = 100.0%   99.998%   


confusion_matrix = 
17418420	 73	 
2	 4388353	 



TESTING result
accuracy   = 98.27 [%]
hit_count  = 91320
miss_count = 1608

class_accuracy = 99.996%   91.428%   


confusion_matrix = 
74180	 1606	 
2	 17140	 




56 99.99972485707242 98.26532369146005 0.00024762828 0.014093365 0.00014619678 0.0045484253 29.1 

57 99.99966524277144 98.34280303030303 0.00024288666 0.013097684 0.00015247345 0.0041020527 28.39 





=================================================
new best net in 57
TRAINING result
accuracy   = 100.0 [%]
hit_count  = 21806775
miss_count = 73

class_accuracy = 100.0%   99.998%   


confusion_matrix = 
17418228	 73	 
0	 4388547	 



TESTING result
accuracy   = 98.343 [%]
hit_count  = 91388
miss_count = 1540

class_accuracy = 99.999%   91.735%   


confusion_matrix = 
74284	 1540	 
0	 17104	 




58 99.99955977131587 98.46763085399449 0.0002384157 0.012479951 0.0001791765 0.0039149188 27.67 





=================================================
new best net in 58
TRAINING result
accuracy   = 100.0 [%]
hit_count  = 21806752
miss_count = 96

class_accuracy = 100.0%   99.998%   


confusion_matrix = 
17416876	 94	 
2	 4389876	 



TESTING result
accuracy   = 98.468 [%]
hit_count  = 91504
miss_count = 1424

class_accuracy = 99.997%   92.409%   


confusion_matrix = 
74170	 1423	 
1	 17334	 




59 99.9997386142188 98.44395661157024 0.00023241964 0.012570222 0.00014184172 0.0037501932 26.96 

60 99.99981198566616 98.54941460055096 0.00022429957 0.011531815 0.0001315658 0.0034090087 26.27 





=================================================
new best net in 60
TRAINING result
accuracy   = 100.0 [%]
hit_count  = 21806807
miss_count = 41

class_accuracy = 100.0%   99.999%   


confusion_matrix = 
17415035	 40	 
1	 4391772	 



TESTING result
accuracy   = 98.549 [%]
hit_count  = 91580
miss_count = 1348

class_accuracy = 99.999%   92.754%   


confusion_matrix = 
74313	 1348	 
0	 17267	 




61 99.99966524277144 98.63012224517907 0.00022217081 0.011422139 0.0001585208 0.003828383 25.58 





=================================================
new best net in 61
TRAINING result
accuracy   = 100.0 [%]
hit_count  = 21806775
miss_count = 73

class_accuracy = 100.0%   99.998%   


confusion_matrix = 
17417843	 72	 
1	 4388932	 



TESTING result
accuracy   = 98.63 [%]
hit_count  = 91655
miss_count = 1273

class_accuracy = 99.997%   93.235%   


confusion_matrix = 
74110	 1272	 
1	 17545	 




62 99.99965607134052 98.4331955922865 0.00021795808 0.012367905 0.0001506613 0.004049096 24.91 

63 99.99962855704777 98.5903064738292 0.00021381183 0.011785108 0.00015281103 0.0038571404 24.24 

64 99.99972027135696 98.64303546831955 0.00020953621 0.011411498 0.00013443126 0.0037911155 23.57 





=================================================
new best net in 64
TRAINING result
accuracy   = 100.0 [%]
hit_count  = 21806787
miss_count = 61

class_accuracy = 100.0%   99.999%   


confusion_matrix = 
17417408	 60	 
1	 4389379	 



TESTING result
accuracy   = 98.643 [%]
hit_count  = 91667
miss_count = 1261

class_accuracy = 99.999%   93.243%   


confusion_matrix = 
74252	 1261	 
0	 17415	 




65 99.999601042755 98.65164428374656 0.00020797449 0.011091385 0.00016998891 0.0037001653 22.9 





=================================================
new best net in 65
TRAINING result
accuracy   = 100.0 [%]
hit_count  = 21806761
miss_count = 87

class_accuracy = 100.0%   99.998%   


confusion_matrix = 
17416866	 86	 
1	 4389895	 



TESTING result
accuracy   = 98.652 [%]
hit_count  = 91675
miss_count = 1253

class_accuracy = 99.999%   93.351%   


confusion_matrix = 
74069	 1253	 
0	 17606	 




66 99.99966065705598 98.52574035812673 0.0002029962 0.011649326 0.00014149712 0.004042995 22.23 

67 99.99966524277144 98.6451876721763 0.00019923101 0.011141466 0.00014450008 0.0037383982 21.56 

68 99.99967899991782 98.67424242424242 0.00019508746 0.01094484 0.00013124198 0.0036712163 20.9 





=================================================
new best net in 68
TRAINING result
accuracy   = 100.0 [%]
hit_count  = 21806778
miss_count = 70

class_accuracy = 100.0%   99.998%   


confusion_matrix = 
17414498	 67	 
3	 4392280	 



TESTING result
accuracy   = 98.674 [%]
hit_count  = 91696
miss_count = 1232

class_accuracy = 99.999%   93.455%   


confusion_matrix = 
74091	 1232	 
0	 17605	 




69 99.9996698284869 98.6204373278237 0.00019307186 0.011084364 0.00014528529 0.0038768237 20.23 

70 99.99969734277967 98.76140668044077 0.00019138031 0.010303201 0.00014084802 0.0033491126 19.57 





=================================================
new best net in 70
TRAINING result
accuracy   = 100.0 [%]
hit_count  = 21806782
miss_count = 66

class_accuracy = 100.0%   99.999%   


confusion_matrix = 
17415885	 64	 
2	 4390897	 



TESTING result
accuracy   = 98.761 [%]
hit_count  = 91777
miss_count = 1151

class_accuracy = 99.999%   93.864%   


confusion_matrix = 
74155	 1151	 
0	 17622	 




71 99.99966524277144 98.81090736914601 0.00018820837 0.01052898 0.00015119875 0.0033266353 18.9 





=================================================
new best net in 71
TRAINING result
accuracy   = 100.0 [%]
hit_count  = 21806775
miss_count = 73

class_accuracy = 100.0%   99.998%   


confusion_matrix = 
17417045	 73	 
0	 4389730	 



TESTING result
accuracy   = 98.811 [%]
hit_count  = 91823
miss_count = 1105

class_accuracy = 99.999%   94.088%   


confusion_matrix = 
74220	 1105	 
0	 17603	 




72 99.9997156856415 98.6667097107438 0.00018402927 0.010919981 0.00013010025 0.00355455 18.24 

73 99.99956894274679 98.82274449035813 0.00018271348 0.010032434 0.00017293055 0.0031227344 17.51 





=================================================
new best net in 73
TRAINING result
accuracy   = 100.0 [%]
hit_count  = 21806754
miss_count = 94

class_accuracy = 100.0%   99.998%   


confusion_matrix = 
17419268	 90	 
4	 4387486	 



TESTING result
accuracy   = 98.823 [%]
hit_count  = 91834
miss_count = 1094

class_accuracy = 99.999%   94.171%   


confusion_matrix = 
74143	 1094	 
0	 17691	 




74 99.9996468999096 98.80552685950413 0.00017930876 0.0101675745 0.00013570844 0.0034975456 16.78 

75 99.99971109992605 98.90560433884298 0.00017593117 0.009496501 0.0001292382 0.0032657012 16.06 





=================================================
new best net in 75
TRAINING result
accuracy   = 100.0 [%]
hit_count  = 21806785
miss_count = 63

class_accuracy = 100.0%   99.999%   


confusion_matrix = 
17418014	 62	 
1	 4388771	 



TESTING result
accuracy   = 98.906 [%]
hit_count  = 91911
miss_count = 1017

class_accuracy = 99.999%   94.552%   


confusion_matrix = 
74244	 1017	 
0	 17667	 




76 99.99975695708063 98.89484331955923 0.00017371554 0.009890314 0.00012311515 0.0033711952 15.35 

77 99.99960562847048 98.93681129476585 0.00017167149 0.009533003 0.00015201516 0.0032350004 14.66 





=================================================
new best net in 77
TRAINING result
accuracy   = 100.0 [%]
hit_count  = 21806762
miss_count = 86

class_accuracy = 100.0%   99.998%   


confusion_matrix = 
17420023	 84	 
2	 4386739	 



TESTING result
accuracy   = 98.937 [%]
hit_count  = 91940
miss_count = 988

class_accuracy = 99.999%   94.735%   


confusion_matrix = 
74145	 988	 
0	 17795	 




78 99.99965607134052 99.02182334710744 0.00016915315 0.009458532 0.0001427375 0.0028719427 13.97 





=================================================
new best net in 78
TRAINING result
accuracy   = 100.0 [%]
hit_count  = 21806773
miss_count = 75

class_accuracy = 100.0%   99.998%   


confusion_matrix = 
17418737	 73	 
2	 4388036	 



TESTING result
accuracy   = 99.022 [%]
hit_count  = 92019
miss_count = 909

class_accuracy = 99.999%   95.146%   


confusion_matrix = 
74180	 909	 
0	 17839	 




79 99.99965148562507 98.92389807162535 0.00016743157 0.00962788 0.0001445411 0.0030121324 13.3 

80 99.99966065705598 98.91959366391184 0.00016554119 0.009761637 0.00013236002 0.0031401073 12.63 

81 99.99979364280432 98.94972451790633 0.00016150341 0.009511379 0.00011301528 0.0032552797 11.94 

82 99.99968358563328 99.00352961432507 0.00016025793 0.009407914 0.00014067591 0.0030595078 11.23 

83 99.99969275706421 99.05518250688705 0.00015767805 0.008967327 0.00012694471 0.002886807 10.54 





=================================================
new best net in 83
TRAINING result
accuracy   = 100.0 [%]
hit_count  = 21806781
miss_count = 67

class_accuracy = 100.0%   99.998%   


confusion_matrix = 
17420698	 65	 
2	 4386083	 



TESTING result
accuracy   = 99.055 [%]
hit_count  = 92050
miss_count = 878

class_accuracy = 99.999%   95.309%   


confusion_matrix = 
74189	 878	 
0	 17861	 




84 99.99972027135696 99.08961776859505 0.00015633518 0.008625511 0.00013002576 0.002746237 9.87 





=================================================
new best net in 84
TRAINING result
accuracy   = 100.0 [%]
hit_count  = 21806787
miss_count = 61

class_accuracy = 100.0%   99.999%   


confusion_matrix = 
17414953	 61	 
0	 4391834	 



TESTING result
accuracy   = 99.09 [%]
hit_count  = 92082
miss_count = 846

class_accuracy = 99.999%   95.486%   


confusion_matrix = 
74165	 846	 
0	 17917	 




85 99.99966524277144 99.02827995867769 0.0001542246 0.0088822665 0.00014079997 0.0030376152 9.21 

86 99.99976612851155 99.11759641873279 0.000150658 0.008536725 0.000109546 0.0027326585 8.56 





=================================================
new best net in 86
TRAINING result
accuracy   = 100.0 [%]
hit_count  = 21806797
miss_count = 51

class_accuracy = 100.0%   99.999%   


confusion_matrix = 
17420195	 51	 
0	 4386602	 



TESTING result
accuracy   = 99.118 [%]
hit_count  = 92108
miss_count = 820

class_accuracy = 99.999%   95.598%   


confusion_matrix = 
74279	 820	 
0	 17829	 




87 99.99970192849513 99.10468319559229 0.0001496926 0.008435488 0.00013675957 0.002848469 7.91 

88 99.99965148562507 99.09176997245179 0.00014796267 0.008598594 0.00014461385 0.0028882965 7.28 

89 99.9998761856826 99.00030130853995 0.00014382224 0.00966744 0.00010289231 0.0030695414 6.7 

90 99.99976612851155 99.12512913223141 0.00014369855 0.008013524 0.00011982549 0.0028284907 6.12 





=================================================
new best net in 90
TRAINING result
accuracy   = 100.0 [%]
hit_count  = 21806797
miss_count = 51

class_accuracy = 100.0%   99.999%   


confusion_matrix = 
17419876	 50	 
1	 4386921	 



TESTING result
accuracy   = 99.125 [%]
hit_count  = 92115
miss_count = 813

class_accuracy = 99.999%   95.67%   


confusion_matrix = 
74131	 813	 
0	 17984	 




91 99.99977529994247 99.18431473829202 0.00014172992 0.008111756 0.00011184798 0.0026889492 5.51 





=================================================
new best net in 91
TRAINING result
accuracy   = 100.0 [%]
hit_count  = 21806799
miss_count = 49

class_accuracy = 100.0%   99.999%   


confusion_matrix = 
17413575	 48	 
1	 4393224	 



TESTING result
accuracy   = 99.184 [%]
hit_count  = 92170
miss_count = 758

class_accuracy = 99.999%   95.947%   


confusion_matrix = 
74201	 758	 
0	 17969	 




92 99.99983032852799 99.19830406336088 0.00013907759 0.007689978 0.00010737177 0.002653698 4.91 





=================================================
new best net in 92
TRAINING result
accuracy   = 100.0 [%]
hit_count  = 21806811
miss_count = 37

class_accuracy = 100.0%   99.999%   


confusion_matrix = 
17415457	 36	 
1	 4391354	 



TESTING result
accuracy   = 99.198 [%]
hit_count  = 92183
miss_count = 745

class_accuracy = 99.999%   96.018%   


confusion_matrix = 
74195	 745	 
0	 17988	 




93 99.99977988565793 99.19292355371901 0.0001371228 0.0077748494 0.000111157846 0.0027825055 4.31 

94 99.9997156856415 99.41137224517907 0.0001359411 0.006746564 0.00012318748 0.002270194 3.7 





=================================================
new best net in 94
TRAINING result
accuracy   = 100.0 [%]
hit_count  = 21806786
miss_count = 62

class_accuracy = 100.0%   99.999%   


confusion_matrix = 
17417980	 59	 
3	 4388806	 



TESTING result
accuracy   = 99.411 [%]
hit_count  = 92381
miss_count = 547

class_accuracy = 99.999%   97.067%   


confusion_matrix = 
74248	 547	 
0	 18133	 




95 99.99972027135696 99.18754304407713 0.00013467328 0.0076082605 0.00013023599 0.0025845766 3.09 

96 99.99979822851978 99.30914256198348 0.00013185795 0.0073559894 0.000108784836 0.0025859205 2.47 

97 99.99969275706421 99.11867252066116 0.00013097563 0.008134957 0.00012963946 0.0027222726 1.86 

98 99.9997615427961 99.06271522038567 0.00012918656 0.0085106 0.00012223513 0.0028693115 1.24 

99 99.99977529994247 98.85179924242425 0.00012741626 0.009434054 0.000112723086 0.0031325417 0.62 

