loading  /home/jasencakova/dataset/cells/priamy_kanal/sim_2xKSin1_D_hct15_seed4_rigid62_1/rbc0_sim_2xKSin1_D_hct15_seed4_rigid62_1.dat
shape =  (3, 189)
189
loading  /home/jasencakova/dataset/cells/priamy_kanal/sim_2xKSin1_D_hct15_seed4_rigid62_1/rbc1_sim_2xKSin1_D_hct15_seed4_rigid62_1.dat
shape =  (3, 189)
189
loading  /home/jasencakova/dataset/cells/priamy_kanal/sim_2xKSin1_D_hct15_seed4_rigid62_1/rbc2_sim_2xKSin1_D_hct15_seed4_rigid62_1.dat
shape =  (3, 189)
189
loading  /home/jasencakova/dataset/cells/priamy_kanal/sim_2xKSin1_D_hct15_seed4_rigid62_1/rbc3_sim_2xKSin1_D_hct15_seed4_rigid62_1.dat
shape =  (3, 189)
189
loading  /home/jasencakova/dataset/cells/priamy_kanal/sim_2xKSin1_D_hct15_seed4_rigid62_1/rbc4_sim_2xKSin1_D_hct15_seed4_rigid62_1.dat
shape =  (3, 189)
189
loading  /home/jasencakova/dataset/cells/priamy_kanal/sim_2xKSin1_D_hct15_seed4_rigid62_1/rbc5_sim_2xKSin1_D_hct15_seed4_rigid62_1.dat
shape =  (3, 189)
189
loading  /home/jasencakova/dataset/cells/priamy_kanal/sim_2xKSin1_D_hct15_seed4_rigid62_1/rbc6_sim_2xKSin1_D_hct15_seed4_rigid62_1.dat
shape =  (3, 189)
189
loading  /home/jasencakova/dataset/cells/priamy_kanal/sim_2xKSin1_D_hct15_seed4_rigid62_1/rbc7_sim_2xKSin1_D_hct15_seed4_rigid62_1.dat
shape =  (3, 189)
189
loading  /home/jasencakova/dataset/cells/priamy_kanal/sim_2xKSin1_D_hct15_seed4_rigid62_1/rbc8_sim_2xKSin1_D_hct15_seed4_rigid62_1.dat
shape =  (3, 189)
189
loading  /home/jasencakova/dataset/cells/priamy_kanal/sim_2xKSin1_D_hct15_seed4_rigid62_1/rbc9_sim_2xKSin1_D_hct15_seed4_rigid62_1.dat
shape =  (3, 189)
189
loading  /home/jasencakova/dataset/cells/priamy_kanal/sim_2xKSin1_D_hct15_seed4_rigid62_1/rbc10_sim_2xKSin1_D_hct15_seed4_rigid62_1.dat
shape =  (3, 189)
189
loading  /home/jasencakova/dataset/cells/priamy_kanal/sim_2xKSin1_D_hct15_seed4_rigid62_1/rbc11_sim_2xKSin1_D_hct15_seed4_rigid62_1.dat
shape =  (3, 189)
189
loading  /home/jasencakova/dataset/cells/priamy_kanal/sim_2xKSin1_D_hct15_seed4_rigid62_1/rbc12_sim_2xKSin1_D_hct15_seed4_rigid62_1.dat
shape =  (3, 189)
189
loading  /home/jasencakova/dataset/cells/priamy_kanal/sim_2xKSin1_D_hct15_seed4_rigid62_1/rbc13_sim_2xKSin1_D_hct15_seed4_rigid62_1.dat
shape =  (3, 189)
189
loading  /home/jasencakova/dataset/cells/priamy_kanal/sim_2xKSin1_D_hct15_seed4_rigid62_1/rbc14_sim_2xKSin1_D_hct15_seed4_rigid62_1.dat
shape =  (3, 189)
189
loading  /home/jasencakova/dataset/cells/priamy_kanal/sim_2xKSin1_D_hct15_seed4_rigid62_1/rbc15_sim_2xKSin1_D_hct15_seed4_rigid62_1.dat
shape =  (3, 189)
189
loading  /home/jasencakova/dataset/cells/priamy_kanal/sim_2xKSin1_D_hct15_seed4_rigid62_1/rbc16_sim_2xKSin1_D_hct15_seed4_rigid62_1.dat
shape =  (3, 189)
189
loading  /home/jasencakova/dataset/cells/priamy_kanal/sim_2xKSin1_D_hct15_seed4_rigid62_1/rbc17_sim_2xKSin1_D_hct15_seed4_rigid62_1.dat
shape =  (3, 189)
189
loading  /home/jasencakova/dataset/cells/priamy_kanal/sim_2xKSin1_D_hct15_seed4_rigid62_1/rbc18_sim_2xKSin1_D_hct15_seed4_rigid62_1.dat
shape =  (3, 189)
189
loading  /home/jasencakova/dataset/cells/priamy_kanal/sim_2xKSin1_D_hct15_seed4_rigid62_1/rbc19_sim_2xKSin1_D_hct15_seed4_rigid62_1.dat
shape =  (3, 189)
189
loading  /home/jasencakova/dataset/cells/priamy_kanal/sim_2xKSin1_D_hct15_seed4_rigid62_1/rbc20_sim_2xKSin1_D_hct15_seed4_rigid62_1.dat
shape =  (3, 189)
189
loading  /home/jasencakova/dataset/cells/priamy_kanal/sim_2xKSin1_D_hct15_seed4_rigid62_1/rbc21_sim_2xKSin1_D_hct15_seed4_rigid62_1.dat
shape =  (3, 189)
189
loading  /home/jasencakova/dataset/cells/priamy_kanal/sim_2xKSin1_D_hct15_seed4_rigid62_1/rbc22_sim_2xKSin1_D_hct15_seed4_rigid62_1.dat
shape =  (3, 189)
189
loading  /home/jasencakova/dataset/cells/priamy_kanal/sim_2xKSin1_D_hct15_seed4_rigid62_1/rbc23_sim_2xKSin1_D_hct15_seed4_rigid62_1.dat
shape =  (3, 189)
189
loading  /home/jasencakova/dataset/cells/priamy_kanal/sim_2xKSin1_D_hct15_seed4_rigid62_1/rbc24_sim_2xKSin1_D_hct15_seed4_rigid62_1.dat
shape =  (3, 189)
189
loading  /home/jasencakova/dataset/cells/priamy_kanal/sim_2xKSin1_D_hct15_seed4_rigid62_1/rbc25_sim_2xKSin1_D_hct15_seed4_rigid62_1.dat
shape =  (3, 189)
189
loading  /home/jasencakova/dataset/cells/priamy_kanal/sim_2xKSin1_D_hct15_seed4_rigid62_1/rbc26_sim_2xKSin1_D_hct15_seed4_rigid62_1.dat
shape =  (3, 189)
189
loading  /home/jasencakova/dataset/cells/priamy_kanal/sim_2xKSin1_D_hct15_seed4_rigid62_1/rbc27_sim_2xKSin1_D_hct15_seed4_rigid62_1.dat
shape =  (3, 189)
189
loading  /home/jasencakova/dataset/cells/priamy_kanal/sim_2xKSin1_D_hct15_seed4_rigid62_1/rbc28_sim_2xKSin1_D_hct15_seed4_rigid62_1.dat
shape =  (3, 189)
189
loading  /home/jasencakova/dataset/cells/priamy_kanal/sim_2xKSin1_D_hct15_seed4_rigid62_1/rbc29_sim_2xKSin1_D_hct15_seed4_rigid62_1.dat
shape =  (3, 189)
189
loading  /home/jasencakova/dataset/cells/priamy_kanal/sim_2xKSin1_D_hct15_seed4_rigid62_1/rbc30_sim_2xKSin1_D_hct15_seed4_rigid62_1.dat
shape =  (3, 189)
189
loading  /home/jasencakova/dataset/cells/priamy_kanal/sim_2xKSin1_D_hct15_seed4_rigid62_1/rbc31_sim_2xKSin1_D_hct15_seed4_rigid62_1.dat
shape =  (3, 189)
189
loading  /home/jasencakova/dataset/cells/priamy_kanal/sim_2xKSin1_D_hct15_seed4_rigid62_1/rbc32_sim_2xKSin1_D_hct15_seed4_rigid62_1.dat
shape =  (3, 189)
189
loading  /home/jasencakova/dataset/cells/priamy_kanal/sim_2xKSin1_D_hct15_seed4_rigid62_1/rbc33_sim_2xKSin1_D_hct15_seed4_rigid62_1.dat
shape =  (3, 189)
189
loading  /home/jasencakova/dataset/cells/priamy_kanal/sim_2xKSin1_D_hct15_seed4_rigid62_1/rbc34_sim_2xKSin1_D_hct15_seed4_rigid62_1.dat
shape =  (3, 189)
189
loading  /home/jasencakova/dataset/cells/priamy_kanal/sim_2xKSin1_D_hct15_seed4_rigid62_1/rbc35_sim_2xKSin1_D_hct15_seed4_rigid62_1.dat
shape =  (3, 189)
189
loading  /home/jasencakova/dataset/cells/priamy_kanal/sim_2xKSin1_D_hct15_seed4_rigid62_1/rbc36_sim_2xKSin1_D_hct15_seed4_rigid62_1.dat
shape =  (3, 189)
189
loading  /home/jasencakova/dataset/cells/priamy_kanal/sim_2xKSin1_D_hct15_seed4_rigid62_1/rbc37_sim_2xKSin1_D_hct15_seed4_rigid62_1.dat
shape =  (3, 189)
189
loading  /home/jasencakova/dataset/cells/priamy_kanal/sim_2xKSin1_D_hct15_seed4_rigid62_1/rbc38_sim_2xKSin1_D_hct15_seed4_rigid62_1.dat
shape =  (3, 189)
189
loading  /home/jasencakova/dataset/cells/priamy_kanal/sim_2xKSin1_D_hct15_seed4_rigid62_1/rbc39_sim_2xKSin1_D_hct15_seed4_rigid62_1.dat
shape =  (3, 189)
189
loading  /home/jasencakova/dataset/cells/priamy_kanal/sim_2xKSin1_D_hct15_seed4_rigid62_1/rbc40_sim_2xKSin1_D_hct15_seed4_rigid62_1.dat
shape =  (3, 189)
189
loading  /home/jasencakova/dataset/cells/priamy_kanal/sim_2xKSin1_D_hct15_seed4_rigid62_1/rbc41_sim_2xKSin1_D_hct15_seed4_rigid62_1.dat
shape =  (3, 189)
189
loading  /home/jasencakova/dataset/cells/priamy_kanal/sim_2xKSin1_D_hct15_seed4_rigid62_1/rbc42_sim_2xKSin1_D_hct15_seed4_rigid62_1.dat
shape =  (3, 189)
189
loading  /home/jasencakova/dataset/cells/priamy_kanal/sim_2xKSin1_D_hct15_seed4_rigid62_1/rbc43_sim_2xKSin1_D_hct15_seed4_rigid62_1.dat
shape =  (3, 189)
189
loading  /home/jasencakova/dataset/cells/priamy_kanal/sim_2xKSin1_D_hct15_seed4_rigid62_1/rbc44_sim_2xKSin1_D_hct15_seed4_rigid62_1.dat
shape =  (3, 189)
189
loading  /home/jasencakova/dataset/cells/priamy_kanal/sim_2xKSin1_D_hct15_seed4_rigid62_1/rbc45_sim_2xKSin1_D_hct15_seed4_rigid62_1.dat
shape =  (3, 189)
189
loading  /home/jasencakova/dataset/cells/priamy_kanal/sim_2xKSin1_D_hct15_seed4_rigid62_1/rbc46_sim_2xKSin1_D_hct15_seed4_rigid62_1.dat
shape =  (3, 189)
189
loading  /home/jasencakova/dataset/cells/priamy_kanal/sim_2xKSin1_D_hct15_seed4_rigid62_1/rbc47_sim_2xKSin1_D_hct15_seed4_rigid62_1.dat
shape =  (3, 189)
189
loading  /home/jasencakova/dataset/cells/priamy_kanal/sim_2xKSin1_D_hct15_seed4_rigid62_1/rbc48_sim_2xKSin1_D_hct15_seed4_rigid62_1.dat
shape =  (3, 189)
189
loading  /home/jasencakova/dataset/cells/priamy_kanal/sim_2xKSin1_D_hct15_seed4_rigid62_1/rbc49_sim_2xKSin1_D_hct15_seed4_rigid62_1.dat
shape =  (3, 189)
189
loading  /home/jasencakova/dataset/cells/priamy_kanal/sim_2xKSin1_D_hct15_seed4_rigid62_1/rbc50_sim_2xKSin1_D_hct15_seed4_rigid62_1.dat
shape =  (3, 189)
189
loading  /home/jasencakova/dataset/cells/priamy_kanal/sim_2xKSin1_D_hct15_seed4_rigid62_1/rbc51_sim_2xKSin1_D_hct15_seed4_rigid62_1.dat
shape =  (3, 189)
189
loading  /home/jasencakova/dataset/cells/priamy_kanal/sim_2xKSin1_D_hct15_seed4_rigid62_1/rbc52_sim_2xKSin1_D_hct15_seed4_rigid62_1.dat
shape =  (3, 189)
189
loading  /home/jasencakova/dataset/cells/priamy_kanal/sim_2xKSin1_D_hct15_seed4_rigid62_1/rbc53_sim_2xKSin1_D_hct15_seed4_rigid62_1.dat
shape =  (3, 189)
189
loading  /home/jasencakova/dataset/cells/priamy_kanal/sim_2xKSin1_D_hct15_seed4_rigid62_1/rbc54_sim_2xKSin1_D_hct15_seed4_rigid62_1.dat
shape =  (3, 189)
189
loading  /home/jasencakova/dataset/cells/priamy_kanal/sim_2xKSin1_D_hct15_seed4_rigid62_1/rbc55_sim_2xKSin1_D_hct15_seed4_rigid62_1.dat
shape =  (3, 189)
189
loading  /home/jasencakova/dataset/cells/priamy_kanal/sim_2xKSin1_D_hct15_seed4_rigid62_1/rbc56_sim_2xKSin1_D_hct15_seed4_rigid62_1.dat
shape =  (3, 189)
189
loading  /home/jasencakova/dataset/cells/priamy_kanal/sim_2xKSin1_D_hct15_seed4_rigid62_1/rbc57_sim_2xKSin1_D_hct15_seed4_rigid62_1.dat
shape =  (3, 189)
189
loading  /home/jasencakova/dataset/cells/priamy_kanal/sim_2xKSin1_D_hct15_seed4_rigid62_1/rbc58_sim_2xKSin1_D_hct15_seed4_rigid62_1.dat
shape =  (3, 189)
189
loading  /home/jasencakova/dataset/cells/priamy_kanal/sim_2xKSin1_D_hct15_seed4_rigid62_1/rbc59_sim_2xKSin1_D_hct15_seed4_rigid62_1.dat
shape =  (3, 189)
189
loading  /home/jasencakova/dataset/cells/priamy_kanal/sim_2xKSin1_D_hct15_seed4_rigid62_1/rbc60_sim_2xKSin1_D_hct15_seed4_rigid62_1.dat
shape =  (3, 189)
189
loading  /home/jasencakova/dataset/cells/priamy_kanal/sim_2xKSin1_D_hct15_seed4_rigid62_1/rbc61_sim_2xKSin1_D_hct15_seed4_rigid62_1.dat
shape =  (3, 189)
189
loading  /home/jasencakova/dataset/cells/priamy_kanal/sim_2xKSin1_D_hct15_seed4_rigid62_1/rbc62_sim_2xKSin1_D_hct15_seed4_rigid62_1.dat
shape =  (3, 189)
189
loading  /home/jasencakova/dataset/cells/priamy_kanal/sim_2xKSin1_D_hct15_seed4_rigid62_1/rbc63_sim_2xKSin1_D_hct15_seed4_rigid62_1.dat
shape =  (3, 189)
189
loading  /home/jasencakova/dataset/cells/priamy_kanal/sim_2xKSin1_D_hct15_seed4_rigid62_1/rbc64_sim_2xKSin1_D_hct15_seed4_rigid62_1.dat
shape =  (3, 189)
189
loading  /home/jasencakova/dataset/cells/priamy_kanal/sim_2xKSin1_D_hct15_seed4_rigid62_1/rbc65_sim_2xKSin1_D_hct15_seed4_rigid62_1.dat
shape =  (3, 189)
189
loading  /home/jasencakova/dataset/cells/priamy_kanal/sim_2xKSin1_D_hct15_seed4_rigid62_1/rbc66_sim_2xKSin1_D_hct15_seed4_rigid62_1.dat
shape =  (3, 189)
189
loading  /home/jasencakova/dataset/cells/priamy_kanal/sim_2xKSin1_D_hct15_seed4_rigid62_1/rbc67_sim_2xKSin1_D_hct15_seed4_rigid62_1.dat
shape =  (3, 189)
189
loading  /home/jasencakova/dataset/cells/priamy_kanal/sim_2xKSin1_D_hct15_seed4_rigid62_1/rbc68_sim_2xKSin1_D_hct15_seed4_rigid62_1.dat
shape =  (3, 189)
189
loading  /home/jasencakova/dataset/cells/priamy_kanal/sim_2xKSin1_D_hct15_seed4_rigid62_1/rbc69_sim_2xKSin1_D_hct15_seed4_rigid62_1.dat
shape =  (3, 189)
189
loading  /home/jasencakova/dataset/cells/priamy_kanal/sim_2xKSin1_D_hct15_seed4_rigid62_1/rbc70_sim_2xKSin1_D_hct15_seed4_rigid62_1.dat
shape =  (3, 189)
189
loading  /home/jasencakova/dataset/cells/priamy_kanal/sim_2xKSin1_D_hct15_seed4_rigid62_1/rbc71_sim_2xKSin1_D_hct15_seed4_rigid62_1.dat
shape =  (3, 189)
189
loading  /home/jasencakova/dataset/cells/priamy_kanal/sim_2xKSin1_D_hct15_seed4_rigid62_1/rbc72_sim_2xKSin1_D_hct15_seed4_rigid62_1.dat
shape =  (3, 189)
189
loading  /home/jasencakova/dataset/cells/priamy_kanal/sim_2xKSin1_D_hct15_seed4_rigid62_1/rbc73_sim_2xKSin1_D_hct15_seed4_rigid62_1.dat
shape =  (3, 189)
189
loading  /home/jasencakova/dataset/cells/priamy_kanal/sim_2xKSin1_D_hct15_seed4_rigid62_1/rbc74_sim_2xKSin1_D_hct15_seed4_rigid62_1.dat
shape =  (3, 189)
189
loading  /home/jasencakova/dataset/cells/priamy_kanal/sim_2xKSin1_D_hct15_seed4_rigid62_1/rbc75_sim_2xKSin1_D_hct15_seed4_rigid62_1.dat
shape =  (3, 189)
189
loading  /home/jasencakova/dataset/cells/priamy_kanal/sim_2xKSin1_D_hct15_seed4_rigid62_1/rbc76_sim_2xKSin1_D_hct15_seed4_rigid62_1.dat
shape =  (3, 189)
189
loading  /home/jasencakova/dataset/cells/priamy_kanal/sim_2xKSin1_D_hct15_seed4_rigid62_1/rbc77_sim_2xKSin1_D_hct15_seed4_rigid62_1.dat
shape =  (3, 189)
189
loading  /home/jasencakova/dataset/cells/priamy_kanal/sim_2xKSin1_D_hct15_seed4_rigid62_1/rbc78_sim_2xKSin1_D_hct15_seed4_rigid62_1.dat
shape =  (3, 189)
189
loading  /home/jasencakova/dataset/cells/priamy_kanal/sim_2xKSin1_D_hct15_seed4_rigid62_1/rbc79_sim_2xKSin1_D_hct15_seed4_rigid62_1.dat
shape =  (3, 189)
189
loading  /home/jasencakova/dataset/cells/priamy_kanal/sim_2xKSin1_D_hct15_seed4_rigid62_1/rbc80_sim_2xKSin1_D_hct15_seed4_rigid62_1.dat
shape =  (3, 189)
189
loading  /home/jasencakova/dataset/cells/priamy_kanal/sim_2xKSin1_D_hct15_seed4_rigid62_1/rbc81_sim_2xKSin1_D_hct15_seed4_rigid62_1.dat
shape =  (3, 189)
189
loading  /home/jasencakova/dataset/cells/priamy_kanal/sim_2xKSin1_D_hct15_seed4_rigid62_1/rbc82_sim_2xKSin1_D_hct15_seed4_rigid62_1.dat
shape =  (3, 189)
189
loading  /home/jasencakova/dataset/cells/priamy_kanal/sim_2xKSin1_D_hct15_seed4_rigid62_1/rbc83_sim_2xKSin1_D_hct15_seed4_rigid62_1.dat
shape =  (3, 189)
189
loading  /home/jasencakova/dataset/cells/priamy_kanal/sim_2xKSin1_D_hct15_seed4_rigid62_1/rbc84_sim_2xKSin1_D_hct15_seed4_rigid62_1.dat
shape =  (3, 189)
189
loading  /home/jasencakova/dataset/cells/priamy_kanal/sim_2xKSin1_D_hct15_seed4_rigid62_1/rbc85_sim_2xKSin1_D_hct15_seed4_rigid62_1.dat
shape =  (3, 189)
189
loading  /home/jasencakova/dataset/cells/priamy_kanal/sim_2xKSin1_D_hct15_seed4_rigid62_1/rbc86_sim_2xKSin1_D_hct15_seed4_rigid62_1.dat
shape =  (3, 189)
189
loading  /home/jasencakova/dataset/cells/priamy_kanal/sim_2xKSin1_D_hct15_seed4_rigid62_1/rbc87_sim_2xKSin1_D_hct15_seed4_rigid62_1.dat
shape =  (3, 189)
189
loading  /home/jasencakova/dataset/cells/priamy_kanal/sim_2xKSin1_D_hct15_seed4_rigid62_1/rbc88_sim_2xKSin1_D_hct15_seed4_rigid62_1.dat
shape =  (3, 189)
189
loading  /home/jasencakova/dataset/cells/priamy_kanal/sim_2xKSin1_D_hct15_seed4_rigid62_1/rbc89_sim_2xKSin1_D_hct15_seed4_rigid62_1.dat
shape =  (3, 189)
189
loading  /home/jasencakova/dataset/cells/priamy_kanal/sim_2xKSin1_D_hct15_seed4_rigid62_1/rbc90_sim_2xKSin1_D_hct15_seed4_rigid62_1.dat
shape =  (3, 189)
189
loading  /home/jasencakova/dataset/cells/priamy_kanal/sim_2xKSin1_D_hct15_seed4_rigid62_1/rbc91_sim_2xKSin1_D_hct15_seed4_rigid62_1.dat
shape =  (3, 189)
189
loading  /home/jasencakova/dataset/cells/priamy_kanal/sim_2xKSin1_D_hct15_seed4_rigid62_1/rbc92_sim_2xKSin1_D_hct15_seed4_rigid62_1.dat
shape =  (3, 189)
189
loading  /home/jasencakova/dataset/cells/priamy_kanal/sim_2xKSin1_D_hct15_seed4_rigid62_1/rbc93_sim_2xKSin1_D_hct15_seed4_rigid62_1.dat
shape =  (3, 189)
189
loading  /home/jasencakova/dataset/cells/priamy_kanal/sim_2xKSin1_D_hct15_seed4_rigid62_1/rbc94_sim_2xKSin1_D_hct15_seed4_rigid62_1.dat
shape =  (3, 189)
189
loading  /home/jasencakova/dataset/cells/priamy_kanal/sim_2xKSin1_D_hct15_seed4_rigid62_1/rbc95_sim_2xKSin1_D_hct15_seed4_rigid62_1.dat
shape =  (3, 189)
189
loading  /home/jasencakova/dataset/cells/priamy_kanal/sim_2xKSin1_D_hct15_seed4_rigid62_1/rbc96_sim_2xKSin1_D_hct15_seed4_rigid62_1.dat
shape =  (3, 189)
189
loading  /home/jasencakova/dataset/cells/priamy_kanal/sim_2xKSin1_D_hct15_seed4_rigid62_1/rbc97_sim_2xKSin1_D_hct15_seed4_rigid62_1.dat
shape =  (3, 189)
189
loading  /home/jasencakova/dataset/cells/priamy_kanal/sim_2xKSin1_D_hct15_seed4_rigid62_1/rbc98_sim_2xKSin1_D_hct15_seed4_rigid62_1.dat
shape =  (3, 189)
189
loading  /home/jasencakova/dataset/cells/priamy_kanal/sim_2xKSin1_D_hct15_seed4_rigid62_1/rbc99_sim_2xKSin1_D_hct15_seed4_rigid62_1.dat
shape =  (3, 189)
189
loading  /home/jasencakova/dataset/cells/priamy_kanal/sim_2xKSin1_D_hct15_seed4_rigid62_1/rbc100_sim_2xKSin1_D_hct15_seed4_rigid62_1.dat
shape =  (3, 189)
189
loading  /home/jasencakova/dataset/cells/priamy_kanal/sim_2xKSin1_D_hct15_seed4_rigid62_1/rbc101_sim_2xKSin1_D_hct15_seed4_rigid62_1.dat
shape =  (3, 189)
189
loading  /home/jasencakova/dataset/cells/priamy_kanal/sim_2xKSin1_D_hct15_seed4_rigid62_1/rbc102_sim_2xKSin1_D_hct15_seed4_rigid62_1.dat
shape =  (3, 189)
189
loading  /home/jasencakova/dataset/cells/priamy_kanal/sim_2xKSin1_D_hct15_seed4_rigid62_1/rbc103_sim_2xKSin1_D_hct15_seed4_rigid62_1.dat
shape =  (3, 189)
189
loading  /home/jasencakova/dataset/cells/priamy_kanal/sim_2xKSin1_D_hct15_seed4_rigid62_1/rbc104_sim_2xKSin1_D_hct15_seed4_rigid62_1.dat
shape =  (3, 189)
189
loading  /home/jasencakova/dataset/cells/priamy_kanal/sim_2xKSin1_D_hct15_seed4_rigid62_1/rbc105_sim_2xKSin1_D_hct15_seed4_rigid62_1.dat
shape =  (3, 189)
189
loading  /home/jasencakova/dataset/cells/priamy_kanal/sim_2xKSin1_D_hct15_seed4_rigid62_1/rbc106_sim_2xKSin1_D_hct15_seed4_rigid62_1.dat
shape =  (3, 189)
189
loading  /home/jasencakova/dataset/cells/priamy_kanal/sim_2xKSin1_D_hct15_seed4_rigid62_1/rbc107_sim_2xKSin1_D_hct15_seed4_rigid62_1.dat
shape =  (3, 189)
189
loading  /home/jasencakova/dataset/cells/priamy_kanal/sim_2xKSin1_D_hct15_seed4_rigid62_1/rbc108_sim_2xKSin1_D_hct15_seed4_rigid62_1.dat
shape =  (3, 189)
189
loading  /home/jasencakova/dataset/cells/priamy_kanal/sim_2xKSin1_D_hct15_seed4_rigid62_1/rbc109_sim_2xKSin1_D_hct15_seed4_rigid62_1.dat
shape =  (3, 189)
189
loading  /home/jasencakova/dataset/cells/priamy_kanal/sim_2xKSin1_D_hct15_seed4_rigid62_1/rbc110_sim_2xKSin1_D_hct15_seed4_rigid62_1.dat
shape =  (3, 189)
189
loading  /home/jasencakova/dataset/cells/priamy_kanal/sim_2xKSin1_D_hct15_seed4_rigid62_1/rbc111_sim_2xKSin1_D_hct15_seed4_rigid62_1.dat
shape =  (3, 189)
189
loading  /home/jasencakova/dataset/cells/priamy_kanal/sim_2xKSin1_D_hct15_seed4_rigid62_1/rbc112_sim_2xKSin1_D_hct15_seed4_rigid62_1.dat
shape =  (3, 189)
189
loading  /home/jasencakova/dataset/cells/priamy_kanal/sim_2xKSin1_D_hct15_seed4_rigid62_1/rbc113_sim_2xKSin1_D_hct15_seed4_rigid62_1.dat
shape =  (3, 189)
189
loading  /home/jasencakova/dataset/cells/priamy_kanal/sim_2xKSin1_D_hct15_seed4_rigid62_1/rbc114_sim_2xKSin1_D_hct15_seed4_rigid62_1.dat
shape =  (3, 189)
189
loading  /home/jasencakova/dataset/cells/priamy_kanal/sim_2xKSin1_D_hct15_seed4_rigid62_1/rbc115_sim_2xKSin1_D_hct15_seed4_rigid62_1.dat
shape =  (3, 189)
189
loading  /home/jasencakova/dataset/cells/priamy_kanal/sim_2xKSin1_D_hct15_seed4_rigid62_1/rbc116_sim_2xKSin1_D_hct15_seed4_rigid62_1.dat
shape =  (3, 189)
189
loading  /home/jasencakova/dataset/cells/priamy_kanal/sim_2xKSin1_D_hct15_seed4_rigid62_1/rbc117_sim_2xKSin1_D_hct15_seed4_rigid62_1.dat
shape =  (3, 189)
189
loading  /home/jasencakova/dataset/cells/priamy_kanal/sim_2xKSin1_D_hct15_seed4_rigid62_1/rbc118_sim_2xKSin1_D_hct15_seed4_rigid62_1.dat
shape =  (3, 189)
189
loading  /home/jasencakova/dataset/cells/priamy_kanal/sim_2xKSin1_D_hct15_seed4_rigid62_1/rbc119_sim_2xKSin1_D_hct15_seed4_rigid62_1.dat
shape =  (3, 189)
189
loading  /home/jasencakova/dataset/cells/priamy_kanal/sim_2xKSin1_D_hct15_seed4_rigid62_1/rbc120_sim_2xKSin1_D_hct15_seed4_rigid62_1.dat
shape =  (3, 189)
189
loading  /home/jasencakova/dataset/cells/priamy_kanal/sim_2xKSin1_D_hct15_seed4_rigid62_1/rbc121_sim_2xKSin1_D_hct15_seed4_rigid62_1.dat
shape =  (3, 189)
189
loading  /home/jasencakova/dataset/cells/priamy_kanal/sim_2xKSin1_D_hct15_seed4_rigid62_1/rbc122_sim_2xKSin1_D_hct15_seed4_rigid62_1.dat
shape =  (3, 189)
189
loading  /home/jasencakova/dataset/cells/priamy_kanal/sim_2xKSin1_D_hct15_seed4_rigid62_1/rbc123_sim_2xKSin1_D_hct15_seed4_rigid62_1.dat
shape =  (3, 189)
189
loading  /home/jasencakova/dataset/cells/priamy_kanal/sim_2xKSin1_D_hct15_seed4_rigid62_1/rbc124_sim_2xKSin1_D_hct15_seed4_rigid62_1.dat
shape =  (3, 189)
189
loading  /home/jasencakova/dataset/cells/priamy_kanal/sim_2xKSin1_D_hct15_seed4_rigid62_1/rbc125_sim_2xKSin1_D_hct15_seed4_rigid62_1.dat
shape =  (3, 189)
189
loading  /home/jasencakova/dataset/cells/priamy_kanal/sim_2xKSin1_D_hct15_seed4_rigid62_1/rbc126_sim_2xKSin1_D_hct15_seed4_rigid62_1.dat
shape =  (3, 189)
189
loading  /home/jasencakova/dataset/cells/priamy_kanal/sim_2xKSin1_D_hct15_seed4_rigid62_1/rbc127_sim_2xKSin1_D_hct15_seed4_rigid62_1.dat
shape =  (3, 189)
189
loading  /home/jasencakova/dataset/cells/priamy_kanal/sim_2xKSin1_D_hct15_seed4_rigid62_1/rbc128_sim_2xKSin1_D_hct15_seed4_rigid62_1.dat
shape =  (3, 189)
189
loading  /home/jasencakova/dataset/cells/priamy_kanal/sim_2xKSin1_D_hct15_seed4_rigid62_1/rbc129_sim_2xKSin1_D_hct15_seed4_rigid62_1.dat
shape =  (3, 189)
189
loading  /home/jasencakova/dataset/cells/priamy_kanal/sim_2xKSin1_D_hct15_seed4_rigid62_1/rbc130_sim_2xKSin1_D_hct15_seed4_rigid62_1.dat
shape =  (3, 189)
189
loading  /home/jasencakova/dataset/cells/priamy_kanal/sim_2xKSin1_D_hct15_seed4_rigid62_1/rbc131_sim_2xKSin1_D_hct15_seed4_rigid62_1.dat
shape =  (3, 189)
189
loading  /home/jasencakova/dataset/cells/priamy_kanal/sim_2xKSin1_D_hct15_seed4_rigid62_1/rbc132_sim_2xKSin1_D_hct15_seed4_rigid62_1.dat
shape =  (3, 189)
189
loading  /home/jasencakova/dataset/cells/priamy_kanal/sim_2xKSin1_D_hct15_seed4_rigid62_1/rbc133_sim_2xKSin1_D_hct15_seed4_rigid62_1.dat
shape =  (3, 189)
189
loading  /home/jasencakova/dataset/cells/priamy_kanal/sim_2xKSin1_D_hct15_seed4_rigid62_1/rbc134_sim_2xKSin1_D_hct15_seed4_rigid62_1.dat
shape =  (3, 189)
189
loading  /home/jasencakova/dataset/cells/priamy_kanal/sim_2xKSin1_D_hct15_seed4_rigid62_1/rbc135_sim_2xKSin1_D_hct15_seed4_rigid62_1.dat
shape =  (3, 189)
189
loading  /home/jasencakova/dataset/cells/priamy_kanal/sim_2xKSin1_D_hct15_seed4_rigid62_1/rbc136_sim_2xKSin1_D_hct15_seed4_rigid62_1.dat
shape =  (3, 189)
189
loading  /home/jasencakova/dataset/cells/priamy_kanal/sim_2xKSin1_D_hct15_seed4_rigid62_1/rbc137_sim_2xKSin1_D_hct15_seed4_rigid62_1.dat
shape =  (3, 189)
189
loading  /home/jasencakova/dataset/cells/priamy_kanal/sim_2xKSin1_D_hct15_seed4_rigid62_1/rbc138_sim_2xKSin1_D_hct15_seed4_rigid62_1.dat
shape =  (3, 189)
189
loading  /home/jasencakova/dataset/cells/priamy_kanal/sim_2xKSin1_D_hct15_seed4_rigid62_1/rbc139_sim_2xKSin1_D_hct15_seed4_rigid62_1.dat
shape =  (3, 189)
189
loading  /home/jasencakova/dataset/cells/priamy_kanal/sim_2xKSin1_D_hct15_seed4_rigid62_1/rbc140_sim_2xKSin1_D_hct15_seed4_rigid62_1.dat
shape =  (3, 189)
189
loading  /home/jasencakova/dataset/cells/priamy_kanal/sim_2xKSin1_D_hct15_seed4_rigid62_1/rbc141_sim_2xKSin1_D_hct15_seed4_rigid62_1.dat
shape =  (3, 189)
189
loading  /home/jasencakova/dataset/cells/priamy_kanal/sim_2xKSin1_D_hct15_seed4_rigid62_1/rbc142_sim_2xKSin1_D_hct15_seed4_rigid62_1.dat
shape =  (3, 189)
189
loading  /home/jasencakova/dataset/cells/priamy_kanal/sim_2xKSin1_D_hct15_seed4_rigid62_1/rbc143_sim_2xKSin1_D_hct15_seed4_rigid62_1.dat
shape =  (3, 189)
189
loading  /home/jasencakova/dataset/cells/priamy_kanal/sim_2xKSin1_D_hct15_seed4_rigid62_1/rbc144_sim_2xKSin1_D_hct15_seed4_rigid62_1.dat
shape =  (3, 189)
189
loading  /home/jasencakova/dataset/cells/priamy_kanal/sim_2xKSin1_D_hct15_seed4_rigid62_1/rbc145_sim_2xKSin1_D_hct15_seed4_rigid62_1.dat
shape =  (3, 189)
189
loading  /home/jasencakova/dataset/cells/priamy_kanal/sim_2xKSin1_D_hct15_seed4_rigid62_1/rbc146_sim_2xKSin1_D_hct15_seed4_rigid62_1.dat
shape =  (3, 189)
189
loading  /home/jasencakova/dataset/cells/priamy_kanal/sim_2xKSin1_D_hct15_seed4_rigid62_1/rbc147_sim_2xKSin1_D_hct15_seed4_rigid62_1.dat
shape =  (3, 189)
189
loading  /home/jasencakova/dataset/cells/priamy_kanal/sim_2xKSin1_D_hct15_seed4_rigid62_1/rbc148_sim_2xKSin1_D_hct15_seed4_rigid62_1.dat
shape =  (3, 189)
189
loading  /home/jasencakova/dataset/cells/priamy_kanal/sim_2xKSin1_D_hct15_seed4_rigid62_1/rbc149_sim_2xKSin1_D_hct15_seed4_rigid62_1.dat
shape =  (3, 189)
189
loading  /home/jasencakova/dataset/cells/priamy_kanal/sim_2xKSin1_D_hct15_seed4_rigid62_1/rbc150_sim_2xKSin1_D_hct15_seed4_rigid62_1.dat
shape =  (3, 189)
189
loading  /home/jasencakova/dataset/cells/priamy_kanal/sim_2xKSin1_D_hct15_seed4_rigid62_1/rbc151_sim_2xKSin1_D_hct15_seed4_rigid62_1.dat
shape =  (3, 189)
189
loading  /home/jasencakova/dataset/cells/priamy_kanal/sim_2xKSin1_D_hct15_seed4_rigid62_1/rbc152_sim_2xKSin1_D_hct15_seed4_rigid62_1.dat
shape =  (3, 189)
189
loading  /home/jasencakova/dataset/cells/priamy_kanal/sim_2xKSin1_D_hct15_seed4_rigid62_1/rbc153_sim_2xKSin1_D_hct15_seed4_rigid62_1.dat
shape =  (3, 189)
189
shortest_length =  189
data_shape      =  (154, 189, 3)



loading  /home/jasencakova/dataset/cells/priamy_kanal/sim_2xKSin1_D_hct15_seed4_rigid62_1_from376000cy/rbc0_sim_2xKSin1_D_hct15_seed4_rigid62_1_from376000cy.dat
shape =  (3, 717)
717
loading  /home/jasencakova/dataset/cells/priamy_kanal/sim_2xKSin1_D_hct15_seed4_rigid62_1_from376000cy/rbc1_sim_2xKSin1_D_hct15_seed4_rigid62_1_from376000cy.dat
shape =  (3, 717)
717
loading  /home/jasencakova/dataset/cells/priamy_kanal/sim_2xKSin1_D_hct15_seed4_rigid62_1_from376000cy/rbc2_sim_2xKSin1_D_hct15_seed4_rigid62_1_from376000cy.dat
shape =  (3, 717)
717
loading  /home/jasencakova/dataset/cells/priamy_kanal/sim_2xKSin1_D_hct15_seed4_rigid62_1_from376000cy/rbc3_sim_2xKSin1_D_hct15_seed4_rigid62_1_from376000cy.dat
shape =  (3, 717)
717
loading  /home/jasencakova/dataset/cells/priamy_kanal/sim_2xKSin1_D_hct15_seed4_rigid62_1_from376000cy/rbc4_sim_2xKSin1_D_hct15_seed4_rigid62_1_from376000cy.dat
shape =  (3, 717)
717
loading  /home/jasencakova/dataset/cells/priamy_kanal/sim_2xKSin1_D_hct15_seed4_rigid62_1_from376000cy/rbc5_sim_2xKSin1_D_hct15_seed4_rigid62_1_from376000cy.dat
shape =  (3, 717)
717
loading  /home/jasencakova/dataset/cells/priamy_kanal/sim_2xKSin1_D_hct15_seed4_rigid62_1_from376000cy/rbc6_sim_2xKSin1_D_hct15_seed4_rigid62_1_from376000cy.dat
shape =  (3, 717)
717
loading  /home/jasencakova/dataset/cells/priamy_kanal/sim_2xKSin1_D_hct15_seed4_rigid62_1_from376000cy/rbc7_sim_2xKSin1_D_hct15_seed4_rigid62_1_from376000cy.dat
shape =  (3, 717)
717
loading  /home/jasencakova/dataset/cells/priamy_kanal/sim_2xKSin1_D_hct15_seed4_rigid62_1_from376000cy/rbc8_sim_2xKSin1_D_hct15_seed4_rigid62_1_from376000cy.dat
shape =  (3, 717)
717
loading  /home/jasencakova/dataset/cells/priamy_kanal/sim_2xKSin1_D_hct15_seed4_rigid62_1_from376000cy/rbc9_sim_2xKSin1_D_hct15_seed4_rigid62_1_from376000cy.dat
shape =  (3, 717)
717
loading  /home/jasencakova/dataset/cells/priamy_kanal/sim_2xKSin1_D_hct15_seed4_rigid62_1_from376000cy/rbc10_sim_2xKSin1_D_hct15_seed4_rigid62_1_from376000cy.dat
shape =  (3, 717)
717
loading  /home/jasencakova/dataset/cells/priamy_kanal/sim_2xKSin1_D_hct15_seed4_rigid62_1_from376000cy/rbc11_sim_2xKSin1_D_hct15_seed4_rigid62_1_from376000cy.dat
shape =  (3, 717)
717
loading  /home/jasencakova/dataset/cells/priamy_kanal/sim_2xKSin1_D_hct15_seed4_rigid62_1_from376000cy/rbc12_sim_2xKSin1_D_hct15_seed4_rigid62_1_from376000cy.dat
shape =  (3, 717)
717
loading  /home/jasencakova/dataset/cells/priamy_kanal/sim_2xKSin1_D_hct15_seed4_rigid62_1_from376000cy/rbc13_sim_2xKSin1_D_hct15_seed4_rigid62_1_from376000cy.dat
shape =  (3, 717)
717
loading  /home/jasencakova/dataset/cells/priamy_kanal/sim_2xKSin1_D_hct15_seed4_rigid62_1_from376000cy/rbc14_sim_2xKSin1_D_hct15_seed4_rigid62_1_from376000cy.dat
shape =  (3, 717)
717
loading  /home/jasencakova/dataset/cells/priamy_kanal/sim_2xKSin1_D_hct15_seed4_rigid62_1_from376000cy/rbc15_sim_2xKSin1_D_hct15_seed4_rigid62_1_from376000cy.dat
shape =  (3, 717)
717
loading  /home/jasencakova/dataset/cells/priamy_kanal/sim_2xKSin1_D_hct15_seed4_rigid62_1_from376000cy/rbc16_sim_2xKSin1_D_hct15_seed4_rigid62_1_from376000cy.dat
shape =  (3, 717)
717
loading  /home/jasencakova/dataset/cells/priamy_kanal/sim_2xKSin1_D_hct15_seed4_rigid62_1_from376000cy/rbc17_sim_2xKSin1_D_hct15_seed4_rigid62_1_from376000cy.dat
shape =  (3, 717)
717
loading  /home/jasencakova/dataset/cells/priamy_kanal/sim_2xKSin1_D_hct15_seed4_rigid62_1_from376000cy/rbc18_sim_2xKSin1_D_hct15_seed4_rigid62_1_from376000cy.dat
shape =  (3, 717)
717
loading  /home/jasencakova/dataset/cells/priamy_kanal/sim_2xKSin1_D_hct15_seed4_rigid62_1_from376000cy/rbc19_sim_2xKSin1_D_hct15_seed4_rigid62_1_from376000cy.dat
shape =  (3, 717)
717
loading  /home/jasencakova/dataset/cells/priamy_kanal/sim_2xKSin1_D_hct15_seed4_rigid62_1_from376000cy/rbc20_sim_2xKSin1_D_hct15_seed4_rigid62_1_from376000cy.dat
shape =  (3, 717)
717
loading  /home/jasencakova/dataset/cells/priamy_kanal/sim_2xKSin1_D_hct15_seed4_rigid62_1_from376000cy/rbc21_sim_2xKSin1_D_hct15_seed4_rigid62_1_from376000cy.dat
shape =  (3, 717)
717
loading  /home/jasencakova/dataset/cells/priamy_kanal/sim_2xKSin1_D_hct15_seed4_rigid62_1_from376000cy/rbc22_sim_2xKSin1_D_hct15_seed4_rigid62_1_from376000cy.dat
shape =  (3, 717)
717
loading  /home/jasencakova/dataset/cells/priamy_kanal/sim_2xKSin1_D_hct15_seed4_rigid62_1_from376000cy/rbc23_sim_2xKSin1_D_hct15_seed4_rigid62_1_from376000cy.dat
shape =  (3, 717)
717
loading  /home/jasencakova/dataset/cells/priamy_kanal/sim_2xKSin1_D_hct15_seed4_rigid62_1_from376000cy/rbc24_sim_2xKSin1_D_hct15_seed4_rigid62_1_from376000cy.dat
shape =  (3, 717)
717
loading  /home/jasencakova/dataset/cells/priamy_kanal/sim_2xKSin1_D_hct15_seed4_rigid62_1_from376000cy/rbc25_sim_2xKSin1_D_hct15_seed4_rigid62_1_from376000cy.dat
shape =  (3, 717)
717
loading  /home/jasencakova/dataset/cells/priamy_kanal/sim_2xKSin1_D_hct15_seed4_rigid62_1_from376000cy/rbc26_sim_2xKSin1_D_hct15_seed4_rigid62_1_from376000cy.dat
shape =  (3, 717)
717
loading  /home/jasencakova/dataset/cells/priamy_kanal/sim_2xKSin1_D_hct15_seed4_rigid62_1_from376000cy/rbc27_sim_2xKSin1_D_hct15_seed4_rigid62_1_from376000cy.dat
shape =  (3, 717)
717
loading  /home/jasencakova/dataset/cells/priamy_kanal/sim_2xKSin1_D_hct15_seed4_rigid62_1_from376000cy/rbc28_sim_2xKSin1_D_hct15_seed4_rigid62_1_from376000cy.dat
shape =  (3, 717)
717
loading  /home/jasencakova/dataset/cells/priamy_kanal/sim_2xKSin1_D_hct15_seed4_rigid62_1_from376000cy/rbc29_sim_2xKSin1_D_hct15_seed4_rigid62_1_from376000cy.dat
shape =  (3, 717)
717
loading  /home/jasencakova/dataset/cells/priamy_kanal/sim_2xKSin1_D_hct15_seed4_rigid62_1_from376000cy/rbc30_sim_2xKSin1_D_hct15_seed4_rigid62_1_from376000cy.dat
shape =  (3, 717)
717
loading  /home/jasencakova/dataset/cells/priamy_kanal/sim_2xKSin1_D_hct15_seed4_rigid62_1_from376000cy/rbc31_sim_2xKSin1_D_hct15_seed4_rigid62_1_from376000cy.dat
shape =  (3, 717)
717
loading  /home/jasencakova/dataset/cells/priamy_kanal/sim_2xKSin1_D_hct15_seed4_rigid62_1_from376000cy/rbc32_sim_2xKSin1_D_hct15_seed4_rigid62_1_from376000cy.dat
shape =  (3, 717)
717
loading  /home/jasencakova/dataset/cells/priamy_kanal/sim_2xKSin1_D_hct15_seed4_rigid62_1_from376000cy/rbc33_sim_2xKSin1_D_hct15_seed4_rigid62_1_from376000cy.dat
shape =  (3, 717)
717
loading  /home/jasencakova/dataset/cells/priamy_kanal/sim_2xKSin1_D_hct15_seed4_rigid62_1_from376000cy/rbc34_sim_2xKSin1_D_hct15_seed4_rigid62_1_from376000cy.dat
shape =  (3, 717)
717
loading  /home/jasencakova/dataset/cells/priamy_kanal/sim_2xKSin1_D_hct15_seed4_rigid62_1_from376000cy/rbc35_sim_2xKSin1_D_hct15_seed4_rigid62_1_from376000cy.dat
shape =  (3, 717)
717
loading  /home/jasencakova/dataset/cells/priamy_kanal/sim_2xKSin1_D_hct15_seed4_rigid62_1_from376000cy/rbc36_sim_2xKSin1_D_hct15_seed4_rigid62_1_from376000cy.dat
shape =  (3, 717)
717
loading  /home/jasencakova/dataset/cells/priamy_kanal/sim_2xKSin1_D_hct15_seed4_rigid62_1_from376000cy/rbc37_sim_2xKSin1_D_hct15_seed4_rigid62_1_from376000cy.dat
shape =  (3, 717)
717
loading  /home/jasencakova/dataset/cells/priamy_kanal/sim_2xKSin1_D_hct15_seed4_rigid62_1_from376000cy/rbc38_sim_2xKSin1_D_hct15_seed4_rigid62_1_from376000cy.dat
shape =  (3, 717)
717
loading  /home/jasencakova/dataset/cells/priamy_kanal/sim_2xKSin1_D_hct15_seed4_rigid62_1_from376000cy/rbc39_sim_2xKSin1_D_hct15_seed4_rigid62_1_from376000cy.dat
shape =  (3, 717)
717
loading  /home/jasencakova/dataset/cells/priamy_kanal/sim_2xKSin1_D_hct15_seed4_rigid62_1_from376000cy/rbc40_sim_2xKSin1_D_hct15_seed4_rigid62_1_from376000cy.dat
shape =  (3, 717)
717
loading  /home/jasencakova/dataset/cells/priamy_kanal/sim_2xKSin1_D_hct15_seed4_rigid62_1_from376000cy/rbc41_sim_2xKSin1_D_hct15_seed4_rigid62_1_from376000cy.dat
shape =  (3, 717)
717
loading  /home/jasencakova/dataset/cells/priamy_kanal/sim_2xKSin1_D_hct15_seed4_rigid62_1_from376000cy/rbc42_sim_2xKSin1_D_hct15_seed4_rigid62_1_from376000cy.dat
shape =  (3, 717)
717
loading  /home/jasencakova/dataset/cells/priamy_kanal/sim_2xKSin1_D_hct15_seed4_rigid62_1_from376000cy/rbc43_sim_2xKSin1_D_hct15_seed4_rigid62_1_from376000cy.dat
shape =  (3, 717)
717
loading  /home/jasencakova/dataset/cells/priamy_kanal/sim_2xKSin1_D_hct15_seed4_rigid62_1_from376000cy/rbc44_sim_2xKSin1_D_hct15_seed4_rigid62_1_from376000cy.dat
shape =  (3, 717)
717
loading  /home/jasencakova/dataset/cells/priamy_kanal/sim_2xKSin1_D_hct15_seed4_rigid62_1_from376000cy/rbc45_sim_2xKSin1_D_hct15_seed4_rigid62_1_from376000cy.dat
shape =  (3, 717)
717
loading  /home/jasencakova/dataset/cells/priamy_kanal/sim_2xKSin1_D_hct15_seed4_rigid62_1_from376000cy/rbc46_sim_2xKSin1_D_hct15_seed4_rigid62_1_from376000cy.dat
shape =  (3, 717)
717
loading  /home/jasencakova/dataset/cells/priamy_kanal/sim_2xKSin1_D_hct15_seed4_rigid62_1_from376000cy/rbc47_sim_2xKSin1_D_hct15_seed4_rigid62_1_from376000cy.dat
shape =  (3, 717)
717
loading  /home/jasencakova/dataset/cells/priamy_kanal/sim_2xKSin1_D_hct15_seed4_rigid62_1_from376000cy/rbc48_sim_2xKSin1_D_hct15_seed4_rigid62_1_from376000cy.dat
shape =  (3, 717)
717
loading  /home/jasencakova/dataset/cells/priamy_kanal/sim_2xKSin1_D_hct15_seed4_rigid62_1_from376000cy/rbc49_sim_2xKSin1_D_hct15_seed4_rigid62_1_from376000cy.dat
shape =  (3, 717)
717
loading  /home/jasencakova/dataset/cells/priamy_kanal/sim_2xKSin1_D_hct15_seed4_rigid62_1_from376000cy/rbc50_sim_2xKSin1_D_hct15_seed4_rigid62_1_from376000cy.dat
shape =  (3, 717)
717
loading  /home/jasencakova/dataset/cells/priamy_kanal/sim_2xKSin1_D_hct15_seed4_rigid62_1_from376000cy/rbc51_sim_2xKSin1_D_hct15_seed4_rigid62_1_from376000cy.dat
shape =  (3, 717)
717
loading  /home/jasencakova/dataset/cells/priamy_kanal/sim_2xKSin1_D_hct15_seed4_rigid62_1_from376000cy/rbc52_sim_2xKSin1_D_hct15_seed4_rigid62_1_from376000cy.dat
shape =  (3, 717)
717
loading  /home/jasencakova/dataset/cells/priamy_kanal/sim_2xKSin1_D_hct15_seed4_rigid62_1_from376000cy/rbc53_sim_2xKSin1_D_hct15_seed4_rigid62_1_from376000cy.dat
shape =  (3, 717)
717
loading  /home/jasencakova/dataset/cells/priamy_kanal/sim_2xKSin1_D_hct15_seed4_rigid62_1_from376000cy/rbc54_sim_2xKSin1_D_hct15_seed4_rigid62_1_from376000cy.dat
shape =  (3, 717)
717
loading  /home/jasencakova/dataset/cells/priamy_kanal/sim_2xKSin1_D_hct15_seed4_rigid62_1_from376000cy/rbc55_sim_2xKSin1_D_hct15_seed4_rigid62_1_from376000cy.dat
shape =  (3, 717)
717
loading  /home/jasencakova/dataset/cells/priamy_kanal/sim_2xKSin1_D_hct15_seed4_rigid62_1_from376000cy/rbc56_sim_2xKSin1_D_hct15_seed4_rigid62_1_from376000cy.dat
shape =  (3, 717)
717
loading  /home/jasencakova/dataset/cells/priamy_kanal/sim_2xKSin1_D_hct15_seed4_rigid62_1_from376000cy/rbc57_sim_2xKSin1_D_hct15_seed4_rigid62_1_from376000cy.dat
shape =  (3, 717)
717
loading  /home/jasencakova/dataset/cells/priamy_kanal/sim_2xKSin1_D_hct15_seed4_rigid62_1_from376000cy/rbc58_sim_2xKSin1_D_hct15_seed4_rigid62_1_from376000cy.dat
shape =  (3, 717)
717
loading  /home/jasencakova/dataset/cells/priamy_kanal/sim_2xKSin1_D_hct15_seed4_rigid62_1_from376000cy/rbc59_sim_2xKSin1_D_hct15_seed4_rigid62_1_from376000cy.dat
shape =  (3, 717)
717
loading  /home/jasencakova/dataset/cells/priamy_kanal/sim_2xKSin1_D_hct15_seed4_rigid62_1_from376000cy/rbc60_sim_2xKSin1_D_hct15_seed4_rigid62_1_from376000cy.dat
shape =  (3, 717)
717
loading  /home/jasencakova/dataset/cells/priamy_kanal/sim_2xKSin1_D_hct15_seed4_rigid62_1_from376000cy/rbc61_sim_2xKSin1_D_hct15_seed4_rigid62_1_from376000cy.dat
shape =  (3, 717)
717
loading  /home/jasencakova/dataset/cells/priamy_kanal/sim_2xKSin1_D_hct15_seed4_rigid62_1_from376000cy/rbc62_sim_2xKSin1_D_hct15_seed4_rigid62_1_from376000cy.dat
shape =  (3, 717)
717
loading  /home/jasencakova/dataset/cells/priamy_kanal/sim_2xKSin1_D_hct15_seed4_rigid62_1_from376000cy/rbc63_sim_2xKSin1_D_hct15_seed4_rigid62_1_from376000cy.dat
shape =  (3, 717)
717
loading  /home/jasencakova/dataset/cells/priamy_kanal/sim_2xKSin1_D_hct15_seed4_rigid62_1_from376000cy/rbc64_sim_2xKSin1_D_hct15_seed4_rigid62_1_from376000cy.dat
shape =  (3, 717)
717
loading  /home/jasencakova/dataset/cells/priamy_kanal/sim_2xKSin1_D_hct15_seed4_rigid62_1_from376000cy/rbc65_sim_2xKSin1_D_hct15_seed4_rigid62_1_from376000cy.dat
shape =  (3, 717)
717
loading  /home/jasencakova/dataset/cells/priamy_kanal/sim_2xKSin1_D_hct15_seed4_rigid62_1_from376000cy/rbc66_sim_2xKSin1_D_hct15_seed4_rigid62_1_from376000cy.dat
shape =  (3, 717)
717
loading  /home/jasencakova/dataset/cells/priamy_kanal/sim_2xKSin1_D_hct15_seed4_rigid62_1_from376000cy/rbc67_sim_2xKSin1_D_hct15_seed4_rigid62_1_from376000cy.dat
shape =  (3, 717)
717
loading  /home/jasencakova/dataset/cells/priamy_kanal/sim_2xKSin1_D_hct15_seed4_rigid62_1_from376000cy/rbc68_sim_2xKSin1_D_hct15_seed4_rigid62_1_from376000cy.dat
shape =  (3, 717)
717
loading  /home/jasencakova/dataset/cells/priamy_kanal/sim_2xKSin1_D_hct15_seed4_rigid62_1_from376000cy/rbc69_sim_2xKSin1_D_hct15_seed4_rigid62_1_from376000cy.dat
shape =  (3, 717)
717
loading  /home/jasencakova/dataset/cells/priamy_kanal/sim_2xKSin1_D_hct15_seed4_rigid62_1_from376000cy/rbc70_sim_2xKSin1_D_hct15_seed4_rigid62_1_from376000cy.dat
shape =  (3, 717)
717
loading  /home/jasencakova/dataset/cells/priamy_kanal/sim_2xKSin1_D_hct15_seed4_rigid62_1_from376000cy/rbc71_sim_2xKSin1_D_hct15_seed4_rigid62_1_from376000cy.dat
shape =  (3, 717)
717
loading  /home/jasencakova/dataset/cells/priamy_kanal/sim_2xKSin1_D_hct15_seed4_rigid62_1_from376000cy/rbc72_sim_2xKSin1_D_hct15_seed4_rigid62_1_from376000cy.dat
shape =  (3, 717)
717
loading  /home/jasencakova/dataset/cells/priamy_kanal/sim_2xKSin1_D_hct15_seed4_rigid62_1_from376000cy/rbc73_sim_2xKSin1_D_hct15_seed4_rigid62_1_from376000cy.dat
shape =  (3, 717)
717
loading  /home/jasencakova/dataset/cells/priamy_kanal/sim_2xKSin1_D_hct15_seed4_rigid62_1_from376000cy/rbc74_sim_2xKSin1_D_hct15_seed4_rigid62_1_from376000cy.dat
shape =  (3, 717)
717
loading  /home/jasencakova/dataset/cells/priamy_kanal/sim_2xKSin1_D_hct15_seed4_rigid62_1_from376000cy/rbc75_sim_2xKSin1_D_hct15_seed4_rigid62_1_from376000cy.dat
shape =  (3, 717)
717
loading  /home/jasencakova/dataset/cells/priamy_kanal/sim_2xKSin1_D_hct15_seed4_rigid62_1_from376000cy/rbc76_sim_2xKSin1_D_hct15_seed4_rigid62_1_from376000cy.dat
shape =  (3, 717)
717
loading  /home/jasencakova/dataset/cells/priamy_kanal/sim_2xKSin1_D_hct15_seed4_rigid62_1_from376000cy/rbc77_sim_2xKSin1_D_hct15_seed4_rigid62_1_from376000cy.dat
shape =  (3, 717)
717
loading  /home/jasencakova/dataset/cells/priamy_kanal/sim_2xKSin1_D_hct15_seed4_rigid62_1_from376000cy/rbc78_sim_2xKSin1_D_hct15_seed4_rigid62_1_from376000cy.dat
shape =  (3, 717)
717
loading  /home/jasencakova/dataset/cells/priamy_kanal/sim_2xKSin1_D_hct15_seed4_rigid62_1_from376000cy/rbc79_sim_2xKSin1_D_hct15_seed4_rigid62_1_from376000cy.dat
shape =  (3, 717)
717
loading  /home/jasencakova/dataset/cells/priamy_kanal/sim_2xKSin1_D_hct15_seed4_rigid62_1_from376000cy/rbc80_sim_2xKSin1_D_hct15_seed4_rigid62_1_from376000cy.dat
shape =  (3, 717)
717
loading  /home/jasencakova/dataset/cells/priamy_kanal/sim_2xKSin1_D_hct15_seed4_rigid62_1_from376000cy/rbc81_sim_2xKSin1_D_hct15_seed4_rigid62_1_from376000cy.dat
shape =  (3, 717)
717
loading  /home/jasencakova/dataset/cells/priamy_kanal/sim_2xKSin1_D_hct15_seed4_rigid62_1_from376000cy/rbc82_sim_2xKSin1_D_hct15_seed4_rigid62_1_from376000cy.dat
shape =  (3, 717)
717
loading  /home/jasencakova/dataset/cells/priamy_kanal/sim_2xKSin1_D_hct15_seed4_rigid62_1_from376000cy/rbc83_sim_2xKSin1_D_hct15_seed4_rigid62_1_from376000cy.dat
shape =  (3, 717)
717
loading  /home/jasencakova/dataset/cells/priamy_kanal/sim_2xKSin1_D_hct15_seed4_rigid62_1_from376000cy/rbc84_sim_2xKSin1_D_hct15_seed4_rigid62_1_from376000cy.dat
shape =  (3, 717)
717
loading  /home/jasencakova/dataset/cells/priamy_kanal/sim_2xKSin1_D_hct15_seed4_rigid62_1_from376000cy/rbc85_sim_2xKSin1_D_hct15_seed4_rigid62_1_from376000cy.dat
shape =  (3, 717)
717
loading  /home/jasencakova/dataset/cells/priamy_kanal/sim_2xKSin1_D_hct15_seed4_rigid62_1_from376000cy/rbc86_sim_2xKSin1_D_hct15_seed4_rigid62_1_from376000cy.dat
shape =  (3, 717)
717
loading  /home/jasencakova/dataset/cells/priamy_kanal/sim_2xKSin1_D_hct15_seed4_rigid62_1_from376000cy/rbc87_sim_2xKSin1_D_hct15_seed4_rigid62_1_from376000cy.dat
shape =  (3, 717)
717
loading  /home/jasencakova/dataset/cells/priamy_kanal/sim_2xKSin1_D_hct15_seed4_rigid62_1_from376000cy/rbc88_sim_2xKSin1_D_hct15_seed4_rigid62_1_from376000cy.dat
shape =  (3, 717)
717
loading  /home/jasencakova/dataset/cells/priamy_kanal/sim_2xKSin1_D_hct15_seed4_rigid62_1_from376000cy/rbc89_sim_2xKSin1_D_hct15_seed4_rigid62_1_from376000cy.dat
shape =  (3, 717)
717
loading  /home/jasencakova/dataset/cells/priamy_kanal/sim_2xKSin1_D_hct15_seed4_rigid62_1_from376000cy/rbc90_sim_2xKSin1_D_hct15_seed4_rigid62_1_from376000cy.dat
shape =  (3, 717)
717
loading  /home/jasencakova/dataset/cells/priamy_kanal/sim_2xKSin1_D_hct15_seed4_rigid62_1_from376000cy/rbc91_sim_2xKSin1_D_hct15_seed4_rigid62_1_from376000cy.dat
shape =  (3, 717)
717
loading  /home/jasencakova/dataset/cells/priamy_kanal/sim_2xKSin1_D_hct15_seed4_rigid62_1_from376000cy/rbc92_sim_2xKSin1_D_hct15_seed4_rigid62_1_from376000cy.dat
shape =  (3, 717)
717
loading  /home/jasencakova/dataset/cells/priamy_kanal/sim_2xKSin1_D_hct15_seed4_rigid62_1_from376000cy/rbc93_sim_2xKSin1_D_hct15_seed4_rigid62_1_from376000cy.dat
shape =  (3, 717)
717
loading  /home/jasencakova/dataset/cells/priamy_kanal/sim_2xKSin1_D_hct15_seed4_rigid62_1_from376000cy/rbc94_sim_2xKSin1_D_hct15_seed4_rigid62_1_from376000cy.dat
shape =  (3, 717)
717
loading  /home/jasencakova/dataset/cells/priamy_kanal/sim_2xKSin1_D_hct15_seed4_rigid62_1_from376000cy/rbc95_sim_2xKSin1_D_hct15_seed4_rigid62_1_from376000cy.dat
shape =  (3, 717)
717
loading  /home/jasencakova/dataset/cells/priamy_kanal/sim_2xKSin1_D_hct15_seed4_rigid62_1_from376000cy/rbc96_sim_2xKSin1_D_hct15_seed4_rigid62_1_from376000cy.dat
shape =  (3, 717)
717
loading  /home/jasencakova/dataset/cells/priamy_kanal/sim_2xKSin1_D_hct15_seed4_rigid62_1_from376000cy/rbc97_sim_2xKSin1_D_hct15_seed4_rigid62_1_from376000cy.dat
shape =  (3, 717)
717
loading  /home/jasencakova/dataset/cells/priamy_kanal/sim_2xKSin1_D_hct15_seed4_rigid62_1_from376000cy/rbc98_sim_2xKSin1_D_hct15_seed4_rigid62_1_from376000cy.dat
shape =  (3, 717)
717
loading  /home/jasencakova/dataset/cells/priamy_kanal/sim_2xKSin1_D_hct15_seed4_rigid62_1_from376000cy/rbc99_sim_2xKSin1_D_hct15_seed4_rigid62_1_from376000cy.dat
shape =  (3, 717)
717
loading  /home/jasencakova/dataset/cells/priamy_kanal/sim_2xKSin1_D_hct15_seed4_rigid62_1_from376000cy/rbc100_sim_2xKSin1_D_hct15_seed4_rigid62_1_from376000cy.dat
shape =  (3, 717)
717
loading  /home/jasencakova/dataset/cells/priamy_kanal/sim_2xKSin1_D_hct15_seed4_rigid62_1_from376000cy/rbc101_sim_2xKSin1_D_hct15_seed4_rigid62_1_from376000cy.dat
shape =  (3, 717)
717
loading  /home/jasencakova/dataset/cells/priamy_kanal/sim_2xKSin1_D_hct15_seed4_rigid62_1_from376000cy/rbc102_sim_2xKSin1_D_hct15_seed4_rigid62_1_from376000cy.dat
shape =  (3, 717)
717
loading  /home/jasencakova/dataset/cells/priamy_kanal/sim_2xKSin1_D_hct15_seed4_rigid62_1_from376000cy/rbc103_sim_2xKSin1_D_hct15_seed4_rigid62_1_from376000cy.dat
shape =  (3, 717)
717
loading  /home/jasencakova/dataset/cells/priamy_kanal/sim_2xKSin1_D_hct15_seed4_rigid62_1_from376000cy/rbc104_sim_2xKSin1_D_hct15_seed4_rigid62_1_from376000cy.dat
shape =  (3, 717)
717
loading  /home/jasencakova/dataset/cells/priamy_kanal/sim_2xKSin1_D_hct15_seed4_rigid62_1_from376000cy/rbc105_sim_2xKSin1_D_hct15_seed4_rigid62_1_from376000cy.dat
shape =  (3, 717)
717
loading  /home/jasencakova/dataset/cells/priamy_kanal/sim_2xKSin1_D_hct15_seed4_rigid62_1_from376000cy/rbc106_sim_2xKSin1_D_hct15_seed4_rigid62_1_from376000cy.dat
shape =  (3, 717)
717
loading  /home/jasencakova/dataset/cells/priamy_kanal/sim_2xKSin1_D_hct15_seed4_rigid62_1_from376000cy/rbc107_sim_2xKSin1_D_hct15_seed4_rigid62_1_from376000cy.dat
shape =  (3, 717)
717
loading  /home/jasencakova/dataset/cells/priamy_kanal/sim_2xKSin1_D_hct15_seed4_rigid62_1_from376000cy/rbc108_sim_2xKSin1_D_hct15_seed4_rigid62_1_from376000cy.dat
shape =  (3, 717)
717
loading  /home/jasencakova/dataset/cells/priamy_kanal/sim_2xKSin1_D_hct15_seed4_rigid62_1_from376000cy/rbc109_sim_2xKSin1_D_hct15_seed4_rigid62_1_from376000cy.dat
shape =  (3, 717)
717
loading  /home/jasencakova/dataset/cells/priamy_kanal/sim_2xKSin1_D_hct15_seed4_rigid62_1_from376000cy/rbc110_sim_2xKSin1_D_hct15_seed4_rigid62_1_from376000cy.dat
shape =  (3, 717)
717
loading  /home/jasencakova/dataset/cells/priamy_kanal/sim_2xKSin1_D_hct15_seed4_rigid62_1_from376000cy/rbc111_sim_2xKSin1_D_hct15_seed4_rigid62_1_from376000cy.dat
shape =  (3, 717)
717
loading  /home/jasencakova/dataset/cells/priamy_kanal/sim_2xKSin1_D_hct15_seed4_rigid62_1_from376000cy/rbc112_sim_2xKSin1_D_hct15_seed4_rigid62_1_from376000cy.dat
shape =  (3, 717)
717
loading  /home/jasencakova/dataset/cells/priamy_kanal/sim_2xKSin1_D_hct15_seed4_rigid62_1_from376000cy/rbc113_sim_2xKSin1_D_hct15_seed4_rigid62_1_from376000cy.dat
shape =  (3, 717)
717
loading  /home/jasencakova/dataset/cells/priamy_kanal/sim_2xKSin1_D_hct15_seed4_rigid62_1_from376000cy/rbc114_sim_2xKSin1_D_hct15_seed4_rigid62_1_from376000cy.dat
shape =  (3, 717)
717
loading  /home/jasencakova/dataset/cells/priamy_kanal/sim_2xKSin1_D_hct15_seed4_rigid62_1_from376000cy/rbc115_sim_2xKSin1_D_hct15_seed4_rigid62_1_from376000cy.dat
shape =  (3, 717)
717
loading  /home/jasencakova/dataset/cells/priamy_kanal/sim_2xKSin1_D_hct15_seed4_rigid62_1_from376000cy/rbc116_sim_2xKSin1_D_hct15_seed4_rigid62_1_from376000cy.dat
shape =  (3, 717)
717
loading  /home/jasencakova/dataset/cells/priamy_kanal/sim_2xKSin1_D_hct15_seed4_rigid62_1_from376000cy/rbc117_sim_2xKSin1_D_hct15_seed4_rigid62_1_from376000cy.dat
shape =  (3, 717)
717
loading  /home/jasencakova/dataset/cells/priamy_kanal/sim_2xKSin1_D_hct15_seed4_rigid62_1_from376000cy/rbc118_sim_2xKSin1_D_hct15_seed4_rigid62_1_from376000cy.dat
shape =  (3, 717)
717
loading  /home/jasencakova/dataset/cells/priamy_kanal/sim_2xKSin1_D_hct15_seed4_rigid62_1_from376000cy/rbc119_sim_2xKSin1_D_hct15_seed4_rigid62_1_from376000cy.dat
shape =  (3, 717)
717
loading  /home/jasencakova/dataset/cells/priamy_kanal/sim_2xKSin1_D_hct15_seed4_rigid62_1_from376000cy/rbc120_sim_2xKSin1_D_hct15_seed4_rigid62_1_from376000cy.dat
shape =  (3, 717)
717
loading  /home/jasencakova/dataset/cells/priamy_kanal/sim_2xKSin1_D_hct15_seed4_rigid62_1_from376000cy/rbc121_sim_2xKSin1_D_hct15_seed4_rigid62_1_from376000cy.dat
shape =  (3, 717)
717
loading  /home/jasencakova/dataset/cells/priamy_kanal/sim_2xKSin1_D_hct15_seed4_rigid62_1_from376000cy/rbc122_sim_2xKSin1_D_hct15_seed4_rigid62_1_from376000cy.dat
shape =  (3, 717)
717
loading  /home/jasencakova/dataset/cells/priamy_kanal/sim_2xKSin1_D_hct15_seed4_rigid62_1_from376000cy/rbc123_sim_2xKSin1_D_hct15_seed4_rigid62_1_from376000cy.dat
shape =  (3, 717)
717
loading  /home/jasencakova/dataset/cells/priamy_kanal/sim_2xKSin1_D_hct15_seed4_rigid62_1_from376000cy/rbc124_sim_2xKSin1_D_hct15_seed4_rigid62_1_from376000cy.dat
shape =  (3, 717)
717
loading  /home/jasencakova/dataset/cells/priamy_kanal/sim_2xKSin1_D_hct15_seed4_rigid62_1_from376000cy/rbc125_sim_2xKSin1_D_hct15_seed4_rigid62_1_from376000cy.dat
shape =  (3, 717)
717
loading  /home/jasencakova/dataset/cells/priamy_kanal/sim_2xKSin1_D_hct15_seed4_rigid62_1_from376000cy/rbc126_sim_2xKSin1_D_hct15_seed4_rigid62_1_from376000cy.dat
shape =  (3, 717)
717
loading  /home/jasencakova/dataset/cells/priamy_kanal/sim_2xKSin1_D_hct15_seed4_rigid62_1_from376000cy/rbc127_sim_2xKSin1_D_hct15_seed4_rigid62_1_from376000cy.dat
shape =  (3, 717)
717
loading  /home/jasencakova/dataset/cells/priamy_kanal/sim_2xKSin1_D_hct15_seed4_rigid62_1_from376000cy/rbc128_sim_2xKSin1_D_hct15_seed4_rigid62_1_from376000cy.dat
shape =  (3, 717)
717
loading  /home/jasencakova/dataset/cells/priamy_kanal/sim_2xKSin1_D_hct15_seed4_rigid62_1_from376000cy/rbc129_sim_2xKSin1_D_hct15_seed4_rigid62_1_from376000cy.dat
shape =  (3, 717)
717
loading  /home/jasencakova/dataset/cells/priamy_kanal/sim_2xKSin1_D_hct15_seed4_rigid62_1_from376000cy/rbc130_sim_2xKSin1_D_hct15_seed4_rigid62_1_from376000cy.dat
shape =  (3, 717)
717
loading  /home/jasencakova/dataset/cells/priamy_kanal/sim_2xKSin1_D_hct15_seed4_rigid62_1_from376000cy/rbc131_sim_2xKSin1_D_hct15_seed4_rigid62_1_from376000cy.dat
shape =  (3, 717)
717
loading  /home/jasencakova/dataset/cells/priamy_kanal/sim_2xKSin1_D_hct15_seed4_rigid62_1_from376000cy/rbc132_sim_2xKSin1_D_hct15_seed4_rigid62_1_from376000cy.dat
shape =  (3, 717)
717
loading  /home/jasencakova/dataset/cells/priamy_kanal/sim_2xKSin1_D_hct15_seed4_rigid62_1_from376000cy/rbc133_sim_2xKSin1_D_hct15_seed4_rigid62_1_from376000cy.dat
shape =  (3, 717)
717
loading  /home/jasencakova/dataset/cells/priamy_kanal/sim_2xKSin1_D_hct15_seed4_rigid62_1_from376000cy/rbc134_sim_2xKSin1_D_hct15_seed4_rigid62_1_from376000cy.dat
shape =  (3, 717)
717
loading  /home/jasencakova/dataset/cells/priamy_kanal/sim_2xKSin1_D_hct15_seed4_rigid62_1_from376000cy/rbc135_sim_2xKSin1_D_hct15_seed4_rigid62_1_from376000cy.dat
shape =  (3, 717)
717
loading  /home/jasencakova/dataset/cells/priamy_kanal/sim_2xKSin1_D_hct15_seed4_rigid62_1_from376000cy/rbc136_sim_2xKSin1_D_hct15_seed4_rigid62_1_from376000cy.dat
shape =  (3, 717)
717
loading  /home/jasencakova/dataset/cells/priamy_kanal/sim_2xKSin1_D_hct15_seed4_rigid62_1_from376000cy/rbc137_sim_2xKSin1_D_hct15_seed4_rigid62_1_from376000cy.dat
shape =  (3, 717)
717
loading  /home/jasencakova/dataset/cells/priamy_kanal/sim_2xKSin1_D_hct15_seed4_rigid62_1_from376000cy/rbc138_sim_2xKSin1_D_hct15_seed4_rigid62_1_from376000cy.dat
shape =  (3, 717)
717
loading  /home/jasencakova/dataset/cells/priamy_kanal/sim_2xKSin1_D_hct15_seed4_rigid62_1_from376000cy/rbc139_sim_2xKSin1_D_hct15_seed4_rigid62_1_from376000cy.dat
shape =  (3, 717)
717
loading  /home/jasencakova/dataset/cells/priamy_kanal/sim_2xKSin1_D_hct15_seed4_rigid62_1_from376000cy/rbc140_sim_2xKSin1_D_hct15_seed4_rigid62_1_from376000cy.dat
shape =  (3, 717)
717
loading  /home/jasencakova/dataset/cells/priamy_kanal/sim_2xKSin1_D_hct15_seed4_rigid62_1_from376000cy/rbc141_sim_2xKSin1_D_hct15_seed4_rigid62_1_from376000cy.dat
shape =  (3, 717)
717
loading  /home/jasencakova/dataset/cells/priamy_kanal/sim_2xKSin1_D_hct15_seed4_rigid62_1_from376000cy/rbc142_sim_2xKSin1_D_hct15_seed4_rigid62_1_from376000cy.dat
shape =  (3, 717)
717
loading  /home/jasencakova/dataset/cells/priamy_kanal/sim_2xKSin1_D_hct15_seed4_rigid62_1_from376000cy/rbc143_sim_2xKSin1_D_hct15_seed4_rigid62_1_from376000cy.dat
shape =  (3, 717)
717
loading  /home/jasencakova/dataset/cells/priamy_kanal/sim_2xKSin1_D_hct15_seed4_rigid62_1_from376000cy/rbc144_sim_2xKSin1_D_hct15_seed4_rigid62_1_from376000cy.dat
shape =  (3, 717)
717
loading  /home/jasencakova/dataset/cells/priamy_kanal/sim_2xKSin1_D_hct15_seed4_rigid62_1_from376000cy/rbc145_sim_2xKSin1_D_hct15_seed4_rigid62_1_from376000cy.dat
shape =  (3, 717)
717
loading  /home/jasencakova/dataset/cells/priamy_kanal/sim_2xKSin1_D_hct15_seed4_rigid62_1_from376000cy/rbc146_sim_2xKSin1_D_hct15_seed4_rigid62_1_from376000cy.dat
shape =  (3, 717)
717
loading  /home/jasencakova/dataset/cells/priamy_kanal/sim_2xKSin1_D_hct15_seed4_rigid62_1_from376000cy/rbc147_sim_2xKSin1_D_hct15_seed4_rigid62_1_from376000cy.dat
shape =  (3, 717)
717
loading  /home/jasencakova/dataset/cells/priamy_kanal/sim_2xKSin1_D_hct15_seed4_rigid62_1_from376000cy/rbc148_sim_2xKSin1_D_hct15_seed4_rigid62_1_from376000cy.dat
shape =  (3, 717)
717
loading  /home/jasencakova/dataset/cells/priamy_kanal/sim_2xKSin1_D_hct15_seed4_rigid62_1_from376000cy/rbc149_sim_2xKSin1_D_hct15_seed4_rigid62_1_from376000cy.dat
shape =  (3, 717)
717
loading  /home/jasencakova/dataset/cells/priamy_kanal/sim_2xKSin1_D_hct15_seed4_rigid62_1_from376000cy/rbc150_sim_2xKSin1_D_hct15_seed4_rigid62_1_from376000cy.dat
shape =  (3, 717)
717
loading  /home/jasencakova/dataset/cells/priamy_kanal/sim_2xKSin1_D_hct15_seed4_rigid62_1_from376000cy/rbc151_sim_2xKSin1_D_hct15_seed4_rigid62_1_from376000cy.dat
shape =  (3, 717)
717
loading  /home/jasencakova/dataset/cells/priamy_kanal/sim_2xKSin1_D_hct15_seed4_rigid62_1_from376000cy/rbc152_sim_2xKSin1_D_hct15_seed4_rigid62_1_from376000cy.dat
shape =  (3, 717)
717
loading  /home/jasencakova/dataset/cells/priamy_kanal/sim_2xKSin1_D_hct15_seed4_rigid62_1_from376000cy/rbc153_sim_2xKSin1_D_hct15_seed4_rigid62_1_from376000cy.dat
shape =  (3, 717)
717
shortest_length =  717
data_shape      =  (154, 717, 3)








dataset summary : 

training_dats shape    =  (154, 189, 3)
testing_dats shape    =  (154, 717, 3)
training_count  =  2939706
testing_count   =  110418
channels_count  =  3
sequence_length =  128
classes_count   =   2
batch(32) tensor shape =  torch.Size([32, 3, 128]) torch.Size([32, 2])





model
Sequential(
  (0): Conv1d(3, 32, kernel_size=(3,), stride=(2,), padding=(1,))
  (1): ReLU()
  (2): Dropout(p=0.01, inplace=False)
  (3): Conv1d(32, 64, kernel_size=(3,), stride=(2,), padding=(1,))
  (4): ReLU()
  (5): Dropout(p=0.01, inplace=False)
  (6): Conv1d(64, 64, kernel_size=(3,), stride=(2,), padding=(1,))
  (7): ReLU()
  (8): Dropout(p=0.01, inplace=False)
  (9): Conv1d(64, 128, kernel_size=(3,), stride=(2,), padding=(1,))
  (10): ReLU()
  (11): Dropout(p=0.01, inplace=False)
  (12): Flatten()
  (13): Linear(in_features=1024, out_features=2, bias=True)
)



0 70.87360675722745 66.38906973379629 0.19182736 0.22051652 0.016301202 0.013348009 10.92 





=================================================
new best net in 0
TRAINING result
accuracy   = 70.874 [%]
hit_count  = 2083616
miss_count = 856288

class_accuracy = 88.953%   42.536%   


confusion_matrix = 
1596536	 658019	 
198269	 487080	 



TESTING result
accuracy   = 66.389 [%]
hit_count  = 73421
miss_count = 37171

class_accuracy = 78.97%   46.675%   


confusion_matrix = 
53310	 22975	 
14196	 20111	 




1 73.1860632183908 62.660951967592595 0.17984763 0.23712052 0.010576171 0.013216485 10.82 

2 75.45899457941483 56.5673828125 0.16756687 0.30885124 0.01131077 0.020895323 10.72 

3 77.88689698711251 53.76428674768518 0.15429008 0.35473293 0.010765832 0.026498677 10.61 

4 79.46089396116336 53.249782986111114 0.14574404 0.36412182 0.0105699925 0.026159909 10.49 

5 80.98148783089516 53.71003327546296 0.13791072 0.38373566 0.010563529 0.029197592 10.34 

6 82.1732274251132 51.5625 0.13197826 0.4156237 0.010424824 0.02882724 10.19 

7 83.17400840299547 51.243308738425924 0.12666698 0.41933683 0.010223713 0.028450973 10.04 

8 84.06223468521421 51.491970486111114 0.122226186 0.41424695 0.010182802 0.030299766 9.9 

9 84.8446071708464 50.48195167824074 0.11823579 0.43776914 0.009975158 0.03157721 9.75 

10 85.48881187957157 50.48737702546296 0.11479956 0.44635448 0.009924318 0.03413738 9.61 

11 86.18063719087426 49.67176649305556 0.11119166 0.4536859 0.009837289 0.031649698 9.47 

12 87.0388965081853 48.57222945601852 0.10682 0.4891577 0.009583518 0.034154035 9.34 

13 87.97256645114942 47.530562789351855 0.101944484 0.49373364 0.009333309 0.035348505 9.2 

14 88.88011309212818 48.29011140046296 0.09695056 0.45836195 0.009092175 0.032248173 9.07 

15 89.87463536224313 46.93015769675926 0.09163028 0.50955945 0.008903705 0.035215575 8.95 

16 90.90905689437479 47.33344184027778 0.08570661 0.51835376 0.00853805 0.03500767 8.81 

17 92.19603769374783 47.34519675925926 0.078353 0.52521056 0.008100134 0.03600914 8.67 

18 93.88323564306862 48.311812789351855 0.06812635 0.49663278 0.0076943184 0.034202397 8.54 

19 95.96643291753745 46.04582609953704 0.05451628 0.53792435 0.007007053 0.03632553 8.41 

20 97.98996837991989 45.400209780092595 0.039959088 0.5714492 0.005796404 0.03648961 8.29 

21 99.25742473223616 44.84772858796296 0.027626242 0.58684653 0.004195435 0.037847437 8.16 

22 99.7474067180425 44.6460865162037 0.019690368 0.5702178 0.0027992234 0.039330166 8.04 

23 99.9094528256705 45.017722800925924 0.014847549 0.5545151 0.0019917982 0.03423489 7.92 

24 99.96690368120863 44.259078414351855 0.011771869 0.547721 0.0015031934 0.03633991 7.81 

25 99.9880608346395 44.77448640046296 0.009596415 0.51542544 0.0012164058 0.033082403 7.69 

26 99.99612232236154 44.82873987268518 0.007953671 0.4944212 0.0010229914 0.03172042 7.57 

27 99.99799313174852 44.5972583912037 0.006635604 0.48164105 0.0008305266 0.031691413 7.46 

28 99.99921766152909 44.736508969907405 0.005647567 0.46015072 0.0007032955 0.028296638 7.35 

29 99.99979591170325 45.66514756944444 0.004917151 0.43008697 0.0006113004 0.027480649 7.24 

30 99.99982992641937 45.71487991898148 0.0043648705 0.41098532 0.0005429555 0.02592181 7.08 

31 99.99989795585162 46.114547164351855 0.003946784 0.3943464 0.00048577721 0.022843916 6.88 

32 99.99989795585162 44.5628978587963 0.0036007813 0.40313202 0.00045098035 0.022908492 6.69 

33 99.99993197056774 44.4019458912037 0.0033089668 0.3979542 0.00041525354 0.022389868 6.5 

34 99.99993197056774 44.716616030092595 0.0030874657 0.38091275 0.00039312232 0.021938773 6.26 

35 100.0 44.33051215277778 0.0028884273 0.37702242 0.0003786318 0.020292629 6.01 

36 100.0 43.93898292824074 0.0027203695 0.37157848 0.00035336096 0.021261511 5.77 

37 100.0 43.70207609953704 0.002577725 0.3816961 0.00033183422 0.020113368 5.56 

38 100.0 43.36480034722222 0.002437382 0.3734376 0.00030429414 0.020709371 5.36 

39 100.0 42.7978515625 0.0023369412 0.38322243 0.00030007082 0.02119652 5.18 

40 100.0 42.428927951388886 0.0022366163 0.38830814 0.0002935501 0.019867485 5.01 

41 99.99993197056774 42.488606770833336 0.0021485994 0.3841389 0.00027979325 0.019688973 4.85 

42 100.0 42.091652199074076 0.0020691436 0.39407405 0.00026244932 0.020787584 4.7 

43 100.0 41.794162326388886 0.0020045626 0.39080253 0.00025942808 0.020874484 4.55 

44 99.99996598528388 42.27249710648148 0.0019388441 0.386391 0.00025689698 0.022085693 4.42 

45 100.0 41.43699363425926 0.0018733927 0.3947618 0.00026876302 0.02119272 4.29 

46 100.0 41.77879050925926 0.0017955065 0.38579732 0.00023048653 0.020926774 4.17 

47 99.99996598528388 41.616030092592595 0.001741025 0.3842504 0.0002287406 0.019711597 4.06 

48 100.0 41.342954282407405 0.0016800264 0.3842178 0.00022006217 0.019902488 3.96 

49 100.0 41.58166956018518 0.0016273771 0.39040896 0.0002068615 0.021166967 3.85 

50 99.99996598528388 42.25983796296296 0.0015782788 0.3755337 0.00021171065 0.01997745 3.75 

51 99.99993197056774 41.6748046875 0.0015371275 0.37920037 0.00022148638 0.019776696 3.65 

52 99.99996598528388 41.70554832175926 0.0014991399 0.38459638 0.00021065997 0.019845331 3.56 

53 100.0 42.098885995370374 0.0014587613 0.37991142 0.00018902271 0.019396551 3.47 

54 99.99996598528388 41.578956886574076 0.0014255721 0.37368914 0.00019533158 0.0190331 3.38 

55 100.0 41.715494791666664 0.0013980108 0.38600793 0.00018699921 0.020913588 3.3 

56 99.99938773510972 43.6595775462963 0.0013804579 0.38512936 0.00037691355 0.02195332 3.22 

57 99.99993197056774 41.96144386574074 0.001347998 0.3858707 0.00021872237 0.018699674 3.13 

58 99.99996598528388 42.08351417824074 0.0013163596 0.37597564 0.00018155963 0.020400796 3.05 

59 99.99986394113549 42.49855324074074 0.0012979351 0.36974838 0.0001989444 0.019691948 2.97 

60 99.99996598528388 42.2435619212963 0.0012697172 0.3637442 0.0001921069 0.018812718 2.9 

61 99.99996598528388 42.49312789351852 0.0012502326 0.36806437 0.00018051003 0.018624725 2.82 

62 99.99965985283873 42.305953414351855 0.0012384687 0.372188 0.0003627162 0.020126387 2.74 

63 99.99945576454198 42.538339120370374 0.0012144124 0.36654606 0.00034070844 0.018918552 2.66 

64 99.99982992641937 41.98676215277778 0.0011933439 0.37385446 0.00021214133 0.018789174 2.59 

65 99.99982992641937 42.85120081018518 0.0011770648 0.36930487 0.00025315897 0.019602865 2.51 

66 99.99993197056774 42.59078414351852 0.0011594607 0.36866003 0.00017227636 0.0195527 2.43 

67 100.0 42.7417896412037 0.0011415955 0.36959 0.00015904203 0.018532459 2.36 

68 99.99891152908394 42.8394458912037 0.0011470725 0.37372708 0.00046089388 0.019241277 2.29 

69 99.99965985283873 42.276114004629626 0.0011151264 0.3740028 0.00022317481 0.019139854 2.21 

70 99.99979591170325 42.684823495370374 0.0011012213 0.37252736 0.00019458431 0.019852463 2.14 

71 99.99989795585162 42.678493923611114 0.0010875121 0.36200193 0.0001822177 0.018752513 2.06 

72 99.99901357323232 43.24815538194444 0.0010958585 0.3720015 0.0005042076 0.019106481 1.99 

73 99.99945576454198 42.9371021412037 0.0010695581 0.36749336 0.00029564483 0.018196085 1.92 

74 100.0 42.989547164351855 0.0010501181 0.3630148 0.00014334128 0.018447189 1.85 

75 99.99806116118077 42.74992766203704 0.001060778 0.37262172 0.0008252988 0.01861092 1.78 

76 99.99938773510972 42.854817708333336 0.0010313906 0.3710527 0.0003292524 0.019059232 1.71 

77 99.99979591170325 42.972366898148145 0.0010205957 0.3639683 0.00023657968 0.01885328 1.63 

78 99.99979591170325 42.61519820601852 0.0010078306 0.3668831 0.00023023212 0.018587789 1.56 

79 99.99986394113549 42.56546585648148 0.0009990723 0.3713105 0.00020830933 0.019597009 1.49 

80 99.9994897792581 42.99225983796296 0.000996328 0.36056343 0.00025986592 0.017718844 1.42 

81 99.99955780869035 42.94343171296296 0.0009823218 0.36683804 0.00033314014 0.020136576 1.35 

82 99.99996598528388 42.684823495370374 0.0009687936 0.37384188 0.0001612747 0.019772701 1.28 

83 99.99969386755485 42.506691261574076 0.00097066513 0.37229136 0.00028450083 0.019930312 1.21 

84 99.99918364681295 42.32042100694444 0.0009649493 0.37507316 0.00041119638 0.019928994 1.13 

85 99.99996598528388 42.783383969907405 0.0009453006 0.3716226 0.00015676222 0.019360108 1.06 

86 99.99935372039359 42.5953052662037 0.00094869384 0.36882654 0.0003680987 0.018127365 0.99 

87 99.99959182340648 42.532913773148145 0.00093198643 0.371265 0.00021141514 0.018567953 0.92 

88 99.99965985283873 42.60163483796296 0.00092387875 0.3750143 0.00025355007 0.019016474 0.85 

89 99.99979591170325 42.5953052662037 0.0009189148 0.37152198 0.00019521202 0.0191184 0.78 

90 99.99982992641937 42.208297164351855 0.00090864283 0.37748986 0.00023194202 0.020010933 0.71 

91 99.99955780869035 42.58264612268518 0.0009052278 0.37382972 0.00029044057 0.0185269 0.64 

92 99.99976189698711 42.526584201388886 0.0008987366 0.3754566 0.0002351197 0.020566266 0.57 

93 99.99952379397422 42.4732349537037 0.00089242816 0.37257922 0.00025825886 0.019064594 0.5 

94 99.99989795585162 42.629665798611114 0.00089028146 0.37691557 0.00020498487 0.018975236 0.43 

95 99.99993197056774 42.69929108796296 0.00087501464 0.37549663 0.00015006968 0.020253377 0.36 

96 99.99931970567746 42.10973668981482 0.00088021706 0.38012356 0.00041412335 0.019048387 0.29 

97 99.99965985283873 42.46961805555556 0.0008776055 0.37668496 0.00024888729 0.019083953 0.22 

98 99.99938773510972 42.17664930555556 0.00086634007 0.3875604 0.00036150563 0.020272074 0.14 

99 99.99880948493556 42.324942129629626 0.0008735562 0.38083538 0.000510367 0.01982362 0.07 

