loading  /home/jasencakova/dataset/cells/priamy_kanal/sim_2xKSin1_D_hct15_seed4_rigid31_1_from1190000cy/rbc0_sim_2xKSin1_D_hct15_seed4_rigid31_1_from1190000cy.dat
shape =  (18, 698)
698
loading  /home/jasencakova/dataset/cells/priamy_kanal/sim_2xKSin1_D_hct15_seed4_rigid31_1_from1190000cy/rbc1_sim_2xKSin1_D_hct15_seed4_rigid31_1_from1190000cy.dat
shape =  (18, 698)
698
loading  /home/jasencakova/dataset/cells/priamy_kanal/sim_2xKSin1_D_hct15_seed4_rigid31_1_from1190000cy/rbc2_sim_2xKSin1_D_hct15_seed4_rigid31_1_from1190000cy.dat
shape =  (18, 698)
698
loading  /home/jasencakova/dataset/cells/priamy_kanal/sim_2xKSin1_D_hct15_seed4_rigid31_1_from1190000cy/rbc3_sim_2xKSin1_D_hct15_seed4_rigid31_1_from1190000cy.dat
shape =  (18, 698)
698
loading  /home/jasencakova/dataset/cells/priamy_kanal/sim_2xKSin1_D_hct15_seed4_rigid31_1_from1190000cy/rbc4_sim_2xKSin1_D_hct15_seed4_rigid31_1_from1190000cy.dat
shape =  (18, 698)
698
loading  /home/jasencakova/dataset/cells/priamy_kanal/sim_2xKSin1_D_hct15_seed4_rigid31_1_from1190000cy/rbc5_sim_2xKSin1_D_hct15_seed4_rigid31_1_from1190000cy.dat
shape =  (18, 698)
698
loading  /home/jasencakova/dataset/cells/priamy_kanal/sim_2xKSin1_D_hct15_seed4_rigid31_1_from1190000cy/rbc6_sim_2xKSin1_D_hct15_seed4_rigid31_1_from1190000cy.dat
shape =  (18, 698)
698
loading  /home/jasencakova/dataset/cells/priamy_kanal/sim_2xKSin1_D_hct15_seed4_rigid31_1_from1190000cy/rbc7_sim_2xKSin1_D_hct15_seed4_rigid31_1_from1190000cy.dat
shape =  (18, 698)
698
loading  /home/jasencakova/dataset/cells/priamy_kanal/sim_2xKSin1_D_hct15_seed4_rigid31_1_from1190000cy/rbc8_sim_2xKSin1_D_hct15_seed4_rigid31_1_from1190000cy.dat
shape =  (18, 698)
698
loading  /home/jasencakova/dataset/cells/priamy_kanal/sim_2xKSin1_D_hct15_seed4_rigid31_1_from1190000cy/rbc9_sim_2xKSin1_D_hct15_seed4_rigid31_1_from1190000cy.dat
shape =  (18, 698)
698
loading  /home/jasencakova/dataset/cells/priamy_kanal/sim_2xKSin1_D_hct15_seed4_rigid31_1_from1190000cy/rbc10_sim_2xKSin1_D_hct15_seed4_rigid31_1_from1190000cy.dat
shape =  (18, 698)
698
loading  /home/jasencakova/dataset/cells/priamy_kanal/sim_2xKSin1_D_hct15_seed4_rigid31_1_from1190000cy/rbc11_sim_2xKSin1_D_hct15_seed4_rigid31_1_from1190000cy.dat
shape =  (18, 698)
698
loading  /home/jasencakova/dataset/cells/priamy_kanal/sim_2xKSin1_D_hct15_seed4_rigid31_1_from1190000cy/rbc12_sim_2xKSin1_D_hct15_seed4_rigid31_1_from1190000cy.dat
shape =  (18, 698)
698
loading  /home/jasencakova/dataset/cells/priamy_kanal/sim_2xKSin1_D_hct15_seed4_rigid31_1_from1190000cy/rbc13_sim_2xKSin1_D_hct15_seed4_rigid31_1_from1190000cy.dat
shape =  (18, 698)
698
loading  /home/jasencakova/dataset/cells/priamy_kanal/sim_2xKSin1_D_hct15_seed4_rigid31_1_from1190000cy/rbc14_sim_2xKSin1_D_hct15_seed4_rigid31_1_from1190000cy.dat
shape =  (18, 698)
698
loading  /home/jasencakova/dataset/cells/priamy_kanal/sim_2xKSin1_D_hct15_seed4_rigid31_1_from1190000cy/rbc15_sim_2xKSin1_D_hct15_seed4_rigid31_1_from1190000cy.dat
shape =  (18, 698)
698
loading  /home/jasencakova/dataset/cells/priamy_kanal/sim_2xKSin1_D_hct15_seed4_rigid31_1_from1190000cy/rbc16_sim_2xKSin1_D_hct15_seed4_rigid31_1_from1190000cy.dat
shape =  (18, 698)
698
loading  /home/jasencakova/dataset/cells/priamy_kanal/sim_2xKSin1_D_hct15_seed4_rigid31_1_from1190000cy/rbc17_sim_2xKSin1_D_hct15_seed4_rigid31_1_from1190000cy.dat
shape =  (18, 698)
698
loading  /home/jasencakova/dataset/cells/priamy_kanal/sim_2xKSin1_D_hct15_seed4_rigid31_1_from1190000cy/rbc18_sim_2xKSin1_D_hct15_seed4_rigid31_1_from1190000cy.dat
shape =  (18, 698)
698
loading  /home/jasencakova/dataset/cells/priamy_kanal/sim_2xKSin1_D_hct15_seed4_rigid31_1_from1190000cy/rbc19_sim_2xKSin1_D_hct15_seed4_rigid31_1_from1190000cy.dat
shape =  (18, 698)
698
loading  /home/jasencakova/dataset/cells/priamy_kanal/sim_2xKSin1_D_hct15_seed4_rigid31_1_from1190000cy/rbc20_sim_2xKSin1_D_hct15_seed4_rigid31_1_from1190000cy.dat
shape =  (18, 698)
698
loading  /home/jasencakova/dataset/cells/priamy_kanal/sim_2xKSin1_D_hct15_seed4_rigid31_1_from1190000cy/rbc21_sim_2xKSin1_D_hct15_seed4_rigid31_1_from1190000cy.dat
shape =  (18, 698)
698
loading  /home/jasencakova/dataset/cells/priamy_kanal/sim_2xKSin1_D_hct15_seed4_rigid31_1_from1190000cy/rbc22_sim_2xKSin1_D_hct15_seed4_rigid31_1_from1190000cy.dat
shape =  (18, 698)
698
loading  /home/jasencakova/dataset/cells/priamy_kanal/sim_2xKSin1_D_hct15_seed4_rigid31_1_from1190000cy/rbc23_sim_2xKSin1_D_hct15_seed4_rigid31_1_from1190000cy.dat
shape =  (18, 698)
698
loading  /home/jasencakova/dataset/cells/priamy_kanal/sim_2xKSin1_D_hct15_seed4_rigid31_1_from1190000cy/rbc24_sim_2xKSin1_D_hct15_seed4_rigid31_1_from1190000cy.dat
shape =  (18, 698)
698
loading  /home/jasencakova/dataset/cells/priamy_kanal/sim_2xKSin1_D_hct15_seed4_rigid31_1_from1190000cy/rbc25_sim_2xKSin1_D_hct15_seed4_rigid31_1_from1190000cy.dat
shape =  (18, 698)
698
loading  /home/jasencakova/dataset/cells/priamy_kanal/sim_2xKSin1_D_hct15_seed4_rigid31_1_from1190000cy/rbc26_sim_2xKSin1_D_hct15_seed4_rigid31_1_from1190000cy.dat
shape =  (18, 698)
698
loading  /home/jasencakova/dataset/cells/priamy_kanal/sim_2xKSin1_D_hct15_seed4_rigid31_1_from1190000cy/rbc27_sim_2xKSin1_D_hct15_seed4_rigid31_1_from1190000cy.dat
shape =  (18, 698)
698
loading  /home/jasencakova/dataset/cells/priamy_kanal/sim_2xKSin1_D_hct15_seed4_rigid31_1_from1190000cy/rbc28_sim_2xKSin1_D_hct15_seed4_rigid31_1_from1190000cy.dat
shape =  (18, 698)
698
loading  /home/jasencakova/dataset/cells/priamy_kanal/sim_2xKSin1_D_hct15_seed4_rigid31_1_from1190000cy/rbc29_sim_2xKSin1_D_hct15_seed4_rigid31_1_from1190000cy.dat
shape =  (18, 698)
698
loading  /home/jasencakova/dataset/cells/priamy_kanal/sim_2xKSin1_D_hct15_seed4_rigid31_1_from1190000cy/rbc30_sim_2xKSin1_D_hct15_seed4_rigid31_1_from1190000cy.dat
shape =  (18, 698)
698
loading  /home/jasencakova/dataset/cells/priamy_kanal/sim_2xKSin1_D_hct15_seed4_rigid31_1_from1190000cy/rbc31_sim_2xKSin1_D_hct15_seed4_rigid31_1_from1190000cy.dat
shape =  (18, 698)
698
loading  /home/jasencakova/dataset/cells/priamy_kanal/sim_2xKSin1_D_hct15_seed4_rigid31_1_from1190000cy/rbc32_sim_2xKSin1_D_hct15_seed4_rigid31_1_from1190000cy.dat
shape =  (18, 698)
698
loading  /home/jasencakova/dataset/cells/priamy_kanal/sim_2xKSin1_D_hct15_seed4_rigid31_1_from1190000cy/rbc33_sim_2xKSin1_D_hct15_seed4_rigid31_1_from1190000cy.dat
shape =  (18, 698)
698
loading  /home/jasencakova/dataset/cells/priamy_kanal/sim_2xKSin1_D_hct15_seed4_rigid31_1_from1190000cy/rbc34_sim_2xKSin1_D_hct15_seed4_rigid31_1_from1190000cy.dat
shape =  (18, 698)
698
loading  /home/jasencakova/dataset/cells/priamy_kanal/sim_2xKSin1_D_hct15_seed4_rigid31_1_from1190000cy/rbc35_sim_2xKSin1_D_hct15_seed4_rigid31_1_from1190000cy.dat
shape =  (18, 698)
698
loading  /home/jasencakova/dataset/cells/priamy_kanal/sim_2xKSin1_D_hct15_seed4_rigid31_1_from1190000cy/rbc36_sim_2xKSin1_D_hct15_seed4_rigid31_1_from1190000cy.dat
shape =  (18, 698)
698
loading  /home/jasencakova/dataset/cells/priamy_kanal/sim_2xKSin1_D_hct15_seed4_rigid31_1_from1190000cy/rbc37_sim_2xKSin1_D_hct15_seed4_rigid31_1_from1190000cy.dat
shape =  (18, 698)
698
loading  /home/jasencakova/dataset/cells/priamy_kanal/sim_2xKSin1_D_hct15_seed4_rigid31_1_from1190000cy/rbc38_sim_2xKSin1_D_hct15_seed4_rigid31_1_from1190000cy.dat
shape =  (18, 698)
698
loading  /home/jasencakova/dataset/cells/priamy_kanal/sim_2xKSin1_D_hct15_seed4_rigid31_1_from1190000cy/rbc39_sim_2xKSin1_D_hct15_seed4_rigid31_1_from1190000cy.dat
shape =  (18, 698)
698
loading  /home/jasencakova/dataset/cells/priamy_kanal/sim_2xKSin1_D_hct15_seed4_rigid31_1_from1190000cy/rbc40_sim_2xKSin1_D_hct15_seed4_rigid31_1_from1190000cy.dat
shape =  (18, 698)
698
loading  /home/jasencakova/dataset/cells/priamy_kanal/sim_2xKSin1_D_hct15_seed4_rigid31_1_from1190000cy/rbc41_sim_2xKSin1_D_hct15_seed4_rigid31_1_from1190000cy.dat
shape =  (18, 698)
698
loading  /home/jasencakova/dataset/cells/priamy_kanal/sim_2xKSin1_D_hct15_seed4_rigid31_1_from1190000cy/rbc42_sim_2xKSin1_D_hct15_seed4_rigid31_1_from1190000cy.dat
shape =  (18, 698)
698
loading  /home/jasencakova/dataset/cells/priamy_kanal/sim_2xKSin1_D_hct15_seed4_rigid31_1_from1190000cy/rbc43_sim_2xKSin1_D_hct15_seed4_rigid31_1_from1190000cy.dat
shape =  (18, 698)
698
loading  /home/jasencakova/dataset/cells/priamy_kanal/sim_2xKSin1_D_hct15_seed4_rigid31_1_from1190000cy/rbc44_sim_2xKSin1_D_hct15_seed4_rigid31_1_from1190000cy.dat
shape =  (18, 698)
698
loading  /home/jasencakova/dataset/cells/priamy_kanal/sim_2xKSin1_D_hct15_seed4_rigid31_1_from1190000cy/rbc45_sim_2xKSin1_D_hct15_seed4_rigid31_1_from1190000cy.dat
shape =  (18, 698)
698
loading  /home/jasencakova/dataset/cells/priamy_kanal/sim_2xKSin1_D_hct15_seed4_rigid31_1_from1190000cy/rbc46_sim_2xKSin1_D_hct15_seed4_rigid31_1_from1190000cy.dat
shape =  (18, 698)
698
loading  /home/jasencakova/dataset/cells/priamy_kanal/sim_2xKSin1_D_hct15_seed4_rigid31_1_from1190000cy/rbc47_sim_2xKSin1_D_hct15_seed4_rigid31_1_from1190000cy.dat
shape =  (18, 698)
698
loading  /home/jasencakova/dataset/cells/priamy_kanal/sim_2xKSin1_D_hct15_seed4_rigid31_1_from1190000cy/rbc48_sim_2xKSin1_D_hct15_seed4_rigid31_1_from1190000cy.dat
shape =  (18, 698)
698
loading  /home/jasencakova/dataset/cells/priamy_kanal/sim_2xKSin1_D_hct15_seed4_rigid31_1_from1190000cy/rbc49_sim_2xKSin1_D_hct15_seed4_rigid31_1_from1190000cy.dat
shape =  (18, 698)
698
loading  /home/jasencakova/dataset/cells/priamy_kanal/sim_2xKSin1_D_hct15_seed4_rigid31_1_from1190000cy/rbc50_sim_2xKSin1_D_hct15_seed4_rigid31_1_from1190000cy.dat
shape =  (18, 698)
698
loading  /home/jasencakova/dataset/cells/priamy_kanal/sim_2xKSin1_D_hct15_seed4_rigid31_1_from1190000cy/rbc51_sim_2xKSin1_D_hct15_seed4_rigid31_1_from1190000cy.dat
shape =  (18, 698)
698
loading  /home/jasencakova/dataset/cells/priamy_kanal/sim_2xKSin1_D_hct15_seed4_rigid31_1_from1190000cy/rbc52_sim_2xKSin1_D_hct15_seed4_rigid31_1_from1190000cy.dat
shape =  (18, 698)
698
loading  /home/jasencakova/dataset/cells/priamy_kanal/sim_2xKSin1_D_hct15_seed4_rigid31_1_from1190000cy/rbc53_sim_2xKSin1_D_hct15_seed4_rigid31_1_from1190000cy.dat
shape =  (18, 698)
698
loading  /home/jasencakova/dataset/cells/priamy_kanal/sim_2xKSin1_D_hct15_seed4_rigid31_1_from1190000cy/rbc54_sim_2xKSin1_D_hct15_seed4_rigid31_1_from1190000cy.dat
shape =  (18, 698)
698
loading  /home/jasencakova/dataset/cells/priamy_kanal/sim_2xKSin1_D_hct15_seed4_rigid31_1_from1190000cy/rbc55_sim_2xKSin1_D_hct15_seed4_rigid31_1_from1190000cy.dat
shape =  (18, 698)
698
loading  /home/jasencakova/dataset/cells/priamy_kanal/sim_2xKSin1_D_hct15_seed4_rigid31_1_from1190000cy/rbc56_sim_2xKSin1_D_hct15_seed4_rigid31_1_from1190000cy.dat
shape =  (18, 698)
698
loading  /home/jasencakova/dataset/cells/priamy_kanal/sim_2xKSin1_D_hct15_seed4_rigid31_1_from1190000cy/rbc57_sim_2xKSin1_D_hct15_seed4_rigid31_1_from1190000cy.dat
shape =  (18, 698)
698
loading  /home/jasencakova/dataset/cells/priamy_kanal/sim_2xKSin1_D_hct15_seed4_rigid31_1_from1190000cy/rbc58_sim_2xKSin1_D_hct15_seed4_rigid31_1_from1190000cy.dat
shape =  (18, 698)
698
loading  /home/jasencakova/dataset/cells/priamy_kanal/sim_2xKSin1_D_hct15_seed4_rigid31_1_from1190000cy/rbc59_sim_2xKSin1_D_hct15_seed4_rigid31_1_from1190000cy.dat
shape =  (18, 698)
698
loading  /home/jasencakova/dataset/cells/priamy_kanal/sim_2xKSin1_D_hct15_seed4_rigid31_1_from1190000cy/rbc60_sim_2xKSin1_D_hct15_seed4_rigid31_1_from1190000cy.dat
shape =  (18, 698)
698
loading  /home/jasencakova/dataset/cells/priamy_kanal/sim_2xKSin1_D_hct15_seed4_rigid31_1_from1190000cy/rbc61_sim_2xKSin1_D_hct15_seed4_rigid31_1_from1190000cy.dat
shape =  (18, 698)
698
loading  /home/jasencakova/dataset/cells/priamy_kanal/sim_2xKSin1_D_hct15_seed4_rigid31_1_from1190000cy/rbc62_sim_2xKSin1_D_hct15_seed4_rigid31_1_from1190000cy.dat
shape =  (18, 698)
698
loading  /home/jasencakova/dataset/cells/priamy_kanal/sim_2xKSin1_D_hct15_seed4_rigid31_1_from1190000cy/rbc63_sim_2xKSin1_D_hct15_seed4_rigid31_1_from1190000cy.dat
shape =  (18, 698)
698
loading  /home/jasencakova/dataset/cells/priamy_kanal/sim_2xKSin1_D_hct15_seed4_rigid31_1_from1190000cy/rbc64_sim_2xKSin1_D_hct15_seed4_rigid31_1_from1190000cy.dat
shape =  (18, 698)
698
loading  /home/jasencakova/dataset/cells/priamy_kanal/sim_2xKSin1_D_hct15_seed4_rigid31_1_from1190000cy/rbc65_sim_2xKSin1_D_hct15_seed4_rigid31_1_from1190000cy.dat
shape =  (18, 698)
698
loading  /home/jasencakova/dataset/cells/priamy_kanal/sim_2xKSin1_D_hct15_seed4_rigid31_1_from1190000cy/rbc66_sim_2xKSin1_D_hct15_seed4_rigid31_1_from1190000cy.dat
shape =  (18, 698)
698
loading  /home/jasencakova/dataset/cells/priamy_kanal/sim_2xKSin1_D_hct15_seed4_rigid31_1_from1190000cy/rbc67_sim_2xKSin1_D_hct15_seed4_rigid31_1_from1190000cy.dat
shape =  (18, 698)
698
loading  /home/jasencakova/dataset/cells/priamy_kanal/sim_2xKSin1_D_hct15_seed4_rigid31_1_from1190000cy/rbc68_sim_2xKSin1_D_hct15_seed4_rigid31_1_from1190000cy.dat
shape =  (18, 698)
698
loading  /home/jasencakova/dataset/cells/priamy_kanal/sim_2xKSin1_D_hct15_seed4_rigid31_1_from1190000cy/rbc69_sim_2xKSin1_D_hct15_seed4_rigid31_1_from1190000cy.dat
shape =  (18, 698)
698
loading  /home/jasencakova/dataset/cells/priamy_kanal/sim_2xKSin1_D_hct15_seed4_rigid31_1_from1190000cy/rbc70_sim_2xKSin1_D_hct15_seed4_rigid31_1_from1190000cy.dat
shape =  (18, 698)
698
loading  /home/jasencakova/dataset/cells/priamy_kanal/sim_2xKSin1_D_hct15_seed4_rigid31_1_from1190000cy/rbc71_sim_2xKSin1_D_hct15_seed4_rigid31_1_from1190000cy.dat
shape =  (18, 698)
698
loading  /home/jasencakova/dataset/cells/priamy_kanal/sim_2xKSin1_D_hct15_seed4_rigid31_1_from1190000cy/rbc72_sim_2xKSin1_D_hct15_seed4_rigid31_1_from1190000cy.dat
shape =  (18, 698)
698
loading  /home/jasencakova/dataset/cells/priamy_kanal/sim_2xKSin1_D_hct15_seed4_rigid31_1_from1190000cy/rbc73_sim_2xKSin1_D_hct15_seed4_rigid31_1_from1190000cy.dat
shape =  (18, 698)
698
loading  /home/jasencakova/dataset/cells/priamy_kanal/sim_2xKSin1_D_hct15_seed4_rigid31_1_from1190000cy/rbc74_sim_2xKSin1_D_hct15_seed4_rigid31_1_from1190000cy.dat
shape =  (18, 698)
698
loading  /home/jasencakova/dataset/cells/priamy_kanal/sim_2xKSin1_D_hct15_seed4_rigid31_1_from1190000cy/rbc75_sim_2xKSin1_D_hct15_seed4_rigid31_1_from1190000cy.dat
shape =  (18, 698)
698
loading  /home/jasencakova/dataset/cells/priamy_kanal/sim_2xKSin1_D_hct15_seed4_rigid31_1_from1190000cy/rbc76_sim_2xKSin1_D_hct15_seed4_rigid31_1_from1190000cy.dat
shape =  (18, 698)
698
loading  /home/jasencakova/dataset/cells/priamy_kanal/sim_2xKSin1_D_hct15_seed4_rigid31_1_from1190000cy/rbc77_sim_2xKSin1_D_hct15_seed4_rigid31_1_from1190000cy.dat
shape =  (18, 698)
698
loading  /home/jasencakova/dataset/cells/priamy_kanal/sim_2xKSin1_D_hct15_seed4_rigid31_1_from1190000cy/rbc78_sim_2xKSin1_D_hct15_seed4_rigid31_1_from1190000cy.dat
shape =  (18, 698)
698
loading  /home/jasencakova/dataset/cells/priamy_kanal/sim_2xKSin1_D_hct15_seed4_rigid31_1_from1190000cy/rbc79_sim_2xKSin1_D_hct15_seed4_rigid31_1_from1190000cy.dat
shape =  (18, 698)
698
loading  /home/jasencakova/dataset/cells/priamy_kanal/sim_2xKSin1_D_hct15_seed4_rigid31_1_from1190000cy/rbc80_sim_2xKSin1_D_hct15_seed4_rigid31_1_from1190000cy.dat
shape =  (18, 698)
698
loading  /home/jasencakova/dataset/cells/priamy_kanal/sim_2xKSin1_D_hct15_seed4_rigid31_1_from1190000cy/rbc81_sim_2xKSin1_D_hct15_seed4_rigid31_1_from1190000cy.dat
shape =  (18, 698)
698
loading  /home/jasencakova/dataset/cells/priamy_kanal/sim_2xKSin1_D_hct15_seed4_rigid31_1_from1190000cy/rbc82_sim_2xKSin1_D_hct15_seed4_rigid31_1_from1190000cy.dat
shape =  (18, 698)
698
loading  /home/jasencakova/dataset/cells/priamy_kanal/sim_2xKSin1_D_hct15_seed4_rigid31_1_from1190000cy/rbc83_sim_2xKSin1_D_hct15_seed4_rigid31_1_from1190000cy.dat
shape =  (18, 698)
698
loading  /home/jasencakova/dataset/cells/priamy_kanal/sim_2xKSin1_D_hct15_seed4_rigid31_1_from1190000cy/rbc84_sim_2xKSin1_D_hct15_seed4_rigid31_1_from1190000cy.dat
shape =  (18, 698)
698
loading  /home/jasencakova/dataset/cells/priamy_kanal/sim_2xKSin1_D_hct15_seed4_rigid31_1_from1190000cy/rbc85_sim_2xKSin1_D_hct15_seed4_rigid31_1_from1190000cy.dat
shape =  (18, 698)
698
loading  /home/jasencakova/dataset/cells/priamy_kanal/sim_2xKSin1_D_hct15_seed4_rigid31_1_from1190000cy/rbc86_sim_2xKSin1_D_hct15_seed4_rigid31_1_from1190000cy.dat
shape =  (18, 698)
698
loading  /home/jasencakova/dataset/cells/priamy_kanal/sim_2xKSin1_D_hct15_seed4_rigid31_1_from1190000cy/rbc87_sim_2xKSin1_D_hct15_seed4_rigid31_1_from1190000cy.dat
shape =  (18, 698)
698
loading  /home/jasencakova/dataset/cells/priamy_kanal/sim_2xKSin1_D_hct15_seed4_rigid31_1_from1190000cy/rbc88_sim_2xKSin1_D_hct15_seed4_rigid31_1_from1190000cy.dat
shape =  (18, 698)
698
loading  /home/jasencakova/dataset/cells/priamy_kanal/sim_2xKSin1_D_hct15_seed4_rigid31_1_from1190000cy/rbc89_sim_2xKSin1_D_hct15_seed4_rigid31_1_from1190000cy.dat
shape =  (18, 698)
698
loading  /home/jasencakova/dataset/cells/priamy_kanal/sim_2xKSin1_D_hct15_seed4_rigid31_1_from1190000cy/rbc90_sim_2xKSin1_D_hct15_seed4_rigid31_1_from1190000cy.dat
shape =  (18, 698)
698
loading  /home/jasencakova/dataset/cells/priamy_kanal/sim_2xKSin1_D_hct15_seed4_rigid31_1_from1190000cy/rbc91_sim_2xKSin1_D_hct15_seed4_rigid31_1_from1190000cy.dat
shape =  (18, 698)
698
loading  /home/jasencakova/dataset/cells/priamy_kanal/sim_2xKSin1_D_hct15_seed4_rigid31_1_from1190000cy/rbc92_sim_2xKSin1_D_hct15_seed4_rigid31_1_from1190000cy.dat
shape =  (18, 698)
698
loading  /home/jasencakova/dataset/cells/priamy_kanal/sim_2xKSin1_D_hct15_seed4_rigid31_1_from1190000cy/rbc93_sim_2xKSin1_D_hct15_seed4_rigid31_1_from1190000cy.dat
shape =  (18, 698)
698
loading  /home/jasencakova/dataset/cells/priamy_kanal/sim_2xKSin1_D_hct15_seed4_rigid31_1_from1190000cy/rbc94_sim_2xKSin1_D_hct15_seed4_rigid31_1_from1190000cy.dat
shape =  (18, 698)
698
loading  /home/jasencakova/dataset/cells/priamy_kanal/sim_2xKSin1_D_hct15_seed4_rigid31_1_from1190000cy/rbc95_sim_2xKSin1_D_hct15_seed4_rigid31_1_from1190000cy.dat
shape =  (18, 698)
698
loading  /home/jasencakova/dataset/cells/priamy_kanal/sim_2xKSin1_D_hct15_seed4_rigid31_1_from1190000cy/rbc96_sim_2xKSin1_D_hct15_seed4_rigid31_1_from1190000cy.dat
shape =  (18, 698)
698
loading  /home/jasencakova/dataset/cells/priamy_kanal/sim_2xKSin1_D_hct15_seed4_rigid31_1_from1190000cy/rbc97_sim_2xKSin1_D_hct15_seed4_rigid31_1_from1190000cy.dat
shape =  (18, 698)
698
loading  /home/jasencakova/dataset/cells/priamy_kanal/sim_2xKSin1_D_hct15_seed4_rigid31_1_from1190000cy/rbc98_sim_2xKSin1_D_hct15_seed4_rigid31_1_from1190000cy.dat
shape =  (18, 698)
698
loading  /home/jasencakova/dataset/cells/priamy_kanal/sim_2xKSin1_D_hct15_seed4_rigid31_1_from1190000cy/rbc99_sim_2xKSin1_D_hct15_seed4_rigid31_1_from1190000cy.dat
shape =  (18, 698)
698
loading  /home/jasencakova/dataset/cells/priamy_kanal/sim_2xKSin1_D_hct15_seed4_rigid31_1_from1190000cy/rbc100_sim_2xKSin1_D_hct15_seed4_rigid31_1_from1190000cy.dat
shape =  (18, 698)
698
loading  /home/jasencakova/dataset/cells/priamy_kanal/sim_2xKSin1_D_hct15_seed4_rigid31_1_from1190000cy/rbc101_sim_2xKSin1_D_hct15_seed4_rigid31_1_from1190000cy.dat
shape =  (18, 698)
698
loading  /home/jasencakova/dataset/cells/priamy_kanal/sim_2xKSin1_D_hct15_seed4_rigid31_1_from1190000cy/rbc102_sim_2xKSin1_D_hct15_seed4_rigid31_1_from1190000cy.dat
shape =  (18, 698)
698
loading  /home/jasencakova/dataset/cells/priamy_kanal/sim_2xKSin1_D_hct15_seed4_rigid31_1_from1190000cy/rbc103_sim_2xKSin1_D_hct15_seed4_rigid31_1_from1190000cy.dat
shape =  (18, 698)
698
loading  /home/jasencakova/dataset/cells/priamy_kanal/sim_2xKSin1_D_hct15_seed4_rigid31_1_from1190000cy/rbc104_sim_2xKSin1_D_hct15_seed4_rigid31_1_from1190000cy.dat
shape =  (18, 698)
698
loading  /home/jasencakova/dataset/cells/priamy_kanal/sim_2xKSin1_D_hct15_seed4_rigid31_1_from1190000cy/rbc105_sim_2xKSin1_D_hct15_seed4_rigid31_1_from1190000cy.dat
shape =  (18, 698)
698
loading  /home/jasencakova/dataset/cells/priamy_kanal/sim_2xKSin1_D_hct15_seed4_rigid31_1_from1190000cy/rbc106_sim_2xKSin1_D_hct15_seed4_rigid31_1_from1190000cy.dat
shape =  (18, 698)
698
loading  /home/jasencakova/dataset/cells/priamy_kanal/sim_2xKSin1_D_hct15_seed4_rigid31_1_from1190000cy/rbc107_sim_2xKSin1_D_hct15_seed4_rigid31_1_from1190000cy.dat
shape =  (18, 698)
698
loading  /home/jasencakova/dataset/cells/priamy_kanal/sim_2xKSin1_D_hct15_seed4_rigid31_1_from1190000cy/rbc108_sim_2xKSin1_D_hct15_seed4_rigid31_1_from1190000cy.dat
shape =  (18, 698)
698
loading  /home/jasencakova/dataset/cells/priamy_kanal/sim_2xKSin1_D_hct15_seed4_rigid31_1_from1190000cy/rbc109_sim_2xKSin1_D_hct15_seed4_rigid31_1_from1190000cy.dat
shape =  (18, 698)
698
loading  /home/jasencakova/dataset/cells/priamy_kanal/sim_2xKSin1_D_hct15_seed4_rigid31_1_from1190000cy/rbc110_sim_2xKSin1_D_hct15_seed4_rigid31_1_from1190000cy.dat
shape =  (18, 698)
698
loading  /home/jasencakova/dataset/cells/priamy_kanal/sim_2xKSin1_D_hct15_seed4_rigid31_1_from1190000cy/rbc111_sim_2xKSin1_D_hct15_seed4_rigid31_1_from1190000cy.dat
shape =  (18, 698)
698
loading  /home/jasencakova/dataset/cells/priamy_kanal/sim_2xKSin1_D_hct15_seed4_rigid31_1_from1190000cy/rbc112_sim_2xKSin1_D_hct15_seed4_rigid31_1_from1190000cy.dat
shape =  (18, 698)
698
loading  /home/jasencakova/dataset/cells/priamy_kanal/sim_2xKSin1_D_hct15_seed4_rigid31_1_from1190000cy/rbc113_sim_2xKSin1_D_hct15_seed4_rigid31_1_from1190000cy.dat
shape =  (18, 698)
698
loading  /home/jasencakova/dataset/cells/priamy_kanal/sim_2xKSin1_D_hct15_seed4_rigid31_1_from1190000cy/rbc114_sim_2xKSin1_D_hct15_seed4_rigid31_1_from1190000cy.dat
shape =  (18, 698)
698
loading  /home/jasencakova/dataset/cells/priamy_kanal/sim_2xKSin1_D_hct15_seed4_rigid31_1_from1190000cy/rbc115_sim_2xKSin1_D_hct15_seed4_rigid31_1_from1190000cy.dat
shape =  (18, 698)
698
loading  /home/jasencakova/dataset/cells/priamy_kanal/sim_2xKSin1_D_hct15_seed4_rigid31_1_from1190000cy/rbc116_sim_2xKSin1_D_hct15_seed4_rigid31_1_from1190000cy.dat
shape =  (18, 698)
698
loading  /home/jasencakova/dataset/cells/priamy_kanal/sim_2xKSin1_D_hct15_seed4_rigid31_1_from1190000cy/rbc117_sim_2xKSin1_D_hct15_seed4_rigid31_1_from1190000cy.dat
shape =  (18, 698)
698
loading  /home/jasencakova/dataset/cells/priamy_kanal/sim_2xKSin1_D_hct15_seed4_rigid31_1_from1190000cy/rbc118_sim_2xKSin1_D_hct15_seed4_rigid31_1_from1190000cy.dat
shape =  (18, 698)
698
loading  /home/jasencakova/dataset/cells/priamy_kanal/sim_2xKSin1_D_hct15_seed4_rigid31_1_from1190000cy/rbc119_sim_2xKSin1_D_hct15_seed4_rigid31_1_from1190000cy.dat
shape =  (18, 698)
698
loading  /home/jasencakova/dataset/cells/priamy_kanal/sim_2xKSin1_D_hct15_seed4_rigid31_1_from1190000cy/rbc120_sim_2xKSin1_D_hct15_seed4_rigid31_1_from1190000cy.dat
shape =  (18, 698)
698
loading  /home/jasencakova/dataset/cells/priamy_kanal/sim_2xKSin1_D_hct15_seed4_rigid31_1_from1190000cy/rbc121_sim_2xKSin1_D_hct15_seed4_rigid31_1_from1190000cy.dat
shape =  (18, 698)
698
loading  /home/jasencakova/dataset/cells/priamy_kanal/sim_2xKSin1_D_hct15_seed4_rigid31_1_from1190000cy/rbc122_sim_2xKSin1_D_hct15_seed4_rigid31_1_from1190000cy.dat
shape =  (18, 698)
698
loading  /home/jasencakova/dataset/cells/priamy_kanal/sim_2xKSin1_D_hct15_seed4_rigid31_1_from1190000cy/rbc123_sim_2xKSin1_D_hct15_seed4_rigid31_1_from1190000cy.dat
shape =  (18, 698)
698
loading  /home/jasencakova/dataset/cells/priamy_kanal/sim_2xKSin1_D_hct15_seed4_rigid31_1_from1190000cy/rbc124_sim_2xKSin1_D_hct15_seed4_rigid31_1_from1190000cy.dat
shape =  (18, 698)
698
loading  /home/jasencakova/dataset/cells/priamy_kanal/sim_2xKSin1_D_hct15_seed4_rigid31_1_from1190000cy/rbc125_sim_2xKSin1_D_hct15_seed4_rigid31_1_from1190000cy.dat
shape =  (18, 698)
698
loading  /home/jasencakova/dataset/cells/priamy_kanal/sim_2xKSin1_D_hct15_seed4_rigid31_1_from1190000cy/rbc126_sim_2xKSin1_D_hct15_seed4_rigid31_1_from1190000cy.dat
shape =  (18, 698)
698
loading  /home/jasencakova/dataset/cells/priamy_kanal/sim_2xKSin1_D_hct15_seed4_rigid31_1_from1190000cy/rbc127_sim_2xKSin1_D_hct15_seed4_rigid31_1_from1190000cy.dat
shape =  (18, 698)
698
loading  /home/jasencakova/dataset/cells/priamy_kanal/sim_2xKSin1_D_hct15_seed4_rigid31_1_from1190000cy/rbc128_sim_2xKSin1_D_hct15_seed4_rigid31_1_from1190000cy.dat
shape =  (18, 698)
698
loading  /home/jasencakova/dataset/cells/priamy_kanal/sim_2xKSin1_D_hct15_seed4_rigid31_1_from1190000cy/rbc129_sim_2xKSin1_D_hct15_seed4_rigid31_1_from1190000cy.dat
shape =  (18, 698)
698
loading  /home/jasencakova/dataset/cells/priamy_kanal/sim_2xKSin1_D_hct15_seed4_rigid31_1_from1190000cy/rbc130_sim_2xKSin1_D_hct15_seed4_rigid31_1_from1190000cy.dat
shape =  (18, 698)
698
loading  /home/jasencakova/dataset/cells/priamy_kanal/sim_2xKSin1_D_hct15_seed4_rigid31_1_from1190000cy/rbc131_sim_2xKSin1_D_hct15_seed4_rigid31_1_from1190000cy.dat
shape =  (18, 698)
698
loading  /home/jasencakova/dataset/cells/priamy_kanal/sim_2xKSin1_D_hct15_seed4_rigid31_1_from1190000cy/rbc132_sim_2xKSin1_D_hct15_seed4_rigid31_1_from1190000cy.dat
shape =  (18, 698)
698
loading  /home/jasencakova/dataset/cells/priamy_kanal/sim_2xKSin1_D_hct15_seed4_rigid31_1_from1190000cy/rbc133_sim_2xKSin1_D_hct15_seed4_rigid31_1_from1190000cy.dat
shape =  (18, 698)
698
loading  /home/jasencakova/dataset/cells/priamy_kanal/sim_2xKSin1_D_hct15_seed4_rigid31_1_from1190000cy/rbc134_sim_2xKSin1_D_hct15_seed4_rigid31_1_from1190000cy.dat
shape =  (18, 698)
698
loading  /home/jasencakova/dataset/cells/priamy_kanal/sim_2xKSin1_D_hct15_seed4_rigid31_1_from1190000cy/rbc135_sim_2xKSin1_D_hct15_seed4_rigid31_1_from1190000cy.dat
shape =  (18, 698)
698
loading  /home/jasencakova/dataset/cells/priamy_kanal/sim_2xKSin1_D_hct15_seed4_rigid31_1_from1190000cy/rbc136_sim_2xKSin1_D_hct15_seed4_rigid31_1_from1190000cy.dat
shape =  (18, 698)
698
loading  /home/jasencakova/dataset/cells/priamy_kanal/sim_2xKSin1_D_hct15_seed4_rigid31_1_from1190000cy/rbc137_sim_2xKSin1_D_hct15_seed4_rigid31_1_from1190000cy.dat
shape =  (18, 698)
698
loading  /home/jasencakova/dataset/cells/priamy_kanal/sim_2xKSin1_D_hct15_seed4_rigid31_1_from1190000cy/rbc138_sim_2xKSin1_D_hct15_seed4_rigid31_1_from1190000cy.dat
shape =  (18, 698)
698
loading  /home/jasencakova/dataset/cells/priamy_kanal/sim_2xKSin1_D_hct15_seed4_rigid31_1_from1190000cy/rbc139_sim_2xKSin1_D_hct15_seed4_rigid31_1_from1190000cy.dat
shape =  (18, 698)
698
loading  /home/jasencakova/dataset/cells/priamy_kanal/sim_2xKSin1_D_hct15_seed4_rigid31_1_from1190000cy/rbc140_sim_2xKSin1_D_hct15_seed4_rigid31_1_from1190000cy.dat
shape =  (18, 698)
698
loading  /home/jasencakova/dataset/cells/priamy_kanal/sim_2xKSin1_D_hct15_seed4_rigid31_1_from1190000cy/rbc141_sim_2xKSin1_D_hct15_seed4_rigid31_1_from1190000cy.dat
shape =  (18, 698)
698
loading  /home/jasencakova/dataset/cells/priamy_kanal/sim_2xKSin1_D_hct15_seed4_rigid31_1_from1190000cy/rbc142_sim_2xKSin1_D_hct15_seed4_rigid31_1_from1190000cy.dat
shape =  (18, 698)
698
loading  /home/jasencakova/dataset/cells/priamy_kanal/sim_2xKSin1_D_hct15_seed4_rigid31_1_from1190000cy/rbc143_sim_2xKSin1_D_hct15_seed4_rigid31_1_from1190000cy.dat
shape =  (18, 698)
698
loading  /home/jasencakova/dataset/cells/priamy_kanal/sim_2xKSin1_D_hct15_seed4_rigid31_1_from1190000cy/rbc144_sim_2xKSin1_D_hct15_seed4_rigid31_1_from1190000cy.dat
shape =  (18, 698)
698
loading  /home/jasencakova/dataset/cells/priamy_kanal/sim_2xKSin1_D_hct15_seed4_rigid31_1_from1190000cy/rbc145_sim_2xKSin1_D_hct15_seed4_rigid31_1_from1190000cy.dat
shape =  (18, 698)
698
loading  /home/jasencakova/dataset/cells/priamy_kanal/sim_2xKSin1_D_hct15_seed4_rigid31_1_from1190000cy/rbc146_sim_2xKSin1_D_hct15_seed4_rigid31_1_from1190000cy.dat
shape =  (18, 698)
698
loading  /home/jasencakova/dataset/cells/priamy_kanal/sim_2xKSin1_D_hct15_seed4_rigid31_1_from1190000cy/rbc147_sim_2xKSin1_D_hct15_seed4_rigid31_1_from1190000cy.dat
shape =  (18, 698)
698
loading  /home/jasencakova/dataset/cells/priamy_kanal/sim_2xKSin1_D_hct15_seed4_rigid31_1_from1190000cy/rbc148_sim_2xKSin1_D_hct15_seed4_rigid31_1_from1190000cy.dat
shape =  (18, 698)
698
loading  /home/jasencakova/dataset/cells/priamy_kanal/sim_2xKSin1_D_hct15_seed4_rigid31_1_from1190000cy/rbc149_sim_2xKSin1_D_hct15_seed4_rigid31_1_from1190000cy.dat
shape =  (18, 698)
698
loading  /home/jasencakova/dataset/cells/priamy_kanal/sim_2xKSin1_D_hct15_seed4_rigid31_1_from1190000cy/rbc150_sim_2xKSin1_D_hct15_seed4_rigid31_1_from1190000cy.dat
shape =  (18, 698)
698
loading  /home/jasencakova/dataset/cells/priamy_kanal/sim_2xKSin1_D_hct15_seed4_rigid31_1_from1190000cy/rbc151_sim_2xKSin1_D_hct15_seed4_rigid31_1_from1190000cy.dat
shape =  (18, 698)
698
loading  /home/jasencakova/dataset/cells/priamy_kanal/sim_2xKSin1_D_hct15_seed4_rigid31_1_from1190000cy/rbc152_sim_2xKSin1_D_hct15_seed4_rigid31_1_from1190000cy.dat
shape =  (18, 698)
698
loading  /home/jasencakova/dataset/cells/priamy_kanal/sim_2xKSin1_D_hct15_seed4_rigid31_1_from1190000cy/rbc153_sim_2xKSin1_D_hct15_seed4_rigid31_1_from1190000cy.dat
shape =  (18, 698)
698
shortest_length =  698
data_shape      =  (154, 698, 18)



loading  /home/jasencakova/dataset/cells/priamy_kanal/sim_2xKSin1_D_hct15_seed4_rigid62_1_from376000cy/rbc0_sim_2xKSin1_D_hct15_seed4_rigid62_1_from376000cy.dat
shape =  (18, 717)
717
loading  /home/jasencakova/dataset/cells/priamy_kanal/sim_2xKSin1_D_hct15_seed4_rigid62_1_from376000cy/rbc1_sim_2xKSin1_D_hct15_seed4_rigid62_1_from376000cy.dat
shape =  (18, 717)
717
loading  /home/jasencakova/dataset/cells/priamy_kanal/sim_2xKSin1_D_hct15_seed4_rigid62_1_from376000cy/rbc2_sim_2xKSin1_D_hct15_seed4_rigid62_1_from376000cy.dat
shape =  (18, 717)
717
loading  /home/jasencakova/dataset/cells/priamy_kanal/sim_2xKSin1_D_hct15_seed4_rigid62_1_from376000cy/rbc3_sim_2xKSin1_D_hct15_seed4_rigid62_1_from376000cy.dat
shape =  (18, 717)
717
loading  /home/jasencakova/dataset/cells/priamy_kanal/sim_2xKSin1_D_hct15_seed4_rigid62_1_from376000cy/rbc4_sim_2xKSin1_D_hct15_seed4_rigid62_1_from376000cy.dat
shape =  (18, 717)
717
loading  /home/jasencakova/dataset/cells/priamy_kanal/sim_2xKSin1_D_hct15_seed4_rigid62_1_from376000cy/rbc5_sim_2xKSin1_D_hct15_seed4_rigid62_1_from376000cy.dat
shape =  (18, 717)
717
loading  /home/jasencakova/dataset/cells/priamy_kanal/sim_2xKSin1_D_hct15_seed4_rigid62_1_from376000cy/rbc6_sim_2xKSin1_D_hct15_seed4_rigid62_1_from376000cy.dat
shape =  (18, 717)
717
loading  /home/jasencakova/dataset/cells/priamy_kanal/sim_2xKSin1_D_hct15_seed4_rigid62_1_from376000cy/rbc7_sim_2xKSin1_D_hct15_seed4_rigid62_1_from376000cy.dat
shape =  (18, 717)
717
loading  /home/jasencakova/dataset/cells/priamy_kanal/sim_2xKSin1_D_hct15_seed4_rigid62_1_from376000cy/rbc8_sim_2xKSin1_D_hct15_seed4_rigid62_1_from376000cy.dat
shape =  (18, 717)
717
loading  /home/jasencakova/dataset/cells/priamy_kanal/sim_2xKSin1_D_hct15_seed4_rigid62_1_from376000cy/rbc9_sim_2xKSin1_D_hct15_seed4_rigid62_1_from376000cy.dat
shape =  (18, 717)
717
loading  /home/jasencakova/dataset/cells/priamy_kanal/sim_2xKSin1_D_hct15_seed4_rigid62_1_from376000cy/rbc10_sim_2xKSin1_D_hct15_seed4_rigid62_1_from376000cy.dat
shape =  (18, 717)
717
loading  /home/jasencakova/dataset/cells/priamy_kanal/sim_2xKSin1_D_hct15_seed4_rigid62_1_from376000cy/rbc11_sim_2xKSin1_D_hct15_seed4_rigid62_1_from376000cy.dat
shape =  (18, 717)
717
loading  /home/jasencakova/dataset/cells/priamy_kanal/sim_2xKSin1_D_hct15_seed4_rigid62_1_from376000cy/rbc12_sim_2xKSin1_D_hct15_seed4_rigid62_1_from376000cy.dat
shape =  (18, 717)
717
loading  /home/jasencakova/dataset/cells/priamy_kanal/sim_2xKSin1_D_hct15_seed4_rigid62_1_from376000cy/rbc13_sim_2xKSin1_D_hct15_seed4_rigid62_1_from376000cy.dat
shape =  (18, 717)
717
loading  /home/jasencakova/dataset/cells/priamy_kanal/sim_2xKSin1_D_hct15_seed4_rigid62_1_from376000cy/rbc14_sim_2xKSin1_D_hct15_seed4_rigid62_1_from376000cy.dat
shape =  (18, 717)
717
loading  /home/jasencakova/dataset/cells/priamy_kanal/sim_2xKSin1_D_hct15_seed4_rigid62_1_from376000cy/rbc15_sim_2xKSin1_D_hct15_seed4_rigid62_1_from376000cy.dat
shape =  (18, 717)
717
loading  /home/jasencakova/dataset/cells/priamy_kanal/sim_2xKSin1_D_hct15_seed4_rigid62_1_from376000cy/rbc16_sim_2xKSin1_D_hct15_seed4_rigid62_1_from376000cy.dat
shape =  (18, 717)
717
loading  /home/jasencakova/dataset/cells/priamy_kanal/sim_2xKSin1_D_hct15_seed4_rigid62_1_from376000cy/rbc17_sim_2xKSin1_D_hct15_seed4_rigid62_1_from376000cy.dat
shape =  (18, 717)
717
loading  /home/jasencakova/dataset/cells/priamy_kanal/sim_2xKSin1_D_hct15_seed4_rigid62_1_from376000cy/rbc18_sim_2xKSin1_D_hct15_seed4_rigid62_1_from376000cy.dat
shape =  (18, 717)
717
loading  /home/jasencakova/dataset/cells/priamy_kanal/sim_2xKSin1_D_hct15_seed4_rigid62_1_from376000cy/rbc19_sim_2xKSin1_D_hct15_seed4_rigid62_1_from376000cy.dat
shape =  (18, 717)
717
loading  /home/jasencakova/dataset/cells/priamy_kanal/sim_2xKSin1_D_hct15_seed4_rigid62_1_from376000cy/rbc20_sim_2xKSin1_D_hct15_seed4_rigid62_1_from376000cy.dat
shape =  (18, 717)
717
loading  /home/jasencakova/dataset/cells/priamy_kanal/sim_2xKSin1_D_hct15_seed4_rigid62_1_from376000cy/rbc21_sim_2xKSin1_D_hct15_seed4_rigid62_1_from376000cy.dat
shape =  (18, 717)
717
loading  /home/jasencakova/dataset/cells/priamy_kanal/sim_2xKSin1_D_hct15_seed4_rigid62_1_from376000cy/rbc22_sim_2xKSin1_D_hct15_seed4_rigid62_1_from376000cy.dat
shape =  (18, 717)
717
loading  /home/jasencakova/dataset/cells/priamy_kanal/sim_2xKSin1_D_hct15_seed4_rigid62_1_from376000cy/rbc23_sim_2xKSin1_D_hct15_seed4_rigid62_1_from376000cy.dat
shape =  (18, 717)
717
loading  /home/jasencakova/dataset/cells/priamy_kanal/sim_2xKSin1_D_hct15_seed4_rigid62_1_from376000cy/rbc24_sim_2xKSin1_D_hct15_seed4_rigid62_1_from376000cy.dat
shape =  (18, 717)
717
loading  /home/jasencakova/dataset/cells/priamy_kanal/sim_2xKSin1_D_hct15_seed4_rigid62_1_from376000cy/rbc25_sim_2xKSin1_D_hct15_seed4_rigid62_1_from376000cy.dat
shape =  (18, 717)
717
loading  /home/jasencakova/dataset/cells/priamy_kanal/sim_2xKSin1_D_hct15_seed4_rigid62_1_from376000cy/rbc26_sim_2xKSin1_D_hct15_seed4_rigid62_1_from376000cy.dat
shape =  (18, 717)
717
loading  /home/jasencakova/dataset/cells/priamy_kanal/sim_2xKSin1_D_hct15_seed4_rigid62_1_from376000cy/rbc27_sim_2xKSin1_D_hct15_seed4_rigid62_1_from376000cy.dat
shape =  (18, 717)
717
loading  /home/jasencakova/dataset/cells/priamy_kanal/sim_2xKSin1_D_hct15_seed4_rigid62_1_from376000cy/rbc28_sim_2xKSin1_D_hct15_seed4_rigid62_1_from376000cy.dat
shape =  (18, 717)
717
loading  /home/jasencakova/dataset/cells/priamy_kanal/sim_2xKSin1_D_hct15_seed4_rigid62_1_from376000cy/rbc29_sim_2xKSin1_D_hct15_seed4_rigid62_1_from376000cy.dat
shape =  (18, 717)
717
loading  /home/jasencakova/dataset/cells/priamy_kanal/sim_2xKSin1_D_hct15_seed4_rigid62_1_from376000cy/rbc30_sim_2xKSin1_D_hct15_seed4_rigid62_1_from376000cy.dat
shape =  (18, 717)
717
loading  /home/jasencakova/dataset/cells/priamy_kanal/sim_2xKSin1_D_hct15_seed4_rigid62_1_from376000cy/rbc31_sim_2xKSin1_D_hct15_seed4_rigid62_1_from376000cy.dat
shape =  (18, 717)
717
loading  /home/jasencakova/dataset/cells/priamy_kanal/sim_2xKSin1_D_hct15_seed4_rigid62_1_from376000cy/rbc32_sim_2xKSin1_D_hct15_seed4_rigid62_1_from376000cy.dat
shape =  (18, 717)
717
loading  /home/jasencakova/dataset/cells/priamy_kanal/sim_2xKSin1_D_hct15_seed4_rigid62_1_from376000cy/rbc33_sim_2xKSin1_D_hct15_seed4_rigid62_1_from376000cy.dat
shape =  (18, 717)
717
loading  /home/jasencakova/dataset/cells/priamy_kanal/sim_2xKSin1_D_hct15_seed4_rigid62_1_from376000cy/rbc34_sim_2xKSin1_D_hct15_seed4_rigid62_1_from376000cy.dat
shape =  (18, 717)
717
loading  /home/jasencakova/dataset/cells/priamy_kanal/sim_2xKSin1_D_hct15_seed4_rigid62_1_from376000cy/rbc35_sim_2xKSin1_D_hct15_seed4_rigid62_1_from376000cy.dat
shape =  (18, 717)
717
loading  /home/jasencakova/dataset/cells/priamy_kanal/sim_2xKSin1_D_hct15_seed4_rigid62_1_from376000cy/rbc36_sim_2xKSin1_D_hct15_seed4_rigid62_1_from376000cy.dat
shape =  (18, 717)
717
loading  /home/jasencakova/dataset/cells/priamy_kanal/sim_2xKSin1_D_hct15_seed4_rigid62_1_from376000cy/rbc37_sim_2xKSin1_D_hct15_seed4_rigid62_1_from376000cy.dat
shape =  (18, 717)
717
loading  /home/jasencakova/dataset/cells/priamy_kanal/sim_2xKSin1_D_hct15_seed4_rigid62_1_from376000cy/rbc38_sim_2xKSin1_D_hct15_seed4_rigid62_1_from376000cy.dat
shape =  (18, 717)
717
loading  /home/jasencakova/dataset/cells/priamy_kanal/sim_2xKSin1_D_hct15_seed4_rigid62_1_from376000cy/rbc39_sim_2xKSin1_D_hct15_seed4_rigid62_1_from376000cy.dat
shape =  (18, 717)
717
loading  /home/jasencakova/dataset/cells/priamy_kanal/sim_2xKSin1_D_hct15_seed4_rigid62_1_from376000cy/rbc40_sim_2xKSin1_D_hct15_seed4_rigid62_1_from376000cy.dat
shape =  (18, 717)
717
loading  /home/jasencakova/dataset/cells/priamy_kanal/sim_2xKSin1_D_hct15_seed4_rigid62_1_from376000cy/rbc41_sim_2xKSin1_D_hct15_seed4_rigid62_1_from376000cy.dat
shape =  (18, 717)
717
loading  /home/jasencakova/dataset/cells/priamy_kanal/sim_2xKSin1_D_hct15_seed4_rigid62_1_from376000cy/rbc42_sim_2xKSin1_D_hct15_seed4_rigid62_1_from376000cy.dat
shape =  (18, 717)
717
loading  /home/jasencakova/dataset/cells/priamy_kanal/sim_2xKSin1_D_hct15_seed4_rigid62_1_from376000cy/rbc43_sim_2xKSin1_D_hct15_seed4_rigid62_1_from376000cy.dat
shape =  (18, 717)
717
loading  /home/jasencakova/dataset/cells/priamy_kanal/sim_2xKSin1_D_hct15_seed4_rigid62_1_from376000cy/rbc44_sim_2xKSin1_D_hct15_seed4_rigid62_1_from376000cy.dat
shape =  (18, 717)
717
loading  /home/jasencakova/dataset/cells/priamy_kanal/sim_2xKSin1_D_hct15_seed4_rigid62_1_from376000cy/rbc45_sim_2xKSin1_D_hct15_seed4_rigid62_1_from376000cy.dat
shape =  (18, 717)
717
loading  /home/jasencakova/dataset/cells/priamy_kanal/sim_2xKSin1_D_hct15_seed4_rigid62_1_from376000cy/rbc46_sim_2xKSin1_D_hct15_seed4_rigid62_1_from376000cy.dat
shape =  (18, 717)
717
loading  /home/jasencakova/dataset/cells/priamy_kanal/sim_2xKSin1_D_hct15_seed4_rigid62_1_from376000cy/rbc47_sim_2xKSin1_D_hct15_seed4_rigid62_1_from376000cy.dat
shape =  (18, 717)
717
loading  /home/jasencakova/dataset/cells/priamy_kanal/sim_2xKSin1_D_hct15_seed4_rigid62_1_from376000cy/rbc48_sim_2xKSin1_D_hct15_seed4_rigid62_1_from376000cy.dat
shape =  (18, 717)
717
loading  /home/jasencakova/dataset/cells/priamy_kanal/sim_2xKSin1_D_hct15_seed4_rigid62_1_from376000cy/rbc49_sim_2xKSin1_D_hct15_seed4_rigid62_1_from376000cy.dat
shape =  (18, 717)
717
loading  /home/jasencakova/dataset/cells/priamy_kanal/sim_2xKSin1_D_hct15_seed4_rigid62_1_from376000cy/rbc50_sim_2xKSin1_D_hct15_seed4_rigid62_1_from376000cy.dat
shape =  (18, 717)
717
loading  /home/jasencakova/dataset/cells/priamy_kanal/sim_2xKSin1_D_hct15_seed4_rigid62_1_from376000cy/rbc51_sim_2xKSin1_D_hct15_seed4_rigid62_1_from376000cy.dat
shape =  (18, 717)
717
loading  /home/jasencakova/dataset/cells/priamy_kanal/sim_2xKSin1_D_hct15_seed4_rigid62_1_from376000cy/rbc52_sim_2xKSin1_D_hct15_seed4_rigid62_1_from376000cy.dat
shape =  (18, 717)
717
loading  /home/jasencakova/dataset/cells/priamy_kanal/sim_2xKSin1_D_hct15_seed4_rigid62_1_from376000cy/rbc53_sim_2xKSin1_D_hct15_seed4_rigid62_1_from376000cy.dat
shape =  (18, 717)
717
loading  /home/jasencakova/dataset/cells/priamy_kanal/sim_2xKSin1_D_hct15_seed4_rigid62_1_from376000cy/rbc54_sim_2xKSin1_D_hct15_seed4_rigid62_1_from376000cy.dat
shape =  (18, 717)
717
loading  /home/jasencakova/dataset/cells/priamy_kanal/sim_2xKSin1_D_hct15_seed4_rigid62_1_from376000cy/rbc55_sim_2xKSin1_D_hct15_seed4_rigid62_1_from376000cy.dat
shape =  (18, 717)
717
loading  /home/jasencakova/dataset/cells/priamy_kanal/sim_2xKSin1_D_hct15_seed4_rigid62_1_from376000cy/rbc56_sim_2xKSin1_D_hct15_seed4_rigid62_1_from376000cy.dat
shape =  (18, 717)
717
loading  /home/jasencakova/dataset/cells/priamy_kanal/sim_2xKSin1_D_hct15_seed4_rigid62_1_from376000cy/rbc57_sim_2xKSin1_D_hct15_seed4_rigid62_1_from376000cy.dat
shape =  (18, 717)
717
loading  /home/jasencakova/dataset/cells/priamy_kanal/sim_2xKSin1_D_hct15_seed4_rigid62_1_from376000cy/rbc58_sim_2xKSin1_D_hct15_seed4_rigid62_1_from376000cy.dat
shape =  (18, 717)
717
loading  /home/jasencakova/dataset/cells/priamy_kanal/sim_2xKSin1_D_hct15_seed4_rigid62_1_from376000cy/rbc59_sim_2xKSin1_D_hct15_seed4_rigid62_1_from376000cy.dat
shape =  (18, 717)
717
loading  /home/jasencakova/dataset/cells/priamy_kanal/sim_2xKSin1_D_hct15_seed4_rigid62_1_from376000cy/rbc60_sim_2xKSin1_D_hct15_seed4_rigid62_1_from376000cy.dat
shape =  (18, 717)
717
loading  /home/jasencakova/dataset/cells/priamy_kanal/sim_2xKSin1_D_hct15_seed4_rigid62_1_from376000cy/rbc61_sim_2xKSin1_D_hct15_seed4_rigid62_1_from376000cy.dat
shape =  (18, 717)
717
loading  /home/jasencakova/dataset/cells/priamy_kanal/sim_2xKSin1_D_hct15_seed4_rigid62_1_from376000cy/rbc62_sim_2xKSin1_D_hct15_seed4_rigid62_1_from376000cy.dat
shape =  (18, 717)
717
loading  /home/jasencakova/dataset/cells/priamy_kanal/sim_2xKSin1_D_hct15_seed4_rigid62_1_from376000cy/rbc63_sim_2xKSin1_D_hct15_seed4_rigid62_1_from376000cy.dat
shape =  (18, 717)
717
loading  /home/jasencakova/dataset/cells/priamy_kanal/sim_2xKSin1_D_hct15_seed4_rigid62_1_from376000cy/rbc64_sim_2xKSin1_D_hct15_seed4_rigid62_1_from376000cy.dat
shape =  (18, 717)
717
loading  /home/jasencakova/dataset/cells/priamy_kanal/sim_2xKSin1_D_hct15_seed4_rigid62_1_from376000cy/rbc65_sim_2xKSin1_D_hct15_seed4_rigid62_1_from376000cy.dat
shape =  (18, 717)
717
loading  /home/jasencakova/dataset/cells/priamy_kanal/sim_2xKSin1_D_hct15_seed4_rigid62_1_from376000cy/rbc66_sim_2xKSin1_D_hct15_seed4_rigid62_1_from376000cy.dat
shape =  (18, 717)
717
loading  /home/jasencakova/dataset/cells/priamy_kanal/sim_2xKSin1_D_hct15_seed4_rigid62_1_from376000cy/rbc67_sim_2xKSin1_D_hct15_seed4_rigid62_1_from376000cy.dat
shape =  (18, 717)
717
loading  /home/jasencakova/dataset/cells/priamy_kanal/sim_2xKSin1_D_hct15_seed4_rigid62_1_from376000cy/rbc68_sim_2xKSin1_D_hct15_seed4_rigid62_1_from376000cy.dat
shape =  (18, 717)
717
loading  /home/jasencakova/dataset/cells/priamy_kanal/sim_2xKSin1_D_hct15_seed4_rigid62_1_from376000cy/rbc69_sim_2xKSin1_D_hct15_seed4_rigid62_1_from376000cy.dat
shape =  (18, 717)
717
loading  /home/jasencakova/dataset/cells/priamy_kanal/sim_2xKSin1_D_hct15_seed4_rigid62_1_from376000cy/rbc70_sim_2xKSin1_D_hct15_seed4_rigid62_1_from376000cy.dat
shape =  (18, 717)
717
loading  /home/jasencakova/dataset/cells/priamy_kanal/sim_2xKSin1_D_hct15_seed4_rigid62_1_from376000cy/rbc71_sim_2xKSin1_D_hct15_seed4_rigid62_1_from376000cy.dat
shape =  (18, 717)
717
loading  /home/jasencakova/dataset/cells/priamy_kanal/sim_2xKSin1_D_hct15_seed4_rigid62_1_from376000cy/rbc72_sim_2xKSin1_D_hct15_seed4_rigid62_1_from376000cy.dat
shape =  (18, 717)
717
loading  /home/jasencakova/dataset/cells/priamy_kanal/sim_2xKSin1_D_hct15_seed4_rigid62_1_from376000cy/rbc73_sim_2xKSin1_D_hct15_seed4_rigid62_1_from376000cy.dat
shape =  (18, 717)
717
loading  /home/jasencakova/dataset/cells/priamy_kanal/sim_2xKSin1_D_hct15_seed4_rigid62_1_from376000cy/rbc74_sim_2xKSin1_D_hct15_seed4_rigid62_1_from376000cy.dat
shape =  (18, 717)
717
loading  /home/jasencakova/dataset/cells/priamy_kanal/sim_2xKSin1_D_hct15_seed4_rigid62_1_from376000cy/rbc75_sim_2xKSin1_D_hct15_seed4_rigid62_1_from376000cy.dat
shape =  (18, 717)
717
loading  /home/jasencakova/dataset/cells/priamy_kanal/sim_2xKSin1_D_hct15_seed4_rigid62_1_from376000cy/rbc76_sim_2xKSin1_D_hct15_seed4_rigid62_1_from376000cy.dat
shape =  (18, 717)
717
loading  /home/jasencakova/dataset/cells/priamy_kanal/sim_2xKSin1_D_hct15_seed4_rigid62_1_from376000cy/rbc77_sim_2xKSin1_D_hct15_seed4_rigid62_1_from376000cy.dat
shape =  (18, 717)
717
loading  /home/jasencakova/dataset/cells/priamy_kanal/sim_2xKSin1_D_hct15_seed4_rigid62_1_from376000cy/rbc78_sim_2xKSin1_D_hct15_seed4_rigid62_1_from376000cy.dat
shape =  (18, 717)
717
loading  /home/jasencakova/dataset/cells/priamy_kanal/sim_2xKSin1_D_hct15_seed4_rigid62_1_from376000cy/rbc79_sim_2xKSin1_D_hct15_seed4_rigid62_1_from376000cy.dat
shape =  (18, 717)
717
loading  /home/jasencakova/dataset/cells/priamy_kanal/sim_2xKSin1_D_hct15_seed4_rigid62_1_from376000cy/rbc80_sim_2xKSin1_D_hct15_seed4_rigid62_1_from376000cy.dat
shape =  (18, 717)
717
loading  /home/jasencakova/dataset/cells/priamy_kanal/sim_2xKSin1_D_hct15_seed4_rigid62_1_from376000cy/rbc81_sim_2xKSin1_D_hct15_seed4_rigid62_1_from376000cy.dat
shape =  (18, 717)
717
loading  /home/jasencakova/dataset/cells/priamy_kanal/sim_2xKSin1_D_hct15_seed4_rigid62_1_from376000cy/rbc82_sim_2xKSin1_D_hct15_seed4_rigid62_1_from376000cy.dat
shape =  (18, 717)
717
loading  /home/jasencakova/dataset/cells/priamy_kanal/sim_2xKSin1_D_hct15_seed4_rigid62_1_from376000cy/rbc83_sim_2xKSin1_D_hct15_seed4_rigid62_1_from376000cy.dat
shape =  (18, 717)
717
loading  /home/jasencakova/dataset/cells/priamy_kanal/sim_2xKSin1_D_hct15_seed4_rigid62_1_from376000cy/rbc84_sim_2xKSin1_D_hct15_seed4_rigid62_1_from376000cy.dat
shape =  (18, 717)
717
loading  /home/jasencakova/dataset/cells/priamy_kanal/sim_2xKSin1_D_hct15_seed4_rigid62_1_from376000cy/rbc85_sim_2xKSin1_D_hct15_seed4_rigid62_1_from376000cy.dat
shape =  (18, 717)
717
loading  /home/jasencakova/dataset/cells/priamy_kanal/sim_2xKSin1_D_hct15_seed4_rigid62_1_from376000cy/rbc86_sim_2xKSin1_D_hct15_seed4_rigid62_1_from376000cy.dat
shape =  (18, 717)
717
loading  /home/jasencakova/dataset/cells/priamy_kanal/sim_2xKSin1_D_hct15_seed4_rigid62_1_from376000cy/rbc87_sim_2xKSin1_D_hct15_seed4_rigid62_1_from376000cy.dat
shape =  (18, 717)
717
loading  /home/jasencakova/dataset/cells/priamy_kanal/sim_2xKSin1_D_hct15_seed4_rigid62_1_from376000cy/rbc88_sim_2xKSin1_D_hct15_seed4_rigid62_1_from376000cy.dat
shape =  (18, 717)
717
loading  /home/jasencakova/dataset/cells/priamy_kanal/sim_2xKSin1_D_hct15_seed4_rigid62_1_from376000cy/rbc89_sim_2xKSin1_D_hct15_seed4_rigid62_1_from376000cy.dat
shape =  (18, 717)
717
loading  /home/jasencakova/dataset/cells/priamy_kanal/sim_2xKSin1_D_hct15_seed4_rigid62_1_from376000cy/rbc90_sim_2xKSin1_D_hct15_seed4_rigid62_1_from376000cy.dat
shape =  (18, 717)
717
loading  /home/jasencakova/dataset/cells/priamy_kanal/sim_2xKSin1_D_hct15_seed4_rigid62_1_from376000cy/rbc91_sim_2xKSin1_D_hct15_seed4_rigid62_1_from376000cy.dat
shape =  (18, 717)
717
loading  /home/jasencakova/dataset/cells/priamy_kanal/sim_2xKSin1_D_hct15_seed4_rigid62_1_from376000cy/rbc92_sim_2xKSin1_D_hct15_seed4_rigid62_1_from376000cy.dat
shape =  (18, 717)
717
loading  /home/jasencakova/dataset/cells/priamy_kanal/sim_2xKSin1_D_hct15_seed4_rigid62_1_from376000cy/rbc93_sim_2xKSin1_D_hct15_seed4_rigid62_1_from376000cy.dat
shape =  (18, 717)
717
loading  /home/jasencakova/dataset/cells/priamy_kanal/sim_2xKSin1_D_hct15_seed4_rigid62_1_from376000cy/rbc94_sim_2xKSin1_D_hct15_seed4_rigid62_1_from376000cy.dat
shape =  (18, 717)
717
loading  /home/jasencakova/dataset/cells/priamy_kanal/sim_2xKSin1_D_hct15_seed4_rigid62_1_from376000cy/rbc95_sim_2xKSin1_D_hct15_seed4_rigid62_1_from376000cy.dat
shape =  (18, 717)
717
loading  /home/jasencakova/dataset/cells/priamy_kanal/sim_2xKSin1_D_hct15_seed4_rigid62_1_from376000cy/rbc96_sim_2xKSin1_D_hct15_seed4_rigid62_1_from376000cy.dat
shape =  (18, 717)
717
loading  /home/jasencakova/dataset/cells/priamy_kanal/sim_2xKSin1_D_hct15_seed4_rigid62_1_from376000cy/rbc97_sim_2xKSin1_D_hct15_seed4_rigid62_1_from376000cy.dat
shape =  (18, 717)
717
loading  /home/jasencakova/dataset/cells/priamy_kanal/sim_2xKSin1_D_hct15_seed4_rigid62_1_from376000cy/rbc98_sim_2xKSin1_D_hct15_seed4_rigid62_1_from376000cy.dat
shape =  (18, 717)
717
loading  /home/jasencakova/dataset/cells/priamy_kanal/sim_2xKSin1_D_hct15_seed4_rigid62_1_from376000cy/rbc99_sim_2xKSin1_D_hct15_seed4_rigid62_1_from376000cy.dat
shape =  (18, 717)
717
loading  /home/jasencakova/dataset/cells/priamy_kanal/sim_2xKSin1_D_hct15_seed4_rigid62_1_from376000cy/rbc100_sim_2xKSin1_D_hct15_seed4_rigid62_1_from376000cy.dat
shape =  (18, 717)
717
loading  /home/jasencakova/dataset/cells/priamy_kanal/sim_2xKSin1_D_hct15_seed4_rigid62_1_from376000cy/rbc101_sim_2xKSin1_D_hct15_seed4_rigid62_1_from376000cy.dat
shape =  (18, 717)
717
loading  /home/jasencakova/dataset/cells/priamy_kanal/sim_2xKSin1_D_hct15_seed4_rigid62_1_from376000cy/rbc102_sim_2xKSin1_D_hct15_seed4_rigid62_1_from376000cy.dat
shape =  (18, 717)
717
loading  /home/jasencakova/dataset/cells/priamy_kanal/sim_2xKSin1_D_hct15_seed4_rigid62_1_from376000cy/rbc103_sim_2xKSin1_D_hct15_seed4_rigid62_1_from376000cy.dat
shape =  (18, 717)
717
loading  /home/jasencakova/dataset/cells/priamy_kanal/sim_2xKSin1_D_hct15_seed4_rigid62_1_from376000cy/rbc104_sim_2xKSin1_D_hct15_seed4_rigid62_1_from376000cy.dat
shape =  (18, 717)
717
loading  /home/jasencakova/dataset/cells/priamy_kanal/sim_2xKSin1_D_hct15_seed4_rigid62_1_from376000cy/rbc105_sim_2xKSin1_D_hct15_seed4_rigid62_1_from376000cy.dat
shape =  (18, 717)
717
loading  /home/jasencakova/dataset/cells/priamy_kanal/sim_2xKSin1_D_hct15_seed4_rigid62_1_from376000cy/rbc106_sim_2xKSin1_D_hct15_seed4_rigid62_1_from376000cy.dat
shape =  (18, 717)
717
loading  /home/jasencakova/dataset/cells/priamy_kanal/sim_2xKSin1_D_hct15_seed4_rigid62_1_from376000cy/rbc107_sim_2xKSin1_D_hct15_seed4_rigid62_1_from376000cy.dat
shape =  (18, 717)
717
loading  /home/jasencakova/dataset/cells/priamy_kanal/sim_2xKSin1_D_hct15_seed4_rigid62_1_from376000cy/rbc108_sim_2xKSin1_D_hct15_seed4_rigid62_1_from376000cy.dat
shape =  (18, 717)
717
loading  /home/jasencakova/dataset/cells/priamy_kanal/sim_2xKSin1_D_hct15_seed4_rigid62_1_from376000cy/rbc109_sim_2xKSin1_D_hct15_seed4_rigid62_1_from376000cy.dat
shape =  (18, 717)
717
loading  /home/jasencakova/dataset/cells/priamy_kanal/sim_2xKSin1_D_hct15_seed4_rigid62_1_from376000cy/rbc110_sim_2xKSin1_D_hct15_seed4_rigid62_1_from376000cy.dat
shape =  (18, 717)
717
loading  /home/jasencakova/dataset/cells/priamy_kanal/sim_2xKSin1_D_hct15_seed4_rigid62_1_from376000cy/rbc111_sim_2xKSin1_D_hct15_seed4_rigid62_1_from376000cy.dat
shape =  (18, 717)
717
loading  /home/jasencakova/dataset/cells/priamy_kanal/sim_2xKSin1_D_hct15_seed4_rigid62_1_from376000cy/rbc112_sim_2xKSin1_D_hct15_seed4_rigid62_1_from376000cy.dat
shape =  (18, 717)
717
loading  /home/jasencakova/dataset/cells/priamy_kanal/sim_2xKSin1_D_hct15_seed4_rigid62_1_from376000cy/rbc113_sim_2xKSin1_D_hct15_seed4_rigid62_1_from376000cy.dat
shape =  (18, 717)
717
loading  /home/jasencakova/dataset/cells/priamy_kanal/sim_2xKSin1_D_hct15_seed4_rigid62_1_from376000cy/rbc114_sim_2xKSin1_D_hct15_seed4_rigid62_1_from376000cy.dat
shape =  (18, 717)
717
loading  /home/jasencakova/dataset/cells/priamy_kanal/sim_2xKSin1_D_hct15_seed4_rigid62_1_from376000cy/rbc115_sim_2xKSin1_D_hct15_seed4_rigid62_1_from376000cy.dat
shape =  (18, 717)
717
loading  /home/jasencakova/dataset/cells/priamy_kanal/sim_2xKSin1_D_hct15_seed4_rigid62_1_from376000cy/rbc116_sim_2xKSin1_D_hct15_seed4_rigid62_1_from376000cy.dat
shape =  (18, 717)
717
loading  /home/jasencakova/dataset/cells/priamy_kanal/sim_2xKSin1_D_hct15_seed4_rigid62_1_from376000cy/rbc117_sim_2xKSin1_D_hct15_seed4_rigid62_1_from376000cy.dat
shape =  (18, 717)
717
loading  /home/jasencakova/dataset/cells/priamy_kanal/sim_2xKSin1_D_hct15_seed4_rigid62_1_from376000cy/rbc118_sim_2xKSin1_D_hct15_seed4_rigid62_1_from376000cy.dat
shape =  (18, 717)
717
loading  /home/jasencakova/dataset/cells/priamy_kanal/sim_2xKSin1_D_hct15_seed4_rigid62_1_from376000cy/rbc119_sim_2xKSin1_D_hct15_seed4_rigid62_1_from376000cy.dat
shape =  (18, 717)
717
loading  /home/jasencakova/dataset/cells/priamy_kanal/sim_2xKSin1_D_hct15_seed4_rigid62_1_from376000cy/rbc120_sim_2xKSin1_D_hct15_seed4_rigid62_1_from376000cy.dat
shape =  (18, 717)
717
loading  /home/jasencakova/dataset/cells/priamy_kanal/sim_2xKSin1_D_hct15_seed4_rigid62_1_from376000cy/rbc121_sim_2xKSin1_D_hct15_seed4_rigid62_1_from376000cy.dat
shape =  (18, 717)
717
loading  /home/jasencakova/dataset/cells/priamy_kanal/sim_2xKSin1_D_hct15_seed4_rigid62_1_from376000cy/rbc122_sim_2xKSin1_D_hct15_seed4_rigid62_1_from376000cy.dat
shape =  (18, 717)
717
loading  /home/jasencakova/dataset/cells/priamy_kanal/sim_2xKSin1_D_hct15_seed4_rigid62_1_from376000cy/rbc123_sim_2xKSin1_D_hct15_seed4_rigid62_1_from376000cy.dat
shape =  (18, 717)
717
loading  /home/jasencakova/dataset/cells/priamy_kanal/sim_2xKSin1_D_hct15_seed4_rigid62_1_from376000cy/rbc124_sim_2xKSin1_D_hct15_seed4_rigid62_1_from376000cy.dat
shape =  (18, 717)
717
loading  /home/jasencakova/dataset/cells/priamy_kanal/sim_2xKSin1_D_hct15_seed4_rigid62_1_from376000cy/rbc125_sim_2xKSin1_D_hct15_seed4_rigid62_1_from376000cy.dat
shape =  (18, 717)
717
loading  /home/jasencakova/dataset/cells/priamy_kanal/sim_2xKSin1_D_hct15_seed4_rigid62_1_from376000cy/rbc126_sim_2xKSin1_D_hct15_seed4_rigid62_1_from376000cy.dat
shape =  (18, 717)
717
loading  /home/jasencakova/dataset/cells/priamy_kanal/sim_2xKSin1_D_hct15_seed4_rigid62_1_from376000cy/rbc127_sim_2xKSin1_D_hct15_seed4_rigid62_1_from376000cy.dat
shape =  (18, 717)
717
loading  /home/jasencakova/dataset/cells/priamy_kanal/sim_2xKSin1_D_hct15_seed4_rigid62_1_from376000cy/rbc128_sim_2xKSin1_D_hct15_seed4_rigid62_1_from376000cy.dat
shape =  (18, 717)
717
loading  /home/jasencakova/dataset/cells/priamy_kanal/sim_2xKSin1_D_hct15_seed4_rigid62_1_from376000cy/rbc129_sim_2xKSin1_D_hct15_seed4_rigid62_1_from376000cy.dat
shape =  (18, 717)
717
loading  /home/jasencakova/dataset/cells/priamy_kanal/sim_2xKSin1_D_hct15_seed4_rigid62_1_from376000cy/rbc130_sim_2xKSin1_D_hct15_seed4_rigid62_1_from376000cy.dat
shape =  (18, 717)
717
loading  /home/jasencakova/dataset/cells/priamy_kanal/sim_2xKSin1_D_hct15_seed4_rigid62_1_from376000cy/rbc131_sim_2xKSin1_D_hct15_seed4_rigid62_1_from376000cy.dat
shape =  (18, 717)
717
loading  /home/jasencakova/dataset/cells/priamy_kanal/sim_2xKSin1_D_hct15_seed4_rigid62_1_from376000cy/rbc132_sim_2xKSin1_D_hct15_seed4_rigid62_1_from376000cy.dat
shape =  (18, 717)
717
loading  /home/jasencakova/dataset/cells/priamy_kanal/sim_2xKSin1_D_hct15_seed4_rigid62_1_from376000cy/rbc133_sim_2xKSin1_D_hct15_seed4_rigid62_1_from376000cy.dat
shape =  (18, 717)
717
loading  /home/jasencakova/dataset/cells/priamy_kanal/sim_2xKSin1_D_hct15_seed4_rigid62_1_from376000cy/rbc134_sim_2xKSin1_D_hct15_seed4_rigid62_1_from376000cy.dat
shape =  (18, 717)
717
loading  /home/jasencakova/dataset/cells/priamy_kanal/sim_2xKSin1_D_hct15_seed4_rigid62_1_from376000cy/rbc135_sim_2xKSin1_D_hct15_seed4_rigid62_1_from376000cy.dat
shape =  (18, 717)
717
loading  /home/jasencakova/dataset/cells/priamy_kanal/sim_2xKSin1_D_hct15_seed4_rigid62_1_from376000cy/rbc136_sim_2xKSin1_D_hct15_seed4_rigid62_1_from376000cy.dat
shape =  (18, 717)
717
loading  /home/jasencakova/dataset/cells/priamy_kanal/sim_2xKSin1_D_hct15_seed4_rigid62_1_from376000cy/rbc137_sim_2xKSin1_D_hct15_seed4_rigid62_1_from376000cy.dat
shape =  (18, 717)
717
loading  /home/jasencakova/dataset/cells/priamy_kanal/sim_2xKSin1_D_hct15_seed4_rigid62_1_from376000cy/rbc138_sim_2xKSin1_D_hct15_seed4_rigid62_1_from376000cy.dat
shape =  (18, 717)
717
loading  /home/jasencakova/dataset/cells/priamy_kanal/sim_2xKSin1_D_hct15_seed4_rigid62_1_from376000cy/rbc139_sim_2xKSin1_D_hct15_seed4_rigid62_1_from376000cy.dat
shape =  (18, 717)
717
loading  /home/jasencakova/dataset/cells/priamy_kanal/sim_2xKSin1_D_hct15_seed4_rigid62_1_from376000cy/rbc140_sim_2xKSin1_D_hct15_seed4_rigid62_1_from376000cy.dat
shape =  (18, 717)
717
loading  /home/jasencakova/dataset/cells/priamy_kanal/sim_2xKSin1_D_hct15_seed4_rigid62_1_from376000cy/rbc141_sim_2xKSin1_D_hct15_seed4_rigid62_1_from376000cy.dat
shape =  (18, 717)
717
loading  /home/jasencakova/dataset/cells/priamy_kanal/sim_2xKSin1_D_hct15_seed4_rigid62_1_from376000cy/rbc142_sim_2xKSin1_D_hct15_seed4_rigid62_1_from376000cy.dat
shape =  (18, 717)
717
loading  /home/jasencakova/dataset/cells/priamy_kanal/sim_2xKSin1_D_hct15_seed4_rigid62_1_from376000cy/rbc143_sim_2xKSin1_D_hct15_seed4_rigid62_1_from376000cy.dat
shape =  (18, 717)
717
loading  /home/jasencakova/dataset/cells/priamy_kanal/sim_2xKSin1_D_hct15_seed4_rigid62_1_from376000cy/rbc144_sim_2xKSin1_D_hct15_seed4_rigid62_1_from376000cy.dat
shape =  (18, 717)
717
loading  /home/jasencakova/dataset/cells/priamy_kanal/sim_2xKSin1_D_hct15_seed4_rigid62_1_from376000cy/rbc145_sim_2xKSin1_D_hct15_seed4_rigid62_1_from376000cy.dat
shape =  (18, 717)
717
loading  /home/jasencakova/dataset/cells/priamy_kanal/sim_2xKSin1_D_hct15_seed4_rigid62_1_from376000cy/rbc146_sim_2xKSin1_D_hct15_seed4_rigid62_1_from376000cy.dat
shape =  (18, 717)
717
loading  /home/jasencakova/dataset/cells/priamy_kanal/sim_2xKSin1_D_hct15_seed4_rigid62_1_from376000cy/rbc147_sim_2xKSin1_D_hct15_seed4_rigid62_1_from376000cy.dat
shape =  (18, 717)
717
loading  /home/jasencakova/dataset/cells/priamy_kanal/sim_2xKSin1_D_hct15_seed4_rigid62_1_from376000cy/rbc148_sim_2xKSin1_D_hct15_seed4_rigid62_1_from376000cy.dat
shape =  (18, 717)
717
loading  /home/jasencakova/dataset/cells/priamy_kanal/sim_2xKSin1_D_hct15_seed4_rigid62_1_from376000cy/rbc149_sim_2xKSin1_D_hct15_seed4_rigid62_1_from376000cy.dat
shape =  (18, 717)
717
loading  /home/jasencakova/dataset/cells/priamy_kanal/sim_2xKSin1_D_hct15_seed4_rigid62_1_from376000cy/rbc150_sim_2xKSin1_D_hct15_seed4_rigid62_1_from376000cy.dat
shape =  (18, 717)
717
loading  /home/jasencakova/dataset/cells/priamy_kanal/sim_2xKSin1_D_hct15_seed4_rigid62_1_from376000cy/rbc151_sim_2xKSin1_D_hct15_seed4_rigid62_1_from376000cy.dat
shape =  (18, 717)
717
loading  /home/jasencakova/dataset/cells/priamy_kanal/sim_2xKSin1_D_hct15_seed4_rigid62_1_from376000cy/rbc152_sim_2xKSin1_D_hct15_seed4_rigid62_1_from376000cy.dat
shape =  (18, 717)
717
loading  /home/jasencakova/dataset/cells/priamy_kanal/sim_2xKSin1_D_hct15_seed4_rigid62_1_from376000cy/rbc153_sim_2xKSin1_D_hct15_seed4_rigid62_1_from376000cy.dat
shape =  (18, 717)
717
shortest_length =  717
data_shape      =  (154, 717, 18)








dataset summary : 

training_dats shape    =  (154, 698, 18)
testing_dats shape    =  (154, 717, 18)
training_count  =  10856692
testing_count   =  110418
channels_count  =  18
sequence_length =  128
classes_count   =   2
batch(32) tensor shape =  torch.Size([32, 18, 128]) torch.Size([32, 2])





model
Sequential(
  (0): Conv1d(18, 32, kernel_size=(3,), stride=(2,), padding=(1,))
  (1): ReLU()
  (2): Dropout(p=0.01, inplace=False)
  (3): Conv1d(32, 64, kernel_size=(3,), stride=(2,), padding=(1,))
  (4): ReLU()
  (5): Dropout(p=0.01, inplace=False)
  (6): Conv1d(64, 64, kernel_size=(3,), stride=(2,), padding=(1,))
  (7): ReLU()
  (8): Dropout(p=0.01, inplace=False)
  (9): Conv1d(64, 128, kernel_size=(3,), stride=(2,), padding=(1,))
  (10): ReLU()
  (11): Dropout(p=0.01, inplace=False)
  (12): Flatten()
  (13): Linear(in_features=1024, out_features=2, bias=True)
)



0 93.82236081963734 76.99019820601852 0.059309304 0.19925283 0.015211154 0.021585278 85.71 





=================================================
new best net in 0
TRAINING result
accuracy   = 93.822 [%]
hit_count  = 10186016
miss_count = 670688

class_accuracy = 99.226%   72.374%   


confusion_matrix = 
8604868	 603542	 
67146	 1581148	 



TESTING result
accuracy   = 76.99 [%]
hit_count  = 85145
miss_count = 25447

class_accuracy = 96.871%   45.914%   


confusion_matrix = 
65332	 23338	 
2109	 19813	 




1 95.31804496097527 80.34758391203704 0.043998163 0.15268785 0.009453115 0.017340206 85.01 





=================================================
new best net in 1
TRAINING result
accuracy   = 95.318 [%]
hit_count  = 10348398
miss_count = 508306

class_accuracy = 99.647%   78.122%   


confusion_matrix = 
8642611	 477713	 
30593	 1705787	 



TESTING result
accuracy   = 80.348 [%]
hit_count  = 88858
miss_count = 21734

class_accuracy = 98.054%   52.322%   


confusion_matrix = 
66452	 20416	 
1318	 22406	 




2 96.94359356209767 82.41102430555556 0.028741032 0.13369502 0.007035691 0.016457425 84.25 





=================================================
new best net in 2
TRAINING result
accuracy   = 96.944 [%]
hit_count  = 10524879
miss_count = 331825

class_accuracy = 99.802%   85.607%   


confusion_matrix = 
8653497	 314641	 
17184	 1871382	 



TESTING result
accuracy   = 82.411 [%]
hit_count  = 91140
miss_count = 19452

class_accuracy = 97.573%   58.728%   


confusion_matrix = 
65786	 17817	 
1635	 25354	 




3 97.8390402833125 83.51327401620371 0.021494037 0.12109264 0.005505811 0.015276237 83.49 





=================================================
new best net in 3
TRAINING result
accuracy   = 97.839 [%]
hit_count  = 10622095
miss_count = 234609

class_accuracy = 99.765%   90.194%   


confusion_matrix = 
8652002	 214187	 
20422	 1970093	 



TESTING result
accuracy   = 83.513 [%]
hit_count  = 92359
miss_count = 18233

class_accuracy = 97.381%   61.79%   


confusion_matrix = 
65730	 16466	 
1767	 26629	 




4 98.5250403805796 84.62637442129629 0.01664378 0.1154447 0.0043532564 0.01498347 82.7 





=================================================
new best net in 4
TRAINING result
accuracy   = 98.525 [%]
hit_count  = 10696572
miss_count = 160132

class_accuracy = 99.782%   93.538%   


confusion_matrix = 
8652688	 141189	 
18943	 2043884	 



TESTING result
accuracy   = 84.626 [%]
hit_count  = 93590
miss_count = 17002

class_accuracy = 97.544%   64.611%   


confusion_matrix = 
65559	 15352	 
1650	 28031	 




5 99.00747040722489 86.05776186342592 0.013019437 0.103524685 0.0035090556 0.013594834 81.91 





=================================================
new best net in 5
TRAINING result
accuracy   = 99.007 [%]
hit_count  = 10748948
miss_count = 107756

class_accuracy = 99.845%   95.688%   


confusion_matrix = 
8655394	 94330	 
13426	 2093554	 



TESTING result
accuracy   = 86.058 [%]
hit_count  = 95173
miss_count = 15419

class_accuracy = 97.737%   67.721%   


confusion_matrix = 
66028	 13891	 
1528	 29145	 




6 99.39769012768517 87.46835214120371 0.009610515 0.09239417 0.00275481 0.012809776 81.11 





=================================================
new best net in 6
TRAINING result
accuracy   = 99.398 [%]
hit_count  = 10791313
miss_count = 65391

class_accuracy = 99.918%   97.331%   


confusion_matrix = 
8664590	 58314	 
7077	 2126723	 



TESTING result
accuracy   = 87.468 [%]
hit_count  = 96733
miss_count = 13859

class_accuracy = 97.673%   71.343%   


confusion_matrix = 
66149	 12284	 
1575	 30584	 




7 99.69551532398783 88.44853153935185 0.0065806936 0.08513965 0.0019962364 0.013591939 80.3 





=================================================
new best net in 7
TRAINING result
accuracy   = 99.696 [%]
hit_count  = 10823647
miss_count = 33057

class_accuracy = 99.972%   98.597%   


confusion_matrix = 
8668809	 30651	 
2406	 2154838	 



TESTING result
accuracy   = 88.449 [%]
hit_count  = 97817
miss_count = 12775

class_accuracy = 97.923%   73.528%   


confusion_matrix = 
66230	 11371	 
1404	 31587	 




8 99.87892273750855 89.83742042824075 0.0042148787 0.07403926 0.0013731007 0.011413468 79.47 





=================================================
new best net in 8
TRAINING result
accuracy   = 99.879 [%]
hit_count  = 10843559
miss_count = 13145

class_accuracy = 99.996%   99.415%   


confusion_matrix = 
8671165	 12774	 
371	 2172394	 



TESTING result
accuracy   = 89.837 [%]
hit_count  = 99353
miss_count = 11239

class_accuracy = 98.23%   76.738%   


confusion_matrix = 
66206	 10047	 
1192	 33147	 




9 99.97068170966068 93.92270688657408 0.0022512376 0.049125023 0.00086693984 0.009903259 78.64 





=================================================
new best net in 9
TRAINING result
accuracy   = 99.971 [%]
hit_count  = 10853521
miss_count = 3183

class_accuracy = 100.0%   99.855%   


confusion_matrix = 
8671820	 3160	 
23	 2181701	 



TESTING result
accuracy   = 93.923 [%]
hit_count  = 103871
miss_count = 6721

class_accuracy = 98.117%   87.286%   


confusion_matrix = 
66477	 5446	 
1275	 37394	 




10 99.99727357400552 98.21686921296296 0.0008290591 0.018996764 0.00041516774 0.006692831 77.81 





=================================================
new best net in 10
TRAINING result
accuracy   = 99.997 [%]
hit_count  = 10856408
miss_count = 296

class_accuracy = 100.0%   99.987%   


confusion_matrix = 
8670868	 290	 
6	 2185540	 



TESTING result
accuracy   = 98.217 [%]
hit_count  = 108620
miss_count = 1972

class_accuracy = 97.953%   98.63%   


confusion_matrix = 
66356	 586	 
1386	 42264	 




11 99.99883942677262 98.52973090277777 0.0003614164 0.015760552 0.00026087541 0.0069770287 76.96 





=================================================
new best net in 11
TRAINING result
accuracy   = 99.999 [%]
hit_count  = 10856578
miss_count = 126

class_accuracy = 100.0%   99.995%   


confusion_matrix = 
8670533	 119	 
7	 2186045	 



TESTING result
accuracy   = 98.53 [%]
hit_count  = 108966
miss_count = 1626

class_accuracy = 97.833%   99.619%   


confusion_matrix = 
66102	 163	 
1463	 42864	 




12 99.99886705946851 98.5984519675926 0.00023631622 0.015941573 0.0002630746 0.006788527 76.11 





=================================================
new best net in 12
TRAINING result
accuracy   = 99.999 [%]
hit_count  = 10856581
miss_count = 123

class_accuracy = 100.0%   99.995%   


confusion_matrix = 
8670313	 102	 
21	 2186268	 



TESTING result
accuracy   = 98.598 [%]
hit_count  = 109042
miss_count = 1550

class_accuracy = 97.855%   99.761%   


confusion_matrix = 
66091	 102	 
1448	 42951	 




13 99.99903285564385 98.57132523148148 0.00017820256 0.015281518 0.00023366537 0.006191701 75.27 

14 99.99940129158905 98.57494212962963 0.00014031667 0.01477838 0.00017170611 0.0068077343 74.43 

15 99.99925391721096 98.67350260416667 0.00012057098 0.014034454 0.00018564248 0.0063417833 73.74 





=================================================
new best net in 15
TRAINING result
accuracy   = 99.999 [%]
hit_count  = 10856623
miss_count = 81

class_accuracy = 100.0%   99.997%   


confusion_matrix = 
8671788	 73	 
8	 2184835	 



TESTING result
accuracy   = 98.674 [%]
hit_count  = 109125
miss_count = 1467

class_accuracy = 97.875%   99.923%   


confusion_matrix = 
66140	 32	 
1435	 42985	 




16 99.99936444799452 98.66355613425925 0.00010537318 0.013751968 0.00018537969 0.0065884637 73.39 

17 99.9992907608055 98.66084346064815 9.434455e-05 0.013920228 0.00018965694 0.0067877527 72.97 

18 99.99952103327124 98.73951099537037 8.6007756e-05 0.013143032 0.00018246216 0.006779221 72.49 
