loading  /home/jasencakova/dataset/cells/priamy_kanal/sim_2xKSin1_D_hct15_seed4_rigid31_1_from1190000cy/rbc0_sim_2xKSin1_D_hct15_seed4_rigid31_1_from1190000cy.dat
shape =  (8, 698)
698
loading  /home/jasencakova/dataset/cells/priamy_kanal/sim_2xKSin1_D_hct15_seed4_rigid31_1_from1190000cy/rbc1_sim_2xKSin1_D_hct15_seed4_rigid31_1_from1190000cy.dat
shape =  (8, 698)
698
loading  /home/jasencakova/dataset/cells/priamy_kanal/sim_2xKSin1_D_hct15_seed4_rigid31_1_from1190000cy/rbc2_sim_2xKSin1_D_hct15_seed4_rigid31_1_from1190000cy.dat
shape =  (8, 698)
698
loading  /home/jasencakova/dataset/cells/priamy_kanal/sim_2xKSin1_D_hct15_seed4_rigid31_1_from1190000cy/rbc3_sim_2xKSin1_D_hct15_seed4_rigid31_1_from1190000cy.dat
shape =  (8, 698)
698
loading  /home/jasencakova/dataset/cells/priamy_kanal/sim_2xKSin1_D_hct15_seed4_rigid31_1_from1190000cy/rbc4_sim_2xKSin1_D_hct15_seed4_rigid31_1_from1190000cy.dat
shape =  (8, 698)
698
loading  /home/jasencakova/dataset/cells/priamy_kanal/sim_2xKSin1_D_hct15_seed4_rigid31_1_from1190000cy/rbc5_sim_2xKSin1_D_hct15_seed4_rigid31_1_from1190000cy.dat
shape =  (8, 698)
698
loading  /home/jasencakova/dataset/cells/priamy_kanal/sim_2xKSin1_D_hct15_seed4_rigid31_1_from1190000cy/rbc6_sim_2xKSin1_D_hct15_seed4_rigid31_1_from1190000cy.dat
shape =  (8, 698)
698
loading  /home/jasencakova/dataset/cells/priamy_kanal/sim_2xKSin1_D_hct15_seed4_rigid31_1_from1190000cy/rbc7_sim_2xKSin1_D_hct15_seed4_rigid31_1_from1190000cy.dat
shape =  (8, 698)
698
loading  /home/jasencakova/dataset/cells/priamy_kanal/sim_2xKSin1_D_hct15_seed4_rigid31_1_from1190000cy/rbc8_sim_2xKSin1_D_hct15_seed4_rigid31_1_from1190000cy.dat
shape =  (8, 698)
698
loading  /home/jasencakova/dataset/cells/priamy_kanal/sim_2xKSin1_D_hct15_seed4_rigid31_1_from1190000cy/rbc9_sim_2xKSin1_D_hct15_seed4_rigid31_1_from1190000cy.dat
shape =  (8, 698)
698
loading  /home/jasencakova/dataset/cells/priamy_kanal/sim_2xKSin1_D_hct15_seed4_rigid31_1_from1190000cy/rbc10_sim_2xKSin1_D_hct15_seed4_rigid31_1_from1190000cy.dat
shape =  (8, 698)
698
loading  /home/jasencakova/dataset/cells/priamy_kanal/sim_2xKSin1_D_hct15_seed4_rigid31_1_from1190000cy/rbc11_sim_2xKSin1_D_hct15_seed4_rigid31_1_from1190000cy.dat
shape =  (8, 698)
698
loading  /home/jasencakova/dataset/cells/priamy_kanal/sim_2xKSin1_D_hct15_seed4_rigid31_1_from1190000cy/rbc12_sim_2xKSin1_D_hct15_seed4_rigid31_1_from1190000cy.dat
shape =  (8, 698)
698
loading  /home/jasencakova/dataset/cells/priamy_kanal/sim_2xKSin1_D_hct15_seed4_rigid31_1_from1190000cy/rbc13_sim_2xKSin1_D_hct15_seed4_rigid31_1_from1190000cy.dat
shape =  (8, 698)
698
loading  /home/jasencakova/dataset/cells/priamy_kanal/sim_2xKSin1_D_hct15_seed4_rigid31_1_from1190000cy/rbc14_sim_2xKSin1_D_hct15_seed4_rigid31_1_from1190000cy.dat
shape =  (8, 698)
698
loading  /home/jasencakova/dataset/cells/priamy_kanal/sim_2xKSin1_D_hct15_seed4_rigid31_1_from1190000cy/rbc15_sim_2xKSin1_D_hct15_seed4_rigid31_1_from1190000cy.dat
shape =  (8, 698)
698
loading  /home/jasencakova/dataset/cells/priamy_kanal/sim_2xKSin1_D_hct15_seed4_rigid31_1_from1190000cy/rbc16_sim_2xKSin1_D_hct15_seed4_rigid31_1_from1190000cy.dat
shape =  (8, 698)
698
loading  /home/jasencakova/dataset/cells/priamy_kanal/sim_2xKSin1_D_hct15_seed4_rigid31_1_from1190000cy/rbc17_sim_2xKSin1_D_hct15_seed4_rigid31_1_from1190000cy.dat
shape =  (8, 698)
698
loading  /home/jasencakova/dataset/cells/priamy_kanal/sim_2xKSin1_D_hct15_seed4_rigid31_1_from1190000cy/rbc18_sim_2xKSin1_D_hct15_seed4_rigid31_1_from1190000cy.dat
shape =  (8, 698)
698
loading  /home/jasencakova/dataset/cells/priamy_kanal/sim_2xKSin1_D_hct15_seed4_rigid31_1_from1190000cy/rbc19_sim_2xKSin1_D_hct15_seed4_rigid31_1_from1190000cy.dat
shape =  (8, 698)
698
loading  /home/jasencakova/dataset/cells/priamy_kanal/sim_2xKSin1_D_hct15_seed4_rigid31_1_from1190000cy/rbc20_sim_2xKSin1_D_hct15_seed4_rigid31_1_from1190000cy.dat
shape =  (8, 698)
698
loading  /home/jasencakova/dataset/cells/priamy_kanal/sim_2xKSin1_D_hct15_seed4_rigid31_1_from1190000cy/rbc21_sim_2xKSin1_D_hct15_seed4_rigid31_1_from1190000cy.dat
shape =  (8, 698)
698
loading  /home/jasencakova/dataset/cells/priamy_kanal/sim_2xKSin1_D_hct15_seed4_rigid31_1_from1190000cy/rbc22_sim_2xKSin1_D_hct15_seed4_rigid31_1_from1190000cy.dat
shape =  (8, 698)
698
loading  /home/jasencakova/dataset/cells/priamy_kanal/sim_2xKSin1_D_hct15_seed4_rigid31_1_from1190000cy/rbc23_sim_2xKSin1_D_hct15_seed4_rigid31_1_from1190000cy.dat
shape =  (8, 698)
698
loading  /home/jasencakova/dataset/cells/priamy_kanal/sim_2xKSin1_D_hct15_seed4_rigid31_1_from1190000cy/rbc24_sim_2xKSin1_D_hct15_seed4_rigid31_1_from1190000cy.dat
shape =  (8, 698)
698
loading  /home/jasencakova/dataset/cells/priamy_kanal/sim_2xKSin1_D_hct15_seed4_rigid31_1_from1190000cy/rbc25_sim_2xKSin1_D_hct15_seed4_rigid31_1_from1190000cy.dat
shape =  (8, 698)
698
loading  /home/jasencakova/dataset/cells/priamy_kanal/sim_2xKSin1_D_hct15_seed4_rigid31_1_from1190000cy/rbc26_sim_2xKSin1_D_hct15_seed4_rigid31_1_from1190000cy.dat
shape =  (8, 698)
698
loading  /home/jasencakova/dataset/cells/priamy_kanal/sim_2xKSin1_D_hct15_seed4_rigid31_1_from1190000cy/rbc27_sim_2xKSin1_D_hct15_seed4_rigid31_1_from1190000cy.dat
shape =  (8, 698)
698
loading  /home/jasencakova/dataset/cells/priamy_kanal/sim_2xKSin1_D_hct15_seed4_rigid31_1_from1190000cy/rbc28_sim_2xKSin1_D_hct15_seed4_rigid31_1_from1190000cy.dat
shape =  (8, 698)
698
loading  /home/jasencakova/dataset/cells/priamy_kanal/sim_2xKSin1_D_hct15_seed4_rigid31_1_from1190000cy/rbc29_sim_2xKSin1_D_hct15_seed4_rigid31_1_from1190000cy.dat
shape =  (8, 698)
698
loading  /home/jasencakova/dataset/cells/priamy_kanal/sim_2xKSin1_D_hct15_seed4_rigid31_1_from1190000cy/rbc30_sim_2xKSin1_D_hct15_seed4_rigid31_1_from1190000cy.dat
shape =  (8, 698)
698
loading  /home/jasencakova/dataset/cells/priamy_kanal/sim_2xKSin1_D_hct15_seed4_rigid31_1_from1190000cy/rbc31_sim_2xKSin1_D_hct15_seed4_rigid31_1_from1190000cy.dat
shape =  (8, 698)
698
loading  /home/jasencakova/dataset/cells/priamy_kanal/sim_2xKSin1_D_hct15_seed4_rigid31_1_from1190000cy/rbc32_sim_2xKSin1_D_hct15_seed4_rigid31_1_from1190000cy.dat
shape =  (8, 698)
698
loading  /home/jasencakova/dataset/cells/priamy_kanal/sim_2xKSin1_D_hct15_seed4_rigid31_1_from1190000cy/rbc33_sim_2xKSin1_D_hct15_seed4_rigid31_1_from1190000cy.dat
shape =  (8, 698)
698
loading  /home/jasencakova/dataset/cells/priamy_kanal/sim_2xKSin1_D_hct15_seed4_rigid31_1_from1190000cy/rbc34_sim_2xKSin1_D_hct15_seed4_rigid31_1_from1190000cy.dat
shape =  (8, 698)
698
loading  /home/jasencakova/dataset/cells/priamy_kanal/sim_2xKSin1_D_hct15_seed4_rigid31_1_from1190000cy/rbc35_sim_2xKSin1_D_hct15_seed4_rigid31_1_from1190000cy.dat
shape =  (8, 698)
698
loading  /home/jasencakova/dataset/cells/priamy_kanal/sim_2xKSin1_D_hct15_seed4_rigid31_1_from1190000cy/rbc36_sim_2xKSin1_D_hct15_seed4_rigid31_1_from1190000cy.dat
shape =  (8, 698)
698
loading  /home/jasencakova/dataset/cells/priamy_kanal/sim_2xKSin1_D_hct15_seed4_rigid31_1_from1190000cy/rbc37_sim_2xKSin1_D_hct15_seed4_rigid31_1_from1190000cy.dat
shape =  (8, 698)
698
loading  /home/jasencakova/dataset/cells/priamy_kanal/sim_2xKSin1_D_hct15_seed4_rigid31_1_from1190000cy/rbc38_sim_2xKSin1_D_hct15_seed4_rigid31_1_from1190000cy.dat
shape =  (8, 698)
698
loading  /home/jasencakova/dataset/cells/priamy_kanal/sim_2xKSin1_D_hct15_seed4_rigid31_1_from1190000cy/rbc39_sim_2xKSin1_D_hct15_seed4_rigid31_1_from1190000cy.dat
shape =  (8, 698)
698
loading  /home/jasencakova/dataset/cells/priamy_kanal/sim_2xKSin1_D_hct15_seed4_rigid31_1_from1190000cy/rbc40_sim_2xKSin1_D_hct15_seed4_rigid31_1_from1190000cy.dat
shape =  (8, 698)
698
loading  /home/jasencakova/dataset/cells/priamy_kanal/sim_2xKSin1_D_hct15_seed4_rigid31_1_from1190000cy/rbc41_sim_2xKSin1_D_hct15_seed4_rigid31_1_from1190000cy.dat
shape =  (8, 698)
698
loading  /home/jasencakova/dataset/cells/priamy_kanal/sim_2xKSin1_D_hct15_seed4_rigid31_1_from1190000cy/rbc42_sim_2xKSin1_D_hct15_seed4_rigid31_1_from1190000cy.dat
shape =  (8, 698)
698
loading  /home/jasencakova/dataset/cells/priamy_kanal/sim_2xKSin1_D_hct15_seed4_rigid31_1_from1190000cy/rbc43_sim_2xKSin1_D_hct15_seed4_rigid31_1_from1190000cy.dat
shape =  (8, 698)
698
loading  /home/jasencakova/dataset/cells/priamy_kanal/sim_2xKSin1_D_hct15_seed4_rigid31_1_from1190000cy/rbc44_sim_2xKSin1_D_hct15_seed4_rigid31_1_from1190000cy.dat
shape =  (8, 698)
698
loading  /home/jasencakova/dataset/cells/priamy_kanal/sim_2xKSin1_D_hct15_seed4_rigid31_1_from1190000cy/rbc45_sim_2xKSin1_D_hct15_seed4_rigid31_1_from1190000cy.dat
shape =  (8, 698)
698
loading  /home/jasencakova/dataset/cells/priamy_kanal/sim_2xKSin1_D_hct15_seed4_rigid31_1_from1190000cy/rbc46_sim_2xKSin1_D_hct15_seed4_rigid31_1_from1190000cy.dat
shape =  (8, 698)
698
loading  /home/jasencakova/dataset/cells/priamy_kanal/sim_2xKSin1_D_hct15_seed4_rigid31_1_from1190000cy/rbc47_sim_2xKSin1_D_hct15_seed4_rigid31_1_from1190000cy.dat
shape =  (8, 698)
698
loading  /home/jasencakova/dataset/cells/priamy_kanal/sim_2xKSin1_D_hct15_seed4_rigid31_1_from1190000cy/rbc48_sim_2xKSin1_D_hct15_seed4_rigid31_1_from1190000cy.dat
shape =  (8, 698)
698
loading  /home/jasencakova/dataset/cells/priamy_kanal/sim_2xKSin1_D_hct15_seed4_rigid31_1_from1190000cy/rbc49_sim_2xKSin1_D_hct15_seed4_rigid31_1_from1190000cy.dat
shape =  (8, 698)
698
loading  /home/jasencakova/dataset/cells/priamy_kanal/sim_2xKSin1_D_hct15_seed4_rigid31_1_from1190000cy/rbc50_sim_2xKSin1_D_hct15_seed4_rigid31_1_from1190000cy.dat
shape =  (8, 698)
698
loading  /home/jasencakova/dataset/cells/priamy_kanal/sim_2xKSin1_D_hct15_seed4_rigid31_1_from1190000cy/rbc51_sim_2xKSin1_D_hct15_seed4_rigid31_1_from1190000cy.dat
shape =  (8, 698)
698
loading  /home/jasencakova/dataset/cells/priamy_kanal/sim_2xKSin1_D_hct15_seed4_rigid31_1_from1190000cy/rbc52_sim_2xKSin1_D_hct15_seed4_rigid31_1_from1190000cy.dat
shape =  (8, 698)
698
loading  /home/jasencakova/dataset/cells/priamy_kanal/sim_2xKSin1_D_hct15_seed4_rigid31_1_from1190000cy/rbc53_sim_2xKSin1_D_hct15_seed4_rigid31_1_from1190000cy.dat
shape =  (8, 698)
698
loading  /home/jasencakova/dataset/cells/priamy_kanal/sim_2xKSin1_D_hct15_seed4_rigid31_1_from1190000cy/rbc54_sim_2xKSin1_D_hct15_seed4_rigid31_1_from1190000cy.dat
shape =  (8, 698)
698
loading  /home/jasencakova/dataset/cells/priamy_kanal/sim_2xKSin1_D_hct15_seed4_rigid31_1_from1190000cy/rbc55_sim_2xKSin1_D_hct15_seed4_rigid31_1_from1190000cy.dat
shape =  (8, 698)
698
loading  /home/jasencakova/dataset/cells/priamy_kanal/sim_2xKSin1_D_hct15_seed4_rigid31_1_from1190000cy/rbc56_sim_2xKSin1_D_hct15_seed4_rigid31_1_from1190000cy.dat
shape =  (8, 698)
698
loading  /home/jasencakova/dataset/cells/priamy_kanal/sim_2xKSin1_D_hct15_seed4_rigid31_1_from1190000cy/rbc57_sim_2xKSin1_D_hct15_seed4_rigid31_1_from1190000cy.dat
shape =  (8, 698)
698
loading  /home/jasencakova/dataset/cells/priamy_kanal/sim_2xKSin1_D_hct15_seed4_rigid31_1_from1190000cy/rbc58_sim_2xKSin1_D_hct15_seed4_rigid31_1_from1190000cy.dat
shape =  (8, 698)
698
loading  /home/jasencakova/dataset/cells/priamy_kanal/sim_2xKSin1_D_hct15_seed4_rigid31_1_from1190000cy/rbc59_sim_2xKSin1_D_hct15_seed4_rigid31_1_from1190000cy.dat
shape =  (8, 698)
698
loading  /home/jasencakova/dataset/cells/priamy_kanal/sim_2xKSin1_D_hct15_seed4_rigid31_1_from1190000cy/rbc60_sim_2xKSin1_D_hct15_seed4_rigid31_1_from1190000cy.dat
shape =  (8, 698)
698
loading  /home/jasencakova/dataset/cells/priamy_kanal/sim_2xKSin1_D_hct15_seed4_rigid31_1_from1190000cy/rbc61_sim_2xKSin1_D_hct15_seed4_rigid31_1_from1190000cy.dat
shape =  (8, 698)
698
loading  /home/jasencakova/dataset/cells/priamy_kanal/sim_2xKSin1_D_hct15_seed4_rigid31_1_from1190000cy/rbc62_sim_2xKSin1_D_hct15_seed4_rigid31_1_from1190000cy.dat
shape =  (8, 698)
698
loading  /home/jasencakova/dataset/cells/priamy_kanal/sim_2xKSin1_D_hct15_seed4_rigid31_1_from1190000cy/rbc63_sim_2xKSin1_D_hct15_seed4_rigid31_1_from1190000cy.dat
shape =  (8, 698)
698
loading  /home/jasencakova/dataset/cells/priamy_kanal/sim_2xKSin1_D_hct15_seed4_rigid31_1_from1190000cy/rbc64_sim_2xKSin1_D_hct15_seed4_rigid31_1_from1190000cy.dat
shape =  (8, 698)
698
loading  /home/jasencakova/dataset/cells/priamy_kanal/sim_2xKSin1_D_hct15_seed4_rigid31_1_from1190000cy/rbc65_sim_2xKSin1_D_hct15_seed4_rigid31_1_from1190000cy.dat
shape =  (8, 698)
698
loading  /home/jasencakova/dataset/cells/priamy_kanal/sim_2xKSin1_D_hct15_seed4_rigid31_1_from1190000cy/rbc66_sim_2xKSin1_D_hct15_seed4_rigid31_1_from1190000cy.dat
shape =  (8, 698)
698
loading  /home/jasencakova/dataset/cells/priamy_kanal/sim_2xKSin1_D_hct15_seed4_rigid31_1_from1190000cy/rbc67_sim_2xKSin1_D_hct15_seed4_rigid31_1_from1190000cy.dat
shape =  (8, 698)
698
loading  /home/jasencakova/dataset/cells/priamy_kanal/sim_2xKSin1_D_hct15_seed4_rigid31_1_from1190000cy/rbc68_sim_2xKSin1_D_hct15_seed4_rigid31_1_from1190000cy.dat
shape =  (8, 698)
698
loading  /home/jasencakova/dataset/cells/priamy_kanal/sim_2xKSin1_D_hct15_seed4_rigid31_1_from1190000cy/rbc69_sim_2xKSin1_D_hct15_seed4_rigid31_1_from1190000cy.dat
shape =  (8, 698)
698
loading  /home/jasencakova/dataset/cells/priamy_kanal/sim_2xKSin1_D_hct15_seed4_rigid31_1_from1190000cy/rbc70_sim_2xKSin1_D_hct15_seed4_rigid31_1_from1190000cy.dat
shape =  (8, 698)
698
loading  /home/jasencakova/dataset/cells/priamy_kanal/sim_2xKSin1_D_hct15_seed4_rigid31_1_from1190000cy/rbc71_sim_2xKSin1_D_hct15_seed4_rigid31_1_from1190000cy.dat
shape =  (8, 698)
698
loading  /home/jasencakova/dataset/cells/priamy_kanal/sim_2xKSin1_D_hct15_seed4_rigid31_1_from1190000cy/rbc72_sim_2xKSin1_D_hct15_seed4_rigid31_1_from1190000cy.dat
shape =  (8, 698)
698
loading  /home/jasencakova/dataset/cells/priamy_kanal/sim_2xKSin1_D_hct15_seed4_rigid31_1_from1190000cy/rbc73_sim_2xKSin1_D_hct15_seed4_rigid31_1_from1190000cy.dat
shape =  (8, 698)
698
loading  /home/jasencakova/dataset/cells/priamy_kanal/sim_2xKSin1_D_hct15_seed4_rigid31_1_from1190000cy/rbc74_sim_2xKSin1_D_hct15_seed4_rigid31_1_from1190000cy.dat
shape =  (8, 698)
698
loading  /home/jasencakova/dataset/cells/priamy_kanal/sim_2xKSin1_D_hct15_seed4_rigid31_1_from1190000cy/rbc75_sim_2xKSin1_D_hct15_seed4_rigid31_1_from1190000cy.dat
shape =  (8, 698)
698
loading  /home/jasencakova/dataset/cells/priamy_kanal/sim_2xKSin1_D_hct15_seed4_rigid31_1_from1190000cy/rbc76_sim_2xKSin1_D_hct15_seed4_rigid31_1_from1190000cy.dat
shape =  (8, 698)
698
loading  /home/jasencakova/dataset/cells/priamy_kanal/sim_2xKSin1_D_hct15_seed4_rigid31_1_from1190000cy/rbc77_sim_2xKSin1_D_hct15_seed4_rigid31_1_from1190000cy.dat
shape =  (8, 698)
698
loading  /home/jasencakova/dataset/cells/priamy_kanal/sim_2xKSin1_D_hct15_seed4_rigid31_1_from1190000cy/rbc78_sim_2xKSin1_D_hct15_seed4_rigid31_1_from1190000cy.dat
shape =  (8, 698)
698
loading  /home/jasencakova/dataset/cells/priamy_kanal/sim_2xKSin1_D_hct15_seed4_rigid31_1_from1190000cy/rbc79_sim_2xKSin1_D_hct15_seed4_rigid31_1_from1190000cy.dat
shape =  (8, 698)
698
loading  /home/jasencakova/dataset/cells/priamy_kanal/sim_2xKSin1_D_hct15_seed4_rigid31_1_from1190000cy/rbc80_sim_2xKSin1_D_hct15_seed4_rigid31_1_from1190000cy.dat
shape =  (8, 698)
698
loading  /home/jasencakova/dataset/cells/priamy_kanal/sim_2xKSin1_D_hct15_seed4_rigid31_1_from1190000cy/rbc81_sim_2xKSin1_D_hct15_seed4_rigid31_1_from1190000cy.dat
shape =  (8, 698)
698
loading  /home/jasencakova/dataset/cells/priamy_kanal/sim_2xKSin1_D_hct15_seed4_rigid31_1_from1190000cy/rbc82_sim_2xKSin1_D_hct15_seed4_rigid31_1_from1190000cy.dat
shape =  (8, 698)
698
loading  /home/jasencakova/dataset/cells/priamy_kanal/sim_2xKSin1_D_hct15_seed4_rigid31_1_from1190000cy/rbc83_sim_2xKSin1_D_hct15_seed4_rigid31_1_from1190000cy.dat
shape =  (8, 698)
698
loading  /home/jasencakova/dataset/cells/priamy_kanal/sim_2xKSin1_D_hct15_seed4_rigid31_1_from1190000cy/rbc84_sim_2xKSin1_D_hct15_seed4_rigid31_1_from1190000cy.dat
shape =  (8, 698)
698
loading  /home/jasencakova/dataset/cells/priamy_kanal/sim_2xKSin1_D_hct15_seed4_rigid31_1_from1190000cy/rbc85_sim_2xKSin1_D_hct15_seed4_rigid31_1_from1190000cy.dat
shape =  (8, 698)
698
loading  /home/jasencakova/dataset/cells/priamy_kanal/sim_2xKSin1_D_hct15_seed4_rigid31_1_from1190000cy/rbc86_sim_2xKSin1_D_hct15_seed4_rigid31_1_from1190000cy.dat
shape =  (8, 698)
698
loading  /home/jasencakova/dataset/cells/priamy_kanal/sim_2xKSin1_D_hct15_seed4_rigid31_1_from1190000cy/rbc87_sim_2xKSin1_D_hct15_seed4_rigid31_1_from1190000cy.dat
shape =  (8, 698)
698
loading  /home/jasencakova/dataset/cells/priamy_kanal/sim_2xKSin1_D_hct15_seed4_rigid31_1_from1190000cy/rbc88_sim_2xKSin1_D_hct15_seed4_rigid31_1_from1190000cy.dat
shape =  (8, 698)
698
loading  /home/jasencakova/dataset/cells/priamy_kanal/sim_2xKSin1_D_hct15_seed4_rigid31_1_from1190000cy/rbc89_sim_2xKSin1_D_hct15_seed4_rigid31_1_from1190000cy.dat
shape =  (8, 698)
698
loading  /home/jasencakova/dataset/cells/priamy_kanal/sim_2xKSin1_D_hct15_seed4_rigid31_1_from1190000cy/rbc90_sim_2xKSin1_D_hct15_seed4_rigid31_1_from1190000cy.dat
shape =  (8, 698)
698
loading  /home/jasencakova/dataset/cells/priamy_kanal/sim_2xKSin1_D_hct15_seed4_rigid31_1_from1190000cy/rbc91_sim_2xKSin1_D_hct15_seed4_rigid31_1_from1190000cy.dat
shape =  (8, 698)
698
loading  /home/jasencakova/dataset/cells/priamy_kanal/sim_2xKSin1_D_hct15_seed4_rigid31_1_from1190000cy/rbc92_sim_2xKSin1_D_hct15_seed4_rigid31_1_from1190000cy.dat
shape =  (8, 698)
698
loading  /home/jasencakova/dataset/cells/priamy_kanal/sim_2xKSin1_D_hct15_seed4_rigid31_1_from1190000cy/rbc93_sim_2xKSin1_D_hct15_seed4_rigid31_1_from1190000cy.dat
shape =  (8, 698)
698
loading  /home/jasencakova/dataset/cells/priamy_kanal/sim_2xKSin1_D_hct15_seed4_rigid31_1_from1190000cy/rbc94_sim_2xKSin1_D_hct15_seed4_rigid31_1_from1190000cy.dat
shape =  (8, 698)
698
loading  /home/jasencakova/dataset/cells/priamy_kanal/sim_2xKSin1_D_hct15_seed4_rigid31_1_from1190000cy/rbc95_sim_2xKSin1_D_hct15_seed4_rigid31_1_from1190000cy.dat
shape =  (8, 698)
698
loading  /home/jasencakova/dataset/cells/priamy_kanal/sim_2xKSin1_D_hct15_seed4_rigid31_1_from1190000cy/rbc96_sim_2xKSin1_D_hct15_seed4_rigid31_1_from1190000cy.dat
shape =  (8, 698)
698
loading  /home/jasencakova/dataset/cells/priamy_kanal/sim_2xKSin1_D_hct15_seed4_rigid31_1_from1190000cy/rbc97_sim_2xKSin1_D_hct15_seed4_rigid31_1_from1190000cy.dat
shape =  (8, 698)
698
loading  /home/jasencakova/dataset/cells/priamy_kanal/sim_2xKSin1_D_hct15_seed4_rigid31_1_from1190000cy/rbc98_sim_2xKSin1_D_hct15_seed4_rigid31_1_from1190000cy.dat
shape =  (8, 698)
698
loading  /home/jasencakova/dataset/cells/priamy_kanal/sim_2xKSin1_D_hct15_seed4_rigid31_1_from1190000cy/rbc99_sim_2xKSin1_D_hct15_seed4_rigid31_1_from1190000cy.dat
shape =  (8, 698)
698
loading  /home/jasencakova/dataset/cells/priamy_kanal/sim_2xKSin1_D_hct15_seed4_rigid31_1_from1190000cy/rbc100_sim_2xKSin1_D_hct15_seed4_rigid31_1_from1190000cy.dat
shape =  (8, 698)
698
loading  /home/jasencakova/dataset/cells/priamy_kanal/sim_2xKSin1_D_hct15_seed4_rigid31_1_from1190000cy/rbc101_sim_2xKSin1_D_hct15_seed4_rigid31_1_from1190000cy.dat
shape =  (8, 698)
698
loading  /home/jasencakova/dataset/cells/priamy_kanal/sim_2xKSin1_D_hct15_seed4_rigid31_1_from1190000cy/rbc102_sim_2xKSin1_D_hct15_seed4_rigid31_1_from1190000cy.dat
shape =  (8, 698)
698
loading  /home/jasencakova/dataset/cells/priamy_kanal/sim_2xKSin1_D_hct15_seed4_rigid31_1_from1190000cy/rbc103_sim_2xKSin1_D_hct15_seed4_rigid31_1_from1190000cy.dat
shape =  (8, 698)
698
loading  /home/jasencakova/dataset/cells/priamy_kanal/sim_2xKSin1_D_hct15_seed4_rigid31_1_from1190000cy/rbc104_sim_2xKSin1_D_hct15_seed4_rigid31_1_from1190000cy.dat
shape =  (8, 698)
698
loading  /home/jasencakova/dataset/cells/priamy_kanal/sim_2xKSin1_D_hct15_seed4_rigid31_1_from1190000cy/rbc105_sim_2xKSin1_D_hct15_seed4_rigid31_1_from1190000cy.dat
shape =  (8, 698)
698
loading  /home/jasencakova/dataset/cells/priamy_kanal/sim_2xKSin1_D_hct15_seed4_rigid31_1_from1190000cy/rbc106_sim_2xKSin1_D_hct15_seed4_rigid31_1_from1190000cy.dat
shape =  (8, 698)
698
loading  /home/jasencakova/dataset/cells/priamy_kanal/sim_2xKSin1_D_hct15_seed4_rigid31_1_from1190000cy/rbc107_sim_2xKSin1_D_hct15_seed4_rigid31_1_from1190000cy.dat
shape =  (8, 698)
698
loading  /home/jasencakova/dataset/cells/priamy_kanal/sim_2xKSin1_D_hct15_seed4_rigid31_1_from1190000cy/rbc108_sim_2xKSin1_D_hct15_seed4_rigid31_1_from1190000cy.dat
shape =  (8, 698)
698
loading  /home/jasencakova/dataset/cells/priamy_kanal/sim_2xKSin1_D_hct15_seed4_rigid31_1_from1190000cy/rbc109_sim_2xKSin1_D_hct15_seed4_rigid31_1_from1190000cy.dat
shape =  (8, 698)
698
loading  /home/jasencakova/dataset/cells/priamy_kanal/sim_2xKSin1_D_hct15_seed4_rigid31_1_from1190000cy/rbc110_sim_2xKSin1_D_hct15_seed4_rigid31_1_from1190000cy.dat
shape =  (8, 698)
698
loading  /home/jasencakova/dataset/cells/priamy_kanal/sim_2xKSin1_D_hct15_seed4_rigid31_1_from1190000cy/rbc111_sim_2xKSin1_D_hct15_seed4_rigid31_1_from1190000cy.dat
shape =  (8, 698)
698
loading  /home/jasencakova/dataset/cells/priamy_kanal/sim_2xKSin1_D_hct15_seed4_rigid31_1_from1190000cy/rbc112_sim_2xKSin1_D_hct15_seed4_rigid31_1_from1190000cy.dat
shape =  (8, 698)
698
loading  /home/jasencakova/dataset/cells/priamy_kanal/sim_2xKSin1_D_hct15_seed4_rigid31_1_from1190000cy/rbc113_sim_2xKSin1_D_hct15_seed4_rigid31_1_from1190000cy.dat
shape =  (8, 698)
698
loading  /home/jasencakova/dataset/cells/priamy_kanal/sim_2xKSin1_D_hct15_seed4_rigid31_1_from1190000cy/rbc114_sim_2xKSin1_D_hct15_seed4_rigid31_1_from1190000cy.dat
shape =  (8, 698)
698
loading  /home/jasencakova/dataset/cells/priamy_kanal/sim_2xKSin1_D_hct15_seed4_rigid31_1_from1190000cy/rbc115_sim_2xKSin1_D_hct15_seed4_rigid31_1_from1190000cy.dat
shape =  (8, 698)
698
loading  /home/jasencakova/dataset/cells/priamy_kanal/sim_2xKSin1_D_hct15_seed4_rigid31_1_from1190000cy/rbc116_sim_2xKSin1_D_hct15_seed4_rigid31_1_from1190000cy.dat
shape =  (8, 698)
698
loading  /home/jasencakova/dataset/cells/priamy_kanal/sim_2xKSin1_D_hct15_seed4_rigid31_1_from1190000cy/rbc117_sim_2xKSin1_D_hct15_seed4_rigid31_1_from1190000cy.dat
shape =  (8, 698)
698
loading  /home/jasencakova/dataset/cells/priamy_kanal/sim_2xKSin1_D_hct15_seed4_rigid31_1_from1190000cy/rbc118_sim_2xKSin1_D_hct15_seed4_rigid31_1_from1190000cy.dat
shape =  (8, 698)
698
loading  /home/jasencakova/dataset/cells/priamy_kanal/sim_2xKSin1_D_hct15_seed4_rigid31_1_from1190000cy/rbc119_sim_2xKSin1_D_hct15_seed4_rigid31_1_from1190000cy.dat
shape =  (8, 698)
698
loading  /home/jasencakova/dataset/cells/priamy_kanal/sim_2xKSin1_D_hct15_seed4_rigid31_1_from1190000cy/rbc120_sim_2xKSin1_D_hct15_seed4_rigid31_1_from1190000cy.dat
shape =  (8, 698)
698
loading  /home/jasencakova/dataset/cells/priamy_kanal/sim_2xKSin1_D_hct15_seed4_rigid31_1_from1190000cy/rbc121_sim_2xKSin1_D_hct15_seed4_rigid31_1_from1190000cy.dat
shape =  (8, 698)
698
loading  /home/jasencakova/dataset/cells/priamy_kanal/sim_2xKSin1_D_hct15_seed4_rigid31_1_from1190000cy/rbc122_sim_2xKSin1_D_hct15_seed4_rigid31_1_from1190000cy.dat
shape =  (8, 698)
698
loading  /home/jasencakova/dataset/cells/priamy_kanal/sim_2xKSin1_D_hct15_seed4_rigid31_1_from1190000cy/rbc123_sim_2xKSin1_D_hct15_seed4_rigid31_1_from1190000cy.dat
shape =  (8, 698)
698
loading  /home/jasencakova/dataset/cells/priamy_kanal/sim_2xKSin1_D_hct15_seed4_rigid31_1_from1190000cy/rbc124_sim_2xKSin1_D_hct15_seed4_rigid31_1_from1190000cy.dat
shape =  (8, 698)
698
loading  /home/jasencakova/dataset/cells/priamy_kanal/sim_2xKSin1_D_hct15_seed4_rigid31_1_from1190000cy/rbc125_sim_2xKSin1_D_hct15_seed4_rigid31_1_from1190000cy.dat
shape =  (8, 698)
698
loading  /home/jasencakova/dataset/cells/priamy_kanal/sim_2xKSin1_D_hct15_seed4_rigid31_1_from1190000cy/rbc126_sim_2xKSin1_D_hct15_seed4_rigid31_1_from1190000cy.dat
shape =  (8, 698)
698
loading  /home/jasencakova/dataset/cells/priamy_kanal/sim_2xKSin1_D_hct15_seed4_rigid31_1_from1190000cy/rbc127_sim_2xKSin1_D_hct15_seed4_rigid31_1_from1190000cy.dat
shape =  (8, 698)
698
loading  /home/jasencakova/dataset/cells/priamy_kanal/sim_2xKSin1_D_hct15_seed4_rigid31_1_from1190000cy/rbc128_sim_2xKSin1_D_hct15_seed4_rigid31_1_from1190000cy.dat
shape =  (8, 698)
698
loading  /home/jasencakova/dataset/cells/priamy_kanal/sim_2xKSin1_D_hct15_seed4_rigid31_1_from1190000cy/rbc129_sim_2xKSin1_D_hct15_seed4_rigid31_1_from1190000cy.dat
shape =  (8, 698)
698
loading  /home/jasencakova/dataset/cells/priamy_kanal/sim_2xKSin1_D_hct15_seed4_rigid31_1_from1190000cy/rbc130_sim_2xKSin1_D_hct15_seed4_rigid31_1_from1190000cy.dat
shape =  (8, 698)
698
loading  /home/jasencakova/dataset/cells/priamy_kanal/sim_2xKSin1_D_hct15_seed4_rigid31_1_from1190000cy/rbc131_sim_2xKSin1_D_hct15_seed4_rigid31_1_from1190000cy.dat
shape =  (8, 698)
698
loading  /home/jasencakova/dataset/cells/priamy_kanal/sim_2xKSin1_D_hct15_seed4_rigid31_1_from1190000cy/rbc132_sim_2xKSin1_D_hct15_seed4_rigid31_1_from1190000cy.dat
shape =  (8, 698)
698
loading  /home/jasencakova/dataset/cells/priamy_kanal/sim_2xKSin1_D_hct15_seed4_rigid31_1_from1190000cy/rbc133_sim_2xKSin1_D_hct15_seed4_rigid31_1_from1190000cy.dat
shape =  (8, 698)
698
loading  /home/jasencakova/dataset/cells/priamy_kanal/sim_2xKSin1_D_hct15_seed4_rigid31_1_from1190000cy/rbc134_sim_2xKSin1_D_hct15_seed4_rigid31_1_from1190000cy.dat
shape =  (8, 698)
698
loading  /home/jasencakova/dataset/cells/priamy_kanal/sim_2xKSin1_D_hct15_seed4_rigid31_1_from1190000cy/rbc135_sim_2xKSin1_D_hct15_seed4_rigid31_1_from1190000cy.dat
shape =  (8, 698)
698
loading  /home/jasencakova/dataset/cells/priamy_kanal/sim_2xKSin1_D_hct15_seed4_rigid31_1_from1190000cy/rbc136_sim_2xKSin1_D_hct15_seed4_rigid31_1_from1190000cy.dat
shape =  (8, 698)
698
loading  /home/jasencakova/dataset/cells/priamy_kanal/sim_2xKSin1_D_hct15_seed4_rigid31_1_from1190000cy/rbc137_sim_2xKSin1_D_hct15_seed4_rigid31_1_from1190000cy.dat
shape =  (8, 698)
698
loading  /home/jasencakova/dataset/cells/priamy_kanal/sim_2xKSin1_D_hct15_seed4_rigid31_1_from1190000cy/rbc138_sim_2xKSin1_D_hct15_seed4_rigid31_1_from1190000cy.dat
shape =  (8, 698)
698
loading  /home/jasencakova/dataset/cells/priamy_kanal/sim_2xKSin1_D_hct15_seed4_rigid31_1_from1190000cy/rbc139_sim_2xKSin1_D_hct15_seed4_rigid31_1_from1190000cy.dat
shape =  (8, 698)
698
loading  /home/jasencakova/dataset/cells/priamy_kanal/sim_2xKSin1_D_hct15_seed4_rigid31_1_from1190000cy/rbc140_sim_2xKSin1_D_hct15_seed4_rigid31_1_from1190000cy.dat
shape =  (8, 698)
698
loading  /home/jasencakova/dataset/cells/priamy_kanal/sim_2xKSin1_D_hct15_seed4_rigid31_1_from1190000cy/rbc141_sim_2xKSin1_D_hct15_seed4_rigid31_1_from1190000cy.dat
shape =  (8, 698)
698
loading  /home/jasencakova/dataset/cells/priamy_kanal/sim_2xKSin1_D_hct15_seed4_rigid31_1_from1190000cy/rbc142_sim_2xKSin1_D_hct15_seed4_rigid31_1_from1190000cy.dat
shape =  (8, 698)
698
loading  /home/jasencakova/dataset/cells/priamy_kanal/sim_2xKSin1_D_hct15_seed4_rigid31_1_from1190000cy/rbc143_sim_2xKSin1_D_hct15_seed4_rigid31_1_from1190000cy.dat
shape =  (8, 698)
698
loading  /home/jasencakova/dataset/cells/priamy_kanal/sim_2xKSin1_D_hct15_seed4_rigid31_1_from1190000cy/rbc144_sim_2xKSin1_D_hct15_seed4_rigid31_1_from1190000cy.dat
shape =  (8, 698)
698
loading  /home/jasencakova/dataset/cells/priamy_kanal/sim_2xKSin1_D_hct15_seed4_rigid31_1_from1190000cy/rbc145_sim_2xKSin1_D_hct15_seed4_rigid31_1_from1190000cy.dat
shape =  (8, 698)
698
loading  /home/jasencakova/dataset/cells/priamy_kanal/sim_2xKSin1_D_hct15_seed4_rigid31_1_from1190000cy/rbc146_sim_2xKSin1_D_hct15_seed4_rigid31_1_from1190000cy.dat
shape =  (8, 698)
698
loading  /home/jasencakova/dataset/cells/priamy_kanal/sim_2xKSin1_D_hct15_seed4_rigid31_1_from1190000cy/rbc147_sim_2xKSin1_D_hct15_seed4_rigid31_1_from1190000cy.dat
shape =  (8, 698)
698
loading  /home/jasencakova/dataset/cells/priamy_kanal/sim_2xKSin1_D_hct15_seed4_rigid31_1_from1190000cy/rbc148_sim_2xKSin1_D_hct15_seed4_rigid31_1_from1190000cy.dat
shape =  (8, 698)
698
loading  /home/jasencakova/dataset/cells/priamy_kanal/sim_2xKSin1_D_hct15_seed4_rigid31_1_from1190000cy/rbc149_sim_2xKSin1_D_hct15_seed4_rigid31_1_from1190000cy.dat
shape =  (8, 698)
698
loading  /home/jasencakova/dataset/cells/priamy_kanal/sim_2xKSin1_D_hct15_seed4_rigid31_1_from1190000cy/rbc150_sim_2xKSin1_D_hct15_seed4_rigid31_1_from1190000cy.dat
shape =  (8, 698)
698
loading  /home/jasencakova/dataset/cells/priamy_kanal/sim_2xKSin1_D_hct15_seed4_rigid31_1_from1190000cy/rbc151_sim_2xKSin1_D_hct15_seed4_rigid31_1_from1190000cy.dat
shape =  (8, 698)
698
loading  /home/jasencakova/dataset/cells/priamy_kanal/sim_2xKSin1_D_hct15_seed4_rigid31_1_from1190000cy/rbc152_sim_2xKSin1_D_hct15_seed4_rigid31_1_from1190000cy.dat
shape =  (8, 698)
698
loading  /home/jasencakova/dataset/cells/priamy_kanal/sim_2xKSin1_D_hct15_seed4_rigid31_1_from1190000cy/rbc153_sim_2xKSin1_D_hct15_seed4_rigid31_1_from1190000cy.dat
shape =  (8, 698)
698
shortest_length =  698
data_shape      =  (154, 698, 8)



loading  /home/jasencakova/dataset/cells/priamy_kanal/sim_2xKSin1_D_hct15_seed4_rigid92_1/rbc0_sim_2xKSin1_D_hct15_seed4_rigid92_1.dat
shape =  (8, 706)
706
loading  /home/jasencakova/dataset/cells/priamy_kanal/sim_2xKSin1_D_hct15_seed4_rigid92_1/rbc1_sim_2xKSin1_D_hct15_seed4_rigid92_1.dat
shape =  (8, 706)
706
loading  /home/jasencakova/dataset/cells/priamy_kanal/sim_2xKSin1_D_hct15_seed4_rigid92_1/rbc2_sim_2xKSin1_D_hct15_seed4_rigid92_1.dat
shape =  (8, 706)
706
loading  /home/jasencakova/dataset/cells/priamy_kanal/sim_2xKSin1_D_hct15_seed4_rigid92_1/rbc3_sim_2xKSin1_D_hct15_seed4_rigid92_1.dat
shape =  (8, 706)
706
loading  /home/jasencakova/dataset/cells/priamy_kanal/sim_2xKSin1_D_hct15_seed4_rigid92_1/rbc4_sim_2xKSin1_D_hct15_seed4_rigid92_1.dat
shape =  (8, 706)
706
loading  /home/jasencakova/dataset/cells/priamy_kanal/sim_2xKSin1_D_hct15_seed4_rigid92_1/rbc5_sim_2xKSin1_D_hct15_seed4_rigid92_1.dat
shape =  (8, 706)
706
loading  /home/jasencakova/dataset/cells/priamy_kanal/sim_2xKSin1_D_hct15_seed4_rigid92_1/rbc6_sim_2xKSin1_D_hct15_seed4_rigid92_1.dat
shape =  (8, 706)
706
loading  /home/jasencakova/dataset/cells/priamy_kanal/sim_2xKSin1_D_hct15_seed4_rigid92_1/rbc7_sim_2xKSin1_D_hct15_seed4_rigid92_1.dat
shape =  (8, 706)
706
loading  /home/jasencakova/dataset/cells/priamy_kanal/sim_2xKSin1_D_hct15_seed4_rigid92_1/rbc8_sim_2xKSin1_D_hct15_seed4_rigid92_1.dat
shape =  (8, 706)
706
loading  /home/jasencakova/dataset/cells/priamy_kanal/sim_2xKSin1_D_hct15_seed4_rigid92_1/rbc9_sim_2xKSin1_D_hct15_seed4_rigid92_1.dat
shape =  (8, 706)
706
loading  /home/jasencakova/dataset/cells/priamy_kanal/sim_2xKSin1_D_hct15_seed4_rigid92_1/rbc10_sim_2xKSin1_D_hct15_seed4_rigid92_1.dat
shape =  (8, 706)
706
loading  /home/jasencakova/dataset/cells/priamy_kanal/sim_2xKSin1_D_hct15_seed4_rigid92_1/rbc11_sim_2xKSin1_D_hct15_seed4_rigid92_1.dat
shape =  (8, 706)
706
loading  /home/jasencakova/dataset/cells/priamy_kanal/sim_2xKSin1_D_hct15_seed4_rigid92_1/rbc12_sim_2xKSin1_D_hct15_seed4_rigid92_1.dat
shape =  (8, 706)
706
loading  /home/jasencakova/dataset/cells/priamy_kanal/sim_2xKSin1_D_hct15_seed4_rigid92_1/rbc13_sim_2xKSin1_D_hct15_seed4_rigid92_1.dat
shape =  (8, 706)
706
loading  /home/jasencakova/dataset/cells/priamy_kanal/sim_2xKSin1_D_hct15_seed4_rigid92_1/rbc14_sim_2xKSin1_D_hct15_seed4_rigid92_1.dat
shape =  (8, 706)
706
loading  /home/jasencakova/dataset/cells/priamy_kanal/sim_2xKSin1_D_hct15_seed4_rigid92_1/rbc15_sim_2xKSin1_D_hct15_seed4_rigid92_1.dat
shape =  (8, 706)
706
loading  /home/jasencakova/dataset/cells/priamy_kanal/sim_2xKSin1_D_hct15_seed4_rigid92_1/rbc16_sim_2xKSin1_D_hct15_seed4_rigid92_1.dat
shape =  (8, 706)
706
loading  /home/jasencakova/dataset/cells/priamy_kanal/sim_2xKSin1_D_hct15_seed4_rigid92_1/rbc17_sim_2xKSin1_D_hct15_seed4_rigid92_1.dat
shape =  (8, 706)
706
loading  /home/jasencakova/dataset/cells/priamy_kanal/sim_2xKSin1_D_hct15_seed4_rigid92_1/rbc18_sim_2xKSin1_D_hct15_seed4_rigid92_1.dat
shape =  (8, 706)
706
loading  /home/jasencakova/dataset/cells/priamy_kanal/sim_2xKSin1_D_hct15_seed4_rigid92_1/rbc19_sim_2xKSin1_D_hct15_seed4_rigid92_1.dat
shape =  (8, 706)
706
loading  /home/jasencakova/dataset/cells/priamy_kanal/sim_2xKSin1_D_hct15_seed4_rigid92_1/rbc20_sim_2xKSin1_D_hct15_seed4_rigid92_1.dat
shape =  (8, 706)
706
loading  /home/jasencakova/dataset/cells/priamy_kanal/sim_2xKSin1_D_hct15_seed4_rigid92_1/rbc21_sim_2xKSin1_D_hct15_seed4_rigid92_1.dat
shape =  (8, 706)
706
loading  /home/jasencakova/dataset/cells/priamy_kanal/sim_2xKSin1_D_hct15_seed4_rigid92_1/rbc22_sim_2xKSin1_D_hct15_seed4_rigid92_1.dat
shape =  (8, 706)
706
loading  /home/jasencakova/dataset/cells/priamy_kanal/sim_2xKSin1_D_hct15_seed4_rigid92_1/rbc23_sim_2xKSin1_D_hct15_seed4_rigid92_1.dat
shape =  (8, 706)
706
loading  /home/jasencakova/dataset/cells/priamy_kanal/sim_2xKSin1_D_hct15_seed4_rigid92_1/rbc24_sim_2xKSin1_D_hct15_seed4_rigid92_1.dat
shape =  (8, 706)
706
loading  /home/jasencakova/dataset/cells/priamy_kanal/sim_2xKSin1_D_hct15_seed4_rigid92_1/rbc25_sim_2xKSin1_D_hct15_seed4_rigid92_1.dat
shape =  (8, 706)
706
loading  /home/jasencakova/dataset/cells/priamy_kanal/sim_2xKSin1_D_hct15_seed4_rigid92_1/rbc26_sim_2xKSin1_D_hct15_seed4_rigid92_1.dat
shape =  (8, 706)
706
loading  /home/jasencakova/dataset/cells/priamy_kanal/sim_2xKSin1_D_hct15_seed4_rigid92_1/rbc27_sim_2xKSin1_D_hct15_seed4_rigid92_1.dat
shape =  (8, 706)
706
loading  /home/jasencakova/dataset/cells/priamy_kanal/sim_2xKSin1_D_hct15_seed4_rigid92_1/rbc28_sim_2xKSin1_D_hct15_seed4_rigid92_1.dat
shape =  (8, 706)
706
loading  /home/jasencakova/dataset/cells/priamy_kanal/sim_2xKSin1_D_hct15_seed4_rigid92_1/rbc29_sim_2xKSin1_D_hct15_seed4_rigid92_1.dat
shape =  (8, 706)
706
loading  /home/jasencakova/dataset/cells/priamy_kanal/sim_2xKSin1_D_hct15_seed4_rigid92_1/rbc30_sim_2xKSin1_D_hct15_seed4_rigid92_1.dat
shape =  (8, 706)
706
loading  /home/jasencakova/dataset/cells/priamy_kanal/sim_2xKSin1_D_hct15_seed4_rigid92_1/rbc31_sim_2xKSin1_D_hct15_seed4_rigid92_1.dat
shape =  (8, 706)
706
loading  /home/jasencakova/dataset/cells/priamy_kanal/sim_2xKSin1_D_hct15_seed4_rigid92_1/rbc32_sim_2xKSin1_D_hct15_seed4_rigid92_1.dat
shape =  (8, 706)
706
loading  /home/jasencakova/dataset/cells/priamy_kanal/sim_2xKSin1_D_hct15_seed4_rigid92_1/rbc33_sim_2xKSin1_D_hct15_seed4_rigid92_1.dat
shape =  (8, 706)
706
loading  /home/jasencakova/dataset/cells/priamy_kanal/sim_2xKSin1_D_hct15_seed4_rigid92_1/rbc34_sim_2xKSin1_D_hct15_seed4_rigid92_1.dat
shape =  (8, 706)
706
loading  /home/jasencakova/dataset/cells/priamy_kanal/sim_2xKSin1_D_hct15_seed4_rigid92_1/rbc35_sim_2xKSin1_D_hct15_seed4_rigid92_1.dat
shape =  (8, 706)
706
loading  /home/jasencakova/dataset/cells/priamy_kanal/sim_2xKSin1_D_hct15_seed4_rigid92_1/rbc36_sim_2xKSin1_D_hct15_seed4_rigid92_1.dat
shape =  (8, 706)
706
loading  /home/jasencakova/dataset/cells/priamy_kanal/sim_2xKSin1_D_hct15_seed4_rigid92_1/rbc37_sim_2xKSin1_D_hct15_seed4_rigid92_1.dat
shape =  (8, 706)
706
loading  /home/jasencakova/dataset/cells/priamy_kanal/sim_2xKSin1_D_hct15_seed4_rigid92_1/rbc38_sim_2xKSin1_D_hct15_seed4_rigid92_1.dat
shape =  (8, 706)
706
loading  /home/jasencakova/dataset/cells/priamy_kanal/sim_2xKSin1_D_hct15_seed4_rigid92_1/rbc39_sim_2xKSin1_D_hct15_seed4_rigid92_1.dat
shape =  (8, 706)
706
loading  /home/jasencakova/dataset/cells/priamy_kanal/sim_2xKSin1_D_hct15_seed4_rigid92_1/rbc40_sim_2xKSin1_D_hct15_seed4_rigid92_1.dat
shape =  (8, 706)
706
loading  /home/jasencakova/dataset/cells/priamy_kanal/sim_2xKSin1_D_hct15_seed4_rigid92_1/rbc41_sim_2xKSin1_D_hct15_seed4_rigid92_1.dat
shape =  (8, 706)
706
loading  /home/jasencakova/dataset/cells/priamy_kanal/sim_2xKSin1_D_hct15_seed4_rigid92_1/rbc42_sim_2xKSin1_D_hct15_seed4_rigid92_1.dat
shape =  (8, 706)
706
loading  /home/jasencakova/dataset/cells/priamy_kanal/sim_2xKSin1_D_hct15_seed4_rigid92_1/rbc43_sim_2xKSin1_D_hct15_seed4_rigid92_1.dat
shape =  (8, 706)
706
loading  /home/jasencakova/dataset/cells/priamy_kanal/sim_2xKSin1_D_hct15_seed4_rigid92_1/rbc44_sim_2xKSin1_D_hct15_seed4_rigid92_1.dat
shape =  (8, 706)
706
loading  /home/jasencakova/dataset/cells/priamy_kanal/sim_2xKSin1_D_hct15_seed4_rigid92_1/rbc45_sim_2xKSin1_D_hct15_seed4_rigid92_1.dat
shape =  (8, 706)
706
loading  /home/jasencakova/dataset/cells/priamy_kanal/sim_2xKSin1_D_hct15_seed4_rigid92_1/rbc46_sim_2xKSin1_D_hct15_seed4_rigid92_1.dat
shape =  (8, 706)
706
loading  /home/jasencakova/dataset/cells/priamy_kanal/sim_2xKSin1_D_hct15_seed4_rigid92_1/rbc47_sim_2xKSin1_D_hct15_seed4_rigid92_1.dat
shape =  (8, 706)
706
loading  /home/jasencakova/dataset/cells/priamy_kanal/sim_2xKSin1_D_hct15_seed4_rigid92_1/rbc48_sim_2xKSin1_D_hct15_seed4_rigid92_1.dat
shape =  (8, 706)
706
loading  /home/jasencakova/dataset/cells/priamy_kanal/sim_2xKSin1_D_hct15_seed4_rigid92_1/rbc49_sim_2xKSin1_D_hct15_seed4_rigid92_1.dat
shape =  (8, 706)
706
loading  /home/jasencakova/dataset/cells/priamy_kanal/sim_2xKSin1_D_hct15_seed4_rigid92_1/rbc50_sim_2xKSin1_D_hct15_seed4_rigid92_1.dat
shape =  (8, 706)
706
loading  /home/jasencakova/dataset/cells/priamy_kanal/sim_2xKSin1_D_hct15_seed4_rigid92_1/rbc51_sim_2xKSin1_D_hct15_seed4_rigid92_1.dat
shape =  (8, 706)
706
loading  /home/jasencakova/dataset/cells/priamy_kanal/sim_2xKSin1_D_hct15_seed4_rigid92_1/rbc52_sim_2xKSin1_D_hct15_seed4_rigid92_1.dat
shape =  (8, 706)
706
loading  /home/jasencakova/dataset/cells/priamy_kanal/sim_2xKSin1_D_hct15_seed4_rigid92_1/rbc53_sim_2xKSin1_D_hct15_seed4_rigid92_1.dat
shape =  (8, 706)
706
loading  /home/jasencakova/dataset/cells/priamy_kanal/sim_2xKSin1_D_hct15_seed4_rigid92_1/rbc54_sim_2xKSin1_D_hct15_seed4_rigid92_1.dat
shape =  (8, 706)
706
loading  /home/jasencakova/dataset/cells/priamy_kanal/sim_2xKSin1_D_hct15_seed4_rigid92_1/rbc55_sim_2xKSin1_D_hct15_seed4_rigid92_1.dat
shape =  (8, 706)
706
loading  /home/jasencakova/dataset/cells/priamy_kanal/sim_2xKSin1_D_hct15_seed4_rigid92_1/rbc56_sim_2xKSin1_D_hct15_seed4_rigid92_1.dat
shape =  (8, 706)
706
loading  /home/jasencakova/dataset/cells/priamy_kanal/sim_2xKSin1_D_hct15_seed4_rigid92_1/rbc57_sim_2xKSin1_D_hct15_seed4_rigid92_1.dat
shape =  (8, 706)
706
loading  /home/jasencakova/dataset/cells/priamy_kanal/sim_2xKSin1_D_hct15_seed4_rigid92_1/rbc58_sim_2xKSin1_D_hct15_seed4_rigid92_1.dat
shape =  (8, 706)
706
loading  /home/jasencakova/dataset/cells/priamy_kanal/sim_2xKSin1_D_hct15_seed4_rigid92_1/rbc59_sim_2xKSin1_D_hct15_seed4_rigid92_1.dat
shape =  (8, 706)
706
loading  /home/jasencakova/dataset/cells/priamy_kanal/sim_2xKSin1_D_hct15_seed4_rigid92_1/rbc60_sim_2xKSin1_D_hct15_seed4_rigid92_1.dat
shape =  (8, 706)
706
loading  /home/jasencakova/dataset/cells/priamy_kanal/sim_2xKSin1_D_hct15_seed4_rigid92_1/rbc61_sim_2xKSin1_D_hct15_seed4_rigid92_1.dat
shape =  (8, 706)
706
loading  /home/jasencakova/dataset/cells/priamy_kanal/sim_2xKSin1_D_hct15_seed4_rigid92_1/rbc62_sim_2xKSin1_D_hct15_seed4_rigid92_1.dat
shape =  (8, 706)
706
loading  /home/jasencakova/dataset/cells/priamy_kanal/sim_2xKSin1_D_hct15_seed4_rigid92_1/rbc63_sim_2xKSin1_D_hct15_seed4_rigid92_1.dat
shape =  (8, 706)
706
loading  /home/jasencakova/dataset/cells/priamy_kanal/sim_2xKSin1_D_hct15_seed4_rigid92_1/rbc64_sim_2xKSin1_D_hct15_seed4_rigid92_1.dat
shape =  (8, 706)
706
loading  /home/jasencakova/dataset/cells/priamy_kanal/sim_2xKSin1_D_hct15_seed4_rigid92_1/rbc65_sim_2xKSin1_D_hct15_seed4_rigid92_1.dat
shape =  (8, 706)
706
loading  /home/jasencakova/dataset/cells/priamy_kanal/sim_2xKSin1_D_hct15_seed4_rigid92_1/rbc66_sim_2xKSin1_D_hct15_seed4_rigid92_1.dat
shape =  (8, 706)
706
loading  /home/jasencakova/dataset/cells/priamy_kanal/sim_2xKSin1_D_hct15_seed4_rigid92_1/rbc67_sim_2xKSin1_D_hct15_seed4_rigid92_1.dat
shape =  (8, 706)
706
loading  /home/jasencakova/dataset/cells/priamy_kanal/sim_2xKSin1_D_hct15_seed4_rigid92_1/rbc68_sim_2xKSin1_D_hct15_seed4_rigid92_1.dat
shape =  (8, 706)
706
loading  /home/jasencakova/dataset/cells/priamy_kanal/sim_2xKSin1_D_hct15_seed4_rigid92_1/rbc69_sim_2xKSin1_D_hct15_seed4_rigid92_1.dat
shape =  (8, 706)
706
loading  /home/jasencakova/dataset/cells/priamy_kanal/sim_2xKSin1_D_hct15_seed4_rigid92_1/rbc70_sim_2xKSin1_D_hct15_seed4_rigid92_1.dat
shape =  (8, 706)
706
loading  /home/jasencakova/dataset/cells/priamy_kanal/sim_2xKSin1_D_hct15_seed4_rigid92_1/rbc71_sim_2xKSin1_D_hct15_seed4_rigid92_1.dat
shape =  (8, 706)
706
loading  /home/jasencakova/dataset/cells/priamy_kanal/sim_2xKSin1_D_hct15_seed4_rigid92_1/rbc72_sim_2xKSin1_D_hct15_seed4_rigid92_1.dat
shape =  (8, 706)
706
loading  /home/jasencakova/dataset/cells/priamy_kanal/sim_2xKSin1_D_hct15_seed4_rigid92_1/rbc73_sim_2xKSin1_D_hct15_seed4_rigid92_1.dat
shape =  (8, 706)
706
loading  /home/jasencakova/dataset/cells/priamy_kanal/sim_2xKSin1_D_hct15_seed4_rigid92_1/rbc74_sim_2xKSin1_D_hct15_seed4_rigid92_1.dat
shape =  (8, 706)
706
loading  /home/jasencakova/dataset/cells/priamy_kanal/sim_2xKSin1_D_hct15_seed4_rigid92_1/rbc75_sim_2xKSin1_D_hct15_seed4_rigid92_1.dat
shape =  (8, 706)
706
loading  /home/jasencakova/dataset/cells/priamy_kanal/sim_2xKSin1_D_hct15_seed4_rigid92_1/rbc76_sim_2xKSin1_D_hct15_seed4_rigid92_1.dat
shape =  (8, 706)
706
loading  /home/jasencakova/dataset/cells/priamy_kanal/sim_2xKSin1_D_hct15_seed4_rigid92_1/rbc77_sim_2xKSin1_D_hct15_seed4_rigid92_1.dat
shape =  (8, 706)
706
loading  /home/jasencakova/dataset/cells/priamy_kanal/sim_2xKSin1_D_hct15_seed4_rigid92_1/rbc78_sim_2xKSin1_D_hct15_seed4_rigid92_1.dat
shape =  (8, 706)
706
loading  /home/jasencakova/dataset/cells/priamy_kanal/sim_2xKSin1_D_hct15_seed4_rigid92_1/rbc79_sim_2xKSin1_D_hct15_seed4_rigid92_1.dat
shape =  (8, 706)
706
loading  /home/jasencakova/dataset/cells/priamy_kanal/sim_2xKSin1_D_hct15_seed4_rigid92_1/rbc80_sim_2xKSin1_D_hct15_seed4_rigid92_1.dat
shape =  (8, 706)
706
loading  /home/jasencakova/dataset/cells/priamy_kanal/sim_2xKSin1_D_hct15_seed4_rigid92_1/rbc81_sim_2xKSin1_D_hct15_seed4_rigid92_1.dat
shape =  (8, 706)
706
loading  /home/jasencakova/dataset/cells/priamy_kanal/sim_2xKSin1_D_hct15_seed4_rigid92_1/rbc82_sim_2xKSin1_D_hct15_seed4_rigid92_1.dat
shape =  (8, 706)
706
loading  /home/jasencakova/dataset/cells/priamy_kanal/sim_2xKSin1_D_hct15_seed4_rigid92_1/rbc83_sim_2xKSin1_D_hct15_seed4_rigid92_1.dat
shape =  (8, 706)
706
loading  /home/jasencakova/dataset/cells/priamy_kanal/sim_2xKSin1_D_hct15_seed4_rigid92_1/rbc84_sim_2xKSin1_D_hct15_seed4_rigid92_1.dat
shape =  (8, 706)
706
loading  /home/jasencakova/dataset/cells/priamy_kanal/sim_2xKSin1_D_hct15_seed4_rigid92_1/rbc85_sim_2xKSin1_D_hct15_seed4_rigid92_1.dat
shape =  (8, 706)
706
loading  /home/jasencakova/dataset/cells/priamy_kanal/sim_2xKSin1_D_hct15_seed4_rigid92_1/rbc86_sim_2xKSin1_D_hct15_seed4_rigid92_1.dat
shape =  (8, 706)
706
loading  /home/jasencakova/dataset/cells/priamy_kanal/sim_2xKSin1_D_hct15_seed4_rigid92_1/rbc87_sim_2xKSin1_D_hct15_seed4_rigid92_1.dat
shape =  (8, 706)
706
loading  /home/jasencakova/dataset/cells/priamy_kanal/sim_2xKSin1_D_hct15_seed4_rigid92_1/rbc88_sim_2xKSin1_D_hct15_seed4_rigid92_1.dat
shape =  (8, 706)
706
loading  /home/jasencakova/dataset/cells/priamy_kanal/sim_2xKSin1_D_hct15_seed4_rigid92_1/rbc89_sim_2xKSin1_D_hct15_seed4_rigid92_1.dat
shape =  (8, 706)
706
loading  /home/jasencakova/dataset/cells/priamy_kanal/sim_2xKSin1_D_hct15_seed4_rigid92_1/rbc90_sim_2xKSin1_D_hct15_seed4_rigid92_1.dat
shape =  (8, 706)
706
loading  /home/jasencakova/dataset/cells/priamy_kanal/sim_2xKSin1_D_hct15_seed4_rigid92_1/rbc91_sim_2xKSin1_D_hct15_seed4_rigid92_1.dat
shape =  (8, 706)
706
loading  /home/jasencakova/dataset/cells/priamy_kanal/sim_2xKSin1_D_hct15_seed4_rigid92_1/rbc92_sim_2xKSin1_D_hct15_seed4_rigid92_1.dat
shape =  (8, 706)
706
loading  /home/jasencakova/dataset/cells/priamy_kanal/sim_2xKSin1_D_hct15_seed4_rigid92_1/rbc93_sim_2xKSin1_D_hct15_seed4_rigid92_1.dat
shape =  (8, 706)
706
loading  /home/jasencakova/dataset/cells/priamy_kanal/sim_2xKSin1_D_hct15_seed4_rigid92_1/rbc94_sim_2xKSin1_D_hct15_seed4_rigid92_1.dat
shape =  (8, 706)
706
loading  /home/jasencakova/dataset/cells/priamy_kanal/sim_2xKSin1_D_hct15_seed4_rigid92_1/rbc95_sim_2xKSin1_D_hct15_seed4_rigid92_1.dat
shape =  (8, 706)
706
loading  /home/jasencakova/dataset/cells/priamy_kanal/sim_2xKSin1_D_hct15_seed4_rigid92_1/rbc96_sim_2xKSin1_D_hct15_seed4_rigid92_1.dat
shape =  (8, 706)
706
loading  /home/jasencakova/dataset/cells/priamy_kanal/sim_2xKSin1_D_hct15_seed4_rigid92_1/rbc97_sim_2xKSin1_D_hct15_seed4_rigid92_1.dat
shape =  (8, 706)
706
loading  /home/jasencakova/dataset/cells/priamy_kanal/sim_2xKSin1_D_hct15_seed4_rigid92_1/rbc98_sim_2xKSin1_D_hct15_seed4_rigid92_1.dat
shape =  (8, 706)
706
loading  /home/jasencakova/dataset/cells/priamy_kanal/sim_2xKSin1_D_hct15_seed4_rigid92_1/rbc99_sim_2xKSin1_D_hct15_seed4_rigid92_1.dat
shape =  (8, 706)
706
loading  /home/jasencakova/dataset/cells/priamy_kanal/sim_2xKSin1_D_hct15_seed4_rigid92_1/rbc100_sim_2xKSin1_D_hct15_seed4_rigid92_1.dat
shape =  (8, 706)
706
loading  /home/jasencakova/dataset/cells/priamy_kanal/sim_2xKSin1_D_hct15_seed4_rigid92_1/rbc101_sim_2xKSin1_D_hct15_seed4_rigid92_1.dat
shape =  (8, 706)
706
loading  /home/jasencakova/dataset/cells/priamy_kanal/sim_2xKSin1_D_hct15_seed4_rigid92_1/rbc102_sim_2xKSin1_D_hct15_seed4_rigid92_1.dat
shape =  (8, 706)
706
loading  /home/jasencakova/dataset/cells/priamy_kanal/sim_2xKSin1_D_hct15_seed4_rigid92_1/rbc103_sim_2xKSin1_D_hct15_seed4_rigid92_1.dat
shape =  (8, 706)
706
loading  /home/jasencakova/dataset/cells/priamy_kanal/sim_2xKSin1_D_hct15_seed4_rigid92_1/rbc104_sim_2xKSin1_D_hct15_seed4_rigid92_1.dat
shape =  (8, 706)
706
loading  /home/jasencakova/dataset/cells/priamy_kanal/sim_2xKSin1_D_hct15_seed4_rigid92_1/rbc105_sim_2xKSin1_D_hct15_seed4_rigid92_1.dat
shape =  (8, 706)
706
loading  /home/jasencakova/dataset/cells/priamy_kanal/sim_2xKSin1_D_hct15_seed4_rigid92_1/rbc106_sim_2xKSin1_D_hct15_seed4_rigid92_1.dat
shape =  (8, 706)
706
loading  /home/jasencakova/dataset/cells/priamy_kanal/sim_2xKSin1_D_hct15_seed4_rigid92_1/rbc107_sim_2xKSin1_D_hct15_seed4_rigid92_1.dat
shape =  (8, 706)
706
loading  /home/jasencakova/dataset/cells/priamy_kanal/sim_2xKSin1_D_hct15_seed4_rigid92_1/rbc108_sim_2xKSin1_D_hct15_seed4_rigid92_1.dat
shape =  (8, 706)
706
loading  /home/jasencakova/dataset/cells/priamy_kanal/sim_2xKSin1_D_hct15_seed4_rigid92_1/rbc109_sim_2xKSin1_D_hct15_seed4_rigid92_1.dat
shape =  (8, 706)
706
loading  /home/jasencakova/dataset/cells/priamy_kanal/sim_2xKSin1_D_hct15_seed4_rigid92_1/rbc110_sim_2xKSin1_D_hct15_seed4_rigid92_1.dat
shape =  (8, 706)
706
loading  /home/jasencakova/dataset/cells/priamy_kanal/sim_2xKSin1_D_hct15_seed4_rigid92_1/rbc111_sim_2xKSin1_D_hct15_seed4_rigid92_1.dat
shape =  (8, 706)
706
loading  /home/jasencakova/dataset/cells/priamy_kanal/sim_2xKSin1_D_hct15_seed4_rigid92_1/rbc112_sim_2xKSin1_D_hct15_seed4_rigid92_1.dat
shape =  (8, 706)
706
loading  /home/jasencakova/dataset/cells/priamy_kanal/sim_2xKSin1_D_hct15_seed4_rigid92_1/rbc113_sim_2xKSin1_D_hct15_seed4_rigid92_1.dat
shape =  (8, 706)
706
loading  /home/jasencakova/dataset/cells/priamy_kanal/sim_2xKSin1_D_hct15_seed4_rigid92_1/rbc114_sim_2xKSin1_D_hct15_seed4_rigid92_1.dat
shape =  (8, 706)
706
loading  /home/jasencakova/dataset/cells/priamy_kanal/sim_2xKSin1_D_hct15_seed4_rigid92_1/rbc115_sim_2xKSin1_D_hct15_seed4_rigid92_1.dat
shape =  (8, 706)
706
loading  /home/jasencakova/dataset/cells/priamy_kanal/sim_2xKSin1_D_hct15_seed4_rigid92_1/rbc116_sim_2xKSin1_D_hct15_seed4_rigid92_1.dat
shape =  (8, 706)
706
loading  /home/jasencakova/dataset/cells/priamy_kanal/sim_2xKSin1_D_hct15_seed4_rigid92_1/rbc117_sim_2xKSin1_D_hct15_seed4_rigid92_1.dat
shape =  (8, 706)
706
loading  /home/jasencakova/dataset/cells/priamy_kanal/sim_2xKSin1_D_hct15_seed4_rigid92_1/rbc118_sim_2xKSin1_D_hct15_seed4_rigid92_1.dat
shape =  (8, 706)
706
loading  /home/jasencakova/dataset/cells/priamy_kanal/sim_2xKSin1_D_hct15_seed4_rigid92_1/rbc119_sim_2xKSin1_D_hct15_seed4_rigid92_1.dat
shape =  (8, 706)
706
loading  /home/jasencakova/dataset/cells/priamy_kanal/sim_2xKSin1_D_hct15_seed4_rigid92_1/rbc120_sim_2xKSin1_D_hct15_seed4_rigid92_1.dat
shape =  (8, 706)
706
loading  /home/jasencakova/dataset/cells/priamy_kanal/sim_2xKSin1_D_hct15_seed4_rigid92_1/rbc121_sim_2xKSin1_D_hct15_seed4_rigid92_1.dat
shape =  (8, 706)
706
loading  /home/jasencakova/dataset/cells/priamy_kanal/sim_2xKSin1_D_hct15_seed4_rigid92_1/rbc122_sim_2xKSin1_D_hct15_seed4_rigid92_1.dat
shape =  (8, 706)
706
loading  /home/jasencakova/dataset/cells/priamy_kanal/sim_2xKSin1_D_hct15_seed4_rigid92_1/rbc123_sim_2xKSin1_D_hct15_seed4_rigid92_1.dat
shape =  (8, 706)
706
loading  /home/jasencakova/dataset/cells/priamy_kanal/sim_2xKSin1_D_hct15_seed4_rigid92_1/rbc124_sim_2xKSin1_D_hct15_seed4_rigid92_1.dat
shape =  (8, 706)
706
loading  /home/jasencakova/dataset/cells/priamy_kanal/sim_2xKSin1_D_hct15_seed4_rigid92_1/rbc125_sim_2xKSin1_D_hct15_seed4_rigid92_1.dat
shape =  (8, 706)
706
loading  /home/jasencakova/dataset/cells/priamy_kanal/sim_2xKSin1_D_hct15_seed4_rigid92_1/rbc126_sim_2xKSin1_D_hct15_seed4_rigid92_1.dat
shape =  (8, 706)
706
loading  /home/jasencakova/dataset/cells/priamy_kanal/sim_2xKSin1_D_hct15_seed4_rigid92_1/rbc127_sim_2xKSin1_D_hct15_seed4_rigid92_1.dat
shape =  (8, 706)
706
loading  /home/jasencakova/dataset/cells/priamy_kanal/sim_2xKSin1_D_hct15_seed4_rigid92_1/rbc128_sim_2xKSin1_D_hct15_seed4_rigid92_1.dat
shape =  (8, 706)
706
loading  /home/jasencakova/dataset/cells/priamy_kanal/sim_2xKSin1_D_hct15_seed4_rigid92_1/rbc129_sim_2xKSin1_D_hct15_seed4_rigid92_1.dat
shape =  (8, 706)
706
loading  /home/jasencakova/dataset/cells/priamy_kanal/sim_2xKSin1_D_hct15_seed4_rigid92_1/rbc130_sim_2xKSin1_D_hct15_seed4_rigid92_1.dat
shape =  (8, 706)
706
loading  /home/jasencakova/dataset/cells/priamy_kanal/sim_2xKSin1_D_hct15_seed4_rigid92_1/rbc131_sim_2xKSin1_D_hct15_seed4_rigid92_1.dat
shape =  (8, 706)
706
loading  /home/jasencakova/dataset/cells/priamy_kanal/sim_2xKSin1_D_hct15_seed4_rigid92_1/rbc132_sim_2xKSin1_D_hct15_seed4_rigid92_1.dat
shape =  (8, 706)
706
loading  /home/jasencakova/dataset/cells/priamy_kanal/sim_2xKSin1_D_hct15_seed4_rigid92_1/rbc133_sim_2xKSin1_D_hct15_seed4_rigid92_1.dat
shape =  (8, 706)
706
loading  /home/jasencakova/dataset/cells/priamy_kanal/sim_2xKSin1_D_hct15_seed4_rigid92_1/rbc134_sim_2xKSin1_D_hct15_seed4_rigid92_1.dat
shape =  (8, 706)
706
loading  /home/jasencakova/dataset/cells/priamy_kanal/sim_2xKSin1_D_hct15_seed4_rigid92_1/rbc135_sim_2xKSin1_D_hct15_seed4_rigid92_1.dat
shape =  (8, 706)
706
loading  /home/jasencakova/dataset/cells/priamy_kanal/sim_2xKSin1_D_hct15_seed4_rigid92_1/rbc136_sim_2xKSin1_D_hct15_seed4_rigid92_1.dat
shape =  (8, 706)
706
loading  /home/jasencakova/dataset/cells/priamy_kanal/sim_2xKSin1_D_hct15_seed4_rigid92_1/rbc137_sim_2xKSin1_D_hct15_seed4_rigid92_1.dat
shape =  (8, 706)
706
loading  /home/jasencakova/dataset/cells/priamy_kanal/sim_2xKSin1_D_hct15_seed4_rigid92_1/rbc138_sim_2xKSin1_D_hct15_seed4_rigid92_1.dat
shape =  (8, 706)
706
loading  /home/jasencakova/dataset/cells/priamy_kanal/sim_2xKSin1_D_hct15_seed4_rigid92_1/rbc139_sim_2xKSin1_D_hct15_seed4_rigid92_1.dat
shape =  (8, 706)
706
loading  /home/jasencakova/dataset/cells/priamy_kanal/sim_2xKSin1_D_hct15_seed4_rigid92_1/rbc140_sim_2xKSin1_D_hct15_seed4_rigid92_1.dat
shape =  (8, 706)
706
loading  /home/jasencakova/dataset/cells/priamy_kanal/sim_2xKSin1_D_hct15_seed4_rigid92_1/rbc141_sim_2xKSin1_D_hct15_seed4_rigid92_1.dat
shape =  (8, 706)
706
loading  /home/jasencakova/dataset/cells/priamy_kanal/sim_2xKSin1_D_hct15_seed4_rigid92_1/rbc142_sim_2xKSin1_D_hct15_seed4_rigid92_1.dat
shape =  (8, 706)
706
loading  /home/jasencakova/dataset/cells/priamy_kanal/sim_2xKSin1_D_hct15_seed4_rigid92_1/rbc143_sim_2xKSin1_D_hct15_seed4_rigid92_1.dat
shape =  (8, 706)
706
loading  /home/jasencakova/dataset/cells/priamy_kanal/sim_2xKSin1_D_hct15_seed4_rigid92_1/rbc144_sim_2xKSin1_D_hct15_seed4_rigid92_1.dat
shape =  (8, 706)
706
loading  /home/jasencakova/dataset/cells/priamy_kanal/sim_2xKSin1_D_hct15_seed4_rigid92_1/rbc145_sim_2xKSin1_D_hct15_seed4_rigid92_1.dat
shape =  (8, 706)
706
loading  /home/jasencakova/dataset/cells/priamy_kanal/sim_2xKSin1_D_hct15_seed4_rigid92_1/rbc146_sim_2xKSin1_D_hct15_seed4_rigid92_1.dat
shape =  (8, 706)
706
loading  /home/jasencakova/dataset/cells/priamy_kanal/sim_2xKSin1_D_hct15_seed4_rigid92_1/rbc147_sim_2xKSin1_D_hct15_seed4_rigid92_1.dat
shape =  (8, 706)
706
loading  /home/jasencakova/dataset/cells/priamy_kanal/sim_2xKSin1_D_hct15_seed4_rigid92_1/rbc148_sim_2xKSin1_D_hct15_seed4_rigid92_1.dat
shape =  (8, 706)
706
loading  /home/jasencakova/dataset/cells/priamy_kanal/sim_2xKSin1_D_hct15_seed4_rigid92_1/rbc149_sim_2xKSin1_D_hct15_seed4_rigid92_1.dat
shape =  (8, 706)
706
loading  /home/jasencakova/dataset/cells/priamy_kanal/sim_2xKSin1_D_hct15_seed4_rigid92_1/rbc150_sim_2xKSin1_D_hct15_seed4_rigid92_1.dat
shape =  (8, 706)
706
loading  /home/jasencakova/dataset/cells/priamy_kanal/sim_2xKSin1_D_hct15_seed4_rigid92_1/rbc151_sim_2xKSin1_D_hct15_seed4_rigid92_1.dat
shape =  (8, 706)
706
loading  /home/jasencakova/dataset/cells/priamy_kanal/sim_2xKSin1_D_hct15_seed4_rigid92_1/rbc152_sim_2xKSin1_D_hct15_seed4_rigid92_1.dat
shape =  (8, 706)
706
loading  /home/jasencakova/dataset/cells/priamy_kanal/sim_2xKSin1_D_hct15_seed4_rigid92_1/rbc153_sim_2xKSin1_D_hct15_seed4_rigid92_1.dat
shape =  (8, 706)
706
shortest_length =  706
data_shape      =  (154, 706, 8)








dataset summary : 

training_dats shape    =  (154, 698, 8)
testing_dats shape    =  (154, 706, 8)
training_count  =  10856692
testing_count   =  108724
channels_count  =  8
sequence_length =  128
classes_count   =   2
batch(32) tensor shape =  torch.Size([32, 8, 128]) torch.Size([32, 2])





model
Sequential(
  (0): Conv1d(8, 32, kernel_size=(3,), stride=(2,), padding=(1,))
  (1): ReLU()
  (2): Dropout(p=0.01, inplace=False)
  (3): Conv1d(32, 64, kernel_size=(3,), stride=(2,), padding=(1,))
  (4): ReLU()
  (5): Dropout(p=0.01, inplace=False)
  (6): Conv1d(64, 64, kernel_size=(3,), stride=(2,), padding=(1,))
  (7): ReLU()
  (8): Dropout(p=0.01, inplace=False)
  (9): Conv1d(64, 128, kernel_size=(3,), stride=(2,), padding=(1,))
  (10): ReLU()
  (11): Dropout(p=0.01, inplace=False)
  (12): Flatten()
  (13): Linear(in_features=1024, out_features=2, bias=True)
)



0 92.82747323681293 61.91544117647059 0.075153254 0.2868356 0.016598359 0.02149439 63.46 





=================================================
new best net in 0
TRAINING result
accuracy   = 92.827 [%]
hit_count  = 10078004
miss_count = 778700

class_accuracy = 99.018%   68.249%   


confusion_matrix = 
8587231	 693546	 
85154	 1490773	 



TESTING result
accuracy   = 61.915 [%]
hit_count  = 67364
miss_count = 41436

class_accuracy = 99.007%   37.117%   


confusion_matrix = 
43161	 41004	 
432	 24203	 




1 95.70414740974793 68.22150735294117 0.043302417 0.22678103 0.010242519 0.01958052 62.98 





=================================================
new best net in 1
TRAINING result
accuracy   = 95.704 [%]
hit_count  = 10390316
miss_count = 466388

class_accuracy = 99.877%   79.16%   


confusion_matrix = 
8659324	 455699	 
10689	 1730992	 



TESTING result
accuracy   = 68.222 [%]
hit_count  = 74225
miss_count = 34575

class_accuracy = 99.895%   46.806%   


confusion_matrix = 
43841	 34530	 
45	 30384	 




2 96.64636707420594 73.9779411764706 0.031167425 0.17808302 0.0074935984 0.016460612 62.52 





=================================================
new best net in 2
TRAINING result
accuracy   = 96.646 [%]
hit_count  = 10492610
miss_count = 364094

class_accuracy = 99.904%   83.719%   


confusion_matrix = 
8663111	 355786	 
8308	 1829499	 



TESTING result
accuracy   = 73.978 [%]
hit_count  = 80488
miss_count = 28312

class_accuracy = 99.934%   56.605%   


confusion_matrix = 
43592	 28284	 
28	 36896	 




3 98.01871728288806 74.86488970588235 0.020786533 0.17478028 0.0057115396 0.016957104 61.96 





=================================================
new best net in 3
TRAINING result
accuracy   = 98.019 [%]
hit_count  = 10641602
miss_count = 215102

class_accuracy = 99.891%   90.593%   


confusion_matrix = 
8660856	 205666	 
9436	 1980746	 



TESTING result
accuracy   = 74.865 [%]
hit_count  = 81453
miss_count = 27347

class_accuracy = 99.853%   58.208%   


confusion_matrix = 
43451	 27284	 
63	 38002	 




4 99.24378522247636 74.67463235294117 0.011692119 0.17483519 0.0034284235 0.016353006 61.39 

5 99.84193176861044 71.68382352941177 0.006031485 0.19054972 0.0017744895 0.017354114 60.87 

6 99.96523806857036 71.65992647058823 0.003478693 0.18821163 0.0009521653 0.01762862 60.27 

7 99.99111148282205 71.38327205882354 0.0022505997 0.18853192 0.0006002474 0.017741824 59.68 

8 99.99759595545757 72.95220588235294 0.0015683381 0.17523234 0.0004255231 0.01628974 59.03 

9 99.99920786271782 75.12132352941177 0.0011380372 0.15831855 0.00032381565 0.014508118 58.4 





=================================================
new best net in 9
TRAINING result
accuracy   = 99.999 [%]
hit_count  = 10856618
miss_count = 86

class_accuracy = 100.0%   99.996%   


confusion_matrix = 
8671562	 86	 
0	 2185056	 



TESTING result
accuracy   = 75.121 [%]
hit_count  = 81732
miss_count = 27068

class_accuracy = 99.998%   58.509%   


confusion_matrix = 
43561	 27068	 
0	 38171	 




10 99.99965919675068 80.30514705882354 0.000797947 0.12041455 0.00025424492 0.0129032405 57.81 





=================================================
new best net in 10
TRAINING result
accuracy   = 100.0 [%]
hit_count  = 10856667
miss_count = 37

class_accuracy = 100.0%   99.998%   


confusion_matrix = 
8670782	 37	 
0	 2185885	 



TESTING result
accuracy   = 80.305 [%]
hit_count  = 87372
miss_count = 21428

class_accuracy = 99.998%   67.168%   


confusion_matrix = 
43533	 21428	 
0	 43839	 




11 99.99980657112877 85.24724264705883 0.0005078805 0.093110316 0.0001910381 0.009954116 57.15 





=================================================
new best net in 11
TRAINING result
accuracy   = 100.0 [%]
hit_count  = 10856683
miss_count = 21

class_accuracy = 100.0%   99.999%   


confusion_matrix = 
8670850	 21	 
0	 2185833	 



TESTING result
accuracy   = 85.247 [%]
hit_count  = 92749
miss_count = 16051

class_accuracy = 99.998%   75.318%   


confusion_matrix = 
43766	 16051	 
0	 48983	 




12 99.99991710191233 92.47610294117646 0.00033416096 0.05633703 0.00013737284 0.006865872 56.59 





=================================================
new best net in 12
TRAINING result
accuracy   = 100.0 [%]
hit_count  = 10856695
miss_count = 9

class_accuracy = 100.0%   100.0%   


confusion_matrix = 
8669963	 9	 
0	 2186732	 



TESTING result
accuracy   = 92.476 [%]
hit_count  = 100614
miss_count = 8186

class_accuracy = 99.998%   87.355%   


confusion_matrix = 
44058	 8186	 
0	 56556	 




13 99.99976972753424 94.9154411764706 0.00023576923 0.045612857 0.00013006879 0.005677757 55.95 





=================================================
new best net in 13
TRAINING result
accuracy   = 100.0 [%]
hit_count  = 10856679
miss_count = 25

class_accuracy = 100.0%   99.999%   


confusion_matrix = 
8671349	 24	 
1	 2185330	 



TESTING result
accuracy   = 94.915 [%]
hit_count  = 103268
miss_count = 5532

class_accuracy = 99.998%   91.489%   


confusion_matrix = 
43789	 5532	 
0	 59479	 




14 99.99979736023013 97.20404411764706 0.00017410133 0.032776475 0.00011413849 0.0048301117 55.31 





=================================================
new best net in 14
TRAINING result
accuracy   = 100.0 [%]
hit_count  = 10856682
miss_count = 22

class_accuracy = 100.0%   99.999%   


confusion_matrix = 
8671833	 22	 
0	 2184849	 



TESTING result
accuracy   = 97.204 [%]
hit_count  = 105758
miss_count = 3042

class_accuracy = 99.998%   95.325%   


confusion_matrix = 
43714	 3042	 
0	 62044	 




15 99.99983420382466 98.26286764705883 0.00013246483 0.025663147 9.793637e-05 0.0038211215 54.67 





=================================================
new best net in 15
TRAINING result
accuracy   = 100.0 [%]
hit_count  = 10856686
miss_count = 18

class_accuracy = 100.0%   99.999%   


confusion_matrix = 
8671231	 18	 
0	 2185455	 



TESTING result
accuracy   = 98.263 [%]
hit_count  = 106910
miss_count = 1890

class_accuracy = 99.998%   97.093%   


confusion_matrix = 
43756	 1890	 
0	 63154	 




16 99.99984341472329 99.37591911764706 0.00010364768 0.016994867 9.8734934e-05 0.0027260727 54.02 





=================================================
new best net in 16
TRAINING result
accuracy   = 100.0 [%]
hit_count  = 10856687
miss_count = 17

class_accuracy = 100.0%   99.999%   


confusion_matrix = 
8670839	 14	 
3	 2185848	 



TESTING result
accuracy   = 99.376 [%]
hit_count  = 108121
miss_count = 679

class_accuracy = 99.998%   98.959%   


confusion_matrix = 
43479	 679	 
0	 64642	 




17 99.99988025831782 99.72150735294117 8.111219e-05 0.011743541 8.6191125e-05 0.0019421446 53.38 





=================================================
new best net in 17
TRAINING result
accuracy   = 100.0 [%]
hit_count  = 10856691
miss_count = 13

class_accuracy = 100.0%   99.999%   


confusion_matrix = 
8671768	 12	 
1	 2184923	 



TESTING result
accuracy   = 99.722 [%]
hit_count  = 108497
miss_count = 303

class_accuracy = 99.998%   99.532%   


confusion_matrix = 
43803	 303	 
0	 64694	 




18 99.99986183652055 99.83823529411765 6.6462155e-05 0.009176688 0.000103540595 0.0016726531 52.72 





=================================================
new best net in 18
TRAINING result
accuracy   = 100.0 [%]
hit_count  = 10856689
miss_count = 15

class_accuracy = 100.0%   99.999%   


confusion_matrix = 
8673210	 13	 
2	 2183479	 



TESTING result
accuracy   = 99.838 [%]
hit_count  = 108624
miss_count = 176

class_accuracy = 99.998%   99.727%   


confusion_matrix = 
44022	 176	 
0	 64602	 




19 99.9999355237096 99.92003676470588 5.316997e-05 0.006609839 5.272114e-05 0.0013044322 50.44 





=================================================
new best net in 19
TRAINING result
accuracy   = 100.0 [%]
hit_count  = 10856697
miss_count = 7

class_accuracy = 100.0%   100.0%   


confusion_matrix = 
8669821	 7	 
0	 2186876	 



TESTING result
accuracy   = 99.92 [%]
hit_count  = 108713
miss_count = 87

class_accuracy = 99.998%   99.865%   


confusion_matrix = 
43571	 87	 
0	 65142	 




20 99.99994473460822 99.95220588235294 4.6454003e-05 0.0059812265 6.577322e-05 0.0012055155 49.78 





=================================================
new best net in 20
TRAINING result
accuracy   = 100.0 [%]
hit_count  = 10856698
miss_count = 6

class_accuracy = 100.0%   100.0%   


confusion_matrix = 
8672195	 3	 
3	 2184503	 



TESTING result
accuracy   = 99.952 [%]
hit_count  = 108748
miss_count = 52

class_accuracy = 99.998%   99.918%   


confusion_matrix = 
43992	 52	 
0	 64756	 




21 99.99998157820274 99.97610294117646 3.9416256e-05 0.004502278 4.7157435e-05 0.0009609068 48.93 





=================================================
new best net in 21
TRAINING result
accuracy   = 100.0 [%]
hit_count  = 10856702
miss_count = 2

class_accuracy = 100.0%   100.0%   


confusion_matrix = 
8671964	 2	 
0	 2184738	 



TESTING result
accuracy   = 99.976 [%]
hit_count  = 108774
miss_count = 26

class_accuracy = 99.998%   99.958%   


confusion_matrix = 
43773	 26	 
0	 65001	 




22 99.99991710191233 99.97334558823529 3.687678e-05 0.0041515464 6.99914e-05 0.00095847994 48.07 

23 99.99996315640549 99.97610294117646 3.3258515e-05 0.004584023 5.388585e-05 0.0010301216 47.4 

24 99.99998157820274 99.9623161764706 2.9849194e-05 0.0036079357 4.2827112e-05 0.0009217683 46.69 

25 99.99998157820274 99.97058823529412 2.7202528e-05 0.0034106355 4.0996485e-05 0.0008669635 45.96 

26 99.99999078910137 99.9779411764706 2.4609426e-05 0.0032230506 3.7153422e-05 0.0008247605 45.29 





=================================================
new best net in 26
TRAINING result
accuracy   = 100.0 [%]
hit_count  = 10856703
miss_count = 1

class_accuracy = 100.0%   100.0%   


confusion_matrix = 
8670606	 0	 
1	 2186097	 



TESTING result
accuracy   = 99.978 [%]
hit_count  = 108776
miss_count = 24

class_accuracy = 99.998%   99.962%   


confusion_matrix = 
43770	 24	 
0	 65006	 




27 99.99999078910137 99.96323529411765 2.2897557e-05 0.0036562039 4.222707e-05 0.0009967403 44.72 

28 100.0 99.96323529411765 2.0656275e-05 0.0037027842 2.7694203e-05 0.0009884028 44.09 

29 99.99999078910137 99.9751838235294 1.9726418e-05 0.0036059087 3.5083805e-05 0.00092977384 43.47 

30 99.99997236730411 99.96507352941177 1.923564e-05 0.003313729 4.239028e-05 0.00090620667 42.83 

31 99.9999355237096 99.97702205882354 1.936718e-05 0.0030242035 5.035182e-05 0.0008661324 42.24 

32 99.99997236730411 99.97150735294117 1.7342112e-05 0.003410179 3.655741e-05 0.0009876969 41.53 

33 99.99997236730411 99.94577205882354 1.8260089e-05 0.0036941918 5.1221148e-05 0.0010666944 40.9 

34 100.0 99.95036764705883 1.6975859e-05 0.0038961982 3.822594e-05 0.0010530789 40.3 

35 99.99992631281096 99.984375 1.6586691e-05 0.0027475914 4.956108e-05 0.00076593575 39.58 





=================================================
new best net in 35
TRAINING result
accuracy   = 100.0 [%]
hit_count  = 10856696
miss_count = 8

class_accuracy = 100.0%   100.0%   


confusion_matrix = 
8674155	 5	 
3	 2182541	 



TESTING result
accuracy   = 99.984 [%]
hit_count  = 108783
miss_count = 17

class_accuracy = 99.998%   99.972%   


confusion_matrix = 
43753	 17	 
0	 65030	 




36 99.99999078910137 99.95863970588235 1.5644186e-05 0.0037511184 3.4200744e-05 0.0010050405 38.86 

37 99.99996315640549 99.98529411764706 1.5831822e-05 0.002643889 4.71438e-05 0.00072931737 38.08 





=================================================
new best net in 37
TRAINING result
accuracy   = 100.0 [%]
hit_count  = 10856700
miss_count = 4

class_accuracy = 100.0%   100.0%   


confusion_matrix = 
8671289	 3	 
1	 2185411	 



TESTING result
accuracy   = 99.985 [%]
hit_count  = 108784
miss_count = 16

class_accuracy = 99.998%   99.974%   


confusion_matrix = 
43655	 16	 
0	 65129	 




38 99.99998157820274 99.95863970588235 1.46887705e-05 0.0035530743 3.572907e-05 0.00094367564 37.42 

39 99.99997236730411 99.97426470588235 1.4734424e-05 0.0027467818 3.831794e-05 0.0008203122 36.6 

40 99.99999078910137 99.98713235294117 1.4418465e-05 0.0020582797 3.7501763e-05 0.0006897334 35.82 





=================================================
new best net in 40
TRAINING result
accuracy   = 100.0 [%]
hit_count  = 10856703
miss_count = 1

class_accuracy = 100.0%   100.0%   


confusion_matrix = 
8668915	 1	 
0	 2187788	 



TESTING result
accuracy   = 99.987 [%]
hit_count  = 108786
miss_count = 14

class_accuracy = 99.998%   99.977%   


confusion_matrix = 
44016	 14	 
0	 64770	 




41 99.99998157820274 99.97242647058823 1.4097012e-05 0.0034708595 3.7752226e-05 0.0008863255 35.13 

42 99.99998157820274 99.9935661764706 1.3614562e-05 0.002276823 3.141066e-05 0.0006787709 34.52 





=================================================
new best net in 42
TRAINING result
accuracy   = 100.0 [%]
hit_count  = 10856702
miss_count = 2

class_accuracy = 100.0%   100.0%   


confusion_matrix = 
8670524	 1	 
1	 2186178	 



TESTING result
accuracy   = 99.994 [%]
hit_count  = 108793
miss_count = 7

class_accuracy = 99.998%   99.988%   


confusion_matrix = 
44239	 7	 
0	 64554	 




43 99.99999078910137 99.96691176470588 1.3741995e-05 0.0034341589 3.7336787e-05 0.0009133241 33.77 

44 99.99999078910137 99.98253676470588 1.3276857e-05 0.002976174 3.0345638e-05 0.00082288723 33.15 

45 100.0 99.98897058823529 1.3012786e-05 0.0024459537 2.771289e-05 0.00073466124 32.47 

46 99.99994473460822 99.97610294117646 1.3236824e-05 0.002643707 3.7567537e-05 0.00081169757 31.75 

47 99.99997236730411 99.984375 1.3110731e-05 0.0030356457 3.9077335e-05 0.00079035934 31.16 

48 99.99998157820274 99.97886029411765 1.28731135e-05 0.0028389923 3.451189e-05 0.00081313826 30.54 

49 99.99997236730411 99.98897058823529 1.2779899e-05 0.002660386 3.132945e-05 0.0007067383 29.94 

50 99.99997236730411 99.98805147058823 1.2714367e-05 0.0022806008 3.507886e-05 0.0006733725 29.29 

51 100.0 99.99448529411765 1.2145353e-05 0.0023731352 2.3960883e-05 0.000709569 28.64 





=================================================
new best net in 51
TRAINING result
accuracy   = 100.0 [%]
hit_count  = 10856704
miss_count = 0

class_accuracy = 100.0%   100.0%   


confusion_matrix = 
8670300	 0	 
0	 2186404	 



TESTING result
accuracy   = 99.994 [%]
hit_count  = 108794
miss_count = 6

class_accuracy = 99.998%   99.989%   


confusion_matrix = 
43624	 6	 
0	 65170	 




52 99.99999078910137 100.0 1.1578729e-05 0.0017269487 2.1020054e-05 0.0005104379 28.02 





=================================================
new best net in 52
TRAINING result
accuracy   = 100.0 [%]
hit_count  = 10856703
miss_count = 1

class_accuracy = 100.0%   100.0%   


confusion_matrix = 
8671264	 1	 
0	 2185439	 



TESTING result
accuracy   = 100.0 [%]
hit_count  = 108800
miss_count = 0

class_accuracy = 99.998%   99.998%   


confusion_matrix = 
43972	 0	 
0	 64828	 




53 99.99998157820274 99.98253676470588 1.2322476e-05 0.0027884506 3.456947e-05 0.00078947947 27.45 

54 99.99997236730411 99.98621323529412 1.2140935e-05 0.0026262235 2.7848302e-05 0.00078002625 26.85 

55 99.99998157820274 99.9935661764706 1.1738159e-05 0.0022405765 3.174394e-05 0.00073184277 26.18 

56 99.99992631281096 99.9935661764706 1.2875776e-05 0.0023129855 5.4095304e-05 0.0007291955 25.52 

57 99.99995394550685 99.97886029411765 1.2815493e-05 0.0025971828 4.800675e-05 0.0008655143 24.82 

58 99.99999078910137 99.98529411764706 1.2368563e-05 0.0021434184 3.617017e-05 0.00070832594 24.09 

59 99.99997236730411 99.9751838235294 1.14454615e-05 0.002459307 3.450076e-05 0.0007528228 23.46 

60 99.99998157820274 99.98713235294117 1.1389469e-05 0.0024441674 2.888651e-05 0.00076271134 22.88 

61 99.99999078910137 99.97977941176471 1.1504072e-05 0.0023860985 3.0262443e-05 0.0008170039 22.35 

62 99.99998157820274 99.98069852941177 1.1676394e-05 0.0028992787 3.1494576e-05 0.0008616185 21.87 

63 99.99996315640549 99.97058823529412 1.1169763e-05 0.0031497078 3.337303e-05 0.00085968117 21.5 

64 99.99999078910137 99.99908088235294 1.109423e-05 0.0010138463 2.4227122e-05 0.0004370117 20.82 

65 99.99994473460822 99.99724264705883 1.1807006e-05 0.0023250321 4.1614825e-05 0.00068339054 20.12 

66 99.9999355237096 99.99632352941177 1.1636904e-05 0.0019497175 5.069694e-05 0.00060078816 18.73 

67 99.99999078910137 99.99632352941177 1.1014593e-05 0.0019132847 2.2862749e-05 0.0006627476 17.3 

68 99.99997236730411 99.98805147058823 1.1203646e-05 0.00214117 3.1130003e-05 0.00068868237 16.02 

69 99.99997236730411 99.98988970588235 1.1130466e-05 0.0023480814 3.0184676e-05 0.0007069877 14.86 

70 99.99999078910137 99.99540441176471 1.0614117e-05 0.0018835737 2.1084354e-05 0.00066356733 13.81 

71 99.99997236730411 99.99448529411765 1.1247657e-05 0.0022556493 3.2345935e-05 0.0007072002 12.85 

72 99.99996315640549 99.99264705882354 1.1062745e-05 0.0026271888 3.2957552e-05 0.00076673506 11.97 

73 99.99996315640549 99.99724264705883 1.1245768e-05 0.002427017 3.612774e-05 0.0007257412 11.17 

74 99.99997236730411 99.99632352941177 1.0701558e-05 0.0021952968 3.4097025e-05 0.0006787923 10.44 

75 99.99996315640549 99.99264705882354 1.095352e-05 0.0023595188 3.4564888e-05 0.0006988132 9.75 

76 100.0 99.99172794117646 1.1056926e-05 0.0021521759 2.93131e-05 0.00069370086 9.12 

77 99.99999078910137 99.99448529411765 1.0543647e-05 0.0022158306 2.3095106e-05 0.0006949419 8.54 

78 99.99999078910137 99.98713235294117 1.0877055e-05 0.002387117 2.75376e-05 0.0007146637 7.98 

79 99.99999078910137 99.99816176470588 1.0879809e-05 0.0018940463 3.075462e-05 0.0006506092 7.47 

80 99.99998157820274 99.97886029411765 1.07977e-05 0.0026840358 3.342517e-05 0.0008331777 6.98 

81 99.99999078910137 99.99816176470588 1.0731864e-05 0.002104367 2.8486116e-05 0.00063797156 6.51 

82 99.99998157820274 99.99172794117646 1.05265835e-05 0.0017679924 3.1470907e-05 0.00060085853 6.07 

83 99.99998157820274 99.99540441176471 1.0485448e-05 0.002257692 2.6671754e-05 0.0007025691 5.65 

84 99.99999078910137 99.99724264705883 1.0858417e-05 0.0017588721 3.0675157e-05 0.0006027901 5.25 

85 99.9999355237096 99.99632352941177 1.1276537e-05 0.0020120046 5.549877e-05 0.0006630408 4.86 

86 99.99999078910137 99.99816176470588 1.0427729e-05 0.002013537 2.6689182e-05 0.00067355786 4.49 

87 99.99997236730411 99.99632352941177 1.02888125e-05 0.0021759265 2.81516e-05 0.0007044342 4.12 

88 99.99997236730411 99.99816176470588 1.05173285e-05 0.00225325 3.2581054e-05 0.00072079356 3.77 

89 99.99997236730411 99.99264705882354 1.0531767e-05 0.0021845663 3.657973e-05 0.00069776946 3.43 

90 99.99994473460822 99.98529411764706 1.0460945e-05 0.0025749013 3.6058707e-05 0.0007432939 3.09 

91 99.99996315640549 99.99264705882354 1.0764544e-05 0.0020625787 4.2244676e-05 0.00071730214 2.77 

92 99.99997236730411 99.99816176470588 1.0558701e-05 0.0019803839 3.2086147e-05 0.000661 2.45 

93 99.99996315640549 99.99724264705883 1.0591033e-05 0.0016994154 3.4940538e-05 0.0006194777 2.13 

94 100.0 99.99908088235294 1.0307213e-05 0.0019489831 2.817096e-05 0.0006759914 1.82 

95 100.0 99.9908088235294 1.0121476e-05 0.0021252271 2.3729583e-05 0.00067992765 1.51 

96 99.99996315640549 99.99908088235294 1.0039951e-05 0.0017509246 3.307399e-05 0.00059978024 1.2 

97 99.99999078910137 99.99264705882354 1.0661036e-05 0.0020754305 3.3597094e-05 0.00067157415 0.9 

98 99.99998157820274 99.99632352941177 9.955885e-06 0.0021366836 2.1170921e-05 0.0007045049 0.59 

99 99.99995394550685 99.99724264705883 1.0785481e-05 0.0021135467 4.263627e-05 0.0006258151 0.3 

