loading  /home/jasencakova/dataset/cells/priamy_kanal/sim_2xKSin1_DE_hct15_seed4_rigid31_7/rbc0_sim_2xKSin1_DE_hct15_seed4_rigid31_7.dat
shape =  (18, 603)
603
loading  /home/jasencakova/dataset/cells/priamy_kanal/sim_2xKSin1_DE_hct15_seed4_rigid31_7/rbc1_sim_2xKSin1_DE_hct15_seed4_rigid31_7.dat
shape =  (18, 603)
603
loading  /home/jasencakova/dataset/cells/priamy_kanal/sim_2xKSin1_DE_hct15_seed4_rigid31_7/rbc2_sim_2xKSin1_DE_hct15_seed4_rigid31_7.dat
shape =  (18, 603)
603
loading  /home/jasencakova/dataset/cells/priamy_kanal/sim_2xKSin1_DE_hct15_seed4_rigid31_7/rbc3_sim_2xKSin1_DE_hct15_seed4_rigid31_7.dat
shape =  (18, 603)
603
loading  /home/jasencakova/dataset/cells/priamy_kanal/sim_2xKSin1_DE_hct15_seed4_rigid31_7/rbc4_sim_2xKSin1_DE_hct15_seed4_rigid31_7.dat
shape =  (18, 603)
603
loading  /home/jasencakova/dataset/cells/priamy_kanal/sim_2xKSin1_DE_hct15_seed4_rigid31_7/rbc5_sim_2xKSin1_DE_hct15_seed4_rigid31_7.dat
shape =  (18, 603)
603
loading  /home/jasencakova/dataset/cells/priamy_kanal/sim_2xKSin1_DE_hct15_seed4_rigid31_7/rbc6_sim_2xKSin1_DE_hct15_seed4_rigid31_7.dat
shape =  (18, 603)
603
loading  /home/jasencakova/dataset/cells/priamy_kanal/sim_2xKSin1_DE_hct15_seed4_rigid31_7/rbc7_sim_2xKSin1_DE_hct15_seed4_rigid31_7.dat
shape =  (18, 603)
603
loading  /home/jasencakova/dataset/cells/priamy_kanal/sim_2xKSin1_DE_hct15_seed4_rigid31_7/rbc8_sim_2xKSin1_DE_hct15_seed4_rigid31_7.dat
shape =  (18, 603)
603
loading  /home/jasencakova/dataset/cells/priamy_kanal/sim_2xKSin1_DE_hct15_seed4_rigid31_7/rbc9_sim_2xKSin1_DE_hct15_seed4_rigid31_7.dat
shape =  (18, 603)
603
loading  /home/jasencakova/dataset/cells/priamy_kanal/sim_2xKSin1_DE_hct15_seed4_rigid31_7/rbc10_sim_2xKSin1_DE_hct15_seed4_rigid31_7.dat
shape =  (18, 603)
603
loading  /home/jasencakova/dataset/cells/priamy_kanal/sim_2xKSin1_DE_hct15_seed4_rigid31_7/rbc11_sim_2xKSin1_DE_hct15_seed4_rigid31_7.dat
shape =  (18, 603)
603
loading  /home/jasencakova/dataset/cells/priamy_kanal/sim_2xKSin1_DE_hct15_seed4_rigid31_7/rbc12_sim_2xKSin1_DE_hct15_seed4_rigid31_7.dat
shape =  (18, 603)
603
loading  /home/jasencakova/dataset/cells/priamy_kanal/sim_2xKSin1_DE_hct15_seed4_rigid31_7/rbc13_sim_2xKSin1_DE_hct15_seed4_rigid31_7.dat
shape =  (18, 603)
603
loading  /home/jasencakova/dataset/cells/priamy_kanal/sim_2xKSin1_DE_hct15_seed4_rigid31_7/rbc14_sim_2xKSin1_DE_hct15_seed4_rigid31_7.dat
shape =  (18, 603)
603
loading  /home/jasencakova/dataset/cells/priamy_kanal/sim_2xKSin1_DE_hct15_seed4_rigid31_7/rbc15_sim_2xKSin1_DE_hct15_seed4_rigid31_7.dat
shape =  (18, 603)
603
loading  /home/jasencakova/dataset/cells/priamy_kanal/sim_2xKSin1_DE_hct15_seed4_rigid31_7/rbc16_sim_2xKSin1_DE_hct15_seed4_rigid31_7.dat
shape =  (18, 603)
603
loading  /home/jasencakova/dataset/cells/priamy_kanal/sim_2xKSin1_DE_hct15_seed4_rigid31_7/rbc17_sim_2xKSin1_DE_hct15_seed4_rigid31_7.dat
shape =  (18, 603)
603
loading  /home/jasencakova/dataset/cells/priamy_kanal/sim_2xKSin1_DE_hct15_seed4_rigid31_7/rbc18_sim_2xKSin1_DE_hct15_seed4_rigid31_7.dat
shape =  (18, 603)
603
loading  /home/jasencakova/dataset/cells/priamy_kanal/sim_2xKSin1_DE_hct15_seed4_rigid31_7/rbc19_sim_2xKSin1_DE_hct15_seed4_rigid31_7.dat
shape =  (18, 603)
603
loading  /home/jasencakova/dataset/cells/priamy_kanal/sim_2xKSin1_DE_hct15_seed4_rigid31_7/rbc20_sim_2xKSin1_DE_hct15_seed4_rigid31_7.dat
shape =  (18, 603)
603
loading  /home/jasencakova/dataset/cells/priamy_kanal/sim_2xKSin1_DE_hct15_seed4_rigid31_7/rbc21_sim_2xKSin1_DE_hct15_seed4_rigid31_7.dat
shape =  (18, 603)
603
loading  /home/jasencakova/dataset/cells/priamy_kanal/sim_2xKSin1_DE_hct15_seed4_rigid31_7/rbc22_sim_2xKSin1_DE_hct15_seed4_rigid31_7.dat
shape =  (18, 603)
603
loading  /home/jasencakova/dataset/cells/priamy_kanal/sim_2xKSin1_DE_hct15_seed4_rigid31_7/rbc23_sim_2xKSin1_DE_hct15_seed4_rigid31_7.dat
shape =  (18, 603)
603
loading  /home/jasencakova/dataset/cells/priamy_kanal/sim_2xKSin1_DE_hct15_seed4_rigid31_7/rbc24_sim_2xKSin1_DE_hct15_seed4_rigid31_7.dat
shape =  (18, 603)
603
loading  /home/jasencakova/dataset/cells/priamy_kanal/sim_2xKSin1_DE_hct15_seed4_rigid31_7/rbc25_sim_2xKSin1_DE_hct15_seed4_rigid31_7.dat
shape =  (18, 603)
603
loading  /home/jasencakova/dataset/cells/priamy_kanal/sim_2xKSin1_DE_hct15_seed4_rigid31_7/rbc26_sim_2xKSin1_DE_hct15_seed4_rigid31_7.dat
shape =  (18, 603)
603
loading  /home/jasencakova/dataset/cells/priamy_kanal/sim_2xKSin1_DE_hct15_seed4_rigid31_7/rbc27_sim_2xKSin1_DE_hct15_seed4_rigid31_7.dat
shape =  (18, 603)
603
loading  /home/jasencakova/dataset/cells/priamy_kanal/sim_2xKSin1_DE_hct15_seed4_rigid31_7/rbc28_sim_2xKSin1_DE_hct15_seed4_rigid31_7.dat
shape =  (18, 603)
603
loading  /home/jasencakova/dataset/cells/priamy_kanal/sim_2xKSin1_DE_hct15_seed4_rigid31_7/rbc29_sim_2xKSin1_DE_hct15_seed4_rigid31_7.dat
shape =  (18, 603)
603
loading  /home/jasencakova/dataset/cells/priamy_kanal/sim_2xKSin1_DE_hct15_seed4_rigid31_7/rbc30_sim_2xKSin1_DE_hct15_seed4_rigid31_7.dat
shape =  (18, 603)
603
loading  /home/jasencakova/dataset/cells/priamy_kanal/sim_2xKSin1_DE_hct15_seed4_rigid31_7/rbc31_sim_2xKSin1_DE_hct15_seed4_rigid31_7.dat
shape =  (18, 603)
603
loading  /home/jasencakova/dataset/cells/priamy_kanal/sim_2xKSin1_DE_hct15_seed4_rigid31_7/rbc32_sim_2xKSin1_DE_hct15_seed4_rigid31_7.dat
shape =  (18, 603)
603
loading  /home/jasencakova/dataset/cells/priamy_kanal/sim_2xKSin1_DE_hct15_seed4_rigid31_7/rbc33_sim_2xKSin1_DE_hct15_seed4_rigid31_7.dat
shape =  (18, 603)
603
loading  /home/jasencakova/dataset/cells/priamy_kanal/sim_2xKSin1_DE_hct15_seed4_rigid31_7/rbc34_sim_2xKSin1_DE_hct15_seed4_rigid31_7.dat
shape =  (18, 603)
603
loading  /home/jasencakova/dataset/cells/priamy_kanal/sim_2xKSin1_DE_hct15_seed4_rigid31_7/rbc35_sim_2xKSin1_DE_hct15_seed4_rigid31_7.dat
shape =  (18, 603)
603
loading  /home/jasencakova/dataset/cells/priamy_kanal/sim_2xKSin1_DE_hct15_seed4_rigid31_7/rbc36_sim_2xKSin1_DE_hct15_seed4_rigid31_7.dat
shape =  (18, 603)
603
loading  /home/jasencakova/dataset/cells/priamy_kanal/sim_2xKSin1_DE_hct15_seed4_rigid31_7/rbc37_sim_2xKSin1_DE_hct15_seed4_rigid31_7.dat
shape =  (18, 603)
603
loading  /home/jasencakova/dataset/cells/priamy_kanal/sim_2xKSin1_DE_hct15_seed4_rigid31_7/rbc38_sim_2xKSin1_DE_hct15_seed4_rigid31_7.dat
shape =  (18, 603)
603
loading  /home/jasencakova/dataset/cells/priamy_kanal/sim_2xKSin1_DE_hct15_seed4_rigid31_7/rbc39_sim_2xKSin1_DE_hct15_seed4_rigid31_7.dat
shape =  (18, 603)
603
loading  /home/jasencakova/dataset/cells/priamy_kanal/sim_2xKSin1_DE_hct15_seed4_rigid31_7/rbc40_sim_2xKSin1_DE_hct15_seed4_rigid31_7.dat
shape =  (18, 603)
603
loading  /home/jasencakova/dataset/cells/priamy_kanal/sim_2xKSin1_DE_hct15_seed4_rigid31_7/rbc41_sim_2xKSin1_DE_hct15_seed4_rigid31_7.dat
shape =  (18, 603)
603
loading  /home/jasencakova/dataset/cells/priamy_kanal/sim_2xKSin1_DE_hct15_seed4_rigid31_7/rbc42_sim_2xKSin1_DE_hct15_seed4_rigid31_7.dat
shape =  (18, 603)
603
loading  /home/jasencakova/dataset/cells/priamy_kanal/sim_2xKSin1_DE_hct15_seed4_rigid31_7/rbc43_sim_2xKSin1_DE_hct15_seed4_rigid31_7.dat
shape =  (18, 603)
603
loading  /home/jasencakova/dataset/cells/priamy_kanal/sim_2xKSin1_DE_hct15_seed4_rigid31_7/rbc44_sim_2xKSin1_DE_hct15_seed4_rigid31_7.dat
shape =  (18, 603)
603
loading  /home/jasencakova/dataset/cells/priamy_kanal/sim_2xKSin1_DE_hct15_seed4_rigid31_7/rbc45_sim_2xKSin1_DE_hct15_seed4_rigid31_7.dat
shape =  (18, 603)
603
loading  /home/jasencakova/dataset/cells/priamy_kanal/sim_2xKSin1_DE_hct15_seed4_rigid31_7/rbc46_sim_2xKSin1_DE_hct15_seed4_rigid31_7.dat
shape =  (18, 603)
603
loading  /home/jasencakova/dataset/cells/priamy_kanal/sim_2xKSin1_DE_hct15_seed4_rigid31_7/rbc47_sim_2xKSin1_DE_hct15_seed4_rigid31_7.dat
shape =  (18, 603)
603
loading  /home/jasencakova/dataset/cells/priamy_kanal/sim_2xKSin1_DE_hct15_seed4_rigid31_7/rbc48_sim_2xKSin1_DE_hct15_seed4_rigid31_7.dat
shape =  (18, 603)
603
loading  /home/jasencakova/dataset/cells/priamy_kanal/sim_2xKSin1_DE_hct15_seed4_rigid31_7/rbc49_sim_2xKSin1_DE_hct15_seed4_rigid31_7.dat
shape =  (18, 603)
603
loading  /home/jasencakova/dataset/cells/priamy_kanal/sim_2xKSin1_DE_hct15_seed4_rigid31_7/rbc50_sim_2xKSin1_DE_hct15_seed4_rigid31_7.dat
shape =  (18, 603)
603
loading  /home/jasencakova/dataset/cells/priamy_kanal/sim_2xKSin1_DE_hct15_seed4_rigid31_7/rbc51_sim_2xKSin1_DE_hct15_seed4_rigid31_7.dat
shape =  (18, 603)
603
loading  /home/jasencakova/dataset/cells/priamy_kanal/sim_2xKSin1_DE_hct15_seed4_rigid31_7/rbc52_sim_2xKSin1_DE_hct15_seed4_rigid31_7.dat
shape =  (18, 603)
603
loading  /home/jasencakova/dataset/cells/priamy_kanal/sim_2xKSin1_DE_hct15_seed4_rigid31_7/rbc53_sim_2xKSin1_DE_hct15_seed4_rigid31_7.dat
shape =  (18, 603)
603
loading  /home/jasencakova/dataset/cells/priamy_kanal/sim_2xKSin1_DE_hct15_seed4_rigid31_7/rbc54_sim_2xKSin1_DE_hct15_seed4_rigid31_7.dat
shape =  (18, 603)
603
loading  /home/jasencakova/dataset/cells/priamy_kanal/sim_2xKSin1_DE_hct15_seed4_rigid31_7/rbc55_sim_2xKSin1_DE_hct15_seed4_rigid31_7.dat
shape =  (18, 603)
603
loading  /home/jasencakova/dataset/cells/priamy_kanal/sim_2xKSin1_DE_hct15_seed4_rigid31_7/rbc56_sim_2xKSin1_DE_hct15_seed4_rigid31_7.dat
shape =  (18, 603)
603
loading  /home/jasencakova/dataset/cells/priamy_kanal/sim_2xKSin1_DE_hct15_seed4_rigid31_7/rbc57_sim_2xKSin1_DE_hct15_seed4_rigid31_7.dat
shape =  (18, 603)
603
loading  /home/jasencakova/dataset/cells/priamy_kanal/sim_2xKSin1_DE_hct15_seed4_rigid31_7/rbc58_sim_2xKSin1_DE_hct15_seed4_rigid31_7.dat
shape =  (18, 603)
603
loading  /home/jasencakova/dataset/cells/priamy_kanal/sim_2xKSin1_DE_hct15_seed4_rigid31_7/rbc59_sim_2xKSin1_DE_hct15_seed4_rigid31_7.dat
shape =  (18, 603)
603
loading  /home/jasencakova/dataset/cells/priamy_kanal/sim_2xKSin1_DE_hct15_seed4_rigid31_7/rbc60_sim_2xKSin1_DE_hct15_seed4_rigid31_7.dat
shape =  (18, 603)
603
loading  /home/jasencakova/dataset/cells/priamy_kanal/sim_2xKSin1_DE_hct15_seed4_rigid31_7/rbc61_sim_2xKSin1_DE_hct15_seed4_rigid31_7.dat
shape =  (18, 603)
603
loading  /home/jasencakova/dataset/cells/priamy_kanal/sim_2xKSin1_DE_hct15_seed4_rigid31_7/rbc62_sim_2xKSin1_DE_hct15_seed4_rigid31_7.dat
shape =  (18, 603)
603
loading  /home/jasencakova/dataset/cells/priamy_kanal/sim_2xKSin1_DE_hct15_seed4_rigid31_7/rbc63_sim_2xKSin1_DE_hct15_seed4_rigid31_7.dat
shape =  (18, 603)
603
loading  /home/jasencakova/dataset/cells/priamy_kanal/sim_2xKSin1_DE_hct15_seed4_rigid31_7/rbc64_sim_2xKSin1_DE_hct15_seed4_rigid31_7.dat
shape =  (18, 603)
603
loading  /home/jasencakova/dataset/cells/priamy_kanal/sim_2xKSin1_DE_hct15_seed4_rigid31_7/rbc65_sim_2xKSin1_DE_hct15_seed4_rigid31_7.dat
shape =  (18, 603)
603
loading  /home/jasencakova/dataset/cells/priamy_kanal/sim_2xKSin1_DE_hct15_seed4_rigid31_7/rbc66_sim_2xKSin1_DE_hct15_seed4_rigid31_7.dat
shape =  (18, 603)
603
loading  /home/jasencakova/dataset/cells/priamy_kanal/sim_2xKSin1_DE_hct15_seed4_rigid31_7/rbc67_sim_2xKSin1_DE_hct15_seed4_rigid31_7.dat
shape =  (18, 603)
603
loading  /home/jasencakova/dataset/cells/priamy_kanal/sim_2xKSin1_DE_hct15_seed4_rigid31_7/rbc68_sim_2xKSin1_DE_hct15_seed4_rigid31_7.dat
shape =  (18, 603)
603
loading  /home/jasencakova/dataset/cells/priamy_kanal/sim_2xKSin1_DE_hct15_seed4_rigid31_7/rbc69_sim_2xKSin1_DE_hct15_seed4_rigid31_7.dat
shape =  (18, 603)
603
loading  /home/jasencakova/dataset/cells/priamy_kanal/sim_2xKSin1_DE_hct15_seed4_rigid31_7/rbc70_sim_2xKSin1_DE_hct15_seed4_rigid31_7.dat
shape =  (18, 603)
603
loading  /home/jasencakova/dataset/cells/priamy_kanal/sim_2xKSin1_DE_hct15_seed4_rigid31_7/rbc71_sim_2xKSin1_DE_hct15_seed4_rigid31_7.dat
shape =  (18, 603)
603
loading  /home/jasencakova/dataset/cells/priamy_kanal/sim_2xKSin1_DE_hct15_seed4_rigid31_7/rbc72_sim_2xKSin1_DE_hct15_seed4_rigid31_7.dat
shape =  (18, 603)
603
loading  /home/jasencakova/dataset/cells/priamy_kanal/sim_2xKSin1_DE_hct15_seed4_rigid31_7/rbc73_sim_2xKSin1_DE_hct15_seed4_rigid31_7.dat
shape =  (18, 603)
603
loading  /home/jasencakova/dataset/cells/priamy_kanal/sim_2xKSin1_DE_hct15_seed4_rigid31_7/rbc74_sim_2xKSin1_DE_hct15_seed4_rigid31_7.dat
shape =  (18, 603)
603
loading  /home/jasencakova/dataset/cells/priamy_kanal/sim_2xKSin1_DE_hct15_seed4_rigid31_7/rbc75_sim_2xKSin1_DE_hct15_seed4_rigid31_7.dat
shape =  (18, 603)
603
loading  /home/jasencakova/dataset/cells/priamy_kanal/sim_2xKSin1_DE_hct15_seed4_rigid31_7/rbc76_sim_2xKSin1_DE_hct15_seed4_rigid31_7.dat
shape =  (18, 603)
603
loading  /home/jasencakova/dataset/cells/priamy_kanal/sim_2xKSin1_DE_hct15_seed4_rigid31_7/rbc77_sim_2xKSin1_DE_hct15_seed4_rigid31_7.dat
shape =  (18, 603)
603
loading  /home/jasencakova/dataset/cells/priamy_kanal/sim_2xKSin1_DE_hct15_seed4_rigid31_7/rbc78_sim_2xKSin1_DE_hct15_seed4_rigid31_7.dat
shape =  (18, 603)
603
loading  /home/jasencakova/dataset/cells/priamy_kanal/sim_2xKSin1_DE_hct15_seed4_rigid31_7/rbc79_sim_2xKSin1_DE_hct15_seed4_rigid31_7.dat
shape =  (18, 603)
603
loading  /home/jasencakova/dataset/cells/priamy_kanal/sim_2xKSin1_DE_hct15_seed4_rigid31_7/rbc80_sim_2xKSin1_DE_hct15_seed4_rigid31_7.dat
shape =  (18, 603)
603
loading  /home/jasencakova/dataset/cells/priamy_kanal/sim_2xKSin1_DE_hct15_seed4_rigid31_7/rbc81_sim_2xKSin1_DE_hct15_seed4_rigid31_7.dat
shape =  (18, 603)
603
loading  /home/jasencakova/dataset/cells/priamy_kanal/sim_2xKSin1_DE_hct15_seed4_rigid31_7/rbc82_sim_2xKSin1_DE_hct15_seed4_rigid31_7.dat
shape =  (18, 603)
603
loading  /home/jasencakova/dataset/cells/priamy_kanal/sim_2xKSin1_DE_hct15_seed4_rigid31_7/rbc83_sim_2xKSin1_DE_hct15_seed4_rigid31_7.dat
shape =  (18, 603)
603
loading  /home/jasencakova/dataset/cells/priamy_kanal/sim_2xKSin1_DE_hct15_seed4_rigid31_7/rbc84_sim_2xKSin1_DE_hct15_seed4_rigid31_7.dat
shape =  (18, 603)
603
loading  /home/jasencakova/dataset/cells/priamy_kanal/sim_2xKSin1_DE_hct15_seed4_rigid31_7/rbc85_sim_2xKSin1_DE_hct15_seed4_rigid31_7.dat
shape =  (18, 603)
603
loading  /home/jasencakova/dataset/cells/priamy_kanal/sim_2xKSin1_DE_hct15_seed4_rigid31_7/rbc86_sim_2xKSin1_DE_hct15_seed4_rigid31_7.dat
shape =  (18, 603)
603
loading  /home/jasencakova/dataset/cells/priamy_kanal/sim_2xKSin1_DE_hct15_seed4_rigid31_7/rbc87_sim_2xKSin1_DE_hct15_seed4_rigid31_7.dat
shape =  (18, 603)
603
loading  /home/jasencakova/dataset/cells/priamy_kanal/sim_2xKSin1_DE_hct15_seed4_rigid31_7/rbc88_sim_2xKSin1_DE_hct15_seed4_rigid31_7.dat
shape =  (18, 603)
603
loading  /home/jasencakova/dataset/cells/priamy_kanal/sim_2xKSin1_DE_hct15_seed4_rigid31_7/rbc89_sim_2xKSin1_DE_hct15_seed4_rigid31_7.dat
shape =  (18, 603)
603
loading  /home/jasencakova/dataset/cells/priamy_kanal/sim_2xKSin1_DE_hct15_seed4_rigid31_7/rbc90_sim_2xKSin1_DE_hct15_seed4_rigid31_7.dat
shape =  (18, 603)
603
loading  /home/jasencakova/dataset/cells/priamy_kanal/sim_2xKSin1_DE_hct15_seed4_rigid31_7/rbc91_sim_2xKSin1_DE_hct15_seed4_rigid31_7.dat
shape =  (18, 603)
603
loading  /home/jasencakova/dataset/cells/priamy_kanal/sim_2xKSin1_DE_hct15_seed4_rigid31_7/rbc92_sim_2xKSin1_DE_hct15_seed4_rigid31_7.dat
shape =  (18, 603)
603
loading  /home/jasencakova/dataset/cells/priamy_kanal/sim_2xKSin1_DE_hct15_seed4_rigid31_7/rbc93_sim_2xKSin1_DE_hct15_seed4_rigid31_7.dat
shape =  (18, 603)
603
loading  /home/jasencakova/dataset/cells/priamy_kanal/sim_2xKSin1_DE_hct15_seed4_rigid31_7/rbc94_sim_2xKSin1_DE_hct15_seed4_rigid31_7.dat
shape =  (18, 603)
603
loading  /home/jasencakova/dataset/cells/priamy_kanal/sim_2xKSin1_DE_hct15_seed4_rigid31_7/rbc95_sim_2xKSin1_DE_hct15_seed4_rigid31_7.dat
shape =  (18, 603)
603
loading  /home/jasencakova/dataset/cells/priamy_kanal/sim_2xKSin1_DE_hct15_seed4_rigid31_7/rbc96_sim_2xKSin1_DE_hct15_seed4_rigid31_7.dat
shape =  (18, 603)
603
loading  /home/jasencakova/dataset/cells/priamy_kanal/sim_2xKSin1_DE_hct15_seed4_rigid31_7/rbc97_sim_2xKSin1_DE_hct15_seed4_rigid31_7.dat
shape =  (18, 603)
603
loading  /home/jasencakova/dataset/cells/priamy_kanal/sim_2xKSin1_DE_hct15_seed4_rigid31_7/rbc98_sim_2xKSin1_DE_hct15_seed4_rigid31_7.dat
shape =  (18, 603)
603
loading  /home/jasencakova/dataset/cells/priamy_kanal/sim_2xKSin1_DE_hct15_seed4_rigid31_7/rbc99_sim_2xKSin1_DE_hct15_seed4_rigid31_7.dat
shape =  (18, 603)
603
loading  /home/jasencakova/dataset/cells/priamy_kanal/sim_2xKSin1_DE_hct15_seed4_rigid31_7/rbc100_sim_2xKSin1_DE_hct15_seed4_rigid31_7.dat
shape =  (18, 603)
603
loading  /home/jasencakova/dataset/cells/priamy_kanal/sim_2xKSin1_DE_hct15_seed4_rigid31_7/rbc101_sim_2xKSin1_DE_hct15_seed4_rigid31_7.dat
shape =  (18, 603)
603
loading  /home/jasencakova/dataset/cells/priamy_kanal/sim_2xKSin1_DE_hct15_seed4_rigid31_7/rbc102_sim_2xKSin1_DE_hct15_seed4_rigid31_7.dat
shape =  (18, 603)
603
loading  /home/jasencakova/dataset/cells/priamy_kanal/sim_2xKSin1_DE_hct15_seed4_rigid31_7/rbc103_sim_2xKSin1_DE_hct15_seed4_rigid31_7.dat
shape =  (18, 603)
603
loading  /home/jasencakova/dataset/cells/priamy_kanal/sim_2xKSin1_DE_hct15_seed4_rigid31_7/rbc104_sim_2xKSin1_DE_hct15_seed4_rigid31_7.dat
shape =  (18, 603)
603
loading  /home/jasencakova/dataset/cells/priamy_kanal/sim_2xKSin1_DE_hct15_seed4_rigid31_7/rbc105_sim_2xKSin1_DE_hct15_seed4_rigid31_7.dat
shape =  (18, 603)
603
loading  /home/jasencakova/dataset/cells/priamy_kanal/sim_2xKSin1_DE_hct15_seed4_rigid31_7/rbc106_sim_2xKSin1_DE_hct15_seed4_rigid31_7.dat
shape =  (18, 603)
603
loading  /home/jasencakova/dataset/cells/priamy_kanal/sim_2xKSin1_DE_hct15_seed4_rigid31_7/rbc107_sim_2xKSin1_DE_hct15_seed4_rigid31_7.dat
shape =  (18, 603)
603
loading  /home/jasencakova/dataset/cells/priamy_kanal/sim_2xKSin1_DE_hct15_seed4_rigid31_7/rbc108_sim_2xKSin1_DE_hct15_seed4_rigid31_7.dat
shape =  (18, 603)
603
loading  /home/jasencakova/dataset/cells/priamy_kanal/sim_2xKSin1_DE_hct15_seed4_rigid31_7/rbc109_sim_2xKSin1_DE_hct15_seed4_rigid31_7.dat
shape =  (18, 603)
603
loading  /home/jasencakova/dataset/cells/priamy_kanal/sim_2xKSin1_DE_hct15_seed4_rigid31_7/rbc110_sim_2xKSin1_DE_hct15_seed4_rigid31_7.dat
shape =  (18, 603)
603
loading  /home/jasencakova/dataset/cells/priamy_kanal/sim_2xKSin1_DE_hct15_seed4_rigid31_7/rbc111_sim_2xKSin1_DE_hct15_seed4_rigid31_7.dat
shape =  (18, 603)
603
loading  /home/jasencakova/dataset/cells/priamy_kanal/sim_2xKSin1_DE_hct15_seed4_rigid31_7/rbc112_sim_2xKSin1_DE_hct15_seed4_rigid31_7.dat
shape =  (18, 603)
603
loading  /home/jasencakova/dataset/cells/priamy_kanal/sim_2xKSin1_DE_hct15_seed4_rigid31_7/rbc113_sim_2xKSin1_DE_hct15_seed4_rigid31_7.dat
shape =  (18, 603)
603
loading  /home/jasencakova/dataset/cells/priamy_kanal/sim_2xKSin1_DE_hct15_seed4_rigid31_7/rbc114_sim_2xKSin1_DE_hct15_seed4_rigid31_7.dat
shape =  (18, 603)
603
loading  /home/jasencakova/dataset/cells/priamy_kanal/sim_2xKSin1_DE_hct15_seed4_rigid31_7/rbc115_sim_2xKSin1_DE_hct15_seed4_rigid31_7.dat
shape =  (18, 603)
603
loading  /home/jasencakova/dataset/cells/priamy_kanal/sim_2xKSin1_DE_hct15_seed4_rigid31_7/rbc116_sim_2xKSin1_DE_hct15_seed4_rigid31_7.dat
shape =  (18, 603)
603
loading  /home/jasencakova/dataset/cells/priamy_kanal/sim_2xKSin1_DE_hct15_seed4_rigid31_7/rbc117_sim_2xKSin1_DE_hct15_seed4_rigid31_7.dat
shape =  (18, 603)
603
loading  /home/jasencakova/dataset/cells/priamy_kanal/sim_2xKSin1_DE_hct15_seed4_rigid31_7/rbc118_sim_2xKSin1_DE_hct15_seed4_rigid31_7.dat
shape =  (18, 603)
603
loading  /home/jasencakova/dataset/cells/priamy_kanal/sim_2xKSin1_DE_hct15_seed4_rigid31_7/rbc119_sim_2xKSin1_DE_hct15_seed4_rigid31_7.dat
shape =  (18, 603)
603
loading  /home/jasencakova/dataset/cells/priamy_kanal/sim_2xKSin1_DE_hct15_seed4_rigid31_7/rbc120_sim_2xKSin1_DE_hct15_seed4_rigid31_7.dat
shape =  (18, 603)
603
loading  /home/jasencakova/dataset/cells/priamy_kanal/sim_2xKSin1_DE_hct15_seed4_rigid31_7/rbc121_sim_2xKSin1_DE_hct15_seed4_rigid31_7.dat
shape =  (18, 603)
603
loading  /home/jasencakova/dataset/cells/priamy_kanal/sim_2xKSin1_DE_hct15_seed4_rigid31_7/rbc122_sim_2xKSin1_DE_hct15_seed4_rigid31_7.dat
shape =  (18, 603)
603
loading  /home/jasencakova/dataset/cells/priamy_kanal/sim_2xKSin1_DE_hct15_seed4_rigid31_7/rbc123_sim_2xKSin1_DE_hct15_seed4_rigid31_7.dat
shape =  (18, 603)
603
loading  /home/jasencakova/dataset/cells/priamy_kanal/sim_2xKSin1_DE_hct15_seed4_rigid31_7/rbc124_sim_2xKSin1_DE_hct15_seed4_rigid31_7.dat
shape =  (18, 603)
603
loading  /home/jasencakova/dataset/cells/priamy_kanal/sim_2xKSin1_DE_hct15_seed4_rigid31_7/rbc125_sim_2xKSin1_DE_hct15_seed4_rigid31_7.dat
shape =  (18, 603)
603
loading  /home/jasencakova/dataset/cells/priamy_kanal/sim_2xKSin1_DE_hct15_seed4_rigid31_7/rbc126_sim_2xKSin1_DE_hct15_seed4_rigid31_7.dat
shape =  (18, 603)
603
loading  /home/jasencakova/dataset/cells/priamy_kanal/sim_2xKSin1_DE_hct15_seed4_rigid31_7/rbc127_sim_2xKSin1_DE_hct15_seed4_rigid31_7.dat
shape =  (18, 603)
603
loading  /home/jasencakova/dataset/cells/priamy_kanal/sim_2xKSin1_DE_hct15_seed4_rigid31_7/rbc128_sim_2xKSin1_DE_hct15_seed4_rigid31_7.dat
shape =  (18, 603)
603
loading  /home/jasencakova/dataset/cells/priamy_kanal/sim_2xKSin1_DE_hct15_seed4_rigid31_7/rbc129_sim_2xKSin1_DE_hct15_seed4_rigid31_7.dat
shape =  (18, 603)
603
loading  /home/jasencakova/dataset/cells/priamy_kanal/sim_2xKSin1_DE_hct15_seed4_rigid31_7/rbc130_sim_2xKSin1_DE_hct15_seed4_rigid31_7.dat
shape =  (18, 603)
603
loading  /home/jasencakova/dataset/cells/priamy_kanal/sim_2xKSin1_DE_hct15_seed4_rigid31_7/rbc131_sim_2xKSin1_DE_hct15_seed4_rigid31_7.dat
shape =  (18, 603)
603
loading  /home/jasencakova/dataset/cells/priamy_kanal/sim_2xKSin1_DE_hct15_seed4_rigid31_7/rbc132_sim_2xKSin1_DE_hct15_seed4_rigid31_7.dat
shape =  (18, 603)
603
loading  /home/jasencakova/dataset/cells/priamy_kanal/sim_2xKSin1_DE_hct15_seed4_rigid31_7/rbc133_sim_2xKSin1_DE_hct15_seed4_rigid31_7.dat
shape =  (18, 603)
603
loading  /home/jasencakova/dataset/cells/priamy_kanal/sim_2xKSin1_DE_hct15_seed4_rigid31_7/rbc134_sim_2xKSin1_DE_hct15_seed4_rigid31_7.dat
shape =  (18, 603)
603
loading  /home/jasencakova/dataset/cells/priamy_kanal/sim_2xKSin1_DE_hct15_seed4_rigid31_7/rbc135_sim_2xKSin1_DE_hct15_seed4_rigid31_7.dat
shape =  (18, 603)
603
loading  /home/jasencakova/dataset/cells/priamy_kanal/sim_2xKSin1_DE_hct15_seed4_rigid31_7/rbc136_sim_2xKSin1_DE_hct15_seed4_rigid31_7.dat
shape =  (18, 603)
603
loading  /home/jasencakova/dataset/cells/priamy_kanal/sim_2xKSin1_DE_hct15_seed4_rigid31_7/rbc137_sim_2xKSin1_DE_hct15_seed4_rigid31_7.dat
shape =  (18, 603)
603
loading  /home/jasencakova/dataset/cells/priamy_kanal/sim_2xKSin1_DE_hct15_seed4_rigid31_7/rbc138_sim_2xKSin1_DE_hct15_seed4_rigid31_7.dat
shape =  (18, 603)
603
loading  /home/jasencakova/dataset/cells/priamy_kanal/sim_2xKSin1_DE_hct15_seed4_rigid31_7/rbc139_sim_2xKSin1_DE_hct15_seed4_rigid31_7.dat
shape =  (18, 603)
603
loading  /home/jasencakova/dataset/cells/priamy_kanal/sim_2xKSin1_DE_hct15_seed4_rigid31_7/rbc140_sim_2xKSin1_DE_hct15_seed4_rigid31_7.dat
shape =  (18, 603)
603
loading  /home/jasencakova/dataset/cells/priamy_kanal/sim_2xKSin1_DE_hct15_seed4_rigid31_7/rbc141_sim_2xKSin1_DE_hct15_seed4_rigid31_7.dat
shape =  (18, 603)
603
loading  /home/jasencakova/dataset/cells/priamy_kanal/sim_2xKSin1_DE_hct15_seed4_rigid31_7/rbc142_sim_2xKSin1_DE_hct15_seed4_rigid31_7.dat
shape =  (18, 603)
603
loading  /home/jasencakova/dataset/cells/priamy_kanal/sim_2xKSin1_DE_hct15_seed4_rigid31_7/rbc143_sim_2xKSin1_DE_hct15_seed4_rigid31_7.dat
shape =  (18, 603)
603
loading  /home/jasencakova/dataset/cells/priamy_kanal/sim_2xKSin1_DE_hct15_seed4_rigid31_7/rbc144_sim_2xKSin1_DE_hct15_seed4_rigid31_7.dat
shape =  (18, 603)
603
loading  /home/jasencakova/dataset/cells/priamy_kanal/sim_2xKSin1_DE_hct15_seed4_rigid31_7/rbc145_sim_2xKSin1_DE_hct15_seed4_rigid31_7.dat
shape =  (18, 603)
603
loading  /home/jasencakova/dataset/cells/priamy_kanal/sim_2xKSin1_DE_hct15_seed4_rigid31_7/rbc146_sim_2xKSin1_DE_hct15_seed4_rigid31_7.dat
shape =  (18, 603)
603
loading  /home/jasencakova/dataset/cells/priamy_kanal/sim_2xKSin1_DE_hct15_seed4_rigid31_7/rbc147_sim_2xKSin1_DE_hct15_seed4_rigid31_7.dat
shape =  (18, 603)
603
loading  /home/jasencakova/dataset/cells/priamy_kanal/sim_2xKSin1_DE_hct15_seed4_rigid31_7/rbc148_sim_2xKSin1_DE_hct15_seed4_rigid31_7.dat
shape =  (18, 603)
603
loading  /home/jasencakova/dataset/cells/priamy_kanal/sim_2xKSin1_DE_hct15_seed4_rigid31_7/rbc149_sim_2xKSin1_DE_hct15_seed4_rigid31_7.dat
shape =  (18, 603)
603
loading  /home/jasencakova/dataset/cells/priamy_kanal/sim_2xKSin1_DE_hct15_seed4_rigid31_7/rbc150_sim_2xKSin1_DE_hct15_seed4_rigid31_7.dat
shape =  (18, 603)
603
loading  /home/jasencakova/dataset/cells/priamy_kanal/sim_2xKSin1_DE_hct15_seed4_rigid31_7/rbc151_sim_2xKSin1_DE_hct15_seed4_rigid31_7.dat
shape =  (18, 603)
603
loading  /home/jasencakova/dataset/cells/priamy_kanal/sim_2xKSin1_DE_hct15_seed4_rigid31_7/rbc152_sim_2xKSin1_DE_hct15_seed4_rigid31_7.dat
shape =  (18, 603)
603
loading  /home/jasencakova/dataset/cells/priamy_kanal/sim_2xKSin1_DE_hct15_seed4_rigid31_7/rbc153_sim_2xKSin1_DE_hct15_seed4_rigid31_7.dat
shape =  (18, 603)
603
shortest_length =  603
data_shape      =  (154, 603, 18)



loading  /home/jasencakova/dataset/cells/priamy_kanal/sim_2xKSin1_DE_hct15_seed6_rigid31_1/rbc0_sim_2xKSin1_DE_hct15_seed6_rigid31_1.dat
shape =  (18, 945)
945
loading  /home/jasencakova/dataset/cells/priamy_kanal/sim_2xKSin1_DE_hct15_seed6_rigid31_1/rbc1_sim_2xKSin1_DE_hct15_seed6_rigid31_1.dat
shape =  (18, 945)
945
loading  /home/jasencakova/dataset/cells/priamy_kanal/sim_2xKSin1_DE_hct15_seed6_rigid31_1/rbc2_sim_2xKSin1_DE_hct15_seed6_rigid31_1.dat
shape =  (18, 945)
945
loading  /home/jasencakova/dataset/cells/priamy_kanal/sim_2xKSin1_DE_hct15_seed6_rigid31_1/rbc3_sim_2xKSin1_DE_hct15_seed6_rigid31_1.dat
shape =  (18, 945)
945
loading  /home/jasencakova/dataset/cells/priamy_kanal/sim_2xKSin1_DE_hct15_seed6_rigid31_1/rbc4_sim_2xKSin1_DE_hct15_seed6_rigid31_1.dat
shape =  (18, 945)
945
loading  /home/jasencakova/dataset/cells/priamy_kanal/sim_2xKSin1_DE_hct15_seed6_rigid31_1/rbc5_sim_2xKSin1_DE_hct15_seed6_rigid31_1.dat
shape =  (18, 945)
945
loading  /home/jasencakova/dataset/cells/priamy_kanal/sim_2xKSin1_DE_hct15_seed6_rigid31_1/rbc6_sim_2xKSin1_DE_hct15_seed6_rigid31_1.dat
shape =  (18, 945)
945
loading  /home/jasencakova/dataset/cells/priamy_kanal/sim_2xKSin1_DE_hct15_seed6_rigid31_1/rbc7_sim_2xKSin1_DE_hct15_seed6_rigid31_1.dat
shape =  (18, 945)
945
loading  /home/jasencakova/dataset/cells/priamy_kanal/sim_2xKSin1_DE_hct15_seed6_rigid31_1/rbc8_sim_2xKSin1_DE_hct15_seed6_rigid31_1.dat
shape =  (18, 945)
945
loading  /home/jasencakova/dataset/cells/priamy_kanal/sim_2xKSin1_DE_hct15_seed6_rigid31_1/rbc9_sim_2xKSin1_DE_hct15_seed6_rigid31_1.dat
shape =  (18, 945)
945
loading  /home/jasencakova/dataset/cells/priamy_kanal/sim_2xKSin1_DE_hct15_seed6_rigid31_1/rbc10_sim_2xKSin1_DE_hct15_seed6_rigid31_1.dat
shape =  (18, 945)
945
loading  /home/jasencakova/dataset/cells/priamy_kanal/sim_2xKSin1_DE_hct15_seed6_rigid31_1/rbc11_sim_2xKSin1_DE_hct15_seed6_rigid31_1.dat
shape =  (18, 945)
945
loading  /home/jasencakova/dataset/cells/priamy_kanal/sim_2xKSin1_DE_hct15_seed6_rigid31_1/rbc12_sim_2xKSin1_DE_hct15_seed6_rigid31_1.dat
shape =  (18, 945)
945
loading  /home/jasencakova/dataset/cells/priamy_kanal/sim_2xKSin1_DE_hct15_seed6_rigid31_1/rbc13_sim_2xKSin1_DE_hct15_seed6_rigid31_1.dat
shape =  (18, 945)
945
loading  /home/jasencakova/dataset/cells/priamy_kanal/sim_2xKSin1_DE_hct15_seed6_rigid31_1/rbc14_sim_2xKSin1_DE_hct15_seed6_rigid31_1.dat
shape =  (18, 945)
945
loading  /home/jasencakova/dataset/cells/priamy_kanal/sim_2xKSin1_DE_hct15_seed6_rigid31_1/rbc15_sim_2xKSin1_DE_hct15_seed6_rigid31_1.dat
shape =  (18, 945)
945
loading  /home/jasencakova/dataset/cells/priamy_kanal/sim_2xKSin1_DE_hct15_seed6_rigid31_1/rbc16_sim_2xKSin1_DE_hct15_seed6_rigid31_1.dat
shape =  (18, 945)
945
loading  /home/jasencakova/dataset/cells/priamy_kanal/sim_2xKSin1_DE_hct15_seed6_rigid31_1/rbc17_sim_2xKSin1_DE_hct15_seed6_rigid31_1.dat
shape =  (18, 945)
945
loading  /home/jasencakova/dataset/cells/priamy_kanal/sim_2xKSin1_DE_hct15_seed6_rigid31_1/rbc18_sim_2xKSin1_DE_hct15_seed6_rigid31_1.dat
shape =  (18, 945)
945
loading  /home/jasencakova/dataset/cells/priamy_kanal/sim_2xKSin1_DE_hct15_seed6_rigid31_1/rbc19_sim_2xKSin1_DE_hct15_seed6_rigid31_1.dat
shape =  (18, 945)
945
loading  /home/jasencakova/dataset/cells/priamy_kanal/sim_2xKSin1_DE_hct15_seed6_rigid31_1/rbc20_sim_2xKSin1_DE_hct15_seed6_rigid31_1.dat
shape =  (18, 945)
945
loading  /home/jasencakova/dataset/cells/priamy_kanal/sim_2xKSin1_DE_hct15_seed6_rigid31_1/rbc21_sim_2xKSin1_DE_hct15_seed6_rigid31_1.dat
shape =  (18, 945)
945
loading  /home/jasencakova/dataset/cells/priamy_kanal/sim_2xKSin1_DE_hct15_seed6_rigid31_1/rbc22_sim_2xKSin1_DE_hct15_seed6_rigid31_1.dat
shape =  (18, 945)
945
loading  /home/jasencakova/dataset/cells/priamy_kanal/sim_2xKSin1_DE_hct15_seed6_rigid31_1/rbc23_sim_2xKSin1_DE_hct15_seed6_rigid31_1.dat
shape =  (18, 945)
945
loading  /home/jasencakova/dataset/cells/priamy_kanal/sim_2xKSin1_DE_hct15_seed6_rigid31_1/rbc24_sim_2xKSin1_DE_hct15_seed6_rigid31_1.dat
shape =  (18, 945)
945
loading  /home/jasencakova/dataset/cells/priamy_kanal/sim_2xKSin1_DE_hct15_seed6_rigid31_1/rbc25_sim_2xKSin1_DE_hct15_seed6_rigid31_1.dat
shape =  (18, 945)
945
loading  /home/jasencakova/dataset/cells/priamy_kanal/sim_2xKSin1_DE_hct15_seed6_rigid31_1/rbc26_sim_2xKSin1_DE_hct15_seed6_rigid31_1.dat
shape =  (18, 945)
945
loading  /home/jasencakova/dataset/cells/priamy_kanal/sim_2xKSin1_DE_hct15_seed6_rigid31_1/rbc27_sim_2xKSin1_DE_hct15_seed6_rigid31_1.dat
shape =  (18, 945)
945
loading  /home/jasencakova/dataset/cells/priamy_kanal/sim_2xKSin1_DE_hct15_seed6_rigid31_1/rbc28_sim_2xKSin1_DE_hct15_seed6_rigid31_1.dat
shape =  (18, 945)
945
loading  /home/jasencakova/dataset/cells/priamy_kanal/sim_2xKSin1_DE_hct15_seed6_rigid31_1/rbc29_sim_2xKSin1_DE_hct15_seed6_rigid31_1.dat
shape =  (18, 945)
945
loading  /home/jasencakova/dataset/cells/priamy_kanal/sim_2xKSin1_DE_hct15_seed6_rigid31_1/rbc30_sim_2xKSin1_DE_hct15_seed6_rigid31_1.dat
shape =  (18, 945)
945
loading  /home/jasencakova/dataset/cells/priamy_kanal/sim_2xKSin1_DE_hct15_seed6_rigid31_1/rbc31_sim_2xKSin1_DE_hct15_seed6_rigid31_1.dat
shape =  (18, 945)
945
loading  /home/jasencakova/dataset/cells/priamy_kanal/sim_2xKSin1_DE_hct15_seed6_rigid31_1/rbc32_sim_2xKSin1_DE_hct15_seed6_rigid31_1.dat
shape =  (18, 945)
945
loading  /home/jasencakova/dataset/cells/priamy_kanal/sim_2xKSin1_DE_hct15_seed6_rigid31_1/rbc33_sim_2xKSin1_DE_hct15_seed6_rigid31_1.dat
shape =  (18, 945)
945
loading  /home/jasencakova/dataset/cells/priamy_kanal/sim_2xKSin1_DE_hct15_seed6_rigid31_1/rbc34_sim_2xKSin1_DE_hct15_seed6_rigid31_1.dat
shape =  (18, 945)
945
loading  /home/jasencakova/dataset/cells/priamy_kanal/sim_2xKSin1_DE_hct15_seed6_rigid31_1/rbc35_sim_2xKSin1_DE_hct15_seed6_rigid31_1.dat
shape =  (18, 945)
945
loading  /home/jasencakova/dataset/cells/priamy_kanal/sim_2xKSin1_DE_hct15_seed6_rigid31_1/rbc36_sim_2xKSin1_DE_hct15_seed6_rigid31_1.dat
shape =  (18, 945)
945
loading  /home/jasencakova/dataset/cells/priamy_kanal/sim_2xKSin1_DE_hct15_seed6_rigid31_1/rbc37_sim_2xKSin1_DE_hct15_seed6_rigid31_1.dat
shape =  (18, 945)
945
loading  /home/jasencakova/dataset/cells/priamy_kanal/sim_2xKSin1_DE_hct15_seed6_rigid31_1/rbc38_sim_2xKSin1_DE_hct15_seed6_rigid31_1.dat
shape =  (18, 945)
945
loading  /home/jasencakova/dataset/cells/priamy_kanal/sim_2xKSin1_DE_hct15_seed6_rigid31_1/rbc39_sim_2xKSin1_DE_hct15_seed6_rigid31_1.dat
shape =  (18, 945)
945
loading  /home/jasencakova/dataset/cells/priamy_kanal/sim_2xKSin1_DE_hct15_seed6_rigid31_1/rbc40_sim_2xKSin1_DE_hct15_seed6_rigid31_1.dat
shape =  (18, 945)
945
loading  /home/jasencakova/dataset/cells/priamy_kanal/sim_2xKSin1_DE_hct15_seed6_rigid31_1/rbc41_sim_2xKSin1_DE_hct15_seed6_rigid31_1.dat
shape =  (18, 945)
945
loading  /home/jasencakova/dataset/cells/priamy_kanal/sim_2xKSin1_DE_hct15_seed6_rigid31_1/rbc42_sim_2xKSin1_DE_hct15_seed6_rigid31_1.dat
shape =  (18, 945)
945
loading  /home/jasencakova/dataset/cells/priamy_kanal/sim_2xKSin1_DE_hct15_seed6_rigid31_1/rbc43_sim_2xKSin1_DE_hct15_seed6_rigid31_1.dat
shape =  (18, 945)
945
loading  /home/jasencakova/dataset/cells/priamy_kanal/sim_2xKSin1_DE_hct15_seed6_rigid31_1/rbc44_sim_2xKSin1_DE_hct15_seed6_rigid31_1.dat
shape =  (18, 945)
945
loading  /home/jasencakova/dataset/cells/priamy_kanal/sim_2xKSin1_DE_hct15_seed6_rigid31_1/rbc45_sim_2xKSin1_DE_hct15_seed6_rigid31_1.dat
shape =  (18, 945)
945
loading  /home/jasencakova/dataset/cells/priamy_kanal/sim_2xKSin1_DE_hct15_seed6_rigid31_1/rbc46_sim_2xKSin1_DE_hct15_seed6_rigid31_1.dat
shape =  (18, 945)
945
loading  /home/jasencakova/dataset/cells/priamy_kanal/sim_2xKSin1_DE_hct15_seed6_rigid31_1/rbc47_sim_2xKSin1_DE_hct15_seed6_rigid31_1.dat
shape =  (18, 945)
945
loading  /home/jasencakova/dataset/cells/priamy_kanal/sim_2xKSin1_DE_hct15_seed6_rigid31_1/rbc48_sim_2xKSin1_DE_hct15_seed6_rigid31_1.dat
shape =  (18, 945)
945
loading  /home/jasencakova/dataset/cells/priamy_kanal/sim_2xKSin1_DE_hct15_seed6_rigid31_1/rbc49_sim_2xKSin1_DE_hct15_seed6_rigid31_1.dat
shape =  (18, 945)
945
loading  /home/jasencakova/dataset/cells/priamy_kanal/sim_2xKSin1_DE_hct15_seed6_rigid31_1/rbc50_sim_2xKSin1_DE_hct15_seed6_rigid31_1.dat
shape =  (18, 945)
945
loading  /home/jasencakova/dataset/cells/priamy_kanal/sim_2xKSin1_DE_hct15_seed6_rigid31_1/rbc51_sim_2xKSin1_DE_hct15_seed6_rigid31_1.dat
shape =  (18, 945)
945
loading  /home/jasencakova/dataset/cells/priamy_kanal/sim_2xKSin1_DE_hct15_seed6_rigid31_1/rbc52_sim_2xKSin1_DE_hct15_seed6_rigid31_1.dat
shape =  (18, 945)
945
loading  /home/jasencakova/dataset/cells/priamy_kanal/sim_2xKSin1_DE_hct15_seed6_rigid31_1/rbc53_sim_2xKSin1_DE_hct15_seed6_rigid31_1.dat
shape =  (18, 945)
945
loading  /home/jasencakova/dataset/cells/priamy_kanal/sim_2xKSin1_DE_hct15_seed6_rigid31_1/rbc54_sim_2xKSin1_DE_hct15_seed6_rigid31_1.dat
shape =  (18, 945)
945
loading  /home/jasencakova/dataset/cells/priamy_kanal/sim_2xKSin1_DE_hct15_seed6_rigid31_1/rbc55_sim_2xKSin1_DE_hct15_seed6_rigid31_1.dat
shape =  (18, 945)
945
loading  /home/jasencakova/dataset/cells/priamy_kanal/sim_2xKSin1_DE_hct15_seed6_rigid31_1/rbc56_sim_2xKSin1_DE_hct15_seed6_rigid31_1.dat
shape =  (18, 945)
945
loading  /home/jasencakova/dataset/cells/priamy_kanal/sim_2xKSin1_DE_hct15_seed6_rigid31_1/rbc57_sim_2xKSin1_DE_hct15_seed6_rigid31_1.dat
shape =  (18, 945)
945
loading  /home/jasencakova/dataset/cells/priamy_kanal/sim_2xKSin1_DE_hct15_seed6_rigid31_1/rbc58_sim_2xKSin1_DE_hct15_seed6_rigid31_1.dat
shape =  (18, 945)
945
loading  /home/jasencakova/dataset/cells/priamy_kanal/sim_2xKSin1_DE_hct15_seed6_rigid31_1/rbc59_sim_2xKSin1_DE_hct15_seed6_rigid31_1.dat
shape =  (18, 945)
945
loading  /home/jasencakova/dataset/cells/priamy_kanal/sim_2xKSin1_DE_hct15_seed6_rigid31_1/rbc60_sim_2xKSin1_DE_hct15_seed6_rigid31_1.dat
shape =  (18, 945)
945
loading  /home/jasencakova/dataset/cells/priamy_kanal/sim_2xKSin1_DE_hct15_seed6_rigid31_1/rbc61_sim_2xKSin1_DE_hct15_seed6_rigid31_1.dat
shape =  (18, 945)
945
loading  /home/jasencakova/dataset/cells/priamy_kanal/sim_2xKSin1_DE_hct15_seed6_rigid31_1/rbc62_sim_2xKSin1_DE_hct15_seed6_rigid31_1.dat
shape =  (18, 945)
945
loading  /home/jasencakova/dataset/cells/priamy_kanal/sim_2xKSin1_DE_hct15_seed6_rigid31_1/rbc63_sim_2xKSin1_DE_hct15_seed6_rigid31_1.dat
shape =  (18, 945)
945
loading  /home/jasencakova/dataset/cells/priamy_kanal/sim_2xKSin1_DE_hct15_seed6_rigid31_1/rbc64_sim_2xKSin1_DE_hct15_seed6_rigid31_1.dat
shape =  (18, 945)
945
loading  /home/jasencakova/dataset/cells/priamy_kanal/sim_2xKSin1_DE_hct15_seed6_rigid31_1/rbc65_sim_2xKSin1_DE_hct15_seed6_rigid31_1.dat
shape =  (18, 945)
945
loading  /home/jasencakova/dataset/cells/priamy_kanal/sim_2xKSin1_DE_hct15_seed6_rigid31_1/rbc66_sim_2xKSin1_DE_hct15_seed6_rigid31_1.dat
shape =  (18, 945)
945
loading  /home/jasencakova/dataset/cells/priamy_kanal/sim_2xKSin1_DE_hct15_seed6_rigid31_1/rbc67_sim_2xKSin1_DE_hct15_seed6_rigid31_1.dat
shape =  (18, 945)
945
loading  /home/jasencakova/dataset/cells/priamy_kanal/sim_2xKSin1_DE_hct15_seed6_rigid31_1/rbc68_sim_2xKSin1_DE_hct15_seed6_rigid31_1.dat
shape =  (18, 945)
945
loading  /home/jasencakova/dataset/cells/priamy_kanal/sim_2xKSin1_DE_hct15_seed6_rigid31_1/rbc69_sim_2xKSin1_DE_hct15_seed6_rigid31_1.dat
shape =  (18, 945)
945
loading  /home/jasencakova/dataset/cells/priamy_kanal/sim_2xKSin1_DE_hct15_seed6_rigid31_1/rbc70_sim_2xKSin1_DE_hct15_seed6_rigid31_1.dat
shape =  (18, 945)
945
loading  /home/jasencakova/dataset/cells/priamy_kanal/sim_2xKSin1_DE_hct15_seed6_rigid31_1/rbc71_sim_2xKSin1_DE_hct15_seed6_rigid31_1.dat
shape =  (18, 945)
945
loading  /home/jasencakova/dataset/cells/priamy_kanal/sim_2xKSin1_DE_hct15_seed6_rigid31_1/rbc72_sim_2xKSin1_DE_hct15_seed6_rigid31_1.dat
shape =  (18, 945)
945
loading  /home/jasencakova/dataset/cells/priamy_kanal/sim_2xKSin1_DE_hct15_seed6_rigid31_1/rbc73_sim_2xKSin1_DE_hct15_seed6_rigid31_1.dat
shape =  (18, 945)
945
loading  /home/jasencakova/dataset/cells/priamy_kanal/sim_2xKSin1_DE_hct15_seed6_rigid31_1/rbc74_sim_2xKSin1_DE_hct15_seed6_rigid31_1.dat
shape =  (18, 945)
945
loading  /home/jasencakova/dataset/cells/priamy_kanal/sim_2xKSin1_DE_hct15_seed6_rigid31_1/rbc75_sim_2xKSin1_DE_hct15_seed6_rigid31_1.dat
shape =  (18, 945)
945
loading  /home/jasencakova/dataset/cells/priamy_kanal/sim_2xKSin1_DE_hct15_seed6_rigid31_1/rbc76_sim_2xKSin1_DE_hct15_seed6_rigid31_1.dat
shape =  (18, 945)
945
loading  /home/jasencakova/dataset/cells/priamy_kanal/sim_2xKSin1_DE_hct15_seed6_rigid31_1/rbc77_sim_2xKSin1_DE_hct15_seed6_rigid31_1.dat
shape =  (18, 945)
945
loading  /home/jasencakova/dataset/cells/priamy_kanal/sim_2xKSin1_DE_hct15_seed6_rigid31_1/rbc78_sim_2xKSin1_DE_hct15_seed6_rigid31_1.dat
shape =  (18, 945)
945
loading  /home/jasencakova/dataset/cells/priamy_kanal/sim_2xKSin1_DE_hct15_seed6_rigid31_1/rbc79_sim_2xKSin1_DE_hct15_seed6_rigid31_1.dat
shape =  (18, 945)
945
loading  /home/jasencakova/dataset/cells/priamy_kanal/sim_2xKSin1_DE_hct15_seed6_rigid31_1/rbc80_sim_2xKSin1_DE_hct15_seed6_rigid31_1.dat
shape =  (18, 945)
945
loading  /home/jasencakova/dataset/cells/priamy_kanal/sim_2xKSin1_DE_hct15_seed6_rigid31_1/rbc81_sim_2xKSin1_DE_hct15_seed6_rigid31_1.dat
shape =  (18, 945)
945
loading  /home/jasencakova/dataset/cells/priamy_kanal/sim_2xKSin1_DE_hct15_seed6_rigid31_1/rbc82_sim_2xKSin1_DE_hct15_seed6_rigid31_1.dat
shape =  (18, 945)
945
loading  /home/jasencakova/dataset/cells/priamy_kanal/sim_2xKSin1_DE_hct15_seed6_rigid31_1/rbc83_sim_2xKSin1_DE_hct15_seed6_rigid31_1.dat
shape =  (18, 945)
945
loading  /home/jasencakova/dataset/cells/priamy_kanal/sim_2xKSin1_DE_hct15_seed6_rigid31_1/rbc84_sim_2xKSin1_DE_hct15_seed6_rigid31_1.dat
shape =  (18, 945)
945
loading  /home/jasencakova/dataset/cells/priamy_kanal/sim_2xKSin1_DE_hct15_seed6_rigid31_1/rbc85_sim_2xKSin1_DE_hct15_seed6_rigid31_1.dat
shape =  (18, 945)
945
loading  /home/jasencakova/dataset/cells/priamy_kanal/sim_2xKSin1_DE_hct15_seed6_rigid31_1/rbc86_sim_2xKSin1_DE_hct15_seed6_rigid31_1.dat
shape =  (18, 945)
945
loading  /home/jasencakova/dataset/cells/priamy_kanal/sim_2xKSin1_DE_hct15_seed6_rigid31_1/rbc87_sim_2xKSin1_DE_hct15_seed6_rigid31_1.dat
shape =  (18, 945)
945
loading  /home/jasencakova/dataset/cells/priamy_kanal/sim_2xKSin1_DE_hct15_seed6_rigid31_1/rbc88_sim_2xKSin1_DE_hct15_seed6_rigid31_1.dat
shape =  (18, 945)
945
loading  /home/jasencakova/dataset/cells/priamy_kanal/sim_2xKSin1_DE_hct15_seed6_rigid31_1/rbc89_sim_2xKSin1_DE_hct15_seed6_rigid31_1.dat
shape =  (18, 945)
945
loading  /home/jasencakova/dataset/cells/priamy_kanal/sim_2xKSin1_DE_hct15_seed6_rigid31_1/rbc90_sim_2xKSin1_DE_hct15_seed6_rigid31_1.dat
shape =  (18, 945)
945
loading  /home/jasencakova/dataset/cells/priamy_kanal/sim_2xKSin1_DE_hct15_seed6_rigid31_1/rbc91_sim_2xKSin1_DE_hct15_seed6_rigid31_1.dat
shape =  (18, 945)
945
loading  /home/jasencakova/dataset/cells/priamy_kanal/sim_2xKSin1_DE_hct15_seed6_rigid31_1/rbc92_sim_2xKSin1_DE_hct15_seed6_rigid31_1.dat
shape =  (18, 945)
945
loading  /home/jasencakova/dataset/cells/priamy_kanal/sim_2xKSin1_DE_hct15_seed6_rigid31_1/rbc93_sim_2xKSin1_DE_hct15_seed6_rigid31_1.dat
shape =  (18, 945)
945
loading  /home/jasencakova/dataset/cells/priamy_kanal/sim_2xKSin1_DE_hct15_seed6_rigid31_1/rbc94_sim_2xKSin1_DE_hct15_seed6_rigid31_1.dat
shape =  (18, 945)
945
loading  /home/jasencakova/dataset/cells/priamy_kanal/sim_2xKSin1_DE_hct15_seed6_rigid31_1/rbc95_sim_2xKSin1_DE_hct15_seed6_rigid31_1.dat
shape =  (18, 945)
945
loading  /home/jasencakova/dataset/cells/priamy_kanal/sim_2xKSin1_DE_hct15_seed6_rigid31_1/rbc96_sim_2xKSin1_DE_hct15_seed6_rigid31_1.dat
shape =  (18, 945)
945
loading  /home/jasencakova/dataset/cells/priamy_kanal/sim_2xKSin1_DE_hct15_seed6_rigid31_1/rbc97_sim_2xKSin1_DE_hct15_seed6_rigid31_1.dat
shape =  (18, 945)
945
loading  /home/jasencakova/dataset/cells/priamy_kanal/sim_2xKSin1_DE_hct15_seed6_rigid31_1/rbc98_sim_2xKSin1_DE_hct15_seed6_rigid31_1.dat
shape =  (18, 945)
945
loading  /home/jasencakova/dataset/cells/priamy_kanal/sim_2xKSin1_DE_hct15_seed6_rigid31_1/rbc99_sim_2xKSin1_DE_hct15_seed6_rigid31_1.dat
shape =  (18, 945)
945
loading  /home/jasencakova/dataset/cells/priamy_kanal/sim_2xKSin1_DE_hct15_seed6_rigid31_1/rbc100_sim_2xKSin1_DE_hct15_seed6_rigid31_1.dat
shape =  (18, 945)
945
loading  /home/jasencakova/dataset/cells/priamy_kanal/sim_2xKSin1_DE_hct15_seed6_rigid31_1/rbc101_sim_2xKSin1_DE_hct15_seed6_rigid31_1.dat
shape =  (18, 945)
945
loading  /home/jasencakova/dataset/cells/priamy_kanal/sim_2xKSin1_DE_hct15_seed6_rigid31_1/rbc102_sim_2xKSin1_DE_hct15_seed6_rigid31_1.dat
shape =  (18, 945)
945
loading  /home/jasencakova/dataset/cells/priamy_kanal/sim_2xKSin1_DE_hct15_seed6_rigid31_1/rbc103_sim_2xKSin1_DE_hct15_seed6_rigid31_1.dat
shape =  (18, 945)
945
loading  /home/jasencakova/dataset/cells/priamy_kanal/sim_2xKSin1_DE_hct15_seed6_rigid31_1/rbc104_sim_2xKSin1_DE_hct15_seed6_rigid31_1.dat
shape =  (18, 945)
945
loading  /home/jasencakova/dataset/cells/priamy_kanal/sim_2xKSin1_DE_hct15_seed6_rigid31_1/rbc105_sim_2xKSin1_DE_hct15_seed6_rigid31_1.dat
shape =  (18, 945)
945
loading  /home/jasencakova/dataset/cells/priamy_kanal/sim_2xKSin1_DE_hct15_seed6_rigid31_1/rbc106_sim_2xKSin1_DE_hct15_seed6_rigid31_1.dat
shape =  (18, 945)
945
loading  /home/jasencakova/dataset/cells/priamy_kanal/sim_2xKSin1_DE_hct15_seed6_rigid31_1/rbc107_sim_2xKSin1_DE_hct15_seed6_rigid31_1.dat
shape =  (18, 945)
945
loading  /home/jasencakova/dataset/cells/priamy_kanal/sim_2xKSin1_DE_hct15_seed6_rigid31_1/rbc108_sim_2xKSin1_DE_hct15_seed6_rigid31_1.dat
shape =  (18, 945)
945
loading  /home/jasencakova/dataset/cells/priamy_kanal/sim_2xKSin1_DE_hct15_seed6_rigid31_1/rbc109_sim_2xKSin1_DE_hct15_seed6_rigid31_1.dat
shape =  (18, 945)
945
loading  /home/jasencakova/dataset/cells/priamy_kanal/sim_2xKSin1_DE_hct15_seed6_rigid31_1/rbc110_sim_2xKSin1_DE_hct15_seed6_rigid31_1.dat
shape =  (18, 945)
945
loading  /home/jasencakova/dataset/cells/priamy_kanal/sim_2xKSin1_DE_hct15_seed6_rigid31_1/rbc111_sim_2xKSin1_DE_hct15_seed6_rigid31_1.dat
shape =  (18, 945)
945
loading  /home/jasencakova/dataset/cells/priamy_kanal/sim_2xKSin1_DE_hct15_seed6_rigid31_1/rbc112_sim_2xKSin1_DE_hct15_seed6_rigid31_1.dat
shape =  (18, 945)
945
loading  /home/jasencakova/dataset/cells/priamy_kanal/sim_2xKSin1_DE_hct15_seed6_rigid31_1/rbc113_sim_2xKSin1_DE_hct15_seed6_rigid31_1.dat
shape =  (18, 945)
945
loading  /home/jasencakova/dataset/cells/priamy_kanal/sim_2xKSin1_DE_hct15_seed6_rigid31_1/rbc114_sim_2xKSin1_DE_hct15_seed6_rigid31_1.dat
shape =  (18, 945)
945
loading  /home/jasencakova/dataset/cells/priamy_kanal/sim_2xKSin1_DE_hct15_seed6_rigid31_1/rbc115_sim_2xKSin1_DE_hct15_seed6_rigid31_1.dat
shape =  (18, 945)
945
loading  /home/jasencakova/dataset/cells/priamy_kanal/sim_2xKSin1_DE_hct15_seed6_rigid31_1/rbc116_sim_2xKSin1_DE_hct15_seed6_rigid31_1.dat
shape =  (18, 945)
945
loading  /home/jasencakova/dataset/cells/priamy_kanal/sim_2xKSin1_DE_hct15_seed6_rigid31_1/rbc117_sim_2xKSin1_DE_hct15_seed6_rigid31_1.dat
shape =  (18, 945)
945
loading  /home/jasencakova/dataset/cells/priamy_kanal/sim_2xKSin1_DE_hct15_seed6_rigid31_1/rbc118_sim_2xKSin1_DE_hct15_seed6_rigid31_1.dat
shape =  (18, 945)
945
loading  /home/jasencakova/dataset/cells/priamy_kanal/sim_2xKSin1_DE_hct15_seed6_rigid31_1/rbc119_sim_2xKSin1_DE_hct15_seed6_rigid31_1.dat
shape =  (18, 945)
945
loading  /home/jasencakova/dataset/cells/priamy_kanal/sim_2xKSin1_DE_hct15_seed6_rigid31_1/rbc120_sim_2xKSin1_DE_hct15_seed6_rigid31_1.dat
shape =  (18, 945)
945
loading  /home/jasencakova/dataset/cells/priamy_kanal/sim_2xKSin1_DE_hct15_seed6_rigid31_1/rbc121_sim_2xKSin1_DE_hct15_seed6_rigid31_1.dat
shape =  (18, 945)
945
loading  /home/jasencakova/dataset/cells/priamy_kanal/sim_2xKSin1_DE_hct15_seed6_rigid31_1/rbc122_sim_2xKSin1_DE_hct15_seed6_rigid31_1.dat
shape =  (18, 945)
945
loading  /home/jasencakova/dataset/cells/priamy_kanal/sim_2xKSin1_DE_hct15_seed6_rigid31_1/rbc123_sim_2xKSin1_DE_hct15_seed6_rigid31_1.dat
shape =  (18, 945)
945
loading  /home/jasencakova/dataset/cells/priamy_kanal/sim_2xKSin1_DE_hct15_seed6_rigid31_1/rbc124_sim_2xKSin1_DE_hct15_seed6_rigid31_1.dat
shape =  (18, 945)
945
loading  /home/jasencakova/dataset/cells/priamy_kanal/sim_2xKSin1_DE_hct15_seed6_rigid31_1/rbc125_sim_2xKSin1_DE_hct15_seed6_rigid31_1.dat
shape =  (18, 945)
945
loading  /home/jasencakova/dataset/cells/priamy_kanal/sim_2xKSin1_DE_hct15_seed6_rigid31_1/rbc126_sim_2xKSin1_DE_hct15_seed6_rigid31_1.dat
shape =  (18, 945)
945
loading  /home/jasencakova/dataset/cells/priamy_kanal/sim_2xKSin1_DE_hct15_seed6_rigid31_1/rbc127_sim_2xKSin1_DE_hct15_seed6_rigid31_1.dat
shape =  (18, 945)
945
loading  /home/jasencakova/dataset/cells/priamy_kanal/sim_2xKSin1_DE_hct15_seed6_rigid31_1/rbc128_sim_2xKSin1_DE_hct15_seed6_rigid31_1.dat
shape =  (18, 945)
945
loading  /home/jasencakova/dataset/cells/priamy_kanal/sim_2xKSin1_DE_hct15_seed6_rigid31_1/rbc129_sim_2xKSin1_DE_hct15_seed6_rigid31_1.dat
shape =  (18, 945)
945
loading  /home/jasencakova/dataset/cells/priamy_kanal/sim_2xKSin1_DE_hct15_seed6_rigid31_1/rbc130_sim_2xKSin1_DE_hct15_seed6_rigid31_1.dat
shape =  (18, 945)
945
loading  /home/jasencakova/dataset/cells/priamy_kanal/sim_2xKSin1_DE_hct15_seed6_rigid31_1/rbc131_sim_2xKSin1_DE_hct15_seed6_rigid31_1.dat
shape =  (18, 945)
945
loading  /home/jasencakova/dataset/cells/priamy_kanal/sim_2xKSin1_DE_hct15_seed6_rigid31_1/rbc132_sim_2xKSin1_DE_hct15_seed6_rigid31_1.dat
shape =  (18, 945)
945
loading  /home/jasencakova/dataset/cells/priamy_kanal/sim_2xKSin1_DE_hct15_seed6_rigid31_1/rbc133_sim_2xKSin1_DE_hct15_seed6_rigid31_1.dat
shape =  (18, 945)
945
loading  /home/jasencakova/dataset/cells/priamy_kanal/sim_2xKSin1_DE_hct15_seed6_rigid31_1/rbc134_sim_2xKSin1_DE_hct15_seed6_rigid31_1.dat
shape =  (18, 945)
945
loading  /home/jasencakova/dataset/cells/priamy_kanal/sim_2xKSin1_DE_hct15_seed6_rigid31_1/rbc135_sim_2xKSin1_DE_hct15_seed6_rigid31_1.dat
shape =  (18, 945)
945
loading  /home/jasencakova/dataset/cells/priamy_kanal/sim_2xKSin1_DE_hct15_seed6_rigid31_1/rbc136_sim_2xKSin1_DE_hct15_seed6_rigid31_1.dat
shape =  (18, 945)
945
loading  /home/jasencakova/dataset/cells/priamy_kanal/sim_2xKSin1_DE_hct15_seed6_rigid31_1/rbc137_sim_2xKSin1_DE_hct15_seed6_rigid31_1.dat
shape =  (18, 945)
945
loading  /home/jasencakova/dataset/cells/priamy_kanal/sim_2xKSin1_DE_hct15_seed6_rigid31_1/rbc138_sim_2xKSin1_DE_hct15_seed6_rigid31_1.dat
shape =  (18, 945)
945
loading  /home/jasencakova/dataset/cells/priamy_kanal/sim_2xKSin1_DE_hct15_seed6_rigid31_1/rbc139_sim_2xKSin1_DE_hct15_seed6_rigid31_1.dat
shape =  (18, 945)
945
loading  /home/jasencakova/dataset/cells/priamy_kanal/sim_2xKSin1_DE_hct15_seed6_rigid31_1/rbc140_sim_2xKSin1_DE_hct15_seed6_rigid31_1.dat
shape =  (18, 945)
945
loading  /home/jasencakova/dataset/cells/priamy_kanal/sim_2xKSin1_DE_hct15_seed6_rigid31_1/rbc141_sim_2xKSin1_DE_hct15_seed6_rigid31_1.dat
shape =  (18, 945)
945
loading  /home/jasencakova/dataset/cells/priamy_kanal/sim_2xKSin1_DE_hct15_seed6_rigid31_1/rbc142_sim_2xKSin1_DE_hct15_seed6_rigid31_1.dat
shape =  (18, 945)
945
loading  /home/jasencakova/dataset/cells/priamy_kanal/sim_2xKSin1_DE_hct15_seed6_rigid31_1/rbc143_sim_2xKSin1_DE_hct15_seed6_rigid31_1.dat
shape =  (18, 945)
945
loading  /home/jasencakova/dataset/cells/priamy_kanal/sim_2xKSin1_DE_hct15_seed6_rigid31_1/rbc144_sim_2xKSin1_DE_hct15_seed6_rigid31_1.dat
shape =  (18, 945)
945
loading  /home/jasencakova/dataset/cells/priamy_kanal/sim_2xKSin1_DE_hct15_seed6_rigid31_1/rbc145_sim_2xKSin1_DE_hct15_seed6_rigid31_1.dat
shape =  (18, 945)
945
loading  /home/jasencakova/dataset/cells/priamy_kanal/sim_2xKSin1_DE_hct15_seed6_rigid31_1/rbc146_sim_2xKSin1_DE_hct15_seed6_rigid31_1.dat
shape =  (18, 945)
945
loading  /home/jasencakova/dataset/cells/priamy_kanal/sim_2xKSin1_DE_hct15_seed6_rigid31_1/rbc147_sim_2xKSin1_DE_hct15_seed6_rigid31_1.dat
shape =  (18, 945)
945
loading  /home/jasencakova/dataset/cells/priamy_kanal/sim_2xKSin1_DE_hct15_seed6_rigid31_1/rbc148_sim_2xKSin1_DE_hct15_seed6_rigid31_1.dat
shape =  (18, 945)
945
loading  /home/jasencakova/dataset/cells/priamy_kanal/sim_2xKSin1_DE_hct15_seed6_rigid31_1/rbc149_sim_2xKSin1_DE_hct15_seed6_rigid31_1.dat
shape =  (18, 945)
945
loading  /home/jasencakova/dataset/cells/priamy_kanal/sim_2xKSin1_DE_hct15_seed6_rigid31_1/rbc150_sim_2xKSin1_DE_hct15_seed6_rigid31_1.dat
shape =  (18, 945)
945
loading  /home/jasencakova/dataset/cells/priamy_kanal/sim_2xKSin1_DE_hct15_seed6_rigid31_1/rbc151_sim_2xKSin1_DE_hct15_seed6_rigid31_1.dat
shape =  (18, 945)
945
loading  /home/jasencakova/dataset/cells/priamy_kanal/sim_2xKSin1_DE_hct15_seed6_rigid31_1/rbc152_sim_2xKSin1_DE_hct15_seed6_rigid31_1.dat
shape =  (18, 945)
945
loading  /home/jasencakova/dataset/cells/priamy_kanal/sim_2xKSin1_DE_hct15_seed6_rigid31_1/rbc153_sim_2xKSin1_DE_hct15_seed6_rigid31_1.dat
shape =  (18, 945)
945
shortest_length =  945
data_shape      =  (154, 945, 18)








dataset summary : 

training_dats shape    =  (154, 603, 18)
testing_dats shape    =  (154, 945, 18)
training_count  =  9379062
testing_count   =  145530
channels_count  =  18
sequence_length =  128
classes_count   =   2
batch(32) tensor shape =  torch.Size([32, 18, 128]) torch.Size([32, 2])





model
Sequential(
  (0): Conv1d(18, 32, kernel_size=(3,), stride=(2,), padding=(1,))
  (1): ReLU()
  (2): Dropout(p=0.01, inplace=False)
  (3): Conv1d(32, 64, kernel_size=(3,), stride=(2,), padding=(1,))
  (4): ReLU()
  (5): Dropout(p=0.01, inplace=False)
  (6): Conv1d(64, 64, kernel_size=(3,), stride=(2,), padding=(1,))
  (7): ReLU()
  (8): Dropout(p=0.01, inplace=False)
  (9): Conv1d(64, 128, kernel_size=(3,), stride=(2,), padding=(1,))
  (10): ReLU()
  (11): Dropout(p=0.01, inplace=False)
  (12): Flatten()
  (13): Linear(in_features=1024, out_features=2, bias=True)
)



0 86.16126414212408 78.70029657293497 0.109428234 0.1758501 0.016687976 0.01702534 59.22 





=================================================
new best net in 0
TRAINING result
accuracy   = 86.161 [%]
hit_count  = 8081127
miss_count = 1297945

class_accuracy = 97.779%   40.058%   


confusion_matrix = 
7324942	 1131537	 
166408	 756185	 



TESTING result
accuracy   = 78.7 [%]
hit_count  = 114638
miss_count = 31026

class_accuracy = 92.297%   24.9%   


confusion_matrix = 
107320	 22070	 
8956	 7318	 




1 92.68564096746458 92.201230228471 0.06423989 0.07812457 0.028294204 0.010093367 58.65 





=================================================
new best net in 1
TRAINING result
accuracy   = 92.686 [%]
hit_count  = 8693053
miss_count = 686019

class_accuracy = 98.81%   68.377%   


confusion_matrix = 
7402522	 596839	 
89180	 1290531	 



TESTING result
accuracy   = 92.201 [%]
hit_count  = 134304
miss_count = 11360

class_accuracy = 98.174%   68.493%   


confusion_matrix = 
114224	 9236	 
2124	 20080	 




2 97.639244053143 94.27655426186291 0.027066119 0.05873366 0.006268422 0.0089104865 58.07 





=================================================
new best net in 2
TRAINING result
accuracy   = 97.639 [%]
hit_count  = 9157655
miss_count = 221417

class_accuracy = 99.707%   89.43%   


confusion_matrix = 
7470014	 199461	 
21956	 1687641	 



TESTING result
accuracy   = 94.277 [%]
hit_count  = 137327
miss_count = 8337

class_accuracy = 98.523%   77.37%   


confusion_matrix = 
114694	 6619	 
1718	 22633	 




3 98.53951435707071 95.59946177504393 0.018987287 0.04954315 0.004454258 0.00839048 57.48 





=================================================
new best net in 3
TRAINING result
accuracy   = 98.54 [%]
hit_count  = 9242092
miss_count = 136980

class_accuracy = 99.848%   93.352%   


confusion_matrix = 
7478362	 125594	 
11386	 1763730	 



TESTING result
accuracy   = 95.599 [%]
hit_count  = 139254
miss_count = 6410

class_accuracy = 99.05%   81.939%   


confusion_matrix = 
115177	 5306	 
1104	 24077	 




4 99.07824569424352 95.82944310193322 0.014373232 0.046382803 0.0033874658 0.007949588 56.91 





=================================================
new best net in 4
TRAINING result
accuracy   = 99.078 [%]
hit_count  = 9292620
miss_count = 86452

class_accuracy = 99.906%   95.8%   


confusion_matrix = 
7481263	 79410	 
7042	 1811357	 



TESTING result
accuracy   = 95.829 [%]
hit_count  = 139589
miss_count = 6075

class_accuracy = 99.021%   83.237%   


confusion_matrix = 
115059	 4939	 
1136	 24530	 




5 99.39835199047411 96.01136862917399 0.01128862 0.043097872 0.0027224233 0.007574115 56.33 





=================================================
new best net in 5
TRAINING result
accuracy   = 99.398 [%]
hit_count  = 9322643
miss_count = 56429

class_accuracy = 99.944%   97.233%   


confusion_matrix = 
7486886	 52237	 
4192	 1835757	 



TESTING result
accuracy   = 96.011 [%]
hit_count  = 139854
miss_count = 5810

class_accuracy = 99.201%   83.256%   


confusion_matrix = 
115585	 4880	 
930	 24269	 




6 99.63136011750416 96.37727921792619 0.008632169 0.039744753 0.0021929229 0.007018829 55.74 





=================================================
new best net in 6
TRAINING result
accuracy   = 99.631 [%]
hit_count  = 9344497
miss_count = 34575

class_accuracy = 99.971%   98.282%   


confusion_matrix = 
7489143	 32430	 
2145	 1855354	 



TESTING result
accuracy   = 96.377 [%]
hit_count  = 140387
miss_count = 5277

class_accuracy = 99.27%   84.84%   


confusion_matrix = 
115601	 4428	 
849	 24786	 




7 99.8153868527718 97.02603251318102 0.006200708 0.03591441 0.0016587179 0.0064712986 55.11 





=================================================
new best net in 7
TRAINING result
accuracy   = 99.815 [%]
hit_count  = 9361757
miss_count = 17315

class_accuracy = 99.99%   99.123%   


confusion_matrix = 
7489798	 16569	 
746	 1871959	 



TESTING result
accuracy   = 97.026 [%]
hit_count  = 141332
miss_count = 4332

class_accuracy = 99.292%   88.087%   


confusion_matrix = 
115371	 3510	 
822	 25961	 




8 99.92144212135273 97.07958040421792 0.0043591163 0.034603838 0.0011549805 0.006107256 54.51 





=================================================
new best net in 8
TRAINING result
accuracy   = 99.921 [%]
hit_count  = 9371704
miss_count = 7368

class_accuracy = 99.997%   99.622%   


confusion_matrix = 
7489287	 7135	 
233	 1882417	 



TESTING result
accuracy   = 97.08 [%]
hit_count  = 141410
miss_count = 4254

class_accuracy = 99.264%   88.316%   


confusion_matrix = 
115726	 3397	 
857	 25684	 




9 99.96391967137048 97.54228910369069 0.0032364428 0.029675787 0.00085022143 0.005115723 53.92 





=================================================
new best net in 9
TRAINING result
accuracy   = 99.964 [%]
hit_count  = 9375688
miss_count = 3384

class_accuracy = 99.999%   99.824%   


confusion_matrix = 
7489686	 3324	 
60	 1886002	 



TESTING result
accuracy   = 97.542 [%]
hit_count  = 142084
miss_count = 3580

class_accuracy = 99.408%   90.036%   


confusion_matrix = 
115961	 2890	 
690	 26123	 




10 99.98032854423124 97.72490114235501 0.002531772 0.029306369 0.0006678709 0.0051002214 53.32 





=================================================
new best net in 10
TRAINING result
accuracy   = 99.98 [%]
hit_count  = 9377227
miss_count = 1845

class_accuracy = 100.0%   99.903%   


confusion_matrix = 
7491319	 1824	 
21	 1885908	 



TESTING result
accuracy   = 97.725 [%]
hit_count  = 142350
miss_count = 3314

class_accuracy = 99.455%   90.828%   


confusion_matrix = 
115801	 2680	 
634	 26549	 




11 99.98832507096651 97.81552065026362 0.0020725415 0.027437499 0.00054389593 0.0047765356 52.72 





=================================================
new best net in 11
TRAINING result
accuracy   = 99.988 [%]
hit_count  = 9377977
miss_count = 1095

class_accuracy = 100.0%   99.943%   


confusion_matrix = 
7490720	 1078	 
17	 1887257	 



TESTING result
accuracy   = 97.816 [%]
hit_count  = 142482
miss_count = 3182

class_accuracy = 99.566%   90.886%   


confusion_matrix = 
115767	 2678	 
504	 26715	 




12 99.99237664451238 98.13406195079087 0.0017463592 0.025018541 0.00046507563 0.0047565578 52.15 





=================================================
new best net in 12
TRAINING result
accuracy   = 99.992 [%]
hit_count  = 9378357
miss_count = 715

class_accuracy = 100.0%   99.962%   


confusion_matrix = 
7490344	 708	 
7	 1888013	 



TESTING result
accuracy   = 98.134 [%]
hit_count  = 142946
miss_count = 2718

class_accuracy = 99.635%   92.181%   


confusion_matrix = 
115888	 2294	 
424	 27058	 




13 99.99499950528154 98.53086555360281 0.0015008488 0.023816645 0.00040172623 0.004123854 51.56 





=================================================
new best net in 13
TRAINING result
accuracy   = 99.995 [%]
hit_count  = 9378603
miss_count = 469

class_accuracy = 100.0%   99.975%   


confusion_matrix = 
7490901	 466	 
3	 1887702	 



TESTING result
accuracy   = 98.531 [%]
hit_count  = 143524
miss_count = 2140

class_accuracy = 99.578%   94.372%   


confusion_matrix = 
115838	 1650	 
490	 27686	 




14 99.99654550045037 98.54322275922671 0.001316598 0.024131397 0.000359966 0.0043385834 50.97 





=================================================
new best net in 14
TRAINING result
accuracy   = 99.997 [%]
hit_count  = 9378748
miss_count = 324

class_accuracy = 100.0%   99.983%   


confusion_matrix = 
7488328	 319	 
5	 1890420	 



TESTING result
accuracy   = 98.543 [%]
hit_count  = 143542
miss_count = 2122

class_accuracy = 99.552%   94.553%   


confusion_matrix = 
115718	 1602	 
520	 27824	 




15 99.99738780126648 98.58647297891036 0.0011679886 0.02265953 0.00032117293 0.004110317 50.39 





=================================================
new best net in 15
TRAINING result
accuracy   = 99.997 [%]
hit_count  = 9378827
miss_count = 245

class_accuracy = 100.0%   99.987%   


confusion_matrix = 
7493192	 243	 
2	 1885635	 



TESTING result
accuracy   = 98.586 [%]
hit_count  = 143605
miss_count = 2059

class_accuracy = 99.634%   94.439%   


confusion_matrix = 
115837	 1634	 
425	 27768	 




16 99.9980275234053 98.76221990333919 0.0010554361 0.022745375 0.00030115555 0.00411845 49.81 





=================================================
new best net in 16
TRAINING result
accuracy   = 99.998 [%]
hit_count  = 9378887
miss_count = 185

class_accuracy = 100.0%   99.99%   


confusion_matrix = 
7491270	 184	 
1	 1887617	 



TESTING result
accuracy   = 98.762 [%]
hit_count  = 143861
miss_count = 1803

class_accuracy = 99.599%   95.406%   


confusion_matrix = 
116072	 1337	 
466	 27789	 




17 99.99846466686682 98.80066454305799 0.00096867344 0.021302685 0.00027934628 0.0038416458 49.23 





=================================================
new best net in 17
TRAINING result
accuracy   = 99.998 [%]
hit_count  = 9378928
miss_count = 144

class_accuracy = 100.0%   99.992%   


confusion_matrix = 
7491010	 143	 
1	 1887918	 



TESTING result
accuracy   = 98.801 [%]
hit_count  = 143917
miss_count = 1747

class_accuracy = 99.618%   95.525%   


confusion_matrix = 
116081	 1303	 
444	 27836	 




18 99.99885916218577 98.85627196836555 0.0008921143 0.019787977 0.00025571056 0.003836418 48.63 





=================================================
new best net in 18
TRAINING result
accuracy   = 99.999 [%]
hit_count  = 9378965
miss_count = 107

class_accuracy = 100.0%   99.994%   


confusion_matrix = 
7491495	 106	 
1	 1887470	 



TESTING result
accuracy   = 98.856 [%]
hit_count  = 143998
miss_count = 1666

class_accuracy = 99.621%   95.796%   


confusion_matrix = 
116041	 1226	 
440	 27957	 




19 99.99884850015012 98.8487203427065 0.00083336956 0.020540494 0.00024161342 0.003906194 48.05 

20 99.99921100936211 98.87618079964851 0.00077824976 0.019929739 0.00023263946 0.003961231 47.47 





=================================================
new best net in 20
TRAINING result
accuracy   = 99.999 [%]
hit_count  = 9378998
miss_count = 74

class_accuracy = 100.0%   99.996%   


confusion_matrix = 
7490212	 73	 
1	 1888786	 



TESTING result
accuracy   = 98.876 [%]
hit_count  = 144027
miss_count = 1637

class_accuracy = 99.604%   95.913%   


confusion_matrix = 
116430	 1175	 
462	 27597	 




21 99.99920034732648 98.88098637961336 0.00072970876 0.018949943 0.0002198523 0.0039319843 46.86 





=================================================
new best net in 21
TRAINING result
accuracy   = 99.999 [%]
hit_count  = 9378997
miss_count = 75

class_accuracy = 100.0%   99.996%   


confusion_matrix = 
7491041	 75	 
0	 1887956	 



TESTING result
accuracy   = 98.881 [%]
hit_count  = 144034
miss_count = 1630

class_accuracy = 99.671%   95.721%   


confusion_matrix = 
116096	 1248	 
382	 27938	 




22 99.99941358803942 98.88441893673111 0.0006873315 0.018777294 0.00020861707 0.0038016548 46.26 





=================================================
new best net in 22
TRAINING result
accuracy   = 99.999 [%]
hit_count  = 9379017
miss_count = 55

class_accuracy = 100.0%   99.997%   


confusion_matrix = 
7492756	 55	 
0	 1886261	 



TESTING result
accuracy   = 98.884 [%]
hit_count  = 144039
miss_count = 1625

class_accuracy = 99.691%   95.631%   


confusion_matrix = 
116305	 1266	 
359	 27734	 




23 99.99926431954036 98.89677614235501 0.0006504658 0.018913096 0.0002022778 0.003935362 45.68 





=================================================
new best net in 23
TRAINING result
accuracy   = 99.999 [%]
hit_count  = 9379003
miss_count = 69

class_accuracy = 100.0%   99.996%   


confusion_matrix = 
7490999	 68	 
1	 1888004	 



TESTING result
accuracy   = 98.897 [%]
hit_count  = 144057
miss_count = 1607

class_accuracy = 99.693%   95.757%   


confusion_matrix = 
115799	 1251	 
356	 28258	 




24 99.99950954636024 98.92011753075572 0.0006174774 0.017590499 0.00019321835 0.003922697 45.06 





=================================================
new best net in 24
TRAINING result
accuracy   = 100.0 [%]
hit_count  = 9379026
miss_count = 46

class_accuracy = 100.0%   99.998%   


confusion_matrix = 
7490878	 44	 
2	 1888148	 



TESTING result
accuracy   = 98.92 [%]
hit_count  = 144091
miss_count = 1573

class_accuracy = 99.719%   95.76%   


confusion_matrix = 
115908	 1247	 
326	 28183	 




25 99.99960550468106 98.86862917398946 0.0005876157 0.017990492 0.00018334339 0.003746752 44.48 

26 99.999637490788 98.91119288224957 0.00056039623 0.017079443 0.00017675226 0.0038261514 43.9 

27 99.99962682875235 98.88373242530756 0.0005366694 0.018315967 0.00017059456 0.0038759606 43.31 

28 99.99970146300188 98.91805799648506 0.0005141952 0.01789404 0.00016141353 0.0035401327 42.72 

29 99.99971212503753 98.97847100175747 0.000495712 0.017410941 0.00015959058 0.0037676855 42.13 





=================================================
new best net in 29
TRAINING result
accuracy   = 100.0 [%]
hit_count  = 9379045
miss_count = 27

class_accuracy = 100.0%   99.999%   


confusion_matrix = 
7490000	 27	 
0	 1889045	 



TESTING result
accuracy   = 98.978 [%]
hit_count  = 144176
miss_count = 1488

class_accuracy = 99.721%   95.996%   


confusion_matrix = 
116248	 1164	 
324	 27928	 




30 99.999637490788 98.93796682776801 0.00047805632 0.0177691 0.00015576337 0.0038286655 41.57 

31 99.99979742132271 98.99700681019333 0.00046023927 0.016511256 0.00014806194 0.0036422866 40.96 





=================================================
new best net in 31
TRAINING result
accuracy   = 100.0 [%]
hit_count  = 9379053
miss_count = 19

class_accuracy = 100.0%   99.999%   


confusion_matrix = 
7489878	 18	 
1	 1889175	 



TESTING result
accuracy   = 98.997 [%]
hit_count  = 144203
miss_count = 1461

class_accuracy = 99.757%   95.983%   


confusion_matrix = 
116005	 1179	 
282	 28198	 




32 99.99980808335836 99.01416959578208 0.00044507612 0.017110715 0.00014606217 0.0036126336 40.37 





=================================================
new best net in 32
TRAINING result
accuracy   = 100.0 [%]
hit_count  = 9379054
miss_count = 18

class_accuracy = 100.0%   99.999%   


confusion_matrix = 
7490812	 18	 
0	 1888242	 



TESTING result
accuracy   = 99.014 [%]
hit_count  = 144228
miss_count = 1436

class_accuracy = 99.764%   96.026%   


confusion_matrix = 
116128	 1162	 
274	 28100	 




33 99.9998400694653 99.02309424428823 0.00042895565 0.01610598 0.00013896334 0.0035159446 39.76 





=================================================
new best net in 33
TRAINING result
accuracy   = 100.0 [%]
hit_count  = 9379057
miss_count = 15

class_accuracy = 100.0%   99.999%   


confusion_matrix = 
7490481	 15	 
0	 1888576	 



TESTING result
accuracy   = 99.023 [%]
hit_count  = 144241
miss_count = 1423

class_accuracy = 99.758%   96.073%   


confusion_matrix = 
116281	 1142	 
281	 27960	 




34 99.999818745394 99.01279657293497 0.0004165952 0.015706973 0.00013882531 0.0035664532 39.17 

35 99.99985073150094 99.02172122144113 0.00040431606 0.016105065 0.00013613376 0.0038099727 38.58 

36 99.99987205557224 99.02652680140598 0.00039186966 0.01634652 0.00012891613 0.0037633535 38.0 





=================================================
new best net in 36
TRAINING result
accuracy   = 100.0 [%]
hit_count  = 9379060
miss_count = 12

class_accuracy = 100.0%   99.999%   


confusion_matrix = 
7491818	 12	 
0	 1887242	 



TESTING result
accuracy   = 99.027 [%]
hit_count  = 144246
miss_count = 1418

class_accuracy = 99.826%   95.865%   


confusion_matrix = 
116007	 1217	 
201	 28239	 




37 99.99982940742964 99.00799099297012 0.0003821573 0.016344126 0.0001311993 0.0037035015 37.43 

38 99.99986139353659 99.03819749560633 0.00037134302 0.016524969 0.00012269198 0.0035663128 36.83 





=================================================
new best net in 38
TRAINING result
accuracy   = 100.0 [%]
hit_count  = 9379059
miss_count = 13

class_accuracy = 100.0%   99.999%   


confusion_matrix = 
7491945	 13	 
0	 1887114	 



TESTING result
accuracy   = 99.038 [%]
hit_count  = 144263
miss_count = 1401

class_accuracy = 99.773%   96.129%   


confusion_matrix = 
115976	 1138	 
263	 28287	 




39 99.99987205557224 98.99357425307556 0.00036278533 0.016501227 0.00012246633 0.0037728138 36.24 

40 99.99985073150094 98.99151471880492 0.00035488248 0.01649927 0.000119695134 0.0035801267 35.65 

41 99.99991470371482 98.96885984182776 0.00034536453 0.016341362 0.00011568432 0.0034760495 35.06 

42 99.99989337964352 99.07389608963094 0.0003375083 0.01579572 0.000116697396 0.0036236777 34.45 





=================================================
new best net in 42
TRAINING result
accuracy   = 100.0 [%]
hit_count  = 9379062
miss_count = 10

class_accuracy = 100.0%   99.999%   


confusion_matrix = 
7491032	 9	 
1	 1888030	 



TESTING result
accuracy   = 99.074 [%]
hit_count  = 144315
miss_count = 1349

class_accuracy = 99.824%   96.089%   


confusion_matrix = 
116160	 1145	 
204	 28155	 




43 99.99993602778612 98.95512961335676 0.0003290204 0.016634116 0.00010907561 0.0034602578 33.87 

44 99.99993602778612 99.02652680140598 0.0003248626 0.015065289 0.00011490339 0.0034774244 33.32 

45 99.99991470371482 99.06222539543057 0.00031545726 0.015226163 0.00010464952 0.0033961234 32.7 

46 99.99996801389305 99.01966168717047 0.0003106944 0.015915679 0.00010218416 0.0033895392 32.1 

47 99.99991470371482 99.06771748681898 0.00030414955 0.015681218 0.00010250016 0.0035809483 31.5 

48 99.99998933796435 99.03064586994728 0.00029772826 0.016146565 0.00010726321 0.003730847 30.91 

49 99.99996801389305 99.04849516695958 0.00029093956 0.016399259 9.7857395e-05 0.0036284188 30.29 

50 99.99998933796435 99.01211006151142 0.00028554586 0.016381977 9.42799e-05 0.0035694428 29.69 

51 100.0 99.05879283831283 0.00027962393 0.015910339 9.232178e-05 0.0035640465 29.08 

52 99.99996801389305 98.96817333040421 0.00027490398 0.016151894 9.399768e-05 0.0035937908 28.55 

53 99.9999786759287 99.06565795254834 0.00027053998 0.015434286 9.389387e-05 0.0034230591 27.95 

54 99.99994668982177 99.10204305799648 0.0002646319 0.01481971 9.153912e-05 0.0033018368 27.34 





=================================================
new best net in 54
TRAINING result
accuracy   = 100.0 [%]
hit_count  = 9379067
miss_count = 5

class_accuracy = 100.0%   100.0%   


confusion_matrix = 
7492640	 5	 
0	 1886427	 



TESTING result
accuracy   = 99.102 [%]
hit_count  = 144356
miss_count = 1308

class_accuracy = 99.879%   95.969%   


confusion_matrix = 
116524	 1168	 
140	 27832	 




55 99.99990404167917 99.07458260105449 0.00026087384 0.015861792 8.9036854e-05 0.0034285034 26.75 

56 99.99998933796435 99.09449143233743 0.00025655414 0.014797933 8.685256e-05 0.0033057712 26.15 

57 99.99995735185742 99.12195188927944 0.00025298152 0.016170498 8.647055e-05 0.0032947983 25.57 





=================================================
new best net in 57
TRAINING result
accuracy   = 100.0 [%]
hit_count  = 9379068
miss_count = 4

class_accuracy = 100.0%   100.0%   


confusion_matrix = 
7490727	 4	 
0	 1888341	 



TESTING result
accuracy   = 99.122 [%]
hit_count  = 144385
miss_count = 1279

class_accuracy = 99.858%   96.195%   


confusion_matrix = 
116175	 1115	 
164	 28210	 




58 99.99996801389305 99.02789982425307 0.00024856965 0.015349125 8.383395e-05 0.003524135 25.1 

59 99.99996801389305 99.02789982425307 0.00024446007 0.016207706 8.8546134e-05 0.0036128627 24.64 

60 100.0 99.04986818980667 0.00024104858 0.015778806 8.1255566e-05 0.003401985 24.14 

61 100.0 99.05810632688927 0.0002379741 0.016179144 8.02408e-05 0.003350218 23.63 

62 99.99996801389305 99.04712214411248 0.00023506256 0.015775822 8.115192e-05 0.003515435 23.12 

63 99.9999786759287 99.07732864674868 0.00023116631 0.015453399 7.982272e-05 0.0035041121 22.58 

64 99.9999786759287 98.97915751318102 0.00022718147 0.016536515 7.782059e-05 0.0035228168 22.04 

65 99.9999786759287 99.06977702108964 0.00022619317 0.016080968 8.265293e-05 0.0035094323 21.49 

66 100.0 99.04437609841828 0.00022154856 0.015382958 7.419456e-05 0.003407841 20.92 

67 99.9999786759287 99.09311840949033 0.00021940106 0.015396577 7.7492485e-05 0.0033363684 20.36 

68 99.9999786759287 99.02103471001757 0.00021537273 0.016749736 7.6485005e-05 0.0035194384 19.8 

69 99.99998933796435 99.05536028119508 0.00021285504 0.016399216 7.2486306e-05 0.0034432306 19.25 

70 99.99998933796435 99.05536028119508 0.00021040316 0.01598477 7.6910015e-05 0.0036096775 18.72 

71 100.0 99.03201889279438 0.00020923324 0.014904788 7.519612e-05 0.003606413 18.13 

72 100.0 99.06497144112478 0.0002054899 0.014975593 6.7823275e-05 0.003517829 17.52 

73 99.99996801389305 99.04643563268893 0.00020303848 0.016753068 7.432915e-05 0.003858723 16.91 

74 100.0 99.08488027240773 0.00019988607 0.016047208 7.7738405e-05 0.0033606142 16.29 

75 99.99998933796435 99.10753514938489 0.00019752452 0.016158765 6.537789e-05 0.0035738037 15.68 

76 99.9999786759287 99.07320957820738 0.00019600883 0.015155434 6.866507e-05 0.0033810113 15.06 

77 99.99998933796435 99.08144771528998 0.00019368694 0.015453803 6.918005e-05 0.0034392886 14.44 

78 99.99998933796435 99.11028119507908 0.00019069598 0.015516308 6.938666e-05 0.003376864 13.81 

79 100.0 99.09517794376099 0.00018779676 0.015750712 6.433099e-05 0.0036398259 13.19 

80 99.99998933796435 99.10410259226714 0.00018620401 0.015617283 7.065425e-05 0.003510062 12.57 

81 99.99996801389305 99.10272956942003 0.0001849062 0.014816898 7.225432e-05 0.003451065 11.94 

82 99.99996801389305 99.03476493848858 0.00018244852 0.01605386 7.1980816e-05 0.003475653 11.31 

83 100.0 99.16176955184534 0.00017899052 0.015128861 6.2823514e-05 0.0035039356 10.69 





=================================================
new best net in 83
TRAINING result
accuracy   = 100.0 [%]
hit_count  = 9379072
miss_count = 0

class_accuracy = 100.0%   100.0%   


confusion_matrix = 
7491596	 0	 
0	 1887476	 



TESTING result
accuracy   = 99.162 [%]
hit_count  = 144443
miss_count = 1221

class_accuracy = 99.906%   96.188%   


confusion_matrix = 
116336	 1113	 
108	 28107	 




84 100.0 99.09105887521969 0.00017732591 0.015853154 6.3916246e-05 0.0034820477 10.06 

85 100.0 99.09998352372584 0.00017501372 0.015589882 6.131365e-05 0.0035993196 9.44 

86 100.0 99.06840399824253 0.00017274325 0.015851831 5.640271e-05 0.0035228403 8.81 

87 99.99998933796435 99.16108304042179 0.00017162153 0.015575606 6.458034e-05 0.0034323432 8.19 

88 99.99996801389305 99.10753514938489 0.00016934492 0.016222104 6.3119915e-05 0.00354589 7.56 

89 100.0 99.05261423550088 0.00016759493 0.015754301 5.774411e-05 0.0037243601 6.93 

90 100.0 99.10410259226714 0.00016541332 0.013657779 5.765031e-05 0.0032793868 6.3 

91 100.0 99.06771748681898 0.00016406017 0.014574933 5.485147e-05 0.0033595813 5.67 

92 100.0 99.13362258347979 0.0001617782 0.014879929 5.750644e-05 0.0032972672 5.04 

93 100.0 99.08144771528998 0.00016038463 0.014910033 5.83613e-05 0.0034764505 4.41 

94 99.99998933796435 99.04163005272407 0.00015811244 0.014772671 5.514221e-05 0.0034769773 3.78 

95 99.99998933796435 99.10547561511423 0.00015657337 0.015182599 5.318412e-05 0.0036431113 3.12 

96 99.99996801389305 99.04712214411248 0.00015505678 0.0151486425 6.1071485e-05 0.0038218065 2.38 

97 100.0 99.07938818101933 0.0001531783 0.015345305 5.1739382e-05 0.0032254024 1.7 

98 100.0 99.12401142355009 0.00015161111 0.014298173 5.196215e-05 0.003376471 1.09 

99 99.99998933796435 99.04986818980667 0.0001503486 0.013400673 5.870927e-05 0.0037390843 0.52 

