loading  /home/jasencakova/dataset/cells/priamy_kanal/sim_2xKSin1_D_hct15_seed5_rigid31_2_from1466000cy/rbc0_sim_2xKSin1_D_hct15_seed5_rigid31_2_from1466000cy.dat
shape =  (12, 990)
990
loading  /home/jasencakova/dataset/cells/priamy_kanal/sim_2xKSin1_D_hct15_seed5_rigid31_2_from1466000cy/rbc1_sim_2xKSin1_D_hct15_seed5_rigid31_2_from1466000cy.dat
shape =  (12, 990)
990
loading  /home/jasencakova/dataset/cells/priamy_kanal/sim_2xKSin1_D_hct15_seed5_rigid31_2_from1466000cy/rbc2_sim_2xKSin1_D_hct15_seed5_rigid31_2_from1466000cy.dat
shape =  (12, 989)
989
loading  /home/jasencakova/dataset/cells/priamy_kanal/sim_2xKSin1_D_hct15_seed5_rigid31_2_from1466000cy/rbc3_sim_2xKSin1_D_hct15_seed5_rigid31_2_from1466000cy.dat
shape =  (12, 989)
989
loading  /home/jasencakova/dataset/cells/priamy_kanal/sim_2xKSin1_D_hct15_seed5_rigid31_2_from1466000cy/rbc4_sim_2xKSin1_D_hct15_seed5_rigid31_2_from1466000cy.dat
shape =  (12, 989)
989
loading  /home/jasencakova/dataset/cells/priamy_kanal/sim_2xKSin1_D_hct15_seed5_rigid31_2_from1466000cy/rbc5_sim_2xKSin1_D_hct15_seed5_rigid31_2_from1466000cy.dat
shape =  (12, 989)
989
loading  /home/jasencakova/dataset/cells/priamy_kanal/sim_2xKSin1_D_hct15_seed5_rigid31_2_from1466000cy/rbc6_sim_2xKSin1_D_hct15_seed5_rigid31_2_from1466000cy.dat
shape =  (12, 989)
989
loading  /home/jasencakova/dataset/cells/priamy_kanal/sim_2xKSin1_D_hct15_seed5_rigid31_2_from1466000cy/rbc7_sim_2xKSin1_D_hct15_seed5_rigid31_2_from1466000cy.dat
shape =  (12, 989)
989
loading  /home/jasencakova/dataset/cells/priamy_kanal/sim_2xKSin1_D_hct15_seed5_rigid31_2_from1466000cy/rbc8_sim_2xKSin1_D_hct15_seed5_rigid31_2_from1466000cy.dat
shape =  (12, 989)
989
loading  /home/jasencakova/dataset/cells/priamy_kanal/sim_2xKSin1_D_hct15_seed5_rigid31_2_from1466000cy/rbc9_sim_2xKSin1_D_hct15_seed5_rigid31_2_from1466000cy.dat
shape =  (12, 989)
989
loading  /home/jasencakova/dataset/cells/priamy_kanal/sim_2xKSin1_D_hct15_seed5_rigid31_2_from1466000cy/rbc10_sim_2xKSin1_D_hct15_seed5_rigid31_2_from1466000cy.dat
shape =  (12, 990)
989
loading  /home/jasencakova/dataset/cells/priamy_kanal/sim_2xKSin1_D_hct15_seed5_rigid31_2_from1466000cy/rbc11_sim_2xKSin1_D_hct15_seed5_rigid31_2_from1466000cy.dat
shape =  (12, 990)
989
loading  /home/jasencakova/dataset/cells/priamy_kanal/sim_2xKSin1_D_hct15_seed5_rigid31_2_from1466000cy/rbc12_sim_2xKSin1_D_hct15_seed5_rigid31_2_from1466000cy.dat
shape =  (12, 990)
989
loading  /home/jasencakova/dataset/cells/priamy_kanal/sim_2xKSin1_D_hct15_seed5_rigid31_2_from1466000cy/rbc13_sim_2xKSin1_D_hct15_seed5_rigid31_2_from1466000cy.dat
shape =  (12, 990)
989
loading  /home/jasencakova/dataset/cells/priamy_kanal/sim_2xKSin1_D_hct15_seed5_rigid31_2_from1466000cy/rbc14_sim_2xKSin1_D_hct15_seed5_rigid31_2_from1466000cy.dat
shape =  (12, 990)
989
loading  /home/jasencakova/dataset/cells/priamy_kanal/sim_2xKSin1_D_hct15_seed5_rigid31_2_from1466000cy/rbc15_sim_2xKSin1_D_hct15_seed5_rigid31_2_from1466000cy.dat
shape =  (12, 990)
989
loading  /home/jasencakova/dataset/cells/priamy_kanal/sim_2xKSin1_D_hct15_seed5_rigid31_2_from1466000cy/rbc16_sim_2xKSin1_D_hct15_seed5_rigid31_2_from1466000cy.dat
shape =  (12, 989)
989
loading  /home/jasencakova/dataset/cells/priamy_kanal/sim_2xKSin1_D_hct15_seed5_rigid31_2_from1466000cy/rbc17_sim_2xKSin1_D_hct15_seed5_rigid31_2_from1466000cy.dat
shape =  (12, 989)
989
loading  /home/jasencakova/dataset/cells/priamy_kanal/sim_2xKSin1_D_hct15_seed5_rigid31_2_from1466000cy/rbc18_sim_2xKSin1_D_hct15_seed5_rigid31_2_from1466000cy.dat
shape =  (12, 989)
989
loading  /home/jasencakova/dataset/cells/priamy_kanal/sim_2xKSin1_D_hct15_seed5_rigid31_2_from1466000cy/rbc19_sim_2xKSin1_D_hct15_seed5_rigid31_2_from1466000cy.dat
shape =  (12, 989)
989
loading  /home/jasencakova/dataset/cells/priamy_kanal/sim_2xKSin1_D_hct15_seed5_rigid31_2_from1466000cy/rbc20_sim_2xKSin1_D_hct15_seed5_rigid31_2_from1466000cy.dat
shape =  (12, 989)
989
loading  /home/jasencakova/dataset/cells/priamy_kanal/sim_2xKSin1_D_hct15_seed5_rigid31_2_from1466000cy/rbc21_sim_2xKSin1_D_hct15_seed5_rigid31_2_from1466000cy.dat
shape =  (12, 989)
989
loading  /home/jasencakova/dataset/cells/priamy_kanal/sim_2xKSin1_D_hct15_seed5_rigid31_2_from1466000cy/rbc22_sim_2xKSin1_D_hct15_seed5_rigid31_2_from1466000cy.dat
shape =  (12, 989)
989
loading  /home/jasencakova/dataset/cells/priamy_kanal/sim_2xKSin1_D_hct15_seed5_rigid31_2_from1466000cy/rbc23_sim_2xKSin1_D_hct15_seed5_rigid31_2_from1466000cy.dat
shape =  (12, 989)
989
loading  /home/jasencakova/dataset/cells/priamy_kanal/sim_2xKSin1_D_hct15_seed5_rigid31_2_from1466000cy/rbc24_sim_2xKSin1_D_hct15_seed5_rigid31_2_from1466000cy.dat
shape =  (12, 989)
989
loading  /home/jasencakova/dataset/cells/priamy_kanal/sim_2xKSin1_D_hct15_seed5_rigid31_2_from1466000cy/rbc25_sim_2xKSin1_D_hct15_seed5_rigid31_2_from1466000cy.dat
shape =  (12, 989)
989
loading  /home/jasencakova/dataset/cells/priamy_kanal/sim_2xKSin1_D_hct15_seed5_rigid31_2_from1466000cy/rbc26_sim_2xKSin1_D_hct15_seed5_rigid31_2_from1466000cy.dat
shape =  (12, 989)
989
loading  /home/jasencakova/dataset/cells/priamy_kanal/sim_2xKSin1_D_hct15_seed5_rigid31_2_from1466000cy/rbc27_sim_2xKSin1_D_hct15_seed5_rigid31_2_from1466000cy.dat
shape =  (12, 989)
989
loading  /home/jasencakova/dataset/cells/priamy_kanal/sim_2xKSin1_D_hct15_seed5_rigid31_2_from1466000cy/rbc28_sim_2xKSin1_D_hct15_seed5_rigid31_2_from1466000cy.dat
shape =  (12, 989)
989
loading  /home/jasencakova/dataset/cells/priamy_kanal/sim_2xKSin1_D_hct15_seed5_rigid31_2_from1466000cy/rbc29_sim_2xKSin1_D_hct15_seed5_rigid31_2_from1466000cy.dat
shape =  (12, 989)
989
loading  /home/jasencakova/dataset/cells/priamy_kanal/sim_2xKSin1_D_hct15_seed5_rigid31_2_from1466000cy/rbc30_sim_2xKSin1_D_hct15_seed5_rigid31_2_from1466000cy.dat
shape =  (12, 989)
989
loading  /home/jasencakova/dataset/cells/priamy_kanal/sim_2xKSin1_D_hct15_seed5_rigid31_2_from1466000cy/rbc31_sim_2xKSin1_D_hct15_seed5_rigid31_2_from1466000cy.dat
shape =  (12, 989)
989
loading  /home/jasencakova/dataset/cells/priamy_kanal/sim_2xKSin1_D_hct15_seed5_rigid31_2_from1466000cy/rbc32_sim_2xKSin1_D_hct15_seed5_rigid31_2_from1466000cy.dat
shape =  (12, 989)
989
loading  /home/jasencakova/dataset/cells/priamy_kanal/sim_2xKSin1_D_hct15_seed5_rigid31_2_from1466000cy/rbc33_sim_2xKSin1_D_hct15_seed5_rigid31_2_from1466000cy.dat
shape =  (12, 989)
989
loading  /home/jasencakova/dataset/cells/priamy_kanal/sim_2xKSin1_D_hct15_seed5_rigid31_2_from1466000cy/rbc34_sim_2xKSin1_D_hct15_seed5_rigid31_2_from1466000cy.dat
shape =  (12, 989)
989
loading  /home/jasencakova/dataset/cells/priamy_kanal/sim_2xKSin1_D_hct15_seed5_rigid31_2_from1466000cy/rbc35_sim_2xKSin1_D_hct15_seed5_rigid31_2_from1466000cy.dat
shape =  (12, 989)
989
loading  /home/jasencakova/dataset/cells/priamy_kanal/sim_2xKSin1_D_hct15_seed5_rigid31_2_from1466000cy/rbc36_sim_2xKSin1_D_hct15_seed5_rigid31_2_from1466000cy.dat
shape =  (12, 989)
989
loading  /home/jasencakova/dataset/cells/priamy_kanal/sim_2xKSin1_D_hct15_seed5_rigid31_2_from1466000cy/rbc37_sim_2xKSin1_D_hct15_seed5_rigid31_2_from1466000cy.dat
shape =  (12, 989)
989
loading  /home/jasencakova/dataset/cells/priamy_kanal/sim_2xKSin1_D_hct15_seed5_rigid31_2_from1466000cy/rbc38_sim_2xKSin1_D_hct15_seed5_rigid31_2_from1466000cy.dat
shape =  (12, 989)
989
loading  /home/jasencakova/dataset/cells/priamy_kanal/sim_2xKSin1_D_hct15_seed5_rigid31_2_from1466000cy/rbc39_sim_2xKSin1_D_hct15_seed5_rigid31_2_from1466000cy.dat
shape =  (12, 989)
989
loading  /home/jasencakova/dataset/cells/priamy_kanal/sim_2xKSin1_D_hct15_seed5_rigid31_2_from1466000cy/rbc40_sim_2xKSin1_D_hct15_seed5_rigid31_2_from1466000cy.dat
shape =  (12, 989)
989
loading  /home/jasencakova/dataset/cells/priamy_kanal/sim_2xKSin1_D_hct15_seed5_rigid31_2_from1466000cy/rbc41_sim_2xKSin1_D_hct15_seed5_rigid31_2_from1466000cy.dat
shape =  (12, 989)
989
loading  /home/jasencakova/dataset/cells/priamy_kanal/sim_2xKSin1_D_hct15_seed5_rigid31_2_from1466000cy/rbc42_sim_2xKSin1_D_hct15_seed5_rigid31_2_from1466000cy.dat
shape =  (12, 989)
989
loading  /home/jasencakova/dataset/cells/priamy_kanal/sim_2xKSin1_D_hct15_seed5_rigid31_2_from1466000cy/rbc43_sim_2xKSin1_D_hct15_seed5_rigid31_2_from1466000cy.dat
shape =  (12, 989)
989
loading  /home/jasencakova/dataset/cells/priamy_kanal/sim_2xKSin1_D_hct15_seed5_rigid31_2_from1466000cy/rbc44_sim_2xKSin1_D_hct15_seed5_rigid31_2_from1466000cy.dat
shape =  (12, 989)
989
loading  /home/jasencakova/dataset/cells/priamy_kanal/sim_2xKSin1_D_hct15_seed5_rigid31_2_from1466000cy/rbc45_sim_2xKSin1_D_hct15_seed5_rigid31_2_from1466000cy.dat
shape =  (12, 989)
989
loading  /home/jasencakova/dataset/cells/priamy_kanal/sim_2xKSin1_D_hct15_seed5_rigid31_2_from1466000cy/rbc46_sim_2xKSin1_D_hct15_seed5_rigid31_2_from1466000cy.dat
shape =  (12, 989)
989
loading  /home/jasencakova/dataset/cells/priamy_kanal/sim_2xKSin1_D_hct15_seed5_rigid31_2_from1466000cy/rbc47_sim_2xKSin1_D_hct15_seed5_rigid31_2_from1466000cy.dat
shape =  (12, 989)
989
loading  /home/jasencakova/dataset/cells/priamy_kanal/sim_2xKSin1_D_hct15_seed5_rigid31_2_from1466000cy/rbc48_sim_2xKSin1_D_hct15_seed5_rigid31_2_from1466000cy.dat
shape =  (12, 989)
989
loading  /home/jasencakova/dataset/cells/priamy_kanal/sim_2xKSin1_D_hct15_seed5_rigid31_2_from1466000cy/rbc49_sim_2xKSin1_D_hct15_seed5_rigid31_2_from1466000cy.dat
shape =  (12, 989)
989
loading  /home/jasencakova/dataset/cells/priamy_kanal/sim_2xKSin1_D_hct15_seed5_rigid31_2_from1466000cy/rbc50_sim_2xKSin1_D_hct15_seed5_rigid31_2_from1466000cy.dat
shape =  (12, 989)
989
loading  /home/jasencakova/dataset/cells/priamy_kanal/sim_2xKSin1_D_hct15_seed5_rigid31_2_from1466000cy/rbc51_sim_2xKSin1_D_hct15_seed5_rigid31_2_from1466000cy.dat
shape =  (12, 989)
989
loading  /home/jasencakova/dataset/cells/priamy_kanal/sim_2xKSin1_D_hct15_seed5_rigid31_2_from1466000cy/rbc52_sim_2xKSin1_D_hct15_seed5_rigid31_2_from1466000cy.dat
shape =  (12, 989)
989
loading  /home/jasencakova/dataset/cells/priamy_kanal/sim_2xKSin1_D_hct15_seed5_rigid31_2_from1466000cy/rbc53_sim_2xKSin1_D_hct15_seed5_rigid31_2_from1466000cy.dat
shape =  (12, 989)
989
loading  /home/jasencakova/dataset/cells/priamy_kanal/sim_2xKSin1_D_hct15_seed5_rigid31_2_from1466000cy/rbc54_sim_2xKSin1_D_hct15_seed5_rigid31_2_from1466000cy.dat
shape =  (12, 989)
989
loading  /home/jasencakova/dataset/cells/priamy_kanal/sim_2xKSin1_D_hct15_seed5_rigid31_2_from1466000cy/rbc55_sim_2xKSin1_D_hct15_seed5_rigid31_2_from1466000cy.dat
shape =  (12, 989)
989
loading  /home/jasencakova/dataset/cells/priamy_kanal/sim_2xKSin1_D_hct15_seed5_rigid31_2_from1466000cy/rbc56_sim_2xKSin1_D_hct15_seed5_rigid31_2_from1466000cy.dat
shape =  (12, 989)
989
loading  /home/jasencakova/dataset/cells/priamy_kanal/sim_2xKSin1_D_hct15_seed5_rigid31_2_from1466000cy/rbc57_sim_2xKSin1_D_hct15_seed5_rigid31_2_from1466000cy.dat
shape =  (12, 989)
989
loading  /home/jasencakova/dataset/cells/priamy_kanal/sim_2xKSin1_D_hct15_seed5_rigid31_2_from1466000cy/rbc58_sim_2xKSin1_D_hct15_seed5_rigid31_2_from1466000cy.dat
shape =  (12, 989)
989
loading  /home/jasencakova/dataset/cells/priamy_kanal/sim_2xKSin1_D_hct15_seed5_rigid31_2_from1466000cy/rbc59_sim_2xKSin1_D_hct15_seed5_rigid31_2_from1466000cy.dat
shape =  (12, 989)
989
loading  /home/jasencakova/dataset/cells/priamy_kanal/sim_2xKSin1_D_hct15_seed5_rigid31_2_from1466000cy/rbc60_sim_2xKSin1_D_hct15_seed5_rigid31_2_from1466000cy.dat
shape =  (12, 989)
989
loading  /home/jasencakova/dataset/cells/priamy_kanal/sim_2xKSin1_D_hct15_seed5_rigid31_2_from1466000cy/rbc61_sim_2xKSin1_D_hct15_seed5_rigid31_2_from1466000cy.dat
shape =  (12, 989)
989
loading  /home/jasencakova/dataset/cells/priamy_kanal/sim_2xKSin1_D_hct15_seed5_rigid31_2_from1466000cy/rbc62_sim_2xKSin1_D_hct15_seed5_rigid31_2_from1466000cy.dat
shape =  (12, 989)
989
loading  /home/jasencakova/dataset/cells/priamy_kanal/sim_2xKSin1_D_hct15_seed5_rigid31_2_from1466000cy/rbc63_sim_2xKSin1_D_hct15_seed5_rigid31_2_from1466000cy.dat
shape =  (12, 989)
989
loading  /home/jasencakova/dataset/cells/priamy_kanal/sim_2xKSin1_D_hct15_seed5_rigid31_2_from1466000cy/rbc64_sim_2xKSin1_D_hct15_seed5_rigid31_2_from1466000cy.dat
shape =  (12, 989)
989
loading  /home/jasencakova/dataset/cells/priamy_kanal/sim_2xKSin1_D_hct15_seed5_rigid31_2_from1466000cy/rbc65_sim_2xKSin1_D_hct15_seed5_rigid31_2_from1466000cy.dat
shape =  (12, 989)
989
loading  /home/jasencakova/dataset/cells/priamy_kanal/sim_2xKSin1_D_hct15_seed5_rigid31_2_from1466000cy/rbc66_sim_2xKSin1_D_hct15_seed5_rigid31_2_from1466000cy.dat
shape =  (12, 989)
989
loading  /home/jasencakova/dataset/cells/priamy_kanal/sim_2xKSin1_D_hct15_seed5_rigid31_2_from1466000cy/rbc67_sim_2xKSin1_D_hct15_seed5_rigid31_2_from1466000cy.dat
shape =  (12, 989)
989
loading  /home/jasencakova/dataset/cells/priamy_kanal/sim_2xKSin1_D_hct15_seed5_rigid31_2_from1466000cy/rbc68_sim_2xKSin1_D_hct15_seed5_rigid31_2_from1466000cy.dat
shape =  (12, 989)
989
loading  /home/jasencakova/dataset/cells/priamy_kanal/sim_2xKSin1_D_hct15_seed5_rigid31_2_from1466000cy/rbc69_sim_2xKSin1_D_hct15_seed5_rigid31_2_from1466000cy.dat
shape =  (12, 989)
989
loading  /home/jasencakova/dataset/cells/priamy_kanal/sim_2xKSin1_D_hct15_seed5_rigid31_2_from1466000cy/rbc70_sim_2xKSin1_D_hct15_seed5_rigid31_2_from1466000cy.dat
shape =  (12, 989)
989
loading  /home/jasencakova/dataset/cells/priamy_kanal/sim_2xKSin1_D_hct15_seed5_rigid31_2_from1466000cy/rbc71_sim_2xKSin1_D_hct15_seed5_rigid31_2_from1466000cy.dat
shape =  (12, 989)
989
loading  /home/jasencakova/dataset/cells/priamy_kanal/sim_2xKSin1_D_hct15_seed5_rigid31_2_from1466000cy/rbc72_sim_2xKSin1_D_hct15_seed5_rigid31_2_from1466000cy.dat
shape =  (12, 989)
989
loading  /home/jasencakova/dataset/cells/priamy_kanal/sim_2xKSin1_D_hct15_seed5_rigid31_2_from1466000cy/rbc73_sim_2xKSin1_D_hct15_seed5_rigid31_2_from1466000cy.dat
shape =  (12, 989)
989
loading  /home/jasencakova/dataset/cells/priamy_kanal/sim_2xKSin1_D_hct15_seed5_rigid31_2_from1466000cy/rbc74_sim_2xKSin1_D_hct15_seed5_rigid31_2_from1466000cy.dat
shape =  (12, 989)
989
loading  /home/jasencakova/dataset/cells/priamy_kanal/sim_2xKSin1_D_hct15_seed5_rigid31_2_from1466000cy/rbc75_sim_2xKSin1_D_hct15_seed5_rigid31_2_from1466000cy.dat
shape =  (12, 989)
989
loading  /home/jasencakova/dataset/cells/priamy_kanal/sim_2xKSin1_D_hct15_seed5_rigid31_2_from1466000cy/rbc76_sim_2xKSin1_D_hct15_seed5_rigid31_2_from1466000cy.dat
shape =  (12, 989)
989
loading  /home/jasencakova/dataset/cells/priamy_kanal/sim_2xKSin1_D_hct15_seed5_rigid31_2_from1466000cy/rbc77_sim_2xKSin1_D_hct15_seed5_rigid31_2_from1466000cy.dat
shape =  (12, 989)
989
loading  /home/jasencakova/dataset/cells/priamy_kanal/sim_2xKSin1_D_hct15_seed5_rigid31_2_from1466000cy/rbc78_sim_2xKSin1_D_hct15_seed5_rigid31_2_from1466000cy.dat
shape =  (12, 989)
989
loading  /home/jasencakova/dataset/cells/priamy_kanal/sim_2xKSin1_D_hct15_seed5_rigid31_2_from1466000cy/rbc79_sim_2xKSin1_D_hct15_seed5_rigid31_2_from1466000cy.dat
shape =  (12, 989)
989
loading  /home/jasencakova/dataset/cells/priamy_kanal/sim_2xKSin1_D_hct15_seed5_rigid31_2_from1466000cy/rbc80_sim_2xKSin1_D_hct15_seed5_rigid31_2_from1466000cy.dat
shape =  (12, 989)
989
loading  /home/jasencakova/dataset/cells/priamy_kanal/sim_2xKSin1_D_hct15_seed5_rigid31_2_from1466000cy/rbc81_sim_2xKSin1_D_hct15_seed5_rigid31_2_from1466000cy.dat
shape =  (12, 989)
989
loading  /home/jasencakova/dataset/cells/priamy_kanal/sim_2xKSin1_D_hct15_seed5_rigid31_2_from1466000cy/rbc82_sim_2xKSin1_D_hct15_seed5_rigid31_2_from1466000cy.dat
shape =  (12, 989)
989
loading  /home/jasencakova/dataset/cells/priamy_kanal/sim_2xKSin1_D_hct15_seed5_rigid31_2_from1466000cy/rbc83_sim_2xKSin1_D_hct15_seed5_rigid31_2_from1466000cy.dat
shape =  (12, 989)
989
loading  /home/jasencakova/dataset/cells/priamy_kanal/sim_2xKSin1_D_hct15_seed5_rigid31_2_from1466000cy/rbc84_sim_2xKSin1_D_hct15_seed5_rigid31_2_from1466000cy.dat
shape =  (12, 989)
989
loading  /home/jasencakova/dataset/cells/priamy_kanal/sim_2xKSin1_D_hct15_seed5_rigid31_2_from1466000cy/rbc85_sim_2xKSin1_D_hct15_seed5_rigid31_2_from1466000cy.dat
shape =  (12, 989)
989
loading  /home/jasencakova/dataset/cells/priamy_kanal/sim_2xKSin1_D_hct15_seed5_rigid31_2_from1466000cy/rbc86_sim_2xKSin1_D_hct15_seed5_rigid31_2_from1466000cy.dat
shape =  (12, 989)
989
loading  /home/jasencakova/dataset/cells/priamy_kanal/sim_2xKSin1_D_hct15_seed5_rigid31_2_from1466000cy/rbc87_sim_2xKSin1_D_hct15_seed5_rigid31_2_from1466000cy.dat
shape =  (12, 989)
989
loading  /home/jasencakova/dataset/cells/priamy_kanal/sim_2xKSin1_D_hct15_seed5_rigid31_2_from1466000cy/rbc88_sim_2xKSin1_D_hct15_seed5_rigid31_2_from1466000cy.dat
shape =  (12, 989)
989
loading  /home/jasencakova/dataset/cells/priamy_kanal/sim_2xKSin1_D_hct15_seed5_rigid31_2_from1466000cy/rbc89_sim_2xKSin1_D_hct15_seed5_rigid31_2_from1466000cy.dat
shape =  (12, 989)
989
loading  /home/jasencakova/dataset/cells/priamy_kanal/sim_2xKSin1_D_hct15_seed5_rigid31_2_from1466000cy/rbc90_sim_2xKSin1_D_hct15_seed5_rigid31_2_from1466000cy.dat
shape =  (12, 989)
989
loading  /home/jasencakova/dataset/cells/priamy_kanal/sim_2xKSin1_D_hct15_seed5_rigid31_2_from1466000cy/rbc91_sim_2xKSin1_D_hct15_seed5_rigid31_2_from1466000cy.dat
shape =  (12, 989)
989
loading  /home/jasencakova/dataset/cells/priamy_kanal/sim_2xKSin1_D_hct15_seed5_rigid31_2_from1466000cy/rbc92_sim_2xKSin1_D_hct15_seed5_rigid31_2_from1466000cy.dat
shape =  (12, 989)
989
loading  /home/jasencakova/dataset/cells/priamy_kanal/sim_2xKSin1_D_hct15_seed5_rigid31_2_from1466000cy/rbc93_sim_2xKSin1_D_hct15_seed5_rigid31_2_from1466000cy.dat
shape =  (12, 989)
989
loading  /home/jasencakova/dataset/cells/priamy_kanal/sim_2xKSin1_D_hct15_seed5_rigid31_2_from1466000cy/rbc94_sim_2xKSin1_D_hct15_seed5_rigid31_2_from1466000cy.dat
shape =  (12, 989)
989
loading  /home/jasencakova/dataset/cells/priamy_kanal/sim_2xKSin1_D_hct15_seed5_rigid31_2_from1466000cy/rbc95_sim_2xKSin1_D_hct15_seed5_rigid31_2_from1466000cy.dat
shape =  (12, 989)
989
loading  /home/jasencakova/dataset/cells/priamy_kanal/sim_2xKSin1_D_hct15_seed5_rigid31_2_from1466000cy/rbc96_sim_2xKSin1_D_hct15_seed5_rigid31_2_from1466000cy.dat
shape =  (12, 989)
989
loading  /home/jasencakova/dataset/cells/priamy_kanal/sim_2xKSin1_D_hct15_seed5_rigid31_2_from1466000cy/rbc97_sim_2xKSin1_D_hct15_seed5_rigid31_2_from1466000cy.dat
shape =  (12, 989)
989
loading  /home/jasencakova/dataset/cells/priamy_kanal/sim_2xKSin1_D_hct15_seed5_rigid31_2_from1466000cy/rbc98_sim_2xKSin1_D_hct15_seed5_rigid31_2_from1466000cy.dat
shape =  (12, 989)
989
loading  /home/jasencakova/dataset/cells/priamy_kanal/sim_2xKSin1_D_hct15_seed5_rigid31_2_from1466000cy/rbc99_sim_2xKSin1_D_hct15_seed5_rigid31_2_from1466000cy.dat
shape =  (12, 989)
989
loading  /home/jasencakova/dataset/cells/priamy_kanal/sim_2xKSin1_D_hct15_seed5_rigid31_2_from1466000cy/rbc100_sim_2xKSin1_D_hct15_seed5_rigid31_2_from1466000cy.dat
shape =  (12, 990)
989
loading  /home/jasencakova/dataset/cells/priamy_kanal/sim_2xKSin1_D_hct15_seed5_rigid31_2_from1466000cy/rbc101_sim_2xKSin1_D_hct15_seed5_rigid31_2_from1466000cy.dat
shape =  (12, 990)
989
loading  /home/jasencakova/dataset/cells/priamy_kanal/sim_2xKSin1_D_hct15_seed5_rigid31_2_from1466000cy/rbc102_sim_2xKSin1_D_hct15_seed5_rigid31_2_from1466000cy.dat
shape =  (12, 990)
989
loading  /home/jasencakova/dataset/cells/priamy_kanal/sim_2xKSin1_D_hct15_seed5_rigid31_2_from1466000cy/rbc103_sim_2xKSin1_D_hct15_seed5_rigid31_2_from1466000cy.dat
shape =  (12, 990)
989
loading  /home/jasencakova/dataset/cells/priamy_kanal/sim_2xKSin1_D_hct15_seed5_rigid31_2_from1466000cy/rbc104_sim_2xKSin1_D_hct15_seed5_rigid31_2_from1466000cy.dat
shape =  (12, 990)
989
loading  /home/jasencakova/dataset/cells/priamy_kanal/sim_2xKSin1_D_hct15_seed5_rigid31_2_from1466000cy/rbc105_sim_2xKSin1_D_hct15_seed5_rigid31_2_from1466000cy.dat
shape =  (12, 990)
989
loading  /home/jasencakova/dataset/cells/priamy_kanal/sim_2xKSin1_D_hct15_seed5_rigid31_2_from1466000cy/rbc106_sim_2xKSin1_D_hct15_seed5_rigid31_2_from1466000cy.dat
shape =  (12, 990)
989
loading  /home/jasencakova/dataset/cells/priamy_kanal/sim_2xKSin1_D_hct15_seed5_rigid31_2_from1466000cy/rbc107_sim_2xKSin1_D_hct15_seed5_rigid31_2_from1466000cy.dat
shape =  (12, 990)
989
loading  /home/jasencakova/dataset/cells/priamy_kanal/sim_2xKSin1_D_hct15_seed5_rigid31_2_from1466000cy/rbc108_sim_2xKSin1_D_hct15_seed5_rigid31_2_from1466000cy.dat
shape =  (12, 990)
989
loading  /home/jasencakova/dataset/cells/priamy_kanal/sim_2xKSin1_D_hct15_seed5_rigid31_2_from1466000cy/rbc109_sim_2xKSin1_D_hct15_seed5_rigid31_2_from1466000cy.dat
shape =  (12, 990)
989
loading  /home/jasencakova/dataset/cells/priamy_kanal/sim_2xKSin1_D_hct15_seed5_rigid31_2_from1466000cy/rbc110_sim_2xKSin1_D_hct15_seed5_rigid31_2_from1466000cy.dat
shape =  (12, 990)
989
loading  /home/jasencakova/dataset/cells/priamy_kanal/sim_2xKSin1_D_hct15_seed5_rigid31_2_from1466000cy/rbc111_sim_2xKSin1_D_hct15_seed5_rigid31_2_from1466000cy.dat
shape =  (12, 990)
989
loading  /home/jasencakova/dataset/cells/priamy_kanal/sim_2xKSin1_D_hct15_seed5_rigid31_2_from1466000cy/rbc112_sim_2xKSin1_D_hct15_seed5_rigid31_2_from1466000cy.dat
shape =  (12, 990)
989
loading  /home/jasencakova/dataset/cells/priamy_kanal/sim_2xKSin1_D_hct15_seed5_rigid31_2_from1466000cy/rbc113_sim_2xKSin1_D_hct15_seed5_rigid31_2_from1466000cy.dat
shape =  (12, 990)
989
loading  /home/jasencakova/dataset/cells/priamy_kanal/sim_2xKSin1_D_hct15_seed5_rigid31_2_from1466000cy/rbc114_sim_2xKSin1_D_hct15_seed5_rigid31_2_from1466000cy.dat
shape =  (12, 990)
989
loading  /home/jasencakova/dataset/cells/priamy_kanal/sim_2xKSin1_D_hct15_seed5_rigid31_2_from1466000cy/rbc115_sim_2xKSin1_D_hct15_seed5_rigid31_2_from1466000cy.dat
shape =  (12, 990)
989
loading  /home/jasencakova/dataset/cells/priamy_kanal/sim_2xKSin1_D_hct15_seed5_rigid31_2_from1466000cy/rbc116_sim_2xKSin1_D_hct15_seed5_rigid31_2_from1466000cy.dat
shape =  (12, 990)
989
loading  /home/jasencakova/dataset/cells/priamy_kanal/sim_2xKSin1_D_hct15_seed5_rigid31_2_from1466000cy/rbc117_sim_2xKSin1_D_hct15_seed5_rigid31_2_from1466000cy.dat
shape =  (12, 990)
989
loading  /home/jasencakova/dataset/cells/priamy_kanal/sim_2xKSin1_D_hct15_seed5_rigid31_2_from1466000cy/rbc118_sim_2xKSin1_D_hct15_seed5_rigid31_2_from1466000cy.dat
shape =  (12, 990)
989
loading  /home/jasencakova/dataset/cells/priamy_kanal/sim_2xKSin1_D_hct15_seed5_rigid31_2_from1466000cy/rbc119_sim_2xKSin1_D_hct15_seed5_rigid31_2_from1466000cy.dat
shape =  (12, 989)
989
loading  /home/jasencakova/dataset/cells/priamy_kanal/sim_2xKSin1_D_hct15_seed5_rigid31_2_from1466000cy/rbc120_sim_2xKSin1_D_hct15_seed5_rigid31_2_from1466000cy.dat
shape =  (12, 989)
989
loading  /home/jasencakova/dataset/cells/priamy_kanal/sim_2xKSin1_D_hct15_seed5_rigid31_2_from1466000cy/rbc121_sim_2xKSin1_D_hct15_seed5_rigid31_2_from1466000cy.dat
shape =  (12, 989)
989
loading  /home/jasencakova/dataset/cells/priamy_kanal/sim_2xKSin1_D_hct15_seed5_rigid31_2_from1466000cy/rbc122_sim_2xKSin1_D_hct15_seed5_rigid31_2_from1466000cy.dat
shape =  (12, 989)
989
loading  /home/jasencakova/dataset/cells/priamy_kanal/sim_2xKSin1_D_hct15_seed5_rigid31_2_from1466000cy/rbc123_sim_2xKSin1_D_hct15_seed5_rigid31_2_from1466000cy.dat
shape =  (12, 989)
989
loading  /home/jasencakova/dataset/cells/priamy_kanal/sim_2xKSin1_D_hct15_seed5_rigid31_2_from1466000cy/rbc124_sim_2xKSin1_D_hct15_seed5_rigid31_2_from1466000cy.dat
shape =  (12, 989)
989
loading  /home/jasencakova/dataset/cells/priamy_kanal/sim_2xKSin1_D_hct15_seed5_rigid31_2_from1466000cy/rbc125_sim_2xKSin1_D_hct15_seed5_rigid31_2_from1466000cy.dat
shape =  (12, 989)
989
loading  /home/jasencakova/dataset/cells/priamy_kanal/sim_2xKSin1_D_hct15_seed5_rigid31_2_from1466000cy/rbc126_sim_2xKSin1_D_hct15_seed5_rigid31_2_from1466000cy.dat
shape =  (12, 989)
989
loading  /home/jasencakova/dataset/cells/priamy_kanal/sim_2xKSin1_D_hct15_seed5_rigid31_2_from1466000cy/rbc127_sim_2xKSin1_D_hct15_seed5_rigid31_2_from1466000cy.dat
shape =  (12, 989)
989
loading  /home/jasencakova/dataset/cells/priamy_kanal/sim_2xKSin1_D_hct15_seed5_rigid31_2_from1466000cy/rbc128_sim_2xKSin1_D_hct15_seed5_rigid31_2_from1466000cy.dat
shape =  (12, 989)
989
loading  /home/jasencakova/dataset/cells/priamy_kanal/sim_2xKSin1_D_hct15_seed5_rigid31_2_from1466000cy/rbc129_sim_2xKSin1_D_hct15_seed5_rigid31_2_from1466000cy.dat
shape =  (12, 989)
989
loading  /home/jasencakova/dataset/cells/priamy_kanal/sim_2xKSin1_D_hct15_seed5_rigid31_2_from1466000cy/rbc130_sim_2xKSin1_D_hct15_seed5_rigid31_2_from1466000cy.dat
shape =  (12, 989)
989
loading  /home/jasencakova/dataset/cells/priamy_kanal/sim_2xKSin1_D_hct15_seed5_rigid31_2_from1466000cy/rbc131_sim_2xKSin1_D_hct15_seed5_rigid31_2_from1466000cy.dat
shape =  (12, 989)
989
loading  /home/jasencakova/dataset/cells/priamy_kanal/sim_2xKSin1_D_hct15_seed5_rigid31_2_from1466000cy/rbc132_sim_2xKSin1_D_hct15_seed5_rigid31_2_from1466000cy.dat
shape =  (12, 989)
989
loading  /home/jasencakova/dataset/cells/priamy_kanal/sim_2xKSin1_D_hct15_seed5_rigid31_2_from1466000cy/rbc133_sim_2xKSin1_D_hct15_seed5_rigid31_2_from1466000cy.dat
shape =  (12, 989)
989
loading  /home/jasencakova/dataset/cells/priamy_kanal/sim_2xKSin1_D_hct15_seed5_rigid31_2_from1466000cy/rbc134_sim_2xKSin1_D_hct15_seed5_rigid31_2_from1466000cy.dat
shape =  (12, 989)
989
loading  /home/jasencakova/dataset/cells/priamy_kanal/sim_2xKSin1_D_hct15_seed5_rigid31_2_from1466000cy/rbc135_sim_2xKSin1_D_hct15_seed5_rigid31_2_from1466000cy.dat
shape =  (12, 989)
989
loading  /home/jasencakova/dataset/cells/priamy_kanal/sim_2xKSin1_D_hct15_seed5_rigid31_2_from1466000cy/rbc136_sim_2xKSin1_D_hct15_seed5_rigid31_2_from1466000cy.dat
shape =  (12, 989)
989
loading  /home/jasencakova/dataset/cells/priamy_kanal/sim_2xKSin1_D_hct15_seed5_rigid31_2_from1466000cy/rbc137_sim_2xKSin1_D_hct15_seed5_rigid31_2_from1466000cy.dat
shape =  (12, 989)
989
loading  /home/jasencakova/dataset/cells/priamy_kanal/sim_2xKSin1_D_hct15_seed5_rigid31_2_from1466000cy/rbc138_sim_2xKSin1_D_hct15_seed5_rigid31_2_from1466000cy.dat
shape =  (12, 989)
989
loading  /home/jasencakova/dataset/cells/priamy_kanal/sim_2xKSin1_D_hct15_seed5_rigid31_2_from1466000cy/rbc139_sim_2xKSin1_D_hct15_seed5_rigid31_2_from1466000cy.dat
shape =  (12, 989)
989
loading  /home/jasencakova/dataset/cells/priamy_kanal/sim_2xKSin1_D_hct15_seed5_rigid31_2_from1466000cy/rbc140_sim_2xKSin1_D_hct15_seed5_rigid31_2_from1466000cy.dat
shape =  (12, 989)
989
loading  /home/jasencakova/dataset/cells/priamy_kanal/sim_2xKSin1_D_hct15_seed5_rigid31_2_from1466000cy/rbc141_sim_2xKSin1_D_hct15_seed5_rigid31_2_from1466000cy.dat
shape =  (12, 989)
989
loading  /home/jasencakova/dataset/cells/priamy_kanal/sim_2xKSin1_D_hct15_seed5_rigid31_2_from1466000cy/rbc142_sim_2xKSin1_D_hct15_seed5_rigid31_2_from1466000cy.dat
shape =  (12, 989)
989
loading  /home/jasencakova/dataset/cells/priamy_kanal/sim_2xKSin1_D_hct15_seed5_rigid31_2_from1466000cy/rbc143_sim_2xKSin1_D_hct15_seed5_rigid31_2_from1466000cy.dat
shape =  (12, 989)
989
loading  /home/jasencakova/dataset/cells/priamy_kanal/sim_2xKSin1_D_hct15_seed5_rigid31_2_from1466000cy/rbc144_sim_2xKSin1_D_hct15_seed5_rigid31_2_from1466000cy.dat
shape =  (12, 989)
989
loading  /home/jasencakova/dataset/cells/priamy_kanal/sim_2xKSin1_D_hct15_seed5_rigid31_2_from1466000cy/rbc145_sim_2xKSin1_D_hct15_seed5_rigid31_2_from1466000cy.dat
shape =  (12, 989)
989
loading  /home/jasencakova/dataset/cells/priamy_kanal/sim_2xKSin1_D_hct15_seed5_rigid31_2_from1466000cy/rbc146_sim_2xKSin1_D_hct15_seed5_rigid31_2_from1466000cy.dat
shape =  (12, 989)
989
loading  /home/jasencakova/dataset/cells/priamy_kanal/sim_2xKSin1_D_hct15_seed5_rigid31_2_from1466000cy/rbc147_sim_2xKSin1_D_hct15_seed5_rigid31_2_from1466000cy.dat
shape =  (12, 989)
989
loading  /home/jasencakova/dataset/cells/priamy_kanal/sim_2xKSin1_D_hct15_seed5_rigid31_2_from1466000cy/rbc148_sim_2xKSin1_D_hct15_seed5_rigid31_2_from1466000cy.dat
shape =  (12, 989)
989
loading  /home/jasencakova/dataset/cells/priamy_kanal/sim_2xKSin1_D_hct15_seed5_rigid31_2_from1466000cy/rbc149_sim_2xKSin1_D_hct15_seed5_rigid31_2_from1466000cy.dat
shape =  (12, 989)
989
loading  /home/jasencakova/dataset/cells/priamy_kanal/sim_2xKSin1_D_hct15_seed5_rigid31_2_from1466000cy/rbc150_sim_2xKSin1_D_hct15_seed5_rigid31_2_from1466000cy.dat
shape =  (12, 989)
989
loading  /home/jasencakova/dataset/cells/priamy_kanal/sim_2xKSin1_D_hct15_seed5_rigid31_2_from1466000cy/rbc151_sim_2xKSin1_D_hct15_seed5_rigid31_2_from1466000cy.dat
shape =  (12, 989)
989
loading  /home/jasencakova/dataset/cells/priamy_kanal/sim_2xKSin1_D_hct15_seed5_rigid31_2_from1466000cy/rbc152_sim_2xKSin1_D_hct15_seed5_rigid31_2_from1466000cy.dat
shape =  (12, 989)
989
loading  /home/jasencakova/dataset/cells/priamy_kanal/sim_2xKSin1_D_hct15_seed5_rigid31_2_from1466000cy/rbc153_sim_2xKSin1_D_hct15_seed5_rigid31_2_from1466000cy.dat
shape =  (12, 989)
989
shortest_length =  989
data_shape      =  (154, 989, 12)



loading  /home/jasencakova/dataset/cells/priamy_kanal/sim_2xKSin1_D_hct15_seed4_rigid31_1_from1190000cy/rbc0_sim_2xKSin1_D_hct15_seed4_rigid31_1_from1190000cy.dat
shape =  (12, 698)
698
loading  /home/jasencakova/dataset/cells/priamy_kanal/sim_2xKSin1_D_hct15_seed4_rigid31_1_from1190000cy/rbc1_sim_2xKSin1_D_hct15_seed4_rigid31_1_from1190000cy.dat
shape =  (12, 698)
698
loading  /home/jasencakova/dataset/cells/priamy_kanal/sim_2xKSin1_D_hct15_seed4_rigid31_1_from1190000cy/rbc2_sim_2xKSin1_D_hct15_seed4_rigid31_1_from1190000cy.dat
shape =  (12, 698)
698
loading  /home/jasencakova/dataset/cells/priamy_kanal/sim_2xKSin1_D_hct15_seed4_rigid31_1_from1190000cy/rbc3_sim_2xKSin1_D_hct15_seed4_rigid31_1_from1190000cy.dat
shape =  (12, 698)
698
loading  /home/jasencakova/dataset/cells/priamy_kanal/sim_2xKSin1_D_hct15_seed4_rigid31_1_from1190000cy/rbc4_sim_2xKSin1_D_hct15_seed4_rigid31_1_from1190000cy.dat
shape =  (12, 698)
698
loading  /home/jasencakova/dataset/cells/priamy_kanal/sim_2xKSin1_D_hct15_seed4_rigid31_1_from1190000cy/rbc5_sim_2xKSin1_D_hct15_seed4_rigid31_1_from1190000cy.dat
shape =  (12, 698)
698
loading  /home/jasencakova/dataset/cells/priamy_kanal/sim_2xKSin1_D_hct15_seed4_rigid31_1_from1190000cy/rbc6_sim_2xKSin1_D_hct15_seed4_rigid31_1_from1190000cy.dat
shape =  (12, 698)
698
loading  /home/jasencakova/dataset/cells/priamy_kanal/sim_2xKSin1_D_hct15_seed4_rigid31_1_from1190000cy/rbc7_sim_2xKSin1_D_hct15_seed4_rigid31_1_from1190000cy.dat
shape =  (12, 698)
698
loading  /home/jasencakova/dataset/cells/priamy_kanal/sim_2xKSin1_D_hct15_seed4_rigid31_1_from1190000cy/rbc8_sim_2xKSin1_D_hct15_seed4_rigid31_1_from1190000cy.dat
shape =  (12, 698)
698
loading  /home/jasencakova/dataset/cells/priamy_kanal/sim_2xKSin1_D_hct15_seed4_rigid31_1_from1190000cy/rbc9_sim_2xKSin1_D_hct15_seed4_rigid31_1_from1190000cy.dat
shape =  (12, 698)
698
loading  /home/jasencakova/dataset/cells/priamy_kanal/sim_2xKSin1_D_hct15_seed4_rigid31_1_from1190000cy/rbc10_sim_2xKSin1_D_hct15_seed4_rigid31_1_from1190000cy.dat
shape =  (12, 698)
698
loading  /home/jasencakova/dataset/cells/priamy_kanal/sim_2xKSin1_D_hct15_seed4_rigid31_1_from1190000cy/rbc11_sim_2xKSin1_D_hct15_seed4_rigid31_1_from1190000cy.dat
shape =  (12, 698)
698
loading  /home/jasencakova/dataset/cells/priamy_kanal/sim_2xKSin1_D_hct15_seed4_rigid31_1_from1190000cy/rbc12_sim_2xKSin1_D_hct15_seed4_rigid31_1_from1190000cy.dat
shape =  (12, 698)
698
loading  /home/jasencakova/dataset/cells/priamy_kanal/sim_2xKSin1_D_hct15_seed4_rigid31_1_from1190000cy/rbc13_sim_2xKSin1_D_hct15_seed4_rigid31_1_from1190000cy.dat
shape =  (12, 698)
698
loading  /home/jasencakova/dataset/cells/priamy_kanal/sim_2xKSin1_D_hct15_seed4_rigid31_1_from1190000cy/rbc14_sim_2xKSin1_D_hct15_seed4_rigid31_1_from1190000cy.dat
shape =  (12, 698)
698
loading  /home/jasencakova/dataset/cells/priamy_kanal/sim_2xKSin1_D_hct15_seed4_rigid31_1_from1190000cy/rbc15_sim_2xKSin1_D_hct15_seed4_rigid31_1_from1190000cy.dat
shape =  (12, 698)
698
loading  /home/jasencakova/dataset/cells/priamy_kanal/sim_2xKSin1_D_hct15_seed4_rigid31_1_from1190000cy/rbc16_sim_2xKSin1_D_hct15_seed4_rigid31_1_from1190000cy.dat
shape =  (12, 698)
698
loading  /home/jasencakova/dataset/cells/priamy_kanal/sim_2xKSin1_D_hct15_seed4_rigid31_1_from1190000cy/rbc17_sim_2xKSin1_D_hct15_seed4_rigid31_1_from1190000cy.dat
shape =  (12, 698)
698
loading  /home/jasencakova/dataset/cells/priamy_kanal/sim_2xKSin1_D_hct15_seed4_rigid31_1_from1190000cy/rbc18_sim_2xKSin1_D_hct15_seed4_rigid31_1_from1190000cy.dat
shape =  (12, 698)
698
loading  /home/jasencakova/dataset/cells/priamy_kanal/sim_2xKSin1_D_hct15_seed4_rigid31_1_from1190000cy/rbc19_sim_2xKSin1_D_hct15_seed4_rigid31_1_from1190000cy.dat
shape =  (12, 698)
698
loading  /home/jasencakova/dataset/cells/priamy_kanal/sim_2xKSin1_D_hct15_seed4_rigid31_1_from1190000cy/rbc20_sim_2xKSin1_D_hct15_seed4_rigid31_1_from1190000cy.dat
shape =  (12, 698)
698
loading  /home/jasencakova/dataset/cells/priamy_kanal/sim_2xKSin1_D_hct15_seed4_rigid31_1_from1190000cy/rbc21_sim_2xKSin1_D_hct15_seed4_rigid31_1_from1190000cy.dat
shape =  (12, 698)
698
loading  /home/jasencakova/dataset/cells/priamy_kanal/sim_2xKSin1_D_hct15_seed4_rigid31_1_from1190000cy/rbc22_sim_2xKSin1_D_hct15_seed4_rigid31_1_from1190000cy.dat
shape =  (12, 698)
698
loading  /home/jasencakova/dataset/cells/priamy_kanal/sim_2xKSin1_D_hct15_seed4_rigid31_1_from1190000cy/rbc23_sim_2xKSin1_D_hct15_seed4_rigid31_1_from1190000cy.dat
shape =  (12, 698)
698
loading  /home/jasencakova/dataset/cells/priamy_kanal/sim_2xKSin1_D_hct15_seed4_rigid31_1_from1190000cy/rbc24_sim_2xKSin1_D_hct15_seed4_rigid31_1_from1190000cy.dat
shape =  (12, 698)
698
loading  /home/jasencakova/dataset/cells/priamy_kanal/sim_2xKSin1_D_hct15_seed4_rigid31_1_from1190000cy/rbc25_sim_2xKSin1_D_hct15_seed4_rigid31_1_from1190000cy.dat
shape =  (12, 698)
698
loading  /home/jasencakova/dataset/cells/priamy_kanal/sim_2xKSin1_D_hct15_seed4_rigid31_1_from1190000cy/rbc26_sim_2xKSin1_D_hct15_seed4_rigid31_1_from1190000cy.dat
shape =  (12, 698)
698
loading  /home/jasencakova/dataset/cells/priamy_kanal/sim_2xKSin1_D_hct15_seed4_rigid31_1_from1190000cy/rbc27_sim_2xKSin1_D_hct15_seed4_rigid31_1_from1190000cy.dat
shape =  (12, 698)
698
loading  /home/jasencakova/dataset/cells/priamy_kanal/sim_2xKSin1_D_hct15_seed4_rigid31_1_from1190000cy/rbc28_sim_2xKSin1_D_hct15_seed4_rigid31_1_from1190000cy.dat
shape =  (12, 698)
698
loading  /home/jasencakova/dataset/cells/priamy_kanal/sim_2xKSin1_D_hct15_seed4_rigid31_1_from1190000cy/rbc29_sim_2xKSin1_D_hct15_seed4_rigid31_1_from1190000cy.dat
shape =  (12, 698)
698
loading  /home/jasencakova/dataset/cells/priamy_kanal/sim_2xKSin1_D_hct15_seed4_rigid31_1_from1190000cy/rbc30_sim_2xKSin1_D_hct15_seed4_rigid31_1_from1190000cy.dat
shape =  (12, 698)
698
loading  /home/jasencakova/dataset/cells/priamy_kanal/sim_2xKSin1_D_hct15_seed4_rigid31_1_from1190000cy/rbc31_sim_2xKSin1_D_hct15_seed4_rigid31_1_from1190000cy.dat
shape =  (12, 698)
698
loading  /home/jasencakova/dataset/cells/priamy_kanal/sim_2xKSin1_D_hct15_seed4_rigid31_1_from1190000cy/rbc32_sim_2xKSin1_D_hct15_seed4_rigid31_1_from1190000cy.dat
shape =  (12, 698)
698
loading  /home/jasencakova/dataset/cells/priamy_kanal/sim_2xKSin1_D_hct15_seed4_rigid31_1_from1190000cy/rbc33_sim_2xKSin1_D_hct15_seed4_rigid31_1_from1190000cy.dat
shape =  (12, 698)
698
loading  /home/jasencakova/dataset/cells/priamy_kanal/sim_2xKSin1_D_hct15_seed4_rigid31_1_from1190000cy/rbc34_sim_2xKSin1_D_hct15_seed4_rigid31_1_from1190000cy.dat
shape =  (12, 698)
698
loading  /home/jasencakova/dataset/cells/priamy_kanal/sim_2xKSin1_D_hct15_seed4_rigid31_1_from1190000cy/rbc35_sim_2xKSin1_D_hct15_seed4_rigid31_1_from1190000cy.dat
shape =  (12, 698)
698
loading  /home/jasencakova/dataset/cells/priamy_kanal/sim_2xKSin1_D_hct15_seed4_rigid31_1_from1190000cy/rbc36_sim_2xKSin1_D_hct15_seed4_rigid31_1_from1190000cy.dat
shape =  (12, 698)
698
loading  /home/jasencakova/dataset/cells/priamy_kanal/sim_2xKSin1_D_hct15_seed4_rigid31_1_from1190000cy/rbc37_sim_2xKSin1_D_hct15_seed4_rigid31_1_from1190000cy.dat
shape =  (12, 698)
698
loading  /home/jasencakova/dataset/cells/priamy_kanal/sim_2xKSin1_D_hct15_seed4_rigid31_1_from1190000cy/rbc38_sim_2xKSin1_D_hct15_seed4_rigid31_1_from1190000cy.dat
shape =  (12, 698)
698
loading  /home/jasencakova/dataset/cells/priamy_kanal/sim_2xKSin1_D_hct15_seed4_rigid31_1_from1190000cy/rbc39_sim_2xKSin1_D_hct15_seed4_rigid31_1_from1190000cy.dat
shape =  (12, 698)
698
loading  /home/jasencakova/dataset/cells/priamy_kanal/sim_2xKSin1_D_hct15_seed4_rigid31_1_from1190000cy/rbc40_sim_2xKSin1_D_hct15_seed4_rigid31_1_from1190000cy.dat
shape =  (12, 698)
698
loading  /home/jasencakova/dataset/cells/priamy_kanal/sim_2xKSin1_D_hct15_seed4_rigid31_1_from1190000cy/rbc41_sim_2xKSin1_D_hct15_seed4_rigid31_1_from1190000cy.dat
shape =  (12, 698)
698
loading  /home/jasencakova/dataset/cells/priamy_kanal/sim_2xKSin1_D_hct15_seed4_rigid31_1_from1190000cy/rbc42_sim_2xKSin1_D_hct15_seed4_rigid31_1_from1190000cy.dat
shape =  (12, 698)
698
loading  /home/jasencakova/dataset/cells/priamy_kanal/sim_2xKSin1_D_hct15_seed4_rigid31_1_from1190000cy/rbc43_sim_2xKSin1_D_hct15_seed4_rigid31_1_from1190000cy.dat
shape =  (12, 698)
698
loading  /home/jasencakova/dataset/cells/priamy_kanal/sim_2xKSin1_D_hct15_seed4_rigid31_1_from1190000cy/rbc44_sim_2xKSin1_D_hct15_seed4_rigid31_1_from1190000cy.dat
shape =  (12, 698)
698
loading  /home/jasencakova/dataset/cells/priamy_kanal/sim_2xKSin1_D_hct15_seed4_rigid31_1_from1190000cy/rbc45_sim_2xKSin1_D_hct15_seed4_rigid31_1_from1190000cy.dat
shape =  (12, 698)
698
loading  /home/jasencakova/dataset/cells/priamy_kanal/sim_2xKSin1_D_hct15_seed4_rigid31_1_from1190000cy/rbc46_sim_2xKSin1_D_hct15_seed4_rigid31_1_from1190000cy.dat
shape =  (12, 698)
698
loading  /home/jasencakova/dataset/cells/priamy_kanal/sim_2xKSin1_D_hct15_seed4_rigid31_1_from1190000cy/rbc47_sim_2xKSin1_D_hct15_seed4_rigid31_1_from1190000cy.dat
shape =  (12, 698)
698
loading  /home/jasencakova/dataset/cells/priamy_kanal/sim_2xKSin1_D_hct15_seed4_rigid31_1_from1190000cy/rbc48_sim_2xKSin1_D_hct15_seed4_rigid31_1_from1190000cy.dat
shape =  (12, 698)
698
loading  /home/jasencakova/dataset/cells/priamy_kanal/sim_2xKSin1_D_hct15_seed4_rigid31_1_from1190000cy/rbc49_sim_2xKSin1_D_hct15_seed4_rigid31_1_from1190000cy.dat
shape =  (12, 698)
698
loading  /home/jasencakova/dataset/cells/priamy_kanal/sim_2xKSin1_D_hct15_seed4_rigid31_1_from1190000cy/rbc50_sim_2xKSin1_D_hct15_seed4_rigid31_1_from1190000cy.dat
shape =  (12, 698)
698
loading  /home/jasencakova/dataset/cells/priamy_kanal/sim_2xKSin1_D_hct15_seed4_rigid31_1_from1190000cy/rbc51_sim_2xKSin1_D_hct15_seed4_rigid31_1_from1190000cy.dat
shape =  (12, 698)
698
loading  /home/jasencakova/dataset/cells/priamy_kanal/sim_2xKSin1_D_hct15_seed4_rigid31_1_from1190000cy/rbc52_sim_2xKSin1_D_hct15_seed4_rigid31_1_from1190000cy.dat
shape =  (12, 698)
698
loading  /home/jasencakova/dataset/cells/priamy_kanal/sim_2xKSin1_D_hct15_seed4_rigid31_1_from1190000cy/rbc53_sim_2xKSin1_D_hct15_seed4_rigid31_1_from1190000cy.dat
shape =  (12, 698)
698
loading  /home/jasencakova/dataset/cells/priamy_kanal/sim_2xKSin1_D_hct15_seed4_rigid31_1_from1190000cy/rbc54_sim_2xKSin1_D_hct15_seed4_rigid31_1_from1190000cy.dat
shape =  (12, 698)
698
loading  /home/jasencakova/dataset/cells/priamy_kanal/sim_2xKSin1_D_hct15_seed4_rigid31_1_from1190000cy/rbc55_sim_2xKSin1_D_hct15_seed4_rigid31_1_from1190000cy.dat
shape =  (12, 698)
698
loading  /home/jasencakova/dataset/cells/priamy_kanal/sim_2xKSin1_D_hct15_seed4_rigid31_1_from1190000cy/rbc56_sim_2xKSin1_D_hct15_seed4_rigid31_1_from1190000cy.dat
shape =  (12, 698)
698
loading  /home/jasencakova/dataset/cells/priamy_kanal/sim_2xKSin1_D_hct15_seed4_rigid31_1_from1190000cy/rbc57_sim_2xKSin1_D_hct15_seed4_rigid31_1_from1190000cy.dat
shape =  (12, 698)
698
loading  /home/jasencakova/dataset/cells/priamy_kanal/sim_2xKSin1_D_hct15_seed4_rigid31_1_from1190000cy/rbc58_sim_2xKSin1_D_hct15_seed4_rigid31_1_from1190000cy.dat
shape =  (12, 698)
698
loading  /home/jasencakova/dataset/cells/priamy_kanal/sim_2xKSin1_D_hct15_seed4_rigid31_1_from1190000cy/rbc59_sim_2xKSin1_D_hct15_seed4_rigid31_1_from1190000cy.dat
shape =  (12, 698)
698
loading  /home/jasencakova/dataset/cells/priamy_kanal/sim_2xKSin1_D_hct15_seed4_rigid31_1_from1190000cy/rbc60_sim_2xKSin1_D_hct15_seed4_rigid31_1_from1190000cy.dat
shape =  (12, 698)
698
loading  /home/jasencakova/dataset/cells/priamy_kanal/sim_2xKSin1_D_hct15_seed4_rigid31_1_from1190000cy/rbc61_sim_2xKSin1_D_hct15_seed4_rigid31_1_from1190000cy.dat
shape =  (12, 698)
698
loading  /home/jasencakova/dataset/cells/priamy_kanal/sim_2xKSin1_D_hct15_seed4_rigid31_1_from1190000cy/rbc62_sim_2xKSin1_D_hct15_seed4_rigid31_1_from1190000cy.dat
shape =  (12, 698)
698
loading  /home/jasencakova/dataset/cells/priamy_kanal/sim_2xKSin1_D_hct15_seed4_rigid31_1_from1190000cy/rbc63_sim_2xKSin1_D_hct15_seed4_rigid31_1_from1190000cy.dat
shape =  (12, 698)
698
loading  /home/jasencakova/dataset/cells/priamy_kanal/sim_2xKSin1_D_hct15_seed4_rigid31_1_from1190000cy/rbc64_sim_2xKSin1_D_hct15_seed4_rigid31_1_from1190000cy.dat
shape =  (12, 698)
698
loading  /home/jasencakova/dataset/cells/priamy_kanal/sim_2xKSin1_D_hct15_seed4_rigid31_1_from1190000cy/rbc65_sim_2xKSin1_D_hct15_seed4_rigid31_1_from1190000cy.dat
shape =  (12, 698)
698
loading  /home/jasencakova/dataset/cells/priamy_kanal/sim_2xKSin1_D_hct15_seed4_rigid31_1_from1190000cy/rbc66_sim_2xKSin1_D_hct15_seed4_rigid31_1_from1190000cy.dat
shape =  (12, 698)
698
loading  /home/jasencakova/dataset/cells/priamy_kanal/sim_2xKSin1_D_hct15_seed4_rigid31_1_from1190000cy/rbc67_sim_2xKSin1_D_hct15_seed4_rigid31_1_from1190000cy.dat
shape =  (12, 698)
698
loading  /home/jasencakova/dataset/cells/priamy_kanal/sim_2xKSin1_D_hct15_seed4_rigid31_1_from1190000cy/rbc68_sim_2xKSin1_D_hct15_seed4_rigid31_1_from1190000cy.dat
shape =  (12, 698)
698
loading  /home/jasencakova/dataset/cells/priamy_kanal/sim_2xKSin1_D_hct15_seed4_rigid31_1_from1190000cy/rbc69_sim_2xKSin1_D_hct15_seed4_rigid31_1_from1190000cy.dat
shape =  (12, 698)
698
loading  /home/jasencakova/dataset/cells/priamy_kanal/sim_2xKSin1_D_hct15_seed4_rigid31_1_from1190000cy/rbc70_sim_2xKSin1_D_hct15_seed4_rigid31_1_from1190000cy.dat
shape =  (12, 698)
698
loading  /home/jasencakova/dataset/cells/priamy_kanal/sim_2xKSin1_D_hct15_seed4_rigid31_1_from1190000cy/rbc71_sim_2xKSin1_D_hct15_seed4_rigid31_1_from1190000cy.dat
shape =  (12, 698)
698
loading  /home/jasencakova/dataset/cells/priamy_kanal/sim_2xKSin1_D_hct15_seed4_rigid31_1_from1190000cy/rbc72_sim_2xKSin1_D_hct15_seed4_rigid31_1_from1190000cy.dat
shape =  (12, 698)
698
loading  /home/jasencakova/dataset/cells/priamy_kanal/sim_2xKSin1_D_hct15_seed4_rigid31_1_from1190000cy/rbc73_sim_2xKSin1_D_hct15_seed4_rigid31_1_from1190000cy.dat
shape =  (12, 698)
698
loading  /home/jasencakova/dataset/cells/priamy_kanal/sim_2xKSin1_D_hct15_seed4_rigid31_1_from1190000cy/rbc74_sim_2xKSin1_D_hct15_seed4_rigid31_1_from1190000cy.dat
shape =  (12, 698)
698
loading  /home/jasencakova/dataset/cells/priamy_kanal/sim_2xKSin1_D_hct15_seed4_rigid31_1_from1190000cy/rbc75_sim_2xKSin1_D_hct15_seed4_rigid31_1_from1190000cy.dat
shape =  (12, 698)
698
loading  /home/jasencakova/dataset/cells/priamy_kanal/sim_2xKSin1_D_hct15_seed4_rigid31_1_from1190000cy/rbc76_sim_2xKSin1_D_hct15_seed4_rigid31_1_from1190000cy.dat
shape =  (12, 698)
698
loading  /home/jasencakova/dataset/cells/priamy_kanal/sim_2xKSin1_D_hct15_seed4_rigid31_1_from1190000cy/rbc77_sim_2xKSin1_D_hct15_seed4_rigid31_1_from1190000cy.dat
shape =  (12, 698)
698
loading  /home/jasencakova/dataset/cells/priamy_kanal/sim_2xKSin1_D_hct15_seed4_rigid31_1_from1190000cy/rbc78_sim_2xKSin1_D_hct15_seed4_rigid31_1_from1190000cy.dat
shape =  (12, 698)
698
loading  /home/jasencakova/dataset/cells/priamy_kanal/sim_2xKSin1_D_hct15_seed4_rigid31_1_from1190000cy/rbc79_sim_2xKSin1_D_hct15_seed4_rigid31_1_from1190000cy.dat
shape =  (12, 698)
698
loading  /home/jasencakova/dataset/cells/priamy_kanal/sim_2xKSin1_D_hct15_seed4_rigid31_1_from1190000cy/rbc80_sim_2xKSin1_D_hct15_seed4_rigid31_1_from1190000cy.dat
shape =  (12, 698)
698
loading  /home/jasencakova/dataset/cells/priamy_kanal/sim_2xKSin1_D_hct15_seed4_rigid31_1_from1190000cy/rbc81_sim_2xKSin1_D_hct15_seed4_rigid31_1_from1190000cy.dat
shape =  (12, 698)
698
loading  /home/jasencakova/dataset/cells/priamy_kanal/sim_2xKSin1_D_hct15_seed4_rigid31_1_from1190000cy/rbc82_sim_2xKSin1_D_hct15_seed4_rigid31_1_from1190000cy.dat
shape =  (12, 698)
698
loading  /home/jasencakova/dataset/cells/priamy_kanal/sim_2xKSin1_D_hct15_seed4_rigid31_1_from1190000cy/rbc83_sim_2xKSin1_D_hct15_seed4_rigid31_1_from1190000cy.dat
shape =  (12, 698)
698
loading  /home/jasencakova/dataset/cells/priamy_kanal/sim_2xKSin1_D_hct15_seed4_rigid31_1_from1190000cy/rbc84_sim_2xKSin1_D_hct15_seed4_rigid31_1_from1190000cy.dat
shape =  (12, 698)
698
loading  /home/jasencakova/dataset/cells/priamy_kanal/sim_2xKSin1_D_hct15_seed4_rigid31_1_from1190000cy/rbc85_sim_2xKSin1_D_hct15_seed4_rigid31_1_from1190000cy.dat
shape =  (12, 698)
698
loading  /home/jasencakova/dataset/cells/priamy_kanal/sim_2xKSin1_D_hct15_seed4_rigid31_1_from1190000cy/rbc86_sim_2xKSin1_D_hct15_seed4_rigid31_1_from1190000cy.dat
shape =  (12, 698)
698
loading  /home/jasencakova/dataset/cells/priamy_kanal/sim_2xKSin1_D_hct15_seed4_rigid31_1_from1190000cy/rbc87_sim_2xKSin1_D_hct15_seed4_rigid31_1_from1190000cy.dat
shape =  (12, 698)
698
loading  /home/jasencakova/dataset/cells/priamy_kanal/sim_2xKSin1_D_hct15_seed4_rigid31_1_from1190000cy/rbc88_sim_2xKSin1_D_hct15_seed4_rigid31_1_from1190000cy.dat
shape =  (12, 698)
698
loading  /home/jasencakova/dataset/cells/priamy_kanal/sim_2xKSin1_D_hct15_seed4_rigid31_1_from1190000cy/rbc89_sim_2xKSin1_D_hct15_seed4_rigid31_1_from1190000cy.dat
shape =  (12, 698)
698
loading  /home/jasencakova/dataset/cells/priamy_kanal/sim_2xKSin1_D_hct15_seed4_rigid31_1_from1190000cy/rbc90_sim_2xKSin1_D_hct15_seed4_rigid31_1_from1190000cy.dat
shape =  (12, 698)
698
loading  /home/jasencakova/dataset/cells/priamy_kanal/sim_2xKSin1_D_hct15_seed4_rigid31_1_from1190000cy/rbc91_sim_2xKSin1_D_hct15_seed4_rigid31_1_from1190000cy.dat
shape =  (12, 698)
698
loading  /home/jasencakova/dataset/cells/priamy_kanal/sim_2xKSin1_D_hct15_seed4_rigid31_1_from1190000cy/rbc92_sim_2xKSin1_D_hct15_seed4_rigid31_1_from1190000cy.dat
shape =  (12, 698)
698
loading  /home/jasencakova/dataset/cells/priamy_kanal/sim_2xKSin1_D_hct15_seed4_rigid31_1_from1190000cy/rbc93_sim_2xKSin1_D_hct15_seed4_rigid31_1_from1190000cy.dat
shape =  (12, 698)
698
loading  /home/jasencakova/dataset/cells/priamy_kanal/sim_2xKSin1_D_hct15_seed4_rigid31_1_from1190000cy/rbc94_sim_2xKSin1_D_hct15_seed4_rigid31_1_from1190000cy.dat
shape =  (12, 698)
698
loading  /home/jasencakova/dataset/cells/priamy_kanal/sim_2xKSin1_D_hct15_seed4_rigid31_1_from1190000cy/rbc95_sim_2xKSin1_D_hct15_seed4_rigid31_1_from1190000cy.dat
shape =  (12, 698)
698
loading  /home/jasencakova/dataset/cells/priamy_kanal/sim_2xKSin1_D_hct15_seed4_rigid31_1_from1190000cy/rbc96_sim_2xKSin1_D_hct15_seed4_rigid31_1_from1190000cy.dat
shape =  (12, 698)
698
loading  /home/jasencakova/dataset/cells/priamy_kanal/sim_2xKSin1_D_hct15_seed4_rigid31_1_from1190000cy/rbc97_sim_2xKSin1_D_hct15_seed4_rigid31_1_from1190000cy.dat
shape =  (12, 698)
698
loading  /home/jasencakova/dataset/cells/priamy_kanal/sim_2xKSin1_D_hct15_seed4_rigid31_1_from1190000cy/rbc98_sim_2xKSin1_D_hct15_seed4_rigid31_1_from1190000cy.dat
shape =  (12, 698)
698
loading  /home/jasencakova/dataset/cells/priamy_kanal/sim_2xKSin1_D_hct15_seed4_rigid31_1_from1190000cy/rbc99_sim_2xKSin1_D_hct15_seed4_rigid31_1_from1190000cy.dat
shape =  (12, 698)
698
loading  /home/jasencakova/dataset/cells/priamy_kanal/sim_2xKSin1_D_hct15_seed4_rigid31_1_from1190000cy/rbc100_sim_2xKSin1_D_hct15_seed4_rigid31_1_from1190000cy.dat
shape =  (12, 698)
698
loading  /home/jasencakova/dataset/cells/priamy_kanal/sim_2xKSin1_D_hct15_seed4_rigid31_1_from1190000cy/rbc101_sim_2xKSin1_D_hct15_seed4_rigid31_1_from1190000cy.dat
shape =  (12, 698)
698
loading  /home/jasencakova/dataset/cells/priamy_kanal/sim_2xKSin1_D_hct15_seed4_rigid31_1_from1190000cy/rbc102_sim_2xKSin1_D_hct15_seed4_rigid31_1_from1190000cy.dat
shape =  (12, 698)
698
loading  /home/jasencakova/dataset/cells/priamy_kanal/sim_2xKSin1_D_hct15_seed4_rigid31_1_from1190000cy/rbc103_sim_2xKSin1_D_hct15_seed4_rigid31_1_from1190000cy.dat
shape =  (12, 698)
698
loading  /home/jasencakova/dataset/cells/priamy_kanal/sim_2xKSin1_D_hct15_seed4_rigid31_1_from1190000cy/rbc104_sim_2xKSin1_D_hct15_seed4_rigid31_1_from1190000cy.dat
shape =  (12, 698)
698
loading  /home/jasencakova/dataset/cells/priamy_kanal/sim_2xKSin1_D_hct15_seed4_rigid31_1_from1190000cy/rbc105_sim_2xKSin1_D_hct15_seed4_rigid31_1_from1190000cy.dat
shape =  (12, 698)
698
loading  /home/jasencakova/dataset/cells/priamy_kanal/sim_2xKSin1_D_hct15_seed4_rigid31_1_from1190000cy/rbc106_sim_2xKSin1_D_hct15_seed4_rigid31_1_from1190000cy.dat
shape =  (12, 698)
698
loading  /home/jasencakova/dataset/cells/priamy_kanal/sim_2xKSin1_D_hct15_seed4_rigid31_1_from1190000cy/rbc107_sim_2xKSin1_D_hct15_seed4_rigid31_1_from1190000cy.dat
shape =  (12, 698)
698
loading  /home/jasencakova/dataset/cells/priamy_kanal/sim_2xKSin1_D_hct15_seed4_rigid31_1_from1190000cy/rbc108_sim_2xKSin1_D_hct15_seed4_rigid31_1_from1190000cy.dat
shape =  (12, 698)
698
loading  /home/jasencakova/dataset/cells/priamy_kanal/sim_2xKSin1_D_hct15_seed4_rigid31_1_from1190000cy/rbc109_sim_2xKSin1_D_hct15_seed4_rigid31_1_from1190000cy.dat
shape =  (12, 698)
698
loading  /home/jasencakova/dataset/cells/priamy_kanal/sim_2xKSin1_D_hct15_seed4_rigid31_1_from1190000cy/rbc110_sim_2xKSin1_D_hct15_seed4_rigid31_1_from1190000cy.dat
shape =  (12, 698)
698
loading  /home/jasencakova/dataset/cells/priamy_kanal/sim_2xKSin1_D_hct15_seed4_rigid31_1_from1190000cy/rbc111_sim_2xKSin1_D_hct15_seed4_rigid31_1_from1190000cy.dat
shape =  (12, 698)
698
loading  /home/jasencakova/dataset/cells/priamy_kanal/sim_2xKSin1_D_hct15_seed4_rigid31_1_from1190000cy/rbc112_sim_2xKSin1_D_hct15_seed4_rigid31_1_from1190000cy.dat
shape =  (12, 698)
698
loading  /home/jasencakova/dataset/cells/priamy_kanal/sim_2xKSin1_D_hct15_seed4_rigid31_1_from1190000cy/rbc113_sim_2xKSin1_D_hct15_seed4_rigid31_1_from1190000cy.dat
shape =  (12, 698)
698
loading  /home/jasencakova/dataset/cells/priamy_kanal/sim_2xKSin1_D_hct15_seed4_rigid31_1_from1190000cy/rbc114_sim_2xKSin1_D_hct15_seed4_rigid31_1_from1190000cy.dat
shape =  (12, 698)
698
loading  /home/jasencakova/dataset/cells/priamy_kanal/sim_2xKSin1_D_hct15_seed4_rigid31_1_from1190000cy/rbc115_sim_2xKSin1_D_hct15_seed4_rigid31_1_from1190000cy.dat
shape =  (12, 698)
698
loading  /home/jasencakova/dataset/cells/priamy_kanal/sim_2xKSin1_D_hct15_seed4_rigid31_1_from1190000cy/rbc116_sim_2xKSin1_D_hct15_seed4_rigid31_1_from1190000cy.dat
shape =  (12, 698)
698
loading  /home/jasencakova/dataset/cells/priamy_kanal/sim_2xKSin1_D_hct15_seed4_rigid31_1_from1190000cy/rbc117_sim_2xKSin1_D_hct15_seed4_rigid31_1_from1190000cy.dat
shape =  (12, 698)
698
loading  /home/jasencakova/dataset/cells/priamy_kanal/sim_2xKSin1_D_hct15_seed4_rigid31_1_from1190000cy/rbc118_sim_2xKSin1_D_hct15_seed4_rigid31_1_from1190000cy.dat
shape =  (12, 698)
698
loading  /home/jasencakova/dataset/cells/priamy_kanal/sim_2xKSin1_D_hct15_seed4_rigid31_1_from1190000cy/rbc119_sim_2xKSin1_D_hct15_seed4_rigid31_1_from1190000cy.dat
shape =  (12, 698)
698
loading  /home/jasencakova/dataset/cells/priamy_kanal/sim_2xKSin1_D_hct15_seed4_rigid31_1_from1190000cy/rbc120_sim_2xKSin1_D_hct15_seed4_rigid31_1_from1190000cy.dat
shape =  (12, 698)
698
loading  /home/jasencakova/dataset/cells/priamy_kanal/sim_2xKSin1_D_hct15_seed4_rigid31_1_from1190000cy/rbc121_sim_2xKSin1_D_hct15_seed4_rigid31_1_from1190000cy.dat
shape =  (12, 698)
698
loading  /home/jasencakova/dataset/cells/priamy_kanal/sim_2xKSin1_D_hct15_seed4_rigid31_1_from1190000cy/rbc122_sim_2xKSin1_D_hct15_seed4_rigid31_1_from1190000cy.dat
shape =  (12, 698)
698
loading  /home/jasencakova/dataset/cells/priamy_kanal/sim_2xKSin1_D_hct15_seed4_rigid31_1_from1190000cy/rbc123_sim_2xKSin1_D_hct15_seed4_rigid31_1_from1190000cy.dat
shape =  (12, 698)
698
loading  /home/jasencakova/dataset/cells/priamy_kanal/sim_2xKSin1_D_hct15_seed4_rigid31_1_from1190000cy/rbc124_sim_2xKSin1_D_hct15_seed4_rigid31_1_from1190000cy.dat
shape =  (12, 698)
698
loading  /home/jasencakova/dataset/cells/priamy_kanal/sim_2xKSin1_D_hct15_seed4_rigid31_1_from1190000cy/rbc125_sim_2xKSin1_D_hct15_seed4_rigid31_1_from1190000cy.dat
shape =  (12, 698)
698
loading  /home/jasencakova/dataset/cells/priamy_kanal/sim_2xKSin1_D_hct15_seed4_rigid31_1_from1190000cy/rbc126_sim_2xKSin1_D_hct15_seed4_rigid31_1_from1190000cy.dat
shape =  (12, 698)
698
loading  /home/jasencakova/dataset/cells/priamy_kanal/sim_2xKSin1_D_hct15_seed4_rigid31_1_from1190000cy/rbc127_sim_2xKSin1_D_hct15_seed4_rigid31_1_from1190000cy.dat
shape =  (12, 698)
698
loading  /home/jasencakova/dataset/cells/priamy_kanal/sim_2xKSin1_D_hct15_seed4_rigid31_1_from1190000cy/rbc128_sim_2xKSin1_D_hct15_seed4_rigid31_1_from1190000cy.dat
shape =  (12, 698)
698
loading  /home/jasencakova/dataset/cells/priamy_kanal/sim_2xKSin1_D_hct15_seed4_rigid31_1_from1190000cy/rbc129_sim_2xKSin1_D_hct15_seed4_rigid31_1_from1190000cy.dat
shape =  (12, 698)
698
loading  /home/jasencakova/dataset/cells/priamy_kanal/sim_2xKSin1_D_hct15_seed4_rigid31_1_from1190000cy/rbc130_sim_2xKSin1_D_hct15_seed4_rigid31_1_from1190000cy.dat
shape =  (12, 698)
698
loading  /home/jasencakova/dataset/cells/priamy_kanal/sim_2xKSin1_D_hct15_seed4_rigid31_1_from1190000cy/rbc131_sim_2xKSin1_D_hct15_seed4_rigid31_1_from1190000cy.dat
shape =  (12, 698)
698
loading  /home/jasencakova/dataset/cells/priamy_kanal/sim_2xKSin1_D_hct15_seed4_rigid31_1_from1190000cy/rbc132_sim_2xKSin1_D_hct15_seed4_rigid31_1_from1190000cy.dat
shape =  (12, 698)
698
loading  /home/jasencakova/dataset/cells/priamy_kanal/sim_2xKSin1_D_hct15_seed4_rigid31_1_from1190000cy/rbc133_sim_2xKSin1_D_hct15_seed4_rigid31_1_from1190000cy.dat
shape =  (12, 698)
698
loading  /home/jasencakova/dataset/cells/priamy_kanal/sim_2xKSin1_D_hct15_seed4_rigid31_1_from1190000cy/rbc134_sim_2xKSin1_D_hct15_seed4_rigid31_1_from1190000cy.dat
shape =  (12, 698)
698
loading  /home/jasencakova/dataset/cells/priamy_kanal/sim_2xKSin1_D_hct15_seed4_rigid31_1_from1190000cy/rbc135_sim_2xKSin1_D_hct15_seed4_rigid31_1_from1190000cy.dat
shape =  (12, 698)
698
loading  /home/jasencakova/dataset/cells/priamy_kanal/sim_2xKSin1_D_hct15_seed4_rigid31_1_from1190000cy/rbc136_sim_2xKSin1_D_hct15_seed4_rigid31_1_from1190000cy.dat
shape =  (12, 698)
698
loading  /home/jasencakova/dataset/cells/priamy_kanal/sim_2xKSin1_D_hct15_seed4_rigid31_1_from1190000cy/rbc137_sim_2xKSin1_D_hct15_seed4_rigid31_1_from1190000cy.dat
shape =  (12, 698)
698
loading  /home/jasencakova/dataset/cells/priamy_kanal/sim_2xKSin1_D_hct15_seed4_rigid31_1_from1190000cy/rbc138_sim_2xKSin1_D_hct15_seed4_rigid31_1_from1190000cy.dat
shape =  (12, 698)
698
loading  /home/jasencakova/dataset/cells/priamy_kanal/sim_2xKSin1_D_hct15_seed4_rigid31_1_from1190000cy/rbc139_sim_2xKSin1_D_hct15_seed4_rigid31_1_from1190000cy.dat
shape =  (12, 698)
698
loading  /home/jasencakova/dataset/cells/priamy_kanal/sim_2xKSin1_D_hct15_seed4_rigid31_1_from1190000cy/rbc140_sim_2xKSin1_D_hct15_seed4_rigid31_1_from1190000cy.dat
shape =  (12, 698)
698
loading  /home/jasencakova/dataset/cells/priamy_kanal/sim_2xKSin1_D_hct15_seed4_rigid31_1_from1190000cy/rbc141_sim_2xKSin1_D_hct15_seed4_rigid31_1_from1190000cy.dat
shape =  (12, 698)
698
loading  /home/jasencakova/dataset/cells/priamy_kanal/sim_2xKSin1_D_hct15_seed4_rigid31_1_from1190000cy/rbc142_sim_2xKSin1_D_hct15_seed4_rigid31_1_from1190000cy.dat
shape =  (12, 698)
698
loading  /home/jasencakova/dataset/cells/priamy_kanal/sim_2xKSin1_D_hct15_seed4_rigid31_1_from1190000cy/rbc143_sim_2xKSin1_D_hct15_seed4_rigid31_1_from1190000cy.dat
shape =  (12, 698)
698
loading  /home/jasencakova/dataset/cells/priamy_kanal/sim_2xKSin1_D_hct15_seed4_rigid31_1_from1190000cy/rbc144_sim_2xKSin1_D_hct15_seed4_rigid31_1_from1190000cy.dat
shape =  (12, 698)
698
loading  /home/jasencakova/dataset/cells/priamy_kanal/sim_2xKSin1_D_hct15_seed4_rigid31_1_from1190000cy/rbc145_sim_2xKSin1_D_hct15_seed4_rigid31_1_from1190000cy.dat
shape =  (12, 698)
698
loading  /home/jasencakova/dataset/cells/priamy_kanal/sim_2xKSin1_D_hct15_seed4_rigid31_1_from1190000cy/rbc146_sim_2xKSin1_D_hct15_seed4_rigid31_1_from1190000cy.dat
shape =  (12, 698)
698
loading  /home/jasencakova/dataset/cells/priamy_kanal/sim_2xKSin1_D_hct15_seed4_rigid31_1_from1190000cy/rbc147_sim_2xKSin1_D_hct15_seed4_rigid31_1_from1190000cy.dat
shape =  (12, 698)
698
loading  /home/jasencakova/dataset/cells/priamy_kanal/sim_2xKSin1_D_hct15_seed4_rigid31_1_from1190000cy/rbc148_sim_2xKSin1_D_hct15_seed4_rigid31_1_from1190000cy.dat
shape =  (12, 698)
698
loading  /home/jasencakova/dataset/cells/priamy_kanal/sim_2xKSin1_D_hct15_seed4_rigid31_1_from1190000cy/rbc149_sim_2xKSin1_D_hct15_seed4_rigid31_1_from1190000cy.dat
shape =  (12, 698)
698
loading  /home/jasencakova/dataset/cells/priamy_kanal/sim_2xKSin1_D_hct15_seed4_rigid31_1_from1190000cy/rbc150_sim_2xKSin1_D_hct15_seed4_rigid31_1_from1190000cy.dat
shape =  (12, 698)
698
loading  /home/jasencakova/dataset/cells/priamy_kanal/sim_2xKSin1_D_hct15_seed4_rigid31_1_from1190000cy/rbc151_sim_2xKSin1_D_hct15_seed4_rigid31_1_from1190000cy.dat
shape =  (12, 698)
698
loading  /home/jasencakova/dataset/cells/priamy_kanal/sim_2xKSin1_D_hct15_seed4_rigid31_1_from1190000cy/rbc152_sim_2xKSin1_D_hct15_seed4_rigid31_1_from1190000cy.dat
shape =  (12, 698)
698
loading  /home/jasencakova/dataset/cells/priamy_kanal/sim_2xKSin1_D_hct15_seed4_rigid31_1_from1190000cy/rbc153_sim_2xKSin1_D_hct15_seed4_rigid31_1_from1190000cy.dat
shape =  (12, 698)
698
shortest_length =  698
data_shape      =  (154, 698, 12)








dataset summary : 

training_dats shape    =  (154, 989, 12)
testing_dats shape    =  (154, 698, 12)
training_count  =  15382906
testing_count   =  107492
channels_count  =  12
sequence_length =  128
classes_count   =   2
batch(32) tensor shape =  torch.Size([32, 12, 128]) torch.Size([32, 2])





model
Sequential(
  (0): Conv1d(12, 32, kernel_size=(3,), stride=(2,), padding=(1,))
  (1): ReLU()
  (2): Dropout(p=0.01, inplace=False)
  (3): Conv1d(32, 64, kernel_size=(3,), stride=(2,), padding=(1,))
  (4): ReLU()
  (5): Dropout(p=0.01, inplace=False)
  (6): Conv1d(64, 64, kernel_size=(3,), stride=(2,), padding=(1,))
  (7): ReLU()
  (8): Dropout(p=0.01, inplace=False)
  (9): Conv1d(64, 128, kernel_size=(3,), stride=(2,), padding=(1,))
  (10): ReLU()
  (11): Dropout(p=0.01, inplace=False)
  (12): Flatten()
  (13): Linear(in_features=1024, out_features=2, bias=True)
)



0 90.69707938092861 93.70814732142857 0.08007771 0.056895066 0.017209267 0.009655407 80.6 





=================================================
new best net in 0
TRAINING result
accuracy   = 90.697 [%]
hit_count  = 13951968
miss_count = 1431072

class_accuracy = 98.881%   58.228%   


confusion_matrix = 
12148748	 1293588	 
137484	 1803220	 



TESTING result
accuracy   = 93.708 [%]
hit_count  = 100755
miss_count = 6765

class_accuracy = 99.824%   69.335%   


confusion_matrix = 
85796	 6615	 
150	 14959	 




1 95.16409630346148 96.17652529761905 0.042265985 0.033099737 0.010537584 0.006755427 79.89 





=================================================
new best net in 1
TRAINING result
accuracy   = 95.164 [%]
hit_count  = 14639131
miss_count = 743909

class_accuracy = 99.617%   77.494%   


confusion_matrix = 
12239484	 696901	 
47008	 2399647	 



TESTING result
accuracy   = 96.177 [%]
hit_count  = 103409
miss_count = 4111

class_accuracy = 99.321%   83.569%   


confusion_matrix = 
85460	 3528	 
583	 17949	 




2 97.03607349392578 96.8656994047619 0.027750827 0.029711463 0.0064975624 0.0057677533 79.17 





=================================================
new best net in 2
TRAINING result
accuracy   = 97.036 [%]
hit_count  = 14927098
miss_count = 455942

class_accuracy = 99.547%   87.057%   


confusion_matrix = 
12234836	 400249	 
55693	 2692262	 



TESTING result
accuracy   = 96.866 [%]
hit_count  = 104150
miss_count = 3370

class_accuracy = 99.225%   87.652%   


confusion_matrix = 
84920	 2708	 
662	 19230	 




3 98.94907638542186 98.07105654761905 0.015264464 0.02179713 0.004878282 0.0041262386 79.05 





=================================================
new best net in 3
TRAINING result
accuracy   = 98.949 [%]
hit_count  = 15221376
miss_count = 161664

class_accuracy = 99.839%   95.416%   


confusion_matrix = 
12268076	 141893	 
19771	 2953300	 



TESTING result
accuracy   = 98.071 [%]
hit_count  = 105446
miss_count = 2074

class_accuracy = 99.5%   92.287%   


confusion_matrix = 
85762	 1644	 
430	 19684	 




4 99.86994118197704 99.46149553571429 0.005564249 0.00835433 0.002208905 0.002110402 80.06 





=================================================
new best net in 4
TRAINING result
accuracy   = 99.87 [%]
hit_count  = 15363033
miss_count = 20007

class_accuracy = 99.991%   99.392%   


confusion_matrix = 
12283842	 18841	 
1166	 3079191	 



TESTING result
accuracy   = 99.461 [%]
hit_count  = 106941
miss_count = 579

class_accuracy = 99.912%   97.658%   


confusion_matrix = 
85887	 504	 
75	 21054	 




5 99.99576806665003 99.84188988095238 0.0018600237 0.004751807 0.0006855104 0.001376266 80.61 





=================================================
new best net in 5
TRAINING result
accuracy   = 99.996 [%]
hit_count  = 15382389
miss_count = 651

class_accuracy = 100.0%   99.979%   


confusion_matrix = 
12287611	 648	 
3	 3094778	 



TESTING result
accuracy   = 99.842 [%]
hit_count  = 107350
miss_count = 170

class_accuracy = 99.991%   99.244%   


confusion_matrix = 
85833	 163	 
7	 21517	 




6 99.99978547803295 99.90141369047619 0.0009744786 0.0037230733 0.00028743883 0.0011210103 81.02 





=================================================
new best net in 6
TRAINING result
accuracy   = 100.0 [%]
hit_count  = 15383007
miss_count = 33

class_accuracy = 100.0%   99.999%   


confusion_matrix = 
12285190	 33	 
0	 3097817	 



TESTING result
accuracy   = 99.901 [%]
hit_count  = 107414
miss_count = 106

class_accuracy = 99.993%   99.528%   


confusion_matrix = 
85884	 101	 
5	 21530	 




7 99.99996749667166 99.92466517857143 0.0006633829 0.0033328608 0.00019168522 0.0011079715 81.28 





=================================================
new best net in 7
TRAINING result
accuracy   = 100.0 [%]
hit_count  = 15383035
miss_count = 5

class_accuracy = 100.0%   100.0%   


confusion_matrix = 
12286484	 5	 
0	 3096551	 



TESTING result
accuracy   = 99.925 [%]
hit_count  = 107439
miss_count = 81

class_accuracy = 99.997%   99.629%   


confusion_matrix = 
85938	 79	 
2	 21501	 




8 99.999980498003 99.9609375 0.00049757987 0.0028222345 0.00014518909 0.000936453 81.41 





=================================================
new best net in 8
TRAINING result
accuracy   = 100.0 [%]
hit_count  = 15383037
miss_count = 3

class_accuracy = 100.0%   100.0%   


confusion_matrix = 
12285522	 3	 
0	 3097515	 



TESTING result
accuracy   = 99.961 [%]
hit_count  = 107478
miss_count = 42

class_accuracy = 99.996%   99.812%   


confusion_matrix = 
85680	 40	 
2	 21798	 




9 100.0 99.96000744047619 0.0003856356 0.0023613404 0.00011672822 0.0008954092 81.4 

10 100.0 99.97953869047619 0.0002772233 0.0017020013 9.244642e-05 0.00069036457 81.3 





=================================================
new best net in 10
TRAINING result
accuracy   = 100.0 [%]
hit_count  = 15383040
miss_count = 0

class_accuracy = 100.0%   100.0%   


confusion_matrix = 
12286528	 0	 
0	 3096512	 



TESTING result
accuracy   = 99.98 [%]
hit_count  = 107498
miss_count = 22

class_accuracy = 99.999%   99.893%   


confusion_matrix = 
85994	 22	 
0	 21504	 




11 99.99999349933434 100.0 0.00017968121 0.00093874877 6.6396504e-05 0.0004095507 81.09 





=================================================
new best net in 11
TRAINING result
accuracy   = 100.0 [%]
hit_count  = 15383039
miss_count = 1

class_accuracy = 100.0%   100.0%   


confusion_matrix = 
12284244	 1	 
0	 3098795	 



TESTING result
accuracy   = 100.0 [%]
hit_count  = 107520
miss_count = 0

class_accuracy = 99.999%   99.995%   


confusion_matrix = 
85769	 0	 
0	 21751	 




12 99.99997399733732 100.0 0.000116702126 0.0007458054 5.778221e-05 0.00034984335 80.81 

13 99.99997399733732 100.0 7.951841e-05 0.00045234818 5.364446e-05 0.00020926108 80.44 

14 99.999960996006 100.0 5.759733e-05 0.0003867138 5.3213582e-05 0.0001851018 80.0 

15 99.999941494009 100.0 4.429473e-05 0.0002964536 6.298707e-05 0.00015795763 79.51 

16 100.0 100.0 3.386888e-05 0.00026892326 2.9915553e-05 0.00013962014 78.97 

17 99.99997399733732 100.0 2.8594426e-05 0.00029191282 4.2456315e-05 0.00016245045 78.36 

18 99.99999349933434 100.0 2.4148403e-05 0.00025564886 3.155216e-05 0.00014253058 77.72 

19 99.99999349933434 100.0 2.0814305e-05 0.0002840913 3.014182e-05 0.00016490436 77.05 

20 100.0 100.0 1.8627354e-05 0.00021475235 2.0677962e-05 0.00013011487 76.35 

21 99.99999349933434 100.0 1.6542139e-05 0.00019004052 2.2062828e-05 0.000121636804 75.61 

22 99.999980498003 100.0 1.595132e-05 0.0002069686 3.3264143e-05 0.00013697773 74.85 

23 99.999980498003 100.0 1.4886382e-05 0.00023088937 2.6140238e-05 0.00015364602 74.06 

24 100.0 100.0 1.39651e-05 0.00018650637 2.1584272e-05 0.000116149706 73.25 

25 100.0 100.0 1.3299654e-05 0.00019567183 1.5984677e-05 0.00011995157 72.42 

26 99.99999349933434 100.0 1.33326175e-05 0.00020364544 2.4546625e-05 0.00011578137 71.57 

27 100.0 100.0 1.2535053e-05 0.00026357957 1.726768e-05 0.0001830309 70.71 

28 99.99999349933434 100.0 1.2316479e-05 0.00018997001 2.2485978e-05 0.00012645606 69.83 

29 99.99999349933434 100.0 1.20282675e-05 0.00017224909 2.2017006e-05 0.00011410558 68.76 

30 100.0 100.0 1.1568376e-05 0.00020337645 1.7311439e-05 0.000115954055 67.26 
