loading  /home/jasencakova/dataset/cells/priamy_kanal/sim_2xKSin1_D_hct15_seed4_rigid31_1/rbc0_sim_2xKSin1_D_hct15_seed4_rigid31_1.dat
shape =  (21, 597)
597
loading  /home/jasencakova/dataset/cells/priamy_kanal/sim_2xKSin1_D_hct15_seed4_rigid31_1/rbc1_sim_2xKSin1_D_hct15_seed4_rigid31_1.dat
shape =  (21, 597)
597
loading  /home/jasencakova/dataset/cells/priamy_kanal/sim_2xKSin1_D_hct15_seed4_rigid31_1/rbc2_sim_2xKSin1_D_hct15_seed4_rigid31_1.dat
shape =  (21, 597)
597
loading  /home/jasencakova/dataset/cells/priamy_kanal/sim_2xKSin1_D_hct15_seed4_rigid31_1/rbc3_sim_2xKSin1_D_hct15_seed4_rigid31_1.dat
shape =  (21, 597)
597
loading  /home/jasencakova/dataset/cells/priamy_kanal/sim_2xKSin1_D_hct15_seed4_rigid31_1/rbc4_sim_2xKSin1_D_hct15_seed4_rigid31_1.dat
shape =  (21, 597)
597
loading  /home/jasencakova/dataset/cells/priamy_kanal/sim_2xKSin1_D_hct15_seed4_rigid31_1/rbc5_sim_2xKSin1_D_hct15_seed4_rigid31_1.dat
shape =  (21, 597)
597
loading  /home/jasencakova/dataset/cells/priamy_kanal/sim_2xKSin1_D_hct15_seed4_rigid31_1/rbc6_sim_2xKSin1_D_hct15_seed4_rigid31_1.dat
shape =  (21, 597)
597
loading  /home/jasencakova/dataset/cells/priamy_kanal/sim_2xKSin1_D_hct15_seed4_rigid31_1/rbc7_sim_2xKSin1_D_hct15_seed4_rigid31_1.dat
shape =  (21, 597)
597
loading  /home/jasencakova/dataset/cells/priamy_kanal/sim_2xKSin1_D_hct15_seed4_rigid31_1/rbc8_sim_2xKSin1_D_hct15_seed4_rigid31_1.dat
shape =  (21, 597)
597
loading  /home/jasencakova/dataset/cells/priamy_kanal/sim_2xKSin1_D_hct15_seed4_rigid31_1/rbc9_sim_2xKSin1_D_hct15_seed4_rigid31_1.dat
shape =  (21, 597)
597
loading  /home/jasencakova/dataset/cells/priamy_kanal/sim_2xKSin1_D_hct15_seed4_rigid31_1/rbc10_sim_2xKSin1_D_hct15_seed4_rigid31_1.dat
shape =  (21, 597)
597
loading  /home/jasencakova/dataset/cells/priamy_kanal/sim_2xKSin1_D_hct15_seed4_rigid31_1/rbc11_sim_2xKSin1_D_hct15_seed4_rigid31_1.dat
shape =  (21, 597)
597
loading  /home/jasencakova/dataset/cells/priamy_kanal/sim_2xKSin1_D_hct15_seed4_rigid31_1/rbc12_sim_2xKSin1_D_hct15_seed4_rigid31_1.dat
shape =  (21, 597)
597
loading  /home/jasencakova/dataset/cells/priamy_kanal/sim_2xKSin1_D_hct15_seed4_rigid31_1/rbc13_sim_2xKSin1_D_hct15_seed4_rigid31_1.dat
shape =  (21, 597)
597
loading  /home/jasencakova/dataset/cells/priamy_kanal/sim_2xKSin1_D_hct15_seed4_rigid31_1/rbc14_sim_2xKSin1_D_hct15_seed4_rigid31_1.dat
shape =  (21, 597)
597
loading  /home/jasencakova/dataset/cells/priamy_kanal/sim_2xKSin1_D_hct15_seed4_rigid31_1/rbc15_sim_2xKSin1_D_hct15_seed4_rigid31_1.dat
shape =  (21, 597)
597
loading  /home/jasencakova/dataset/cells/priamy_kanal/sim_2xKSin1_D_hct15_seed4_rigid31_1/rbc16_sim_2xKSin1_D_hct15_seed4_rigid31_1.dat
shape =  (21, 597)
597
loading  /home/jasencakova/dataset/cells/priamy_kanal/sim_2xKSin1_D_hct15_seed4_rigid31_1/rbc17_sim_2xKSin1_D_hct15_seed4_rigid31_1.dat
shape =  (21, 597)
597
loading  /home/jasencakova/dataset/cells/priamy_kanal/sim_2xKSin1_D_hct15_seed4_rigid31_1/rbc18_sim_2xKSin1_D_hct15_seed4_rigid31_1.dat
shape =  (21, 597)
597
loading  /home/jasencakova/dataset/cells/priamy_kanal/sim_2xKSin1_D_hct15_seed4_rigid31_1/rbc19_sim_2xKSin1_D_hct15_seed4_rigid31_1.dat
shape =  (21, 597)
597
loading  /home/jasencakova/dataset/cells/priamy_kanal/sim_2xKSin1_D_hct15_seed4_rigid31_1/rbc20_sim_2xKSin1_D_hct15_seed4_rigid31_1.dat
shape =  (21, 597)
597
loading  /home/jasencakova/dataset/cells/priamy_kanal/sim_2xKSin1_D_hct15_seed4_rigid31_1/rbc21_sim_2xKSin1_D_hct15_seed4_rigid31_1.dat
shape =  (21, 597)
597
loading  /home/jasencakova/dataset/cells/priamy_kanal/sim_2xKSin1_D_hct15_seed4_rigid31_1/rbc22_sim_2xKSin1_D_hct15_seed4_rigid31_1.dat
shape =  (21, 597)
597
loading  /home/jasencakova/dataset/cells/priamy_kanal/sim_2xKSin1_D_hct15_seed4_rigid31_1/rbc23_sim_2xKSin1_D_hct15_seed4_rigid31_1.dat
shape =  (21, 597)
597
loading  /home/jasencakova/dataset/cells/priamy_kanal/sim_2xKSin1_D_hct15_seed4_rigid31_1/rbc24_sim_2xKSin1_D_hct15_seed4_rigid31_1.dat
shape =  (21, 597)
597
loading  /home/jasencakova/dataset/cells/priamy_kanal/sim_2xKSin1_D_hct15_seed4_rigid31_1/rbc25_sim_2xKSin1_D_hct15_seed4_rigid31_1.dat
shape =  (21, 597)
597
loading  /home/jasencakova/dataset/cells/priamy_kanal/sim_2xKSin1_D_hct15_seed4_rigid31_1/rbc26_sim_2xKSin1_D_hct15_seed4_rigid31_1.dat
shape =  (21, 597)
597
loading  /home/jasencakova/dataset/cells/priamy_kanal/sim_2xKSin1_D_hct15_seed4_rigid31_1/rbc27_sim_2xKSin1_D_hct15_seed4_rigid31_1.dat
shape =  (21, 597)
597
loading  /home/jasencakova/dataset/cells/priamy_kanal/sim_2xKSin1_D_hct15_seed4_rigid31_1/rbc28_sim_2xKSin1_D_hct15_seed4_rigid31_1.dat
shape =  (21, 597)
597
loading  /home/jasencakova/dataset/cells/priamy_kanal/sim_2xKSin1_D_hct15_seed4_rigid31_1/rbc29_sim_2xKSin1_D_hct15_seed4_rigid31_1.dat
shape =  (21, 597)
597
loading  /home/jasencakova/dataset/cells/priamy_kanal/sim_2xKSin1_D_hct15_seed4_rigid31_1/rbc30_sim_2xKSin1_D_hct15_seed4_rigid31_1.dat
shape =  (21, 597)
597
loading  /home/jasencakova/dataset/cells/priamy_kanal/sim_2xKSin1_D_hct15_seed4_rigid31_1/rbc31_sim_2xKSin1_D_hct15_seed4_rigid31_1.dat
shape =  (21, 597)
597
loading  /home/jasencakova/dataset/cells/priamy_kanal/sim_2xKSin1_D_hct15_seed4_rigid31_1/rbc32_sim_2xKSin1_D_hct15_seed4_rigid31_1.dat
shape =  (21, 597)
597
loading  /home/jasencakova/dataset/cells/priamy_kanal/sim_2xKSin1_D_hct15_seed4_rigid31_1/rbc33_sim_2xKSin1_D_hct15_seed4_rigid31_1.dat
shape =  (21, 597)
597
loading  /home/jasencakova/dataset/cells/priamy_kanal/sim_2xKSin1_D_hct15_seed4_rigid31_1/rbc34_sim_2xKSin1_D_hct15_seed4_rigid31_1.dat
shape =  (21, 597)
597
loading  /home/jasencakova/dataset/cells/priamy_kanal/sim_2xKSin1_D_hct15_seed4_rigid31_1/rbc35_sim_2xKSin1_D_hct15_seed4_rigid31_1.dat
shape =  (21, 597)
597
loading  /home/jasencakova/dataset/cells/priamy_kanal/sim_2xKSin1_D_hct15_seed4_rigid31_1/rbc36_sim_2xKSin1_D_hct15_seed4_rigid31_1.dat
shape =  (21, 597)
597
loading  /home/jasencakova/dataset/cells/priamy_kanal/sim_2xKSin1_D_hct15_seed4_rigid31_1/rbc37_sim_2xKSin1_D_hct15_seed4_rigid31_1.dat
shape =  (21, 597)
597
loading  /home/jasencakova/dataset/cells/priamy_kanal/sim_2xKSin1_D_hct15_seed4_rigid31_1/rbc38_sim_2xKSin1_D_hct15_seed4_rigid31_1.dat
shape =  (21, 597)
597
loading  /home/jasencakova/dataset/cells/priamy_kanal/sim_2xKSin1_D_hct15_seed4_rigid31_1/rbc39_sim_2xKSin1_D_hct15_seed4_rigid31_1.dat
shape =  (21, 597)
597
loading  /home/jasencakova/dataset/cells/priamy_kanal/sim_2xKSin1_D_hct15_seed4_rigid31_1/rbc40_sim_2xKSin1_D_hct15_seed4_rigid31_1.dat
shape =  (21, 597)
597
loading  /home/jasencakova/dataset/cells/priamy_kanal/sim_2xKSin1_D_hct15_seed4_rigid31_1/rbc41_sim_2xKSin1_D_hct15_seed4_rigid31_1.dat
shape =  (21, 597)
597
loading  /home/jasencakova/dataset/cells/priamy_kanal/sim_2xKSin1_D_hct15_seed4_rigid31_1/rbc42_sim_2xKSin1_D_hct15_seed4_rigid31_1.dat
shape =  (21, 597)
597
loading  /home/jasencakova/dataset/cells/priamy_kanal/sim_2xKSin1_D_hct15_seed4_rigid31_1/rbc43_sim_2xKSin1_D_hct15_seed4_rigid31_1.dat
shape =  (21, 597)
597
loading  /home/jasencakova/dataset/cells/priamy_kanal/sim_2xKSin1_D_hct15_seed4_rigid31_1/rbc44_sim_2xKSin1_D_hct15_seed4_rigid31_1.dat
shape =  (21, 597)
597
loading  /home/jasencakova/dataset/cells/priamy_kanal/sim_2xKSin1_D_hct15_seed4_rigid31_1/rbc45_sim_2xKSin1_D_hct15_seed4_rigid31_1.dat
shape =  (21, 597)
597
loading  /home/jasencakova/dataset/cells/priamy_kanal/sim_2xKSin1_D_hct15_seed4_rigid31_1/rbc46_sim_2xKSin1_D_hct15_seed4_rigid31_1.dat
shape =  (21, 597)
597
loading  /home/jasencakova/dataset/cells/priamy_kanal/sim_2xKSin1_D_hct15_seed4_rigid31_1/rbc47_sim_2xKSin1_D_hct15_seed4_rigid31_1.dat
shape =  (21, 597)
597
loading  /home/jasencakova/dataset/cells/priamy_kanal/sim_2xKSin1_D_hct15_seed4_rigid31_1/rbc48_sim_2xKSin1_D_hct15_seed4_rigid31_1.dat
shape =  (21, 597)
597
loading  /home/jasencakova/dataset/cells/priamy_kanal/sim_2xKSin1_D_hct15_seed4_rigid31_1/rbc49_sim_2xKSin1_D_hct15_seed4_rigid31_1.dat
shape =  (21, 597)
597
loading  /home/jasencakova/dataset/cells/priamy_kanal/sim_2xKSin1_D_hct15_seed4_rigid31_1/rbc50_sim_2xKSin1_D_hct15_seed4_rigid31_1.dat
shape =  (21, 597)
597
loading  /home/jasencakova/dataset/cells/priamy_kanal/sim_2xKSin1_D_hct15_seed4_rigid31_1/rbc51_sim_2xKSin1_D_hct15_seed4_rigid31_1.dat
shape =  (21, 597)
597
loading  /home/jasencakova/dataset/cells/priamy_kanal/sim_2xKSin1_D_hct15_seed4_rigid31_1/rbc52_sim_2xKSin1_D_hct15_seed4_rigid31_1.dat
shape =  (21, 597)
597
loading  /home/jasencakova/dataset/cells/priamy_kanal/sim_2xKSin1_D_hct15_seed4_rigid31_1/rbc53_sim_2xKSin1_D_hct15_seed4_rigid31_1.dat
shape =  (21, 597)
597
loading  /home/jasencakova/dataset/cells/priamy_kanal/sim_2xKSin1_D_hct15_seed4_rigid31_1/rbc54_sim_2xKSin1_D_hct15_seed4_rigid31_1.dat
shape =  (21, 597)
597
loading  /home/jasencakova/dataset/cells/priamy_kanal/sim_2xKSin1_D_hct15_seed4_rigid31_1/rbc55_sim_2xKSin1_D_hct15_seed4_rigid31_1.dat
shape =  (21, 597)
597
loading  /home/jasencakova/dataset/cells/priamy_kanal/sim_2xKSin1_D_hct15_seed4_rigid31_1/rbc56_sim_2xKSin1_D_hct15_seed4_rigid31_1.dat
shape =  (21, 597)
597
loading  /home/jasencakova/dataset/cells/priamy_kanal/sim_2xKSin1_D_hct15_seed4_rigid31_1/rbc57_sim_2xKSin1_D_hct15_seed4_rigid31_1.dat
shape =  (21, 597)
597
loading  /home/jasencakova/dataset/cells/priamy_kanal/sim_2xKSin1_D_hct15_seed4_rigid31_1/rbc58_sim_2xKSin1_D_hct15_seed4_rigid31_1.dat
shape =  (21, 597)
597
loading  /home/jasencakova/dataset/cells/priamy_kanal/sim_2xKSin1_D_hct15_seed4_rigid31_1/rbc59_sim_2xKSin1_D_hct15_seed4_rigid31_1.dat
shape =  (21, 597)
597
loading  /home/jasencakova/dataset/cells/priamy_kanal/sim_2xKSin1_D_hct15_seed4_rigid31_1/rbc60_sim_2xKSin1_D_hct15_seed4_rigid31_1.dat
shape =  (21, 597)
597
loading  /home/jasencakova/dataset/cells/priamy_kanal/sim_2xKSin1_D_hct15_seed4_rigid31_1/rbc61_sim_2xKSin1_D_hct15_seed4_rigid31_1.dat
shape =  (21, 597)
597
loading  /home/jasencakova/dataset/cells/priamy_kanal/sim_2xKSin1_D_hct15_seed4_rigid31_1/rbc62_sim_2xKSin1_D_hct15_seed4_rigid31_1.dat
shape =  (21, 597)
597
loading  /home/jasencakova/dataset/cells/priamy_kanal/sim_2xKSin1_D_hct15_seed4_rigid31_1/rbc63_sim_2xKSin1_D_hct15_seed4_rigid31_1.dat
shape =  (21, 597)
597
loading  /home/jasencakova/dataset/cells/priamy_kanal/sim_2xKSin1_D_hct15_seed4_rigid31_1/rbc64_sim_2xKSin1_D_hct15_seed4_rigid31_1.dat
shape =  (21, 597)
597
loading  /home/jasencakova/dataset/cells/priamy_kanal/sim_2xKSin1_D_hct15_seed4_rigid31_1/rbc65_sim_2xKSin1_D_hct15_seed4_rigid31_1.dat
shape =  (21, 597)
597
loading  /home/jasencakova/dataset/cells/priamy_kanal/sim_2xKSin1_D_hct15_seed4_rigid31_1/rbc66_sim_2xKSin1_D_hct15_seed4_rigid31_1.dat
shape =  (21, 597)
597
loading  /home/jasencakova/dataset/cells/priamy_kanal/sim_2xKSin1_D_hct15_seed4_rigid31_1/rbc67_sim_2xKSin1_D_hct15_seed4_rigid31_1.dat
shape =  (21, 597)
597
loading  /home/jasencakova/dataset/cells/priamy_kanal/sim_2xKSin1_D_hct15_seed4_rigid31_1/rbc68_sim_2xKSin1_D_hct15_seed4_rigid31_1.dat
shape =  (21, 597)
597
loading  /home/jasencakova/dataset/cells/priamy_kanal/sim_2xKSin1_D_hct15_seed4_rigid31_1/rbc69_sim_2xKSin1_D_hct15_seed4_rigid31_1.dat
shape =  (21, 597)
597
loading  /home/jasencakova/dataset/cells/priamy_kanal/sim_2xKSin1_D_hct15_seed4_rigid31_1/rbc70_sim_2xKSin1_D_hct15_seed4_rigid31_1.dat
shape =  (21, 597)
597
loading  /home/jasencakova/dataset/cells/priamy_kanal/sim_2xKSin1_D_hct15_seed4_rigid31_1/rbc71_sim_2xKSin1_D_hct15_seed4_rigid31_1.dat
shape =  (21, 597)
597
loading  /home/jasencakova/dataset/cells/priamy_kanal/sim_2xKSin1_D_hct15_seed4_rigid31_1/rbc72_sim_2xKSin1_D_hct15_seed4_rigid31_1.dat
shape =  (21, 597)
597
loading  /home/jasencakova/dataset/cells/priamy_kanal/sim_2xKSin1_D_hct15_seed4_rigid31_1/rbc73_sim_2xKSin1_D_hct15_seed4_rigid31_1.dat
shape =  (21, 597)
597
loading  /home/jasencakova/dataset/cells/priamy_kanal/sim_2xKSin1_D_hct15_seed4_rigid31_1/rbc74_sim_2xKSin1_D_hct15_seed4_rigid31_1.dat
shape =  (21, 597)
597
loading  /home/jasencakova/dataset/cells/priamy_kanal/sim_2xKSin1_D_hct15_seed4_rigid31_1/rbc75_sim_2xKSin1_D_hct15_seed4_rigid31_1.dat
shape =  (21, 597)
597
loading  /home/jasencakova/dataset/cells/priamy_kanal/sim_2xKSin1_D_hct15_seed4_rigid31_1/rbc76_sim_2xKSin1_D_hct15_seed4_rigid31_1.dat
shape =  (21, 597)
597
loading  /home/jasencakova/dataset/cells/priamy_kanal/sim_2xKSin1_D_hct15_seed4_rigid31_1/rbc77_sim_2xKSin1_D_hct15_seed4_rigid31_1.dat
shape =  (21, 597)
597
loading  /home/jasencakova/dataset/cells/priamy_kanal/sim_2xKSin1_D_hct15_seed4_rigid31_1/rbc78_sim_2xKSin1_D_hct15_seed4_rigid31_1.dat
shape =  (21, 597)
597
loading  /home/jasencakova/dataset/cells/priamy_kanal/sim_2xKSin1_D_hct15_seed4_rigid31_1/rbc79_sim_2xKSin1_D_hct15_seed4_rigid31_1.dat
shape =  (21, 597)
597
loading  /home/jasencakova/dataset/cells/priamy_kanal/sim_2xKSin1_D_hct15_seed4_rigid31_1/rbc80_sim_2xKSin1_D_hct15_seed4_rigid31_1.dat
shape =  (21, 597)
597
loading  /home/jasencakova/dataset/cells/priamy_kanal/sim_2xKSin1_D_hct15_seed4_rigid31_1/rbc81_sim_2xKSin1_D_hct15_seed4_rigid31_1.dat
shape =  (21, 597)
597
loading  /home/jasencakova/dataset/cells/priamy_kanal/sim_2xKSin1_D_hct15_seed4_rigid31_1/rbc82_sim_2xKSin1_D_hct15_seed4_rigid31_1.dat
shape =  (21, 597)
597
loading  /home/jasencakova/dataset/cells/priamy_kanal/sim_2xKSin1_D_hct15_seed4_rigid31_1/rbc83_sim_2xKSin1_D_hct15_seed4_rigid31_1.dat
shape =  (21, 597)
597
loading  /home/jasencakova/dataset/cells/priamy_kanal/sim_2xKSin1_D_hct15_seed4_rigid31_1/rbc84_sim_2xKSin1_D_hct15_seed4_rigid31_1.dat
shape =  (21, 597)
597
loading  /home/jasencakova/dataset/cells/priamy_kanal/sim_2xKSin1_D_hct15_seed4_rigid31_1/rbc85_sim_2xKSin1_D_hct15_seed4_rigid31_1.dat
shape =  (21, 597)
597
loading  /home/jasencakova/dataset/cells/priamy_kanal/sim_2xKSin1_D_hct15_seed4_rigid31_1/rbc86_sim_2xKSin1_D_hct15_seed4_rigid31_1.dat
shape =  (21, 597)
597
loading  /home/jasencakova/dataset/cells/priamy_kanal/sim_2xKSin1_D_hct15_seed4_rigid31_1/rbc87_sim_2xKSin1_D_hct15_seed4_rigid31_1.dat
shape =  (21, 597)
597
loading  /home/jasencakova/dataset/cells/priamy_kanal/sim_2xKSin1_D_hct15_seed4_rigid31_1/rbc88_sim_2xKSin1_D_hct15_seed4_rigid31_1.dat
shape =  (21, 597)
597
loading  /home/jasencakova/dataset/cells/priamy_kanal/sim_2xKSin1_D_hct15_seed4_rigid31_1/rbc89_sim_2xKSin1_D_hct15_seed4_rigid31_1.dat
shape =  (21, 597)
597
loading  /home/jasencakova/dataset/cells/priamy_kanal/sim_2xKSin1_D_hct15_seed4_rigid31_1/rbc90_sim_2xKSin1_D_hct15_seed4_rigid31_1.dat
shape =  (21, 597)
597
loading  /home/jasencakova/dataset/cells/priamy_kanal/sim_2xKSin1_D_hct15_seed4_rigid31_1/rbc91_sim_2xKSin1_D_hct15_seed4_rigid31_1.dat
shape =  (21, 597)
597
loading  /home/jasencakova/dataset/cells/priamy_kanal/sim_2xKSin1_D_hct15_seed4_rigid31_1/rbc92_sim_2xKSin1_D_hct15_seed4_rigid31_1.dat
shape =  (21, 597)
597
loading  /home/jasencakova/dataset/cells/priamy_kanal/sim_2xKSin1_D_hct15_seed4_rigid31_1/rbc93_sim_2xKSin1_D_hct15_seed4_rigid31_1.dat
shape =  (21, 597)
597
loading  /home/jasencakova/dataset/cells/priamy_kanal/sim_2xKSin1_D_hct15_seed4_rigid31_1/rbc94_sim_2xKSin1_D_hct15_seed4_rigid31_1.dat
shape =  (21, 597)
597
loading  /home/jasencakova/dataset/cells/priamy_kanal/sim_2xKSin1_D_hct15_seed4_rigid31_1/rbc95_sim_2xKSin1_D_hct15_seed4_rigid31_1.dat
shape =  (21, 597)
597
loading  /home/jasencakova/dataset/cells/priamy_kanal/sim_2xKSin1_D_hct15_seed4_rigid31_1/rbc96_sim_2xKSin1_D_hct15_seed4_rigid31_1.dat
shape =  (21, 597)
597
loading  /home/jasencakova/dataset/cells/priamy_kanal/sim_2xKSin1_D_hct15_seed4_rigid31_1/rbc97_sim_2xKSin1_D_hct15_seed4_rigid31_1.dat
shape =  (21, 597)
597
loading  /home/jasencakova/dataset/cells/priamy_kanal/sim_2xKSin1_D_hct15_seed4_rigid31_1/rbc98_sim_2xKSin1_D_hct15_seed4_rigid31_1.dat
shape =  (21, 597)
597
loading  /home/jasencakova/dataset/cells/priamy_kanal/sim_2xKSin1_D_hct15_seed4_rigid31_1/rbc99_sim_2xKSin1_D_hct15_seed4_rigid31_1.dat
shape =  (21, 597)
597
loading  /home/jasencakova/dataset/cells/priamy_kanal/sim_2xKSin1_D_hct15_seed4_rigid31_1/rbc100_sim_2xKSin1_D_hct15_seed4_rigid31_1.dat
shape =  (21, 597)
597
loading  /home/jasencakova/dataset/cells/priamy_kanal/sim_2xKSin1_D_hct15_seed4_rigid31_1/rbc101_sim_2xKSin1_D_hct15_seed4_rigid31_1.dat
shape =  (21, 597)
597
loading  /home/jasencakova/dataset/cells/priamy_kanal/sim_2xKSin1_D_hct15_seed4_rigid31_1/rbc102_sim_2xKSin1_D_hct15_seed4_rigid31_1.dat
shape =  (21, 597)
597
loading  /home/jasencakova/dataset/cells/priamy_kanal/sim_2xKSin1_D_hct15_seed4_rigid31_1/rbc103_sim_2xKSin1_D_hct15_seed4_rigid31_1.dat
shape =  (21, 597)
597
loading  /home/jasencakova/dataset/cells/priamy_kanal/sim_2xKSin1_D_hct15_seed4_rigid31_1/rbc104_sim_2xKSin1_D_hct15_seed4_rigid31_1.dat
shape =  (21, 597)
597
loading  /home/jasencakova/dataset/cells/priamy_kanal/sim_2xKSin1_D_hct15_seed4_rigid31_1/rbc105_sim_2xKSin1_D_hct15_seed4_rigid31_1.dat
shape =  (21, 597)
597
loading  /home/jasencakova/dataset/cells/priamy_kanal/sim_2xKSin1_D_hct15_seed4_rigid31_1/rbc106_sim_2xKSin1_D_hct15_seed4_rigid31_1.dat
shape =  (21, 597)
597
loading  /home/jasencakova/dataset/cells/priamy_kanal/sim_2xKSin1_D_hct15_seed4_rigid31_1/rbc107_sim_2xKSin1_D_hct15_seed4_rigid31_1.dat
shape =  (21, 597)
597
loading  /home/jasencakova/dataset/cells/priamy_kanal/sim_2xKSin1_D_hct15_seed4_rigid31_1/rbc108_sim_2xKSin1_D_hct15_seed4_rigid31_1.dat
shape =  (21, 597)
597
loading  /home/jasencakova/dataset/cells/priamy_kanal/sim_2xKSin1_D_hct15_seed4_rigid31_1/rbc109_sim_2xKSin1_D_hct15_seed4_rigid31_1.dat
shape =  (21, 597)
597
loading  /home/jasencakova/dataset/cells/priamy_kanal/sim_2xKSin1_D_hct15_seed4_rigid31_1/rbc110_sim_2xKSin1_D_hct15_seed4_rigid31_1.dat
shape =  (21, 597)
597
loading  /home/jasencakova/dataset/cells/priamy_kanal/sim_2xKSin1_D_hct15_seed4_rigid31_1/rbc111_sim_2xKSin1_D_hct15_seed4_rigid31_1.dat
shape =  (21, 597)
597
loading  /home/jasencakova/dataset/cells/priamy_kanal/sim_2xKSin1_D_hct15_seed4_rigid31_1/rbc112_sim_2xKSin1_D_hct15_seed4_rigid31_1.dat
shape =  (21, 597)
597
loading  /home/jasencakova/dataset/cells/priamy_kanal/sim_2xKSin1_D_hct15_seed4_rigid31_1/rbc113_sim_2xKSin1_D_hct15_seed4_rigid31_1.dat
shape =  (21, 597)
597
loading  /home/jasencakova/dataset/cells/priamy_kanal/sim_2xKSin1_D_hct15_seed4_rigid31_1/rbc114_sim_2xKSin1_D_hct15_seed4_rigid31_1.dat
shape =  (21, 597)
597
loading  /home/jasencakova/dataset/cells/priamy_kanal/sim_2xKSin1_D_hct15_seed4_rigid31_1/rbc115_sim_2xKSin1_D_hct15_seed4_rigid31_1.dat
shape =  (21, 597)
597
loading  /home/jasencakova/dataset/cells/priamy_kanal/sim_2xKSin1_D_hct15_seed4_rigid31_1/rbc116_sim_2xKSin1_D_hct15_seed4_rigid31_1.dat
shape =  (21, 597)
597
loading  /home/jasencakova/dataset/cells/priamy_kanal/sim_2xKSin1_D_hct15_seed4_rigid31_1/rbc117_sim_2xKSin1_D_hct15_seed4_rigid31_1.dat
shape =  (21, 597)
597
loading  /home/jasencakova/dataset/cells/priamy_kanal/sim_2xKSin1_D_hct15_seed4_rigid31_1/rbc118_sim_2xKSin1_D_hct15_seed4_rigid31_1.dat
shape =  (21, 597)
597
loading  /home/jasencakova/dataset/cells/priamy_kanal/sim_2xKSin1_D_hct15_seed4_rigid31_1/rbc119_sim_2xKSin1_D_hct15_seed4_rigid31_1.dat
shape =  (21, 597)
597
loading  /home/jasencakova/dataset/cells/priamy_kanal/sim_2xKSin1_D_hct15_seed4_rigid31_1/rbc120_sim_2xKSin1_D_hct15_seed4_rigid31_1.dat
shape =  (21, 597)
597
loading  /home/jasencakova/dataset/cells/priamy_kanal/sim_2xKSin1_D_hct15_seed4_rigid31_1/rbc121_sim_2xKSin1_D_hct15_seed4_rigid31_1.dat
shape =  (21, 597)
597
loading  /home/jasencakova/dataset/cells/priamy_kanal/sim_2xKSin1_D_hct15_seed4_rigid31_1/rbc122_sim_2xKSin1_D_hct15_seed4_rigid31_1.dat
shape =  (21, 597)
597
loading  /home/jasencakova/dataset/cells/priamy_kanal/sim_2xKSin1_D_hct15_seed4_rigid31_1/rbc123_sim_2xKSin1_D_hct15_seed4_rigid31_1.dat
shape =  (21, 597)
597
loading  /home/jasencakova/dataset/cells/priamy_kanal/sim_2xKSin1_D_hct15_seed4_rigid31_1/rbc124_sim_2xKSin1_D_hct15_seed4_rigid31_1.dat
shape =  (21, 597)
597
loading  /home/jasencakova/dataset/cells/priamy_kanal/sim_2xKSin1_D_hct15_seed4_rigid31_1/rbc125_sim_2xKSin1_D_hct15_seed4_rigid31_1.dat
shape =  (21, 597)
597
loading  /home/jasencakova/dataset/cells/priamy_kanal/sim_2xKSin1_D_hct15_seed4_rigid31_1/rbc126_sim_2xKSin1_D_hct15_seed4_rigid31_1.dat
shape =  (21, 597)
597
loading  /home/jasencakova/dataset/cells/priamy_kanal/sim_2xKSin1_D_hct15_seed4_rigid31_1/rbc127_sim_2xKSin1_D_hct15_seed4_rigid31_1.dat
shape =  (21, 597)
597
loading  /home/jasencakova/dataset/cells/priamy_kanal/sim_2xKSin1_D_hct15_seed4_rigid31_1/rbc128_sim_2xKSin1_D_hct15_seed4_rigid31_1.dat
shape =  (21, 597)
597
loading  /home/jasencakova/dataset/cells/priamy_kanal/sim_2xKSin1_D_hct15_seed4_rigid31_1/rbc129_sim_2xKSin1_D_hct15_seed4_rigid31_1.dat
shape =  (21, 597)
597
loading  /home/jasencakova/dataset/cells/priamy_kanal/sim_2xKSin1_D_hct15_seed4_rigid31_1/rbc130_sim_2xKSin1_D_hct15_seed4_rigid31_1.dat
shape =  (21, 597)
597
loading  /home/jasencakova/dataset/cells/priamy_kanal/sim_2xKSin1_D_hct15_seed4_rigid31_1/rbc131_sim_2xKSin1_D_hct15_seed4_rigid31_1.dat
shape =  (21, 597)
597
loading  /home/jasencakova/dataset/cells/priamy_kanal/sim_2xKSin1_D_hct15_seed4_rigid31_1/rbc132_sim_2xKSin1_D_hct15_seed4_rigid31_1.dat
shape =  (21, 597)
597
loading  /home/jasencakova/dataset/cells/priamy_kanal/sim_2xKSin1_D_hct15_seed4_rigid31_1/rbc133_sim_2xKSin1_D_hct15_seed4_rigid31_1.dat
shape =  (21, 597)
597
loading  /home/jasencakova/dataset/cells/priamy_kanal/sim_2xKSin1_D_hct15_seed4_rigid31_1/rbc134_sim_2xKSin1_D_hct15_seed4_rigid31_1.dat
shape =  (21, 597)
597
loading  /home/jasencakova/dataset/cells/priamy_kanal/sim_2xKSin1_D_hct15_seed4_rigid31_1/rbc135_sim_2xKSin1_D_hct15_seed4_rigid31_1.dat
shape =  (21, 597)
597
loading  /home/jasencakova/dataset/cells/priamy_kanal/sim_2xKSin1_D_hct15_seed4_rigid31_1/rbc136_sim_2xKSin1_D_hct15_seed4_rigid31_1.dat
shape =  (21, 597)
597
loading  /home/jasencakova/dataset/cells/priamy_kanal/sim_2xKSin1_D_hct15_seed4_rigid31_1/rbc137_sim_2xKSin1_D_hct15_seed4_rigid31_1.dat
shape =  (21, 597)
597
loading  /home/jasencakova/dataset/cells/priamy_kanal/sim_2xKSin1_D_hct15_seed4_rigid31_1/rbc138_sim_2xKSin1_D_hct15_seed4_rigid31_1.dat
shape =  (21, 597)
597
loading  /home/jasencakova/dataset/cells/priamy_kanal/sim_2xKSin1_D_hct15_seed4_rigid31_1/rbc139_sim_2xKSin1_D_hct15_seed4_rigid31_1.dat
shape =  (21, 597)
597
loading  /home/jasencakova/dataset/cells/priamy_kanal/sim_2xKSin1_D_hct15_seed4_rigid31_1/rbc140_sim_2xKSin1_D_hct15_seed4_rigid31_1.dat
shape =  (21, 597)
597
loading  /home/jasencakova/dataset/cells/priamy_kanal/sim_2xKSin1_D_hct15_seed4_rigid31_1/rbc141_sim_2xKSin1_D_hct15_seed4_rigid31_1.dat
shape =  (21, 597)
597
loading  /home/jasencakova/dataset/cells/priamy_kanal/sim_2xKSin1_D_hct15_seed4_rigid31_1/rbc142_sim_2xKSin1_D_hct15_seed4_rigid31_1.dat
shape =  (21, 597)
597
loading  /home/jasencakova/dataset/cells/priamy_kanal/sim_2xKSin1_D_hct15_seed4_rigid31_1/rbc143_sim_2xKSin1_D_hct15_seed4_rigid31_1.dat
shape =  (21, 597)
597
loading  /home/jasencakova/dataset/cells/priamy_kanal/sim_2xKSin1_D_hct15_seed4_rigid31_1/rbc144_sim_2xKSin1_D_hct15_seed4_rigid31_1.dat
shape =  (21, 597)
597
loading  /home/jasencakova/dataset/cells/priamy_kanal/sim_2xKSin1_D_hct15_seed4_rigid31_1/rbc145_sim_2xKSin1_D_hct15_seed4_rigid31_1.dat
shape =  (21, 597)
597
loading  /home/jasencakova/dataset/cells/priamy_kanal/sim_2xKSin1_D_hct15_seed4_rigid31_1/rbc146_sim_2xKSin1_D_hct15_seed4_rigid31_1.dat
shape =  (21, 597)
597
loading  /home/jasencakova/dataset/cells/priamy_kanal/sim_2xKSin1_D_hct15_seed4_rigid31_1/rbc147_sim_2xKSin1_D_hct15_seed4_rigid31_1.dat
shape =  (21, 597)
597
loading  /home/jasencakova/dataset/cells/priamy_kanal/sim_2xKSin1_D_hct15_seed4_rigid31_1/rbc148_sim_2xKSin1_D_hct15_seed4_rigid31_1.dat
shape =  (21, 597)
597
loading  /home/jasencakova/dataset/cells/priamy_kanal/sim_2xKSin1_D_hct15_seed4_rigid31_1/rbc149_sim_2xKSin1_D_hct15_seed4_rigid31_1.dat
shape =  (21, 597)
597
loading  /home/jasencakova/dataset/cells/priamy_kanal/sim_2xKSin1_D_hct15_seed4_rigid31_1/rbc150_sim_2xKSin1_D_hct15_seed4_rigid31_1.dat
shape =  (21, 597)
597
loading  /home/jasencakova/dataset/cells/priamy_kanal/sim_2xKSin1_D_hct15_seed4_rigid31_1/rbc151_sim_2xKSin1_D_hct15_seed4_rigid31_1.dat
shape =  (21, 597)
597
loading  /home/jasencakova/dataset/cells/priamy_kanal/sim_2xKSin1_D_hct15_seed4_rigid31_1/rbc152_sim_2xKSin1_D_hct15_seed4_rigid31_1.dat
shape =  (21, 597)
597
loading  /home/jasencakova/dataset/cells/priamy_kanal/sim_2xKSin1_D_hct15_seed4_rigid31_1/rbc153_sim_2xKSin1_D_hct15_seed4_rigid31_1.dat
shape =  (21, 597)
597
shortest_length =  597
data_shape      =  (154, 597, 21)



loading  /home/jasencakova/dataset/cells/priamy_kanal/sim_2xKSin1_D_hct15_seed4_rigid62_1/rbc0_sim_2xKSin1_D_hct15_seed4_rigid62_1.dat
shape =  (21, 189)
189
loading  /home/jasencakova/dataset/cells/priamy_kanal/sim_2xKSin1_D_hct15_seed4_rigid62_1/rbc1_sim_2xKSin1_D_hct15_seed4_rigid62_1.dat
shape =  (21, 189)
189
loading  /home/jasencakova/dataset/cells/priamy_kanal/sim_2xKSin1_D_hct15_seed4_rigid62_1/rbc2_sim_2xKSin1_D_hct15_seed4_rigid62_1.dat
shape =  (21, 189)
189
loading  /home/jasencakova/dataset/cells/priamy_kanal/sim_2xKSin1_D_hct15_seed4_rigid62_1/rbc3_sim_2xKSin1_D_hct15_seed4_rigid62_1.dat
shape =  (21, 189)
189
loading  /home/jasencakova/dataset/cells/priamy_kanal/sim_2xKSin1_D_hct15_seed4_rigid62_1/rbc4_sim_2xKSin1_D_hct15_seed4_rigid62_1.dat
shape =  (21, 189)
189
loading  /home/jasencakova/dataset/cells/priamy_kanal/sim_2xKSin1_D_hct15_seed4_rigid62_1/rbc5_sim_2xKSin1_D_hct15_seed4_rigid62_1.dat
shape =  (21, 189)
189
loading  /home/jasencakova/dataset/cells/priamy_kanal/sim_2xKSin1_D_hct15_seed4_rigid62_1/rbc6_sim_2xKSin1_D_hct15_seed4_rigid62_1.dat
shape =  (21, 189)
189
loading  /home/jasencakova/dataset/cells/priamy_kanal/sim_2xKSin1_D_hct15_seed4_rigid62_1/rbc7_sim_2xKSin1_D_hct15_seed4_rigid62_1.dat
shape =  (21, 189)
189
loading  /home/jasencakova/dataset/cells/priamy_kanal/sim_2xKSin1_D_hct15_seed4_rigid62_1/rbc8_sim_2xKSin1_D_hct15_seed4_rigid62_1.dat
shape =  (21, 189)
189
loading  /home/jasencakova/dataset/cells/priamy_kanal/sim_2xKSin1_D_hct15_seed4_rigid62_1/rbc9_sim_2xKSin1_D_hct15_seed4_rigid62_1.dat
shape =  (21, 189)
189
loading  /home/jasencakova/dataset/cells/priamy_kanal/sim_2xKSin1_D_hct15_seed4_rigid62_1/rbc10_sim_2xKSin1_D_hct15_seed4_rigid62_1.dat
shape =  (21, 189)
189
loading  /home/jasencakova/dataset/cells/priamy_kanal/sim_2xKSin1_D_hct15_seed4_rigid62_1/rbc11_sim_2xKSin1_D_hct15_seed4_rigid62_1.dat
shape =  (21, 189)
189
loading  /home/jasencakova/dataset/cells/priamy_kanal/sim_2xKSin1_D_hct15_seed4_rigid62_1/rbc12_sim_2xKSin1_D_hct15_seed4_rigid62_1.dat
shape =  (21, 189)
189
loading  /home/jasencakova/dataset/cells/priamy_kanal/sim_2xKSin1_D_hct15_seed4_rigid62_1/rbc13_sim_2xKSin1_D_hct15_seed4_rigid62_1.dat
shape =  (21, 189)
189
loading  /home/jasencakova/dataset/cells/priamy_kanal/sim_2xKSin1_D_hct15_seed4_rigid62_1/rbc14_sim_2xKSin1_D_hct15_seed4_rigid62_1.dat
shape =  (21, 189)
189
loading  /home/jasencakova/dataset/cells/priamy_kanal/sim_2xKSin1_D_hct15_seed4_rigid62_1/rbc15_sim_2xKSin1_D_hct15_seed4_rigid62_1.dat
shape =  (21, 189)
189
loading  /home/jasencakova/dataset/cells/priamy_kanal/sim_2xKSin1_D_hct15_seed4_rigid62_1/rbc16_sim_2xKSin1_D_hct15_seed4_rigid62_1.dat
shape =  (21, 189)
189
loading  /home/jasencakova/dataset/cells/priamy_kanal/sim_2xKSin1_D_hct15_seed4_rigid62_1/rbc17_sim_2xKSin1_D_hct15_seed4_rigid62_1.dat
shape =  (21, 189)
189
loading  /home/jasencakova/dataset/cells/priamy_kanal/sim_2xKSin1_D_hct15_seed4_rigid62_1/rbc18_sim_2xKSin1_D_hct15_seed4_rigid62_1.dat
shape =  (21, 189)
189
loading  /home/jasencakova/dataset/cells/priamy_kanal/sim_2xKSin1_D_hct15_seed4_rigid62_1/rbc19_sim_2xKSin1_D_hct15_seed4_rigid62_1.dat
shape =  (21, 189)
189
loading  /home/jasencakova/dataset/cells/priamy_kanal/sim_2xKSin1_D_hct15_seed4_rigid62_1/rbc20_sim_2xKSin1_D_hct15_seed4_rigid62_1.dat
shape =  (21, 189)
189
loading  /home/jasencakova/dataset/cells/priamy_kanal/sim_2xKSin1_D_hct15_seed4_rigid62_1/rbc21_sim_2xKSin1_D_hct15_seed4_rigid62_1.dat
shape =  (21, 189)
189
loading  /home/jasencakova/dataset/cells/priamy_kanal/sim_2xKSin1_D_hct15_seed4_rigid62_1/rbc22_sim_2xKSin1_D_hct15_seed4_rigid62_1.dat
shape =  (21, 189)
189
loading  /home/jasencakova/dataset/cells/priamy_kanal/sim_2xKSin1_D_hct15_seed4_rigid62_1/rbc23_sim_2xKSin1_D_hct15_seed4_rigid62_1.dat
shape =  (21, 189)
189
loading  /home/jasencakova/dataset/cells/priamy_kanal/sim_2xKSin1_D_hct15_seed4_rigid62_1/rbc24_sim_2xKSin1_D_hct15_seed4_rigid62_1.dat
shape =  (21, 189)
189
loading  /home/jasencakova/dataset/cells/priamy_kanal/sim_2xKSin1_D_hct15_seed4_rigid62_1/rbc25_sim_2xKSin1_D_hct15_seed4_rigid62_1.dat
shape =  (21, 189)
189
loading  /home/jasencakova/dataset/cells/priamy_kanal/sim_2xKSin1_D_hct15_seed4_rigid62_1/rbc26_sim_2xKSin1_D_hct15_seed4_rigid62_1.dat
shape =  (21, 189)
189
loading  /home/jasencakova/dataset/cells/priamy_kanal/sim_2xKSin1_D_hct15_seed4_rigid62_1/rbc27_sim_2xKSin1_D_hct15_seed4_rigid62_1.dat
shape =  (21, 189)
189
loading  /home/jasencakova/dataset/cells/priamy_kanal/sim_2xKSin1_D_hct15_seed4_rigid62_1/rbc28_sim_2xKSin1_D_hct15_seed4_rigid62_1.dat
shape =  (21, 189)
189
loading  /home/jasencakova/dataset/cells/priamy_kanal/sim_2xKSin1_D_hct15_seed4_rigid62_1/rbc29_sim_2xKSin1_D_hct15_seed4_rigid62_1.dat
shape =  (21, 189)
189
loading  /home/jasencakova/dataset/cells/priamy_kanal/sim_2xKSin1_D_hct15_seed4_rigid62_1/rbc30_sim_2xKSin1_D_hct15_seed4_rigid62_1.dat
shape =  (21, 189)
189
loading  /home/jasencakova/dataset/cells/priamy_kanal/sim_2xKSin1_D_hct15_seed4_rigid62_1/rbc31_sim_2xKSin1_D_hct15_seed4_rigid62_1.dat
shape =  (21, 189)
189
loading  /home/jasencakova/dataset/cells/priamy_kanal/sim_2xKSin1_D_hct15_seed4_rigid62_1/rbc32_sim_2xKSin1_D_hct15_seed4_rigid62_1.dat
shape =  (21, 189)
189
loading  /home/jasencakova/dataset/cells/priamy_kanal/sim_2xKSin1_D_hct15_seed4_rigid62_1/rbc33_sim_2xKSin1_D_hct15_seed4_rigid62_1.dat
shape =  (21, 189)
189
loading  /home/jasencakova/dataset/cells/priamy_kanal/sim_2xKSin1_D_hct15_seed4_rigid62_1/rbc34_sim_2xKSin1_D_hct15_seed4_rigid62_1.dat
shape =  (21, 189)
189
loading  /home/jasencakova/dataset/cells/priamy_kanal/sim_2xKSin1_D_hct15_seed4_rigid62_1/rbc35_sim_2xKSin1_D_hct15_seed4_rigid62_1.dat
shape =  (21, 189)
189
loading  /home/jasencakova/dataset/cells/priamy_kanal/sim_2xKSin1_D_hct15_seed4_rigid62_1/rbc36_sim_2xKSin1_D_hct15_seed4_rigid62_1.dat
shape =  (21, 189)
189
loading  /home/jasencakova/dataset/cells/priamy_kanal/sim_2xKSin1_D_hct15_seed4_rigid62_1/rbc37_sim_2xKSin1_D_hct15_seed4_rigid62_1.dat
shape =  (21, 189)
189
loading  /home/jasencakova/dataset/cells/priamy_kanal/sim_2xKSin1_D_hct15_seed4_rigid62_1/rbc38_sim_2xKSin1_D_hct15_seed4_rigid62_1.dat
shape =  (21, 189)
189
loading  /home/jasencakova/dataset/cells/priamy_kanal/sim_2xKSin1_D_hct15_seed4_rigid62_1/rbc39_sim_2xKSin1_D_hct15_seed4_rigid62_1.dat
shape =  (21, 189)
189
loading  /home/jasencakova/dataset/cells/priamy_kanal/sim_2xKSin1_D_hct15_seed4_rigid62_1/rbc40_sim_2xKSin1_D_hct15_seed4_rigid62_1.dat
shape =  (21, 189)
189
loading  /home/jasencakova/dataset/cells/priamy_kanal/sim_2xKSin1_D_hct15_seed4_rigid62_1/rbc41_sim_2xKSin1_D_hct15_seed4_rigid62_1.dat
shape =  (21, 189)
189
loading  /home/jasencakova/dataset/cells/priamy_kanal/sim_2xKSin1_D_hct15_seed4_rigid62_1/rbc42_sim_2xKSin1_D_hct15_seed4_rigid62_1.dat
shape =  (21, 189)
189
loading  /home/jasencakova/dataset/cells/priamy_kanal/sim_2xKSin1_D_hct15_seed4_rigid62_1/rbc43_sim_2xKSin1_D_hct15_seed4_rigid62_1.dat
shape =  (21, 189)
189
loading  /home/jasencakova/dataset/cells/priamy_kanal/sim_2xKSin1_D_hct15_seed4_rigid62_1/rbc44_sim_2xKSin1_D_hct15_seed4_rigid62_1.dat
shape =  (21, 189)
189
loading  /home/jasencakova/dataset/cells/priamy_kanal/sim_2xKSin1_D_hct15_seed4_rigid62_1/rbc45_sim_2xKSin1_D_hct15_seed4_rigid62_1.dat
shape =  (21, 189)
189
loading  /home/jasencakova/dataset/cells/priamy_kanal/sim_2xKSin1_D_hct15_seed4_rigid62_1/rbc46_sim_2xKSin1_D_hct15_seed4_rigid62_1.dat
shape =  (21, 189)
189
loading  /home/jasencakova/dataset/cells/priamy_kanal/sim_2xKSin1_D_hct15_seed4_rigid62_1/rbc47_sim_2xKSin1_D_hct15_seed4_rigid62_1.dat
shape =  (21, 189)
189
loading  /home/jasencakova/dataset/cells/priamy_kanal/sim_2xKSin1_D_hct15_seed4_rigid62_1/rbc48_sim_2xKSin1_D_hct15_seed4_rigid62_1.dat
shape =  (21, 189)
189
loading  /home/jasencakova/dataset/cells/priamy_kanal/sim_2xKSin1_D_hct15_seed4_rigid62_1/rbc49_sim_2xKSin1_D_hct15_seed4_rigid62_1.dat
shape =  (21, 189)
189
loading  /home/jasencakova/dataset/cells/priamy_kanal/sim_2xKSin1_D_hct15_seed4_rigid62_1/rbc50_sim_2xKSin1_D_hct15_seed4_rigid62_1.dat
shape =  (21, 189)
189
loading  /home/jasencakova/dataset/cells/priamy_kanal/sim_2xKSin1_D_hct15_seed4_rigid62_1/rbc51_sim_2xKSin1_D_hct15_seed4_rigid62_1.dat
shape =  (21, 189)
189
loading  /home/jasencakova/dataset/cells/priamy_kanal/sim_2xKSin1_D_hct15_seed4_rigid62_1/rbc52_sim_2xKSin1_D_hct15_seed4_rigid62_1.dat
shape =  (21, 189)
189
loading  /home/jasencakova/dataset/cells/priamy_kanal/sim_2xKSin1_D_hct15_seed4_rigid62_1/rbc53_sim_2xKSin1_D_hct15_seed4_rigid62_1.dat
shape =  (21, 189)
189
loading  /home/jasencakova/dataset/cells/priamy_kanal/sim_2xKSin1_D_hct15_seed4_rigid62_1/rbc54_sim_2xKSin1_D_hct15_seed4_rigid62_1.dat
shape =  (21, 189)
189
loading  /home/jasencakova/dataset/cells/priamy_kanal/sim_2xKSin1_D_hct15_seed4_rigid62_1/rbc55_sim_2xKSin1_D_hct15_seed4_rigid62_1.dat
shape =  (21, 189)
189
loading  /home/jasencakova/dataset/cells/priamy_kanal/sim_2xKSin1_D_hct15_seed4_rigid62_1/rbc56_sim_2xKSin1_D_hct15_seed4_rigid62_1.dat
shape =  (21, 189)
189
loading  /home/jasencakova/dataset/cells/priamy_kanal/sim_2xKSin1_D_hct15_seed4_rigid62_1/rbc57_sim_2xKSin1_D_hct15_seed4_rigid62_1.dat
shape =  (21, 189)
189
loading  /home/jasencakova/dataset/cells/priamy_kanal/sim_2xKSin1_D_hct15_seed4_rigid62_1/rbc58_sim_2xKSin1_D_hct15_seed4_rigid62_1.dat
shape =  (21, 189)
189
loading  /home/jasencakova/dataset/cells/priamy_kanal/sim_2xKSin1_D_hct15_seed4_rigid62_1/rbc59_sim_2xKSin1_D_hct15_seed4_rigid62_1.dat
shape =  (21, 189)
189
loading  /home/jasencakova/dataset/cells/priamy_kanal/sim_2xKSin1_D_hct15_seed4_rigid62_1/rbc60_sim_2xKSin1_D_hct15_seed4_rigid62_1.dat
shape =  (21, 189)
189
loading  /home/jasencakova/dataset/cells/priamy_kanal/sim_2xKSin1_D_hct15_seed4_rigid62_1/rbc61_sim_2xKSin1_D_hct15_seed4_rigid62_1.dat
shape =  (21, 189)
189
loading  /home/jasencakova/dataset/cells/priamy_kanal/sim_2xKSin1_D_hct15_seed4_rigid62_1/rbc62_sim_2xKSin1_D_hct15_seed4_rigid62_1.dat
shape =  (21, 189)
189
loading  /home/jasencakova/dataset/cells/priamy_kanal/sim_2xKSin1_D_hct15_seed4_rigid62_1/rbc63_sim_2xKSin1_D_hct15_seed4_rigid62_1.dat
shape =  (21, 189)
189
loading  /home/jasencakova/dataset/cells/priamy_kanal/sim_2xKSin1_D_hct15_seed4_rigid62_1/rbc64_sim_2xKSin1_D_hct15_seed4_rigid62_1.dat
shape =  (21, 189)
189
loading  /home/jasencakova/dataset/cells/priamy_kanal/sim_2xKSin1_D_hct15_seed4_rigid62_1/rbc65_sim_2xKSin1_D_hct15_seed4_rigid62_1.dat
shape =  (21, 189)
189
loading  /home/jasencakova/dataset/cells/priamy_kanal/sim_2xKSin1_D_hct15_seed4_rigid62_1/rbc66_sim_2xKSin1_D_hct15_seed4_rigid62_1.dat
shape =  (21, 189)
189
loading  /home/jasencakova/dataset/cells/priamy_kanal/sim_2xKSin1_D_hct15_seed4_rigid62_1/rbc67_sim_2xKSin1_D_hct15_seed4_rigid62_1.dat
shape =  (21, 189)
189
loading  /home/jasencakova/dataset/cells/priamy_kanal/sim_2xKSin1_D_hct15_seed4_rigid62_1/rbc68_sim_2xKSin1_D_hct15_seed4_rigid62_1.dat
shape =  (21, 189)
189
loading  /home/jasencakova/dataset/cells/priamy_kanal/sim_2xKSin1_D_hct15_seed4_rigid62_1/rbc69_sim_2xKSin1_D_hct15_seed4_rigid62_1.dat
shape =  (21, 189)
189
loading  /home/jasencakova/dataset/cells/priamy_kanal/sim_2xKSin1_D_hct15_seed4_rigid62_1/rbc70_sim_2xKSin1_D_hct15_seed4_rigid62_1.dat
shape =  (21, 189)
189
loading  /home/jasencakova/dataset/cells/priamy_kanal/sim_2xKSin1_D_hct15_seed4_rigid62_1/rbc71_sim_2xKSin1_D_hct15_seed4_rigid62_1.dat
shape =  (21, 189)
189
loading  /home/jasencakova/dataset/cells/priamy_kanal/sim_2xKSin1_D_hct15_seed4_rigid62_1/rbc72_sim_2xKSin1_D_hct15_seed4_rigid62_1.dat
shape =  (21, 189)
189
loading  /home/jasencakova/dataset/cells/priamy_kanal/sim_2xKSin1_D_hct15_seed4_rigid62_1/rbc73_sim_2xKSin1_D_hct15_seed4_rigid62_1.dat
shape =  (21, 189)
189
loading  /home/jasencakova/dataset/cells/priamy_kanal/sim_2xKSin1_D_hct15_seed4_rigid62_1/rbc74_sim_2xKSin1_D_hct15_seed4_rigid62_1.dat
shape =  (21, 189)
189
loading  /home/jasencakova/dataset/cells/priamy_kanal/sim_2xKSin1_D_hct15_seed4_rigid62_1/rbc75_sim_2xKSin1_D_hct15_seed4_rigid62_1.dat
shape =  (21, 189)
189
loading  /home/jasencakova/dataset/cells/priamy_kanal/sim_2xKSin1_D_hct15_seed4_rigid62_1/rbc76_sim_2xKSin1_D_hct15_seed4_rigid62_1.dat
shape =  (21, 189)
189
loading  /home/jasencakova/dataset/cells/priamy_kanal/sim_2xKSin1_D_hct15_seed4_rigid62_1/rbc77_sim_2xKSin1_D_hct15_seed4_rigid62_1.dat
shape =  (21, 189)
189
loading  /home/jasencakova/dataset/cells/priamy_kanal/sim_2xKSin1_D_hct15_seed4_rigid62_1/rbc78_sim_2xKSin1_D_hct15_seed4_rigid62_1.dat
shape =  (21, 189)
189
loading  /home/jasencakova/dataset/cells/priamy_kanal/sim_2xKSin1_D_hct15_seed4_rigid62_1/rbc79_sim_2xKSin1_D_hct15_seed4_rigid62_1.dat
shape =  (21, 189)
189
loading  /home/jasencakova/dataset/cells/priamy_kanal/sim_2xKSin1_D_hct15_seed4_rigid62_1/rbc80_sim_2xKSin1_D_hct15_seed4_rigid62_1.dat
shape =  (21, 189)
189
loading  /home/jasencakova/dataset/cells/priamy_kanal/sim_2xKSin1_D_hct15_seed4_rigid62_1/rbc81_sim_2xKSin1_D_hct15_seed4_rigid62_1.dat
shape =  (21, 189)
189
loading  /home/jasencakova/dataset/cells/priamy_kanal/sim_2xKSin1_D_hct15_seed4_rigid62_1/rbc82_sim_2xKSin1_D_hct15_seed4_rigid62_1.dat
shape =  (21, 189)
189
loading  /home/jasencakova/dataset/cells/priamy_kanal/sim_2xKSin1_D_hct15_seed4_rigid62_1/rbc83_sim_2xKSin1_D_hct15_seed4_rigid62_1.dat
shape =  (21, 189)
189
loading  /home/jasencakova/dataset/cells/priamy_kanal/sim_2xKSin1_D_hct15_seed4_rigid62_1/rbc84_sim_2xKSin1_D_hct15_seed4_rigid62_1.dat
shape =  (21, 189)
189
loading  /home/jasencakova/dataset/cells/priamy_kanal/sim_2xKSin1_D_hct15_seed4_rigid62_1/rbc85_sim_2xKSin1_D_hct15_seed4_rigid62_1.dat
shape =  (21, 189)
189
loading  /home/jasencakova/dataset/cells/priamy_kanal/sim_2xKSin1_D_hct15_seed4_rigid62_1/rbc86_sim_2xKSin1_D_hct15_seed4_rigid62_1.dat
shape =  (21, 189)
189
loading  /home/jasencakova/dataset/cells/priamy_kanal/sim_2xKSin1_D_hct15_seed4_rigid62_1/rbc87_sim_2xKSin1_D_hct15_seed4_rigid62_1.dat
shape =  (21, 189)
189
loading  /home/jasencakova/dataset/cells/priamy_kanal/sim_2xKSin1_D_hct15_seed4_rigid62_1/rbc88_sim_2xKSin1_D_hct15_seed4_rigid62_1.dat
shape =  (21, 189)
189
loading  /home/jasencakova/dataset/cells/priamy_kanal/sim_2xKSin1_D_hct15_seed4_rigid62_1/rbc89_sim_2xKSin1_D_hct15_seed4_rigid62_1.dat
shape =  (21, 189)
189
loading  /home/jasencakova/dataset/cells/priamy_kanal/sim_2xKSin1_D_hct15_seed4_rigid62_1/rbc90_sim_2xKSin1_D_hct15_seed4_rigid62_1.dat
shape =  (21, 189)
189
loading  /home/jasencakova/dataset/cells/priamy_kanal/sim_2xKSin1_D_hct15_seed4_rigid62_1/rbc91_sim_2xKSin1_D_hct15_seed4_rigid62_1.dat
shape =  (21, 189)
189
loading  /home/jasencakova/dataset/cells/priamy_kanal/sim_2xKSin1_D_hct15_seed4_rigid62_1/rbc92_sim_2xKSin1_D_hct15_seed4_rigid62_1.dat
shape =  (21, 189)
189
loading  /home/jasencakova/dataset/cells/priamy_kanal/sim_2xKSin1_D_hct15_seed4_rigid62_1/rbc93_sim_2xKSin1_D_hct15_seed4_rigid62_1.dat
shape =  (21, 189)
189
loading  /home/jasencakova/dataset/cells/priamy_kanal/sim_2xKSin1_D_hct15_seed4_rigid62_1/rbc94_sim_2xKSin1_D_hct15_seed4_rigid62_1.dat
shape =  (21, 189)
189
loading  /home/jasencakova/dataset/cells/priamy_kanal/sim_2xKSin1_D_hct15_seed4_rigid62_1/rbc95_sim_2xKSin1_D_hct15_seed4_rigid62_1.dat
shape =  (21, 189)
189
loading  /home/jasencakova/dataset/cells/priamy_kanal/sim_2xKSin1_D_hct15_seed4_rigid62_1/rbc96_sim_2xKSin1_D_hct15_seed4_rigid62_1.dat
shape =  (21, 189)
189
loading  /home/jasencakova/dataset/cells/priamy_kanal/sim_2xKSin1_D_hct15_seed4_rigid62_1/rbc97_sim_2xKSin1_D_hct15_seed4_rigid62_1.dat
shape =  (21, 189)
189
loading  /home/jasencakova/dataset/cells/priamy_kanal/sim_2xKSin1_D_hct15_seed4_rigid62_1/rbc98_sim_2xKSin1_D_hct15_seed4_rigid62_1.dat
shape =  (21, 189)
189
loading  /home/jasencakova/dataset/cells/priamy_kanal/sim_2xKSin1_D_hct15_seed4_rigid62_1/rbc99_sim_2xKSin1_D_hct15_seed4_rigid62_1.dat
shape =  (21, 189)
189
loading  /home/jasencakova/dataset/cells/priamy_kanal/sim_2xKSin1_D_hct15_seed4_rigid62_1/rbc100_sim_2xKSin1_D_hct15_seed4_rigid62_1.dat
shape =  (21, 189)
189
loading  /home/jasencakova/dataset/cells/priamy_kanal/sim_2xKSin1_D_hct15_seed4_rigid62_1/rbc101_sim_2xKSin1_D_hct15_seed4_rigid62_1.dat
shape =  (21, 189)
189
loading  /home/jasencakova/dataset/cells/priamy_kanal/sim_2xKSin1_D_hct15_seed4_rigid62_1/rbc102_sim_2xKSin1_D_hct15_seed4_rigid62_1.dat
shape =  (21, 189)
189
loading  /home/jasencakova/dataset/cells/priamy_kanal/sim_2xKSin1_D_hct15_seed4_rigid62_1/rbc103_sim_2xKSin1_D_hct15_seed4_rigid62_1.dat
shape =  (21, 189)
189
loading  /home/jasencakova/dataset/cells/priamy_kanal/sim_2xKSin1_D_hct15_seed4_rigid62_1/rbc104_sim_2xKSin1_D_hct15_seed4_rigid62_1.dat
shape =  (21, 189)
189
loading  /home/jasencakova/dataset/cells/priamy_kanal/sim_2xKSin1_D_hct15_seed4_rigid62_1/rbc105_sim_2xKSin1_D_hct15_seed4_rigid62_1.dat
shape =  (21, 189)
189
loading  /home/jasencakova/dataset/cells/priamy_kanal/sim_2xKSin1_D_hct15_seed4_rigid62_1/rbc106_sim_2xKSin1_D_hct15_seed4_rigid62_1.dat
shape =  (21, 189)
189
loading  /home/jasencakova/dataset/cells/priamy_kanal/sim_2xKSin1_D_hct15_seed4_rigid62_1/rbc107_sim_2xKSin1_D_hct15_seed4_rigid62_1.dat
shape =  (21, 189)
189
loading  /home/jasencakova/dataset/cells/priamy_kanal/sim_2xKSin1_D_hct15_seed4_rigid62_1/rbc108_sim_2xKSin1_D_hct15_seed4_rigid62_1.dat
shape =  (21, 189)
189
loading  /home/jasencakova/dataset/cells/priamy_kanal/sim_2xKSin1_D_hct15_seed4_rigid62_1/rbc109_sim_2xKSin1_D_hct15_seed4_rigid62_1.dat
shape =  (21, 189)
189
loading  /home/jasencakova/dataset/cells/priamy_kanal/sim_2xKSin1_D_hct15_seed4_rigid62_1/rbc110_sim_2xKSin1_D_hct15_seed4_rigid62_1.dat
shape =  (21, 189)
189
loading  /home/jasencakova/dataset/cells/priamy_kanal/sim_2xKSin1_D_hct15_seed4_rigid62_1/rbc111_sim_2xKSin1_D_hct15_seed4_rigid62_1.dat
shape =  (21, 189)
189
loading  /home/jasencakova/dataset/cells/priamy_kanal/sim_2xKSin1_D_hct15_seed4_rigid62_1/rbc112_sim_2xKSin1_D_hct15_seed4_rigid62_1.dat
shape =  (21, 189)
189
loading  /home/jasencakova/dataset/cells/priamy_kanal/sim_2xKSin1_D_hct15_seed4_rigid62_1/rbc113_sim_2xKSin1_D_hct15_seed4_rigid62_1.dat
shape =  (21, 189)
189
loading  /home/jasencakova/dataset/cells/priamy_kanal/sim_2xKSin1_D_hct15_seed4_rigid62_1/rbc114_sim_2xKSin1_D_hct15_seed4_rigid62_1.dat
shape =  (21, 189)
189
loading  /home/jasencakova/dataset/cells/priamy_kanal/sim_2xKSin1_D_hct15_seed4_rigid62_1/rbc115_sim_2xKSin1_D_hct15_seed4_rigid62_1.dat
shape =  (21, 189)
189
loading  /home/jasencakova/dataset/cells/priamy_kanal/sim_2xKSin1_D_hct15_seed4_rigid62_1/rbc116_sim_2xKSin1_D_hct15_seed4_rigid62_1.dat
shape =  (21, 189)
189
loading  /home/jasencakova/dataset/cells/priamy_kanal/sim_2xKSin1_D_hct15_seed4_rigid62_1/rbc117_sim_2xKSin1_D_hct15_seed4_rigid62_1.dat
shape =  (21, 189)
189
loading  /home/jasencakova/dataset/cells/priamy_kanal/sim_2xKSin1_D_hct15_seed4_rigid62_1/rbc118_sim_2xKSin1_D_hct15_seed4_rigid62_1.dat
shape =  (21, 189)
189
loading  /home/jasencakova/dataset/cells/priamy_kanal/sim_2xKSin1_D_hct15_seed4_rigid62_1/rbc119_sim_2xKSin1_D_hct15_seed4_rigid62_1.dat
shape =  (21, 189)
189
loading  /home/jasencakova/dataset/cells/priamy_kanal/sim_2xKSin1_D_hct15_seed4_rigid62_1/rbc120_sim_2xKSin1_D_hct15_seed4_rigid62_1.dat
shape =  (21, 189)
189
loading  /home/jasencakova/dataset/cells/priamy_kanal/sim_2xKSin1_D_hct15_seed4_rigid62_1/rbc121_sim_2xKSin1_D_hct15_seed4_rigid62_1.dat
shape =  (21, 189)
189
loading  /home/jasencakova/dataset/cells/priamy_kanal/sim_2xKSin1_D_hct15_seed4_rigid62_1/rbc122_sim_2xKSin1_D_hct15_seed4_rigid62_1.dat
shape =  (21, 189)
189
loading  /home/jasencakova/dataset/cells/priamy_kanal/sim_2xKSin1_D_hct15_seed4_rigid62_1/rbc123_sim_2xKSin1_D_hct15_seed4_rigid62_1.dat
shape =  (21, 189)
189
loading  /home/jasencakova/dataset/cells/priamy_kanal/sim_2xKSin1_D_hct15_seed4_rigid62_1/rbc124_sim_2xKSin1_D_hct15_seed4_rigid62_1.dat
shape =  (21, 189)
189
loading  /home/jasencakova/dataset/cells/priamy_kanal/sim_2xKSin1_D_hct15_seed4_rigid62_1/rbc125_sim_2xKSin1_D_hct15_seed4_rigid62_1.dat
shape =  (21, 189)
189
loading  /home/jasencakova/dataset/cells/priamy_kanal/sim_2xKSin1_D_hct15_seed4_rigid62_1/rbc126_sim_2xKSin1_D_hct15_seed4_rigid62_1.dat
shape =  (21, 189)
189
loading  /home/jasencakova/dataset/cells/priamy_kanal/sim_2xKSin1_D_hct15_seed4_rigid62_1/rbc127_sim_2xKSin1_D_hct15_seed4_rigid62_1.dat
shape =  (21, 189)
189
loading  /home/jasencakova/dataset/cells/priamy_kanal/sim_2xKSin1_D_hct15_seed4_rigid62_1/rbc128_sim_2xKSin1_D_hct15_seed4_rigid62_1.dat
shape =  (21, 189)
189
loading  /home/jasencakova/dataset/cells/priamy_kanal/sim_2xKSin1_D_hct15_seed4_rigid62_1/rbc129_sim_2xKSin1_D_hct15_seed4_rigid62_1.dat
shape =  (21, 189)
189
loading  /home/jasencakova/dataset/cells/priamy_kanal/sim_2xKSin1_D_hct15_seed4_rigid62_1/rbc130_sim_2xKSin1_D_hct15_seed4_rigid62_1.dat
shape =  (21, 189)
189
loading  /home/jasencakova/dataset/cells/priamy_kanal/sim_2xKSin1_D_hct15_seed4_rigid62_1/rbc131_sim_2xKSin1_D_hct15_seed4_rigid62_1.dat
shape =  (21, 189)
189
loading  /home/jasencakova/dataset/cells/priamy_kanal/sim_2xKSin1_D_hct15_seed4_rigid62_1/rbc132_sim_2xKSin1_D_hct15_seed4_rigid62_1.dat
shape =  (21, 189)
189
loading  /home/jasencakova/dataset/cells/priamy_kanal/sim_2xKSin1_D_hct15_seed4_rigid62_1/rbc133_sim_2xKSin1_D_hct15_seed4_rigid62_1.dat
shape =  (21, 189)
189
loading  /home/jasencakova/dataset/cells/priamy_kanal/sim_2xKSin1_D_hct15_seed4_rigid62_1/rbc134_sim_2xKSin1_D_hct15_seed4_rigid62_1.dat
shape =  (21, 189)
189
loading  /home/jasencakova/dataset/cells/priamy_kanal/sim_2xKSin1_D_hct15_seed4_rigid62_1/rbc135_sim_2xKSin1_D_hct15_seed4_rigid62_1.dat
shape =  (21, 189)
189
loading  /home/jasencakova/dataset/cells/priamy_kanal/sim_2xKSin1_D_hct15_seed4_rigid62_1/rbc136_sim_2xKSin1_D_hct15_seed4_rigid62_1.dat
shape =  (21, 189)
189
loading  /home/jasencakova/dataset/cells/priamy_kanal/sim_2xKSin1_D_hct15_seed4_rigid62_1/rbc137_sim_2xKSin1_D_hct15_seed4_rigid62_1.dat
shape =  (21, 189)
189
loading  /home/jasencakova/dataset/cells/priamy_kanal/sim_2xKSin1_D_hct15_seed4_rigid62_1/rbc138_sim_2xKSin1_D_hct15_seed4_rigid62_1.dat
shape =  (21, 189)
189
loading  /home/jasencakova/dataset/cells/priamy_kanal/sim_2xKSin1_D_hct15_seed4_rigid62_1/rbc139_sim_2xKSin1_D_hct15_seed4_rigid62_1.dat
shape =  (21, 189)
189
loading  /home/jasencakova/dataset/cells/priamy_kanal/sim_2xKSin1_D_hct15_seed4_rigid62_1/rbc140_sim_2xKSin1_D_hct15_seed4_rigid62_1.dat
shape =  (21, 189)
189
loading  /home/jasencakova/dataset/cells/priamy_kanal/sim_2xKSin1_D_hct15_seed4_rigid62_1/rbc141_sim_2xKSin1_D_hct15_seed4_rigid62_1.dat
shape =  (21, 189)
189
loading  /home/jasencakova/dataset/cells/priamy_kanal/sim_2xKSin1_D_hct15_seed4_rigid62_1/rbc142_sim_2xKSin1_D_hct15_seed4_rigid62_1.dat
shape =  (21, 189)
189
loading  /home/jasencakova/dataset/cells/priamy_kanal/sim_2xKSin1_D_hct15_seed4_rigid62_1/rbc143_sim_2xKSin1_D_hct15_seed4_rigid62_1.dat
shape =  (21, 189)
189
loading  /home/jasencakova/dataset/cells/priamy_kanal/sim_2xKSin1_D_hct15_seed4_rigid62_1/rbc144_sim_2xKSin1_D_hct15_seed4_rigid62_1.dat
shape =  (21, 189)
189
loading  /home/jasencakova/dataset/cells/priamy_kanal/sim_2xKSin1_D_hct15_seed4_rigid62_1/rbc145_sim_2xKSin1_D_hct15_seed4_rigid62_1.dat
shape =  (21, 189)
189
loading  /home/jasencakova/dataset/cells/priamy_kanal/sim_2xKSin1_D_hct15_seed4_rigid62_1/rbc146_sim_2xKSin1_D_hct15_seed4_rigid62_1.dat
shape =  (21, 189)
189
loading  /home/jasencakova/dataset/cells/priamy_kanal/sim_2xKSin1_D_hct15_seed4_rigid62_1/rbc147_sim_2xKSin1_D_hct15_seed4_rigid62_1.dat
shape =  (21, 189)
189
loading  /home/jasencakova/dataset/cells/priamy_kanal/sim_2xKSin1_D_hct15_seed4_rigid62_1/rbc148_sim_2xKSin1_D_hct15_seed4_rigid62_1.dat
shape =  (21, 189)
189
loading  /home/jasencakova/dataset/cells/priamy_kanal/sim_2xKSin1_D_hct15_seed4_rigid62_1/rbc149_sim_2xKSin1_D_hct15_seed4_rigid62_1.dat
shape =  (21, 189)
189
loading  /home/jasencakova/dataset/cells/priamy_kanal/sim_2xKSin1_D_hct15_seed4_rigid62_1/rbc150_sim_2xKSin1_D_hct15_seed4_rigid62_1.dat
shape =  (21, 189)
189
loading  /home/jasencakova/dataset/cells/priamy_kanal/sim_2xKSin1_D_hct15_seed4_rigid62_1/rbc151_sim_2xKSin1_D_hct15_seed4_rigid62_1.dat
shape =  (21, 189)
189
loading  /home/jasencakova/dataset/cells/priamy_kanal/sim_2xKSin1_D_hct15_seed4_rigid62_1/rbc152_sim_2xKSin1_D_hct15_seed4_rigid62_1.dat
shape =  (21, 189)
189
loading  /home/jasencakova/dataset/cells/priamy_kanal/sim_2xKSin1_D_hct15_seed4_rigid62_1/rbc153_sim_2xKSin1_D_hct15_seed4_rigid62_1.dat
shape =  (21, 189)
189
shortest_length =  189
data_shape      =  (154, 189, 21)








dataset summary : 

training_dats shape    =  (154, 597, 21)
testing_dats shape    =  (154, 189, 21)
training_count  =  9285738
testing_count   =  29106
channels_count  =  21
sequence_length =  128
classes_count   =   2
batch(32) tensor shape =  torch.Size([32, 21, 128]) torch.Size([32, 2])





model
Sequential(
  (0): Conv1d(21, 32, kernel_size=(3,), stride=(2,), padding=(1,))
  (1): ReLU()
  (2): Dropout(p=0.01, inplace=False)
  (3): Conv1d(32, 64, kernel_size=(3,), stride=(2,), padding=(1,))
  (4): ReLU()
  (5): Dropout(p=0.01, inplace=False)
  (6): Conv1d(64, 64, kernel_size=(3,), stride=(2,), padding=(1,))
  (7): ReLU()
  (8): Dropout(p=0.01, inplace=False)
  (9): Conv1d(64, 128, kernel_size=(3,), stride=(2,), padding=(1,))
  (10): ReLU()
  (11): Dropout(p=0.01, inplace=False)
  (12): Flatten()
  (13): Linear(in_features=1024, out_features=2, bias=True)
)



0 89.17939781311168 81.08209978070175 0.089805 0.13822922 0.023196356 0.013180496 101.8 





=================================================
new best net in 0
TRAINING result
accuracy   = 89.179 [%]
hit_count  = 8281099
miss_count = 1004789

class_accuracy = 98.198%   53.377%   


confusion_matrix = 
7283744	 871138	 
133651	 997355	 



TESTING result
accuracy   = 81.082 [%]
hit_count  = 23663
miss_count = 5521

class_accuracy = 98.474%   53.76%   


confusion_matrix = 
17558	 5250	 
271	 6105	 




1 97.38385817274556 89.92598684210526 0.0283529 0.090776965 0.007847088 0.013905423 100.53 





=================================================
new best net in 1
TRAINING result
accuracy   = 97.384 [%]
hit_count  = 9042956
miss_count = 242932

class_accuracy = 99.725%   88.09%   


confusion_matrix = 
7396762	 222568	 
20364	 1646194	 



TESTING result
accuracy   = 89.926 [%]
hit_count  = 26244
miss_count = 2940

class_accuracy = 97.443%   77.971%   


confusion_matrix = 
17452	 2483	 
457	 8792	 




2 98.51214014211672 90.59758771929825 0.018450493 0.083825 0.0045372597 0.011609607 98.99 





=================================================
new best net in 2
TRAINING result
accuracy   = 98.512 [%]
hit_count  = 9147727
miss_count = 138161

class_accuracy = 99.826%   93.297%   


confusion_matrix = 
7404535	 125248	 
12913	 1743192	 



TESTING result
accuracy   = 90.598 [%]
hit_count  = 26440
miss_count = 2744

class_accuracy = 97.65%   79.505%   


confusion_matrix = 
17413	 2326	 
418	 9027	 




3 98.97039464615554 91.50904605263158 0.014469707 0.07517364 0.0035910334 0.011334706 97.88 





=================================================
new best net in 3
TRAINING result
accuracy   = 98.97 [%]
hit_count  = 9190280
miss_count = 95608

class_accuracy = 99.886%   95.333%   


confusion_matrix = 
7409241	 87188	 
8420	 1781039	 



TESTING result
accuracy   = 91.509 [%]
hit_count  = 26706
miss_count = 2478

class_accuracy = 97.562%   81.916%   


confusion_matrix = 
17447	 2043	 
435	 9259	 




4 99.31026521103851 91.9407894736842 0.011497007 0.070433274 0.002903627 0.011753899 96.78 





=================================================
new best net in 4
TRAINING result
accuracy   = 99.31 [%]
hit_count  = 9221840
miss_count = 64048

class_accuracy = 99.936%   96.825%   


confusion_matrix = 
7412326	 59327	 
4721	 1809514	 



TESTING result
accuracy   = 91.941 [%]
hit_count  = 26832
miss_count = 2352

class_accuracy = 97.772%   82.788%   


confusion_matrix = 
17419	 1956	 
396	 9413	 




5 99.55977285101866 92.80084978070175 0.009075775 0.06627667 0.0023498887 0.009968968 95.55 





=================================================
new best net in 5
TRAINING result
accuracy   = 99.56 [%]
hit_count  = 9245009
miss_count = 40879

class_accuracy = 99.968%   97.941%   


confusion_matrix = 
7413367	 38503	 
2376	 1831642	 



TESTING result
accuracy   = 92.801 [%]
hit_count  = 27083
miss_count = 2101

class_accuracy = 97.8%   84.945%   


confusion_matrix = 
17429	 1710	 
391	 9654	 




6 99.74861854892069 93.8390899122807 0.0068466 0.05933682 0.001834516 0.011510685 94.33 





=================================================
new best net in 6
TRAINING result
accuracy   = 99.749 [%]
hit_count  = 9262545
miss_count = 23343

class_accuracy = 99.986%   98.807%   


confusion_matrix = 
7417015	 22273	 
1070	 1845530	 



TESTING result
accuracy   = 93.839 [%]
hit_count  = 27386
miss_count = 1798

class_accuracy = 97.834%   87.515%   


confusion_matrix = 
17481	 1412	 
386	 9905	 




7 99.86842399994487 94.34279057017544 0.005020779 0.054952905 0.0013633338 0.011149407 93.33 





=================================================
new best net in 7
TRAINING result
accuracy   = 99.868 [%]
hit_count  = 9273670
miss_count = 12218

class_accuracy = 99.994%   99.368%   


confusion_matrix = 
7415983	 11810	 
408	 1857687	 



TESTING result
accuracy   = 94.343 [%]
hit_count  = 27533
miss_count = 1651

class_accuracy = 97.97%   88.586%   


confusion_matrix = 
17521	 1289	 
362	 10012	 




8 99.93267202878174 93.70202850877193 0.0037668715 0.056044865 0.0010313857 0.011600996 92.38 

9 99.96225455228407 93.9967105263158 0.0029588216 0.05327065 0.0008189856 0.0100393165 91.44 

10 99.97876347420947 93.32853618421052 0.0023784155 0.055508327 0.00065352564 0.010424476 90.22 

11 99.98803560844154 92.84882127192982 0.0019484718 0.056552712 0.00054173 0.009310106 89.17 

12 99.99254783172056 93.17091557017544 0.0016508567 0.05491764 0.00046129368 0.009395879 88.12 

13 99.99490624913848 92.81798245614036 0.0014211597 0.056852136 0.00039668893 0.009759199 87.07 

14 99.9959185378932 93.12294407894737 0.0012460183 0.055445693 0.00035626738 0.009572161 86.08 

15 99.99734004976153 92.83854166666667 0.0011050367 0.057680655 0.00032093353 0.009999379 84.95 

16 99.99802926763708 93.08182565789474 0.0009930942 0.056019314 0.00029291085 0.009594427 83.99 

17 99.99841695269208 92.84882127192982 0.000903259 0.05715343 0.00026972353 0.010880562 82.98 

18 99.99875079260056 92.44791666666667 0.0008250743 0.05689061 0.0002476398 0.009909868 82.15 

19 99.99906309445042 91.88253837719299 0.0007553234 0.05911333 0.00022674602 0.0106219705 81.01 

20 99.99909540153834 92.15666118421052 0.0006945815 0.058817137 0.00021705274 0.0096825585 79.97 

21 99.99936462727098 92.02987938596492 0.00063227885 0.058200277 0.00019807469 0.010096192 78.87 

22 99.9996230839743 91.81058114035088 0.0005734178 0.058931284 0.00018027182 0.009739135 77.87 

23 99.99970923620874 93.40391995614036 0.0005141999 0.05283581 0.00016642854 0.009613682 76.89 

24 99.99979538844319 93.39021381578948 0.00046197727 0.051039234 0.00014669698 0.009285001 75.89 

25 99.99983846456041 94.3907620614035 0.0004117695 0.046547983 0.00013226942 0.009318553 74.73 





=================================================
new best net in 25
TRAINING result
accuracy   = 100.0 [%]
hit_count  = 9285873
miss_count = 15

class_accuracy = 100.0%   99.999%   


confusion_matrix = 
7417735	 15	 
0	 1868138	 



TESTING result
accuracy   = 94.391 [%]
hit_count  = 27547
miss_count = 1637

class_accuracy = 97.94%   88.817%   


confusion_matrix = 
17445	 1271	 
366	 10102	 




26 99.99988154067763 95.37760416666667 0.00036558855 0.040811088 0.00011759772 0.008392316 73.23 





=================================================
new best net in 26
TRAINING result
accuracy   = 100.0 [%]
hit_count  = 9285877
miss_count = 11

class_accuracy = 100.0%   99.999%   


confusion_matrix = 
7418920	 11	 
0	 1866957	 



TESTING result
accuracy   = 95.378 [%]
hit_count  = 27835
miss_count = 1349

class_accuracy = 97.978%   91.263%   


confusion_matrix = 
17494	 989	 
360	 10341	 




27 99.9999892309707 95.05550986842105 0.00032549875 0.041995294 0.00010258521 0.0084774755 72.07 

28 99.9999784619414 96.02864583333333 0.00028813208 0.037863623 8.9657224e-05 0.008906274 70.93 





=================================================
new best net in 28
TRAINING result
accuracy   = 100.0 [%]
hit_count  = 9285886
miss_count = 2

class_accuracy = 100.0%   100.0%   


confusion_matrix = 
7417138	 2	 
0	 1868748	 



TESTING result
accuracy   = 96.029 [%]
hit_count  = 28025
miss_count = 1159

class_accuracy = 97.955%   93.003%   


confusion_matrix = 
17432	 796	 
363	 10593	 




29 100.0 96.6248629385965 0.00025701657 0.03411567 7.9490914e-05 0.008127245 69.89 





=================================================
new best net in 29
TRAINING result
accuracy   = 100.0 [%]
hit_count  = 9285888
miss_count = 0

class_accuracy = 100.0%   100.0%   


confusion_matrix = 
7418671	 0	 
0	 1867217	 



TESTING result
accuracy   = 96.625 [%]
hit_count  = 28199
miss_count = 985

class_accuracy = 97.836%   94.741%   


confusion_matrix = 
17317	 603	 
382	 10882	 




30 100.0 96.87157346491227 0.00022778056 0.031376593 7.0807306e-05 0.00861296 68.73 





=================================================
new best net in 30
TRAINING result
accuracy   = 100.0 [%]
hit_count  = 9285888
miss_count = 0

class_accuracy = 100.0%   100.0%   


confusion_matrix = 
7413103	 0	 
0	 1872785	 



TESTING result
accuracy   = 96.872 [%]
hit_count  = 28271
miss_count = 913

class_accuracy = 97.856%   95.324%   


confusion_matrix = 
17386	 533	 
380	 10885	 




31 100.0 97.13199013157895 0.00019919137 0.029717823 6.1450824e-05 0.0076646977 67.52 





=================================================
new best net in 31
TRAINING result
accuracy   = 100.0 [%]
hit_count  = 9285888
miss_count = 0

class_accuracy = 100.0%   100.0%   


confusion_matrix = 
7419009	 0	 
0	 1866879	 



TESTING result
accuracy   = 97.132 [%]
hit_count  = 28347
miss_count = 837

class_accuracy = 97.939%   95.868%   


confusion_matrix = 
17349	 473	 
364	 10998	 




32 100.0 97.64939692982456 0.00017408238 0.02616645 5.4415563e-05 0.0068201483 66.46 





=================================================
new best net in 32
TRAINING result
accuracy   = 100.0 [%]
hit_count  = 9285888
miss_count = 0

class_accuracy = 100.0%   100.0%   


confusion_matrix = 
7416866	 0	 
0	 1869022	 



TESTING result
accuracy   = 97.649 [%]
hit_count  = 28498
miss_count = 686

class_accuracy = 97.937%   97.186%   


confusion_matrix = 
17376	 321	 
365	 11122	 




33 100.0 98.05372807017544 0.00015086569 0.024610706 4.7090194e-05 0.007263944 65.42 





=================================================
new best net in 33
TRAINING result
accuracy   = 100.0 [%]
hit_count  = 9285888
miss_count = 0

class_accuracy = 100.0%   100.0%   


confusion_matrix = 
7417209	 0	 
0	 1868679	 



TESTING result
accuracy   = 98.054 [%]
hit_count  = 28616
miss_count = 568

class_accuracy = 97.83%   98.39%   


confusion_matrix = 
17496	 181	 
387	 11120	 




34 100.0 98.26959978070175 0.00013068384 0.024030427 4.0908486e-05 0.007570568 64.39 





=================================================
new best net in 34
TRAINING result
accuracy   = 100.0 [%]
hit_count  = 9285888
miss_count = 0

class_accuracy = 100.0%   100.0%   


confusion_matrix = 
7414902	 0	 
0	 1870986	 



TESTING result
accuracy   = 98.27 [%]
hit_count  = 28679
miss_count = 505

class_accuracy = 97.672%   99.173%   


confusion_matrix = 
17284	 94	 
411	 11395	 




35 100.0 98.40666118421052 0.00011354206 0.022120679 3.6044505e-05 0.0077044964 63.21 





=================================================
new best net in 35
TRAINING result
accuracy   = 100.0 [%]
hit_count  = 9285888
miss_count = 0

class_accuracy = 100.0%   100.0%   


confusion_matrix = 
7415248	 0	 
0	 1870640	 



TESTING result
accuracy   = 98.407 [%]
hit_count  = 28719
miss_count = 465

class_accuracy = 97.945%   99.107%   


confusion_matrix = 
17395	 101	 
364	 11324	 




36 100.0 98.66022478070175 9.936533e-05 0.019704532 3.1520554e-05 0.0069372524 62.09 





=================================================
new best net in 36
TRAINING result
accuracy   = 100.0 [%]
hit_count  = 9285888
miss_count = 0

class_accuracy = 100.0%   100.0%   


confusion_matrix = 
7417501	 0	 
0	 1868387	 



TESTING result
accuracy   = 98.66 [%]
hit_count  = 28793
miss_count = 391

class_accuracy = 97.859%   99.878%   


confusion_matrix = 
17320	 13	 
378	 11473	 




37 100.0 98.66707785087719 8.7555156e-05 0.018827666 2.8925364e-05 0.0066163954 61.11 





=================================================
new best net in 37
TRAINING result
accuracy   = 100.0 [%]
hit_count  = 9285888
miss_count = 0

class_accuracy = 100.0%   100.0%   


confusion_matrix = 
7415962	 0	 
0	 1869926	 



TESTING result
accuracy   = 98.667 [%]
hit_count  = 28795
miss_count = 389

class_accuracy = 97.842%   99.947%   


confusion_matrix = 
17455	 5	 
384	 11340	 




38 100.0 98.6876370614035 7.648829e-05 0.017984213 2.9086294e-05 0.0067612166 60.17 





=================================================
new best net in 38
TRAINING result
accuracy   = 100.0 [%]
hit_count  = 9285888
miss_count = 0

class_accuracy = 100.0%   100.0%   


confusion_matrix = 
7416024	 0	 
0	 1869864	 



TESTING result
accuracy   = 98.688 [%]
hit_count  = 28801
miss_count = 383

class_accuracy = 97.863%   99.982%   


confusion_matrix = 
17537	 1	 
382	 11264	 




39 100.0 98.76644736842105 6.697231e-05 0.016647248 2.5826344e-05 0.007086074 59.14 





=================================================
new best net in 39
TRAINING result
accuracy   = 100.0 [%]
hit_count  = 9285888
miss_count = 0

class_accuracy = 100.0%   100.0%   


confusion_matrix = 
7416642	 0	 
0	 1869246	 



TESTING result
accuracy   = 98.766 [%]
hit_count  = 28824
miss_count = 360

class_accuracy = 97.99%   99.974%   


confusion_matrix = 
17506	 2	 
358	 11318	 




40 99.9999892309707 98.78700657894737 5.8678957e-05 0.016836938 3.463856e-05 0.0066790613 58.15 





=================================================
new best net in 40
TRAINING result
accuracy   = 100.0 [%]
hit_count  = 9285887
miss_count = 1

class_accuracy = 100.0%   100.0%   


confusion_matrix = 
7414423	 0	 
1	 1871464	 



TESTING result
accuracy   = 98.787 [%]
hit_count  = 28830
miss_count = 354

class_accuracy = 98.001%   99.991%   


confusion_matrix = 
17408	 0	 
354	 11422	 




41 100.0 98.79385964912281 5.1622294e-05 0.015441846 2.6612257e-05 0.007050862 57.25 





=================================================
new best net in 41
TRAINING result
accuracy   = 100.0 [%]
hit_count  = 9285888
miss_count = 0

class_accuracy = 100.0%   100.0%   


confusion_matrix = 
7415309	 0	 
0	 1870579	 



TESTING result
accuracy   = 98.794 [%]
hit_count  = 28832
miss_count = 352

class_accuracy = 98.012%   99.991%   


confusion_matrix = 
17400	 0	 
352	 11432	 




42 100.0 98.67050438596492 4.605405e-05 0.01685619 3.2433516e-05 0.006713271 56.3 

43 99.99996769291208 98.69449013157895 4.137277e-05 0.015929233 4.6350266e-05 0.007080268 55.26 

44 100.0 98.66022478070175 3.6384714e-05 0.0156197995 2.7841488e-05 0.007342894 54.29 

45 100.0 98.71162280701755 3.317838e-05 0.016081626 2.8843617e-05 0.006160338 53.35 

46 100.0 98.62595942982456 3.0402256e-05 0.017118484 3.204584e-05 0.00718776 52.31 

47 99.99994615485348 98.69106359649123 3.0585274e-05 0.015499386 6.113671e-05 0.007117164 51.32 

48 99.99996769291208 98.73560855263158 2.7713519e-05 0.01521752 4.6391902e-05 0.007255527 49.49 

49 100.0 98.73218201754386 2.5267453e-05 0.014549658 3.7473772e-05 0.007712675 46.52 

50 99.99992461679486 98.70134320175438 2.5428837e-05 0.015440941 6.190275e-05 0.0075926543 43.51 

51 100.0 98.82469846491227 2.2164959e-05 0.013623218 3.5607285e-05 0.0066683944 39.96 





=================================================
new best net in 51
TRAINING result
accuracy   = 100.0 [%]
hit_count  = 9285888
miss_count = 0

class_accuracy = 100.0%   100.0%   


confusion_matrix = 
7417246	 0	 
0	 1868642	 



TESTING result
accuracy   = 98.825 [%]
hit_count  = 28841
miss_count = 343

class_accuracy = 98.067%   99.991%   


confusion_matrix = 
17450	 0	 
343	 11391	 




52 99.99995692388278 98.75959429824562 2.054406e-05 0.014359482 5.0500465e-05 0.0072308434 36.77 

53 99.99995692388278 98.63966557017544 2.076219e-05 0.01533726 4.9887076e-05 0.007209232 33.92 

54 99.99994615485348 98.62253289473684 1.931466e-05 0.015793512 4.5001314e-05 0.007681316 31.4 

55 99.99994615485348 98.76302083333333 1.9623883e-05 0.013629695 5.9440627e-05 0.0061533903 30.09 

56 99.99993538582417 98.52316337719299 1.8259403e-05 0.01678468 5.3897395e-05 0.0076218355 28.87 

57 99.99989230970695 98.83497807017544 1.8488092e-05 0.012998237 5.6813784e-05 0.005893239 27.73 





=================================================
new best net in 57
TRAINING result
accuracy   = 100.0 [%]
hit_count  = 9285878
miss_count = 10

class_accuracy = 100.0%   100.0%   


confusion_matrix = 
7417442	 4	 
6	 1868436	 



TESTING result
accuracy   = 98.835 [%]
hit_count  = 28844
miss_count = 340

class_accuracy = 98.088%   99.991%   


confusion_matrix = 
17493	 0	 
340	 11351	 




58 99.9999892309707 98.6842105263158 1.6790964e-05 0.014446874 3.138218e-05 0.0066203056 26.66 

59 99.99995692388278 98.7733004385965 1.6926711e-05 0.013507878 3.830578e-05 0.0071349735 25.66 

60 99.9999784619414 98.68078399122807 1.61115e-05 0.014449416 3.9582435e-05 0.0077657886 25.11 

61 99.99995692388278 98.828125 1.6634007e-05 0.013007266 4.457724e-05 0.0063461876 24.55 

62 99.9999892309707 98.82469846491227 1.5078713e-05 0.012629996 2.7290476e-05 0.007413333 23.98 

63 100.0 98.78358004385964 1.5106558e-05 0.013331927 2.9320998e-05 0.007067362 23.4 

64 99.9999784619414 98.7390350877193 1.4787356e-05 0.013885763 3.5542045e-05 0.007374378 22.82 

65 99.9999892309707 98.61225328947368 1.4942373e-05 0.014880767 3.7812933e-05 0.0070982147 22.22 

66 99.9999892309707 98.70134320175438 1.4729026e-05 0.013758287 3.525356e-05 0.0064568156 21.62 

67 99.9999784619414 98.65337171052632 1.4250908e-05 0.01461255 3.9443916e-05 0.0072022504 21.02 

68 99.9999892309707 98.67393092105263 1.281722e-05 0.014502031 2.8941688e-05 0.006878533 20.41 

69 99.99990307873625 98.64309210526316 1.3471878e-05 0.014652081 4.4957087e-05 0.0077424212 19.8 

70 99.9999892309707 98.64309210526316 1.2127229e-05 0.014192503 3.2975382e-05 0.0069501414 19.18 

71 99.9999784619414 98.67050438596492 1.2159689e-05 0.014116184 3.194058e-05 0.0073100957 18.56 

72 99.99996769291208 98.8109923245614 1.2158782e-05 0.012568665 3.710546e-05 0.0069367834 17.93 

73 99.9999784619414 98.71162280701755 1.1288035e-05 0.013976242 3.4664467e-05 0.0070856195 17.31 

74 99.9999892309707 98.61225328947368 1.1289908e-05 0.014505488 2.7060554e-05 0.007058794 16.68 

75 99.9999784619414 98.69791666666667 1.1592648e-05 0.014082528 3.6702906e-05 0.0065403963 16.05 

76 100.0 98.6156798245614 1.078349e-05 0.014595736 2.4805977e-05 0.008193252 15.42 

77 99.9999892309707 98.79043311403508 1.0642164e-05 0.012733982 2.6969059e-05 0.0071144816 14.79 

78 99.99995692388278 98.67735745614036 1.0782796e-05 0.013876399 3.782735e-05 0.0064415 14.15 

79 99.9999892309707 98.7390350877193 1.09052535e-05 0.013066308 3.6640395e-05 0.0068248296 13.51 

80 99.9999784619414 98.67050438596492 1.0646954e-05 0.013777191 2.8056611e-05 0.007043858 12.88 

81 99.9999892309707 98.71504934210526 1.0721654e-05 0.013478685 2.8852286e-05 0.0061303345 12.24 

82 99.9999892309707 98.6499451754386 1.050575e-05 0.013834817 2.98327e-05 0.006738392 11.6 

83 99.99995692388278 98.6328125 1.038724e-05 0.014060155 3.450448e-05 0.006732726 10.96 

84 99.99996769291208 98.7390350877193 1.0590698e-05 0.013169657 3.6195845e-05 0.0069271917 10.31 

85 99.9999892309707 98.64651864035088 1.0722127e-05 0.014021807 3.0083014e-05 0.0071033468 9.67 

86 99.99996769291208 98.74246162280701 1.0475938e-05 0.0133796325 3.815467e-05 0.0068685254 9.03 

87 99.99995692388278 98.65679824561404 1.0275852e-05 0.013886377 3.229792e-05 0.0067209727 8.39 

88 99.9999784619414 98.67393092105263 1.0697976e-05 0.013722917 3.5965302e-05 0.0067023677 7.74 

89 99.9999784619414 98.73560855263158 9.843225e-06 0.01297793 2.7872506e-05 0.007625048 7.1 

90 99.99995692388278 98.63966557017544 1.0401074e-05 0.014078344 4.2853804e-05 0.007136048 6.45 

91 99.99994615485348 98.75616776315789 1.0842043e-05 0.012813716 4.5611596e-05 0.0068585984 5.81 

92 99.99993538582417 98.75959429824562 1.0486735e-05 0.013042231 4.1517655e-05 0.0064166123 5.16 

93 99.99994615485348 98.62595942982456 1.0360737e-05 0.014192196 4.5724555e-05 0.007324144 4.52 

94 99.99992461679486 98.55742872807018 1.0844644e-05 0.014727556 4.9924944e-05 0.0071259076 3.87 

95 99.9999784619414 98.64309210526316 1.0088608e-05 0.013812326 3.2203137e-05 0.006469436 3.23 

96 99.99995692388278 98.74931469298245 1.0055708e-05 0.0127441855 3.905801e-05 0.0065475674 2.58 

97 99.9999892309707 98.83840460526316 9.861022e-06 0.012155456 2.7668328e-05 0.006240283 1.94 





=================================================
new best net in 97
TRAINING result
accuracy   = 100.0 [%]
hit_count  = 9285887
miss_count = 1

class_accuracy = 100.0%   100.0%   


confusion_matrix = 
7417376	 1	 
0	 1868511	 



TESTING result
accuracy   = 98.838 [%]
hit_count  = 28845
miss_count = 339

class_accuracy = 98.073%   99.991%   


confusion_matrix = 
17304	 0	 
339	 11541	 




98 99.9999892309707 98.75274122807018 9.761076e-06 0.012842723 3.140361e-05 0.0068463897 1.29 

99 99.99995692388278 98.74931469298245 1.0103859e-05 0.012754562 3.5695673e-05 0.0068966798 0.65 

