loading  /home/jasencakova/dataset/cells/priamy_kanal/sim_2xKSin1_D_hct15_seed4_rigid92_1/rbc0_sim_2xKSin1_D_hct15_seed4_rigid92_1.dat
shape =  (8, 706)
706
loading  /home/jasencakova/dataset/cells/priamy_kanal/sim_2xKSin1_D_hct15_seed4_rigid92_1/rbc1_sim_2xKSin1_D_hct15_seed4_rigid92_1.dat
shape =  (8, 706)
706
loading  /home/jasencakova/dataset/cells/priamy_kanal/sim_2xKSin1_D_hct15_seed4_rigid92_1/rbc2_sim_2xKSin1_D_hct15_seed4_rigid92_1.dat
shape =  (8, 706)
706
loading  /home/jasencakova/dataset/cells/priamy_kanal/sim_2xKSin1_D_hct15_seed4_rigid92_1/rbc3_sim_2xKSin1_D_hct15_seed4_rigid92_1.dat
shape =  (8, 706)
706
loading  /home/jasencakova/dataset/cells/priamy_kanal/sim_2xKSin1_D_hct15_seed4_rigid92_1/rbc4_sim_2xKSin1_D_hct15_seed4_rigid92_1.dat
shape =  (8, 706)
706
loading  /home/jasencakova/dataset/cells/priamy_kanal/sim_2xKSin1_D_hct15_seed4_rigid92_1/rbc5_sim_2xKSin1_D_hct15_seed4_rigid92_1.dat
shape =  (8, 706)
706
loading  /home/jasencakova/dataset/cells/priamy_kanal/sim_2xKSin1_D_hct15_seed4_rigid92_1/rbc6_sim_2xKSin1_D_hct15_seed4_rigid92_1.dat
shape =  (8, 706)
706
loading  /home/jasencakova/dataset/cells/priamy_kanal/sim_2xKSin1_D_hct15_seed4_rigid92_1/rbc7_sim_2xKSin1_D_hct15_seed4_rigid92_1.dat
shape =  (8, 706)
706
loading  /home/jasencakova/dataset/cells/priamy_kanal/sim_2xKSin1_D_hct15_seed4_rigid92_1/rbc8_sim_2xKSin1_D_hct15_seed4_rigid92_1.dat
shape =  (8, 706)
706
loading  /home/jasencakova/dataset/cells/priamy_kanal/sim_2xKSin1_D_hct15_seed4_rigid92_1/rbc9_sim_2xKSin1_D_hct15_seed4_rigid92_1.dat
shape =  (8, 706)
706
loading  /home/jasencakova/dataset/cells/priamy_kanal/sim_2xKSin1_D_hct15_seed4_rigid92_1/rbc10_sim_2xKSin1_D_hct15_seed4_rigid92_1.dat
shape =  (8, 706)
706
loading  /home/jasencakova/dataset/cells/priamy_kanal/sim_2xKSin1_D_hct15_seed4_rigid92_1/rbc11_sim_2xKSin1_D_hct15_seed4_rigid92_1.dat
shape =  (8, 706)
706
loading  /home/jasencakova/dataset/cells/priamy_kanal/sim_2xKSin1_D_hct15_seed4_rigid92_1/rbc12_sim_2xKSin1_D_hct15_seed4_rigid92_1.dat
shape =  (8, 706)
706
loading  /home/jasencakova/dataset/cells/priamy_kanal/sim_2xKSin1_D_hct15_seed4_rigid92_1/rbc13_sim_2xKSin1_D_hct15_seed4_rigid92_1.dat
shape =  (8, 706)
706
loading  /home/jasencakova/dataset/cells/priamy_kanal/sim_2xKSin1_D_hct15_seed4_rigid92_1/rbc14_sim_2xKSin1_D_hct15_seed4_rigid92_1.dat
shape =  (8, 706)
706
loading  /home/jasencakova/dataset/cells/priamy_kanal/sim_2xKSin1_D_hct15_seed4_rigid92_1/rbc15_sim_2xKSin1_D_hct15_seed4_rigid92_1.dat
shape =  (8, 706)
706
loading  /home/jasencakova/dataset/cells/priamy_kanal/sim_2xKSin1_D_hct15_seed4_rigid92_1/rbc16_sim_2xKSin1_D_hct15_seed4_rigid92_1.dat
shape =  (8, 706)
706
loading  /home/jasencakova/dataset/cells/priamy_kanal/sim_2xKSin1_D_hct15_seed4_rigid92_1/rbc17_sim_2xKSin1_D_hct15_seed4_rigid92_1.dat
shape =  (8, 706)
706
loading  /home/jasencakova/dataset/cells/priamy_kanal/sim_2xKSin1_D_hct15_seed4_rigid92_1/rbc18_sim_2xKSin1_D_hct15_seed4_rigid92_1.dat
shape =  (8, 706)
706
loading  /home/jasencakova/dataset/cells/priamy_kanal/sim_2xKSin1_D_hct15_seed4_rigid92_1/rbc19_sim_2xKSin1_D_hct15_seed4_rigid92_1.dat
shape =  (8, 706)
706
loading  /home/jasencakova/dataset/cells/priamy_kanal/sim_2xKSin1_D_hct15_seed4_rigid92_1/rbc20_sim_2xKSin1_D_hct15_seed4_rigid92_1.dat
shape =  (8, 706)
706
loading  /home/jasencakova/dataset/cells/priamy_kanal/sim_2xKSin1_D_hct15_seed4_rigid92_1/rbc21_sim_2xKSin1_D_hct15_seed4_rigid92_1.dat
shape =  (8, 706)
706
loading  /home/jasencakova/dataset/cells/priamy_kanal/sim_2xKSin1_D_hct15_seed4_rigid92_1/rbc22_sim_2xKSin1_D_hct15_seed4_rigid92_1.dat
shape =  (8, 706)
706
loading  /home/jasencakova/dataset/cells/priamy_kanal/sim_2xKSin1_D_hct15_seed4_rigid92_1/rbc23_sim_2xKSin1_D_hct15_seed4_rigid92_1.dat
shape =  (8, 706)
706
loading  /home/jasencakova/dataset/cells/priamy_kanal/sim_2xKSin1_D_hct15_seed4_rigid92_1/rbc24_sim_2xKSin1_D_hct15_seed4_rigid92_1.dat
shape =  (8, 706)
706
loading  /home/jasencakova/dataset/cells/priamy_kanal/sim_2xKSin1_D_hct15_seed4_rigid92_1/rbc25_sim_2xKSin1_D_hct15_seed4_rigid92_1.dat
shape =  (8, 706)
706
loading  /home/jasencakova/dataset/cells/priamy_kanal/sim_2xKSin1_D_hct15_seed4_rigid92_1/rbc26_sim_2xKSin1_D_hct15_seed4_rigid92_1.dat
shape =  (8, 706)
706
loading  /home/jasencakova/dataset/cells/priamy_kanal/sim_2xKSin1_D_hct15_seed4_rigid92_1/rbc27_sim_2xKSin1_D_hct15_seed4_rigid92_1.dat
shape =  (8, 706)
706
loading  /home/jasencakova/dataset/cells/priamy_kanal/sim_2xKSin1_D_hct15_seed4_rigid92_1/rbc28_sim_2xKSin1_D_hct15_seed4_rigid92_1.dat
shape =  (8, 706)
706
loading  /home/jasencakova/dataset/cells/priamy_kanal/sim_2xKSin1_D_hct15_seed4_rigid92_1/rbc29_sim_2xKSin1_D_hct15_seed4_rigid92_1.dat
shape =  (8, 706)
706
loading  /home/jasencakova/dataset/cells/priamy_kanal/sim_2xKSin1_D_hct15_seed4_rigid92_1/rbc30_sim_2xKSin1_D_hct15_seed4_rigid92_1.dat
shape =  (8, 706)
706
loading  /home/jasencakova/dataset/cells/priamy_kanal/sim_2xKSin1_D_hct15_seed4_rigid92_1/rbc31_sim_2xKSin1_D_hct15_seed4_rigid92_1.dat
shape =  (8, 706)
706
loading  /home/jasencakova/dataset/cells/priamy_kanal/sim_2xKSin1_D_hct15_seed4_rigid92_1/rbc32_sim_2xKSin1_D_hct15_seed4_rigid92_1.dat
shape =  (8, 706)
706
loading  /home/jasencakova/dataset/cells/priamy_kanal/sim_2xKSin1_D_hct15_seed4_rigid92_1/rbc33_sim_2xKSin1_D_hct15_seed4_rigid92_1.dat
shape =  (8, 706)
706
loading  /home/jasencakova/dataset/cells/priamy_kanal/sim_2xKSin1_D_hct15_seed4_rigid92_1/rbc34_sim_2xKSin1_D_hct15_seed4_rigid92_1.dat
shape =  (8, 706)
706
loading  /home/jasencakova/dataset/cells/priamy_kanal/sim_2xKSin1_D_hct15_seed4_rigid92_1/rbc35_sim_2xKSin1_D_hct15_seed4_rigid92_1.dat
shape =  (8, 706)
706
loading  /home/jasencakova/dataset/cells/priamy_kanal/sim_2xKSin1_D_hct15_seed4_rigid92_1/rbc36_sim_2xKSin1_D_hct15_seed4_rigid92_1.dat
shape =  (8, 706)
706
loading  /home/jasencakova/dataset/cells/priamy_kanal/sim_2xKSin1_D_hct15_seed4_rigid92_1/rbc37_sim_2xKSin1_D_hct15_seed4_rigid92_1.dat
shape =  (8, 706)
706
loading  /home/jasencakova/dataset/cells/priamy_kanal/sim_2xKSin1_D_hct15_seed4_rigid92_1/rbc38_sim_2xKSin1_D_hct15_seed4_rigid92_1.dat
shape =  (8, 706)
706
loading  /home/jasencakova/dataset/cells/priamy_kanal/sim_2xKSin1_D_hct15_seed4_rigid92_1/rbc39_sim_2xKSin1_D_hct15_seed4_rigid92_1.dat
shape =  (8, 706)
706
loading  /home/jasencakova/dataset/cells/priamy_kanal/sim_2xKSin1_D_hct15_seed4_rigid92_1/rbc40_sim_2xKSin1_D_hct15_seed4_rigid92_1.dat
shape =  (8, 706)
706
loading  /home/jasencakova/dataset/cells/priamy_kanal/sim_2xKSin1_D_hct15_seed4_rigid92_1/rbc41_sim_2xKSin1_D_hct15_seed4_rigid92_1.dat
shape =  (8, 706)
706
loading  /home/jasencakova/dataset/cells/priamy_kanal/sim_2xKSin1_D_hct15_seed4_rigid92_1/rbc42_sim_2xKSin1_D_hct15_seed4_rigid92_1.dat
shape =  (8, 706)
706
loading  /home/jasencakova/dataset/cells/priamy_kanal/sim_2xKSin1_D_hct15_seed4_rigid92_1/rbc43_sim_2xKSin1_D_hct15_seed4_rigid92_1.dat
shape =  (8, 706)
706
loading  /home/jasencakova/dataset/cells/priamy_kanal/sim_2xKSin1_D_hct15_seed4_rigid92_1/rbc44_sim_2xKSin1_D_hct15_seed4_rigid92_1.dat
shape =  (8, 706)
706
loading  /home/jasencakova/dataset/cells/priamy_kanal/sim_2xKSin1_D_hct15_seed4_rigid92_1/rbc45_sim_2xKSin1_D_hct15_seed4_rigid92_1.dat
shape =  (8, 706)
706
loading  /home/jasencakova/dataset/cells/priamy_kanal/sim_2xKSin1_D_hct15_seed4_rigid92_1/rbc46_sim_2xKSin1_D_hct15_seed4_rigid92_1.dat
shape =  (8, 706)
706
loading  /home/jasencakova/dataset/cells/priamy_kanal/sim_2xKSin1_D_hct15_seed4_rigid92_1/rbc47_sim_2xKSin1_D_hct15_seed4_rigid92_1.dat
shape =  (8, 706)
706
loading  /home/jasencakova/dataset/cells/priamy_kanal/sim_2xKSin1_D_hct15_seed4_rigid92_1/rbc48_sim_2xKSin1_D_hct15_seed4_rigid92_1.dat
shape =  (8, 706)
706
loading  /home/jasencakova/dataset/cells/priamy_kanal/sim_2xKSin1_D_hct15_seed4_rigid92_1/rbc49_sim_2xKSin1_D_hct15_seed4_rigid92_1.dat
shape =  (8, 706)
706
loading  /home/jasencakova/dataset/cells/priamy_kanal/sim_2xKSin1_D_hct15_seed4_rigid92_1/rbc50_sim_2xKSin1_D_hct15_seed4_rigid92_1.dat
shape =  (8, 706)
706
loading  /home/jasencakova/dataset/cells/priamy_kanal/sim_2xKSin1_D_hct15_seed4_rigid92_1/rbc51_sim_2xKSin1_D_hct15_seed4_rigid92_1.dat
shape =  (8, 706)
706
loading  /home/jasencakova/dataset/cells/priamy_kanal/sim_2xKSin1_D_hct15_seed4_rigid92_1/rbc52_sim_2xKSin1_D_hct15_seed4_rigid92_1.dat
shape =  (8, 706)
706
loading  /home/jasencakova/dataset/cells/priamy_kanal/sim_2xKSin1_D_hct15_seed4_rigid92_1/rbc53_sim_2xKSin1_D_hct15_seed4_rigid92_1.dat
shape =  (8, 706)
706
loading  /home/jasencakova/dataset/cells/priamy_kanal/sim_2xKSin1_D_hct15_seed4_rigid92_1/rbc54_sim_2xKSin1_D_hct15_seed4_rigid92_1.dat
shape =  (8, 706)
706
loading  /home/jasencakova/dataset/cells/priamy_kanal/sim_2xKSin1_D_hct15_seed4_rigid92_1/rbc55_sim_2xKSin1_D_hct15_seed4_rigid92_1.dat
shape =  (8, 706)
706
loading  /home/jasencakova/dataset/cells/priamy_kanal/sim_2xKSin1_D_hct15_seed4_rigid92_1/rbc56_sim_2xKSin1_D_hct15_seed4_rigid92_1.dat
shape =  (8, 706)
706
loading  /home/jasencakova/dataset/cells/priamy_kanal/sim_2xKSin1_D_hct15_seed4_rigid92_1/rbc57_sim_2xKSin1_D_hct15_seed4_rigid92_1.dat
shape =  (8, 706)
706
loading  /home/jasencakova/dataset/cells/priamy_kanal/sim_2xKSin1_D_hct15_seed4_rigid92_1/rbc58_sim_2xKSin1_D_hct15_seed4_rigid92_1.dat
shape =  (8, 706)
706
loading  /home/jasencakova/dataset/cells/priamy_kanal/sim_2xKSin1_D_hct15_seed4_rigid92_1/rbc59_sim_2xKSin1_D_hct15_seed4_rigid92_1.dat
shape =  (8, 706)
706
loading  /home/jasencakova/dataset/cells/priamy_kanal/sim_2xKSin1_D_hct15_seed4_rigid92_1/rbc60_sim_2xKSin1_D_hct15_seed4_rigid92_1.dat
shape =  (8, 706)
706
loading  /home/jasencakova/dataset/cells/priamy_kanal/sim_2xKSin1_D_hct15_seed4_rigid92_1/rbc61_sim_2xKSin1_D_hct15_seed4_rigid92_1.dat
shape =  (8, 706)
706
loading  /home/jasencakova/dataset/cells/priamy_kanal/sim_2xKSin1_D_hct15_seed4_rigid92_1/rbc62_sim_2xKSin1_D_hct15_seed4_rigid92_1.dat
shape =  (8, 706)
706
loading  /home/jasencakova/dataset/cells/priamy_kanal/sim_2xKSin1_D_hct15_seed4_rigid92_1/rbc63_sim_2xKSin1_D_hct15_seed4_rigid92_1.dat
shape =  (8, 706)
706
loading  /home/jasencakova/dataset/cells/priamy_kanal/sim_2xKSin1_D_hct15_seed4_rigid92_1/rbc64_sim_2xKSin1_D_hct15_seed4_rigid92_1.dat
shape =  (8, 706)
706
loading  /home/jasencakova/dataset/cells/priamy_kanal/sim_2xKSin1_D_hct15_seed4_rigid92_1/rbc65_sim_2xKSin1_D_hct15_seed4_rigid92_1.dat
shape =  (8, 706)
706
loading  /home/jasencakova/dataset/cells/priamy_kanal/sim_2xKSin1_D_hct15_seed4_rigid92_1/rbc66_sim_2xKSin1_D_hct15_seed4_rigid92_1.dat
shape =  (8, 706)
706
loading  /home/jasencakova/dataset/cells/priamy_kanal/sim_2xKSin1_D_hct15_seed4_rigid92_1/rbc67_sim_2xKSin1_D_hct15_seed4_rigid92_1.dat
shape =  (8, 706)
706
loading  /home/jasencakova/dataset/cells/priamy_kanal/sim_2xKSin1_D_hct15_seed4_rigid92_1/rbc68_sim_2xKSin1_D_hct15_seed4_rigid92_1.dat
shape =  (8, 706)
706
loading  /home/jasencakova/dataset/cells/priamy_kanal/sim_2xKSin1_D_hct15_seed4_rigid92_1/rbc69_sim_2xKSin1_D_hct15_seed4_rigid92_1.dat
shape =  (8, 706)
706
loading  /home/jasencakova/dataset/cells/priamy_kanal/sim_2xKSin1_D_hct15_seed4_rigid92_1/rbc70_sim_2xKSin1_D_hct15_seed4_rigid92_1.dat
shape =  (8, 706)
706
loading  /home/jasencakova/dataset/cells/priamy_kanal/sim_2xKSin1_D_hct15_seed4_rigid92_1/rbc71_sim_2xKSin1_D_hct15_seed4_rigid92_1.dat
shape =  (8, 706)
706
loading  /home/jasencakova/dataset/cells/priamy_kanal/sim_2xKSin1_D_hct15_seed4_rigid92_1/rbc72_sim_2xKSin1_D_hct15_seed4_rigid92_1.dat
shape =  (8, 706)
706
loading  /home/jasencakova/dataset/cells/priamy_kanal/sim_2xKSin1_D_hct15_seed4_rigid92_1/rbc73_sim_2xKSin1_D_hct15_seed4_rigid92_1.dat
shape =  (8, 706)
706
loading  /home/jasencakova/dataset/cells/priamy_kanal/sim_2xKSin1_D_hct15_seed4_rigid92_1/rbc74_sim_2xKSin1_D_hct15_seed4_rigid92_1.dat
shape =  (8, 706)
706
loading  /home/jasencakova/dataset/cells/priamy_kanal/sim_2xKSin1_D_hct15_seed4_rigid92_1/rbc75_sim_2xKSin1_D_hct15_seed4_rigid92_1.dat
shape =  (8, 706)
706
loading  /home/jasencakova/dataset/cells/priamy_kanal/sim_2xKSin1_D_hct15_seed4_rigid92_1/rbc76_sim_2xKSin1_D_hct15_seed4_rigid92_1.dat
shape =  (8, 706)
706
loading  /home/jasencakova/dataset/cells/priamy_kanal/sim_2xKSin1_D_hct15_seed4_rigid92_1/rbc77_sim_2xKSin1_D_hct15_seed4_rigid92_1.dat
shape =  (8, 706)
706
loading  /home/jasencakova/dataset/cells/priamy_kanal/sim_2xKSin1_D_hct15_seed4_rigid92_1/rbc78_sim_2xKSin1_D_hct15_seed4_rigid92_1.dat
shape =  (8, 706)
706
loading  /home/jasencakova/dataset/cells/priamy_kanal/sim_2xKSin1_D_hct15_seed4_rigid92_1/rbc79_sim_2xKSin1_D_hct15_seed4_rigid92_1.dat
shape =  (8, 706)
706
loading  /home/jasencakova/dataset/cells/priamy_kanal/sim_2xKSin1_D_hct15_seed4_rigid92_1/rbc80_sim_2xKSin1_D_hct15_seed4_rigid92_1.dat
shape =  (8, 706)
706
loading  /home/jasencakova/dataset/cells/priamy_kanal/sim_2xKSin1_D_hct15_seed4_rigid92_1/rbc81_sim_2xKSin1_D_hct15_seed4_rigid92_1.dat
shape =  (8, 706)
706
loading  /home/jasencakova/dataset/cells/priamy_kanal/sim_2xKSin1_D_hct15_seed4_rigid92_1/rbc82_sim_2xKSin1_D_hct15_seed4_rigid92_1.dat
shape =  (8, 706)
706
loading  /home/jasencakova/dataset/cells/priamy_kanal/sim_2xKSin1_D_hct15_seed4_rigid92_1/rbc83_sim_2xKSin1_D_hct15_seed4_rigid92_1.dat
shape =  (8, 706)
706
loading  /home/jasencakova/dataset/cells/priamy_kanal/sim_2xKSin1_D_hct15_seed4_rigid92_1/rbc84_sim_2xKSin1_D_hct15_seed4_rigid92_1.dat
shape =  (8, 706)
706
loading  /home/jasencakova/dataset/cells/priamy_kanal/sim_2xKSin1_D_hct15_seed4_rigid92_1/rbc85_sim_2xKSin1_D_hct15_seed4_rigid92_1.dat
shape =  (8, 706)
706
loading  /home/jasencakova/dataset/cells/priamy_kanal/sim_2xKSin1_D_hct15_seed4_rigid92_1/rbc86_sim_2xKSin1_D_hct15_seed4_rigid92_1.dat
shape =  (8, 706)
706
loading  /home/jasencakova/dataset/cells/priamy_kanal/sim_2xKSin1_D_hct15_seed4_rigid92_1/rbc87_sim_2xKSin1_D_hct15_seed4_rigid92_1.dat
shape =  (8, 706)
706
loading  /home/jasencakova/dataset/cells/priamy_kanal/sim_2xKSin1_D_hct15_seed4_rigid92_1/rbc88_sim_2xKSin1_D_hct15_seed4_rigid92_1.dat
shape =  (8, 706)
706
loading  /home/jasencakova/dataset/cells/priamy_kanal/sim_2xKSin1_D_hct15_seed4_rigid92_1/rbc89_sim_2xKSin1_D_hct15_seed4_rigid92_1.dat
shape =  (8, 706)
706
loading  /home/jasencakova/dataset/cells/priamy_kanal/sim_2xKSin1_D_hct15_seed4_rigid92_1/rbc90_sim_2xKSin1_D_hct15_seed4_rigid92_1.dat
shape =  (8, 706)
706
loading  /home/jasencakova/dataset/cells/priamy_kanal/sim_2xKSin1_D_hct15_seed4_rigid92_1/rbc91_sim_2xKSin1_D_hct15_seed4_rigid92_1.dat
shape =  (8, 706)
706
loading  /home/jasencakova/dataset/cells/priamy_kanal/sim_2xKSin1_D_hct15_seed4_rigid92_1/rbc92_sim_2xKSin1_D_hct15_seed4_rigid92_1.dat
shape =  (8, 706)
706
loading  /home/jasencakova/dataset/cells/priamy_kanal/sim_2xKSin1_D_hct15_seed4_rigid92_1/rbc93_sim_2xKSin1_D_hct15_seed4_rigid92_1.dat
shape =  (8, 706)
706
loading  /home/jasencakova/dataset/cells/priamy_kanal/sim_2xKSin1_D_hct15_seed4_rigid92_1/rbc94_sim_2xKSin1_D_hct15_seed4_rigid92_1.dat
shape =  (8, 706)
706
loading  /home/jasencakova/dataset/cells/priamy_kanal/sim_2xKSin1_D_hct15_seed4_rigid92_1/rbc95_sim_2xKSin1_D_hct15_seed4_rigid92_1.dat
shape =  (8, 706)
706
loading  /home/jasencakova/dataset/cells/priamy_kanal/sim_2xKSin1_D_hct15_seed4_rigid92_1/rbc96_sim_2xKSin1_D_hct15_seed4_rigid92_1.dat
shape =  (8, 706)
706
loading  /home/jasencakova/dataset/cells/priamy_kanal/sim_2xKSin1_D_hct15_seed4_rigid92_1/rbc97_sim_2xKSin1_D_hct15_seed4_rigid92_1.dat
shape =  (8, 706)
706
loading  /home/jasencakova/dataset/cells/priamy_kanal/sim_2xKSin1_D_hct15_seed4_rigid92_1/rbc98_sim_2xKSin1_D_hct15_seed4_rigid92_1.dat
shape =  (8, 706)
706
loading  /home/jasencakova/dataset/cells/priamy_kanal/sim_2xKSin1_D_hct15_seed4_rigid92_1/rbc99_sim_2xKSin1_D_hct15_seed4_rigid92_1.dat
shape =  (8, 706)
706
loading  /home/jasencakova/dataset/cells/priamy_kanal/sim_2xKSin1_D_hct15_seed4_rigid92_1/rbc100_sim_2xKSin1_D_hct15_seed4_rigid92_1.dat
shape =  (8, 706)
706
loading  /home/jasencakova/dataset/cells/priamy_kanal/sim_2xKSin1_D_hct15_seed4_rigid92_1/rbc101_sim_2xKSin1_D_hct15_seed4_rigid92_1.dat
shape =  (8, 706)
706
loading  /home/jasencakova/dataset/cells/priamy_kanal/sim_2xKSin1_D_hct15_seed4_rigid92_1/rbc102_sim_2xKSin1_D_hct15_seed4_rigid92_1.dat
shape =  (8, 706)
706
loading  /home/jasencakova/dataset/cells/priamy_kanal/sim_2xKSin1_D_hct15_seed4_rigid92_1/rbc103_sim_2xKSin1_D_hct15_seed4_rigid92_1.dat
shape =  (8, 706)
706
loading  /home/jasencakova/dataset/cells/priamy_kanal/sim_2xKSin1_D_hct15_seed4_rigid92_1/rbc104_sim_2xKSin1_D_hct15_seed4_rigid92_1.dat
shape =  (8, 706)
706
loading  /home/jasencakova/dataset/cells/priamy_kanal/sim_2xKSin1_D_hct15_seed4_rigid92_1/rbc105_sim_2xKSin1_D_hct15_seed4_rigid92_1.dat
shape =  (8, 706)
706
loading  /home/jasencakova/dataset/cells/priamy_kanal/sim_2xKSin1_D_hct15_seed4_rigid92_1/rbc106_sim_2xKSin1_D_hct15_seed4_rigid92_1.dat
shape =  (8, 706)
706
loading  /home/jasencakova/dataset/cells/priamy_kanal/sim_2xKSin1_D_hct15_seed4_rigid92_1/rbc107_sim_2xKSin1_D_hct15_seed4_rigid92_1.dat
shape =  (8, 706)
706
loading  /home/jasencakova/dataset/cells/priamy_kanal/sim_2xKSin1_D_hct15_seed4_rigid92_1/rbc108_sim_2xKSin1_D_hct15_seed4_rigid92_1.dat
shape =  (8, 706)
706
loading  /home/jasencakova/dataset/cells/priamy_kanal/sim_2xKSin1_D_hct15_seed4_rigid92_1/rbc109_sim_2xKSin1_D_hct15_seed4_rigid92_1.dat
shape =  (8, 706)
706
loading  /home/jasencakova/dataset/cells/priamy_kanal/sim_2xKSin1_D_hct15_seed4_rigid92_1/rbc110_sim_2xKSin1_D_hct15_seed4_rigid92_1.dat
shape =  (8, 706)
706
loading  /home/jasencakova/dataset/cells/priamy_kanal/sim_2xKSin1_D_hct15_seed4_rigid92_1/rbc111_sim_2xKSin1_D_hct15_seed4_rigid92_1.dat
shape =  (8, 706)
706
loading  /home/jasencakova/dataset/cells/priamy_kanal/sim_2xKSin1_D_hct15_seed4_rigid92_1/rbc112_sim_2xKSin1_D_hct15_seed4_rigid92_1.dat
shape =  (8, 706)
706
loading  /home/jasencakova/dataset/cells/priamy_kanal/sim_2xKSin1_D_hct15_seed4_rigid92_1/rbc113_sim_2xKSin1_D_hct15_seed4_rigid92_1.dat
shape =  (8, 706)
706
loading  /home/jasencakova/dataset/cells/priamy_kanal/sim_2xKSin1_D_hct15_seed4_rigid92_1/rbc114_sim_2xKSin1_D_hct15_seed4_rigid92_1.dat
shape =  (8, 706)
706
loading  /home/jasencakova/dataset/cells/priamy_kanal/sim_2xKSin1_D_hct15_seed4_rigid92_1/rbc115_sim_2xKSin1_D_hct15_seed4_rigid92_1.dat
shape =  (8, 706)
706
loading  /home/jasencakova/dataset/cells/priamy_kanal/sim_2xKSin1_D_hct15_seed4_rigid92_1/rbc116_sim_2xKSin1_D_hct15_seed4_rigid92_1.dat
shape =  (8, 706)
706
loading  /home/jasencakova/dataset/cells/priamy_kanal/sim_2xKSin1_D_hct15_seed4_rigid92_1/rbc117_sim_2xKSin1_D_hct15_seed4_rigid92_1.dat
shape =  (8, 706)
706
loading  /home/jasencakova/dataset/cells/priamy_kanal/sim_2xKSin1_D_hct15_seed4_rigid92_1/rbc118_sim_2xKSin1_D_hct15_seed4_rigid92_1.dat
shape =  (8, 706)
706
loading  /home/jasencakova/dataset/cells/priamy_kanal/sim_2xKSin1_D_hct15_seed4_rigid92_1/rbc119_sim_2xKSin1_D_hct15_seed4_rigid92_1.dat
shape =  (8, 706)
706
loading  /home/jasencakova/dataset/cells/priamy_kanal/sim_2xKSin1_D_hct15_seed4_rigid92_1/rbc120_sim_2xKSin1_D_hct15_seed4_rigid92_1.dat
shape =  (8, 706)
706
loading  /home/jasencakova/dataset/cells/priamy_kanal/sim_2xKSin1_D_hct15_seed4_rigid92_1/rbc121_sim_2xKSin1_D_hct15_seed4_rigid92_1.dat
shape =  (8, 706)
706
loading  /home/jasencakova/dataset/cells/priamy_kanal/sim_2xKSin1_D_hct15_seed4_rigid92_1/rbc122_sim_2xKSin1_D_hct15_seed4_rigid92_1.dat
shape =  (8, 706)
706
loading  /home/jasencakova/dataset/cells/priamy_kanal/sim_2xKSin1_D_hct15_seed4_rigid92_1/rbc123_sim_2xKSin1_D_hct15_seed4_rigid92_1.dat
shape =  (8, 706)
706
loading  /home/jasencakova/dataset/cells/priamy_kanal/sim_2xKSin1_D_hct15_seed4_rigid92_1/rbc124_sim_2xKSin1_D_hct15_seed4_rigid92_1.dat
shape =  (8, 706)
706
loading  /home/jasencakova/dataset/cells/priamy_kanal/sim_2xKSin1_D_hct15_seed4_rigid92_1/rbc125_sim_2xKSin1_D_hct15_seed4_rigid92_1.dat
shape =  (8, 706)
706
loading  /home/jasencakova/dataset/cells/priamy_kanal/sim_2xKSin1_D_hct15_seed4_rigid92_1/rbc126_sim_2xKSin1_D_hct15_seed4_rigid92_1.dat
shape =  (8, 706)
706
loading  /home/jasencakova/dataset/cells/priamy_kanal/sim_2xKSin1_D_hct15_seed4_rigid92_1/rbc127_sim_2xKSin1_D_hct15_seed4_rigid92_1.dat
shape =  (8, 706)
706
loading  /home/jasencakova/dataset/cells/priamy_kanal/sim_2xKSin1_D_hct15_seed4_rigid92_1/rbc128_sim_2xKSin1_D_hct15_seed4_rigid92_1.dat
shape =  (8, 706)
706
loading  /home/jasencakova/dataset/cells/priamy_kanal/sim_2xKSin1_D_hct15_seed4_rigid92_1/rbc129_sim_2xKSin1_D_hct15_seed4_rigid92_1.dat
shape =  (8, 706)
706
loading  /home/jasencakova/dataset/cells/priamy_kanal/sim_2xKSin1_D_hct15_seed4_rigid92_1/rbc130_sim_2xKSin1_D_hct15_seed4_rigid92_1.dat
shape =  (8, 706)
706
loading  /home/jasencakova/dataset/cells/priamy_kanal/sim_2xKSin1_D_hct15_seed4_rigid92_1/rbc131_sim_2xKSin1_D_hct15_seed4_rigid92_1.dat
shape =  (8, 706)
706
loading  /home/jasencakova/dataset/cells/priamy_kanal/sim_2xKSin1_D_hct15_seed4_rigid92_1/rbc132_sim_2xKSin1_D_hct15_seed4_rigid92_1.dat
shape =  (8, 706)
706
loading  /home/jasencakova/dataset/cells/priamy_kanal/sim_2xKSin1_D_hct15_seed4_rigid92_1/rbc133_sim_2xKSin1_D_hct15_seed4_rigid92_1.dat
shape =  (8, 706)
706
loading  /home/jasencakova/dataset/cells/priamy_kanal/sim_2xKSin1_D_hct15_seed4_rigid92_1/rbc134_sim_2xKSin1_D_hct15_seed4_rigid92_1.dat
shape =  (8, 706)
706
loading  /home/jasencakova/dataset/cells/priamy_kanal/sim_2xKSin1_D_hct15_seed4_rigid92_1/rbc135_sim_2xKSin1_D_hct15_seed4_rigid92_1.dat
shape =  (8, 706)
706
loading  /home/jasencakova/dataset/cells/priamy_kanal/sim_2xKSin1_D_hct15_seed4_rigid92_1/rbc136_sim_2xKSin1_D_hct15_seed4_rigid92_1.dat
shape =  (8, 706)
706
loading  /home/jasencakova/dataset/cells/priamy_kanal/sim_2xKSin1_D_hct15_seed4_rigid92_1/rbc137_sim_2xKSin1_D_hct15_seed4_rigid92_1.dat
shape =  (8, 706)
706
loading  /home/jasencakova/dataset/cells/priamy_kanal/sim_2xKSin1_D_hct15_seed4_rigid92_1/rbc138_sim_2xKSin1_D_hct15_seed4_rigid92_1.dat
shape =  (8, 706)
706
loading  /home/jasencakova/dataset/cells/priamy_kanal/sim_2xKSin1_D_hct15_seed4_rigid92_1/rbc139_sim_2xKSin1_D_hct15_seed4_rigid92_1.dat
shape =  (8, 706)
706
loading  /home/jasencakova/dataset/cells/priamy_kanal/sim_2xKSin1_D_hct15_seed4_rigid92_1/rbc140_sim_2xKSin1_D_hct15_seed4_rigid92_1.dat
shape =  (8, 706)
706
loading  /home/jasencakova/dataset/cells/priamy_kanal/sim_2xKSin1_D_hct15_seed4_rigid92_1/rbc141_sim_2xKSin1_D_hct15_seed4_rigid92_1.dat
shape =  (8, 706)
706
loading  /home/jasencakova/dataset/cells/priamy_kanal/sim_2xKSin1_D_hct15_seed4_rigid92_1/rbc142_sim_2xKSin1_D_hct15_seed4_rigid92_1.dat
shape =  (8, 706)
706
loading  /home/jasencakova/dataset/cells/priamy_kanal/sim_2xKSin1_D_hct15_seed4_rigid92_1/rbc143_sim_2xKSin1_D_hct15_seed4_rigid92_1.dat
shape =  (8, 706)
706
loading  /home/jasencakova/dataset/cells/priamy_kanal/sim_2xKSin1_D_hct15_seed4_rigid92_1/rbc144_sim_2xKSin1_D_hct15_seed4_rigid92_1.dat
shape =  (8, 706)
706
loading  /home/jasencakova/dataset/cells/priamy_kanal/sim_2xKSin1_D_hct15_seed4_rigid92_1/rbc145_sim_2xKSin1_D_hct15_seed4_rigid92_1.dat
shape =  (8, 706)
706
loading  /home/jasencakova/dataset/cells/priamy_kanal/sim_2xKSin1_D_hct15_seed4_rigid92_1/rbc146_sim_2xKSin1_D_hct15_seed4_rigid92_1.dat
shape =  (8, 706)
706
loading  /home/jasencakova/dataset/cells/priamy_kanal/sim_2xKSin1_D_hct15_seed4_rigid92_1/rbc147_sim_2xKSin1_D_hct15_seed4_rigid92_1.dat
shape =  (8, 706)
706
loading  /home/jasencakova/dataset/cells/priamy_kanal/sim_2xKSin1_D_hct15_seed4_rigid92_1/rbc148_sim_2xKSin1_D_hct15_seed4_rigid92_1.dat
shape =  (8, 706)
706
loading  /home/jasencakova/dataset/cells/priamy_kanal/sim_2xKSin1_D_hct15_seed4_rigid92_1/rbc149_sim_2xKSin1_D_hct15_seed4_rigid92_1.dat
shape =  (8, 706)
706
loading  /home/jasencakova/dataset/cells/priamy_kanal/sim_2xKSin1_D_hct15_seed4_rigid92_1/rbc150_sim_2xKSin1_D_hct15_seed4_rigid92_1.dat
shape =  (8, 706)
706
loading  /home/jasencakova/dataset/cells/priamy_kanal/sim_2xKSin1_D_hct15_seed4_rigid92_1/rbc151_sim_2xKSin1_D_hct15_seed4_rigid92_1.dat
shape =  (8, 706)
706
loading  /home/jasencakova/dataset/cells/priamy_kanal/sim_2xKSin1_D_hct15_seed4_rigid92_1/rbc152_sim_2xKSin1_D_hct15_seed4_rigid92_1.dat
shape =  (8, 706)
706
loading  /home/jasencakova/dataset/cells/priamy_kanal/sim_2xKSin1_D_hct15_seed4_rigid92_1/rbc153_sim_2xKSin1_D_hct15_seed4_rigid92_1.dat
shape =  (8, 706)
706
shortest_length =  706
data_shape      =  (154, 706, 8)



loading  /home/jasencakova/dataset/cells/priamy_kanal/sim_2xKSin1_D_hct15_seed4_rigid62_1_from376000cy/rbc0_sim_2xKSin1_D_hct15_seed4_rigid62_1_from376000cy.dat
shape =  (8, 717)
717
loading  /home/jasencakova/dataset/cells/priamy_kanal/sim_2xKSin1_D_hct15_seed4_rigid62_1_from376000cy/rbc1_sim_2xKSin1_D_hct15_seed4_rigid62_1_from376000cy.dat
shape =  (8, 717)
717
loading  /home/jasencakova/dataset/cells/priamy_kanal/sim_2xKSin1_D_hct15_seed4_rigid62_1_from376000cy/rbc2_sim_2xKSin1_D_hct15_seed4_rigid62_1_from376000cy.dat
shape =  (8, 717)
717
loading  /home/jasencakova/dataset/cells/priamy_kanal/sim_2xKSin1_D_hct15_seed4_rigid62_1_from376000cy/rbc3_sim_2xKSin1_D_hct15_seed4_rigid62_1_from376000cy.dat
shape =  (8, 717)
717
loading  /home/jasencakova/dataset/cells/priamy_kanal/sim_2xKSin1_D_hct15_seed4_rigid62_1_from376000cy/rbc4_sim_2xKSin1_D_hct15_seed4_rigid62_1_from376000cy.dat
shape =  (8, 717)
717
loading  /home/jasencakova/dataset/cells/priamy_kanal/sim_2xKSin1_D_hct15_seed4_rigid62_1_from376000cy/rbc5_sim_2xKSin1_D_hct15_seed4_rigid62_1_from376000cy.dat
shape =  (8, 717)
717
loading  /home/jasencakova/dataset/cells/priamy_kanal/sim_2xKSin1_D_hct15_seed4_rigid62_1_from376000cy/rbc6_sim_2xKSin1_D_hct15_seed4_rigid62_1_from376000cy.dat
shape =  (8, 717)
717
loading  /home/jasencakova/dataset/cells/priamy_kanal/sim_2xKSin1_D_hct15_seed4_rigid62_1_from376000cy/rbc7_sim_2xKSin1_D_hct15_seed4_rigid62_1_from376000cy.dat
shape =  (8, 717)
717
loading  /home/jasencakova/dataset/cells/priamy_kanal/sim_2xKSin1_D_hct15_seed4_rigid62_1_from376000cy/rbc8_sim_2xKSin1_D_hct15_seed4_rigid62_1_from376000cy.dat
shape =  (8, 717)
717
loading  /home/jasencakova/dataset/cells/priamy_kanal/sim_2xKSin1_D_hct15_seed4_rigid62_1_from376000cy/rbc9_sim_2xKSin1_D_hct15_seed4_rigid62_1_from376000cy.dat
shape =  (8, 717)
717
loading  /home/jasencakova/dataset/cells/priamy_kanal/sim_2xKSin1_D_hct15_seed4_rigid62_1_from376000cy/rbc10_sim_2xKSin1_D_hct15_seed4_rigid62_1_from376000cy.dat
shape =  (8, 717)
717
loading  /home/jasencakova/dataset/cells/priamy_kanal/sim_2xKSin1_D_hct15_seed4_rigid62_1_from376000cy/rbc11_sim_2xKSin1_D_hct15_seed4_rigid62_1_from376000cy.dat
shape =  (8, 717)
717
loading  /home/jasencakova/dataset/cells/priamy_kanal/sim_2xKSin1_D_hct15_seed4_rigid62_1_from376000cy/rbc12_sim_2xKSin1_D_hct15_seed4_rigid62_1_from376000cy.dat
shape =  (8, 717)
717
loading  /home/jasencakova/dataset/cells/priamy_kanal/sim_2xKSin1_D_hct15_seed4_rigid62_1_from376000cy/rbc13_sim_2xKSin1_D_hct15_seed4_rigid62_1_from376000cy.dat
shape =  (8, 717)
717
loading  /home/jasencakova/dataset/cells/priamy_kanal/sim_2xKSin1_D_hct15_seed4_rigid62_1_from376000cy/rbc14_sim_2xKSin1_D_hct15_seed4_rigid62_1_from376000cy.dat
shape =  (8, 717)
717
loading  /home/jasencakova/dataset/cells/priamy_kanal/sim_2xKSin1_D_hct15_seed4_rigid62_1_from376000cy/rbc15_sim_2xKSin1_D_hct15_seed4_rigid62_1_from376000cy.dat
shape =  (8, 717)
717
loading  /home/jasencakova/dataset/cells/priamy_kanal/sim_2xKSin1_D_hct15_seed4_rigid62_1_from376000cy/rbc16_sim_2xKSin1_D_hct15_seed4_rigid62_1_from376000cy.dat
shape =  (8, 717)
717
loading  /home/jasencakova/dataset/cells/priamy_kanal/sim_2xKSin1_D_hct15_seed4_rigid62_1_from376000cy/rbc17_sim_2xKSin1_D_hct15_seed4_rigid62_1_from376000cy.dat
shape =  (8, 717)
717
loading  /home/jasencakova/dataset/cells/priamy_kanal/sim_2xKSin1_D_hct15_seed4_rigid62_1_from376000cy/rbc18_sim_2xKSin1_D_hct15_seed4_rigid62_1_from376000cy.dat
shape =  (8, 717)
717
loading  /home/jasencakova/dataset/cells/priamy_kanal/sim_2xKSin1_D_hct15_seed4_rigid62_1_from376000cy/rbc19_sim_2xKSin1_D_hct15_seed4_rigid62_1_from376000cy.dat
shape =  (8, 717)
717
loading  /home/jasencakova/dataset/cells/priamy_kanal/sim_2xKSin1_D_hct15_seed4_rigid62_1_from376000cy/rbc20_sim_2xKSin1_D_hct15_seed4_rigid62_1_from376000cy.dat
shape =  (8, 717)
717
loading  /home/jasencakova/dataset/cells/priamy_kanal/sim_2xKSin1_D_hct15_seed4_rigid62_1_from376000cy/rbc21_sim_2xKSin1_D_hct15_seed4_rigid62_1_from376000cy.dat
shape =  (8, 717)
717
loading  /home/jasencakova/dataset/cells/priamy_kanal/sim_2xKSin1_D_hct15_seed4_rigid62_1_from376000cy/rbc22_sim_2xKSin1_D_hct15_seed4_rigid62_1_from376000cy.dat
shape =  (8, 717)
717
loading  /home/jasencakova/dataset/cells/priamy_kanal/sim_2xKSin1_D_hct15_seed4_rigid62_1_from376000cy/rbc23_sim_2xKSin1_D_hct15_seed4_rigid62_1_from376000cy.dat
shape =  (8, 717)
717
loading  /home/jasencakova/dataset/cells/priamy_kanal/sim_2xKSin1_D_hct15_seed4_rigid62_1_from376000cy/rbc24_sim_2xKSin1_D_hct15_seed4_rigid62_1_from376000cy.dat
shape =  (8, 717)
717
loading  /home/jasencakova/dataset/cells/priamy_kanal/sim_2xKSin1_D_hct15_seed4_rigid62_1_from376000cy/rbc25_sim_2xKSin1_D_hct15_seed4_rigid62_1_from376000cy.dat
shape =  (8, 717)
717
loading  /home/jasencakova/dataset/cells/priamy_kanal/sim_2xKSin1_D_hct15_seed4_rigid62_1_from376000cy/rbc26_sim_2xKSin1_D_hct15_seed4_rigid62_1_from376000cy.dat
shape =  (8, 717)
717
loading  /home/jasencakova/dataset/cells/priamy_kanal/sim_2xKSin1_D_hct15_seed4_rigid62_1_from376000cy/rbc27_sim_2xKSin1_D_hct15_seed4_rigid62_1_from376000cy.dat
shape =  (8, 717)
717
loading  /home/jasencakova/dataset/cells/priamy_kanal/sim_2xKSin1_D_hct15_seed4_rigid62_1_from376000cy/rbc28_sim_2xKSin1_D_hct15_seed4_rigid62_1_from376000cy.dat
shape =  (8, 717)
717
loading  /home/jasencakova/dataset/cells/priamy_kanal/sim_2xKSin1_D_hct15_seed4_rigid62_1_from376000cy/rbc29_sim_2xKSin1_D_hct15_seed4_rigid62_1_from376000cy.dat
shape =  (8, 717)
717
loading  /home/jasencakova/dataset/cells/priamy_kanal/sim_2xKSin1_D_hct15_seed4_rigid62_1_from376000cy/rbc30_sim_2xKSin1_D_hct15_seed4_rigid62_1_from376000cy.dat
shape =  (8, 717)
717
loading  /home/jasencakova/dataset/cells/priamy_kanal/sim_2xKSin1_D_hct15_seed4_rigid62_1_from376000cy/rbc31_sim_2xKSin1_D_hct15_seed4_rigid62_1_from376000cy.dat
shape =  (8, 717)
717
loading  /home/jasencakova/dataset/cells/priamy_kanal/sim_2xKSin1_D_hct15_seed4_rigid62_1_from376000cy/rbc32_sim_2xKSin1_D_hct15_seed4_rigid62_1_from376000cy.dat
shape =  (8, 717)
717
loading  /home/jasencakova/dataset/cells/priamy_kanal/sim_2xKSin1_D_hct15_seed4_rigid62_1_from376000cy/rbc33_sim_2xKSin1_D_hct15_seed4_rigid62_1_from376000cy.dat
shape =  (8, 717)
717
loading  /home/jasencakova/dataset/cells/priamy_kanal/sim_2xKSin1_D_hct15_seed4_rigid62_1_from376000cy/rbc34_sim_2xKSin1_D_hct15_seed4_rigid62_1_from376000cy.dat
shape =  (8, 717)
717
loading  /home/jasencakova/dataset/cells/priamy_kanal/sim_2xKSin1_D_hct15_seed4_rigid62_1_from376000cy/rbc35_sim_2xKSin1_D_hct15_seed4_rigid62_1_from376000cy.dat
shape =  (8, 717)
717
loading  /home/jasencakova/dataset/cells/priamy_kanal/sim_2xKSin1_D_hct15_seed4_rigid62_1_from376000cy/rbc36_sim_2xKSin1_D_hct15_seed4_rigid62_1_from376000cy.dat
shape =  (8, 717)
717
loading  /home/jasencakova/dataset/cells/priamy_kanal/sim_2xKSin1_D_hct15_seed4_rigid62_1_from376000cy/rbc37_sim_2xKSin1_D_hct15_seed4_rigid62_1_from376000cy.dat
shape =  (8, 717)
717
loading  /home/jasencakova/dataset/cells/priamy_kanal/sim_2xKSin1_D_hct15_seed4_rigid62_1_from376000cy/rbc38_sim_2xKSin1_D_hct15_seed4_rigid62_1_from376000cy.dat
shape =  (8, 717)
717
loading  /home/jasencakova/dataset/cells/priamy_kanal/sim_2xKSin1_D_hct15_seed4_rigid62_1_from376000cy/rbc39_sim_2xKSin1_D_hct15_seed4_rigid62_1_from376000cy.dat
shape =  (8, 717)
717
loading  /home/jasencakova/dataset/cells/priamy_kanal/sim_2xKSin1_D_hct15_seed4_rigid62_1_from376000cy/rbc40_sim_2xKSin1_D_hct15_seed4_rigid62_1_from376000cy.dat
shape =  (8, 717)
717
loading  /home/jasencakova/dataset/cells/priamy_kanal/sim_2xKSin1_D_hct15_seed4_rigid62_1_from376000cy/rbc41_sim_2xKSin1_D_hct15_seed4_rigid62_1_from376000cy.dat
shape =  (8, 717)
717
loading  /home/jasencakova/dataset/cells/priamy_kanal/sim_2xKSin1_D_hct15_seed4_rigid62_1_from376000cy/rbc42_sim_2xKSin1_D_hct15_seed4_rigid62_1_from376000cy.dat
shape =  (8, 717)
717
loading  /home/jasencakova/dataset/cells/priamy_kanal/sim_2xKSin1_D_hct15_seed4_rigid62_1_from376000cy/rbc43_sim_2xKSin1_D_hct15_seed4_rigid62_1_from376000cy.dat
shape =  (8, 717)
717
loading  /home/jasencakova/dataset/cells/priamy_kanal/sim_2xKSin1_D_hct15_seed4_rigid62_1_from376000cy/rbc44_sim_2xKSin1_D_hct15_seed4_rigid62_1_from376000cy.dat
shape =  (8, 717)
717
loading  /home/jasencakova/dataset/cells/priamy_kanal/sim_2xKSin1_D_hct15_seed4_rigid62_1_from376000cy/rbc45_sim_2xKSin1_D_hct15_seed4_rigid62_1_from376000cy.dat
shape =  (8, 717)
717
loading  /home/jasencakova/dataset/cells/priamy_kanal/sim_2xKSin1_D_hct15_seed4_rigid62_1_from376000cy/rbc46_sim_2xKSin1_D_hct15_seed4_rigid62_1_from376000cy.dat
shape =  (8, 717)
717
loading  /home/jasencakova/dataset/cells/priamy_kanal/sim_2xKSin1_D_hct15_seed4_rigid62_1_from376000cy/rbc47_sim_2xKSin1_D_hct15_seed4_rigid62_1_from376000cy.dat
shape =  (8, 717)
717
loading  /home/jasencakova/dataset/cells/priamy_kanal/sim_2xKSin1_D_hct15_seed4_rigid62_1_from376000cy/rbc48_sim_2xKSin1_D_hct15_seed4_rigid62_1_from376000cy.dat
shape =  (8, 717)
717
loading  /home/jasencakova/dataset/cells/priamy_kanal/sim_2xKSin1_D_hct15_seed4_rigid62_1_from376000cy/rbc49_sim_2xKSin1_D_hct15_seed4_rigid62_1_from376000cy.dat
shape =  (8, 717)
717
loading  /home/jasencakova/dataset/cells/priamy_kanal/sim_2xKSin1_D_hct15_seed4_rigid62_1_from376000cy/rbc50_sim_2xKSin1_D_hct15_seed4_rigid62_1_from376000cy.dat
shape =  (8, 717)
717
loading  /home/jasencakova/dataset/cells/priamy_kanal/sim_2xKSin1_D_hct15_seed4_rigid62_1_from376000cy/rbc51_sim_2xKSin1_D_hct15_seed4_rigid62_1_from376000cy.dat
shape =  (8, 717)
717
loading  /home/jasencakova/dataset/cells/priamy_kanal/sim_2xKSin1_D_hct15_seed4_rigid62_1_from376000cy/rbc52_sim_2xKSin1_D_hct15_seed4_rigid62_1_from376000cy.dat
shape =  (8, 717)
717
loading  /home/jasencakova/dataset/cells/priamy_kanal/sim_2xKSin1_D_hct15_seed4_rigid62_1_from376000cy/rbc53_sim_2xKSin1_D_hct15_seed4_rigid62_1_from376000cy.dat
shape =  (8, 717)
717
loading  /home/jasencakova/dataset/cells/priamy_kanal/sim_2xKSin1_D_hct15_seed4_rigid62_1_from376000cy/rbc54_sim_2xKSin1_D_hct15_seed4_rigid62_1_from376000cy.dat
shape =  (8, 717)
717
loading  /home/jasencakova/dataset/cells/priamy_kanal/sim_2xKSin1_D_hct15_seed4_rigid62_1_from376000cy/rbc55_sim_2xKSin1_D_hct15_seed4_rigid62_1_from376000cy.dat
shape =  (8, 717)
717
loading  /home/jasencakova/dataset/cells/priamy_kanal/sim_2xKSin1_D_hct15_seed4_rigid62_1_from376000cy/rbc56_sim_2xKSin1_D_hct15_seed4_rigid62_1_from376000cy.dat
shape =  (8, 717)
717
loading  /home/jasencakova/dataset/cells/priamy_kanal/sim_2xKSin1_D_hct15_seed4_rigid62_1_from376000cy/rbc57_sim_2xKSin1_D_hct15_seed4_rigid62_1_from376000cy.dat
shape =  (8, 717)
717
loading  /home/jasencakova/dataset/cells/priamy_kanal/sim_2xKSin1_D_hct15_seed4_rigid62_1_from376000cy/rbc58_sim_2xKSin1_D_hct15_seed4_rigid62_1_from376000cy.dat
shape =  (8, 717)
717
loading  /home/jasencakova/dataset/cells/priamy_kanal/sim_2xKSin1_D_hct15_seed4_rigid62_1_from376000cy/rbc59_sim_2xKSin1_D_hct15_seed4_rigid62_1_from376000cy.dat
shape =  (8, 717)
717
loading  /home/jasencakova/dataset/cells/priamy_kanal/sim_2xKSin1_D_hct15_seed4_rigid62_1_from376000cy/rbc60_sim_2xKSin1_D_hct15_seed4_rigid62_1_from376000cy.dat
shape =  (8, 717)
717
loading  /home/jasencakova/dataset/cells/priamy_kanal/sim_2xKSin1_D_hct15_seed4_rigid62_1_from376000cy/rbc61_sim_2xKSin1_D_hct15_seed4_rigid62_1_from376000cy.dat
shape =  (8, 717)
717
loading  /home/jasencakova/dataset/cells/priamy_kanal/sim_2xKSin1_D_hct15_seed4_rigid62_1_from376000cy/rbc62_sim_2xKSin1_D_hct15_seed4_rigid62_1_from376000cy.dat
shape =  (8, 717)
717
loading  /home/jasencakova/dataset/cells/priamy_kanal/sim_2xKSin1_D_hct15_seed4_rigid62_1_from376000cy/rbc63_sim_2xKSin1_D_hct15_seed4_rigid62_1_from376000cy.dat
shape =  (8, 717)
717
loading  /home/jasencakova/dataset/cells/priamy_kanal/sim_2xKSin1_D_hct15_seed4_rigid62_1_from376000cy/rbc64_sim_2xKSin1_D_hct15_seed4_rigid62_1_from376000cy.dat
shape =  (8, 717)
717
loading  /home/jasencakova/dataset/cells/priamy_kanal/sim_2xKSin1_D_hct15_seed4_rigid62_1_from376000cy/rbc65_sim_2xKSin1_D_hct15_seed4_rigid62_1_from376000cy.dat
shape =  (8, 717)
717
loading  /home/jasencakova/dataset/cells/priamy_kanal/sim_2xKSin1_D_hct15_seed4_rigid62_1_from376000cy/rbc66_sim_2xKSin1_D_hct15_seed4_rigid62_1_from376000cy.dat
shape =  (8, 717)
717
loading  /home/jasencakova/dataset/cells/priamy_kanal/sim_2xKSin1_D_hct15_seed4_rigid62_1_from376000cy/rbc67_sim_2xKSin1_D_hct15_seed4_rigid62_1_from376000cy.dat
shape =  (8, 717)
717
loading  /home/jasencakova/dataset/cells/priamy_kanal/sim_2xKSin1_D_hct15_seed4_rigid62_1_from376000cy/rbc68_sim_2xKSin1_D_hct15_seed4_rigid62_1_from376000cy.dat
shape =  (8, 717)
717
loading  /home/jasencakova/dataset/cells/priamy_kanal/sim_2xKSin1_D_hct15_seed4_rigid62_1_from376000cy/rbc69_sim_2xKSin1_D_hct15_seed4_rigid62_1_from376000cy.dat
shape =  (8, 717)
717
loading  /home/jasencakova/dataset/cells/priamy_kanal/sim_2xKSin1_D_hct15_seed4_rigid62_1_from376000cy/rbc70_sim_2xKSin1_D_hct15_seed4_rigid62_1_from376000cy.dat
shape =  (8, 717)
717
loading  /home/jasencakova/dataset/cells/priamy_kanal/sim_2xKSin1_D_hct15_seed4_rigid62_1_from376000cy/rbc71_sim_2xKSin1_D_hct15_seed4_rigid62_1_from376000cy.dat
shape =  (8, 717)
717
loading  /home/jasencakova/dataset/cells/priamy_kanal/sim_2xKSin1_D_hct15_seed4_rigid62_1_from376000cy/rbc72_sim_2xKSin1_D_hct15_seed4_rigid62_1_from376000cy.dat
shape =  (8, 717)
717
loading  /home/jasencakova/dataset/cells/priamy_kanal/sim_2xKSin1_D_hct15_seed4_rigid62_1_from376000cy/rbc73_sim_2xKSin1_D_hct15_seed4_rigid62_1_from376000cy.dat
shape =  (8, 717)
717
loading  /home/jasencakova/dataset/cells/priamy_kanal/sim_2xKSin1_D_hct15_seed4_rigid62_1_from376000cy/rbc74_sim_2xKSin1_D_hct15_seed4_rigid62_1_from376000cy.dat
shape =  (8, 717)
717
loading  /home/jasencakova/dataset/cells/priamy_kanal/sim_2xKSin1_D_hct15_seed4_rigid62_1_from376000cy/rbc75_sim_2xKSin1_D_hct15_seed4_rigid62_1_from376000cy.dat
shape =  (8, 717)
717
loading  /home/jasencakova/dataset/cells/priamy_kanal/sim_2xKSin1_D_hct15_seed4_rigid62_1_from376000cy/rbc76_sim_2xKSin1_D_hct15_seed4_rigid62_1_from376000cy.dat
shape =  (8, 717)
717
loading  /home/jasencakova/dataset/cells/priamy_kanal/sim_2xKSin1_D_hct15_seed4_rigid62_1_from376000cy/rbc77_sim_2xKSin1_D_hct15_seed4_rigid62_1_from376000cy.dat
shape =  (8, 717)
717
loading  /home/jasencakova/dataset/cells/priamy_kanal/sim_2xKSin1_D_hct15_seed4_rigid62_1_from376000cy/rbc78_sim_2xKSin1_D_hct15_seed4_rigid62_1_from376000cy.dat
shape =  (8, 717)
717
loading  /home/jasencakova/dataset/cells/priamy_kanal/sim_2xKSin1_D_hct15_seed4_rigid62_1_from376000cy/rbc79_sim_2xKSin1_D_hct15_seed4_rigid62_1_from376000cy.dat
shape =  (8, 717)
717
loading  /home/jasencakova/dataset/cells/priamy_kanal/sim_2xKSin1_D_hct15_seed4_rigid62_1_from376000cy/rbc80_sim_2xKSin1_D_hct15_seed4_rigid62_1_from376000cy.dat
shape =  (8, 717)
717
loading  /home/jasencakova/dataset/cells/priamy_kanal/sim_2xKSin1_D_hct15_seed4_rigid62_1_from376000cy/rbc81_sim_2xKSin1_D_hct15_seed4_rigid62_1_from376000cy.dat
shape =  (8, 717)
717
loading  /home/jasencakova/dataset/cells/priamy_kanal/sim_2xKSin1_D_hct15_seed4_rigid62_1_from376000cy/rbc82_sim_2xKSin1_D_hct15_seed4_rigid62_1_from376000cy.dat
shape =  (8, 717)
717
loading  /home/jasencakova/dataset/cells/priamy_kanal/sim_2xKSin1_D_hct15_seed4_rigid62_1_from376000cy/rbc83_sim_2xKSin1_D_hct15_seed4_rigid62_1_from376000cy.dat
shape =  (8, 717)
717
loading  /home/jasencakova/dataset/cells/priamy_kanal/sim_2xKSin1_D_hct15_seed4_rigid62_1_from376000cy/rbc84_sim_2xKSin1_D_hct15_seed4_rigid62_1_from376000cy.dat
shape =  (8, 717)
717
loading  /home/jasencakova/dataset/cells/priamy_kanal/sim_2xKSin1_D_hct15_seed4_rigid62_1_from376000cy/rbc85_sim_2xKSin1_D_hct15_seed4_rigid62_1_from376000cy.dat
shape =  (8, 717)
717
loading  /home/jasencakova/dataset/cells/priamy_kanal/sim_2xKSin1_D_hct15_seed4_rigid62_1_from376000cy/rbc86_sim_2xKSin1_D_hct15_seed4_rigid62_1_from376000cy.dat
shape =  (8, 717)
717
loading  /home/jasencakova/dataset/cells/priamy_kanal/sim_2xKSin1_D_hct15_seed4_rigid62_1_from376000cy/rbc87_sim_2xKSin1_D_hct15_seed4_rigid62_1_from376000cy.dat
shape =  (8, 717)
717
loading  /home/jasencakova/dataset/cells/priamy_kanal/sim_2xKSin1_D_hct15_seed4_rigid62_1_from376000cy/rbc88_sim_2xKSin1_D_hct15_seed4_rigid62_1_from376000cy.dat
shape =  (8, 717)
717
loading  /home/jasencakova/dataset/cells/priamy_kanal/sim_2xKSin1_D_hct15_seed4_rigid62_1_from376000cy/rbc89_sim_2xKSin1_D_hct15_seed4_rigid62_1_from376000cy.dat
shape =  (8, 717)
717
loading  /home/jasencakova/dataset/cells/priamy_kanal/sim_2xKSin1_D_hct15_seed4_rigid62_1_from376000cy/rbc90_sim_2xKSin1_D_hct15_seed4_rigid62_1_from376000cy.dat
shape =  (8, 717)
717
loading  /home/jasencakova/dataset/cells/priamy_kanal/sim_2xKSin1_D_hct15_seed4_rigid62_1_from376000cy/rbc91_sim_2xKSin1_D_hct15_seed4_rigid62_1_from376000cy.dat
shape =  (8, 717)
717
loading  /home/jasencakova/dataset/cells/priamy_kanal/sim_2xKSin1_D_hct15_seed4_rigid62_1_from376000cy/rbc92_sim_2xKSin1_D_hct15_seed4_rigid62_1_from376000cy.dat
shape =  (8, 717)
717
loading  /home/jasencakova/dataset/cells/priamy_kanal/sim_2xKSin1_D_hct15_seed4_rigid62_1_from376000cy/rbc93_sim_2xKSin1_D_hct15_seed4_rigid62_1_from376000cy.dat
shape =  (8, 717)
717
loading  /home/jasencakova/dataset/cells/priamy_kanal/sim_2xKSin1_D_hct15_seed4_rigid62_1_from376000cy/rbc94_sim_2xKSin1_D_hct15_seed4_rigid62_1_from376000cy.dat
shape =  (8, 717)
717
loading  /home/jasencakova/dataset/cells/priamy_kanal/sim_2xKSin1_D_hct15_seed4_rigid62_1_from376000cy/rbc95_sim_2xKSin1_D_hct15_seed4_rigid62_1_from376000cy.dat
shape =  (8, 717)
717
loading  /home/jasencakova/dataset/cells/priamy_kanal/sim_2xKSin1_D_hct15_seed4_rigid62_1_from376000cy/rbc96_sim_2xKSin1_D_hct15_seed4_rigid62_1_from376000cy.dat
shape =  (8, 717)
717
loading  /home/jasencakova/dataset/cells/priamy_kanal/sim_2xKSin1_D_hct15_seed4_rigid62_1_from376000cy/rbc97_sim_2xKSin1_D_hct15_seed4_rigid62_1_from376000cy.dat
shape =  (8, 717)
717
loading  /home/jasencakova/dataset/cells/priamy_kanal/sim_2xKSin1_D_hct15_seed4_rigid62_1_from376000cy/rbc98_sim_2xKSin1_D_hct15_seed4_rigid62_1_from376000cy.dat
shape =  (8, 717)
717
loading  /home/jasencakova/dataset/cells/priamy_kanal/sim_2xKSin1_D_hct15_seed4_rigid62_1_from376000cy/rbc99_sim_2xKSin1_D_hct15_seed4_rigid62_1_from376000cy.dat
shape =  (8, 717)
717
loading  /home/jasencakova/dataset/cells/priamy_kanal/sim_2xKSin1_D_hct15_seed4_rigid62_1_from376000cy/rbc100_sim_2xKSin1_D_hct15_seed4_rigid62_1_from376000cy.dat
shape =  (8, 717)
717
loading  /home/jasencakova/dataset/cells/priamy_kanal/sim_2xKSin1_D_hct15_seed4_rigid62_1_from376000cy/rbc101_sim_2xKSin1_D_hct15_seed4_rigid62_1_from376000cy.dat
shape =  (8, 717)
717
loading  /home/jasencakova/dataset/cells/priamy_kanal/sim_2xKSin1_D_hct15_seed4_rigid62_1_from376000cy/rbc102_sim_2xKSin1_D_hct15_seed4_rigid62_1_from376000cy.dat
shape =  (8, 717)
717
loading  /home/jasencakova/dataset/cells/priamy_kanal/sim_2xKSin1_D_hct15_seed4_rigid62_1_from376000cy/rbc103_sim_2xKSin1_D_hct15_seed4_rigid62_1_from376000cy.dat
shape =  (8, 717)
717
loading  /home/jasencakova/dataset/cells/priamy_kanal/sim_2xKSin1_D_hct15_seed4_rigid62_1_from376000cy/rbc104_sim_2xKSin1_D_hct15_seed4_rigid62_1_from376000cy.dat
shape =  (8, 717)
717
loading  /home/jasencakova/dataset/cells/priamy_kanal/sim_2xKSin1_D_hct15_seed4_rigid62_1_from376000cy/rbc105_sim_2xKSin1_D_hct15_seed4_rigid62_1_from376000cy.dat
shape =  (8, 717)
717
loading  /home/jasencakova/dataset/cells/priamy_kanal/sim_2xKSin1_D_hct15_seed4_rigid62_1_from376000cy/rbc106_sim_2xKSin1_D_hct15_seed4_rigid62_1_from376000cy.dat
shape =  (8, 717)
717
loading  /home/jasencakova/dataset/cells/priamy_kanal/sim_2xKSin1_D_hct15_seed4_rigid62_1_from376000cy/rbc107_sim_2xKSin1_D_hct15_seed4_rigid62_1_from376000cy.dat
shape =  (8, 717)
717
loading  /home/jasencakova/dataset/cells/priamy_kanal/sim_2xKSin1_D_hct15_seed4_rigid62_1_from376000cy/rbc108_sim_2xKSin1_D_hct15_seed4_rigid62_1_from376000cy.dat
shape =  (8, 717)
717
loading  /home/jasencakova/dataset/cells/priamy_kanal/sim_2xKSin1_D_hct15_seed4_rigid62_1_from376000cy/rbc109_sim_2xKSin1_D_hct15_seed4_rigid62_1_from376000cy.dat
shape =  (8, 717)
717
loading  /home/jasencakova/dataset/cells/priamy_kanal/sim_2xKSin1_D_hct15_seed4_rigid62_1_from376000cy/rbc110_sim_2xKSin1_D_hct15_seed4_rigid62_1_from376000cy.dat
shape =  (8, 717)
717
loading  /home/jasencakova/dataset/cells/priamy_kanal/sim_2xKSin1_D_hct15_seed4_rigid62_1_from376000cy/rbc111_sim_2xKSin1_D_hct15_seed4_rigid62_1_from376000cy.dat
shape =  (8, 717)
717
loading  /home/jasencakova/dataset/cells/priamy_kanal/sim_2xKSin1_D_hct15_seed4_rigid62_1_from376000cy/rbc112_sim_2xKSin1_D_hct15_seed4_rigid62_1_from376000cy.dat
shape =  (8, 717)
717
loading  /home/jasencakova/dataset/cells/priamy_kanal/sim_2xKSin1_D_hct15_seed4_rigid62_1_from376000cy/rbc113_sim_2xKSin1_D_hct15_seed4_rigid62_1_from376000cy.dat
shape =  (8, 717)
717
loading  /home/jasencakova/dataset/cells/priamy_kanal/sim_2xKSin1_D_hct15_seed4_rigid62_1_from376000cy/rbc114_sim_2xKSin1_D_hct15_seed4_rigid62_1_from376000cy.dat
shape =  (8, 717)
717
loading  /home/jasencakova/dataset/cells/priamy_kanal/sim_2xKSin1_D_hct15_seed4_rigid62_1_from376000cy/rbc115_sim_2xKSin1_D_hct15_seed4_rigid62_1_from376000cy.dat
shape =  (8, 717)
717
loading  /home/jasencakova/dataset/cells/priamy_kanal/sim_2xKSin1_D_hct15_seed4_rigid62_1_from376000cy/rbc116_sim_2xKSin1_D_hct15_seed4_rigid62_1_from376000cy.dat
shape =  (8, 717)
717
loading  /home/jasencakova/dataset/cells/priamy_kanal/sim_2xKSin1_D_hct15_seed4_rigid62_1_from376000cy/rbc117_sim_2xKSin1_D_hct15_seed4_rigid62_1_from376000cy.dat
shape =  (8, 717)
717
loading  /home/jasencakova/dataset/cells/priamy_kanal/sim_2xKSin1_D_hct15_seed4_rigid62_1_from376000cy/rbc118_sim_2xKSin1_D_hct15_seed4_rigid62_1_from376000cy.dat
shape =  (8, 717)
717
loading  /home/jasencakova/dataset/cells/priamy_kanal/sim_2xKSin1_D_hct15_seed4_rigid62_1_from376000cy/rbc119_sim_2xKSin1_D_hct15_seed4_rigid62_1_from376000cy.dat
shape =  (8, 717)
717
loading  /home/jasencakova/dataset/cells/priamy_kanal/sim_2xKSin1_D_hct15_seed4_rigid62_1_from376000cy/rbc120_sim_2xKSin1_D_hct15_seed4_rigid62_1_from376000cy.dat
shape =  (8, 717)
717
loading  /home/jasencakova/dataset/cells/priamy_kanal/sim_2xKSin1_D_hct15_seed4_rigid62_1_from376000cy/rbc121_sim_2xKSin1_D_hct15_seed4_rigid62_1_from376000cy.dat
shape =  (8, 717)
717
loading  /home/jasencakova/dataset/cells/priamy_kanal/sim_2xKSin1_D_hct15_seed4_rigid62_1_from376000cy/rbc122_sim_2xKSin1_D_hct15_seed4_rigid62_1_from376000cy.dat
shape =  (8, 717)
717
loading  /home/jasencakova/dataset/cells/priamy_kanal/sim_2xKSin1_D_hct15_seed4_rigid62_1_from376000cy/rbc123_sim_2xKSin1_D_hct15_seed4_rigid62_1_from376000cy.dat
shape =  (8, 717)
717
loading  /home/jasencakova/dataset/cells/priamy_kanal/sim_2xKSin1_D_hct15_seed4_rigid62_1_from376000cy/rbc124_sim_2xKSin1_D_hct15_seed4_rigid62_1_from376000cy.dat
shape =  (8, 717)
717
loading  /home/jasencakova/dataset/cells/priamy_kanal/sim_2xKSin1_D_hct15_seed4_rigid62_1_from376000cy/rbc125_sim_2xKSin1_D_hct15_seed4_rigid62_1_from376000cy.dat
shape =  (8, 717)
717
loading  /home/jasencakova/dataset/cells/priamy_kanal/sim_2xKSin1_D_hct15_seed4_rigid62_1_from376000cy/rbc126_sim_2xKSin1_D_hct15_seed4_rigid62_1_from376000cy.dat
shape =  (8, 717)
717
loading  /home/jasencakova/dataset/cells/priamy_kanal/sim_2xKSin1_D_hct15_seed4_rigid62_1_from376000cy/rbc127_sim_2xKSin1_D_hct15_seed4_rigid62_1_from376000cy.dat
shape =  (8, 717)
717
loading  /home/jasencakova/dataset/cells/priamy_kanal/sim_2xKSin1_D_hct15_seed4_rigid62_1_from376000cy/rbc128_sim_2xKSin1_D_hct15_seed4_rigid62_1_from376000cy.dat
shape =  (8, 717)
717
loading  /home/jasencakova/dataset/cells/priamy_kanal/sim_2xKSin1_D_hct15_seed4_rigid62_1_from376000cy/rbc129_sim_2xKSin1_D_hct15_seed4_rigid62_1_from376000cy.dat
shape =  (8, 717)
717
loading  /home/jasencakova/dataset/cells/priamy_kanal/sim_2xKSin1_D_hct15_seed4_rigid62_1_from376000cy/rbc130_sim_2xKSin1_D_hct15_seed4_rigid62_1_from376000cy.dat
shape =  (8, 717)
717
loading  /home/jasencakova/dataset/cells/priamy_kanal/sim_2xKSin1_D_hct15_seed4_rigid62_1_from376000cy/rbc131_sim_2xKSin1_D_hct15_seed4_rigid62_1_from376000cy.dat
shape =  (8, 717)
717
loading  /home/jasencakova/dataset/cells/priamy_kanal/sim_2xKSin1_D_hct15_seed4_rigid62_1_from376000cy/rbc132_sim_2xKSin1_D_hct15_seed4_rigid62_1_from376000cy.dat
shape =  (8, 717)
717
loading  /home/jasencakova/dataset/cells/priamy_kanal/sim_2xKSin1_D_hct15_seed4_rigid62_1_from376000cy/rbc133_sim_2xKSin1_D_hct15_seed4_rigid62_1_from376000cy.dat
shape =  (8, 717)
717
loading  /home/jasencakova/dataset/cells/priamy_kanal/sim_2xKSin1_D_hct15_seed4_rigid62_1_from376000cy/rbc134_sim_2xKSin1_D_hct15_seed4_rigid62_1_from376000cy.dat
shape =  (8, 717)
717
loading  /home/jasencakova/dataset/cells/priamy_kanal/sim_2xKSin1_D_hct15_seed4_rigid62_1_from376000cy/rbc135_sim_2xKSin1_D_hct15_seed4_rigid62_1_from376000cy.dat
shape =  (8, 717)
717
loading  /home/jasencakova/dataset/cells/priamy_kanal/sim_2xKSin1_D_hct15_seed4_rigid62_1_from376000cy/rbc136_sim_2xKSin1_D_hct15_seed4_rigid62_1_from376000cy.dat
shape =  (8, 717)
717
loading  /home/jasencakova/dataset/cells/priamy_kanal/sim_2xKSin1_D_hct15_seed4_rigid62_1_from376000cy/rbc137_sim_2xKSin1_D_hct15_seed4_rigid62_1_from376000cy.dat
shape =  (8, 717)
717
loading  /home/jasencakova/dataset/cells/priamy_kanal/sim_2xKSin1_D_hct15_seed4_rigid62_1_from376000cy/rbc138_sim_2xKSin1_D_hct15_seed4_rigid62_1_from376000cy.dat
shape =  (8, 717)
717
loading  /home/jasencakova/dataset/cells/priamy_kanal/sim_2xKSin1_D_hct15_seed4_rigid62_1_from376000cy/rbc139_sim_2xKSin1_D_hct15_seed4_rigid62_1_from376000cy.dat
shape =  (8, 717)
717
loading  /home/jasencakova/dataset/cells/priamy_kanal/sim_2xKSin1_D_hct15_seed4_rigid62_1_from376000cy/rbc140_sim_2xKSin1_D_hct15_seed4_rigid62_1_from376000cy.dat
shape =  (8, 717)
717
loading  /home/jasencakova/dataset/cells/priamy_kanal/sim_2xKSin1_D_hct15_seed4_rigid62_1_from376000cy/rbc141_sim_2xKSin1_D_hct15_seed4_rigid62_1_from376000cy.dat
shape =  (8, 717)
717
loading  /home/jasencakova/dataset/cells/priamy_kanal/sim_2xKSin1_D_hct15_seed4_rigid62_1_from376000cy/rbc142_sim_2xKSin1_D_hct15_seed4_rigid62_1_from376000cy.dat
shape =  (8, 717)
717
loading  /home/jasencakova/dataset/cells/priamy_kanal/sim_2xKSin1_D_hct15_seed4_rigid62_1_from376000cy/rbc143_sim_2xKSin1_D_hct15_seed4_rigid62_1_from376000cy.dat
shape =  (8, 717)
717
loading  /home/jasencakova/dataset/cells/priamy_kanal/sim_2xKSin1_D_hct15_seed4_rigid62_1_from376000cy/rbc144_sim_2xKSin1_D_hct15_seed4_rigid62_1_from376000cy.dat
shape =  (8, 717)
717
loading  /home/jasencakova/dataset/cells/priamy_kanal/sim_2xKSin1_D_hct15_seed4_rigid62_1_from376000cy/rbc145_sim_2xKSin1_D_hct15_seed4_rigid62_1_from376000cy.dat
shape =  (8, 717)
717
loading  /home/jasencakova/dataset/cells/priamy_kanal/sim_2xKSin1_D_hct15_seed4_rigid62_1_from376000cy/rbc146_sim_2xKSin1_D_hct15_seed4_rigid62_1_from376000cy.dat
shape =  (8, 717)
717
loading  /home/jasencakova/dataset/cells/priamy_kanal/sim_2xKSin1_D_hct15_seed4_rigid62_1_from376000cy/rbc147_sim_2xKSin1_D_hct15_seed4_rigid62_1_from376000cy.dat
shape =  (8, 717)
717
loading  /home/jasencakova/dataset/cells/priamy_kanal/sim_2xKSin1_D_hct15_seed4_rigid62_1_from376000cy/rbc148_sim_2xKSin1_D_hct15_seed4_rigid62_1_from376000cy.dat
shape =  (8, 717)
717
loading  /home/jasencakova/dataset/cells/priamy_kanal/sim_2xKSin1_D_hct15_seed4_rigid62_1_from376000cy/rbc149_sim_2xKSin1_D_hct15_seed4_rigid62_1_from376000cy.dat
shape =  (8, 717)
717
loading  /home/jasencakova/dataset/cells/priamy_kanal/sim_2xKSin1_D_hct15_seed4_rigid62_1_from376000cy/rbc150_sim_2xKSin1_D_hct15_seed4_rigid62_1_from376000cy.dat
shape =  (8, 717)
717
loading  /home/jasencakova/dataset/cells/priamy_kanal/sim_2xKSin1_D_hct15_seed4_rigid62_1_from376000cy/rbc151_sim_2xKSin1_D_hct15_seed4_rigid62_1_from376000cy.dat
shape =  (8, 717)
717
loading  /home/jasencakova/dataset/cells/priamy_kanal/sim_2xKSin1_D_hct15_seed4_rigid62_1_from376000cy/rbc152_sim_2xKSin1_D_hct15_seed4_rigid62_1_from376000cy.dat
shape =  (8, 717)
717
loading  /home/jasencakova/dataset/cells/priamy_kanal/sim_2xKSin1_D_hct15_seed4_rigid62_1_from376000cy/rbc153_sim_2xKSin1_D_hct15_seed4_rigid62_1_from376000cy.dat
shape =  (8, 717)
717
shortest_length =  717
data_shape      =  (154, 717, 8)








dataset summary : 

training_dats shape    =  (154, 706, 8)
testing_dats shape    =  (154, 717, 8)
training_count  =  10981124
testing_count   =  110418
channels_count  =  8
sequence_length =  128
classes_count   =   2
batch(32) tensor shape =  torch.Size([32, 8, 128]) torch.Size([32, 2])





model
Sequential(
  (0): Conv1d(8, 32, kernel_size=(3,), stride=(2,), padding=(1,))
  (1): ReLU()
  (2): Dropout(p=0.01, inplace=False)
  (3): Conv1d(32, 64, kernel_size=(3,), stride=(2,), padding=(1,))
  (4): ReLU()
  (5): Dropout(p=0.01, inplace=False)
  (6): Conv1d(64, 64, kernel_size=(3,), stride=(2,), padding=(1,))
  (7): ReLU()
  (8): Dropout(p=0.01, inplace=False)
  (9): Conv1d(64, 128, kernel_size=(3,), stride=(2,), padding=(1,))
  (10): ReLU()
  (11): Dropout(p=0.01, inplace=False)
  (12): Flatten()
  (13): Linear(in_features=1024, out_features=2, bias=True)
)



0 76.89636526424376 88.01088686342592 0.15545478 0.10711222 0.044574346 0.010223855 36.75 





=================================================
new best net in 0
TRAINING result
accuracy   = 76.896 [%]
hit_count  = 8444279
miss_count = 2537097

class_accuracy = 66.733%   83.74%   


confusion_matrix = 
2948803	 1067107	 
1469990	 5495476	 



TESTING result
accuracy   = 88.011 [%]
hit_count  = 97333
miss_count = 13259

class_accuracy = 85.84%   91.39%   


confusion_matrix = 
57825	 3721	 
9538	 39508	 




1 90.09715175948807 90.5372902199074 0.085189395 0.08678918 0.010004083 0.009973765 36.95 





=================================================
new best net in 1
TRAINING result
accuracy   = 90.097 [%]
hit_count  = 9893907
miss_count = 1087469

class_accuracy = 90.769%   89.644%   


confusion_matrix = 
4012494	 679414	 
408055	 5881413	 



TESTING result
accuracy   = 90.537 [%]
hit_count  = 100127
miss_count = 10465

class_accuracy = 89.492%   92.186%   


confusion_matrix = 
60627	 3347	 
7118	 39500	 




2 93.53574633998508 92.44701244212963 0.063956216 0.07596282 0.010682769 0.009786981 38.01 





=================================================
new best net in 2
TRAINING result
accuracy   = 93.536 [%]
hit_count  = 10271512
miss_count = 709864

class_accuracy = 94.523%   92.87%   


confusion_matrix = 
4180433	 467624	 
242240	 6091079	 



TESTING result
accuracy   = 92.447 [%]
hit_count  = 102239
miss_count = 8353

class_accuracy = 89.834%   96.54%   


confusion_matrix = 
60661	 1489	 
6864	 41578	 




3 99.43100026809026 98.19064670138889 0.017198753 0.022261342 0.013230213 0.007347513 38.82 





=================================================
new best net in 3
TRAINING result
accuracy   = 99.431 [%]
hit_count  = 10918892
miss_count = 62484

class_accuracy = 99.354%   99.483%   


confusion_matrix = 
4392367	 33904	 
28580	 6526525	 



TESTING result
accuracy   = 98.191 [%]
hit_count  = 108591
miss_count = 2001

class_accuracy = 97.025%   99.998%   


confusion_matrix = 
65292	 0	 
2001	 43299	 




4 99.99976323549981 98.55685763888889 0.0022018286 0.01675118 0.0010353902 0.0074300575 39.51 





=================================================
new best net in 4
TRAINING result
accuracy   = 100.0 [%]
hit_count  = 10981350
miss_count = 26

class_accuracy = 100.0%   100.0%   


confusion_matrix = 
4420652	 8	 
18	 6560698	 



TESTING result
accuracy   = 98.557 [%]
hit_count  = 108996
miss_count = 1596

class_accuracy = 97.634%   99.998%   


confusion_matrix = 
65908	 0	 
1596	 43088	 




5 99.9990347293454 98.73318142361111 0.00054117513 0.013897335 0.00043720932 0.0068950662 40.05 





=================================================
new best net in 5
TRAINING result
accuracy   = 99.999 [%]
hit_count  = 10981270
miss_count = 106

class_accuracy = 99.998%   99.999%   


confusion_matrix = 
4421015	 38	 
68	 6560255	 



TESTING result
accuracy   = 98.733 [%]
hit_count  = 109191
miss_count = 1401

class_accuracy = 97.926%   99.998%   


confusion_matrix = 
66206	 0	 
1401	 42985	 




6 99.99986340509605 98.69429976851852 0.0002487965 0.014144776 0.00019140793 0.006990052 40.52 

7 99.99978144815367 98.64999276620371 0.00016462893 0.014386228 0.00021525341 0.0076686516 40.7 

8 99.99992714938456 98.681640625 0.000120807585 0.01415997 0.0001402669 0.0069781523 41.03 

9 99.99996357469227 98.65360966435185 9.89202e-05 0.014219105 0.00013839998 0.0072389683 41.36 

10 99.99979966080754 98.68073640046296 8.815533e-05 0.01388217 0.00017618875 0.0064355647 41.5 

11 99.99968127855745 98.79286024305556 7.9536665e-05 0.012810041 0.00028711537 0.006917281 41.52 





=================================================
new best net in 11
TRAINING result
accuracy   = 100.0 [%]
hit_count  = 10981341
miss_count = 35

class_accuracy = 100.0%   100.0%   


confusion_matrix = 
4421628	 18	 
17	 6559713	 



TESTING result
accuracy   = 98.793 [%]
hit_count  = 109257
miss_count = 1335

class_accuracy = 98.023%   99.998%   


confusion_matrix = 
66243	 0	 
1335	 43014	 




12 99.99978144815367 98.64908854166667 6.834075e-05 0.0141092185 0.00018154804 0.0069959736 41.56 

13 99.99970859753823 98.69972511574075 6.0503306e-05 0.013638122 0.00021843144 0.0066935928 41.42 

14 99.99986340509605 98.7060546875 5.5256296e-05 0.013560831 0.00015217766 0.0070259394 41.23 

15 99.99992714938456 98.7449363425926 4.8112488e-05 0.013058187 0.000100334575 0.006469509 41.13 

16 99.99989072407683 98.68706597222223 4.4624194e-05 0.013673096 0.00011942469 0.0068738027 40.87 

17 99.9998816177499 98.71419270833333 4.3250864e-05 0.0134790605 0.00012277161 0.0072608544 40.7 

18 99.99994536203842 98.69972511574075 3.8213482e-05 0.013636248 9.1951624e-05 0.00691654 40.46 

19 99.99990893673069 98.73770254629629 3.8176746e-05 0.0131095275 0.000108136934 0.006946125 40.12 

20 99.99989072407683 98.71148003472223 3.568431e-05 0.01336894 9.1150985e-05 0.006795556 39.49 

21 99.99995446836535 98.71871383101852 3.469441e-05 0.013424659 8.39616e-05 0.0069082384 38.66 

22 99.99997268101922 98.67259837962963 3.3527973e-05 0.013828323 8.5566244e-05 0.0073206765 38.01 

23 99.99996357469227 98.61744068287037 3.123933e-05 0.014368903 6.7644876e-05 0.006947297 37.47 

24 99.99997268101922 98.72866030092592 3.000137e-05 0.013420336 6.250109e-05 0.007145498 37.15 

25 99.99993625571149 98.65632233796296 2.9663699e-05 0.013914822 8.5140535e-05 0.007212127 36.99 

26 99.99997268101922 98.72775607638889 2.7939835e-05 0.013308914 5.8461603e-05 0.0067310967 36.98 

27 99.99995446836535 98.7648292824074 2.93831e-05 0.013072153 8.9003384e-05 0.006670601 36.95 

28 99.99997268101922 98.71961805555556 2.692941e-05 0.013348078 6.0834183e-05 0.0069947154 36.88 

29 99.99993625571149 98.7449363425926 2.6994654e-05 0.013083487 6.6909575e-05 0.0066548944 36.76 

30 99.99993625571149 98.72233072916667 2.7610748e-05 0.013420958 9.853976e-05 0.0071354113 36.51 

31 99.99995446836535 98.72956452546296 2.6425067e-05 0.013260458 7.279792e-05 0.0067231134 36.23 

32 100.0 98.80099826388889 2.4164956e-05 0.012472866 3.893309e-05 0.006801206 35.89 





=================================================
new best net in 32
TRAINING result
accuracy   = 100.0 [%]
hit_count  = 10981376
miss_count = 0

class_accuracy = 100.0%   100.0%   


confusion_matrix = 
4421315	 0	 
0	 6560061	 



TESTING result
accuracy   = 98.801 [%]
hit_count  = 109266
miss_count = 1326

class_accuracy = 98.034%   99.998%   


confusion_matrix = 
66166	 0	 
1326	 43100	 




33 99.99997268101922 98.74131944444444 2.5259811e-05 0.01304819 5.596002e-05 0.006984821 35.59 

34 99.99994536203842 98.69249131944444 2.4214418e-05 0.013573833 6.1027935e-05 0.007152445 35.24 

35 99.99996357469227 98.7160011574074 2.3356039e-05 0.013273705 5.177208e-05 0.007074232 34.87 

36 99.99995446836535 98.68797019675925 2.3624238e-05 0.013653834 5.7306832e-05 0.00722289 34.49 

37 99.99995446836535 98.75669126157408 2.3517654e-05 0.012934773 6.225677e-05 0.0069895624 34.06 

38 99.99995446836535 98.69249131944444 2.2965007e-05 0.01356496 5.464427e-05 0.007114611 33.62 

39 99.99995446836535 98.72775607638889 2.3448458e-05 0.013233103 7.1850554e-05 0.0068964153 33.17 

40 99.99996357469227 98.70967158564815 2.262978e-05 0.013377748 6.66256e-05 0.006799175 32.7 

41 99.99998178734614 98.69701244212963 2.1749236e-05 0.0134958755 4.0093386e-05 0.0072221407 32.24 

42 99.99999089367307 98.6915870949074 2.1371765e-05 0.013616334 4.456735e-05 0.0073542395 31.8 

43 99.99998178734614 98.69429976851852 2.140339e-05 0.013516239 4.7409576e-05 0.0067597763 31.34 

44 99.99997268101922 98.69972511574075 2.2191742e-05 0.013509143 5.609587e-05 0.0072715413 30.87 

45 99.99996357469227 98.72685185185185 2.2173019e-05 0.013185472 6.65836e-05 0.0068672365 30.4 

46 99.99995446836535 98.67802372685185 2.2229098e-05 0.01368125 7.945098e-05 0.0071479026 29.88 

47 99.99997268101922 98.7648292824074 2.2954127e-05 0.012930362 7.1983595e-05 0.0067019043 29.34 

48 100.0 98.63371672453704 2.0474528e-05 0.014150988 3.839507e-05 0.0073463996 28.84 

49 99.99995446836535 98.63914207175925 2.0642135e-05 0.01420707 4.785296e-05 0.0070675653 28.32 

50 99.99994536203842 98.74131944444444 2.1016736e-05 0.012974355 6.764276e-05 0.0071802037 27.8 

51 99.99992714938456 98.63009982638889 2.1866135e-05 0.014075837 8.425537e-05 0.0075723347 27.04 

52 99.99995446836535 98.73951099537037 2.105767e-05 0.0130754 5.938674e-05 0.007096172 25.23 

53 99.99998178734614 98.69339554398148 1.9698738e-05 0.01346429 3.3899632e-05 0.0070855487 23.6 

54 99.99993625571149 98.67711950231481 2.1377778e-05 0.013550911 7.6800134e-05 0.007167937 22.11 

55 99.99997268101922 98.71871383101852 2.0463078e-05 0.013138046 5.6205346e-05 0.0068490184 20.78 

56 99.99997268101922 98.74764901620371 2.0463052e-05 0.012966682 5.5483404e-05 0.00701957 19.57 

57 99.99992714938456 98.66807725694444 2.1227523e-05 0.013712285 0.00010985259 0.0071328813 18.46 

58 99.99994536203842 98.75307436342592 2.0858703e-05 0.013012982 6.681421e-05 0.0071010552 17.45 

59 100.0 98.69429976851852 1.9769743e-05 0.013455724 4.401016e-05 0.007036731 16.53 

60 99.99999089367307 98.68073640046296 2.0069883e-05 0.01367999 4.9103943e-05 0.007669771 15.68 

61 99.99996357469227 98.69701244212963 2.011129e-05 0.013427381 5.9117825e-05 0.006869694 14.9 

62 99.99993625571149 98.67711950231481 2.0398938e-05 0.013675274 7.084908e-05 0.0066797105 14.18 

63 99.99992714938456 98.68977864583333 1.9937646e-05 0.013459083 6.791182e-05 0.007243831 13.51 

64 99.99999089367307 98.6915870949074 1.9866222e-05 0.013400455 6.4007705e-05 0.0067385444 12.88 

65 99.99991804305763 98.6671730324074 1.9938225e-05 0.013856674 7.352264e-05 0.0070590777 12.29 

66 99.99996357469227 98.68616174768519 2.0373658e-05 0.013836007 7.310333e-05 0.007096882 11.73 

67 99.99993625571149 98.72233072916667 2.0600348e-05 0.013175251 7.2791605e-05 0.007179913 11.21 

68 99.99996357469227 98.72413917824075 1.9663179e-05 0.013180874 4.6204335e-05 0.0072091394 10.71 

69 99.99993625571149 98.70695891203704 1.914783e-05 0.013308547 7.177405e-05 0.0066833496 10.24 

70 99.99993625571149 98.78381799768519 1.9586072e-05 0.012739217 7.49157e-05 0.00710703 9.79 

71 99.99996357469227 98.70334201388889 1.9445639e-05 0.01342672 5.3873584e-05 0.0069687837 9.36 

72 99.99995446836535 98.70695891203704 1.9495557e-05 0.013345285 6.4650405e-05 0.0073142503 8.95 

73 99.99987251142298 98.74584056712963 2.0717713e-05 0.012930583 0.00010174259 0.006846256 8.55 

74 99.99999089367307 98.68706597222223 1.9250363e-05 0.013542513 4.5787616e-05 0.0070287865 8.17 

75 100.0 98.681640625 1.8850747e-05 0.013554235 4.5964654e-05 0.0072708125 7.8 

76 99.99989983040376 98.70967158564815 1.9725225e-05 0.01328671 8.660749e-05 0.006964813 7.43 

77 99.99997268101922 98.71419270833333 1.8814337e-05 0.013260005 4.5810037e-05 0.006821628 7.08 

78 99.99994536203842 98.70424623842592 1.9329795e-05 0.013266945 6.098651e-05 0.007086576 6.74 

79 99.99996357469227 98.73951099537037 1.897409e-05 0.012991051 4.610861e-05 0.0070318566 6.4 

80 99.99998178734614 98.68887442129629 1.847693e-05 0.0135142915 4.6400946e-05 0.00711001 6.07 

81 99.99998178734614 98.71690538194444 1.9593293e-05 0.013188217 6.5817476e-05 0.006875219 5.74 

82 99.99998178734614 98.71961805555556 1.8665942e-05 0.013217794 4.167618e-05 0.007206823 5.42 

83 100.0 98.70424623842592 1.8405346e-05 0.013372774 3.445155e-05 0.006687605 5.1 

84 99.99996357469227 98.67802372685185 1.9504261e-05 0.013526487 6.8099325e-05 0.0067671114 4.78 

85 99.99993625571149 98.72685185185185 1.9880868e-05 0.013059099 7.610172e-05 0.0074844547 4.44 

86 99.99995446836535 98.73679832175925 1.8581015e-05 0.012954343 6.0751518e-05 0.006998456 4.1 

87 99.99996357469227 98.68706597222223 1.8978963e-05 0.013555395 5.219267e-05 0.0070732506 3.76 

88 99.99996357469227 98.68344907407408 1.8817753e-05 0.013497688 5.265644e-05 0.006946862 3.44 

89 99.99991804305763 98.73951099537037 2.0043739e-05 0.013042631 8.886482e-05 0.006919143 3.13 

90 99.99998178734614 98.65451388888889 1.8386321e-05 0.0137897115 4.4217417e-05 0.006982504 2.83 

91 99.99996357469227 98.62648292824075 1.87563e-05 0.0141676115 5.556024e-05 0.0076209367 2.53 

92 99.99985429876912 98.66355613425925 2.0550755e-05 0.013689821 0.0001009787 0.007339269 2.23 

93 99.99999089367307 98.67259837962963 1.7937653e-05 0.013565635 3.8036393e-05 0.0069844094 1.94 

94 99.99994536203842 98.66807725694444 1.8785222e-05 0.013631244 7.014378e-05 0.0071606818 1.66 

95 99.99997268101922 98.68616174768519 1.779644e-05 0.0135084605 4.1190906e-05 0.0072417264 1.38 

96 99.99995446836535 98.7205222800926 1.8870034e-05 0.013172179 5.9732814e-05 0.006847386 1.1 

97 100.0 98.68706597222223 1.8532366e-05 0.013457781 4.8535505e-05 0.0072731287 0.82 

98 100.0 98.72142650462963 1.818143e-05 0.013183441 3.8921324e-05 0.0068223276 0.54 

99 99.99998178734614 98.7205222800926 1.8118852e-05 0.013200241 4.5292378e-05 0.007052188 0.27 

