loading  /home/jasencakova/dataset/cells/priamy_kanal/sim_2xKSin1_D_hct15_seed5_rigid31_2_from1466000cy/rbc0_sim_2xKSin1_D_hct15_seed5_rigid31_2_from1466000cy.dat
shape =  (12, 990)
990
loading  /home/jasencakova/dataset/cells/priamy_kanal/sim_2xKSin1_D_hct15_seed5_rigid31_2_from1466000cy/rbc1_sim_2xKSin1_D_hct15_seed5_rigid31_2_from1466000cy.dat
shape =  (12, 990)
990
loading  /home/jasencakova/dataset/cells/priamy_kanal/sim_2xKSin1_D_hct15_seed5_rigid31_2_from1466000cy/rbc2_sim_2xKSin1_D_hct15_seed5_rigid31_2_from1466000cy.dat
shape =  (12, 989)
989
loading  /home/jasencakova/dataset/cells/priamy_kanal/sim_2xKSin1_D_hct15_seed5_rigid31_2_from1466000cy/rbc3_sim_2xKSin1_D_hct15_seed5_rigid31_2_from1466000cy.dat
shape =  (12, 989)
989
loading  /home/jasencakova/dataset/cells/priamy_kanal/sim_2xKSin1_D_hct15_seed5_rigid31_2_from1466000cy/rbc4_sim_2xKSin1_D_hct15_seed5_rigid31_2_from1466000cy.dat
shape =  (12, 989)
989
loading  /home/jasencakova/dataset/cells/priamy_kanal/sim_2xKSin1_D_hct15_seed5_rigid31_2_from1466000cy/rbc5_sim_2xKSin1_D_hct15_seed5_rigid31_2_from1466000cy.dat
shape =  (12, 989)
989
loading  /home/jasencakova/dataset/cells/priamy_kanal/sim_2xKSin1_D_hct15_seed5_rigid31_2_from1466000cy/rbc6_sim_2xKSin1_D_hct15_seed5_rigid31_2_from1466000cy.dat
shape =  (12, 989)
989
loading  /home/jasencakova/dataset/cells/priamy_kanal/sim_2xKSin1_D_hct15_seed5_rigid31_2_from1466000cy/rbc7_sim_2xKSin1_D_hct15_seed5_rigid31_2_from1466000cy.dat
shape =  (12, 989)
989
loading  /home/jasencakova/dataset/cells/priamy_kanal/sim_2xKSin1_D_hct15_seed5_rigid31_2_from1466000cy/rbc8_sim_2xKSin1_D_hct15_seed5_rigid31_2_from1466000cy.dat
shape =  (12, 989)
989
loading  /home/jasencakova/dataset/cells/priamy_kanal/sim_2xKSin1_D_hct15_seed5_rigid31_2_from1466000cy/rbc9_sim_2xKSin1_D_hct15_seed5_rigid31_2_from1466000cy.dat
shape =  (12, 989)
989
loading  /home/jasencakova/dataset/cells/priamy_kanal/sim_2xKSin1_D_hct15_seed5_rigid31_2_from1466000cy/rbc10_sim_2xKSin1_D_hct15_seed5_rigid31_2_from1466000cy.dat
shape =  (12, 990)
989
loading  /home/jasencakova/dataset/cells/priamy_kanal/sim_2xKSin1_D_hct15_seed5_rigid31_2_from1466000cy/rbc11_sim_2xKSin1_D_hct15_seed5_rigid31_2_from1466000cy.dat
shape =  (12, 990)
989
loading  /home/jasencakova/dataset/cells/priamy_kanal/sim_2xKSin1_D_hct15_seed5_rigid31_2_from1466000cy/rbc12_sim_2xKSin1_D_hct15_seed5_rigid31_2_from1466000cy.dat
shape =  (12, 990)
989
loading  /home/jasencakova/dataset/cells/priamy_kanal/sim_2xKSin1_D_hct15_seed5_rigid31_2_from1466000cy/rbc13_sim_2xKSin1_D_hct15_seed5_rigid31_2_from1466000cy.dat
shape =  (12, 990)
989
loading  /home/jasencakova/dataset/cells/priamy_kanal/sim_2xKSin1_D_hct15_seed5_rigid31_2_from1466000cy/rbc14_sim_2xKSin1_D_hct15_seed5_rigid31_2_from1466000cy.dat
shape =  (12, 990)
989
loading  /home/jasencakova/dataset/cells/priamy_kanal/sim_2xKSin1_D_hct15_seed5_rigid31_2_from1466000cy/rbc15_sim_2xKSin1_D_hct15_seed5_rigid31_2_from1466000cy.dat
shape =  (12, 990)
989
loading  /home/jasencakova/dataset/cells/priamy_kanal/sim_2xKSin1_D_hct15_seed5_rigid31_2_from1466000cy/rbc16_sim_2xKSin1_D_hct15_seed5_rigid31_2_from1466000cy.dat
shape =  (12, 989)
989
loading  /home/jasencakova/dataset/cells/priamy_kanal/sim_2xKSin1_D_hct15_seed5_rigid31_2_from1466000cy/rbc17_sim_2xKSin1_D_hct15_seed5_rigid31_2_from1466000cy.dat
shape =  (12, 989)
989
loading  /home/jasencakova/dataset/cells/priamy_kanal/sim_2xKSin1_D_hct15_seed5_rigid31_2_from1466000cy/rbc18_sim_2xKSin1_D_hct15_seed5_rigid31_2_from1466000cy.dat
shape =  (12, 989)
989
loading  /home/jasencakova/dataset/cells/priamy_kanal/sim_2xKSin1_D_hct15_seed5_rigid31_2_from1466000cy/rbc19_sim_2xKSin1_D_hct15_seed5_rigid31_2_from1466000cy.dat
shape =  (12, 989)
989
loading  /home/jasencakova/dataset/cells/priamy_kanal/sim_2xKSin1_D_hct15_seed5_rigid31_2_from1466000cy/rbc20_sim_2xKSin1_D_hct15_seed5_rigid31_2_from1466000cy.dat
shape =  (12, 989)
989
loading  /home/jasencakova/dataset/cells/priamy_kanal/sim_2xKSin1_D_hct15_seed5_rigid31_2_from1466000cy/rbc21_sim_2xKSin1_D_hct15_seed5_rigid31_2_from1466000cy.dat
shape =  (12, 989)
989
loading  /home/jasencakova/dataset/cells/priamy_kanal/sim_2xKSin1_D_hct15_seed5_rigid31_2_from1466000cy/rbc22_sim_2xKSin1_D_hct15_seed5_rigid31_2_from1466000cy.dat
shape =  (12, 989)
989
loading  /home/jasencakova/dataset/cells/priamy_kanal/sim_2xKSin1_D_hct15_seed5_rigid31_2_from1466000cy/rbc23_sim_2xKSin1_D_hct15_seed5_rigid31_2_from1466000cy.dat
shape =  (12, 989)
989
loading  /home/jasencakova/dataset/cells/priamy_kanal/sim_2xKSin1_D_hct15_seed5_rigid31_2_from1466000cy/rbc24_sim_2xKSin1_D_hct15_seed5_rigid31_2_from1466000cy.dat
shape =  (12, 989)
989
loading  /home/jasencakova/dataset/cells/priamy_kanal/sim_2xKSin1_D_hct15_seed5_rigid31_2_from1466000cy/rbc25_sim_2xKSin1_D_hct15_seed5_rigid31_2_from1466000cy.dat
shape =  (12, 989)
989
loading  /home/jasencakova/dataset/cells/priamy_kanal/sim_2xKSin1_D_hct15_seed5_rigid31_2_from1466000cy/rbc26_sim_2xKSin1_D_hct15_seed5_rigid31_2_from1466000cy.dat
shape =  (12, 989)
989
loading  /home/jasencakova/dataset/cells/priamy_kanal/sim_2xKSin1_D_hct15_seed5_rigid31_2_from1466000cy/rbc27_sim_2xKSin1_D_hct15_seed5_rigid31_2_from1466000cy.dat
shape =  (12, 989)
989
loading  /home/jasencakova/dataset/cells/priamy_kanal/sim_2xKSin1_D_hct15_seed5_rigid31_2_from1466000cy/rbc28_sim_2xKSin1_D_hct15_seed5_rigid31_2_from1466000cy.dat
shape =  (12, 989)
989
loading  /home/jasencakova/dataset/cells/priamy_kanal/sim_2xKSin1_D_hct15_seed5_rigid31_2_from1466000cy/rbc29_sim_2xKSin1_D_hct15_seed5_rigid31_2_from1466000cy.dat
shape =  (12, 989)
989
loading  /home/jasencakova/dataset/cells/priamy_kanal/sim_2xKSin1_D_hct15_seed5_rigid31_2_from1466000cy/rbc30_sim_2xKSin1_D_hct15_seed5_rigid31_2_from1466000cy.dat
shape =  (12, 989)
989
loading  /home/jasencakova/dataset/cells/priamy_kanal/sim_2xKSin1_D_hct15_seed5_rigid31_2_from1466000cy/rbc31_sim_2xKSin1_D_hct15_seed5_rigid31_2_from1466000cy.dat
shape =  (12, 989)
989
loading  /home/jasencakova/dataset/cells/priamy_kanal/sim_2xKSin1_D_hct15_seed5_rigid31_2_from1466000cy/rbc32_sim_2xKSin1_D_hct15_seed5_rigid31_2_from1466000cy.dat
shape =  (12, 989)
989
loading  /home/jasencakova/dataset/cells/priamy_kanal/sim_2xKSin1_D_hct15_seed5_rigid31_2_from1466000cy/rbc33_sim_2xKSin1_D_hct15_seed5_rigid31_2_from1466000cy.dat
shape =  (12, 989)
989
loading  /home/jasencakova/dataset/cells/priamy_kanal/sim_2xKSin1_D_hct15_seed5_rigid31_2_from1466000cy/rbc34_sim_2xKSin1_D_hct15_seed5_rigid31_2_from1466000cy.dat
shape =  (12, 989)
989
loading  /home/jasencakova/dataset/cells/priamy_kanal/sim_2xKSin1_D_hct15_seed5_rigid31_2_from1466000cy/rbc35_sim_2xKSin1_D_hct15_seed5_rigid31_2_from1466000cy.dat
shape =  (12, 989)
989
loading  /home/jasencakova/dataset/cells/priamy_kanal/sim_2xKSin1_D_hct15_seed5_rigid31_2_from1466000cy/rbc36_sim_2xKSin1_D_hct15_seed5_rigid31_2_from1466000cy.dat
shape =  (12, 989)
989
loading  /home/jasencakova/dataset/cells/priamy_kanal/sim_2xKSin1_D_hct15_seed5_rigid31_2_from1466000cy/rbc37_sim_2xKSin1_D_hct15_seed5_rigid31_2_from1466000cy.dat
shape =  (12, 989)
989
loading  /home/jasencakova/dataset/cells/priamy_kanal/sim_2xKSin1_D_hct15_seed5_rigid31_2_from1466000cy/rbc38_sim_2xKSin1_D_hct15_seed5_rigid31_2_from1466000cy.dat
shape =  (12, 989)
989
loading  /home/jasencakova/dataset/cells/priamy_kanal/sim_2xKSin1_D_hct15_seed5_rigid31_2_from1466000cy/rbc39_sim_2xKSin1_D_hct15_seed5_rigid31_2_from1466000cy.dat
shape =  (12, 989)
989
loading  /home/jasencakova/dataset/cells/priamy_kanal/sim_2xKSin1_D_hct15_seed5_rigid31_2_from1466000cy/rbc40_sim_2xKSin1_D_hct15_seed5_rigid31_2_from1466000cy.dat
shape =  (12, 989)
989
loading  /home/jasencakova/dataset/cells/priamy_kanal/sim_2xKSin1_D_hct15_seed5_rigid31_2_from1466000cy/rbc41_sim_2xKSin1_D_hct15_seed5_rigid31_2_from1466000cy.dat
shape =  (12, 989)
989
loading  /home/jasencakova/dataset/cells/priamy_kanal/sim_2xKSin1_D_hct15_seed5_rigid31_2_from1466000cy/rbc42_sim_2xKSin1_D_hct15_seed5_rigid31_2_from1466000cy.dat
shape =  (12, 989)
989
loading  /home/jasencakova/dataset/cells/priamy_kanal/sim_2xKSin1_D_hct15_seed5_rigid31_2_from1466000cy/rbc43_sim_2xKSin1_D_hct15_seed5_rigid31_2_from1466000cy.dat
shape =  (12, 989)
989
loading  /home/jasencakova/dataset/cells/priamy_kanal/sim_2xKSin1_D_hct15_seed5_rigid31_2_from1466000cy/rbc44_sim_2xKSin1_D_hct15_seed5_rigid31_2_from1466000cy.dat
shape =  (12, 989)
989
loading  /home/jasencakova/dataset/cells/priamy_kanal/sim_2xKSin1_D_hct15_seed5_rigid31_2_from1466000cy/rbc45_sim_2xKSin1_D_hct15_seed5_rigid31_2_from1466000cy.dat
shape =  (12, 989)
989
loading  /home/jasencakova/dataset/cells/priamy_kanal/sim_2xKSin1_D_hct15_seed5_rigid31_2_from1466000cy/rbc46_sim_2xKSin1_D_hct15_seed5_rigid31_2_from1466000cy.dat
shape =  (12, 989)
989
loading  /home/jasencakova/dataset/cells/priamy_kanal/sim_2xKSin1_D_hct15_seed5_rigid31_2_from1466000cy/rbc47_sim_2xKSin1_D_hct15_seed5_rigid31_2_from1466000cy.dat
shape =  (12, 989)
989
loading  /home/jasencakova/dataset/cells/priamy_kanal/sim_2xKSin1_D_hct15_seed5_rigid31_2_from1466000cy/rbc48_sim_2xKSin1_D_hct15_seed5_rigid31_2_from1466000cy.dat
shape =  (12, 989)
989
loading  /home/jasencakova/dataset/cells/priamy_kanal/sim_2xKSin1_D_hct15_seed5_rigid31_2_from1466000cy/rbc49_sim_2xKSin1_D_hct15_seed5_rigid31_2_from1466000cy.dat
shape =  (12, 989)
989
loading  /home/jasencakova/dataset/cells/priamy_kanal/sim_2xKSin1_D_hct15_seed5_rigid31_2_from1466000cy/rbc50_sim_2xKSin1_D_hct15_seed5_rigid31_2_from1466000cy.dat
shape =  (12, 989)
989
loading  /home/jasencakova/dataset/cells/priamy_kanal/sim_2xKSin1_D_hct15_seed5_rigid31_2_from1466000cy/rbc51_sim_2xKSin1_D_hct15_seed5_rigid31_2_from1466000cy.dat
shape =  (12, 989)
989
loading  /home/jasencakova/dataset/cells/priamy_kanal/sim_2xKSin1_D_hct15_seed5_rigid31_2_from1466000cy/rbc52_sim_2xKSin1_D_hct15_seed5_rigid31_2_from1466000cy.dat
shape =  (12, 989)
989
loading  /home/jasencakova/dataset/cells/priamy_kanal/sim_2xKSin1_D_hct15_seed5_rigid31_2_from1466000cy/rbc53_sim_2xKSin1_D_hct15_seed5_rigid31_2_from1466000cy.dat
shape =  (12, 989)
989
loading  /home/jasencakova/dataset/cells/priamy_kanal/sim_2xKSin1_D_hct15_seed5_rigid31_2_from1466000cy/rbc54_sim_2xKSin1_D_hct15_seed5_rigid31_2_from1466000cy.dat
shape =  (12, 989)
989
loading  /home/jasencakova/dataset/cells/priamy_kanal/sim_2xKSin1_D_hct15_seed5_rigid31_2_from1466000cy/rbc55_sim_2xKSin1_D_hct15_seed5_rigid31_2_from1466000cy.dat
shape =  (12, 989)
989
loading  /home/jasencakova/dataset/cells/priamy_kanal/sim_2xKSin1_D_hct15_seed5_rigid31_2_from1466000cy/rbc56_sim_2xKSin1_D_hct15_seed5_rigid31_2_from1466000cy.dat
shape =  (12, 989)
989
loading  /home/jasencakova/dataset/cells/priamy_kanal/sim_2xKSin1_D_hct15_seed5_rigid31_2_from1466000cy/rbc57_sim_2xKSin1_D_hct15_seed5_rigid31_2_from1466000cy.dat
shape =  (12, 989)
989
loading  /home/jasencakova/dataset/cells/priamy_kanal/sim_2xKSin1_D_hct15_seed5_rigid31_2_from1466000cy/rbc58_sim_2xKSin1_D_hct15_seed5_rigid31_2_from1466000cy.dat
shape =  (12, 989)
989
loading  /home/jasencakova/dataset/cells/priamy_kanal/sim_2xKSin1_D_hct15_seed5_rigid31_2_from1466000cy/rbc59_sim_2xKSin1_D_hct15_seed5_rigid31_2_from1466000cy.dat
shape =  (12, 989)
989
loading  /home/jasencakova/dataset/cells/priamy_kanal/sim_2xKSin1_D_hct15_seed5_rigid31_2_from1466000cy/rbc60_sim_2xKSin1_D_hct15_seed5_rigid31_2_from1466000cy.dat
shape =  (12, 989)
989
loading  /home/jasencakova/dataset/cells/priamy_kanal/sim_2xKSin1_D_hct15_seed5_rigid31_2_from1466000cy/rbc61_sim_2xKSin1_D_hct15_seed5_rigid31_2_from1466000cy.dat
shape =  (12, 989)
989
loading  /home/jasencakova/dataset/cells/priamy_kanal/sim_2xKSin1_D_hct15_seed5_rigid31_2_from1466000cy/rbc62_sim_2xKSin1_D_hct15_seed5_rigid31_2_from1466000cy.dat
shape =  (12, 989)
989
loading  /home/jasencakova/dataset/cells/priamy_kanal/sim_2xKSin1_D_hct15_seed5_rigid31_2_from1466000cy/rbc63_sim_2xKSin1_D_hct15_seed5_rigid31_2_from1466000cy.dat
shape =  (12, 989)
989
loading  /home/jasencakova/dataset/cells/priamy_kanal/sim_2xKSin1_D_hct15_seed5_rigid31_2_from1466000cy/rbc64_sim_2xKSin1_D_hct15_seed5_rigid31_2_from1466000cy.dat
shape =  (12, 989)
989
loading  /home/jasencakova/dataset/cells/priamy_kanal/sim_2xKSin1_D_hct15_seed5_rigid31_2_from1466000cy/rbc65_sim_2xKSin1_D_hct15_seed5_rigid31_2_from1466000cy.dat
shape =  (12, 989)
989
loading  /home/jasencakova/dataset/cells/priamy_kanal/sim_2xKSin1_D_hct15_seed5_rigid31_2_from1466000cy/rbc66_sim_2xKSin1_D_hct15_seed5_rigid31_2_from1466000cy.dat
shape =  (12, 989)
989
loading  /home/jasencakova/dataset/cells/priamy_kanal/sim_2xKSin1_D_hct15_seed5_rigid31_2_from1466000cy/rbc67_sim_2xKSin1_D_hct15_seed5_rigid31_2_from1466000cy.dat
shape =  (12, 989)
989
loading  /home/jasencakova/dataset/cells/priamy_kanal/sim_2xKSin1_D_hct15_seed5_rigid31_2_from1466000cy/rbc68_sim_2xKSin1_D_hct15_seed5_rigid31_2_from1466000cy.dat
shape =  (12, 989)
989
loading  /home/jasencakova/dataset/cells/priamy_kanal/sim_2xKSin1_D_hct15_seed5_rigid31_2_from1466000cy/rbc69_sim_2xKSin1_D_hct15_seed5_rigid31_2_from1466000cy.dat
shape =  (12, 989)
989
loading  /home/jasencakova/dataset/cells/priamy_kanal/sim_2xKSin1_D_hct15_seed5_rigid31_2_from1466000cy/rbc70_sim_2xKSin1_D_hct15_seed5_rigid31_2_from1466000cy.dat
shape =  (12, 989)
989
loading  /home/jasencakova/dataset/cells/priamy_kanal/sim_2xKSin1_D_hct15_seed5_rigid31_2_from1466000cy/rbc71_sim_2xKSin1_D_hct15_seed5_rigid31_2_from1466000cy.dat
shape =  (12, 989)
989
loading  /home/jasencakova/dataset/cells/priamy_kanal/sim_2xKSin1_D_hct15_seed5_rigid31_2_from1466000cy/rbc72_sim_2xKSin1_D_hct15_seed5_rigid31_2_from1466000cy.dat
shape =  (12, 989)
989
loading  /home/jasencakova/dataset/cells/priamy_kanal/sim_2xKSin1_D_hct15_seed5_rigid31_2_from1466000cy/rbc73_sim_2xKSin1_D_hct15_seed5_rigid31_2_from1466000cy.dat
shape =  (12, 989)
989
loading  /home/jasencakova/dataset/cells/priamy_kanal/sim_2xKSin1_D_hct15_seed5_rigid31_2_from1466000cy/rbc74_sim_2xKSin1_D_hct15_seed5_rigid31_2_from1466000cy.dat
shape =  (12, 989)
989
loading  /home/jasencakova/dataset/cells/priamy_kanal/sim_2xKSin1_D_hct15_seed5_rigid31_2_from1466000cy/rbc75_sim_2xKSin1_D_hct15_seed5_rigid31_2_from1466000cy.dat
shape =  (12, 989)
989
loading  /home/jasencakova/dataset/cells/priamy_kanal/sim_2xKSin1_D_hct15_seed5_rigid31_2_from1466000cy/rbc76_sim_2xKSin1_D_hct15_seed5_rigid31_2_from1466000cy.dat
shape =  (12, 989)
989
loading  /home/jasencakova/dataset/cells/priamy_kanal/sim_2xKSin1_D_hct15_seed5_rigid31_2_from1466000cy/rbc77_sim_2xKSin1_D_hct15_seed5_rigid31_2_from1466000cy.dat
shape =  (12, 989)
989
loading  /home/jasencakova/dataset/cells/priamy_kanal/sim_2xKSin1_D_hct15_seed5_rigid31_2_from1466000cy/rbc78_sim_2xKSin1_D_hct15_seed5_rigid31_2_from1466000cy.dat
shape =  (12, 989)
989
loading  /home/jasencakova/dataset/cells/priamy_kanal/sim_2xKSin1_D_hct15_seed5_rigid31_2_from1466000cy/rbc79_sim_2xKSin1_D_hct15_seed5_rigid31_2_from1466000cy.dat
shape =  (12, 989)
989
loading  /home/jasencakova/dataset/cells/priamy_kanal/sim_2xKSin1_D_hct15_seed5_rigid31_2_from1466000cy/rbc80_sim_2xKSin1_D_hct15_seed5_rigid31_2_from1466000cy.dat
shape =  (12, 989)
989
loading  /home/jasencakova/dataset/cells/priamy_kanal/sim_2xKSin1_D_hct15_seed5_rigid31_2_from1466000cy/rbc81_sim_2xKSin1_D_hct15_seed5_rigid31_2_from1466000cy.dat
shape =  (12, 989)
989
loading  /home/jasencakova/dataset/cells/priamy_kanal/sim_2xKSin1_D_hct15_seed5_rigid31_2_from1466000cy/rbc82_sim_2xKSin1_D_hct15_seed5_rigid31_2_from1466000cy.dat
shape =  (12, 989)
989
loading  /home/jasencakova/dataset/cells/priamy_kanal/sim_2xKSin1_D_hct15_seed5_rigid31_2_from1466000cy/rbc83_sim_2xKSin1_D_hct15_seed5_rigid31_2_from1466000cy.dat
shape =  (12, 989)
989
loading  /home/jasencakova/dataset/cells/priamy_kanal/sim_2xKSin1_D_hct15_seed5_rigid31_2_from1466000cy/rbc84_sim_2xKSin1_D_hct15_seed5_rigid31_2_from1466000cy.dat
shape =  (12, 989)
989
loading  /home/jasencakova/dataset/cells/priamy_kanal/sim_2xKSin1_D_hct15_seed5_rigid31_2_from1466000cy/rbc85_sim_2xKSin1_D_hct15_seed5_rigid31_2_from1466000cy.dat
shape =  (12, 989)
989
loading  /home/jasencakova/dataset/cells/priamy_kanal/sim_2xKSin1_D_hct15_seed5_rigid31_2_from1466000cy/rbc86_sim_2xKSin1_D_hct15_seed5_rigid31_2_from1466000cy.dat
shape =  (12, 989)
989
loading  /home/jasencakova/dataset/cells/priamy_kanal/sim_2xKSin1_D_hct15_seed5_rigid31_2_from1466000cy/rbc87_sim_2xKSin1_D_hct15_seed5_rigid31_2_from1466000cy.dat
shape =  (12, 989)
989
loading  /home/jasencakova/dataset/cells/priamy_kanal/sim_2xKSin1_D_hct15_seed5_rigid31_2_from1466000cy/rbc88_sim_2xKSin1_D_hct15_seed5_rigid31_2_from1466000cy.dat
shape =  (12, 989)
989
loading  /home/jasencakova/dataset/cells/priamy_kanal/sim_2xKSin1_D_hct15_seed5_rigid31_2_from1466000cy/rbc89_sim_2xKSin1_D_hct15_seed5_rigid31_2_from1466000cy.dat
shape =  (12, 989)
989
loading  /home/jasencakova/dataset/cells/priamy_kanal/sim_2xKSin1_D_hct15_seed5_rigid31_2_from1466000cy/rbc90_sim_2xKSin1_D_hct15_seed5_rigid31_2_from1466000cy.dat
shape =  (12, 989)
989
loading  /home/jasencakova/dataset/cells/priamy_kanal/sim_2xKSin1_D_hct15_seed5_rigid31_2_from1466000cy/rbc91_sim_2xKSin1_D_hct15_seed5_rigid31_2_from1466000cy.dat
shape =  (12, 989)
989
loading  /home/jasencakova/dataset/cells/priamy_kanal/sim_2xKSin1_D_hct15_seed5_rigid31_2_from1466000cy/rbc92_sim_2xKSin1_D_hct15_seed5_rigid31_2_from1466000cy.dat
shape =  (12, 989)
989
loading  /home/jasencakova/dataset/cells/priamy_kanal/sim_2xKSin1_D_hct15_seed5_rigid31_2_from1466000cy/rbc93_sim_2xKSin1_D_hct15_seed5_rigid31_2_from1466000cy.dat
shape =  (12, 989)
989
loading  /home/jasencakova/dataset/cells/priamy_kanal/sim_2xKSin1_D_hct15_seed5_rigid31_2_from1466000cy/rbc94_sim_2xKSin1_D_hct15_seed5_rigid31_2_from1466000cy.dat
shape =  (12, 989)
989
loading  /home/jasencakova/dataset/cells/priamy_kanal/sim_2xKSin1_D_hct15_seed5_rigid31_2_from1466000cy/rbc95_sim_2xKSin1_D_hct15_seed5_rigid31_2_from1466000cy.dat
shape =  (12, 989)
989
loading  /home/jasencakova/dataset/cells/priamy_kanal/sim_2xKSin1_D_hct15_seed5_rigid31_2_from1466000cy/rbc96_sim_2xKSin1_D_hct15_seed5_rigid31_2_from1466000cy.dat
shape =  (12, 989)
989
loading  /home/jasencakova/dataset/cells/priamy_kanal/sim_2xKSin1_D_hct15_seed5_rigid31_2_from1466000cy/rbc97_sim_2xKSin1_D_hct15_seed5_rigid31_2_from1466000cy.dat
shape =  (12, 989)
989
loading  /home/jasencakova/dataset/cells/priamy_kanal/sim_2xKSin1_D_hct15_seed5_rigid31_2_from1466000cy/rbc98_sim_2xKSin1_D_hct15_seed5_rigid31_2_from1466000cy.dat
shape =  (12, 989)
989
loading  /home/jasencakova/dataset/cells/priamy_kanal/sim_2xKSin1_D_hct15_seed5_rigid31_2_from1466000cy/rbc99_sim_2xKSin1_D_hct15_seed5_rigid31_2_from1466000cy.dat
shape =  (12, 989)
989
loading  /home/jasencakova/dataset/cells/priamy_kanal/sim_2xKSin1_D_hct15_seed5_rigid31_2_from1466000cy/rbc100_sim_2xKSin1_D_hct15_seed5_rigid31_2_from1466000cy.dat
shape =  (12, 990)
989
loading  /home/jasencakova/dataset/cells/priamy_kanal/sim_2xKSin1_D_hct15_seed5_rigid31_2_from1466000cy/rbc101_sim_2xKSin1_D_hct15_seed5_rigid31_2_from1466000cy.dat
shape =  (12, 990)
989
loading  /home/jasencakova/dataset/cells/priamy_kanal/sim_2xKSin1_D_hct15_seed5_rigid31_2_from1466000cy/rbc102_sim_2xKSin1_D_hct15_seed5_rigid31_2_from1466000cy.dat
shape =  (12, 990)
989
loading  /home/jasencakova/dataset/cells/priamy_kanal/sim_2xKSin1_D_hct15_seed5_rigid31_2_from1466000cy/rbc103_sim_2xKSin1_D_hct15_seed5_rigid31_2_from1466000cy.dat
shape =  (12, 990)
989
loading  /home/jasencakova/dataset/cells/priamy_kanal/sim_2xKSin1_D_hct15_seed5_rigid31_2_from1466000cy/rbc104_sim_2xKSin1_D_hct15_seed5_rigid31_2_from1466000cy.dat
shape =  (12, 990)
989
loading  /home/jasencakova/dataset/cells/priamy_kanal/sim_2xKSin1_D_hct15_seed5_rigid31_2_from1466000cy/rbc105_sim_2xKSin1_D_hct15_seed5_rigid31_2_from1466000cy.dat
shape =  (12, 990)
989
loading  /home/jasencakova/dataset/cells/priamy_kanal/sim_2xKSin1_D_hct15_seed5_rigid31_2_from1466000cy/rbc106_sim_2xKSin1_D_hct15_seed5_rigid31_2_from1466000cy.dat
shape =  (12, 990)
989
loading  /home/jasencakova/dataset/cells/priamy_kanal/sim_2xKSin1_D_hct15_seed5_rigid31_2_from1466000cy/rbc107_sim_2xKSin1_D_hct15_seed5_rigid31_2_from1466000cy.dat
shape =  (12, 990)
989
loading  /home/jasencakova/dataset/cells/priamy_kanal/sim_2xKSin1_D_hct15_seed5_rigid31_2_from1466000cy/rbc108_sim_2xKSin1_D_hct15_seed5_rigid31_2_from1466000cy.dat
shape =  (12, 990)
989
loading  /home/jasencakova/dataset/cells/priamy_kanal/sim_2xKSin1_D_hct15_seed5_rigid31_2_from1466000cy/rbc109_sim_2xKSin1_D_hct15_seed5_rigid31_2_from1466000cy.dat
shape =  (12, 990)
989
loading  /home/jasencakova/dataset/cells/priamy_kanal/sim_2xKSin1_D_hct15_seed5_rigid31_2_from1466000cy/rbc110_sim_2xKSin1_D_hct15_seed5_rigid31_2_from1466000cy.dat
shape =  (12, 990)
989
loading  /home/jasencakova/dataset/cells/priamy_kanal/sim_2xKSin1_D_hct15_seed5_rigid31_2_from1466000cy/rbc111_sim_2xKSin1_D_hct15_seed5_rigid31_2_from1466000cy.dat
shape =  (12, 990)
989
loading  /home/jasencakova/dataset/cells/priamy_kanal/sim_2xKSin1_D_hct15_seed5_rigid31_2_from1466000cy/rbc112_sim_2xKSin1_D_hct15_seed5_rigid31_2_from1466000cy.dat
shape =  (12, 990)
989
loading  /home/jasencakova/dataset/cells/priamy_kanal/sim_2xKSin1_D_hct15_seed5_rigid31_2_from1466000cy/rbc113_sim_2xKSin1_D_hct15_seed5_rigid31_2_from1466000cy.dat
shape =  (12, 990)
989
loading  /home/jasencakova/dataset/cells/priamy_kanal/sim_2xKSin1_D_hct15_seed5_rigid31_2_from1466000cy/rbc114_sim_2xKSin1_D_hct15_seed5_rigid31_2_from1466000cy.dat
shape =  (12, 990)
989
loading  /home/jasencakova/dataset/cells/priamy_kanal/sim_2xKSin1_D_hct15_seed5_rigid31_2_from1466000cy/rbc115_sim_2xKSin1_D_hct15_seed5_rigid31_2_from1466000cy.dat
shape =  (12, 990)
989
loading  /home/jasencakova/dataset/cells/priamy_kanal/sim_2xKSin1_D_hct15_seed5_rigid31_2_from1466000cy/rbc116_sim_2xKSin1_D_hct15_seed5_rigid31_2_from1466000cy.dat
shape =  (12, 990)
989
loading  /home/jasencakova/dataset/cells/priamy_kanal/sim_2xKSin1_D_hct15_seed5_rigid31_2_from1466000cy/rbc117_sim_2xKSin1_D_hct15_seed5_rigid31_2_from1466000cy.dat
shape =  (12, 990)
989
loading  /home/jasencakova/dataset/cells/priamy_kanal/sim_2xKSin1_D_hct15_seed5_rigid31_2_from1466000cy/rbc118_sim_2xKSin1_D_hct15_seed5_rigid31_2_from1466000cy.dat
shape =  (12, 990)
989
loading  /home/jasencakova/dataset/cells/priamy_kanal/sim_2xKSin1_D_hct15_seed5_rigid31_2_from1466000cy/rbc119_sim_2xKSin1_D_hct15_seed5_rigid31_2_from1466000cy.dat
shape =  (12, 989)
989
loading  /home/jasencakova/dataset/cells/priamy_kanal/sim_2xKSin1_D_hct15_seed5_rigid31_2_from1466000cy/rbc120_sim_2xKSin1_D_hct15_seed5_rigid31_2_from1466000cy.dat
shape =  (12, 989)
989
loading  /home/jasencakova/dataset/cells/priamy_kanal/sim_2xKSin1_D_hct15_seed5_rigid31_2_from1466000cy/rbc121_sim_2xKSin1_D_hct15_seed5_rigid31_2_from1466000cy.dat
shape =  (12, 989)
989
loading  /home/jasencakova/dataset/cells/priamy_kanal/sim_2xKSin1_D_hct15_seed5_rigid31_2_from1466000cy/rbc122_sim_2xKSin1_D_hct15_seed5_rigid31_2_from1466000cy.dat
shape =  (12, 989)
989
loading  /home/jasencakova/dataset/cells/priamy_kanal/sim_2xKSin1_D_hct15_seed5_rigid31_2_from1466000cy/rbc123_sim_2xKSin1_D_hct15_seed5_rigid31_2_from1466000cy.dat
shape =  (12, 989)
989
loading  /home/jasencakova/dataset/cells/priamy_kanal/sim_2xKSin1_D_hct15_seed5_rigid31_2_from1466000cy/rbc124_sim_2xKSin1_D_hct15_seed5_rigid31_2_from1466000cy.dat
shape =  (12, 989)
989
loading  /home/jasencakova/dataset/cells/priamy_kanal/sim_2xKSin1_D_hct15_seed5_rigid31_2_from1466000cy/rbc125_sim_2xKSin1_D_hct15_seed5_rigid31_2_from1466000cy.dat
shape =  (12, 989)
989
loading  /home/jasencakova/dataset/cells/priamy_kanal/sim_2xKSin1_D_hct15_seed5_rigid31_2_from1466000cy/rbc126_sim_2xKSin1_D_hct15_seed5_rigid31_2_from1466000cy.dat
shape =  (12, 989)
989
loading  /home/jasencakova/dataset/cells/priamy_kanal/sim_2xKSin1_D_hct15_seed5_rigid31_2_from1466000cy/rbc127_sim_2xKSin1_D_hct15_seed5_rigid31_2_from1466000cy.dat
shape =  (12, 989)
989
loading  /home/jasencakova/dataset/cells/priamy_kanal/sim_2xKSin1_D_hct15_seed5_rigid31_2_from1466000cy/rbc128_sim_2xKSin1_D_hct15_seed5_rigid31_2_from1466000cy.dat
shape =  (12, 989)
989
loading  /home/jasencakova/dataset/cells/priamy_kanal/sim_2xKSin1_D_hct15_seed5_rigid31_2_from1466000cy/rbc129_sim_2xKSin1_D_hct15_seed5_rigid31_2_from1466000cy.dat
shape =  (12, 989)
989
loading  /home/jasencakova/dataset/cells/priamy_kanal/sim_2xKSin1_D_hct15_seed5_rigid31_2_from1466000cy/rbc130_sim_2xKSin1_D_hct15_seed5_rigid31_2_from1466000cy.dat
shape =  (12, 989)
989
loading  /home/jasencakova/dataset/cells/priamy_kanal/sim_2xKSin1_D_hct15_seed5_rigid31_2_from1466000cy/rbc131_sim_2xKSin1_D_hct15_seed5_rigid31_2_from1466000cy.dat
shape =  (12, 989)
989
loading  /home/jasencakova/dataset/cells/priamy_kanal/sim_2xKSin1_D_hct15_seed5_rigid31_2_from1466000cy/rbc132_sim_2xKSin1_D_hct15_seed5_rigid31_2_from1466000cy.dat
shape =  (12, 989)
989
loading  /home/jasencakova/dataset/cells/priamy_kanal/sim_2xKSin1_D_hct15_seed5_rigid31_2_from1466000cy/rbc133_sim_2xKSin1_D_hct15_seed5_rigid31_2_from1466000cy.dat
shape =  (12, 989)
989
loading  /home/jasencakova/dataset/cells/priamy_kanal/sim_2xKSin1_D_hct15_seed5_rigid31_2_from1466000cy/rbc134_sim_2xKSin1_D_hct15_seed5_rigid31_2_from1466000cy.dat
shape =  (12, 989)
989
loading  /home/jasencakova/dataset/cells/priamy_kanal/sim_2xKSin1_D_hct15_seed5_rigid31_2_from1466000cy/rbc135_sim_2xKSin1_D_hct15_seed5_rigid31_2_from1466000cy.dat
shape =  (12, 989)
989
loading  /home/jasencakova/dataset/cells/priamy_kanal/sim_2xKSin1_D_hct15_seed5_rigid31_2_from1466000cy/rbc136_sim_2xKSin1_D_hct15_seed5_rigid31_2_from1466000cy.dat
shape =  (12, 989)
989
loading  /home/jasencakova/dataset/cells/priamy_kanal/sim_2xKSin1_D_hct15_seed5_rigid31_2_from1466000cy/rbc137_sim_2xKSin1_D_hct15_seed5_rigid31_2_from1466000cy.dat
shape =  (12, 989)
989
loading  /home/jasencakova/dataset/cells/priamy_kanal/sim_2xKSin1_D_hct15_seed5_rigid31_2_from1466000cy/rbc138_sim_2xKSin1_D_hct15_seed5_rigid31_2_from1466000cy.dat
shape =  (12, 989)
989
loading  /home/jasencakova/dataset/cells/priamy_kanal/sim_2xKSin1_D_hct15_seed5_rigid31_2_from1466000cy/rbc139_sim_2xKSin1_D_hct15_seed5_rigid31_2_from1466000cy.dat
shape =  (12, 989)
989
loading  /home/jasencakova/dataset/cells/priamy_kanal/sim_2xKSin1_D_hct15_seed5_rigid31_2_from1466000cy/rbc140_sim_2xKSin1_D_hct15_seed5_rigid31_2_from1466000cy.dat
shape =  (12, 989)
989
loading  /home/jasencakova/dataset/cells/priamy_kanal/sim_2xKSin1_D_hct15_seed5_rigid31_2_from1466000cy/rbc141_sim_2xKSin1_D_hct15_seed5_rigid31_2_from1466000cy.dat
shape =  (12, 989)
989
loading  /home/jasencakova/dataset/cells/priamy_kanal/sim_2xKSin1_D_hct15_seed5_rigid31_2_from1466000cy/rbc142_sim_2xKSin1_D_hct15_seed5_rigid31_2_from1466000cy.dat
shape =  (12, 989)
989
loading  /home/jasencakova/dataset/cells/priamy_kanal/sim_2xKSin1_D_hct15_seed5_rigid31_2_from1466000cy/rbc143_sim_2xKSin1_D_hct15_seed5_rigid31_2_from1466000cy.dat
shape =  (12, 989)
989
loading  /home/jasencakova/dataset/cells/priamy_kanal/sim_2xKSin1_D_hct15_seed5_rigid31_2_from1466000cy/rbc144_sim_2xKSin1_D_hct15_seed5_rigid31_2_from1466000cy.dat
shape =  (12, 989)
989
loading  /home/jasencakova/dataset/cells/priamy_kanal/sim_2xKSin1_D_hct15_seed5_rigid31_2_from1466000cy/rbc145_sim_2xKSin1_D_hct15_seed5_rigid31_2_from1466000cy.dat
shape =  (12, 989)
989
loading  /home/jasencakova/dataset/cells/priamy_kanal/sim_2xKSin1_D_hct15_seed5_rigid31_2_from1466000cy/rbc146_sim_2xKSin1_D_hct15_seed5_rigid31_2_from1466000cy.dat
shape =  (12, 989)
989
loading  /home/jasencakova/dataset/cells/priamy_kanal/sim_2xKSin1_D_hct15_seed5_rigid31_2_from1466000cy/rbc147_sim_2xKSin1_D_hct15_seed5_rigid31_2_from1466000cy.dat
shape =  (12, 989)
989
loading  /home/jasencakova/dataset/cells/priamy_kanal/sim_2xKSin1_D_hct15_seed5_rigid31_2_from1466000cy/rbc148_sim_2xKSin1_D_hct15_seed5_rigid31_2_from1466000cy.dat
shape =  (12, 989)
989
loading  /home/jasencakova/dataset/cells/priamy_kanal/sim_2xKSin1_D_hct15_seed5_rigid31_2_from1466000cy/rbc149_sim_2xKSin1_D_hct15_seed5_rigid31_2_from1466000cy.dat
shape =  (12, 989)
989
loading  /home/jasencakova/dataset/cells/priamy_kanal/sim_2xKSin1_D_hct15_seed5_rigid31_2_from1466000cy/rbc150_sim_2xKSin1_D_hct15_seed5_rigid31_2_from1466000cy.dat
shape =  (12, 989)
989
loading  /home/jasencakova/dataset/cells/priamy_kanal/sim_2xKSin1_D_hct15_seed5_rigid31_2_from1466000cy/rbc151_sim_2xKSin1_D_hct15_seed5_rigid31_2_from1466000cy.dat
shape =  (12, 989)
989
loading  /home/jasencakova/dataset/cells/priamy_kanal/sim_2xKSin1_D_hct15_seed5_rigid31_2_from1466000cy/rbc152_sim_2xKSin1_D_hct15_seed5_rigid31_2_from1466000cy.dat
shape =  (12, 989)
989
loading  /home/jasencakova/dataset/cells/priamy_kanal/sim_2xKSin1_D_hct15_seed5_rigid31_2_from1466000cy/rbc153_sim_2xKSin1_D_hct15_seed5_rigid31_2_from1466000cy.dat
shape =  (12, 989)
989
shortest_length =  989
data_shape      =  (154, 989, 12)



loading  /home/jasencakova/dataset/cells/priamy_kanal/sim_2xKSin1_D_hct15_seed4_rigid31_1_from1190000cy/rbc0_sim_2xKSin1_D_hct15_seed4_rigid31_1_from1190000cy.dat
shape =  (12, 698)
698
loading  /home/jasencakova/dataset/cells/priamy_kanal/sim_2xKSin1_D_hct15_seed4_rigid31_1_from1190000cy/rbc1_sim_2xKSin1_D_hct15_seed4_rigid31_1_from1190000cy.dat
shape =  (12, 698)
698
loading  /home/jasencakova/dataset/cells/priamy_kanal/sim_2xKSin1_D_hct15_seed4_rigid31_1_from1190000cy/rbc2_sim_2xKSin1_D_hct15_seed4_rigid31_1_from1190000cy.dat
shape =  (12, 698)
698
loading  /home/jasencakova/dataset/cells/priamy_kanal/sim_2xKSin1_D_hct15_seed4_rigid31_1_from1190000cy/rbc3_sim_2xKSin1_D_hct15_seed4_rigid31_1_from1190000cy.dat
shape =  (12, 698)
698
loading  /home/jasencakova/dataset/cells/priamy_kanal/sim_2xKSin1_D_hct15_seed4_rigid31_1_from1190000cy/rbc4_sim_2xKSin1_D_hct15_seed4_rigid31_1_from1190000cy.dat
shape =  (12, 698)
698
loading  /home/jasencakova/dataset/cells/priamy_kanal/sim_2xKSin1_D_hct15_seed4_rigid31_1_from1190000cy/rbc5_sim_2xKSin1_D_hct15_seed4_rigid31_1_from1190000cy.dat
shape =  (12, 698)
698
loading  /home/jasencakova/dataset/cells/priamy_kanal/sim_2xKSin1_D_hct15_seed4_rigid31_1_from1190000cy/rbc6_sim_2xKSin1_D_hct15_seed4_rigid31_1_from1190000cy.dat
shape =  (12, 698)
698
loading  /home/jasencakova/dataset/cells/priamy_kanal/sim_2xKSin1_D_hct15_seed4_rigid31_1_from1190000cy/rbc7_sim_2xKSin1_D_hct15_seed4_rigid31_1_from1190000cy.dat
shape =  (12, 698)
698
loading  /home/jasencakova/dataset/cells/priamy_kanal/sim_2xKSin1_D_hct15_seed4_rigid31_1_from1190000cy/rbc8_sim_2xKSin1_D_hct15_seed4_rigid31_1_from1190000cy.dat
shape =  (12, 698)
698
loading  /home/jasencakova/dataset/cells/priamy_kanal/sim_2xKSin1_D_hct15_seed4_rigid31_1_from1190000cy/rbc9_sim_2xKSin1_D_hct15_seed4_rigid31_1_from1190000cy.dat
shape =  (12, 698)
698
loading  /home/jasencakova/dataset/cells/priamy_kanal/sim_2xKSin1_D_hct15_seed4_rigid31_1_from1190000cy/rbc10_sim_2xKSin1_D_hct15_seed4_rigid31_1_from1190000cy.dat
shape =  (12, 698)
698
loading  /home/jasencakova/dataset/cells/priamy_kanal/sim_2xKSin1_D_hct15_seed4_rigid31_1_from1190000cy/rbc11_sim_2xKSin1_D_hct15_seed4_rigid31_1_from1190000cy.dat
shape =  (12, 698)
698
loading  /home/jasencakova/dataset/cells/priamy_kanal/sim_2xKSin1_D_hct15_seed4_rigid31_1_from1190000cy/rbc12_sim_2xKSin1_D_hct15_seed4_rigid31_1_from1190000cy.dat
shape =  (12, 698)
698
loading  /home/jasencakova/dataset/cells/priamy_kanal/sim_2xKSin1_D_hct15_seed4_rigid31_1_from1190000cy/rbc13_sim_2xKSin1_D_hct15_seed4_rigid31_1_from1190000cy.dat
shape =  (12, 698)
698
loading  /home/jasencakova/dataset/cells/priamy_kanal/sim_2xKSin1_D_hct15_seed4_rigid31_1_from1190000cy/rbc14_sim_2xKSin1_D_hct15_seed4_rigid31_1_from1190000cy.dat
shape =  (12, 698)
698
loading  /home/jasencakova/dataset/cells/priamy_kanal/sim_2xKSin1_D_hct15_seed4_rigid31_1_from1190000cy/rbc15_sim_2xKSin1_D_hct15_seed4_rigid31_1_from1190000cy.dat
shape =  (12, 698)
698
loading  /home/jasencakova/dataset/cells/priamy_kanal/sim_2xKSin1_D_hct15_seed4_rigid31_1_from1190000cy/rbc16_sim_2xKSin1_D_hct15_seed4_rigid31_1_from1190000cy.dat
shape =  (12, 698)
698
loading  /home/jasencakova/dataset/cells/priamy_kanal/sim_2xKSin1_D_hct15_seed4_rigid31_1_from1190000cy/rbc17_sim_2xKSin1_D_hct15_seed4_rigid31_1_from1190000cy.dat
shape =  (12, 698)
698
loading  /home/jasencakova/dataset/cells/priamy_kanal/sim_2xKSin1_D_hct15_seed4_rigid31_1_from1190000cy/rbc18_sim_2xKSin1_D_hct15_seed4_rigid31_1_from1190000cy.dat
shape =  (12, 698)
698
loading  /home/jasencakova/dataset/cells/priamy_kanal/sim_2xKSin1_D_hct15_seed4_rigid31_1_from1190000cy/rbc19_sim_2xKSin1_D_hct15_seed4_rigid31_1_from1190000cy.dat
shape =  (12, 698)
698
loading  /home/jasencakova/dataset/cells/priamy_kanal/sim_2xKSin1_D_hct15_seed4_rigid31_1_from1190000cy/rbc20_sim_2xKSin1_D_hct15_seed4_rigid31_1_from1190000cy.dat
shape =  (12, 698)
698
loading  /home/jasencakova/dataset/cells/priamy_kanal/sim_2xKSin1_D_hct15_seed4_rigid31_1_from1190000cy/rbc21_sim_2xKSin1_D_hct15_seed4_rigid31_1_from1190000cy.dat
shape =  (12, 698)
698
loading  /home/jasencakova/dataset/cells/priamy_kanal/sim_2xKSin1_D_hct15_seed4_rigid31_1_from1190000cy/rbc22_sim_2xKSin1_D_hct15_seed4_rigid31_1_from1190000cy.dat
shape =  (12, 698)
698
loading  /home/jasencakova/dataset/cells/priamy_kanal/sim_2xKSin1_D_hct15_seed4_rigid31_1_from1190000cy/rbc23_sim_2xKSin1_D_hct15_seed4_rigid31_1_from1190000cy.dat
shape =  (12, 698)
698
loading  /home/jasencakova/dataset/cells/priamy_kanal/sim_2xKSin1_D_hct15_seed4_rigid31_1_from1190000cy/rbc24_sim_2xKSin1_D_hct15_seed4_rigid31_1_from1190000cy.dat
shape =  (12, 698)
698
loading  /home/jasencakova/dataset/cells/priamy_kanal/sim_2xKSin1_D_hct15_seed4_rigid31_1_from1190000cy/rbc25_sim_2xKSin1_D_hct15_seed4_rigid31_1_from1190000cy.dat
shape =  (12, 698)
698
loading  /home/jasencakova/dataset/cells/priamy_kanal/sim_2xKSin1_D_hct15_seed4_rigid31_1_from1190000cy/rbc26_sim_2xKSin1_D_hct15_seed4_rigid31_1_from1190000cy.dat
shape =  (12, 698)
698
loading  /home/jasencakova/dataset/cells/priamy_kanal/sim_2xKSin1_D_hct15_seed4_rigid31_1_from1190000cy/rbc27_sim_2xKSin1_D_hct15_seed4_rigid31_1_from1190000cy.dat
shape =  (12, 698)
698
loading  /home/jasencakova/dataset/cells/priamy_kanal/sim_2xKSin1_D_hct15_seed4_rigid31_1_from1190000cy/rbc28_sim_2xKSin1_D_hct15_seed4_rigid31_1_from1190000cy.dat
shape =  (12, 698)
698
loading  /home/jasencakova/dataset/cells/priamy_kanal/sim_2xKSin1_D_hct15_seed4_rigid31_1_from1190000cy/rbc29_sim_2xKSin1_D_hct15_seed4_rigid31_1_from1190000cy.dat
shape =  (12, 698)
698
loading  /home/jasencakova/dataset/cells/priamy_kanal/sim_2xKSin1_D_hct15_seed4_rigid31_1_from1190000cy/rbc30_sim_2xKSin1_D_hct15_seed4_rigid31_1_from1190000cy.dat
shape =  (12, 698)
698
loading  /home/jasencakova/dataset/cells/priamy_kanal/sim_2xKSin1_D_hct15_seed4_rigid31_1_from1190000cy/rbc31_sim_2xKSin1_D_hct15_seed4_rigid31_1_from1190000cy.dat
shape =  (12, 698)
698
loading  /home/jasencakova/dataset/cells/priamy_kanal/sim_2xKSin1_D_hct15_seed4_rigid31_1_from1190000cy/rbc32_sim_2xKSin1_D_hct15_seed4_rigid31_1_from1190000cy.dat
shape =  (12, 698)
698
loading  /home/jasencakova/dataset/cells/priamy_kanal/sim_2xKSin1_D_hct15_seed4_rigid31_1_from1190000cy/rbc33_sim_2xKSin1_D_hct15_seed4_rigid31_1_from1190000cy.dat
shape =  (12, 698)
698
loading  /home/jasencakova/dataset/cells/priamy_kanal/sim_2xKSin1_D_hct15_seed4_rigid31_1_from1190000cy/rbc34_sim_2xKSin1_D_hct15_seed4_rigid31_1_from1190000cy.dat
shape =  (12, 698)
698
loading  /home/jasencakova/dataset/cells/priamy_kanal/sim_2xKSin1_D_hct15_seed4_rigid31_1_from1190000cy/rbc35_sim_2xKSin1_D_hct15_seed4_rigid31_1_from1190000cy.dat
shape =  (12, 698)
698
loading  /home/jasencakova/dataset/cells/priamy_kanal/sim_2xKSin1_D_hct15_seed4_rigid31_1_from1190000cy/rbc36_sim_2xKSin1_D_hct15_seed4_rigid31_1_from1190000cy.dat
shape =  (12, 698)
698
loading  /home/jasencakova/dataset/cells/priamy_kanal/sim_2xKSin1_D_hct15_seed4_rigid31_1_from1190000cy/rbc37_sim_2xKSin1_D_hct15_seed4_rigid31_1_from1190000cy.dat
shape =  (12, 698)
698
loading  /home/jasencakova/dataset/cells/priamy_kanal/sim_2xKSin1_D_hct15_seed4_rigid31_1_from1190000cy/rbc38_sim_2xKSin1_D_hct15_seed4_rigid31_1_from1190000cy.dat
shape =  (12, 698)
698
loading  /home/jasencakova/dataset/cells/priamy_kanal/sim_2xKSin1_D_hct15_seed4_rigid31_1_from1190000cy/rbc39_sim_2xKSin1_D_hct15_seed4_rigid31_1_from1190000cy.dat
shape =  (12, 698)
698
loading  /home/jasencakova/dataset/cells/priamy_kanal/sim_2xKSin1_D_hct15_seed4_rigid31_1_from1190000cy/rbc40_sim_2xKSin1_D_hct15_seed4_rigid31_1_from1190000cy.dat
shape =  (12, 698)
698
loading  /home/jasencakova/dataset/cells/priamy_kanal/sim_2xKSin1_D_hct15_seed4_rigid31_1_from1190000cy/rbc41_sim_2xKSin1_D_hct15_seed4_rigid31_1_from1190000cy.dat
shape =  (12, 698)
698
loading  /home/jasencakova/dataset/cells/priamy_kanal/sim_2xKSin1_D_hct15_seed4_rigid31_1_from1190000cy/rbc42_sim_2xKSin1_D_hct15_seed4_rigid31_1_from1190000cy.dat
shape =  (12, 698)
698
loading  /home/jasencakova/dataset/cells/priamy_kanal/sim_2xKSin1_D_hct15_seed4_rigid31_1_from1190000cy/rbc43_sim_2xKSin1_D_hct15_seed4_rigid31_1_from1190000cy.dat
shape =  (12, 698)
698
loading  /home/jasencakova/dataset/cells/priamy_kanal/sim_2xKSin1_D_hct15_seed4_rigid31_1_from1190000cy/rbc44_sim_2xKSin1_D_hct15_seed4_rigid31_1_from1190000cy.dat
shape =  (12, 698)
698
loading  /home/jasencakova/dataset/cells/priamy_kanal/sim_2xKSin1_D_hct15_seed4_rigid31_1_from1190000cy/rbc45_sim_2xKSin1_D_hct15_seed4_rigid31_1_from1190000cy.dat
shape =  (12, 698)
698
loading  /home/jasencakova/dataset/cells/priamy_kanal/sim_2xKSin1_D_hct15_seed4_rigid31_1_from1190000cy/rbc46_sim_2xKSin1_D_hct15_seed4_rigid31_1_from1190000cy.dat
shape =  (12, 698)
698
loading  /home/jasencakova/dataset/cells/priamy_kanal/sim_2xKSin1_D_hct15_seed4_rigid31_1_from1190000cy/rbc47_sim_2xKSin1_D_hct15_seed4_rigid31_1_from1190000cy.dat
shape =  (12, 698)
698
loading  /home/jasencakova/dataset/cells/priamy_kanal/sim_2xKSin1_D_hct15_seed4_rigid31_1_from1190000cy/rbc48_sim_2xKSin1_D_hct15_seed4_rigid31_1_from1190000cy.dat
shape =  (12, 698)
698
loading  /home/jasencakova/dataset/cells/priamy_kanal/sim_2xKSin1_D_hct15_seed4_rigid31_1_from1190000cy/rbc49_sim_2xKSin1_D_hct15_seed4_rigid31_1_from1190000cy.dat
shape =  (12, 698)
698
loading  /home/jasencakova/dataset/cells/priamy_kanal/sim_2xKSin1_D_hct15_seed4_rigid31_1_from1190000cy/rbc50_sim_2xKSin1_D_hct15_seed4_rigid31_1_from1190000cy.dat
shape =  (12, 698)
698
loading  /home/jasencakova/dataset/cells/priamy_kanal/sim_2xKSin1_D_hct15_seed4_rigid31_1_from1190000cy/rbc51_sim_2xKSin1_D_hct15_seed4_rigid31_1_from1190000cy.dat
shape =  (12, 698)
698
loading  /home/jasencakova/dataset/cells/priamy_kanal/sim_2xKSin1_D_hct15_seed4_rigid31_1_from1190000cy/rbc52_sim_2xKSin1_D_hct15_seed4_rigid31_1_from1190000cy.dat
shape =  (12, 698)
698
loading  /home/jasencakova/dataset/cells/priamy_kanal/sim_2xKSin1_D_hct15_seed4_rigid31_1_from1190000cy/rbc53_sim_2xKSin1_D_hct15_seed4_rigid31_1_from1190000cy.dat
shape =  (12, 698)
698
loading  /home/jasencakova/dataset/cells/priamy_kanal/sim_2xKSin1_D_hct15_seed4_rigid31_1_from1190000cy/rbc54_sim_2xKSin1_D_hct15_seed4_rigid31_1_from1190000cy.dat
shape =  (12, 698)
698
loading  /home/jasencakova/dataset/cells/priamy_kanal/sim_2xKSin1_D_hct15_seed4_rigid31_1_from1190000cy/rbc55_sim_2xKSin1_D_hct15_seed4_rigid31_1_from1190000cy.dat
shape =  (12, 698)
698
loading  /home/jasencakova/dataset/cells/priamy_kanal/sim_2xKSin1_D_hct15_seed4_rigid31_1_from1190000cy/rbc56_sim_2xKSin1_D_hct15_seed4_rigid31_1_from1190000cy.dat
shape =  (12, 698)
698
loading  /home/jasencakova/dataset/cells/priamy_kanal/sim_2xKSin1_D_hct15_seed4_rigid31_1_from1190000cy/rbc57_sim_2xKSin1_D_hct15_seed4_rigid31_1_from1190000cy.dat
shape =  (12, 698)
698
loading  /home/jasencakova/dataset/cells/priamy_kanal/sim_2xKSin1_D_hct15_seed4_rigid31_1_from1190000cy/rbc58_sim_2xKSin1_D_hct15_seed4_rigid31_1_from1190000cy.dat
shape =  (12, 698)
698
loading  /home/jasencakova/dataset/cells/priamy_kanal/sim_2xKSin1_D_hct15_seed4_rigid31_1_from1190000cy/rbc59_sim_2xKSin1_D_hct15_seed4_rigid31_1_from1190000cy.dat
shape =  (12, 698)
698
loading  /home/jasencakova/dataset/cells/priamy_kanal/sim_2xKSin1_D_hct15_seed4_rigid31_1_from1190000cy/rbc60_sim_2xKSin1_D_hct15_seed4_rigid31_1_from1190000cy.dat
shape =  (12, 698)
698
loading  /home/jasencakova/dataset/cells/priamy_kanal/sim_2xKSin1_D_hct15_seed4_rigid31_1_from1190000cy/rbc61_sim_2xKSin1_D_hct15_seed4_rigid31_1_from1190000cy.dat
shape =  (12, 698)
698
loading  /home/jasencakova/dataset/cells/priamy_kanal/sim_2xKSin1_D_hct15_seed4_rigid31_1_from1190000cy/rbc62_sim_2xKSin1_D_hct15_seed4_rigid31_1_from1190000cy.dat
shape =  (12, 698)
698
loading  /home/jasencakova/dataset/cells/priamy_kanal/sim_2xKSin1_D_hct15_seed4_rigid31_1_from1190000cy/rbc63_sim_2xKSin1_D_hct15_seed4_rigid31_1_from1190000cy.dat
shape =  (12, 698)
698
loading  /home/jasencakova/dataset/cells/priamy_kanal/sim_2xKSin1_D_hct15_seed4_rigid31_1_from1190000cy/rbc64_sim_2xKSin1_D_hct15_seed4_rigid31_1_from1190000cy.dat
shape =  (12, 698)
698
loading  /home/jasencakova/dataset/cells/priamy_kanal/sim_2xKSin1_D_hct15_seed4_rigid31_1_from1190000cy/rbc65_sim_2xKSin1_D_hct15_seed4_rigid31_1_from1190000cy.dat
shape =  (12, 698)
698
loading  /home/jasencakova/dataset/cells/priamy_kanal/sim_2xKSin1_D_hct15_seed4_rigid31_1_from1190000cy/rbc66_sim_2xKSin1_D_hct15_seed4_rigid31_1_from1190000cy.dat
shape =  (12, 698)
698
loading  /home/jasencakova/dataset/cells/priamy_kanal/sim_2xKSin1_D_hct15_seed4_rigid31_1_from1190000cy/rbc67_sim_2xKSin1_D_hct15_seed4_rigid31_1_from1190000cy.dat
shape =  (12, 698)
698
loading  /home/jasencakova/dataset/cells/priamy_kanal/sim_2xKSin1_D_hct15_seed4_rigid31_1_from1190000cy/rbc68_sim_2xKSin1_D_hct15_seed4_rigid31_1_from1190000cy.dat
shape =  (12, 698)
698
loading  /home/jasencakova/dataset/cells/priamy_kanal/sim_2xKSin1_D_hct15_seed4_rigid31_1_from1190000cy/rbc69_sim_2xKSin1_D_hct15_seed4_rigid31_1_from1190000cy.dat
shape =  (12, 698)
698
loading  /home/jasencakova/dataset/cells/priamy_kanal/sim_2xKSin1_D_hct15_seed4_rigid31_1_from1190000cy/rbc70_sim_2xKSin1_D_hct15_seed4_rigid31_1_from1190000cy.dat
shape =  (12, 698)
698
loading  /home/jasencakova/dataset/cells/priamy_kanal/sim_2xKSin1_D_hct15_seed4_rigid31_1_from1190000cy/rbc71_sim_2xKSin1_D_hct15_seed4_rigid31_1_from1190000cy.dat
shape =  (12, 698)
698
loading  /home/jasencakova/dataset/cells/priamy_kanal/sim_2xKSin1_D_hct15_seed4_rigid31_1_from1190000cy/rbc72_sim_2xKSin1_D_hct15_seed4_rigid31_1_from1190000cy.dat
shape =  (12, 698)
698
loading  /home/jasencakova/dataset/cells/priamy_kanal/sim_2xKSin1_D_hct15_seed4_rigid31_1_from1190000cy/rbc73_sim_2xKSin1_D_hct15_seed4_rigid31_1_from1190000cy.dat
shape =  (12, 698)
698
loading  /home/jasencakova/dataset/cells/priamy_kanal/sim_2xKSin1_D_hct15_seed4_rigid31_1_from1190000cy/rbc74_sim_2xKSin1_D_hct15_seed4_rigid31_1_from1190000cy.dat
shape =  (12, 698)
698
loading  /home/jasencakova/dataset/cells/priamy_kanal/sim_2xKSin1_D_hct15_seed4_rigid31_1_from1190000cy/rbc75_sim_2xKSin1_D_hct15_seed4_rigid31_1_from1190000cy.dat
shape =  (12, 698)
698
loading  /home/jasencakova/dataset/cells/priamy_kanal/sim_2xKSin1_D_hct15_seed4_rigid31_1_from1190000cy/rbc76_sim_2xKSin1_D_hct15_seed4_rigid31_1_from1190000cy.dat
shape =  (12, 698)
698
loading  /home/jasencakova/dataset/cells/priamy_kanal/sim_2xKSin1_D_hct15_seed4_rigid31_1_from1190000cy/rbc77_sim_2xKSin1_D_hct15_seed4_rigid31_1_from1190000cy.dat
shape =  (12, 698)
698
loading  /home/jasencakova/dataset/cells/priamy_kanal/sim_2xKSin1_D_hct15_seed4_rigid31_1_from1190000cy/rbc78_sim_2xKSin1_D_hct15_seed4_rigid31_1_from1190000cy.dat
shape =  (12, 698)
698
loading  /home/jasencakova/dataset/cells/priamy_kanal/sim_2xKSin1_D_hct15_seed4_rigid31_1_from1190000cy/rbc79_sim_2xKSin1_D_hct15_seed4_rigid31_1_from1190000cy.dat
shape =  (12, 698)
698
loading  /home/jasencakova/dataset/cells/priamy_kanal/sim_2xKSin1_D_hct15_seed4_rigid31_1_from1190000cy/rbc80_sim_2xKSin1_D_hct15_seed4_rigid31_1_from1190000cy.dat
shape =  (12, 698)
698
loading  /home/jasencakova/dataset/cells/priamy_kanal/sim_2xKSin1_D_hct15_seed4_rigid31_1_from1190000cy/rbc81_sim_2xKSin1_D_hct15_seed4_rigid31_1_from1190000cy.dat
shape =  (12, 698)
698
loading  /home/jasencakova/dataset/cells/priamy_kanal/sim_2xKSin1_D_hct15_seed4_rigid31_1_from1190000cy/rbc82_sim_2xKSin1_D_hct15_seed4_rigid31_1_from1190000cy.dat
shape =  (12, 698)
698
loading  /home/jasencakova/dataset/cells/priamy_kanal/sim_2xKSin1_D_hct15_seed4_rigid31_1_from1190000cy/rbc83_sim_2xKSin1_D_hct15_seed4_rigid31_1_from1190000cy.dat
shape =  (12, 698)
698
loading  /home/jasencakova/dataset/cells/priamy_kanal/sim_2xKSin1_D_hct15_seed4_rigid31_1_from1190000cy/rbc84_sim_2xKSin1_D_hct15_seed4_rigid31_1_from1190000cy.dat
shape =  (12, 698)
698
loading  /home/jasencakova/dataset/cells/priamy_kanal/sim_2xKSin1_D_hct15_seed4_rigid31_1_from1190000cy/rbc85_sim_2xKSin1_D_hct15_seed4_rigid31_1_from1190000cy.dat
shape =  (12, 698)
698
loading  /home/jasencakova/dataset/cells/priamy_kanal/sim_2xKSin1_D_hct15_seed4_rigid31_1_from1190000cy/rbc86_sim_2xKSin1_D_hct15_seed4_rigid31_1_from1190000cy.dat
shape =  (12, 698)
698
loading  /home/jasencakova/dataset/cells/priamy_kanal/sim_2xKSin1_D_hct15_seed4_rigid31_1_from1190000cy/rbc87_sim_2xKSin1_D_hct15_seed4_rigid31_1_from1190000cy.dat
shape =  (12, 698)
698
loading  /home/jasencakova/dataset/cells/priamy_kanal/sim_2xKSin1_D_hct15_seed4_rigid31_1_from1190000cy/rbc88_sim_2xKSin1_D_hct15_seed4_rigid31_1_from1190000cy.dat
shape =  (12, 698)
698
loading  /home/jasencakova/dataset/cells/priamy_kanal/sim_2xKSin1_D_hct15_seed4_rigid31_1_from1190000cy/rbc89_sim_2xKSin1_D_hct15_seed4_rigid31_1_from1190000cy.dat
shape =  (12, 698)
698
loading  /home/jasencakova/dataset/cells/priamy_kanal/sim_2xKSin1_D_hct15_seed4_rigid31_1_from1190000cy/rbc90_sim_2xKSin1_D_hct15_seed4_rigid31_1_from1190000cy.dat
shape =  (12, 698)
698
loading  /home/jasencakova/dataset/cells/priamy_kanal/sim_2xKSin1_D_hct15_seed4_rigid31_1_from1190000cy/rbc91_sim_2xKSin1_D_hct15_seed4_rigid31_1_from1190000cy.dat
shape =  (12, 698)
698
loading  /home/jasencakova/dataset/cells/priamy_kanal/sim_2xKSin1_D_hct15_seed4_rigid31_1_from1190000cy/rbc92_sim_2xKSin1_D_hct15_seed4_rigid31_1_from1190000cy.dat
shape =  (12, 698)
698
loading  /home/jasencakova/dataset/cells/priamy_kanal/sim_2xKSin1_D_hct15_seed4_rigid31_1_from1190000cy/rbc93_sim_2xKSin1_D_hct15_seed4_rigid31_1_from1190000cy.dat
shape =  (12, 698)
698
loading  /home/jasencakova/dataset/cells/priamy_kanal/sim_2xKSin1_D_hct15_seed4_rigid31_1_from1190000cy/rbc94_sim_2xKSin1_D_hct15_seed4_rigid31_1_from1190000cy.dat
shape =  (12, 698)
698
loading  /home/jasencakova/dataset/cells/priamy_kanal/sim_2xKSin1_D_hct15_seed4_rigid31_1_from1190000cy/rbc95_sim_2xKSin1_D_hct15_seed4_rigid31_1_from1190000cy.dat
shape =  (12, 698)
698
loading  /home/jasencakova/dataset/cells/priamy_kanal/sim_2xKSin1_D_hct15_seed4_rigid31_1_from1190000cy/rbc96_sim_2xKSin1_D_hct15_seed4_rigid31_1_from1190000cy.dat
shape =  (12, 698)
698
loading  /home/jasencakova/dataset/cells/priamy_kanal/sim_2xKSin1_D_hct15_seed4_rigid31_1_from1190000cy/rbc97_sim_2xKSin1_D_hct15_seed4_rigid31_1_from1190000cy.dat
shape =  (12, 698)
698
loading  /home/jasencakova/dataset/cells/priamy_kanal/sim_2xKSin1_D_hct15_seed4_rigid31_1_from1190000cy/rbc98_sim_2xKSin1_D_hct15_seed4_rigid31_1_from1190000cy.dat
shape =  (12, 698)
698
loading  /home/jasencakova/dataset/cells/priamy_kanal/sim_2xKSin1_D_hct15_seed4_rigid31_1_from1190000cy/rbc99_sim_2xKSin1_D_hct15_seed4_rigid31_1_from1190000cy.dat
shape =  (12, 698)
698
loading  /home/jasencakova/dataset/cells/priamy_kanal/sim_2xKSin1_D_hct15_seed4_rigid31_1_from1190000cy/rbc100_sim_2xKSin1_D_hct15_seed4_rigid31_1_from1190000cy.dat
shape =  (12, 698)
698
loading  /home/jasencakova/dataset/cells/priamy_kanal/sim_2xKSin1_D_hct15_seed4_rigid31_1_from1190000cy/rbc101_sim_2xKSin1_D_hct15_seed4_rigid31_1_from1190000cy.dat
shape =  (12, 698)
698
loading  /home/jasencakova/dataset/cells/priamy_kanal/sim_2xKSin1_D_hct15_seed4_rigid31_1_from1190000cy/rbc102_sim_2xKSin1_D_hct15_seed4_rigid31_1_from1190000cy.dat
shape =  (12, 698)
698
loading  /home/jasencakova/dataset/cells/priamy_kanal/sim_2xKSin1_D_hct15_seed4_rigid31_1_from1190000cy/rbc103_sim_2xKSin1_D_hct15_seed4_rigid31_1_from1190000cy.dat
shape =  (12, 698)
698
loading  /home/jasencakova/dataset/cells/priamy_kanal/sim_2xKSin1_D_hct15_seed4_rigid31_1_from1190000cy/rbc104_sim_2xKSin1_D_hct15_seed4_rigid31_1_from1190000cy.dat
shape =  (12, 698)
698
loading  /home/jasencakova/dataset/cells/priamy_kanal/sim_2xKSin1_D_hct15_seed4_rigid31_1_from1190000cy/rbc105_sim_2xKSin1_D_hct15_seed4_rigid31_1_from1190000cy.dat
shape =  (12, 698)
698
loading  /home/jasencakova/dataset/cells/priamy_kanal/sim_2xKSin1_D_hct15_seed4_rigid31_1_from1190000cy/rbc106_sim_2xKSin1_D_hct15_seed4_rigid31_1_from1190000cy.dat
shape =  (12, 698)
698
loading  /home/jasencakova/dataset/cells/priamy_kanal/sim_2xKSin1_D_hct15_seed4_rigid31_1_from1190000cy/rbc107_sim_2xKSin1_D_hct15_seed4_rigid31_1_from1190000cy.dat
shape =  (12, 698)
698
loading  /home/jasencakova/dataset/cells/priamy_kanal/sim_2xKSin1_D_hct15_seed4_rigid31_1_from1190000cy/rbc108_sim_2xKSin1_D_hct15_seed4_rigid31_1_from1190000cy.dat
shape =  (12, 698)
698
loading  /home/jasencakova/dataset/cells/priamy_kanal/sim_2xKSin1_D_hct15_seed4_rigid31_1_from1190000cy/rbc109_sim_2xKSin1_D_hct15_seed4_rigid31_1_from1190000cy.dat
shape =  (12, 698)
698
loading  /home/jasencakova/dataset/cells/priamy_kanal/sim_2xKSin1_D_hct15_seed4_rigid31_1_from1190000cy/rbc110_sim_2xKSin1_D_hct15_seed4_rigid31_1_from1190000cy.dat
shape =  (12, 698)
698
loading  /home/jasencakova/dataset/cells/priamy_kanal/sim_2xKSin1_D_hct15_seed4_rigid31_1_from1190000cy/rbc111_sim_2xKSin1_D_hct15_seed4_rigid31_1_from1190000cy.dat
shape =  (12, 698)
698
loading  /home/jasencakova/dataset/cells/priamy_kanal/sim_2xKSin1_D_hct15_seed4_rigid31_1_from1190000cy/rbc112_sim_2xKSin1_D_hct15_seed4_rigid31_1_from1190000cy.dat
shape =  (12, 698)
698
loading  /home/jasencakova/dataset/cells/priamy_kanal/sim_2xKSin1_D_hct15_seed4_rigid31_1_from1190000cy/rbc113_sim_2xKSin1_D_hct15_seed4_rigid31_1_from1190000cy.dat
shape =  (12, 698)
698
loading  /home/jasencakova/dataset/cells/priamy_kanal/sim_2xKSin1_D_hct15_seed4_rigid31_1_from1190000cy/rbc114_sim_2xKSin1_D_hct15_seed4_rigid31_1_from1190000cy.dat
shape =  (12, 698)
698
loading  /home/jasencakova/dataset/cells/priamy_kanal/sim_2xKSin1_D_hct15_seed4_rigid31_1_from1190000cy/rbc115_sim_2xKSin1_D_hct15_seed4_rigid31_1_from1190000cy.dat
shape =  (12, 698)
698
loading  /home/jasencakova/dataset/cells/priamy_kanal/sim_2xKSin1_D_hct15_seed4_rigid31_1_from1190000cy/rbc116_sim_2xKSin1_D_hct15_seed4_rigid31_1_from1190000cy.dat
shape =  (12, 698)
698
loading  /home/jasencakova/dataset/cells/priamy_kanal/sim_2xKSin1_D_hct15_seed4_rigid31_1_from1190000cy/rbc117_sim_2xKSin1_D_hct15_seed4_rigid31_1_from1190000cy.dat
shape =  (12, 698)
698
loading  /home/jasencakova/dataset/cells/priamy_kanal/sim_2xKSin1_D_hct15_seed4_rigid31_1_from1190000cy/rbc118_sim_2xKSin1_D_hct15_seed4_rigid31_1_from1190000cy.dat
shape =  (12, 698)
698
loading  /home/jasencakova/dataset/cells/priamy_kanal/sim_2xKSin1_D_hct15_seed4_rigid31_1_from1190000cy/rbc119_sim_2xKSin1_D_hct15_seed4_rigid31_1_from1190000cy.dat
shape =  (12, 698)
698
loading  /home/jasencakova/dataset/cells/priamy_kanal/sim_2xKSin1_D_hct15_seed4_rigid31_1_from1190000cy/rbc120_sim_2xKSin1_D_hct15_seed4_rigid31_1_from1190000cy.dat
shape =  (12, 698)
698
loading  /home/jasencakova/dataset/cells/priamy_kanal/sim_2xKSin1_D_hct15_seed4_rigid31_1_from1190000cy/rbc121_sim_2xKSin1_D_hct15_seed4_rigid31_1_from1190000cy.dat
shape =  (12, 698)
698
loading  /home/jasencakova/dataset/cells/priamy_kanal/sim_2xKSin1_D_hct15_seed4_rigid31_1_from1190000cy/rbc122_sim_2xKSin1_D_hct15_seed4_rigid31_1_from1190000cy.dat
shape =  (12, 698)
698
loading  /home/jasencakova/dataset/cells/priamy_kanal/sim_2xKSin1_D_hct15_seed4_rigid31_1_from1190000cy/rbc123_sim_2xKSin1_D_hct15_seed4_rigid31_1_from1190000cy.dat
shape =  (12, 698)
698
loading  /home/jasencakova/dataset/cells/priamy_kanal/sim_2xKSin1_D_hct15_seed4_rigid31_1_from1190000cy/rbc124_sim_2xKSin1_D_hct15_seed4_rigid31_1_from1190000cy.dat
shape =  (12, 698)
698
loading  /home/jasencakova/dataset/cells/priamy_kanal/sim_2xKSin1_D_hct15_seed4_rigid31_1_from1190000cy/rbc125_sim_2xKSin1_D_hct15_seed4_rigid31_1_from1190000cy.dat
shape =  (12, 698)
698
loading  /home/jasencakova/dataset/cells/priamy_kanal/sim_2xKSin1_D_hct15_seed4_rigid31_1_from1190000cy/rbc126_sim_2xKSin1_D_hct15_seed4_rigid31_1_from1190000cy.dat
shape =  (12, 698)
698
loading  /home/jasencakova/dataset/cells/priamy_kanal/sim_2xKSin1_D_hct15_seed4_rigid31_1_from1190000cy/rbc127_sim_2xKSin1_D_hct15_seed4_rigid31_1_from1190000cy.dat
shape =  (12, 698)
698
loading  /home/jasencakova/dataset/cells/priamy_kanal/sim_2xKSin1_D_hct15_seed4_rigid31_1_from1190000cy/rbc128_sim_2xKSin1_D_hct15_seed4_rigid31_1_from1190000cy.dat
shape =  (12, 698)
698
loading  /home/jasencakova/dataset/cells/priamy_kanal/sim_2xKSin1_D_hct15_seed4_rigid31_1_from1190000cy/rbc129_sim_2xKSin1_D_hct15_seed4_rigid31_1_from1190000cy.dat
shape =  (12, 698)
698
loading  /home/jasencakova/dataset/cells/priamy_kanal/sim_2xKSin1_D_hct15_seed4_rigid31_1_from1190000cy/rbc130_sim_2xKSin1_D_hct15_seed4_rigid31_1_from1190000cy.dat
shape =  (12, 698)
698
loading  /home/jasencakova/dataset/cells/priamy_kanal/sim_2xKSin1_D_hct15_seed4_rigid31_1_from1190000cy/rbc131_sim_2xKSin1_D_hct15_seed4_rigid31_1_from1190000cy.dat
shape =  (12, 698)
698
loading  /home/jasencakova/dataset/cells/priamy_kanal/sim_2xKSin1_D_hct15_seed4_rigid31_1_from1190000cy/rbc132_sim_2xKSin1_D_hct15_seed4_rigid31_1_from1190000cy.dat
shape =  (12, 698)
698
loading  /home/jasencakova/dataset/cells/priamy_kanal/sim_2xKSin1_D_hct15_seed4_rigid31_1_from1190000cy/rbc133_sim_2xKSin1_D_hct15_seed4_rigid31_1_from1190000cy.dat
shape =  (12, 698)
698
loading  /home/jasencakova/dataset/cells/priamy_kanal/sim_2xKSin1_D_hct15_seed4_rigid31_1_from1190000cy/rbc134_sim_2xKSin1_D_hct15_seed4_rigid31_1_from1190000cy.dat
shape =  (12, 698)
698
loading  /home/jasencakova/dataset/cells/priamy_kanal/sim_2xKSin1_D_hct15_seed4_rigid31_1_from1190000cy/rbc135_sim_2xKSin1_D_hct15_seed4_rigid31_1_from1190000cy.dat
shape =  (12, 698)
698
loading  /home/jasencakova/dataset/cells/priamy_kanal/sim_2xKSin1_D_hct15_seed4_rigid31_1_from1190000cy/rbc136_sim_2xKSin1_D_hct15_seed4_rigid31_1_from1190000cy.dat
shape =  (12, 698)
698
loading  /home/jasencakova/dataset/cells/priamy_kanal/sim_2xKSin1_D_hct15_seed4_rigid31_1_from1190000cy/rbc137_sim_2xKSin1_D_hct15_seed4_rigid31_1_from1190000cy.dat
shape =  (12, 698)
698
loading  /home/jasencakova/dataset/cells/priamy_kanal/sim_2xKSin1_D_hct15_seed4_rigid31_1_from1190000cy/rbc138_sim_2xKSin1_D_hct15_seed4_rigid31_1_from1190000cy.dat
shape =  (12, 698)
698
loading  /home/jasencakova/dataset/cells/priamy_kanal/sim_2xKSin1_D_hct15_seed4_rigid31_1_from1190000cy/rbc139_sim_2xKSin1_D_hct15_seed4_rigid31_1_from1190000cy.dat
shape =  (12, 698)
698
loading  /home/jasencakova/dataset/cells/priamy_kanal/sim_2xKSin1_D_hct15_seed4_rigid31_1_from1190000cy/rbc140_sim_2xKSin1_D_hct15_seed4_rigid31_1_from1190000cy.dat
shape =  (12, 698)
698
loading  /home/jasencakova/dataset/cells/priamy_kanal/sim_2xKSin1_D_hct15_seed4_rigid31_1_from1190000cy/rbc141_sim_2xKSin1_D_hct15_seed4_rigid31_1_from1190000cy.dat
shape =  (12, 698)
698
loading  /home/jasencakova/dataset/cells/priamy_kanal/sim_2xKSin1_D_hct15_seed4_rigid31_1_from1190000cy/rbc142_sim_2xKSin1_D_hct15_seed4_rigid31_1_from1190000cy.dat
shape =  (12, 698)
698
loading  /home/jasencakova/dataset/cells/priamy_kanal/sim_2xKSin1_D_hct15_seed4_rigid31_1_from1190000cy/rbc143_sim_2xKSin1_D_hct15_seed4_rigid31_1_from1190000cy.dat
shape =  (12, 698)
698
loading  /home/jasencakova/dataset/cells/priamy_kanal/sim_2xKSin1_D_hct15_seed4_rigid31_1_from1190000cy/rbc144_sim_2xKSin1_D_hct15_seed4_rigid31_1_from1190000cy.dat
shape =  (12, 698)
698
loading  /home/jasencakova/dataset/cells/priamy_kanal/sim_2xKSin1_D_hct15_seed4_rigid31_1_from1190000cy/rbc145_sim_2xKSin1_D_hct15_seed4_rigid31_1_from1190000cy.dat
shape =  (12, 698)
698
loading  /home/jasencakova/dataset/cells/priamy_kanal/sim_2xKSin1_D_hct15_seed4_rigid31_1_from1190000cy/rbc146_sim_2xKSin1_D_hct15_seed4_rigid31_1_from1190000cy.dat
shape =  (12, 698)
698
loading  /home/jasencakova/dataset/cells/priamy_kanal/sim_2xKSin1_D_hct15_seed4_rigid31_1_from1190000cy/rbc147_sim_2xKSin1_D_hct15_seed4_rigid31_1_from1190000cy.dat
shape =  (12, 698)
698
loading  /home/jasencakova/dataset/cells/priamy_kanal/sim_2xKSin1_D_hct15_seed4_rigid31_1_from1190000cy/rbc148_sim_2xKSin1_D_hct15_seed4_rigid31_1_from1190000cy.dat
shape =  (12, 698)
698
loading  /home/jasencakova/dataset/cells/priamy_kanal/sim_2xKSin1_D_hct15_seed4_rigid31_1_from1190000cy/rbc149_sim_2xKSin1_D_hct15_seed4_rigid31_1_from1190000cy.dat
shape =  (12, 698)
698
loading  /home/jasencakova/dataset/cells/priamy_kanal/sim_2xKSin1_D_hct15_seed4_rigid31_1_from1190000cy/rbc150_sim_2xKSin1_D_hct15_seed4_rigid31_1_from1190000cy.dat
shape =  (12, 698)
698
loading  /home/jasencakova/dataset/cells/priamy_kanal/sim_2xKSin1_D_hct15_seed4_rigid31_1_from1190000cy/rbc151_sim_2xKSin1_D_hct15_seed4_rigid31_1_from1190000cy.dat
shape =  (12, 698)
698
loading  /home/jasencakova/dataset/cells/priamy_kanal/sim_2xKSin1_D_hct15_seed4_rigid31_1_from1190000cy/rbc152_sim_2xKSin1_D_hct15_seed4_rigid31_1_from1190000cy.dat
shape =  (12, 698)
698
loading  /home/jasencakova/dataset/cells/priamy_kanal/sim_2xKSin1_D_hct15_seed4_rigid31_1_from1190000cy/rbc153_sim_2xKSin1_D_hct15_seed4_rigid31_1_from1190000cy.dat
shape =  (12, 698)
698
shortest_length =  698
data_shape      =  (154, 698, 12)








dataset summary : 

training_dats shape    =  (154, 989, 12)
testing_dats shape    =  (154, 698, 12)
training_count  =  15382906
testing_count   =  107492
channels_count  =  12
sequence_length =  128
classes_count   =   2
batch(32) tensor shape =  torch.Size([32, 12, 128]) torch.Size([32, 2])





model
Sequential(
  (0): Conv1d(12, 32, kernel_size=(3,), stride=(2,), padding=(1,))
  (1): ReLU()
  (2): Dropout(p=0.01, inplace=False)
  (3): Conv1d(32, 64, kernel_size=(3,), stride=(2,), padding=(1,))
  (4): ReLU()
  (5): Dropout(p=0.01, inplace=False)
  (6): Conv1d(64, 64, kernel_size=(3,), stride=(2,), padding=(1,))
  (7): ReLU()
  (8): Dropout(p=0.01, inplace=False)
  (9): Conv1d(64, 128, kernel_size=(3,), stride=(2,), padding=(1,))
  (10): ReLU()
  (11): Dropout(p=0.01, inplace=False)
  (12): Flatten()
  (13): Linear(in_features=1024, out_features=2, bias=True)
)



0 90.43307434681311 88.76395089285714 0.081788234 0.086332574 0.014917646 0.0122870775 93.91 





=================================================
new best net in 0
TRAINING result
accuracy   = 90.433 [%]
hit_count  = 13911356
miss_count = 1471684

class_accuracy = 98.876%   56.996%   


confusion_matrix = 
12143847	 1333606	 
138078	 1767509	 



TESTING result
accuracy   = 88.764 [%]
hit_count  = 95439
miss_count = 12081

class_accuracy = 99.9%   44.793%   


confusion_matrix = 
85705	 11996	 
85	 9734	 




1 95.14576442627725 96.2593005952381 0.04205011 0.032445766 0.011842215 0.0068716304 88.63 





=================================================
new best net in 1
TRAINING result
accuracy   = 95.146 [%]
hit_count  = 14636311
miss_count = 746729

class_accuracy = 99.652%   77.262%   


confusion_matrix = 
12244264	 703975	 
42754	 2392047	 



TESTING result
accuracy   = 96.259 [%]
hit_count  = 103498
miss_count = 4022

class_accuracy = 99.373%   83.835%   


confusion_matrix = 
85424	 3484	 
538	 18074	 




2 97.75211531660842 96.88802083333333 0.022945918 0.028441027 0.005985754 0.0059632454 83.83 





=================================================
new best net in 2
TRAINING result
accuracy   = 97.752 [%]
hit_count  = 15037247
miss_count = 345793

class_accuracy = 99.643%   90.252%   


confusion_matrix = 
12242048	 301890	 
43903	 2795199	 



TESTING result
accuracy   = 96.888 [%]
hit_count  = 104174
miss_count = 3346

class_accuracy = 99.303%   87.352%   


confusion_matrix = 
85182	 2749	 
597	 18992	 




3 99.20037911882177 97.28329613095238 0.012920011 0.026553633 0.0037149703 0.0055324426 80.29 





=================================================
new best net in 3
TRAINING result
accuracy   = 99.2 [%]
hit_count  = 15260034
miss_count = 123006

class_accuracy = 99.885%   96.487%   


confusion_matrix = 
12271203	 108832	 
14174	 2988831	 



TESTING result
accuracy   = 97.283 [%]
hit_count  = 104599
miss_count = 2921

class_accuracy = 99.409%   88.747%   


confusion_matrix = 
85561	 2413	 
508	 19038	 




4 99.80928997129305 97.49534970238095 0.006864108 0.022844201 0.0019929407 0.0054670153 79.38 





=================================================
new best net in 4
TRAINING result
accuracy   = 99.809 [%]
hit_count  = 15353703
miss_count = 29337

class_accuracy = 99.988%   99.1%   


confusion_matrix = 
12287710	 27853	 
1484	 3065993	 



TESTING result
accuracy   = 97.495 [%]
hit_count  = 104827
miss_count = 2693

class_accuracy = 99.792%   88.262%   


confusion_matrix = 
85909	 2515	 
178	 18918	 




5 99.97728017348976 99.09691220238095 0.0028980984 0.010396844 0.0012459493 0.0028299692 78.44 





=================================================
new best net in 5
TRAINING result
accuracy   = 99.977 [%]
hit_count  = 15379545
miss_count = 3495

class_accuracy = 99.999%   99.889%   


confusion_matrix = 
12287185	 3432	 
63	 3092360	 



TESTING result
accuracy   = 99.097 [%]
hit_count  = 106549
miss_count = 971

class_accuracy = 99.959%   95.654%   


confusion_matrix = 
85904	 937	 
34	 20645	 




6 99.99951895074055 99.74702380952381 0.0010215176 0.004855786 0.0003890693 0.0016504751 77.51 





=================================================
new best net in 6
TRAINING result
accuracy   = 100.0 [%]
hit_count  = 15382966
miss_count = 74

class_accuracy = 100.0%   99.998%   


confusion_matrix = 
12286942	 70	 
4	 3096024	 



TESTING result
accuracy   = 99.747 [%]
hit_count  = 107248
miss_count = 272

class_accuracy = 99.998%   98.738%   


confusion_matrix = 
85965	 271	 
1	 21283	 




7 99.99999349933434 99.92001488095238 0.00048420936 0.002802303 0.0001653368 0.0010777211 77.81 





=================================================
new best net in 7
TRAINING result
accuracy   = 100.0 [%]
hit_count  = 15383039
miss_count = 1

class_accuracy = 100.0%   100.0%   


confusion_matrix = 
12286806	 1	 
0	 3096233	 



TESTING result
accuracy   = 99.92 [%]
hit_count  = 107434
miss_count = 86

class_accuracy = 99.992%   99.629%   


confusion_matrix = 
85693	 80	 
6	 21741	 




8 99.99996749667166 99.99441964285714 0.00027070192 0.0015030983 0.00010514762 0.0006260928 78.3 





=================================================
new best net in 8
TRAINING result
accuracy   = 100.0 [%]
hit_count  = 15383035
miss_count = 5

class_accuracy = 100.0%   100.0%   


confusion_matrix = 
12283931	 5	 
0	 3099104	 



TESTING result
accuracy   = 99.994 [%]
hit_count  = 107514
miss_count = 6

class_accuracy = 99.998%   99.972%   


confusion_matrix = 
85847	 5	 
1	 21667	 




9 99.99998699866866 99.99906994047619 0.00016006686 0.000904566 8.3100706e-05 0.00046103817 78.63 





=================================================
new best net in 9
TRAINING result
accuracy   = 100.0 [%]
hit_count  = 15383038
miss_count = 2

class_accuracy = 100.0%   100.0%   


confusion_matrix = 
12284079	 1	 
1	 3098959	 



TESTING result
accuracy   = 99.999 [%]
hit_count  = 107519
miss_count = 1

class_accuracy = 99.999%   99.991%   


confusion_matrix = 
86031	 1	 
0	 21488	 




10 99.99995449534032 99.99534970238095 0.00010506027 0.00073431723 8.331334e-05 0.00038848043 78.82 

11 99.999960996006 100.0 7.215742e-05 0.000460845 6.579399e-05 0.0002526552 78.88 





=================================================
new best net in 11
TRAINING result
accuracy   = 100.0 [%]
hit_count  = 15383034
miss_count = 6

class_accuracy = 100.0%   100.0%   


confusion_matrix = 
12286493	 2	 
4	 3096541	 



TESTING result
accuracy   = 100.0 [%]
hit_count  = 107520
miss_count = 0

class_accuracy = 99.999%   99.995%   


confusion_matrix = 
85948	 0	 
0	 21572	 




12 99.999960996006 100.0 5.1665804e-05 0.00038487735 6.369555e-05 0.00021094535 78.82 

13 99.99999349933434 100.0 4.0995135e-05 0.0003700572 5.179058e-05 0.0002547881 78.66 

14 99.99998699866866 100.0 3.385538e-05 0.00035279698 4.978225e-05 0.00020870431 78.42 

15 99.99998699866866 100.0 2.9105606e-05 0.000339732 4.7200778e-05 0.00021844341 78.08 

16 99.99996749667166 99.99906994047619 2.4990904e-05 0.00039668096 4.367934e-05 0.0002638217 77.7 

17 99.99997399733732 100.0 2.252655e-05 0.00032031522 4.1759336e-05 0.00021991349 77.23 

18 99.99998699866866 100.0 1.9667277e-05 0.00025830936 3.5289697e-05 0.00016547884 76.71 

19 99.99998699866866 100.0 1.8375087e-05 0.00023945728 3.312739e-05 0.00015151864 76.14 

20 99.99998699866866 100.0 1.6896176e-05 0.0002500833 3.1263677e-05 0.00016588999 75.52 

21 100.0 100.0 1.5858053e-05 0.00022717167 2.9583323e-05 0.00017685235 74.87 

22 100.0 100.0 1.4947465e-05 0.00023272942 3.325682e-05 0.0001724261 74.18 

23 99.99996749667166 100.0 1.46139055e-05 0.00023107603 4.6526577e-05 0.0001584593 73.46 

24 100.0 100.0 1.4121034e-05 0.0002687552 3.060977e-05 0.00016681492 72.7 

25 99.99999349933434 100.0 1.2806048e-05 0.0002098179 2.194227e-05 0.00015083174 71.94 

26 99.99999349933434 100.0 1.2354905e-05 0.00022447776 2.4191992e-05 0.00015696589 71.14 

27 99.999980498003 100.0 1.2107442e-05 0.00020161574 2.7576905e-05 0.00014052707 70.33 

28 100.0 100.0 1.1380857e-05 0.0001958734 1.7025919e-05 0.00014266314 69.5 

29 99.999980498003 100.0 1.1510272e-05 0.00018446756 3.0544867e-05 0.00013242668 68.64 
