loading  /home/jasencakova/dataset/cells/priamy_kanal/sim_2xKSin1_D_hct15_seed4_rigid62_1/rbc0_sim_2xKSin1_D_hct15_seed4_rigid62_1.dat
shape =  (8, 189)
189
loading  /home/jasencakova/dataset/cells/priamy_kanal/sim_2xKSin1_D_hct15_seed4_rigid62_1/rbc1_sim_2xKSin1_D_hct15_seed4_rigid62_1.dat
shape =  (8, 189)
189
loading  /home/jasencakova/dataset/cells/priamy_kanal/sim_2xKSin1_D_hct15_seed4_rigid62_1/rbc2_sim_2xKSin1_D_hct15_seed4_rigid62_1.dat
shape =  (8, 189)
189
loading  /home/jasencakova/dataset/cells/priamy_kanal/sim_2xKSin1_D_hct15_seed4_rigid62_1/rbc3_sim_2xKSin1_D_hct15_seed4_rigid62_1.dat
shape =  (8, 189)
189
loading  /home/jasencakova/dataset/cells/priamy_kanal/sim_2xKSin1_D_hct15_seed4_rigid62_1/rbc4_sim_2xKSin1_D_hct15_seed4_rigid62_1.dat
shape =  (8, 189)
189
loading  /home/jasencakova/dataset/cells/priamy_kanal/sim_2xKSin1_D_hct15_seed4_rigid62_1/rbc5_sim_2xKSin1_D_hct15_seed4_rigid62_1.dat
shape =  (8, 189)
189
loading  /home/jasencakova/dataset/cells/priamy_kanal/sim_2xKSin1_D_hct15_seed4_rigid62_1/rbc6_sim_2xKSin1_D_hct15_seed4_rigid62_1.dat
shape =  (8, 189)
189
loading  /home/jasencakova/dataset/cells/priamy_kanal/sim_2xKSin1_D_hct15_seed4_rigid62_1/rbc7_sim_2xKSin1_D_hct15_seed4_rigid62_1.dat
shape =  (8, 189)
189
loading  /home/jasencakova/dataset/cells/priamy_kanal/sim_2xKSin1_D_hct15_seed4_rigid62_1/rbc8_sim_2xKSin1_D_hct15_seed4_rigid62_1.dat
shape =  (8, 189)
189
loading  /home/jasencakova/dataset/cells/priamy_kanal/sim_2xKSin1_D_hct15_seed4_rigid62_1/rbc9_sim_2xKSin1_D_hct15_seed4_rigid62_1.dat
shape =  (8, 189)
189
loading  /home/jasencakova/dataset/cells/priamy_kanal/sim_2xKSin1_D_hct15_seed4_rigid62_1/rbc10_sim_2xKSin1_D_hct15_seed4_rigid62_1.dat
shape =  (8, 189)
189
loading  /home/jasencakova/dataset/cells/priamy_kanal/sim_2xKSin1_D_hct15_seed4_rigid62_1/rbc11_sim_2xKSin1_D_hct15_seed4_rigid62_1.dat
shape =  (8, 189)
189
loading  /home/jasencakova/dataset/cells/priamy_kanal/sim_2xKSin1_D_hct15_seed4_rigid62_1/rbc12_sim_2xKSin1_D_hct15_seed4_rigid62_1.dat
shape =  (8, 189)
189
loading  /home/jasencakova/dataset/cells/priamy_kanal/sim_2xKSin1_D_hct15_seed4_rigid62_1/rbc13_sim_2xKSin1_D_hct15_seed4_rigid62_1.dat
shape =  (8, 189)
189
loading  /home/jasencakova/dataset/cells/priamy_kanal/sim_2xKSin1_D_hct15_seed4_rigid62_1/rbc14_sim_2xKSin1_D_hct15_seed4_rigid62_1.dat
shape =  (8, 189)
189
loading  /home/jasencakova/dataset/cells/priamy_kanal/sim_2xKSin1_D_hct15_seed4_rigid62_1/rbc15_sim_2xKSin1_D_hct15_seed4_rigid62_1.dat
shape =  (8, 189)
189
loading  /home/jasencakova/dataset/cells/priamy_kanal/sim_2xKSin1_D_hct15_seed4_rigid62_1/rbc16_sim_2xKSin1_D_hct15_seed4_rigid62_1.dat
shape =  (8, 189)
189
loading  /home/jasencakova/dataset/cells/priamy_kanal/sim_2xKSin1_D_hct15_seed4_rigid62_1/rbc17_sim_2xKSin1_D_hct15_seed4_rigid62_1.dat
shape =  (8, 189)
189
loading  /home/jasencakova/dataset/cells/priamy_kanal/sim_2xKSin1_D_hct15_seed4_rigid62_1/rbc18_sim_2xKSin1_D_hct15_seed4_rigid62_1.dat
shape =  (8, 189)
189
loading  /home/jasencakova/dataset/cells/priamy_kanal/sim_2xKSin1_D_hct15_seed4_rigid62_1/rbc19_sim_2xKSin1_D_hct15_seed4_rigid62_1.dat
shape =  (8, 189)
189
loading  /home/jasencakova/dataset/cells/priamy_kanal/sim_2xKSin1_D_hct15_seed4_rigid62_1/rbc20_sim_2xKSin1_D_hct15_seed4_rigid62_1.dat
shape =  (8, 189)
189
loading  /home/jasencakova/dataset/cells/priamy_kanal/sim_2xKSin1_D_hct15_seed4_rigid62_1/rbc21_sim_2xKSin1_D_hct15_seed4_rigid62_1.dat
shape =  (8, 189)
189
loading  /home/jasencakova/dataset/cells/priamy_kanal/sim_2xKSin1_D_hct15_seed4_rigid62_1/rbc22_sim_2xKSin1_D_hct15_seed4_rigid62_1.dat
shape =  (8, 189)
189
loading  /home/jasencakova/dataset/cells/priamy_kanal/sim_2xKSin1_D_hct15_seed4_rigid62_1/rbc23_sim_2xKSin1_D_hct15_seed4_rigid62_1.dat
shape =  (8, 189)
189
loading  /home/jasencakova/dataset/cells/priamy_kanal/sim_2xKSin1_D_hct15_seed4_rigid62_1/rbc24_sim_2xKSin1_D_hct15_seed4_rigid62_1.dat
shape =  (8, 189)
189
loading  /home/jasencakova/dataset/cells/priamy_kanal/sim_2xKSin1_D_hct15_seed4_rigid62_1/rbc25_sim_2xKSin1_D_hct15_seed4_rigid62_1.dat
shape =  (8, 189)
189
loading  /home/jasencakova/dataset/cells/priamy_kanal/sim_2xKSin1_D_hct15_seed4_rigid62_1/rbc26_sim_2xKSin1_D_hct15_seed4_rigid62_1.dat
shape =  (8, 189)
189
loading  /home/jasencakova/dataset/cells/priamy_kanal/sim_2xKSin1_D_hct15_seed4_rigid62_1/rbc27_sim_2xKSin1_D_hct15_seed4_rigid62_1.dat
shape =  (8, 189)
189
loading  /home/jasencakova/dataset/cells/priamy_kanal/sim_2xKSin1_D_hct15_seed4_rigid62_1/rbc28_sim_2xKSin1_D_hct15_seed4_rigid62_1.dat
shape =  (8, 189)
189
loading  /home/jasencakova/dataset/cells/priamy_kanal/sim_2xKSin1_D_hct15_seed4_rigid62_1/rbc29_sim_2xKSin1_D_hct15_seed4_rigid62_1.dat
shape =  (8, 189)
189
loading  /home/jasencakova/dataset/cells/priamy_kanal/sim_2xKSin1_D_hct15_seed4_rigid62_1/rbc30_sim_2xKSin1_D_hct15_seed4_rigid62_1.dat
shape =  (8, 189)
189
loading  /home/jasencakova/dataset/cells/priamy_kanal/sim_2xKSin1_D_hct15_seed4_rigid62_1/rbc31_sim_2xKSin1_D_hct15_seed4_rigid62_1.dat
shape =  (8, 189)
189
loading  /home/jasencakova/dataset/cells/priamy_kanal/sim_2xKSin1_D_hct15_seed4_rigid62_1/rbc32_sim_2xKSin1_D_hct15_seed4_rigid62_1.dat
shape =  (8, 189)
189
loading  /home/jasencakova/dataset/cells/priamy_kanal/sim_2xKSin1_D_hct15_seed4_rigid62_1/rbc33_sim_2xKSin1_D_hct15_seed4_rigid62_1.dat
shape =  (8, 189)
189
loading  /home/jasencakova/dataset/cells/priamy_kanal/sim_2xKSin1_D_hct15_seed4_rigid62_1/rbc34_sim_2xKSin1_D_hct15_seed4_rigid62_1.dat
shape =  (8, 189)
189
loading  /home/jasencakova/dataset/cells/priamy_kanal/sim_2xKSin1_D_hct15_seed4_rigid62_1/rbc35_sim_2xKSin1_D_hct15_seed4_rigid62_1.dat
shape =  (8, 189)
189
loading  /home/jasencakova/dataset/cells/priamy_kanal/sim_2xKSin1_D_hct15_seed4_rigid62_1/rbc36_sim_2xKSin1_D_hct15_seed4_rigid62_1.dat
shape =  (8, 189)
189
loading  /home/jasencakova/dataset/cells/priamy_kanal/sim_2xKSin1_D_hct15_seed4_rigid62_1/rbc37_sim_2xKSin1_D_hct15_seed4_rigid62_1.dat
shape =  (8, 189)
189
loading  /home/jasencakova/dataset/cells/priamy_kanal/sim_2xKSin1_D_hct15_seed4_rigid62_1/rbc38_sim_2xKSin1_D_hct15_seed4_rigid62_1.dat
shape =  (8, 189)
189
loading  /home/jasencakova/dataset/cells/priamy_kanal/sim_2xKSin1_D_hct15_seed4_rigid62_1/rbc39_sim_2xKSin1_D_hct15_seed4_rigid62_1.dat
shape =  (8, 189)
189
loading  /home/jasencakova/dataset/cells/priamy_kanal/sim_2xKSin1_D_hct15_seed4_rigid62_1/rbc40_sim_2xKSin1_D_hct15_seed4_rigid62_1.dat
shape =  (8, 189)
189
loading  /home/jasencakova/dataset/cells/priamy_kanal/sim_2xKSin1_D_hct15_seed4_rigid62_1/rbc41_sim_2xKSin1_D_hct15_seed4_rigid62_1.dat
shape =  (8, 189)
189
loading  /home/jasencakova/dataset/cells/priamy_kanal/sim_2xKSin1_D_hct15_seed4_rigid62_1/rbc42_sim_2xKSin1_D_hct15_seed4_rigid62_1.dat
shape =  (8, 189)
189
loading  /home/jasencakova/dataset/cells/priamy_kanal/sim_2xKSin1_D_hct15_seed4_rigid62_1/rbc43_sim_2xKSin1_D_hct15_seed4_rigid62_1.dat
shape =  (8, 189)
189
loading  /home/jasencakova/dataset/cells/priamy_kanal/sim_2xKSin1_D_hct15_seed4_rigid62_1/rbc44_sim_2xKSin1_D_hct15_seed4_rigid62_1.dat
shape =  (8, 189)
189
loading  /home/jasencakova/dataset/cells/priamy_kanal/sim_2xKSin1_D_hct15_seed4_rigid62_1/rbc45_sim_2xKSin1_D_hct15_seed4_rigid62_1.dat
shape =  (8, 189)
189
loading  /home/jasencakova/dataset/cells/priamy_kanal/sim_2xKSin1_D_hct15_seed4_rigid62_1/rbc46_sim_2xKSin1_D_hct15_seed4_rigid62_1.dat
shape =  (8, 189)
189
loading  /home/jasencakova/dataset/cells/priamy_kanal/sim_2xKSin1_D_hct15_seed4_rigid62_1/rbc47_sim_2xKSin1_D_hct15_seed4_rigid62_1.dat
shape =  (8, 189)
189
loading  /home/jasencakova/dataset/cells/priamy_kanal/sim_2xKSin1_D_hct15_seed4_rigid62_1/rbc48_sim_2xKSin1_D_hct15_seed4_rigid62_1.dat
shape =  (8, 189)
189
loading  /home/jasencakova/dataset/cells/priamy_kanal/sim_2xKSin1_D_hct15_seed4_rigid62_1/rbc49_sim_2xKSin1_D_hct15_seed4_rigid62_1.dat
shape =  (8, 189)
189
loading  /home/jasencakova/dataset/cells/priamy_kanal/sim_2xKSin1_D_hct15_seed4_rigid62_1/rbc50_sim_2xKSin1_D_hct15_seed4_rigid62_1.dat
shape =  (8, 189)
189
loading  /home/jasencakova/dataset/cells/priamy_kanal/sim_2xKSin1_D_hct15_seed4_rigid62_1/rbc51_sim_2xKSin1_D_hct15_seed4_rigid62_1.dat
shape =  (8, 189)
189
loading  /home/jasencakova/dataset/cells/priamy_kanal/sim_2xKSin1_D_hct15_seed4_rigid62_1/rbc52_sim_2xKSin1_D_hct15_seed4_rigid62_1.dat
shape =  (8, 189)
189
loading  /home/jasencakova/dataset/cells/priamy_kanal/sim_2xKSin1_D_hct15_seed4_rigid62_1/rbc53_sim_2xKSin1_D_hct15_seed4_rigid62_1.dat
shape =  (8, 189)
189
loading  /home/jasencakova/dataset/cells/priamy_kanal/sim_2xKSin1_D_hct15_seed4_rigid62_1/rbc54_sim_2xKSin1_D_hct15_seed4_rigid62_1.dat
shape =  (8, 189)
189
loading  /home/jasencakova/dataset/cells/priamy_kanal/sim_2xKSin1_D_hct15_seed4_rigid62_1/rbc55_sim_2xKSin1_D_hct15_seed4_rigid62_1.dat
shape =  (8, 189)
189
loading  /home/jasencakova/dataset/cells/priamy_kanal/sim_2xKSin1_D_hct15_seed4_rigid62_1/rbc56_sim_2xKSin1_D_hct15_seed4_rigid62_1.dat
shape =  (8, 189)
189
loading  /home/jasencakova/dataset/cells/priamy_kanal/sim_2xKSin1_D_hct15_seed4_rigid62_1/rbc57_sim_2xKSin1_D_hct15_seed4_rigid62_1.dat
shape =  (8, 189)
189
loading  /home/jasencakova/dataset/cells/priamy_kanal/sim_2xKSin1_D_hct15_seed4_rigid62_1/rbc58_sim_2xKSin1_D_hct15_seed4_rigid62_1.dat
shape =  (8, 189)
189
loading  /home/jasencakova/dataset/cells/priamy_kanal/sim_2xKSin1_D_hct15_seed4_rigid62_1/rbc59_sim_2xKSin1_D_hct15_seed4_rigid62_1.dat
shape =  (8, 189)
189
loading  /home/jasencakova/dataset/cells/priamy_kanal/sim_2xKSin1_D_hct15_seed4_rigid62_1/rbc60_sim_2xKSin1_D_hct15_seed4_rigid62_1.dat
shape =  (8, 189)
189
loading  /home/jasencakova/dataset/cells/priamy_kanal/sim_2xKSin1_D_hct15_seed4_rigid62_1/rbc61_sim_2xKSin1_D_hct15_seed4_rigid62_1.dat
shape =  (8, 189)
189
loading  /home/jasencakova/dataset/cells/priamy_kanal/sim_2xKSin1_D_hct15_seed4_rigid62_1/rbc62_sim_2xKSin1_D_hct15_seed4_rigid62_1.dat
shape =  (8, 189)
189
loading  /home/jasencakova/dataset/cells/priamy_kanal/sim_2xKSin1_D_hct15_seed4_rigid62_1/rbc63_sim_2xKSin1_D_hct15_seed4_rigid62_1.dat
shape =  (8, 189)
189
loading  /home/jasencakova/dataset/cells/priamy_kanal/sim_2xKSin1_D_hct15_seed4_rigid62_1/rbc64_sim_2xKSin1_D_hct15_seed4_rigid62_1.dat
shape =  (8, 189)
189
loading  /home/jasencakova/dataset/cells/priamy_kanal/sim_2xKSin1_D_hct15_seed4_rigid62_1/rbc65_sim_2xKSin1_D_hct15_seed4_rigid62_1.dat
shape =  (8, 189)
189
loading  /home/jasencakova/dataset/cells/priamy_kanal/sim_2xKSin1_D_hct15_seed4_rigid62_1/rbc66_sim_2xKSin1_D_hct15_seed4_rigid62_1.dat
shape =  (8, 189)
189
loading  /home/jasencakova/dataset/cells/priamy_kanal/sim_2xKSin1_D_hct15_seed4_rigid62_1/rbc67_sim_2xKSin1_D_hct15_seed4_rigid62_1.dat
shape =  (8, 189)
189
loading  /home/jasencakova/dataset/cells/priamy_kanal/sim_2xKSin1_D_hct15_seed4_rigid62_1/rbc68_sim_2xKSin1_D_hct15_seed4_rigid62_1.dat
shape =  (8, 189)
189
loading  /home/jasencakova/dataset/cells/priamy_kanal/sim_2xKSin1_D_hct15_seed4_rigid62_1/rbc69_sim_2xKSin1_D_hct15_seed4_rigid62_1.dat
shape =  (8, 189)
189
loading  /home/jasencakova/dataset/cells/priamy_kanal/sim_2xKSin1_D_hct15_seed4_rigid62_1/rbc70_sim_2xKSin1_D_hct15_seed4_rigid62_1.dat
shape =  (8, 189)
189
loading  /home/jasencakova/dataset/cells/priamy_kanal/sim_2xKSin1_D_hct15_seed4_rigid62_1/rbc71_sim_2xKSin1_D_hct15_seed4_rigid62_1.dat
shape =  (8, 189)
189
loading  /home/jasencakova/dataset/cells/priamy_kanal/sim_2xKSin1_D_hct15_seed4_rigid62_1/rbc72_sim_2xKSin1_D_hct15_seed4_rigid62_1.dat
shape =  (8, 189)
189
loading  /home/jasencakova/dataset/cells/priamy_kanal/sim_2xKSin1_D_hct15_seed4_rigid62_1/rbc73_sim_2xKSin1_D_hct15_seed4_rigid62_1.dat
shape =  (8, 189)
189
loading  /home/jasencakova/dataset/cells/priamy_kanal/sim_2xKSin1_D_hct15_seed4_rigid62_1/rbc74_sim_2xKSin1_D_hct15_seed4_rigid62_1.dat
shape =  (8, 189)
189
loading  /home/jasencakova/dataset/cells/priamy_kanal/sim_2xKSin1_D_hct15_seed4_rigid62_1/rbc75_sim_2xKSin1_D_hct15_seed4_rigid62_1.dat
shape =  (8, 189)
189
loading  /home/jasencakova/dataset/cells/priamy_kanal/sim_2xKSin1_D_hct15_seed4_rigid62_1/rbc76_sim_2xKSin1_D_hct15_seed4_rigid62_1.dat
shape =  (8, 189)
189
loading  /home/jasencakova/dataset/cells/priamy_kanal/sim_2xKSin1_D_hct15_seed4_rigid62_1/rbc77_sim_2xKSin1_D_hct15_seed4_rigid62_1.dat
shape =  (8, 189)
189
loading  /home/jasencakova/dataset/cells/priamy_kanal/sim_2xKSin1_D_hct15_seed4_rigid62_1/rbc78_sim_2xKSin1_D_hct15_seed4_rigid62_1.dat
shape =  (8, 189)
189
loading  /home/jasencakova/dataset/cells/priamy_kanal/sim_2xKSin1_D_hct15_seed4_rigid62_1/rbc79_sim_2xKSin1_D_hct15_seed4_rigid62_1.dat
shape =  (8, 189)
189
loading  /home/jasencakova/dataset/cells/priamy_kanal/sim_2xKSin1_D_hct15_seed4_rigid62_1/rbc80_sim_2xKSin1_D_hct15_seed4_rigid62_1.dat
shape =  (8, 189)
189
loading  /home/jasencakova/dataset/cells/priamy_kanal/sim_2xKSin1_D_hct15_seed4_rigid62_1/rbc81_sim_2xKSin1_D_hct15_seed4_rigid62_1.dat
shape =  (8, 189)
189
loading  /home/jasencakova/dataset/cells/priamy_kanal/sim_2xKSin1_D_hct15_seed4_rigid62_1/rbc82_sim_2xKSin1_D_hct15_seed4_rigid62_1.dat
shape =  (8, 189)
189
loading  /home/jasencakova/dataset/cells/priamy_kanal/sim_2xKSin1_D_hct15_seed4_rigid62_1/rbc83_sim_2xKSin1_D_hct15_seed4_rigid62_1.dat
shape =  (8, 189)
189
loading  /home/jasencakova/dataset/cells/priamy_kanal/sim_2xKSin1_D_hct15_seed4_rigid62_1/rbc84_sim_2xKSin1_D_hct15_seed4_rigid62_1.dat
shape =  (8, 189)
189
loading  /home/jasencakova/dataset/cells/priamy_kanal/sim_2xKSin1_D_hct15_seed4_rigid62_1/rbc85_sim_2xKSin1_D_hct15_seed4_rigid62_1.dat
shape =  (8, 189)
189
loading  /home/jasencakova/dataset/cells/priamy_kanal/sim_2xKSin1_D_hct15_seed4_rigid62_1/rbc86_sim_2xKSin1_D_hct15_seed4_rigid62_1.dat
shape =  (8, 189)
189
loading  /home/jasencakova/dataset/cells/priamy_kanal/sim_2xKSin1_D_hct15_seed4_rigid62_1/rbc87_sim_2xKSin1_D_hct15_seed4_rigid62_1.dat
shape =  (8, 189)
189
loading  /home/jasencakova/dataset/cells/priamy_kanal/sim_2xKSin1_D_hct15_seed4_rigid62_1/rbc88_sim_2xKSin1_D_hct15_seed4_rigid62_1.dat
shape =  (8, 189)
189
loading  /home/jasencakova/dataset/cells/priamy_kanal/sim_2xKSin1_D_hct15_seed4_rigid62_1/rbc89_sim_2xKSin1_D_hct15_seed4_rigid62_1.dat
shape =  (8, 189)
189
loading  /home/jasencakova/dataset/cells/priamy_kanal/sim_2xKSin1_D_hct15_seed4_rigid62_1/rbc90_sim_2xKSin1_D_hct15_seed4_rigid62_1.dat
shape =  (8, 189)
189
loading  /home/jasencakova/dataset/cells/priamy_kanal/sim_2xKSin1_D_hct15_seed4_rigid62_1/rbc91_sim_2xKSin1_D_hct15_seed4_rigid62_1.dat
shape =  (8, 189)
189
loading  /home/jasencakova/dataset/cells/priamy_kanal/sim_2xKSin1_D_hct15_seed4_rigid62_1/rbc92_sim_2xKSin1_D_hct15_seed4_rigid62_1.dat
shape =  (8, 189)
189
loading  /home/jasencakova/dataset/cells/priamy_kanal/sim_2xKSin1_D_hct15_seed4_rigid62_1/rbc93_sim_2xKSin1_D_hct15_seed4_rigid62_1.dat
shape =  (8, 189)
189
loading  /home/jasencakova/dataset/cells/priamy_kanal/sim_2xKSin1_D_hct15_seed4_rigid62_1/rbc94_sim_2xKSin1_D_hct15_seed4_rigid62_1.dat
shape =  (8, 189)
189
loading  /home/jasencakova/dataset/cells/priamy_kanal/sim_2xKSin1_D_hct15_seed4_rigid62_1/rbc95_sim_2xKSin1_D_hct15_seed4_rigid62_1.dat
shape =  (8, 189)
189
loading  /home/jasencakova/dataset/cells/priamy_kanal/sim_2xKSin1_D_hct15_seed4_rigid62_1/rbc96_sim_2xKSin1_D_hct15_seed4_rigid62_1.dat
shape =  (8, 189)
189
loading  /home/jasencakova/dataset/cells/priamy_kanal/sim_2xKSin1_D_hct15_seed4_rigid62_1/rbc97_sim_2xKSin1_D_hct15_seed4_rigid62_1.dat
shape =  (8, 189)
189
loading  /home/jasencakova/dataset/cells/priamy_kanal/sim_2xKSin1_D_hct15_seed4_rigid62_1/rbc98_sim_2xKSin1_D_hct15_seed4_rigid62_1.dat
shape =  (8, 189)
189
loading  /home/jasencakova/dataset/cells/priamy_kanal/sim_2xKSin1_D_hct15_seed4_rigid62_1/rbc99_sim_2xKSin1_D_hct15_seed4_rigid62_1.dat
shape =  (8, 189)
189
loading  /home/jasencakova/dataset/cells/priamy_kanal/sim_2xKSin1_D_hct15_seed4_rigid62_1/rbc100_sim_2xKSin1_D_hct15_seed4_rigid62_1.dat
shape =  (8, 189)
189
loading  /home/jasencakova/dataset/cells/priamy_kanal/sim_2xKSin1_D_hct15_seed4_rigid62_1/rbc101_sim_2xKSin1_D_hct15_seed4_rigid62_1.dat
shape =  (8, 189)
189
loading  /home/jasencakova/dataset/cells/priamy_kanal/sim_2xKSin1_D_hct15_seed4_rigid62_1/rbc102_sim_2xKSin1_D_hct15_seed4_rigid62_1.dat
shape =  (8, 189)
189
loading  /home/jasencakova/dataset/cells/priamy_kanal/sim_2xKSin1_D_hct15_seed4_rigid62_1/rbc103_sim_2xKSin1_D_hct15_seed4_rigid62_1.dat
shape =  (8, 189)
189
loading  /home/jasencakova/dataset/cells/priamy_kanal/sim_2xKSin1_D_hct15_seed4_rigid62_1/rbc104_sim_2xKSin1_D_hct15_seed4_rigid62_1.dat
shape =  (8, 189)
189
loading  /home/jasencakova/dataset/cells/priamy_kanal/sim_2xKSin1_D_hct15_seed4_rigid62_1/rbc105_sim_2xKSin1_D_hct15_seed4_rigid62_1.dat
shape =  (8, 189)
189
loading  /home/jasencakova/dataset/cells/priamy_kanal/sim_2xKSin1_D_hct15_seed4_rigid62_1/rbc106_sim_2xKSin1_D_hct15_seed4_rigid62_1.dat
shape =  (8, 189)
189
loading  /home/jasencakova/dataset/cells/priamy_kanal/sim_2xKSin1_D_hct15_seed4_rigid62_1/rbc107_sim_2xKSin1_D_hct15_seed4_rigid62_1.dat
shape =  (8, 189)
189
loading  /home/jasencakova/dataset/cells/priamy_kanal/sim_2xKSin1_D_hct15_seed4_rigid62_1/rbc108_sim_2xKSin1_D_hct15_seed4_rigid62_1.dat
shape =  (8, 189)
189
loading  /home/jasencakova/dataset/cells/priamy_kanal/sim_2xKSin1_D_hct15_seed4_rigid62_1/rbc109_sim_2xKSin1_D_hct15_seed4_rigid62_1.dat
shape =  (8, 189)
189
loading  /home/jasencakova/dataset/cells/priamy_kanal/sim_2xKSin1_D_hct15_seed4_rigid62_1/rbc110_sim_2xKSin1_D_hct15_seed4_rigid62_1.dat
shape =  (8, 189)
189
loading  /home/jasencakova/dataset/cells/priamy_kanal/sim_2xKSin1_D_hct15_seed4_rigid62_1/rbc111_sim_2xKSin1_D_hct15_seed4_rigid62_1.dat
shape =  (8, 189)
189
loading  /home/jasencakova/dataset/cells/priamy_kanal/sim_2xKSin1_D_hct15_seed4_rigid62_1/rbc112_sim_2xKSin1_D_hct15_seed4_rigid62_1.dat
shape =  (8, 189)
189
loading  /home/jasencakova/dataset/cells/priamy_kanal/sim_2xKSin1_D_hct15_seed4_rigid62_1/rbc113_sim_2xKSin1_D_hct15_seed4_rigid62_1.dat
shape =  (8, 189)
189
loading  /home/jasencakova/dataset/cells/priamy_kanal/sim_2xKSin1_D_hct15_seed4_rigid62_1/rbc114_sim_2xKSin1_D_hct15_seed4_rigid62_1.dat
shape =  (8, 189)
189
loading  /home/jasencakova/dataset/cells/priamy_kanal/sim_2xKSin1_D_hct15_seed4_rigid62_1/rbc115_sim_2xKSin1_D_hct15_seed4_rigid62_1.dat
shape =  (8, 189)
189
loading  /home/jasencakova/dataset/cells/priamy_kanal/sim_2xKSin1_D_hct15_seed4_rigid62_1/rbc116_sim_2xKSin1_D_hct15_seed4_rigid62_1.dat
shape =  (8, 189)
189
loading  /home/jasencakova/dataset/cells/priamy_kanal/sim_2xKSin1_D_hct15_seed4_rigid62_1/rbc117_sim_2xKSin1_D_hct15_seed4_rigid62_1.dat
shape =  (8, 189)
189
loading  /home/jasencakova/dataset/cells/priamy_kanal/sim_2xKSin1_D_hct15_seed4_rigid62_1/rbc118_sim_2xKSin1_D_hct15_seed4_rigid62_1.dat
shape =  (8, 189)
189
loading  /home/jasencakova/dataset/cells/priamy_kanal/sim_2xKSin1_D_hct15_seed4_rigid62_1/rbc119_sim_2xKSin1_D_hct15_seed4_rigid62_1.dat
shape =  (8, 189)
189
loading  /home/jasencakova/dataset/cells/priamy_kanal/sim_2xKSin1_D_hct15_seed4_rigid62_1/rbc120_sim_2xKSin1_D_hct15_seed4_rigid62_1.dat
shape =  (8, 189)
189
loading  /home/jasencakova/dataset/cells/priamy_kanal/sim_2xKSin1_D_hct15_seed4_rigid62_1/rbc121_sim_2xKSin1_D_hct15_seed4_rigid62_1.dat
shape =  (8, 189)
189
loading  /home/jasencakova/dataset/cells/priamy_kanal/sim_2xKSin1_D_hct15_seed4_rigid62_1/rbc122_sim_2xKSin1_D_hct15_seed4_rigid62_1.dat
shape =  (8, 189)
189
loading  /home/jasencakova/dataset/cells/priamy_kanal/sim_2xKSin1_D_hct15_seed4_rigid62_1/rbc123_sim_2xKSin1_D_hct15_seed4_rigid62_1.dat
shape =  (8, 189)
189
loading  /home/jasencakova/dataset/cells/priamy_kanal/sim_2xKSin1_D_hct15_seed4_rigid62_1/rbc124_sim_2xKSin1_D_hct15_seed4_rigid62_1.dat
shape =  (8, 189)
189
loading  /home/jasencakova/dataset/cells/priamy_kanal/sim_2xKSin1_D_hct15_seed4_rigid62_1/rbc125_sim_2xKSin1_D_hct15_seed4_rigid62_1.dat
shape =  (8, 189)
189
loading  /home/jasencakova/dataset/cells/priamy_kanal/sim_2xKSin1_D_hct15_seed4_rigid62_1/rbc126_sim_2xKSin1_D_hct15_seed4_rigid62_1.dat
shape =  (8, 189)
189
loading  /home/jasencakova/dataset/cells/priamy_kanal/sim_2xKSin1_D_hct15_seed4_rigid62_1/rbc127_sim_2xKSin1_D_hct15_seed4_rigid62_1.dat
shape =  (8, 189)
189
loading  /home/jasencakova/dataset/cells/priamy_kanal/sim_2xKSin1_D_hct15_seed4_rigid62_1/rbc128_sim_2xKSin1_D_hct15_seed4_rigid62_1.dat
shape =  (8, 189)
189
loading  /home/jasencakova/dataset/cells/priamy_kanal/sim_2xKSin1_D_hct15_seed4_rigid62_1/rbc129_sim_2xKSin1_D_hct15_seed4_rigid62_1.dat
shape =  (8, 189)
189
loading  /home/jasencakova/dataset/cells/priamy_kanal/sim_2xKSin1_D_hct15_seed4_rigid62_1/rbc130_sim_2xKSin1_D_hct15_seed4_rigid62_1.dat
shape =  (8, 189)
189
loading  /home/jasencakova/dataset/cells/priamy_kanal/sim_2xKSin1_D_hct15_seed4_rigid62_1/rbc131_sim_2xKSin1_D_hct15_seed4_rigid62_1.dat
shape =  (8, 189)
189
loading  /home/jasencakova/dataset/cells/priamy_kanal/sim_2xKSin1_D_hct15_seed4_rigid62_1/rbc132_sim_2xKSin1_D_hct15_seed4_rigid62_1.dat
shape =  (8, 189)
189
loading  /home/jasencakova/dataset/cells/priamy_kanal/sim_2xKSin1_D_hct15_seed4_rigid62_1/rbc133_sim_2xKSin1_D_hct15_seed4_rigid62_1.dat
shape =  (8, 189)
189
loading  /home/jasencakova/dataset/cells/priamy_kanal/sim_2xKSin1_D_hct15_seed4_rigid62_1/rbc134_sim_2xKSin1_D_hct15_seed4_rigid62_1.dat
shape =  (8, 189)
189
loading  /home/jasencakova/dataset/cells/priamy_kanal/sim_2xKSin1_D_hct15_seed4_rigid62_1/rbc135_sim_2xKSin1_D_hct15_seed4_rigid62_1.dat
shape =  (8, 189)
189
loading  /home/jasencakova/dataset/cells/priamy_kanal/sim_2xKSin1_D_hct15_seed4_rigid62_1/rbc136_sim_2xKSin1_D_hct15_seed4_rigid62_1.dat
shape =  (8, 189)
189
loading  /home/jasencakova/dataset/cells/priamy_kanal/sim_2xKSin1_D_hct15_seed4_rigid62_1/rbc137_sim_2xKSin1_D_hct15_seed4_rigid62_1.dat
shape =  (8, 189)
189
loading  /home/jasencakova/dataset/cells/priamy_kanal/sim_2xKSin1_D_hct15_seed4_rigid62_1/rbc138_sim_2xKSin1_D_hct15_seed4_rigid62_1.dat
shape =  (8, 189)
189
loading  /home/jasencakova/dataset/cells/priamy_kanal/sim_2xKSin1_D_hct15_seed4_rigid62_1/rbc139_sim_2xKSin1_D_hct15_seed4_rigid62_1.dat
shape =  (8, 189)
189
loading  /home/jasencakova/dataset/cells/priamy_kanal/sim_2xKSin1_D_hct15_seed4_rigid62_1/rbc140_sim_2xKSin1_D_hct15_seed4_rigid62_1.dat
shape =  (8, 189)
189
loading  /home/jasencakova/dataset/cells/priamy_kanal/sim_2xKSin1_D_hct15_seed4_rigid62_1/rbc141_sim_2xKSin1_D_hct15_seed4_rigid62_1.dat
shape =  (8, 189)
189
loading  /home/jasencakova/dataset/cells/priamy_kanal/sim_2xKSin1_D_hct15_seed4_rigid62_1/rbc142_sim_2xKSin1_D_hct15_seed4_rigid62_1.dat
shape =  (8, 189)
189
loading  /home/jasencakova/dataset/cells/priamy_kanal/sim_2xKSin1_D_hct15_seed4_rigid62_1/rbc143_sim_2xKSin1_D_hct15_seed4_rigid62_1.dat
shape =  (8, 189)
189
loading  /home/jasencakova/dataset/cells/priamy_kanal/sim_2xKSin1_D_hct15_seed4_rigid62_1/rbc144_sim_2xKSin1_D_hct15_seed4_rigid62_1.dat
shape =  (8, 189)
189
loading  /home/jasencakova/dataset/cells/priamy_kanal/sim_2xKSin1_D_hct15_seed4_rigid62_1/rbc145_sim_2xKSin1_D_hct15_seed4_rigid62_1.dat
shape =  (8, 189)
189
loading  /home/jasencakova/dataset/cells/priamy_kanal/sim_2xKSin1_D_hct15_seed4_rigid62_1/rbc146_sim_2xKSin1_D_hct15_seed4_rigid62_1.dat
shape =  (8, 189)
189
loading  /home/jasencakova/dataset/cells/priamy_kanal/sim_2xKSin1_D_hct15_seed4_rigid62_1/rbc147_sim_2xKSin1_D_hct15_seed4_rigid62_1.dat
shape =  (8, 189)
189
loading  /home/jasencakova/dataset/cells/priamy_kanal/sim_2xKSin1_D_hct15_seed4_rigid62_1/rbc148_sim_2xKSin1_D_hct15_seed4_rigid62_1.dat
shape =  (8, 189)
189
loading  /home/jasencakova/dataset/cells/priamy_kanal/sim_2xKSin1_D_hct15_seed4_rigid62_1/rbc149_sim_2xKSin1_D_hct15_seed4_rigid62_1.dat
shape =  (8, 189)
189
loading  /home/jasencakova/dataset/cells/priamy_kanal/sim_2xKSin1_D_hct15_seed4_rigid62_1/rbc150_sim_2xKSin1_D_hct15_seed4_rigid62_1.dat
shape =  (8, 189)
189
loading  /home/jasencakova/dataset/cells/priamy_kanal/sim_2xKSin1_D_hct15_seed4_rigid62_1/rbc151_sim_2xKSin1_D_hct15_seed4_rigid62_1.dat
shape =  (8, 189)
189
loading  /home/jasencakova/dataset/cells/priamy_kanal/sim_2xKSin1_D_hct15_seed4_rigid62_1/rbc152_sim_2xKSin1_D_hct15_seed4_rigid62_1.dat
shape =  (8, 189)
189
loading  /home/jasencakova/dataset/cells/priamy_kanal/sim_2xKSin1_D_hct15_seed4_rigid62_1/rbc153_sim_2xKSin1_D_hct15_seed4_rigid62_1.dat
shape =  (8, 189)
189
shortest_length =  189
data_shape      =  (154, 189, 8)



loading  /home/jasencakova/dataset/cells/priamy_kanal/sim_2xKSin1_D_hct15_seed4_rigid62_1_from376000cy/rbc0_sim_2xKSin1_D_hct15_seed4_rigid62_1_from376000cy.dat
shape =  (8, 717)
717
loading  /home/jasencakova/dataset/cells/priamy_kanal/sim_2xKSin1_D_hct15_seed4_rigid62_1_from376000cy/rbc1_sim_2xKSin1_D_hct15_seed4_rigid62_1_from376000cy.dat
shape =  (8, 717)
717
loading  /home/jasencakova/dataset/cells/priamy_kanal/sim_2xKSin1_D_hct15_seed4_rigid62_1_from376000cy/rbc2_sim_2xKSin1_D_hct15_seed4_rigid62_1_from376000cy.dat
shape =  (8, 717)
717
loading  /home/jasencakova/dataset/cells/priamy_kanal/sim_2xKSin1_D_hct15_seed4_rigid62_1_from376000cy/rbc3_sim_2xKSin1_D_hct15_seed4_rigid62_1_from376000cy.dat
shape =  (8, 717)
717
loading  /home/jasencakova/dataset/cells/priamy_kanal/sim_2xKSin1_D_hct15_seed4_rigid62_1_from376000cy/rbc4_sim_2xKSin1_D_hct15_seed4_rigid62_1_from376000cy.dat
shape =  (8, 717)
717
loading  /home/jasencakova/dataset/cells/priamy_kanal/sim_2xKSin1_D_hct15_seed4_rigid62_1_from376000cy/rbc5_sim_2xKSin1_D_hct15_seed4_rigid62_1_from376000cy.dat
shape =  (8, 717)
717
loading  /home/jasencakova/dataset/cells/priamy_kanal/sim_2xKSin1_D_hct15_seed4_rigid62_1_from376000cy/rbc6_sim_2xKSin1_D_hct15_seed4_rigid62_1_from376000cy.dat
shape =  (8, 717)
717
loading  /home/jasencakova/dataset/cells/priamy_kanal/sim_2xKSin1_D_hct15_seed4_rigid62_1_from376000cy/rbc7_sim_2xKSin1_D_hct15_seed4_rigid62_1_from376000cy.dat
shape =  (8, 717)
717
loading  /home/jasencakova/dataset/cells/priamy_kanal/sim_2xKSin1_D_hct15_seed4_rigid62_1_from376000cy/rbc8_sim_2xKSin1_D_hct15_seed4_rigid62_1_from376000cy.dat
shape =  (8, 717)
717
loading  /home/jasencakova/dataset/cells/priamy_kanal/sim_2xKSin1_D_hct15_seed4_rigid62_1_from376000cy/rbc9_sim_2xKSin1_D_hct15_seed4_rigid62_1_from376000cy.dat
shape =  (8, 717)
717
loading  /home/jasencakova/dataset/cells/priamy_kanal/sim_2xKSin1_D_hct15_seed4_rigid62_1_from376000cy/rbc10_sim_2xKSin1_D_hct15_seed4_rigid62_1_from376000cy.dat
shape =  (8, 717)
717
loading  /home/jasencakova/dataset/cells/priamy_kanal/sim_2xKSin1_D_hct15_seed4_rigid62_1_from376000cy/rbc11_sim_2xKSin1_D_hct15_seed4_rigid62_1_from376000cy.dat
shape =  (8, 717)
717
loading  /home/jasencakova/dataset/cells/priamy_kanal/sim_2xKSin1_D_hct15_seed4_rigid62_1_from376000cy/rbc12_sim_2xKSin1_D_hct15_seed4_rigid62_1_from376000cy.dat
shape =  (8, 717)
717
loading  /home/jasencakova/dataset/cells/priamy_kanal/sim_2xKSin1_D_hct15_seed4_rigid62_1_from376000cy/rbc13_sim_2xKSin1_D_hct15_seed4_rigid62_1_from376000cy.dat
shape =  (8, 717)
717
loading  /home/jasencakova/dataset/cells/priamy_kanal/sim_2xKSin1_D_hct15_seed4_rigid62_1_from376000cy/rbc14_sim_2xKSin1_D_hct15_seed4_rigid62_1_from376000cy.dat
shape =  (8, 717)
717
loading  /home/jasencakova/dataset/cells/priamy_kanal/sim_2xKSin1_D_hct15_seed4_rigid62_1_from376000cy/rbc15_sim_2xKSin1_D_hct15_seed4_rigid62_1_from376000cy.dat
shape =  (8, 717)
717
loading  /home/jasencakova/dataset/cells/priamy_kanal/sim_2xKSin1_D_hct15_seed4_rigid62_1_from376000cy/rbc16_sim_2xKSin1_D_hct15_seed4_rigid62_1_from376000cy.dat
shape =  (8, 717)
717
loading  /home/jasencakova/dataset/cells/priamy_kanal/sim_2xKSin1_D_hct15_seed4_rigid62_1_from376000cy/rbc17_sim_2xKSin1_D_hct15_seed4_rigid62_1_from376000cy.dat
shape =  (8, 717)
717
loading  /home/jasencakova/dataset/cells/priamy_kanal/sim_2xKSin1_D_hct15_seed4_rigid62_1_from376000cy/rbc18_sim_2xKSin1_D_hct15_seed4_rigid62_1_from376000cy.dat
shape =  (8, 717)
717
loading  /home/jasencakova/dataset/cells/priamy_kanal/sim_2xKSin1_D_hct15_seed4_rigid62_1_from376000cy/rbc19_sim_2xKSin1_D_hct15_seed4_rigid62_1_from376000cy.dat
shape =  (8, 717)
717
loading  /home/jasencakova/dataset/cells/priamy_kanal/sim_2xKSin1_D_hct15_seed4_rigid62_1_from376000cy/rbc20_sim_2xKSin1_D_hct15_seed4_rigid62_1_from376000cy.dat
shape =  (8, 717)
717
loading  /home/jasencakova/dataset/cells/priamy_kanal/sim_2xKSin1_D_hct15_seed4_rigid62_1_from376000cy/rbc21_sim_2xKSin1_D_hct15_seed4_rigid62_1_from376000cy.dat
shape =  (8, 717)
717
loading  /home/jasencakova/dataset/cells/priamy_kanal/sim_2xKSin1_D_hct15_seed4_rigid62_1_from376000cy/rbc22_sim_2xKSin1_D_hct15_seed4_rigid62_1_from376000cy.dat
shape =  (8, 717)
717
loading  /home/jasencakova/dataset/cells/priamy_kanal/sim_2xKSin1_D_hct15_seed4_rigid62_1_from376000cy/rbc23_sim_2xKSin1_D_hct15_seed4_rigid62_1_from376000cy.dat
shape =  (8, 717)
717
loading  /home/jasencakova/dataset/cells/priamy_kanal/sim_2xKSin1_D_hct15_seed4_rigid62_1_from376000cy/rbc24_sim_2xKSin1_D_hct15_seed4_rigid62_1_from376000cy.dat
shape =  (8, 717)
717
loading  /home/jasencakova/dataset/cells/priamy_kanal/sim_2xKSin1_D_hct15_seed4_rigid62_1_from376000cy/rbc25_sim_2xKSin1_D_hct15_seed4_rigid62_1_from376000cy.dat
shape =  (8, 717)
717
loading  /home/jasencakova/dataset/cells/priamy_kanal/sim_2xKSin1_D_hct15_seed4_rigid62_1_from376000cy/rbc26_sim_2xKSin1_D_hct15_seed4_rigid62_1_from376000cy.dat
shape =  (8, 717)
717
loading  /home/jasencakova/dataset/cells/priamy_kanal/sim_2xKSin1_D_hct15_seed4_rigid62_1_from376000cy/rbc27_sim_2xKSin1_D_hct15_seed4_rigid62_1_from376000cy.dat
shape =  (8, 717)
717
loading  /home/jasencakova/dataset/cells/priamy_kanal/sim_2xKSin1_D_hct15_seed4_rigid62_1_from376000cy/rbc28_sim_2xKSin1_D_hct15_seed4_rigid62_1_from376000cy.dat
shape =  (8, 717)
717
loading  /home/jasencakova/dataset/cells/priamy_kanal/sim_2xKSin1_D_hct15_seed4_rigid62_1_from376000cy/rbc29_sim_2xKSin1_D_hct15_seed4_rigid62_1_from376000cy.dat
shape =  (8, 717)
717
loading  /home/jasencakova/dataset/cells/priamy_kanal/sim_2xKSin1_D_hct15_seed4_rigid62_1_from376000cy/rbc30_sim_2xKSin1_D_hct15_seed4_rigid62_1_from376000cy.dat
shape =  (8, 717)
717
loading  /home/jasencakova/dataset/cells/priamy_kanal/sim_2xKSin1_D_hct15_seed4_rigid62_1_from376000cy/rbc31_sim_2xKSin1_D_hct15_seed4_rigid62_1_from376000cy.dat
shape =  (8, 717)
717
loading  /home/jasencakova/dataset/cells/priamy_kanal/sim_2xKSin1_D_hct15_seed4_rigid62_1_from376000cy/rbc32_sim_2xKSin1_D_hct15_seed4_rigid62_1_from376000cy.dat
shape =  (8, 717)
717
loading  /home/jasencakova/dataset/cells/priamy_kanal/sim_2xKSin1_D_hct15_seed4_rigid62_1_from376000cy/rbc33_sim_2xKSin1_D_hct15_seed4_rigid62_1_from376000cy.dat
shape =  (8, 717)
717
loading  /home/jasencakova/dataset/cells/priamy_kanal/sim_2xKSin1_D_hct15_seed4_rigid62_1_from376000cy/rbc34_sim_2xKSin1_D_hct15_seed4_rigid62_1_from376000cy.dat
shape =  (8, 717)
717
loading  /home/jasencakova/dataset/cells/priamy_kanal/sim_2xKSin1_D_hct15_seed4_rigid62_1_from376000cy/rbc35_sim_2xKSin1_D_hct15_seed4_rigid62_1_from376000cy.dat
shape =  (8, 717)
717
loading  /home/jasencakova/dataset/cells/priamy_kanal/sim_2xKSin1_D_hct15_seed4_rigid62_1_from376000cy/rbc36_sim_2xKSin1_D_hct15_seed4_rigid62_1_from376000cy.dat
shape =  (8, 717)
717
loading  /home/jasencakova/dataset/cells/priamy_kanal/sim_2xKSin1_D_hct15_seed4_rigid62_1_from376000cy/rbc37_sim_2xKSin1_D_hct15_seed4_rigid62_1_from376000cy.dat
shape =  (8, 717)
717
loading  /home/jasencakova/dataset/cells/priamy_kanal/sim_2xKSin1_D_hct15_seed4_rigid62_1_from376000cy/rbc38_sim_2xKSin1_D_hct15_seed4_rigid62_1_from376000cy.dat
shape =  (8, 717)
717
loading  /home/jasencakova/dataset/cells/priamy_kanal/sim_2xKSin1_D_hct15_seed4_rigid62_1_from376000cy/rbc39_sim_2xKSin1_D_hct15_seed4_rigid62_1_from376000cy.dat
shape =  (8, 717)
717
loading  /home/jasencakova/dataset/cells/priamy_kanal/sim_2xKSin1_D_hct15_seed4_rigid62_1_from376000cy/rbc40_sim_2xKSin1_D_hct15_seed4_rigid62_1_from376000cy.dat
shape =  (8, 717)
717
loading  /home/jasencakova/dataset/cells/priamy_kanal/sim_2xKSin1_D_hct15_seed4_rigid62_1_from376000cy/rbc41_sim_2xKSin1_D_hct15_seed4_rigid62_1_from376000cy.dat
shape =  (8, 717)
717
loading  /home/jasencakova/dataset/cells/priamy_kanal/sim_2xKSin1_D_hct15_seed4_rigid62_1_from376000cy/rbc42_sim_2xKSin1_D_hct15_seed4_rigid62_1_from376000cy.dat
shape =  (8, 717)
717
loading  /home/jasencakova/dataset/cells/priamy_kanal/sim_2xKSin1_D_hct15_seed4_rigid62_1_from376000cy/rbc43_sim_2xKSin1_D_hct15_seed4_rigid62_1_from376000cy.dat
shape =  (8, 717)
717
loading  /home/jasencakova/dataset/cells/priamy_kanal/sim_2xKSin1_D_hct15_seed4_rigid62_1_from376000cy/rbc44_sim_2xKSin1_D_hct15_seed4_rigid62_1_from376000cy.dat
shape =  (8, 717)
717
loading  /home/jasencakova/dataset/cells/priamy_kanal/sim_2xKSin1_D_hct15_seed4_rigid62_1_from376000cy/rbc45_sim_2xKSin1_D_hct15_seed4_rigid62_1_from376000cy.dat
shape =  (8, 717)
717
loading  /home/jasencakova/dataset/cells/priamy_kanal/sim_2xKSin1_D_hct15_seed4_rigid62_1_from376000cy/rbc46_sim_2xKSin1_D_hct15_seed4_rigid62_1_from376000cy.dat
shape =  (8, 717)
717
loading  /home/jasencakova/dataset/cells/priamy_kanal/sim_2xKSin1_D_hct15_seed4_rigid62_1_from376000cy/rbc47_sim_2xKSin1_D_hct15_seed4_rigid62_1_from376000cy.dat
shape =  (8, 717)
717
loading  /home/jasencakova/dataset/cells/priamy_kanal/sim_2xKSin1_D_hct15_seed4_rigid62_1_from376000cy/rbc48_sim_2xKSin1_D_hct15_seed4_rigid62_1_from376000cy.dat
shape =  (8, 717)
717
loading  /home/jasencakova/dataset/cells/priamy_kanal/sim_2xKSin1_D_hct15_seed4_rigid62_1_from376000cy/rbc49_sim_2xKSin1_D_hct15_seed4_rigid62_1_from376000cy.dat
shape =  (8, 717)
717
loading  /home/jasencakova/dataset/cells/priamy_kanal/sim_2xKSin1_D_hct15_seed4_rigid62_1_from376000cy/rbc50_sim_2xKSin1_D_hct15_seed4_rigid62_1_from376000cy.dat
shape =  (8, 717)
717
loading  /home/jasencakova/dataset/cells/priamy_kanal/sim_2xKSin1_D_hct15_seed4_rigid62_1_from376000cy/rbc51_sim_2xKSin1_D_hct15_seed4_rigid62_1_from376000cy.dat
shape =  (8, 717)
717
loading  /home/jasencakova/dataset/cells/priamy_kanal/sim_2xKSin1_D_hct15_seed4_rigid62_1_from376000cy/rbc52_sim_2xKSin1_D_hct15_seed4_rigid62_1_from376000cy.dat
shape =  (8, 717)
717
loading  /home/jasencakova/dataset/cells/priamy_kanal/sim_2xKSin1_D_hct15_seed4_rigid62_1_from376000cy/rbc53_sim_2xKSin1_D_hct15_seed4_rigid62_1_from376000cy.dat
shape =  (8, 717)
717
loading  /home/jasencakova/dataset/cells/priamy_kanal/sim_2xKSin1_D_hct15_seed4_rigid62_1_from376000cy/rbc54_sim_2xKSin1_D_hct15_seed4_rigid62_1_from376000cy.dat
shape =  (8, 717)
717
loading  /home/jasencakova/dataset/cells/priamy_kanal/sim_2xKSin1_D_hct15_seed4_rigid62_1_from376000cy/rbc55_sim_2xKSin1_D_hct15_seed4_rigid62_1_from376000cy.dat
shape =  (8, 717)
717
loading  /home/jasencakova/dataset/cells/priamy_kanal/sim_2xKSin1_D_hct15_seed4_rigid62_1_from376000cy/rbc56_sim_2xKSin1_D_hct15_seed4_rigid62_1_from376000cy.dat
shape =  (8, 717)
717
loading  /home/jasencakova/dataset/cells/priamy_kanal/sim_2xKSin1_D_hct15_seed4_rigid62_1_from376000cy/rbc57_sim_2xKSin1_D_hct15_seed4_rigid62_1_from376000cy.dat
shape =  (8, 717)
717
loading  /home/jasencakova/dataset/cells/priamy_kanal/sim_2xKSin1_D_hct15_seed4_rigid62_1_from376000cy/rbc58_sim_2xKSin1_D_hct15_seed4_rigid62_1_from376000cy.dat
shape =  (8, 717)
717
loading  /home/jasencakova/dataset/cells/priamy_kanal/sim_2xKSin1_D_hct15_seed4_rigid62_1_from376000cy/rbc59_sim_2xKSin1_D_hct15_seed4_rigid62_1_from376000cy.dat
shape =  (8, 717)
717
loading  /home/jasencakova/dataset/cells/priamy_kanal/sim_2xKSin1_D_hct15_seed4_rigid62_1_from376000cy/rbc60_sim_2xKSin1_D_hct15_seed4_rigid62_1_from376000cy.dat
shape =  (8, 717)
717
loading  /home/jasencakova/dataset/cells/priamy_kanal/sim_2xKSin1_D_hct15_seed4_rigid62_1_from376000cy/rbc61_sim_2xKSin1_D_hct15_seed4_rigid62_1_from376000cy.dat
shape =  (8, 717)
717
loading  /home/jasencakova/dataset/cells/priamy_kanal/sim_2xKSin1_D_hct15_seed4_rigid62_1_from376000cy/rbc62_sim_2xKSin1_D_hct15_seed4_rigid62_1_from376000cy.dat
shape =  (8, 717)
717
loading  /home/jasencakova/dataset/cells/priamy_kanal/sim_2xKSin1_D_hct15_seed4_rigid62_1_from376000cy/rbc63_sim_2xKSin1_D_hct15_seed4_rigid62_1_from376000cy.dat
shape =  (8, 717)
717
loading  /home/jasencakova/dataset/cells/priamy_kanal/sim_2xKSin1_D_hct15_seed4_rigid62_1_from376000cy/rbc64_sim_2xKSin1_D_hct15_seed4_rigid62_1_from376000cy.dat
shape =  (8, 717)
717
loading  /home/jasencakova/dataset/cells/priamy_kanal/sim_2xKSin1_D_hct15_seed4_rigid62_1_from376000cy/rbc65_sim_2xKSin1_D_hct15_seed4_rigid62_1_from376000cy.dat
shape =  (8, 717)
717
loading  /home/jasencakova/dataset/cells/priamy_kanal/sim_2xKSin1_D_hct15_seed4_rigid62_1_from376000cy/rbc66_sim_2xKSin1_D_hct15_seed4_rigid62_1_from376000cy.dat
shape =  (8, 717)
717
loading  /home/jasencakova/dataset/cells/priamy_kanal/sim_2xKSin1_D_hct15_seed4_rigid62_1_from376000cy/rbc67_sim_2xKSin1_D_hct15_seed4_rigid62_1_from376000cy.dat
shape =  (8, 717)
717
loading  /home/jasencakova/dataset/cells/priamy_kanal/sim_2xKSin1_D_hct15_seed4_rigid62_1_from376000cy/rbc68_sim_2xKSin1_D_hct15_seed4_rigid62_1_from376000cy.dat
shape =  (8, 717)
717
loading  /home/jasencakova/dataset/cells/priamy_kanal/sim_2xKSin1_D_hct15_seed4_rigid62_1_from376000cy/rbc69_sim_2xKSin1_D_hct15_seed4_rigid62_1_from376000cy.dat
shape =  (8, 717)
717
loading  /home/jasencakova/dataset/cells/priamy_kanal/sim_2xKSin1_D_hct15_seed4_rigid62_1_from376000cy/rbc70_sim_2xKSin1_D_hct15_seed4_rigid62_1_from376000cy.dat
shape =  (8, 717)
717
loading  /home/jasencakova/dataset/cells/priamy_kanal/sim_2xKSin1_D_hct15_seed4_rigid62_1_from376000cy/rbc71_sim_2xKSin1_D_hct15_seed4_rigid62_1_from376000cy.dat
shape =  (8, 717)
717
loading  /home/jasencakova/dataset/cells/priamy_kanal/sim_2xKSin1_D_hct15_seed4_rigid62_1_from376000cy/rbc72_sim_2xKSin1_D_hct15_seed4_rigid62_1_from376000cy.dat
shape =  (8, 717)
717
loading  /home/jasencakova/dataset/cells/priamy_kanal/sim_2xKSin1_D_hct15_seed4_rigid62_1_from376000cy/rbc73_sim_2xKSin1_D_hct15_seed4_rigid62_1_from376000cy.dat
shape =  (8, 717)
717
loading  /home/jasencakova/dataset/cells/priamy_kanal/sim_2xKSin1_D_hct15_seed4_rigid62_1_from376000cy/rbc74_sim_2xKSin1_D_hct15_seed4_rigid62_1_from376000cy.dat
shape =  (8, 717)
717
loading  /home/jasencakova/dataset/cells/priamy_kanal/sim_2xKSin1_D_hct15_seed4_rigid62_1_from376000cy/rbc75_sim_2xKSin1_D_hct15_seed4_rigid62_1_from376000cy.dat
shape =  (8, 717)
717
loading  /home/jasencakova/dataset/cells/priamy_kanal/sim_2xKSin1_D_hct15_seed4_rigid62_1_from376000cy/rbc76_sim_2xKSin1_D_hct15_seed4_rigid62_1_from376000cy.dat
shape =  (8, 717)
717
loading  /home/jasencakova/dataset/cells/priamy_kanal/sim_2xKSin1_D_hct15_seed4_rigid62_1_from376000cy/rbc77_sim_2xKSin1_D_hct15_seed4_rigid62_1_from376000cy.dat
shape =  (8, 717)
717
loading  /home/jasencakova/dataset/cells/priamy_kanal/sim_2xKSin1_D_hct15_seed4_rigid62_1_from376000cy/rbc78_sim_2xKSin1_D_hct15_seed4_rigid62_1_from376000cy.dat
shape =  (8, 717)
717
loading  /home/jasencakova/dataset/cells/priamy_kanal/sim_2xKSin1_D_hct15_seed4_rigid62_1_from376000cy/rbc79_sim_2xKSin1_D_hct15_seed4_rigid62_1_from376000cy.dat
shape =  (8, 717)
717
loading  /home/jasencakova/dataset/cells/priamy_kanal/sim_2xKSin1_D_hct15_seed4_rigid62_1_from376000cy/rbc80_sim_2xKSin1_D_hct15_seed4_rigid62_1_from376000cy.dat
shape =  (8, 717)
717
loading  /home/jasencakova/dataset/cells/priamy_kanal/sim_2xKSin1_D_hct15_seed4_rigid62_1_from376000cy/rbc81_sim_2xKSin1_D_hct15_seed4_rigid62_1_from376000cy.dat
shape =  (8, 717)
717
loading  /home/jasencakova/dataset/cells/priamy_kanal/sim_2xKSin1_D_hct15_seed4_rigid62_1_from376000cy/rbc82_sim_2xKSin1_D_hct15_seed4_rigid62_1_from376000cy.dat
shape =  (8, 717)
717
loading  /home/jasencakova/dataset/cells/priamy_kanal/sim_2xKSin1_D_hct15_seed4_rigid62_1_from376000cy/rbc83_sim_2xKSin1_D_hct15_seed4_rigid62_1_from376000cy.dat
shape =  (8, 717)
717
loading  /home/jasencakova/dataset/cells/priamy_kanal/sim_2xKSin1_D_hct15_seed4_rigid62_1_from376000cy/rbc84_sim_2xKSin1_D_hct15_seed4_rigid62_1_from376000cy.dat
shape =  (8, 717)
717
loading  /home/jasencakova/dataset/cells/priamy_kanal/sim_2xKSin1_D_hct15_seed4_rigid62_1_from376000cy/rbc85_sim_2xKSin1_D_hct15_seed4_rigid62_1_from376000cy.dat
shape =  (8, 717)
717
loading  /home/jasencakova/dataset/cells/priamy_kanal/sim_2xKSin1_D_hct15_seed4_rigid62_1_from376000cy/rbc86_sim_2xKSin1_D_hct15_seed4_rigid62_1_from376000cy.dat
shape =  (8, 717)
717
loading  /home/jasencakova/dataset/cells/priamy_kanal/sim_2xKSin1_D_hct15_seed4_rigid62_1_from376000cy/rbc87_sim_2xKSin1_D_hct15_seed4_rigid62_1_from376000cy.dat
shape =  (8, 717)
717
loading  /home/jasencakova/dataset/cells/priamy_kanal/sim_2xKSin1_D_hct15_seed4_rigid62_1_from376000cy/rbc88_sim_2xKSin1_D_hct15_seed4_rigid62_1_from376000cy.dat
shape =  (8, 717)
717
loading  /home/jasencakova/dataset/cells/priamy_kanal/sim_2xKSin1_D_hct15_seed4_rigid62_1_from376000cy/rbc89_sim_2xKSin1_D_hct15_seed4_rigid62_1_from376000cy.dat
shape =  (8, 717)
717
loading  /home/jasencakova/dataset/cells/priamy_kanal/sim_2xKSin1_D_hct15_seed4_rigid62_1_from376000cy/rbc90_sim_2xKSin1_D_hct15_seed4_rigid62_1_from376000cy.dat
shape =  (8, 717)
717
loading  /home/jasencakova/dataset/cells/priamy_kanal/sim_2xKSin1_D_hct15_seed4_rigid62_1_from376000cy/rbc91_sim_2xKSin1_D_hct15_seed4_rigid62_1_from376000cy.dat
shape =  (8, 717)
717
loading  /home/jasencakova/dataset/cells/priamy_kanal/sim_2xKSin1_D_hct15_seed4_rigid62_1_from376000cy/rbc92_sim_2xKSin1_D_hct15_seed4_rigid62_1_from376000cy.dat
shape =  (8, 717)
717
loading  /home/jasencakova/dataset/cells/priamy_kanal/sim_2xKSin1_D_hct15_seed4_rigid62_1_from376000cy/rbc93_sim_2xKSin1_D_hct15_seed4_rigid62_1_from376000cy.dat
shape =  (8, 717)
717
loading  /home/jasencakova/dataset/cells/priamy_kanal/sim_2xKSin1_D_hct15_seed4_rigid62_1_from376000cy/rbc94_sim_2xKSin1_D_hct15_seed4_rigid62_1_from376000cy.dat
shape =  (8, 717)
717
loading  /home/jasencakova/dataset/cells/priamy_kanal/sim_2xKSin1_D_hct15_seed4_rigid62_1_from376000cy/rbc95_sim_2xKSin1_D_hct15_seed4_rigid62_1_from376000cy.dat
shape =  (8, 717)
717
loading  /home/jasencakova/dataset/cells/priamy_kanal/sim_2xKSin1_D_hct15_seed4_rigid62_1_from376000cy/rbc96_sim_2xKSin1_D_hct15_seed4_rigid62_1_from376000cy.dat
shape =  (8, 717)
717
loading  /home/jasencakova/dataset/cells/priamy_kanal/sim_2xKSin1_D_hct15_seed4_rigid62_1_from376000cy/rbc97_sim_2xKSin1_D_hct15_seed4_rigid62_1_from376000cy.dat
shape =  (8, 717)
717
loading  /home/jasencakova/dataset/cells/priamy_kanal/sim_2xKSin1_D_hct15_seed4_rigid62_1_from376000cy/rbc98_sim_2xKSin1_D_hct15_seed4_rigid62_1_from376000cy.dat
shape =  (8, 717)
717
loading  /home/jasencakova/dataset/cells/priamy_kanal/sim_2xKSin1_D_hct15_seed4_rigid62_1_from376000cy/rbc99_sim_2xKSin1_D_hct15_seed4_rigid62_1_from376000cy.dat
shape =  (8, 717)
717
loading  /home/jasencakova/dataset/cells/priamy_kanal/sim_2xKSin1_D_hct15_seed4_rigid62_1_from376000cy/rbc100_sim_2xKSin1_D_hct15_seed4_rigid62_1_from376000cy.dat
shape =  (8, 717)
717
loading  /home/jasencakova/dataset/cells/priamy_kanal/sim_2xKSin1_D_hct15_seed4_rigid62_1_from376000cy/rbc101_sim_2xKSin1_D_hct15_seed4_rigid62_1_from376000cy.dat
shape =  (8, 717)
717
loading  /home/jasencakova/dataset/cells/priamy_kanal/sim_2xKSin1_D_hct15_seed4_rigid62_1_from376000cy/rbc102_sim_2xKSin1_D_hct15_seed4_rigid62_1_from376000cy.dat
shape =  (8, 717)
717
loading  /home/jasencakova/dataset/cells/priamy_kanal/sim_2xKSin1_D_hct15_seed4_rigid62_1_from376000cy/rbc103_sim_2xKSin1_D_hct15_seed4_rigid62_1_from376000cy.dat
shape =  (8, 717)
717
loading  /home/jasencakova/dataset/cells/priamy_kanal/sim_2xKSin1_D_hct15_seed4_rigid62_1_from376000cy/rbc104_sim_2xKSin1_D_hct15_seed4_rigid62_1_from376000cy.dat
shape =  (8, 717)
717
loading  /home/jasencakova/dataset/cells/priamy_kanal/sim_2xKSin1_D_hct15_seed4_rigid62_1_from376000cy/rbc105_sim_2xKSin1_D_hct15_seed4_rigid62_1_from376000cy.dat
shape =  (8, 717)
717
loading  /home/jasencakova/dataset/cells/priamy_kanal/sim_2xKSin1_D_hct15_seed4_rigid62_1_from376000cy/rbc106_sim_2xKSin1_D_hct15_seed4_rigid62_1_from376000cy.dat
shape =  (8, 717)
717
loading  /home/jasencakova/dataset/cells/priamy_kanal/sim_2xKSin1_D_hct15_seed4_rigid62_1_from376000cy/rbc107_sim_2xKSin1_D_hct15_seed4_rigid62_1_from376000cy.dat
shape =  (8, 717)
717
loading  /home/jasencakova/dataset/cells/priamy_kanal/sim_2xKSin1_D_hct15_seed4_rigid62_1_from376000cy/rbc108_sim_2xKSin1_D_hct15_seed4_rigid62_1_from376000cy.dat
shape =  (8, 717)
717
loading  /home/jasencakova/dataset/cells/priamy_kanal/sim_2xKSin1_D_hct15_seed4_rigid62_1_from376000cy/rbc109_sim_2xKSin1_D_hct15_seed4_rigid62_1_from376000cy.dat
shape =  (8, 717)
717
loading  /home/jasencakova/dataset/cells/priamy_kanal/sim_2xKSin1_D_hct15_seed4_rigid62_1_from376000cy/rbc110_sim_2xKSin1_D_hct15_seed4_rigid62_1_from376000cy.dat
shape =  (8, 717)
717
loading  /home/jasencakova/dataset/cells/priamy_kanal/sim_2xKSin1_D_hct15_seed4_rigid62_1_from376000cy/rbc111_sim_2xKSin1_D_hct15_seed4_rigid62_1_from376000cy.dat
shape =  (8, 717)
717
loading  /home/jasencakova/dataset/cells/priamy_kanal/sim_2xKSin1_D_hct15_seed4_rigid62_1_from376000cy/rbc112_sim_2xKSin1_D_hct15_seed4_rigid62_1_from376000cy.dat
shape =  (8, 717)
717
loading  /home/jasencakova/dataset/cells/priamy_kanal/sim_2xKSin1_D_hct15_seed4_rigid62_1_from376000cy/rbc113_sim_2xKSin1_D_hct15_seed4_rigid62_1_from376000cy.dat
shape =  (8, 717)
717
loading  /home/jasencakova/dataset/cells/priamy_kanal/sim_2xKSin1_D_hct15_seed4_rigid62_1_from376000cy/rbc114_sim_2xKSin1_D_hct15_seed4_rigid62_1_from376000cy.dat
shape =  (8, 717)
717
loading  /home/jasencakova/dataset/cells/priamy_kanal/sim_2xKSin1_D_hct15_seed4_rigid62_1_from376000cy/rbc115_sim_2xKSin1_D_hct15_seed4_rigid62_1_from376000cy.dat
shape =  (8, 717)
717
loading  /home/jasencakova/dataset/cells/priamy_kanal/sim_2xKSin1_D_hct15_seed4_rigid62_1_from376000cy/rbc116_sim_2xKSin1_D_hct15_seed4_rigid62_1_from376000cy.dat
shape =  (8, 717)
717
loading  /home/jasencakova/dataset/cells/priamy_kanal/sim_2xKSin1_D_hct15_seed4_rigid62_1_from376000cy/rbc117_sim_2xKSin1_D_hct15_seed4_rigid62_1_from376000cy.dat
shape =  (8, 717)
717
loading  /home/jasencakova/dataset/cells/priamy_kanal/sim_2xKSin1_D_hct15_seed4_rigid62_1_from376000cy/rbc118_sim_2xKSin1_D_hct15_seed4_rigid62_1_from376000cy.dat
shape =  (8, 717)
717
loading  /home/jasencakova/dataset/cells/priamy_kanal/sim_2xKSin1_D_hct15_seed4_rigid62_1_from376000cy/rbc119_sim_2xKSin1_D_hct15_seed4_rigid62_1_from376000cy.dat
shape =  (8, 717)
717
loading  /home/jasencakova/dataset/cells/priamy_kanal/sim_2xKSin1_D_hct15_seed4_rigid62_1_from376000cy/rbc120_sim_2xKSin1_D_hct15_seed4_rigid62_1_from376000cy.dat
shape =  (8, 717)
717
loading  /home/jasencakova/dataset/cells/priamy_kanal/sim_2xKSin1_D_hct15_seed4_rigid62_1_from376000cy/rbc121_sim_2xKSin1_D_hct15_seed4_rigid62_1_from376000cy.dat
shape =  (8, 717)
717
loading  /home/jasencakova/dataset/cells/priamy_kanal/sim_2xKSin1_D_hct15_seed4_rigid62_1_from376000cy/rbc122_sim_2xKSin1_D_hct15_seed4_rigid62_1_from376000cy.dat
shape =  (8, 717)
717
loading  /home/jasencakova/dataset/cells/priamy_kanal/sim_2xKSin1_D_hct15_seed4_rigid62_1_from376000cy/rbc123_sim_2xKSin1_D_hct15_seed4_rigid62_1_from376000cy.dat
shape =  (8, 717)
717
loading  /home/jasencakova/dataset/cells/priamy_kanal/sim_2xKSin1_D_hct15_seed4_rigid62_1_from376000cy/rbc124_sim_2xKSin1_D_hct15_seed4_rigid62_1_from376000cy.dat
shape =  (8, 717)
717
loading  /home/jasencakova/dataset/cells/priamy_kanal/sim_2xKSin1_D_hct15_seed4_rigid62_1_from376000cy/rbc125_sim_2xKSin1_D_hct15_seed4_rigid62_1_from376000cy.dat
shape =  (8, 717)
717
loading  /home/jasencakova/dataset/cells/priamy_kanal/sim_2xKSin1_D_hct15_seed4_rigid62_1_from376000cy/rbc126_sim_2xKSin1_D_hct15_seed4_rigid62_1_from376000cy.dat
shape =  (8, 717)
717
loading  /home/jasencakova/dataset/cells/priamy_kanal/sim_2xKSin1_D_hct15_seed4_rigid62_1_from376000cy/rbc127_sim_2xKSin1_D_hct15_seed4_rigid62_1_from376000cy.dat
shape =  (8, 717)
717
loading  /home/jasencakova/dataset/cells/priamy_kanal/sim_2xKSin1_D_hct15_seed4_rigid62_1_from376000cy/rbc128_sim_2xKSin1_D_hct15_seed4_rigid62_1_from376000cy.dat
shape =  (8, 717)
717
loading  /home/jasencakova/dataset/cells/priamy_kanal/sim_2xKSin1_D_hct15_seed4_rigid62_1_from376000cy/rbc129_sim_2xKSin1_D_hct15_seed4_rigid62_1_from376000cy.dat
shape =  (8, 717)
717
loading  /home/jasencakova/dataset/cells/priamy_kanal/sim_2xKSin1_D_hct15_seed4_rigid62_1_from376000cy/rbc130_sim_2xKSin1_D_hct15_seed4_rigid62_1_from376000cy.dat
shape =  (8, 717)
717
loading  /home/jasencakova/dataset/cells/priamy_kanal/sim_2xKSin1_D_hct15_seed4_rigid62_1_from376000cy/rbc131_sim_2xKSin1_D_hct15_seed4_rigid62_1_from376000cy.dat
shape =  (8, 717)
717
loading  /home/jasencakova/dataset/cells/priamy_kanal/sim_2xKSin1_D_hct15_seed4_rigid62_1_from376000cy/rbc132_sim_2xKSin1_D_hct15_seed4_rigid62_1_from376000cy.dat
shape =  (8, 717)
717
loading  /home/jasencakova/dataset/cells/priamy_kanal/sim_2xKSin1_D_hct15_seed4_rigid62_1_from376000cy/rbc133_sim_2xKSin1_D_hct15_seed4_rigid62_1_from376000cy.dat
shape =  (8, 717)
717
loading  /home/jasencakova/dataset/cells/priamy_kanal/sim_2xKSin1_D_hct15_seed4_rigid62_1_from376000cy/rbc134_sim_2xKSin1_D_hct15_seed4_rigid62_1_from376000cy.dat
shape =  (8, 717)
717
loading  /home/jasencakova/dataset/cells/priamy_kanal/sim_2xKSin1_D_hct15_seed4_rigid62_1_from376000cy/rbc135_sim_2xKSin1_D_hct15_seed4_rigid62_1_from376000cy.dat
shape =  (8, 717)
717
loading  /home/jasencakova/dataset/cells/priamy_kanal/sim_2xKSin1_D_hct15_seed4_rigid62_1_from376000cy/rbc136_sim_2xKSin1_D_hct15_seed4_rigid62_1_from376000cy.dat
shape =  (8, 717)
717
loading  /home/jasencakova/dataset/cells/priamy_kanal/sim_2xKSin1_D_hct15_seed4_rigid62_1_from376000cy/rbc137_sim_2xKSin1_D_hct15_seed4_rigid62_1_from376000cy.dat
shape =  (8, 717)
717
loading  /home/jasencakova/dataset/cells/priamy_kanal/sim_2xKSin1_D_hct15_seed4_rigid62_1_from376000cy/rbc138_sim_2xKSin1_D_hct15_seed4_rigid62_1_from376000cy.dat
shape =  (8, 717)
717
loading  /home/jasencakova/dataset/cells/priamy_kanal/sim_2xKSin1_D_hct15_seed4_rigid62_1_from376000cy/rbc139_sim_2xKSin1_D_hct15_seed4_rigid62_1_from376000cy.dat
shape =  (8, 717)
717
loading  /home/jasencakova/dataset/cells/priamy_kanal/sim_2xKSin1_D_hct15_seed4_rigid62_1_from376000cy/rbc140_sim_2xKSin1_D_hct15_seed4_rigid62_1_from376000cy.dat
shape =  (8, 717)
717
loading  /home/jasencakova/dataset/cells/priamy_kanal/sim_2xKSin1_D_hct15_seed4_rigid62_1_from376000cy/rbc141_sim_2xKSin1_D_hct15_seed4_rigid62_1_from376000cy.dat
shape =  (8, 717)
717
loading  /home/jasencakova/dataset/cells/priamy_kanal/sim_2xKSin1_D_hct15_seed4_rigid62_1_from376000cy/rbc142_sim_2xKSin1_D_hct15_seed4_rigid62_1_from376000cy.dat
shape =  (8, 717)
717
loading  /home/jasencakova/dataset/cells/priamy_kanal/sim_2xKSin1_D_hct15_seed4_rigid62_1_from376000cy/rbc143_sim_2xKSin1_D_hct15_seed4_rigid62_1_from376000cy.dat
shape =  (8, 717)
717
loading  /home/jasencakova/dataset/cells/priamy_kanal/sim_2xKSin1_D_hct15_seed4_rigid62_1_from376000cy/rbc144_sim_2xKSin1_D_hct15_seed4_rigid62_1_from376000cy.dat
shape =  (8, 717)
717
loading  /home/jasencakova/dataset/cells/priamy_kanal/sim_2xKSin1_D_hct15_seed4_rigid62_1_from376000cy/rbc145_sim_2xKSin1_D_hct15_seed4_rigid62_1_from376000cy.dat
shape =  (8, 717)
717
loading  /home/jasencakova/dataset/cells/priamy_kanal/sim_2xKSin1_D_hct15_seed4_rigid62_1_from376000cy/rbc146_sim_2xKSin1_D_hct15_seed4_rigid62_1_from376000cy.dat
shape =  (8, 717)
717
loading  /home/jasencakova/dataset/cells/priamy_kanal/sim_2xKSin1_D_hct15_seed4_rigid62_1_from376000cy/rbc147_sim_2xKSin1_D_hct15_seed4_rigid62_1_from376000cy.dat
shape =  (8, 717)
717
loading  /home/jasencakova/dataset/cells/priamy_kanal/sim_2xKSin1_D_hct15_seed4_rigid62_1_from376000cy/rbc148_sim_2xKSin1_D_hct15_seed4_rigid62_1_from376000cy.dat
shape =  (8, 717)
717
loading  /home/jasencakova/dataset/cells/priamy_kanal/sim_2xKSin1_D_hct15_seed4_rigid62_1_from376000cy/rbc149_sim_2xKSin1_D_hct15_seed4_rigid62_1_from376000cy.dat
shape =  (8, 717)
717
loading  /home/jasencakova/dataset/cells/priamy_kanal/sim_2xKSin1_D_hct15_seed4_rigid62_1_from376000cy/rbc150_sim_2xKSin1_D_hct15_seed4_rigid62_1_from376000cy.dat
shape =  (8, 717)
717
loading  /home/jasencakova/dataset/cells/priamy_kanal/sim_2xKSin1_D_hct15_seed4_rigid62_1_from376000cy/rbc151_sim_2xKSin1_D_hct15_seed4_rigid62_1_from376000cy.dat
shape =  (8, 717)
717
loading  /home/jasencakova/dataset/cells/priamy_kanal/sim_2xKSin1_D_hct15_seed4_rigid62_1_from376000cy/rbc152_sim_2xKSin1_D_hct15_seed4_rigid62_1_from376000cy.dat
shape =  (8, 717)
717
loading  /home/jasencakova/dataset/cells/priamy_kanal/sim_2xKSin1_D_hct15_seed4_rigid62_1_from376000cy/rbc153_sim_2xKSin1_D_hct15_seed4_rigid62_1_from376000cy.dat
shape =  (8, 717)
717
shortest_length =  717
data_shape      =  (154, 717, 8)








dataset summary : 

training_dats shape    =  (154, 189, 8)
testing_dats shape    =  (154, 717, 8)
training_count  =  2939706
testing_count   =  110418
channels_count  =  8
sequence_length =  128
classes_count   =   2
batch(32) tensor shape =  torch.Size([32, 8, 128]) torch.Size([32, 2])





model
Sequential(
  (0): Conv1d(8, 32, kernel_size=(3,), stride=(2,), padding=(1,))
  (1): ReLU()
  (2): Dropout(p=0.01, inplace=False)
  (3): Conv1d(32, 64, kernel_size=(3,), stride=(2,), padding=(1,))
  (4): ReLU()
  (5): Dropout(p=0.01, inplace=False)
  (6): Conv1d(64, 64, kernel_size=(3,), stride=(2,), padding=(1,))
  (7): ReLU()
  (8): Dropout(p=0.01, inplace=False)
  (9): Conv1d(64, 128, kernel_size=(3,), stride=(2,), padding=(1,))
  (10): ReLU()
  (11): Dropout(p=0.01, inplace=False)
  (12): Flatten()
  (13): Linear(in_features=1024, out_features=2, bias=True)
)



0 71.03510862939743 48.545102719907405 0.19274141 0.30933952 0.021702126 0.015573109 13.82 





=================================================
new best net in 0
TRAINING result
accuracy   = 71.035 [%]
hit_count  = 2088364
miss_count = 851540

class_accuracy = 86.038%   47.505%   


confusion_matrix = 
1544609	 600882	 
250658	 543755	 



TESTING result
accuracy   = 48.545 [%]
hit_count  = 53687
miss_count = 56905

class_accuracy = 25.387%   84.782%   


confusion_matrix = 
17130	 6561	 
50344	 36557	 




1 86.58745319575061 80.50039785879629 0.11148712 0.16163285 0.02334353 0.013922707 13.73 





=================================================
new best net in 1
TRAINING result
accuracy   = 86.587 [%]
hit_count  = 2545588
miss_count = 394316

class_accuracy = 93.529%   75.73%   


confusion_matrix = 
1677246	 278279	 
116037	 868342	 



TESTING result
accuracy   = 80.5 [%]
hit_count  = 89027
miss_count = 21565

class_accuracy = 81.685%   78.665%   


confusion_matrix = 
54850	 9268	 
12297	 34177	 




2 92.58169654519331 82.24645543981481 0.07509711 0.1633274 0.009458867 0.014894305 13.64 





=================================================
new best net in 2
TRAINING result
accuracy   = 92.582 [%]
hit_count  = 2721813
miss_count = 218091

class_accuracy = 96.568%   86.351%   


confusion_matrix = 
1731247	 156566	 
61525	 990566	 



TESTING result
accuracy   = 82.246 [%]
hit_count  = 90958
miss_count = 19634

class_accuracy = 83.765%   79.861%   


confusion_matrix = 
56565	 8672	 
10962	 34393	 




3 94.75812815656566 83.99341724537037 0.060165532 0.1547334 0.0072488827 0.016563538 13.53 





=================================================
new best net in 3
TRAINING result
accuracy   = 94.758 [%]
hit_count  = 2785798
miss_count = 154106

class_accuracy = 97.586%   90.32%   


confusion_matrix = 
1752387	 110759	 
43347	 1033411	 



TESTING result
accuracy   = 83.993 [%]
hit_count  = 92890
miss_count = 17702

class_accuracy = 87.833%   77.94%   


confusion_matrix = 
59425	 9471	 
8231	 33465	 




4 96.12028147857889 84.48621961805556 0.050160736 0.15449093 0.0060708257 0.017865116 13.43 





=================================================
new best net in 4
TRAINING result
accuracy   = 96.12 [%]
hit_count  = 2825844
miss_count = 114060

class_accuracy = 98.259%   92.768%   


confusion_matrix = 
1763542	 82820	 
31240	 1062302	 



TESTING result
accuracy   = 84.486 [%]
hit_count  = 93435
miss_count = 17157

class_accuracy = 87.427%   79.862%   


confusion_matrix = 
59083	 8661	 
8496	 34352	 




5 97.27446882619296 84.94466145833333 0.04102605 0.14806892 0.0053827683 0.017465502 13.32 





=================================================
new best net in 5
TRAINING result
accuracy   = 97.274 [%]
hit_count  = 2859776
miss_count = 80128

class_accuracy = 98.769%   94.929%   


confusion_matrix = 
1773380	 58030	 
22098	 1086396	 



TESTING result
accuracy   = 84.945 [%]
hit_count  = 93942
miss_count = 16650

class_accuracy = 88.318%   79.602%   


confusion_matrix = 
59859	 8733	 
7917	 34083	 




6 98.43617342607105 85.78920717592592 0.031770285 0.14109772 0.004575085 0.015115932 13.2 





=================================================
new best net in 6
TRAINING result
accuracy   = 98.436 [%]
hit_count  = 2893929
miss_count = 45975

class_accuracy = 99.245%   97.168%   


confusion_matrix = 
1780890	 32437	 
13538	 1113039	 



TESTING result
accuracy   = 85.789 [%]
hit_count  = 94876
miss_count = 15716

class_accuracy = 89.935%   79.316%   


confusion_matrix = 
60617	 8933	 
6783	 34259	 




7 99.26310518982933 86.8064597800926 0.023534372 0.13140143 0.0036074915 0.014255979 13.07 





=================================================
new best net in 7
TRAINING result
accuracy   = 99.263 [%]
hit_count  = 2918240
miss_count = 21664

class_accuracy = 99.648%   98.661%   


confusion_matrix = 
1787986	 15343	 
6321	 1130254	 



TESTING result
accuracy   = 86.806 [%]
hit_count  = 96001
miss_count = 14591

class_accuracy = 92.31%   78.183%   


confusion_matrix = 
62309	 9401	 
5190	 33692	 




8 99.728494535876 87.40053530092592 0.016803473 0.12179117 0.0026581988 0.01372366 12.95 





=================================================
new best net in 8
TRAINING result
accuracy   = 99.728 [%]
hit_count  = 2931922
miss_count = 7982

class_accuracy = 99.874%   99.501%   


confusion_matrix = 
1792331	 5716	 
2266	 1139591	 



TESTING result
accuracy   = 87.401 [%]
hit_count  = 96658
miss_count = 13934

class_accuracy = 92.008%   80.172%   


confusion_matrix = 
62131	 8538	 
5396	 34527	 




9 99.91455503308951 88.19715711805556 0.011963136 0.11443715 0.001851553 0.012737386 12.83 





=================================================
new best net in 9
TRAINING result
accuracy   = 99.915 [%]
hit_count  = 2937392
miss_count = 2512

class_accuracy = 99.959%   99.844%   


confusion_matrix = 
1792741	 1785	 
727	 1144651	 



TESTING result
accuracy   = 88.197 [%]
hit_count  = 97539
miss_count = 13053

class_accuracy = 94.083%   78.969%   


confusion_matrix = 
63519	 9059	 
3994	 34020	 




10 99.9751012277952 89.05617042824075 0.008709657 0.10763901 0.0013354466 0.013119744 12.71 





=================================================
new best net in 10
TRAINING result
accuracy   = 99.975 [%]
hit_count  = 2939172
miss_count = 732

class_accuracy = 99.989%   99.954%   


confusion_matrix = 
1793908	 530	 
202	 1145264	 



TESTING result
accuracy   = 89.056 [%]
hit_count  = 98489
miss_count = 12103

class_accuracy = 95.092%   79.604%   


confusion_matrix = 
64170	 8792	 
3311	 34319	 




11 99.9939113658133 89.43956163194444 0.0065672067 0.1009456 0.0009753552 0.012588504 12.59 





=================================================
new best net in 11
TRAINING result
accuracy   = 99.994 [%]
hit_count  = 2939725
miss_count = 179

class_accuracy = 99.997%   99.989%   


confusion_matrix = 
1793437	 128	 
51	 1146288	 



TESTING result
accuracy   = 89.44 [%]
hit_count  = 98913
miss_count = 11679

class_accuracy = 95.509%   79.947%   


confusion_matrix = 
64419	 8651	 
3028	 34494	 




12 99.9977210140195 89.42238136574075 0.005124783 0.098349035 0.000739916 0.012310744 12.46 

13 99.99959182340648 89.99837239583333 0.0041413317 0.09399062 0.00058024656 0.012885017 12.32 





=================================================
new best net in 13
TRAINING result
accuracy   = 100.0 [%]
hit_count  = 2939892
miss_count = 12

class_accuracy = 100.0%   99.999%   


confusion_matrix = 
1794521	 10	 
2	 1145371	 



TESTING result
accuracy   = 89.998 [%]
hit_count  = 99531
miss_count = 11061

class_accuracy = 96.712%   79.411%   


confusion_matrix = 
65443	 8837	 
2224	 34088	 




14 99.99993197056774 89.57157841435185 0.003441685 0.093697004 0.00047506922 0.012723511 12.19 

15 99.99996598528388 89.06702112268519 0.0029024133 0.09551177 0.0004011409 0.013411033 12.05 

16 100.0 88.88708043981481 0.0024887768 0.09733149 0.00034484582 0.011807471 11.92 

17 100.0 88.81474247685185 0.0021831722 0.096981496 0.00030045872 0.013191069 11.79 

18 100.0 88.55070891203704 0.0019422543 0.100092426 0.0002670557 0.013919513 11.65 

19 100.0 88.63118489583333 0.0017473204 0.100763425 0.00023684524 0.013748904 11.52 

20 100.0 88.2911964699074 0.0015921718 0.1031735 0.00021942215 0.0132741695 11.38 

21 100.0 88.47204137731481 0.001469194 0.10095291 0.00020027618 0.013429306 11.24 

22 99.99996598528388 88.50821035879629 0.0013573924 0.1013109 0.0001875539 0.013261716 11.12 

23 100.0 88.20167824074075 0.0012672844 0.102567405 0.00017642774 0.013295454 11.01 

24 100.0 88.48922164351852 0.0011833776 0.10100652 0.00016304004 0.013264601 10.89 

25 100.0 88.39427806712963 0.0011167775 0.100449495 0.00015452715 0.01357376 10.77 

26 100.0 88.63389756944444 0.0010514217 0.100986235 0.00014625184 0.013493861 10.64 

27 100.0 88.76139322916667 0.0009985103 0.09957476 0.00014219261 0.013314092 10.5 

28 100.0 88.42954282407408 0.0009497974 0.10016298 0.00013339025 0.012622131 10.36 

29 100.0 88.80298755787037 0.0009027778 0.0990489 0.00012725183 0.012958717 10.21 

30 100.0 88.70985243055556 0.00085793866 0.09819341 0.00012160799 0.0128137395 10.06 

31 100.0 89.26866319444444 0.00081828766 0.09598469 0.00011541655 0.011767904 9.91 

32 100.0 88.76862702546296 0.00077836274 0.09729522 0.00011081712 0.012450113 9.77 

33 100.0 89.31568287037037 0.00074413326 0.09257998 0.00010727108 0.012173925 9.62 

34 100.0 89.28674768518519 0.0007026569 0.08909389 0.000100531404 0.011544661 9.47 

35 100.0 89.97847945601852 0.00066864054 0.08638105 9.540852e-05 0.010598525 9.32 

36 100.0 89.75694444444444 0.0006355619 0.085183755 9.148975e-05 0.011189807 9.18 

37 100.0 90.15842013888889 0.0006016854 0.08183383 8.7174114e-05 0.010630983 9.03 





=================================================
new best net in 37
TRAINING result
accuracy   = 100.0 [%]
hit_count  = 2939904
miss_count = 0

class_accuracy = 100.0%   100.0%   


confusion_matrix = 
1794049	 0	 
0	 1145855	 



TESTING result
accuracy   = 90.158 [%]
hit_count  = 99708
miss_count = 10884

class_accuracy = 98.127%   77.466%   


confusion_matrix = 
66658	 9613	 
1271	 33050	 




38 100.0 90.48936631944444 0.0005689156 0.0783229 8.342739e-05 0.0108133685 8.89 





=================================================
new best net in 38
TRAINING result
accuracy   = 100.0 [%]
hit_count  = 2939904
miss_count = 0

class_accuracy = 100.0%   100.0%   


confusion_matrix = 
1795288	 0	 
0	 1144616	 



TESTING result
accuracy   = 90.489 [%]
hit_count  = 100074
miss_count = 10518

class_accuracy = 98.142%   78.519%   


confusion_matrix = 
66201	 9266	 
1252	 33873	 




39 100.0 90.85105613425925 0.0005389986 0.07394126 7.8193145e-05 0.010472828 8.74 





=================================================
new best net in 39
TRAINING result
accuracy   = 100.0 [%]
hit_count  = 2939904
miss_count = 0

class_accuracy = 100.0%   100.0%   


confusion_matrix = 
1794406	 0	 
0	 1145498	 



TESTING result
accuracy   = 90.851 [%]
hit_count  = 100474
miss_count = 10118

class_accuracy = 98.253%   79.215%   


confusion_matrix = 
66406	 8938	 
1180	 34068	 




40 100.0 91.24801070601852 0.00050887815 0.069658384 7.4141535e-05 0.009240992 8.6 





=================================================
new best net in 40
TRAINING result
accuracy   = 100.0 [%]
hit_count  = 2939904
miss_count = 0

class_accuracy = 100.0%   100.0%   


confusion_matrix = 
1793794	 0	 
0	 1146110	 



TESTING result
accuracy   = 91.248 [%]
hit_count  = 100913
miss_count = 9679

class_accuracy = 98.185%   80.337%   


confusion_matrix = 
66372	 8453	 
1226	 34541	 




41 100.0 91.53464988425925 0.00048316226 0.06733508 7.100889e-05 0.008945429 8.46 





=================================================
new best net in 41
TRAINING result
accuracy   = 100.0 [%]
hit_count  = 2939904
miss_count = 0

class_accuracy = 100.0%   100.0%   


confusion_matrix = 
1795162	 0	 
0	 1144742	 



TESTING result
accuracy   = 91.535 [%]
hit_count  = 101230
miss_count = 9362

class_accuracy = 98.105%   81.123%   


confusion_matrix = 
66512	 8078	 
1284	 34718	 




42 100.0 91.50842737268519 0.00045810523 0.0677146 6.77342e-05 0.008982792 8.31 

43 100.0 92.01931423611111 0.00043328662 0.06369031 6.436043e-05 0.00956941 8.17 





=================================================
new best net in 43
TRAINING result
accuracy   = 100.0 [%]
hit_count  = 2939904
miss_count = 0

class_accuracy = 100.0%   100.0%   


confusion_matrix = 
1795678	 0	 
0	 1144226	 



TESTING result
accuracy   = 92.019 [%]
hit_count  = 101766
miss_count = 8826

class_accuracy = 97.967%   82.67%   


confusion_matrix = 
66209	 7453	 
1373	 35557	 




44 100.0 92.10340711805556 0.00041299447 0.06189863 6.0872517e-05 0.008903205 8.02 





=================================================
new best net in 44
TRAINING result
accuracy   = 100.0 [%]
hit_count  = 2939904
miss_count = 0

class_accuracy = 100.0%   100.0%   


confusion_matrix = 
1792887	 0	 
0	 1147017	 



TESTING result
accuracy   = 92.103 [%]
hit_count  = 101859
miss_count = 8733

class_accuracy = 97.915%   82.996%   


confusion_matrix = 
66090	 7327	 
1406	 35769	 




45 100.0 92.46057581018519 0.0003910744 0.060117815 5.84908e-05 0.008189497 7.88 





=================================================
new best net in 45
TRAINING result
accuracy   = 100.0 [%]
hit_count  = 2939904
miss_count = 0

class_accuracy = 100.0%   100.0%   


confusion_matrix = 
1794120	 0	 
0	 1145784	 



TESTING result
accuracy   = 92.461 [%]
hit_count  = 102254
miss_count = 8338

class_accuracy = 97.941%   83.938%   


confusion_matrix = 
65913	 6953	 
1385	 36341	 




46 100.0 92.95156973379629 0.0003710641 0.05710299 5.5423978e-05 0.0081962105 7.74 





=================================================
new best net in 46
TRAINING result
accuracy   = 100.0 [%]
hit_count  = 2939904
miss_count = 0

class_accuracy = 100.0%   100.0%   


confusion_matrix = 
1794295	 0	 
0	 1145609	 



TESTING result
accuracy   = 92.952 [%]
hit_count  = 102797
miss_count = 7795

class_accuracy = 97.887%   85.259%   


confusion_matrix = 
65932	 6373	 
1422	 36865	 




47 100.0 93.56644241898148 0.0003523007 0.054211576 5.255872e-05 0.0078035607 7.6 





=================================================
new best net in 47
TRAINING result
accuracy   = 100.0 [%]
hit_count  = 2939904
miss_count = 0

class_accuracy = 100.0%   100.0%   


confusion_matrix = 
1794349	 0	 
0	 1145555	 



TESTING result
accuracy   = 93.566 [%]
hit_count  = 103477
miss_count = 7115

class_accuracy = 97.952%   86.697%   


confusion_matrix = 
66100	 5734	 
1381	 37377	 




48 100.0 93.75 0.0003358431 0.05275311 5.092547e-05 0.0074147866 7.45 





=================================================
new best net in 48
TRAINING result
accuracy   = 100.0 [%]
hit_count  = 2939904
miss_count = 0

class_accuracy = 100.0%   100.0%   


confusion_matrix = 
1795286	 0	 
0	 1144618	 



TESTING result
accuracy   = 93.75 [%]
hit_count  = 103680
miss_count = 6912

class_accuracy = 97.984%   87.087%   


confusion_matrix = 
66244	 5550	 
1362	 37436	 




49 100.0 94.15780526620371 0.0003195475 0.051721457 4.748635e-05 0.007766239 7.31 





=================================================
new best net in 49
TRAINING result
accuracy   = 100.0 [%]
hit_count  = 2939904
miss_count = 0

class_accuracy = 100.0%   100.0%   


confusion_matrix = 
1795786	 0	 
0	 1144118	 



TESTING result
accuracy   = 94.158 [%]
hit_count  = 104131
miss_count = 6461

class_accuracy = 97.888%   88.311%   


confusion_matrix = 
66077	 5036	 
1425	 38054	 




50 100.0 94.60720486111111 0.00030531015 0.049563717 4.593734e-05 0.0080922125 7.16 





=================================================
new best net in 50
TRAINING result
accuracy   = 100.0 [%]
hit_count  = 2939904
miss_count = 0

class_accuracy = 100.0%   100.0%   


confusion_matrix = 
1793622	 0	 
0	 1146282	 



TESTING result
accuracy   = 94.607 [%]
hit_count  = 104628
miss_count = 5964

class_accuracy = 97.854%   89.488%   


confusion_matrix = 
66200	 4513	 
1451	 38428	 




51 100.0 95.20218460648148 0.0002918358 0.046713233 4.46418e-05 0.0070861983 7.02 





=================================================
new best net in 51
TRAINING result
accuracy   = 100.0 [%]
hit_count  = 2939904
miss_count = 0

class_accuracy = 100.0%   100.0%   


confusion_matrix = 
1795146	 0	 
0	 1144758	 



TESTING result
accuracy   = 95.202 [%]
hit_count  = 105286
miss_count = 5306

class_accuracy = 97.871%   91.008%   


confusion_matrix = 
66116	 3869	 
1437	 39170	 




52 100.0 95.27723524305556 0.00027795043 0.04596806 4.1951324e-05 0.007527601 6.88 





=================================================
new best net in 52
TRAINING result
accuracy   = 100.0 [%]
hit_count  = 2939904
miss_count = 0

class_accuracy = 100.0%   100.0%   


confusion_matrix = 
1794725	 0	 
0	 1145179	 



TESTING result
accuracy   = 95.277 [%]
hit_count  = 105369
miss_count = 5223

class_accuracy = 97.909%   91.129%   


confusion_matrix = 
66221	 3810	 
1413	 39148	 




53 100.0 95.65791377314815 0.00026536078 0.045587547 4.0731215e-05 0.0073333676 6.73 





=================================================
new best net in 53
TRAINING result
accuracy   = 100.0 [%]
hit_count  = 2939904
miss_count = 0

class_accuracy = 100.0%   100.0%   


confusion_matrix = 
1793832	 0	 
0	 1146072	 



TESTING result
accuracy   = 95.658 [%]
hit_count  = 105790
miss_count = 4802

class_accuracy = 97.679%   92.431%   


confusion_matrix = 
66397	 3225	 
1577	 39393	 




54 100.0 95.88306568287037 0.00025457886 0.043169163 3.9416926e-05 0.0070630787 6.59 





=================================================
new best net in 54
TRAINING result
accuracy   = 100.0 [%]
hit_count  = 2939904
miss_count = 0

class_accuracy = 100.0%   100.0%   


confusion_matrix = 
1793491	 0	 
0	 1146413	 



TESTING result
accuracy   = 95.883 [%]
hit_count  = 106039
miss_count = 4553

class_accuracy = 97.863%   92.824%   


confusion_matrix = 
65666	 3120	 
1433	 40373	 




55 100.0 96.59559461805556 0.00024281007 0.040742166 3.8106657e-05 0.0071335034 6.44 





=================================================
new best net in 55
TRAINING result
accuracy   = 100.0 [%]
hit_count  = 2939904
miss_count = 0

class_accuracy = 100.0%   100.0%   


confusion_matrix = 
1794443	 0	 
0	 1145461	 



TESTING result
accuracy   = 96.596 [%]
hit_count  = 106827
miss_count = 3765

class_accuracy = 97.834%   94.656%   


confusion_matrix = 
65985	 2305	 
1460	 40842	 




56 100.0 96.80989583333333 0.00023175566 0.039236568 3.6647707e-05 0.0071060825 6.3 





=================================================
new best net in 56
TRAINING result
accuracy   = 100.0 [%]
hit_count  = 2939904
miss_count = 0

class_accuracy = 100.0%   100.0%   


confusion_matrix = 
1794109	 0	 
0	 1145795	 



TESTING result
accuracy   = 96.81 [%]
hit_count  = 107064
miss_count = 3528

class_accuracy = 97.776%   95.292%   


confusion_matrix = 
66020	 2027	 
1501	 41044	 




57 100.0 97.2999855324074 0.00022218349 0.03771139 3.6052556e-05 0.006864445 6.15 





=================================================
new best net in 57
TRAINING result
accuracy   = 100.0 [%]
hit_count  = 2939904
miss_count = 0

class_accuracy = 100.0%   100.0%   


confusion_matrix = 
1794627	 0	 
0	 1145277	 



TESTING result
accuracy   = 97.3 [%]
hit_count  = 107606
miss_count = 2986

class_accuracy = 97.768%   96.57%   


confusion_matrix = 
65745	 1486	 
1500	 41861	 




58 100.0 97.80454282407408 0.00021198984 0.03556385 3.4080935e-05 0.006943254 6.01 





=================================================
new best net in 58
TRAINING result
accuracy   = 100.0 [%]
hit_count  = 2939904
miss_count = 0

class_accuracy = 100.0%   100.0%   


confusion_matrix = 
1795398	 0	 
0	 1144506	 



TESTING result
accuracy   = 97.805 [%]
hit_count  = 108164
miss_count = 2428

class_accuracy = 97.698%   97.969%   


confusion_matrix = 
66111	 871	 
1557	 42053	 




59 100.0 98.04235387731481 0.00020123934 0.03409547 3.221186e-05 0.0065202247 5.87 





=================================================
new best net in 59
TRAINING result
accuracy   = 100.0 [%]
hit_count  = 2939904
miss_count = 0

class_accuracy = 100.0%   100.0%   


confusion_matrix = 
1796238	 0	 
0	 1143666	 



TESTING result
accuracy   = 98.042 [%]
hit_count  = 108427
miss_count = 2165

class_accuracy = 97.638%   98.67%   


confusion_matrix = 
65856	 573	 
1592	 42571	 




60 100.0 97.96820746527777 0.0001922785 0.03362152 3.1242875e-05 0.0069224136 5.73 

61 100.0 98.07581018518519 0.00018312373 0.0317447 3.0412413e-05 0.0069222352 5.59 





=================================================
new best net in 61
TRAINING result
accuracy   = 100.0 [%]
hit_count  = 2939904
miss_count = 0

class_accuracy = 100.0%   100.0%   


confusion_matrix = 
1793467	 0	 
0	 1146437	 



TESTING result
accuracy   = 98.076 [%]
hit_count  = 108464
miss_count = 2128

class_accuracy = 97.723%   98.62%   


confusion_matrix = 
65797	 596	 
1532	 42667	 




62 100.0 98.21325231481481 0.00017382335 0.031120844 2.94869e-05 0.006831245 5.45 





=================================================
new best net in 62
TRAINING result
accuracy   = 100.0 [%]
hit_count  = 2939904
miss_count = 0

class_accuracy = 100.0%   100.0%   


confusion_matrix = 
1795178	 0	 
0	 1144726	 



TESTING result
accuracy   = 98.213 [%]
hit_count  = 108616
miss_count = 1976

class_accuracy = 97.494%   99.333%   


confusion_matrix = 
65746	 287	 
1689	 42870	 




63 100.0 98.35702401620371 0.00016670494 0.029370444 2.9647637e-05 0.0065390277 5.31 





=================================================
new best net in 63
TRAINING result
accuracy   = 100.0 [%]
hit_count  = 2939904
miss_count = 0

class_accuracy = 100.0%   100.0%   


confusion_matrix = 
1794944	 0	 
0	 1144960	 



TESTING result
accuracy   = 98.357 [%]
hit_count  = 108775
miss_count = 1817

class_accuracy = 97.652%   99.452%   


confusion_matrix = 
65800	 236	 
1581	 42975	 




64 100.0 98.38957609953704 0.00015886425 0.027627103 2.8159964e-05 0.0065652477 5.16 





=================================================
new best net in 64
TRAINING result
accuracy   = 100.0 [%]
hit_count  = 2939904
miss_count = 0

class_accuracy = 100.0%   100.0%   


confusion_matrix = 
1794479	 0	 
0	 1145425	 



TESTING result
accuracy   = 98.39 [%]
hit_count  = 108811
miss_count = 1781

class_accuracy = 97.669%   99.509%   


confusion_matrix = 
65829	 211	 
1570	 42982	 




65 100.0 98.33622685185185 0.00015087672 0.027814416 2.6956499e-05 0.006833461 5.03 

66 100.0 98.35973668981481 0.00014441875 0.026986182 2.7335816e-05 0.0068528694 4.88 

67 100.0 98.45015914351852 0.00013752401 0.025691496 2.6497972e-05 0.0069214534 4.74 





=================================================
new best net in 67
TRAINING result
accuracy   = 100.0 [%]
hit_count  = 2939904
miss_count = 0

class_accuracy = 100.0%   100.0%   


confusion_matrix = 
1794523	 0	 
0	 1145381	 



TESTING result
accuracy   = 98.45 [%]
hit_count  = 108878
miss_count = 1714

class_accuracy = 97.71%   99.615%   


confusion_matrix = 
66184	 164	 
1550	 42694	 




68 99.99996598528388 98.33622685185185 0.0001331402 0.025698768 6.315967e-05 0.006664898 4.6 

69 100.0 98.51435908564815 0.00012639337 0.024083532 2.9297742e-05 0.0066318056 4.46 





=================================================
new best net in 69
TRAINING result
accuracy   = 100.0 [%]
hit_count  = 2939904
miss_count = 0

class_accuracy = 100.0%   100.0%   


confusion_matrix = 
1793739	 0	 
0	 1146165	 



TESTING result
accuracy   = 98.514 [%]
hit_count  = 108949
miss_count = 1643

class_accuracy = 97.826%   99.587%   


confusion_matrix = 
66026	 177	 
1466	 42923	 




70 99.99979591170325 98.41127748842592 0.0001284887 0.024119047 0.00017019077 0.0065047173 4.32 

71 99.99996598528388 98.32899305555556 0.00011751372 0.02449307 8.9550376e-05 0.0073271953 4.17 

72 99.99996598528388 98.31362123842592 0.00011378902 0.02401737 8.5384454e-05 0.0069699264 4.02 

73 100.0 98.41489438657408 0.000107328924 0.022847863 4.8603233e-05 0.00701517 3.87 

74 99.99993197056774 98.34074797453704 0.00010745752 0.023238156 0.00013616645 0.00698513 3.72 

75 100.0 98.4031394675926 0.000101595295 0.02175542 0.000102841186 0.00679647 3.58 

76 99.99986394113549 98.14181857638889 9.88446e-05 0.022635473 0.00014548631 0.00644263 3.44 

77 99.99969386755485 98.40946903935185 9.9333476e-05 0.02184665 0.00024495076 0.0066068196 3.29 

78 99.99993197056774 98.12192563657408 9.19598e-05 0.022956537 9.817044e-05 0.00698312 3.15 

79 99.99925167624521 98.01703559027777 9.891666e-05 0.023151496 0.00036248384 0.006744363 3.0 

80 99.99972788227099 98.14814814814815 9.774473e-05 0.02201792 0.00028637174 0.0067779897 2.86 

81 99.99938773510972 98.31995081018519 9.383515e-05 0.020938149 0.00035315755 0.007143945 2.72 

82 99.99969386755485 98.23404947916667 8.900648e-05 0.021539334 0.00022251547 0.0069418857 2.58 

83 99.99972788227099 98.31362123842592 8.440855e-05 0.021147493 0.0002325446 0.0067757447 2.44 

84 99.99962583812261 98.14814814814815 8.620069e-05 0.021489017 0.00032963636 0.0072043557 2.29 

85 99.99972788227099 98.16713686342592 8.810286e-05 0.021135576 0.00023038815 0.007192168 2.15 

86 99.99993197056774 98.13096788194444 7.880564e-05 0.021347797 0.0001503227 0.0063823955 2.01 

87 99.99942174982584 97.76656539351852 7.885631e-05 0.023200985 0.00031858846 0.0072146263 1.86 

88 99.99982992641937 98.06405526620371 7.5565375e-05 0.02147086 0.00018947182 0.0072125127 1.72 

89 99.99976189698711 98.23947482638889 8.4712454e-05 0.019781563 0.00028472283 0.006708835 1.58 

90 99.99982992641937 98.09479890046296 7.393415e-05 0.021262398 0.00019665618 0.007123047 1.44 

91 99.99996598528388 98.21958188657408 7.298226e-05 0.019439423 0.00014156566 0.0064789234 1.29 

92 99.99989795585162 98.17527488425925 6.882635e-05 0.020281645 0.00013580782 0.007289145 1.15 

93 100.0 98.02065248842592 6.6099674e-05 0.021006955 0.00013207158 0.007225624 1.01 

94 99.99969386755485 97.98538773148148 7.4738244e-05 0.021048507 0.00023256797 0.00737504 0.86 

95 99.99976189698711 98.10112847222223 7.04965e-05 0.020516189 0.00020540113 0.0072732354 0.72 

96 99.99976189698711 98.0812355324074 6.985295e-05 0.02120246 0.00023077811 0.007112165 0.58 

97 99.99993197056774 98.03602430555556 6.159637e-05 0.021063318 0.00011207567 0.0067843813 0.43 

98 99.99996598528388 97.8904441550926 6.123054e-05 0.022152282 0.00013166004 0.00763888 0.29 

99 99.99986394113549 98.02155671296296 6.220983e-05 0.021253647 0.00018936254 0.006930352 0.15 

