loading  /home/jasencakova/dataset/cells/priamy_kanal/sim_2xKSin1_DE_hct15_seed4_rigid31_7_from1204000cy/rbc0_sim_2xKSin1_DE_hct15_seed4_rigid31_7_from1204000cy.dat
shape =  (18, 1402)
1402
loading  /home/jasencakova/dataset/cells/priamy_kanal/sim_2xKSin1_DE_hct15_seed4_rigid31_7_from1204000cy/rbc1_sim_2xKSin1_DE_hct15_seed4_rigid31_7_from1204000cy.dat
shape =  (18, 1402)
1402
loading  /home/jasencakova/dataset/cells/priamy_kanal/sim_2xKSin1_DE_hct15_seed4_rigid31_7_from1204000cy/rbc2_sim_2xKSin1_DE_hct15_seed4_rigid31_7_from1204000cy.dat
shape =  (18, 1402)
1402
loading  /home/jasencakova/dataset/cells/priamy_kanal/sim_2xKSin1_DE_hct15_seed4_rigid31_7_from1204000cy/rbc3_sim_2xKSin1_DE_hct15_seed4_rigid31_7_from1204000cy.dat
shape =  (18, 1402)
1402
loading  /home/jasencakova/dataset/cells/priamy_kanal/sim_2xKSin1_DE_hct15_seed4_rigid31_7_from1204000cy/rbc4_sim_2xKSin1_DE_hct15_seed4_rigid31_7_from1204000cy.dat
shape =  (18, 1402)
1402
loading  /home/jasencakova/dataset/cells/priamy_kanal/sim_2xKSin1_DE_hct15_seed4_rigid31_7_from1204000cy/rbc5_sim_2xKSin1_DE_hct15_seed4_rigid31_7_from1204000cy.dat
shape =  (18, 1402)
1402
loading  /home/jasencakova/dataset/cells/priamy_kanal/sim_2xKSin1_DE_hct15_seed4_rigid31_7_from1204000cy/rbc6_sim_2xKSin1_DE_hct15_seed4_rigid31_7_from1204000cy.dat
shape =  (18, 1402)
1402
loading  /home/jasencakova/dataset/cells/priamy_kanal/sim_2xKSin1_DE_hct15_seed4_rigid31_7_from1204000cy/rbc7_sim_2xKSin1_DE_hct15_seed4_rigid31_7_from1204000cy.dat
shape =  (18, 1402)
1402
loading  /home/jasencakova/dataset/cells/priamy_kanal/sim_2xKSin1_DE_hct15_seed4_rigid31_7_from1204000cy/rbc8_sim_2xKSin1_DE_hct15_seed4_rigid31_7_from1204000cy.dat
shape =  (18, 1402)
1402
loading  /home/jasencakova/dataset/cells/priamy_kanal/sim_2xKSin1_DE_hct15_seed4_rigid31_7_from1204000cy/rbc9_sim_2xKSin1_DE_hct15_seed4_rigid31_7_from1204000cy.dat
shape =  (18, 1402)
1402
loading  /home/jasencakova/dataset/cells/priamy_kanal/sim_2xKSin1_DE_hct15_seed4_rigid31_7_from1204000cy/rbc10_sim_2xKSin1_DE_hct15_seed4_rigid31_7_from1204000cy.dat
shape =  (18, 1402)
1402
loading  /home/jasencakova/dataset/cells/priamy_kanal/sim_2xKSin1_DE_hct15_seed4_rigid31_7_from1204000cy/rbc11_sim_2xKSin1_DE_hct15_seed4_rigid31_7_from1204000cy.dat
shape =  (18, 1402)
1402
loading  /home/jasencakova/dataset/cells/priamy_kanal/sim_2xKSin1_DE_hct15_seed4_rigid31_7_from1204000cy/rbc12_sim_2xKSin1_DE_hct15_seed4_rigid31_7_from1204000cy.dat
shape =  (18, 1402)
1402
loading  /home/jasencakova/dataset/cells/priamy_kanal/sim_2xKSin1_DE_hct15_seed4_rigid31_7_from1204000cy/rbc13_sim_2xKSin1_DE_hct15_seed4_rigid31_7_from1204000cy.dat
shape =  (18, 1402)
1402
loading  /home/jasencakova/dataset/cells/priamy_kanal/sim_2xKSin1_DE_hct15_seed4_rigid31_7_from1204000cy/rbc14_sim_2xKSin1_DE_hct15_seed4_rigid31_7_from1204000cy.dat
shape =  (18, 1402)
1402
loading  /home/jasencakova/dataset/cells/priamy_kanal/sim_2xKSin1_DE_hct15_seed4_rigid31_7_from1204000cy/rbc15_sim_2xKSin1_DE_hct15_seed4_rigid31_7_from1204000cy.dat
shape =  (18, 1402)
1402
loading  /home/jasencakova/dataset/cells/priamy_kanal/sim_2xKSin1_DE_hct15_seed4_rigid31_7_from1204000cy/rbc16_sim_2xKSin1_DE_hct15_seed4_rigid31_7_from1204000cy.dat
shape =  (18, 1402)
1402
loading  /home/jasencakova/dataset/cells/priamy_kanal/sim_2xKSin1_DE_hct15_seed4_rigid31_7_from1204000cy/rbc17_sim_2xKSin1_DE_hct15_seed4_rigid31_7_from1204000cy.dat
shape =  (18, 1402)
1402
loading  /home/jasencakova/dataset/cells/priamy_kanal/sim_2xKSin1_DE_hct15_seed4_rigid31_7_from1204000cy/rbc18_sim_2xKSin1_DE_hct15_seed4_rigid31_7_from1204000cy.dat
shape =  (18, 1402)
1402
loading  /home/jasencakova/dataset/cells/priamy_kanal/sim_2xKSin1_DE_hct15_seed4_rigid31_7_from1204000cy/rbc19_sim_2xKSin1_DE_hct15_seed4_rigid31_7_from1204000cy.dat
shape =  (18, 1402)
1402
loading  /home/jasencakova/dataset/cells/priamy_kanal/sim_2xKSin1_DE_hct15_seed4_rigid31_7_from1204000cy/rbc20_sim_2xKSin1_DE_hct15_seed4_rigid31_7_from1204000cy.dat
shape =  (18, 1402)
1402
loading  /home/jasencakova/dataset/cells/priamy_kanal/sim_2xKSin1_DE_hct15_seed4_rigid31_7_from1204000cy/rbc21_sim_2xKSin1_DE_hct15_seed4_rigid31_7_from1204000cy.dat
shape =  (18, 1402)
1402
loading  /home/jasencakova/dataset/cells/priamy_kanal/sim_2xKSin1_DE_hct15_seed4_rigid31_7_from1204000cy/rbc22_sim_2xKSin1_DE_hct15_seed4_rigid31_7_from1204000cy.dat
shape =  (18, 1402)
1402
loading  /home/jasencakova/dataset/cells/priamy_kanal/sim_2xKSin1_DE_hct15_seed4_rigid31_7_from1204000cy/rbc23_sim_2xKSin1_DE_hct15_seed4_rigid31_7_from1204000cy.dat
shape =  (18, 1402)
1402
loading  /home/jasencakova/dataset/cells/priamy_kanal/sim_2xKSin1_DE_hct15_seed4_rigid31_7_from1204000cy/rbc24_sim_2xKSin1_DE_hct15_seed4_rigid31_7_from1204000cy.dat
shape =  (18, 1402)
1402
loading  /home/jasencakova/dataset/cells/priamy_kanal/sim_2xKSin1_DE_hct15_seed4_rigid31_7_from1204000cy/rbc25_sim_2xKSin1_DE_hct15_seed4_rigid31_7_from1204000cy.dat
shape =  (18, 1402)
1402
loading  /home/jasencakova/dataset/cells/priamy_kanal/sim_2xKSin1_DE_hct15_seed4_rigid31_7_from1204000cy/rbc26_sim_2xKSin1_DE_hct15_seed4_rigid31_7_from1204000cy.dat
shape =  (18, 1402)
1402
loading  /home/jasencakova/dataset/cells/priamy_kanal/sim_2xKSin1_DE_hct15_seed4_rigid31_7_from1204000cy/rbc27_sim_2xKSin1_DE_hct15_seed4_rigid31_7_from1204000cy.dat
shape =  (18, 1402)
1402
loading  /home/jasencakova/dataset/cells/priamy_kanal/sim_2xKSin1_DE_hct15_seed4_rigid31_7_from1204000cy/rbc28_sim_2xKSin1_DE_hct15_seed4_rigid31_7_from1204000cy.dat
shape =  (18, 1402)
1402
loading  /home/jasencakova/dataset/cells/priamy_kanal/sim_2xKSin1_DE_hct15_seed4_rigid31_7_from1204000cy/rbc29_sim_2xKSin1_DE_hct15_seed4_rigid31_7_from1204000cy.dat
shape =  (18, 1402)
1402
loading  /home/jasencakova/dataset/cells/priamy_kanal/sim_2xKSin1_DE_hct15_seed4_rigid31_7_from1204000cy/rbc30_sim_2xKSin1_DE_hct15_seed4_rigid31_7_from1204000cy.dat
shape =  (18, 1402)
1402
loading  /home/jasencakova/dataset/cells/priamy_kanal/sim_2xKSin1_DE_hct15_seed4_rigid31_7_from1204000cy/rbc31_sim_2xKSin1_DE_hct15_seed4_rigid31_7_from1204000cy.dat
shape =  (18, 1402)
1402
loading  /home/jasencakova/dataset/cells/priamy_kanal/sim_2xKSin1_DE_hct15_seed4_rigid31_7_from1204000cy/rbc32_sim_2xKSin1_DE_hct15_seed4_rigid31_7_from1204000cy.dat
shape =  (18, 1402)
1402
loading  /home/jasencakova/dataset/cells/priamy_kanal/sim_2xKSin1_DE_hct15_seed4_rigid31_7_from1204000cy/rbc33_sim_2xKSin1_DE_hct15_seed4_rigid31_7_from1204000cy.dat
shape =  (18, 1402)
1402
loading  /home/jasencakova/dataset/cells/priamy_kanal/sim_2xKSin1_DE_hct15_seed4_rigid31_7_from1204000cy/rbc34_sim_2xKSin1_DE_hct15_seed4_rigid31_7_from1204000cy.dat
shape =  (18, 1402)
1402
loading  /home/jasencakova/dataset/cells/priamy_kanal/sim_2xKSin1_DE_hct15_seed4_rigid31_7_from1204000cy/rbc35_sim_2xKSin1_DE_hct15_seed4_rigid31_7_from1204000cy.dat
shape =  (18, 1402)
1402
loading  /home/jasencakova/dataset/cells/priamy_kanal/sim_2xKSin1_DE_hct15_seed4_rigid31_7_from1204000cy/rbc36_sim_2xKSin1_DE_hct15_seed4_rigid31_7_from1204000cy.dat
shape =  (18, 1402)
1402
loading  /home/jasencakova/dataset/cells/priamy_kanal/sim_2xKSin1_DE_hct15_seed4_rigid31_7_from1204000cy/rbc37_sim_2xKSin1_DE_hct15_seed4_rigid31_7_from1204000cy.dat
shape =  (18, 1402)
1402
loading  /home/jasencakova/dataset/cells/priamy_kanal/sim_2xKSin1_DE_hct15_seed4_rigid31_7_from1204000cy/rbc38_sim_2xKSin1_DE_hct15_seed4_rigid31_7_from1204000cy.dat
shape =  (18, 1402)
1402
loading  /home/jasencakova/dataset/cells/priamy_kanal/sim_2xKSin1_DE_hct15_seed4_rigid31_7_from1204000cy/rbc39_sim_2xKSin1_DE_hct15_seed4_rigid31_7_from1204000cy.dat
shape =  (18, 1402)
1402
loading  /home/jasencakova/dataset/cells/priamy_kanal/sim_2xKSin1_DE_hct15_seed4_rigid31_7_from1204000cy/rbc40_sim_2xKSin1_DE_hct15_seed4_rigid31_7_from1204000cy.dat
shape =  (18, 1402)
1402
loading  /home/jasencakova/dataset/cells/priamy_kanal/sim_2xKSin1_DE_hct15_seed4_rigid31_7_from1204000cy/rbc41_sim_2xKSin1_DE_hct15_seed4_rigid31_7_from1204000cy.dat
shape =  (18, 1402)
1402
loading  /home/jasencakova/dataset/cells/priamy_kanal/sim_2xKSin1_DE_hct15_seed4_rigid31_7_from1204000cy/rbc42_sim_2xKSin1_DE_hct15_seed4_rigid31_7_from1204000cy.dat
shape =  (18, 1402)
1402
loading  /home/jasencakova/dataset/cells/priamy_kanal/sim_2xKSin1_DE_hct15_seed4_rigid31_7_from1204000cy/rbc43_sim_2xKSin1_DE_hct15_seed4_rigid31_7_from1204000cy.dat
shape =  (18, 1402)
1402
loading  /home/jasencakova/dataset/cells/priamy_kanal/sim_2xKSin1_DE_hct15_seed4_rigid31_7_from1204000cy/rbc44_sim_2xKSin1_DE_hct15_seed4_rigid31_7_from1204000cy.dat
shape =  (18, 1402)
1402
loading  /home/jasencakova/dataset/cells/priamy_kanal/sim_2xKSin1_DE_hct15_seed4_rigid31_7_from1204000cy/rbc45_sim_2xKSin1_DE_hct15_seed4_rigid31_7_from1204000cy.dat
shape =  (18, 1402)
1402
loading  /home/jasencakova/dataset/cells/priamy_kanal/sim_2xKSin1_DE_hct15_seed4_rigid31_7_from1204000cy/rbc46_sim_2xKSin1_DE_hct15_seed4_rigid31_7_from1204000cy.dat
shape =  (18, 1402)
1402
loading  /home/jasencakova/dataset/cells/priamy_kanal/sim_2xKSin1_DE_hct15_seed4_rigid31_7_from1204000cy/rbc47_sim_2xKSin1_DE_hct15_seed4_rigid31_7_from1204000cy.dat
shape =  (18, 1402)
1402
loading  /home/jasencakova/dataset/cells/priamy_kanal/sim_2xKSin1_DE_hct15_seed4_rigid31_7_from1204000cy/rbc48_sim_2xKSin1_DE_hct15_seed4_rigid31_7_from1204000cy.dat
shape =  (18, 1402)
1402
loading  /home/jasencakova/dataset/cells/priamy_kanal/sim_2xKSin1_DE_hct15_seed4_rigid31_7_from1204000cy/rbc49_sim_2xKSin1_DE_hct15_seed4_rigid31_7_from1204000cy.dat
shape =  (18, 1402)
1402
loading  /home/jasencakova/dataset/cells/priamy_kanal/sim_2xKSin1_DE_hct15_seed4_rigid31_7_from1204000cy/rbc50_sim_2xKSin1_DE_hct15_seed4_rigid31_7_from1204000cy.dat
shape =  (18, 1402)
1402
loading  /home/jasencakova/dataset/cells/priamy_kanal/sim_2xKSin1_DE_hct15_seed4_rigid31_7_from1204000cy/rbc51_sim_2xKSin1_DE_hct15_seed4_rigid31_7_from1204000cy.dat
shape =  (18, 1402)
1402
loading  /home/jasencakova/dataset/cells/priamy_kanal/sim_2xKSin1_DE_hct15_seed4_rigid31_7_from1204000cy/rbc52_sim_2xKSin1_DE_hct15_seed4_rigid31_7_from1204000cy.dat
shape =  (18, 1402)
1402
loading  /home/jasencakova/dataset/cells/priamy_kanal/sim_2xKSin1_DE_hct15_seed4_rigid31_7_from1204000cy/rbc53_sim_2xKSin1_DE_hct15_seed4_rigid31_7_from1204000cy.dat
shape =  (18, 1402)
1402
loading  /home/jasencakova/dataset/cells/priamy_kanal/sim_2xKSin1_DE_hct15_seed4_rigid31_7_from1204000cy/rbc54_sim_2xKSin1_DE_hct15_seed4_rigid31_7_from1204000cy.dat
shape =  (18, 1402)
1402
loading  /home/jasencakova/dataset/cells/priamy_kanal/sim_2xKSin1_DE_hct15_seed4_rigid31_7_from1204000cy/rbc55_sim_2xKSin1_DE_hct15_seed4_rigid31_7_from1204000cy.dat
shape =  (18, 1402)
1402
loading  /home/jasencakova/dataset/cells/priamy_kanal/sim_2xKSin1_DE_hct15_seed4_rigid31_7_from1204000cy/rbc56_sim_2xKSin1_DE_hct15_seed4_rigid31_7_from1204000cy.dat
shape =  (18, 1402)
1402
loading  /home/jasencakova/dataset/cells/priamy_kanal/sim_2xKSin1_DE_hct15_seed4_rigid31_7_from1204000cy/rbc57_sim_2xKSin1_DE_hct15_seed4_rigid31_7_from1204000cy.dat
shape =  (18, 1402)
1402
loading  /home/jasencakova/dataset/cells/priamy_kanal/sim_2xKSin1_DE_hct15_seed4_rigid31_7_from1204000cy/rbc58_sim_2xKSin1_DE_hct15_seed4_rigid31_7_from1204000cy.dat
shape =  (18, 1402)
1402
loading  /home/jasencakova/dataset/cells/priamy_kanal/sim_2xKSin1_DE_hct15_seed4_rigid31_7_from1204000cy/rbc59_sim_2xKSin1_DE_hct15_seed4_rigid31_7_from1204000cy.dat
shape =  (18, 1402)
1402
loading  /home/jasencakova/dataset/cells/priamy_kanal/sim_2xKSin1_DE_hct15_seed4_rigid31_7_from1204000cy/rbc60_sim_2xKSin1_DE_hct15_seed4_rigid31_7_from1204000cy.dat
shape =  (18, 1402)
1402
loading  /home/jasencakova/dataset/cells/priamy_kanal/sim_2xKSin1_DE_hct15_seed4_rigid31_7_from1204000cy/rbc61_sim_2xKSin1_DE_hct15_seed4_rigid31_7_from1204000cy.dat
shape =  (18, 1402)
1402
loading  /home/jasencakova/dataset/cells/priamy_kanal/sim_2xKSin1_DE_hct15_seed4_rigid31_7_from1204000cy/rbc62_sim_2xKSin1_DE_hct15_seed4_rigid31_7_from1204000cy.dat
shape =  (18, 1402)
1402
loading  /home/jasencakova/dataset/cells/priamy_kanal/sim_2xKSin1_DE_hct15_seed4_rigid31_7_from1204000cy/rbc63_sim_2xKSin1_DE_hct15_seed4_rigid31_7_from1204000cy.dat
shape =  (18, 1402)
1402
loading  /home/jasencakova/dataset/cells/priamy_kanal/sim_2xKSin1_DE_hct15_seed4_rigid31_7_from1204000cy/rbc64_sim_2xKSin1_DE_hct15_seed4_rigid31_7_from1204000cy.dat
shape =  (18, 1402)
1402
loading  /home/jasencakova/dataset/cells/priamy_kanal/sim_2xKSin1_DE_hct15_seed4_rigid31_7_from1204000cy/rbc65_sim_2xKSin1_DE_hct15_seed4_rigid31_7_from1204000cy.dat
shape =  (18, 1402)
1402
loading  /home/jasencakova/dataset/cells/priamy_kanal/sim_2xKSin1_DE_hct15_seed4_rigid31_7_from1204000cy/rbc66_sim_2xKSin1_DE_hct15_seed4_rigid31_7_from1204000cy.dat
shape =  (18, 1402)
1402
loading  /home/jasencakova/dataset/cells/priamy_kanal/sim_2xKSin1_DE_hct15_seed4_rigid31_7_from1204000cy/rbc67_sim_2xKSin1_DE_hct15_seed4_rigid31_7_from1204000cy.dat
shape =  (18, 1402)
1402
loading  /home/jasencakova/dataset/cells/priamy_kanal/sim_2xKSin1_DE_hct15_seed4_rigid31_7_from1204000cy/rbc68_sim_2xKSin1_DE_hct15_seed4_rigid31_7_from1204000cy.dat
shape =  (18, 1402)
1402
loading  /home/jasencakova/dataset/cells/priamy_kanal/sim_2xKSin1_DE_hct15_seed4_rigid31_7_from1204000cy/rbc69_sim_2xKSin1_DE_hct15_seed4_rigid31_7_from1204000cy.dat
shape =  (18, 1402)
1402
loading  /home/jasencakova/dataset/cells/priamy_kanal/sim_2xKSin1_DE_hct15_seed4_rigid31_7_from1204000cy/rbc70_sim_2xKSin1_DE_hct15_seed4_rigid31_7_from1204000cy.dat
shape =  (18, 1402)
1402
loading  /home/jasencakova/dataset/cells/priamy_kanal/sim_2xKSin1_DE_hct15_seed4_rigid31_7_from1204000cy/rbc71_sim_2xKSin1_DE_hct15_seed4_rigid31_7_from1204000cy.dat
shape =  (18, 1402)
1402
loading  /home/jasencakova/dataset/cells/priamy_kanal/sim_2xKSin1_DE_hct15_seed4_rigid31_7_from1204000cy/rbc72_sim_2xKSin1_DE_hct15_seed4_rigid31_7_from1204000cy.dat
shape =  (18, 1402)
1402
loading  /home/jasencakova/dataset/cells/priamy_kanal/sim_2xKSin1_DE_hct15_seed4_rigid31_7_from1204000cy/rbc73_sim_2xKSin1_DE_hct15_seed4_rigid31_7_from1204000cy.dat
shape =  (18, 1402)
1402
loading  /home/jasencakova/dataset/cells/priamy_kanal/sim_2xKSin1_DE_hct15_seed4_rigid31_7_from1204000cy/rbc74_sim_2xKSin1_DE_hct15_seed4_rigid31_7_from1204000cy.dat
shape =  (18, 1402)
1402
loading  /home/jasencakova/dataset/cells/priamy_kanal/sim_2xKSin1_DE_hct15_seed4_rigid31_7_from1204000cy/rbc75_sim_2xKSin1_DE_hct15_seed4_rigid31_7_from1204000cy.dat
shape =  (18, 1402)
1402
loading  /home/jasencakova/dataset/cells/priamy_kanal/sim_2xKSin1_DE_hct15_seed4_rigid31_7_from1204000cy/rbc76_sim_2xKSin1_DE_hct15_seed4_rigid31_7_from1204000cy.dat
shape =  (18, 1402)
1402
loading  /home/jasencakova/dataset/cells/priamy_kanal/sim_2xKSin1_DE_hct15_seed4_rigid31_7_from1204000cy/rbc77_sim_2xKSin1_DE_hct15_seed4_rigid31_7_from1204000cy.dat
shape =  (18, 1402)
1402
loading  /home/jasencakova/dataset/cells/priamy_kanal/sim_2xKSin1_DE_hct15_seed4_rigid31_7_from1204000cy/rbc78_sim_2xKSin1_DE_hct15_seed4_rigid31_7_from1204000cy.dat
shape =  (18, 1402)
1402
loading  /home/jasencakova/dataset/cells/priamy_kanal/sim_2xKSin1_DE_hct15_seed4_rigid31_7_from1204000cy/rbc79_sim_2xKSin1_DE_hct15_seed4_rigid31_7_from1204000cy.dat
shape =  (18, 1402)
1402
loading  /home/jasencakova/dataset/cells/priamy_kanal/sim_2xKSin1_DE_hct15_seed4_rigid31_7_from1204000cy/rbc80_sim_2xKSin1_DE_hct15_seed4_rigid31_7_from1204000cy.dat
shape =  (18, 1402)
1402
loading  /home/jasencakova/dataset/cells/priamy_kanal/sim_2xKSin1_DE_hct15_seed4_rigid31_7_from1204000cy/rbc81_sim_2xKSin1_DE_hct15_seed4_rigid31_7_from1204000cy.dat
shape =  (18, 1402)
1402
loading  /home/jasencakova/dataset/cells/priamy_kanal/sim_2xKSin1_DE_hct15_seed4_rigid31_7_from1204000cy/rbc82_sim_2xKSin1_DE_hct15_seed4_rigid31_7_from1204000cy.dat
shape =  (18, 1402)
1402
loading  /home/jasencakova/dataset/cells/priamy_kanal/sim_2xKSin1_DE_hct15_seed4_rigid31_7_from1204000cy/rbc83_sim_2xKSin1_DE_hct15_seed4_rigid31_7_from1204000cy.dat
shape =  (18, 1402)
1402
loading  /home/jasencakova/dataset/cells/priamy_kanal/sim_2xKSin1_DE_hct15_seed4_rigid31_7_from1204000cy/rbc84_sim_2xKSin1_DE_hct15_seed4_rigid31_7_from1204000cy.dat
shape =  (18, 1402)
1402
loading  /home/jasencakova/dataset/cells/priamy_kanal/sim_2xKSin1_DE_hct15_seed4_rigid31_7_from1204000cy/rbc85_sim_2xKSin1_DE_hct15_seed4_rigid31_7_from1204000cy.dat
shape =  (18, 1402)
1402
loading  /home/jasencakova/dataset/cells/priamy_kanal/sim_2xKSin1_DE_hct15_seed4_rigid31_7_from1204000cy/rbc86_sim_2xKSin1_DE_hct15_seed4_rigid31_7_from1204000cy.dat
shape =  (18, 1402)
1402
loading  /home/jasencakova/dataset/cells/priamy_kanal/sim_2xKSin1_DE_hct15_seed4_rigid31_7_from1204000cy/rbc87_sim_2xKSin1_DE_hct15_seed4_rigid31_7_from1204000cy.dat
shape =  (18, 1402)
1402
loading  /home/jasencakova/dataset/cells/priamy_kanal/sim_2xKSin1_DE_hct15_seed4_rigid31_7_from1204000cy/rbc88_sim_2xKSin1_DE_hct15_seed4_rigid31_7_from1204000cy.dat
shape =  (18, 1402)
1402
loading  /home/jasencakova/dataset/cells/priamy_kanal/sim_2xKSin1_DE_hct15_seed4_rigid31_7_from1204000cy/rbc89_sim_2xKSin1_DE_hct15_seed4_rigid31_7_from1204000cy.dat
shape =  (18, 1402)
1402
loading  /home/jasencakova/dataset/cells/priamy_kanal/sim_2xKSin1_DE_hct15_seed4_rigid31_7_from1204000cy/rbc90_sim_2xKSin1_DE_hct15_seed4_rigid31_7_from1204000cy.dat
shape =  (18, 1402)
1402
loading  /home/jasencakova/dataset/cells/priamy_kanal/sim_2xKSin1_DE_hct15_seed4_rigid31_7_from1204000cy/rbc91_sim_2xKSin1_DE_hct15_seed4_rigid31_7_from1204000cy.dat
shape =  (18, 1402)
1402
loading  /home/jasencakova/dataset/cells/priamy_kanal/sim_2xKSin1_DE_hct15_seed4_rigid31_7_from1204000cy/rbc92_sim_2xKSin1_DE_hct15_seed4_rigid31_7_from1204000cy.dat
shape =  (18, 1402)
1402
loading  /home/jasencakova/dataset/cells/priamy_kanal/sim_2xKSin1_DE_hct15_seed4_rigid31_7_from1204000cy/rbc93_sim_2xKSin1_DE_hct15_seed4_rigid31_7_from1204000cy.dat
shape =  (18, 1402)
1402
loading  /home/jasencakova/dataset/cells/priamy_kanal/sim_2xKSin1_DE_hct15_seed4_rigid31_7_from1204000cy/rbc94_sim_2xKSin1_DE_hct15_seed4_rigid31_7_from1204000cy.dat
shape =  (18, 1402)
1402
loading  /home/jasencakova/dataset/cells/priamy_kanal/sim_2xKSin1_DE_hct15_seed4_rigid31_7_from1204000cy/rbc95_sim_2xKSin1_DE_hct15_seed4_rigid31_7_from1204000cy.dat
shape =  (18, 1402)
1402
loading  /home/jasencakova/dataset/cells/priamy_kanal/sim_2xKSin1_DE_hct15_seed4_rigid31_7_from1204000cy/rbc96_sim_2xKSin1_DE_hct15_seed4_rigid31_7_from1204000cy.dat
shape =  (18, 1402)
1402
loading  /home/jasencakova/dataset/cells/priamy_kanal/sim_2xKSin1_DE_hct15_seed4_rigid31_7_from1204000cy/rbc97_sim_2xKSin1_DE_hct15_seed4_rigid31_7_from1204000cy.dat
shape =  (18, 1402)
1402
loading  /home/jasencakova/dataset/cells/priamy_kanal/sim_2xKSin1_DE_hct15_seed4_rigid31_7_from1204000cy/rbc98_sim_2xKSin1_DE_hct15_seed4_rigid31_7_from1204000cy.dat
shape =  (18, 1402)
1402
loading  /home/jasencakova/dataset/cells/priamy_kanal/sim_2xKSin1_DE_hct15_seed4_rigid31_7_from1204000cy/rbc99_sim_2xKSin1_DE_hct15_seed4_rigid31_7_from1204000cy.dat
shape =  (18, 1402)
1402
loading  /home/jasencakova/dataset/cells/priamy_kanal/sim_2xKSin1_DE_hct15_seed4_rigid31_7_from1204000cy/rbc100_sim_2xKSin1_DE_hct15_seed4_rigid31_7_from1204000cy.dat
shape =  (18, 1402)
1402
loading  /home/jasencakova/dataset/cells/priamy_kanal/sim_2xKSin1_DE_hct15_seed4_rigid31_7_from1204000cy/rbc101_sim_2xKSin1_DE_hct15_seed4_rigid31_7_from1204000cy.dat
shape =  (18, 1402)
1402
loading  /home/jasencakova/dataset/cells/priamy_kanal/sim_2xKSin1_DE_hct15_seed4_rigid31_7_from1204000cy/rbc102_sim_2xKSin1_DE_hct15_seed4_rigid31_7_from1204000cy.dat
shape =  (18, 1402)
1402
loading  /home/jasencakova/dataset/cells/priamy_kanal/sim_2xKSin1_DE_hct15_seed4_rigid31_7_from1204000cy/rbc103_sim_2xKSin1_DE_hct15_seed4_rigid31_7_from1204000cy.dat
shape =  (18, 1402)
1402
loading  /home/jasencakova/dataset/cells/priamy_kanal/sim_2xKSin1_DE_hct15_seed4_rigid31_7_from1204000cy/rbc104_sim_2xKSin1_DE_hct15_seed4_rigid31_7_from1204000cy.dat
shape =  (18, 1402)
1402
loading  /home/jasencakova/dataset/cells/priamy_kanal/sim_2xKSin1_DE_hct15_seed4_rigid31_7_from1204000cy/rbc105_sim_2xKSin1_DE_hct15_seed4_rigid31_7_from1204000cy.dat
shape =  (18, 1402)
1402
loading  /home/jasencakova/dataset/cells/priamy_kanal/sim_2xKSin1_DE_hct15_seed4_rigid31_7_from1204000cy/rbc106_sim_2xKSin1_DE_hct15_seed4_rigid31_7_from1204000cy.dat
shape =  (18, 1402)
1402
loading  /home/jasencakova/dataset/cells/priamy_kanal/sim_2xKSin1_DE_hct15_seed4_rigid31_7_from1204000cy/rbc107_sim_2xKSin1_DE_hct15_seed4_rigid31_7_from1204000cy.dat
shape =  (18, 1402)
1402
loading  /home/jasencakova/dataset/cells/priamy_kanal/sim_2xKSin1_DE_hct15_seed4_rigid31_7_from1204000cy/rbc108_sim_2xKSin1_DE_hct15_seed4_rigid31_7_from1204000cy.dat
shape =  (18, 1402)
1402
loading  /home/jasencakova/dataset/cells/priamy_kanal/sim_2xKSin1_DE_hct15_seed4_rigid31_7_from1204000cy/rbc109_sim_2xKSin1_DE_hct15_seed4_rigid31_7_from1204000cy.dat
shape =  (18, 1402)
1402
loading  /home/jasencakova/dataset/cells/priamy_kanal/sim_2xKSin1_DE_hct15_seed4_rigid31_7_from1204000cy/rbc110_sim_2xKSin1_DE_hct15_seed4_rigid31_7_from1204000cy.dat
shape =  (18, 1402)
1402
loading  /home/jasencakova/dataset/cells/priamy_kanal/sim_2xKSin1_DE_hct15_seed4_rigid31_7_from1204000cy/rbc111_sim_2xKSin1_DE_hct15_seed4_rigid31_7_from1204000cy.dat
shape =  (18, 1402)
1402
loading  /home/jasencakova/dataset/cells/priamy_kanal/sim_2xKSin1_DE_hct15_seed4_rigid31_7_from1204000cy/rbc112_sim_2xKSin1_DE_hct15_seed4_rigid31_7_from1204000cy.dat
shape =  (18, 1402)
1402
loading  /home/jasencakova/dataset/cells/priamy_kanal/sim_2xKSin1_DE_hct15_seed4_rigid31_7_from1204000cy/rbc113_sim_2xKSin1_DE_hct15_seed4_rigid31_7_from1204000cy.dat
shape =  (18, 1402)
1402
loading  /home/jasencakova/dataset/cells/priamy_kanal/sim_2xKSin1_DE_hct15_seed4_rigid31_7_from1204000cy/rbc114_sim_2xKSin1_DE_hct15_seed4_rigid31_7_from1204000cy.dat
shape =  (18, 1402)
1402
loading  /home/jasencakova/dataset/cells/priamy_kanal/sim_2xKSin1_DE_hct15_seed4_rigid31_7_from1204000cy/rbc115_sim_2xKSin1_DE_hct15_seed4_rigid31_7_from1204000cy.dat
shape =  (18, 1402)
1402
loading  /home/jasencakova/dataset/cells/priamy_kanal/sim_2xKSin1_DE_hct15_seed4_rigid31_7_from1204000cy/rbc116_sim_2xKSin1_DE_hct15_seed4_rigid31_7_from1204000cy.dat
shape =  (18, 1402)
1402
loading  /home/jasencakova/dataset/cells/priamy_kanal/sim_2xKSin1_DE_hct15_seed4_rigid31_7_from1204000cy/rbc117_sim_2xKSin1_DE_hct15_seed4_rigid31_7_from1204000cy.dat
shape =  (18, 1402)
1402
loading  /home/jasencakova/dataset/cells/priamy_kanal/sim_2xKSin1_DE_hct15_seed4_rigid31_7_from1204000cy/rbc118_sim_2xKSin1_DE_hct15_seed4_rigid31_7_from1204000cy.dat
shape =  (18, 1402)
1402
loading  /home/jasencakova/dataset/cells/priamy_kanal/sim_2xKSin1_DE_hct15_seed4_rigid31_7_from1204000cy/rbc119_sim_2xKSin1_DE_hct15_seed4_rigid31_7_from1204000cy.dat
shape =  (18, 1402)
1402
loading  /home/jasencakova/dataset/cells/priamy_kanal/sim_2xKSin1_DE_hct15_seed4_rigid31_7_from1204000cy/rbc120_sim_2xKSin1_DE_hct15_seed4_rigid31_7_from1204000cy.dat
shape =  (18, 1402)
1402
loading  /home/jasencakova/dataset/cells/priamy_kanal/sim_2xKSin1_DE_hct15_seed4_rigid31_7_from1204000cy/rbc121_sim_2xKSin1_DE_hct15_seed4_rigid31_7_from1204000cy.dat
shape =  (18, 1402)
1402
loading  /home/jasencakova/dataset/cells/priamy_kanal/sim_2xKSin1_DE_hct15_seed4_rigid31_7_from1204000cy/rbc122_sim_2xKSin1_DE_hct15_seed4_rigid31_7_from1204000cy.dat
shape =  (18, 1402)
1402
loading  /home/jasencakova/dataset/cells/priamy_kanal/sim_2xKSin1_DE_hct15_seed4_rigid31_7_from1204000cy/rbc123_sim_2xKSin1_DE_hct15_seed4_rigid31_7_from1204000cy.dat
shape =  (18, 1402)
1402
loading  /home/jasencakova/dataset/cells/priamy_kanal/sim_2xKSin1_DE_hct15_seed4_rigid31_7_from1204000cy/rbc124_sim_2xKSin1_DE_hct15_seed4_rigid31_7_from1204000cy.dat
shape =  (18, 1402)
1402
loading  /home/jasencakova/dataset/cells/priamy_kanal/sim_2xKSin1_DE_hct15_seed4_rigid31_7_from1204000cy/rbc125_sim_2xKSin1_DE_hct15_seed4_rigid31_7_from1204000cy.dat
shape =  (18, 1402)
1402
loading  /home/jasencakova/dataset/cells/priamy_kanal/sim_2xKSin1_DE_hct15_seed4_rigid31_7_from1204000cy/rbc126_sim_2xKSin1_DE_hct15_seed4_rigid31_7_from1204000cy.dat
shape =  (18, 1402)
1402
loading  /home/jasencakova/dataset/cells/priamy_kanal/sim_2xKSin1_DE_hct15_seed4_rigid31_7_from1204000cy/rbc127_sim_2xKSin1_DE_hct15_seed4_rigid31_7_from1204000cy.dat
shape =  (18, 1402)
1402
loading  /home/jasencakova/dataset/cells/priamy_kanal/sim_2xKSin1_DE_hct15_seed4_rigid31_7_from1204000cy/rbc128_sim_2xKSin1_DE_hct15_seed4_rigid31_7_from1204000cy.dat
shape =  (18, 1402)
1402
loading  /home/jasencakova/dataset/cells/priamy_kanal/sim_2xKSin1_DE_hct15_seed4_rigid31_7_from1204000cy/rbc129_sim_2xKSin1_DE_hct15_seed4_rigid31_7_from1204000cy.dat
shape =  (18, 1402)
1402
loading  /home/jasencakova/dataset/cells/priamy_kanal/sim_2xKSin1_DE_hct15_seed4_rigid31_7_from1204000cy/rbc130_sim_2xKSin1_DE_hct15_seed4_rigid31_7_from1204000cy.dat
shape =  (18, 1402)
1402
loading  /home/jasencakova/dataset/cells/priamy_kanal/sim_2xKSin1_DE_hct15_seed4_rigid31_7_from1204000cy/rbc131_sim_2xKSin1_DE_hct15_seed4_rigid31_7_from1204000cy.dat
shape =  (18, 1402)
1402
loading  /home/jasencakova/dataset/cells/priamy_kanal/sim_2xKSin1_DE_hct15_seed4_rigid31_7_from1204000cy/rbc132_sim_2xKSin1_DE_hct15_seed4_rigid31_7_from1204000cy.dat
shape =  (18, 1402)
1402
loading  /home/jasencakova/dataset/cells/priamy_kanal/sim_2xKSin1_DE_hct15_seed4_rigid31_7_from1204000cy/rbc133_sim_2xKSin1_DE_hct15_seed4_rigid31_7_from1204000cy.dat
shape =  (18, 1402)
1402
loading  /home/jasencakova/dataset/cells/priamy_kanal/sim_2xKSin1_DE_hct15_seed4_rigid31_7_from1204000cy/rbc134_sim_2xKSin1_DE_hct15_seed4_rigid31_7_from1204000cy.dat
shape =  (18, 1402)
1402
loading  /home/jasencakova/dataset/cells/priamy_kanal/sim_2xKSin1_DE_hct15_seed4_rigid31_7_from1204000cy/rbc135_sim_2xKSin1_DE_hct15_seed4_rigid31_7_from1204000cy.dat
shape =  (18, 1402)
1402
loading  /home/jasencakova/dataset/cells/priamy_kanal/sim_2xKSin1_DE_hct15_seed4_rigid31_7_from1204000cy/rbc136_sim_2xKSin1_DE_hct15_seed4_rigid31_7_from1204000cy.dat
shape =  (18, 1402)
1402
loading  /home/jasencakova/dataset/cells/priamy_kanal/sim_2xKSin1_DE_hct15_seed4_rigid31_7_from1204000cy/rbc137_sim_2xKSin1_DE_hct15_seed4_rigid31_7_from1204000cy.dat
shape =  (18, 1402)
1402
loading  /home/jasencakova/dataset/cells/priamy_kanal/sim_2xKSin1_DE_hct15_seed4_rigid31_7_from1204000cy/rbc138_sim_2xKSin1_DE_hct15_seed4_rigid31_7_from1204000cy.dat
shape =  (18, 1402)
1402
loading  /home/jasencakova/dataset/cells/priamy_kanal/sim_2xKSin1_DE_hct15_seed4_rigid31_7_from1204000cy/rbc139_sim_2xKSin1_DE_hct15_seed4_rigid31_7_from1204000cy.dat
shape =  (18, 1402)
1402
loading  /home/jasencakova/dataset/cells/priamy_kanal/sim_2xKSin1_DE_hct15_seed4_rigid31_7_from1204000cy/rbc140_sim_2xKSin1_DE_hct15_seed4_rigid31_7_from1204000cy.dat
shape =  (18, 1402)
1402
loading  /home/jasencakova/dataset/cells/priamy_kanal/sim_2xKSin1_DE_hct15_seed4_rigid31_7_from1204000cy/rbc141_sim_2xKSin1_DE_hct15_seed4_rigid31_7_from1204000cy.dat
shape =  (18, 1402)
1402
loading  /home/jasencakova/dataset/cells/priamy_kanal/sim_2xKSin1_DE_hct15_seed4_rigid31_7_from1204000cy/rbc142_sim_2xKSin1_DE_hct15_seed4_rigid31_7_from1204000cy.dat
shape =  (18, 1402)
1402
loading  /home/jasencakova/dataset/cells/priamy_kanal/sim_2xKSin1_DE_hct15_seed4_rigid31_7_from1204000cy/rbc143_sim_2xKSin1_DE_hct15_seed4_rigid31_7_from1204000cy.dat
shape =  (18, 1402)
1402
loading  /home/jasencakova/dataset/cells/priamy_kanal/sim_2xKSin1_DE_hct15_seed4_rigid31_7_from1204000cy/rbc144_sim_2xKSin1_DE_hct15_seed4_rigid31_7_from1204000cy.dat
shape =  (18, 1402)
1402
loading  /home/jasencakova/dataset/cells/priamy_kanal/sim_2xKSin1_DE_hct15_seed4_rigid31_7_from1204000cy/rbc145_sim_2xKSin1_DE_hct15_seed4_rigid31_7_from1204000cy.dat
shape =  (18, 1402)
1402
loading  /home/jasencakova/dataset/cells/priamy_kanal/sim_2xKSin1_DE_hct15_seed4_rigid31_7_from1204000cy/rbc146_sim_2xKSin1_DE_hct15_seed4_rigid31_7_from1204000cy.dat
shape =  (18, 1402)
1402
loading  /home/jasencakova/dataset/cells/priamy_kanal/sim_2xKSin1_DE_hct15_seed4_rigid31_7_from1204000cy/rbc147_sim_2xKSin1_DE_hct15_seed4_rigid31_7_from1204000cy.dat
shape =  (18, 1402)
1402
loading  /home/jasencakova/dataset/cells/priamy_kanal/sim_2xKSin1_DE_hct15_seed4_rigid31_7_from1204000cy/rbc148_sim_2xKSin1_DE_hct15_seed4_rigid31_7_from1204000cy.dat
shape =  (18, 1402)
1402
loading  /home/jasencakova/dataset/cells/priamy_kanal/sim_2xKSin1_DE_hct15_seed4_rigid31_7_from1204000cy/rbc149_sim_2xKSin1_DE_hct15_seed4_rigid31_7_from1204000cy.dat
shape =  (18, 1402)
1402
loading  /home/jasencakova/dataset/cells/priamy_kanal/sim_2xKSin1_DE_hct15_seed4_rigid31_7_from1204000cy/rbc150_sim_2xKSin1_DE_hct15_seed4_rigid31_7_from1204000cy.dat
shape =  (18, 1402)
1402
loading  /home/jasencakova/dataset/cells/priamy_kanal/sim_2xKSin1_DE_hct15_seed4_rigid31_7_from1204000cy/rbc151_sim_2xKSin1_DE_hct15_seed4_rigid31_7_from1204000cy.dat
shape =  (18, 1402)
1402
loading  /home/jasencakova/dataset/cells/priamy_kanal/sim_2xKSin1_DE_hct15_seed4_rigid31_7_from1204000cy/rbc152_sim_2xKSin1_DE_hct15_seed4_rigid31_7_from1204000cy.dat
shape =  (18, 1402)
1402
loading  /home/jasencakova/dataset/cells/priamy_kanal/sim_2xKSin1_DE_hct15_seed4_rigid31_7_from1204000cy/rbc153_sim_2xKSin1_DE_hct15_seed4_rigid31_7_from1204000cy.dat
shape =  (18, 1402)
1402
shortest_length =  1402
data_shape      =  (154, 1402, 18)



loading  /home/jasencakova/dataset/cells/priamy_kanal/sim_2xKSin1_DE_hct15_seed4_rigid31_7/rbc0_sim_2xKSin1_DE_hct15_seed4_rigid31_7.dat
shape =  (18, 603)
603
loading  /home/jasencakova/dataset/cells/priamy_kanal/sim_2xKSin1_DE_hct15_seed4_rigid31_7/rbc1_sim_2xKSin1_DE_hct15_seed4_rigid31_7.dat
shape =  (18, 603)
603
loading  /home/jasencakova/dataset/cells/priamy_kanal/sim_2xKSin1_DE_hct15_seed4_rigid31_7/rbc2_sim_2xKSin1_DE_hct15_seed4_rigid31_7.dat
shape =  (18, 603)
603
loading  /home/jasencakova/dataset/cells/priamy_kanal/sim_2xKSin1_DE_hct15_seed4_rigid31_7/rbc3_sim_2xKSin1_DE_hct15_seed4_rigid31_7.dat
shape =  (18, 603)
603
loading  /home/jasencakova/dataset/cells/priamy_kanal/sim_2xKSin1_DE_hct15_seed4_rigid31_7/rbc4_sim_2xKSin1_DE_hct15_seed4_rigid31_7.dat
shape =  (18, 603)
603
loading  /home/jasencakova/dataset/cells/priamy_kanal/sim_2xKSin1_DE_hct15_seed4_rigid31_7/rbc5_sim_2xKSin1_DE_hct15_seed4_rigid31_7.dat
shape =  (18, 603)
603
loading  /home/jasencakova/dataset/cells/priamy_kanal/sim_2xKSin1_DE_hct15_seed4_rigid31_7/rbc6_sim_2xKSin1_DE_hct15_seed4_rigid31_7.dat
shape =  (18, 603)
603
loading  /home/jasencakova/dataset/cells/priamy_kanal/sim_2xKSin1_DE_hct15_seed4_rigid31_7/rbc7_sim_2xKSin1_DE_hct15_seed4_rigid31_7.dat
shape =  (18, 603)
603
loading  /home/jasencakova/dataset/cells/priamy_kanal/sim_2xKSin1_DE_hct15_seed4_rigid31_7/rbc8_sim_2xKSin1_DE_hct15_seed4_rigid31_7.dat
shape =  (18, 603)
603
loading  /home/jasencakova/dataset/cells/priamy_kanal/sim_2xKSin1_DE_hct15_seed4_rigid31_7/rbc9_sim_2xKSin1_DE_hct15_seed4_rigid31_7.dat
shape =  (18, 603)
603
loading  /home/jasencakova/dataset/cells/priamy_kanal/sim_2xKSin1_DE_hct15_seed4_rigid31_7/rbc10_sim_2xKSin1_DE_hct15_seed4_rigid31_7.dat
shape =  (18, 603)
603
loading  /home/jasencakova/dataset/cells/priamy_kanal/sim_2xKSin1_DE_hct15_seed4_rigid31_7/rbc11_sim_2xKSin1_DE_hct15_seed4_rigid31_7.dat
shape =  (18, 603)
603
loading  /home/jasencakova/dataset/cells/priamy_kanal/sim_2xKSin1_DE_hct15_seed4_rigid31_7/rbc12_sim_2xKSin1_DE_hct15_seed4_rigid31_7.dat
shape =  (18, 603)
603
loading  /home/jasencakova/dataset/cells/priamy_kanal/sim_2xKSin1_DE_hct15_seed4_rigid31_7/rbc13_sim_2xKSin1_DE_hct15_seed4_rigid31_7.dat
shape =  (18, 603)
603
loading  /home/jasencakova/dataset/cells/priamy_kanal/sim_2xKSin1_DE_hct15_seed4_rigid31_7/rbc14_sim_2xKSin1_DE_hct15_seed4_rigid31_7.dat
shape =  (18, 603)
603
loading  /home/jasencakova/dataset/cells/priamy_kanal/sim_2xKSin1_DE_hct15_seed4_rigid31_7/rbc15_sim_2xKSin1_DE_hct15_seed4_rigid31_7.dat
shape =  (18, 603)
603
loading  /home/jasencakova/dataset/cells/priamy_kanal/sim_2xKSin1_DE_hct15_seed4_rigid31_7/rbc16_sim_2xKSin1_DE_hct15_seed4_rigid31_7.dat
shape =  (18, 603)
603
loading  /home/jasencakova/dataset/cells/priamy_kanal/sim_2xKSin1_DE_hct15_seed4_rigid31_7/rbc17_sim_2xKSin1_DE_hct15_seed4_rigid31_7.dat
shape =  (18, 603)
603
loading  /home/jasencakova/dataset/cells/priamy_kanal/sim_2xKSin1_DE_hct15_seed4_rigid31_7/rbc18_sim_2xKSin1_DE_hct15_seed4_rigid31_7.dat
shape =  (18, 603)
603
loading  /home/jasencakova/dataset/cells/priamy_kanal/sim_2xKSin1_DE_hct15_seed4_rigid31_7/rbc19_sim_2xKSin1_DE_hct15_seed4_rigid31_7.dat
shape =  (18, 603)
603
loading  /home/jasencakova/dataset/cells/priamy_kanal/sim_2xKSin1_DE_hct15_seed4_rigid31_7/rbc20_sim_2xKSin1_DE_hct15_seed4_rigid31_7.dat
shape =  (18, 603)
603
loading  /home/jasencakova/dataset/cells/priamy_kanal/sim_2xKSin1_DE_hct15_seed4_rigid31_7/rbc21_sim_2xKSin1_DE_hct15_seed4_rigid31_7.dat
shape =  (18, 603)
603
loading  /home/jasencakova/dataset/cells/priamy_kanal/sim_2xKSin1_DE_hct15_seed4_rigid31_7/rbc22_sim_2xKSin1_DE_hct15_seed4_rigid31_7.dat
shape =  (18, 603)
603
loading  /home/jasencakova/dataset/cells/priamy_kanal/sim_2xKSin1_DE_hct15_seed4_rigid31_7/rbc23_sim_2xKSin1_DE_hct15_seed4_rigid31_7.dat
shape =  (18, 603)
603
loading  /home/jasencakova/dataset/cells/priamy_kanal/sim_2xKSin1_DE_hct15_seed4_rigid31_7/rbc24_sim_2xKSin1_DE_hct15_seed4_rigid31_7.dat
shape =  (18, 603)
603
loading  /home/jasencakova/dataset/cells/priamy_kanal/sim_2xKSin1_DE_hct15_seed4_rigid31_7/rbc25_sim_2xKSin1_DE_hct15_seed4_rigid31_7.dat
shape =  (18, 603)
603
loading  /home/jasencakova/dataset/cells/priamy_kanal/sim_2xKSin1_DE_hct15_seed4_rigid31_7/rbc26_sim_2xKSin1_DE_hct15_seed4_rigid31_7.dat
shape =  (18, 603)
603
loading  /home/jasencakova/dataset/cells/priamy_kanal/sim_2xKSin1_DE_hct15_seed4_rigid31_7/rbc27_sim_2xKSin1_DE_hct15_seed4_rigid31_7.dat
shape =  (18, 603)
603
loading  /home/jasencakova/dataset/cells/priamy_kanal/sim_2xKSin1_DE_hct15_seed4_rigid31_7/rbc28_sim_2xKSin1_DE_hct15_seed4_rigid31_7.dat
shape =  (18, 603)
603
loading  /home/jasencakova/dataset/cells/priamy_kanal/sim_2xKSin1_DE_hct15_seed4_rigid31_7/rbc29_sim_2xKSin1_DE_hct15_seed4_rigid31_7.dat
shape =  (18, 603)
603
loading  /home/jasencakova/dataset/cells/priamy_kanal/sim_2xKSin1_DE_hct15_seed4_rigid31_7/rbc30_sim_2xKSin1_DE_hct15_seed4_rigid31_7.dat
shape =  (18, 603)
603
loading  /home/jasencakova/dataset/cells/priamy_kanal/sim_2xKSin1_DE_hct15_seed4_rigid31_7/rbc31_sim_2xKSin1_DE_hct15_seed4_rigid31_7.dat
shape =  (18, 603)
603
loading  /home/jasencakova/dataset/cells/priamy_kanal/sim_2xKSin1_DE_hct15_seed4_rigid31_7/rbc32_sim_2xKSin1_DE_hct15_seed4_rigid31_7.dat
shape =  (18, 603)
603
loading  /home/jasencakova/dataset/cells/priamy_kanal/sim_2xKSin1_DE_hct15_seed4_rigid31_7/rbc33_sim_2xKSin1_DE_hct15_seed4_rigid31_7.dat
shape =  (18, 603)
603
loading  /home/jasencakova/dataset/cells/priamy_kanal/sim_2xKSin1_DE_hct15_seed4_rigid31_7/rbc34_sim_2xKSin1_DE_hct15_seed4_rigid31_7.dat
shape =  (18, 603)
603
loading  /home/jasencakova/dataset/cells/priamy_kanal/sim_2xKSin1_DE_hct15_seed4_rigid31_7/rbc35_sim_2xKSin1_DE_hct15_seed4_rigid31_7.dat
shape =  (18, 603)
603
loading  /home/jasencakova/dataset/cells/priamy_kanal/sim_2xKSin1_DE_hct15_seed4_rigid31_7/rbc36_sim_2xKSin1_DE_hct15_seed4_rigid31_7.dat
shape =  (18, 603)
603
loading  /home/jasencakova/dataset/cells/priamy_kanal/sim_2xKSin1_DE_hct15_seed4_rigid31_7/rbc37_sim_2xKSin1_DE_hct15_seed4_rigid31_7.dat
shape =  (18, 603)
603
loading  /home/jasencakova/dataset/cells/priamy_kanal/sim_2xKSin1_DE_hct15_seed4_rigid31_7/rbc38_sim_2xKSin1_DE_hct15_seed4_rigid31_7.dat
shape =  (18, 603)
603
loading  /home/jasencakova/dataset/cells/priamy_kanal/sim_2xKSin1_DE_hct15_seed4_rigid31_7/rbc39_sim_2xKSin1_DE_hct15_seed4_rigid31_7.dat
shape =  (18, 603)
603
loading  /home/jasencakova/dataset/cells/priamy_kanal/sim_2xKSin1_DE_hct15_seed4_rigid31_7/rbc40_sim_2xKSin1_DE_hct15_seed4_rigid31_7.dat
shape =  (18, 603)
603
loading  /home/jasencakova/dataset/cells/priamy_kanal/sim_2xKSin1_DE_hct15_seed4_rigid31_7/rbc41_sim_2xKSin1_DE_hct15_seed4_rigid31_7.dat
shape =  (18, 603)
603
loading  /home/jasencakova/dataset/cells/priamy_kanal/sim_2xKSin1_DE_hct15_seed4_rigid31_7/rbc42_sim_2xKSin1_DE_hct15_seed4_rigid31_7.dat
shape =  (18, 603)
603
loading  /home/jasencakova/dataset/cells/priamy_kanal/sim_2xKSin1_DE_hct15_seed4_rigid31_7/rbc43_sim_2xKSin1_DE_hct15_seed4_rigid31_7.dat
shape =  (18, 603)
603
loading  /home/jasencakova/dataset/cells/priamy_kanal/sim_2xKSin1_DE_hct15_seed4_rigid31_7/rbc44_sim_2xKSin1_DE_hct15_seed4_rigid31_7.dat
shape =  (18, 603)
603
loading  /home/jasencakova/dataset/cells/priamy_kanal/sim_2xKSin1_DE_hct15_seed4_rigid31_7/rbc45_sim_2xKSin1_DE_hct15_seed4_rigid31_7.dat
shape =  (18, 603)
603
loading  /home/jasencakova/dataset/cells/priamy_kanal/sim_2xKSin1_DE_hct15_seed4_rigid31_7/rbc46_sim_2xKSin1_DE_hct15_seed4_rigid31_7.dat
shape =  (18, 603)
603
loading  /home/jasencakova/dataset/cells/priamy_kanal/sim_2xKSin1_DE_hct15_seed4_rigid31_7/rbc47_sim_2xKSin1_DE_hct15_seed4_rigid31_7.dat
shape =  (18, 603)
603
loading  /home/jasencakova/dataset/cells/priamy_kanal/sim_2xKSin1_DE_hct15_seed4_rigid31_7/rbc48_sim_2xKSin1_DE_hct15_seed4_rigid31_7.dat
shape =  (18, 603)
603
loading  /home/jasencakova/dataset/cells/priamy_kanal/sim_2xKSin1_DE_hct15_seed4_rigid31_7/rbc49_sim_2xKSin1_DE_hct15_seed4_rigid31_7.dat
shape =  (18, 603)
603
loading  /home/jasencakova/dataset/cells/priamy_kanal/sim_2xKSin1_DE_hct15_seed4_rigid31_7/rbc50_sim_2xKSin1_DE_hct15_seed4_rigid31_7.dat
shape =  (18, 603)
603
loading  /home/jasencakova/dataset/cells/priamy_kanal/sim_2xKSin1_DE_hct15_seed4_rigid31_7/rbc51_sim_2xKSin1_DE_hct15_seed4_rigid31_7.dat
shape =  (18, 603)
603
loading  /home/jasencakova/dataset/cells/priamy_kanal/sim_2xKSin1_DE_hct15_seed4_rigid31_7/rbc52_sim_2xKSin1_DE_hct15_seed4_rigid31_7.dat
shape =  (18, 603)
603
loading  /home/jasencakova/dataset/cells/priamy_kanal/sim_2xKSin1_DE_hct15_seed4_rigid31_7/rbc53_sim_2xKSin1_DE_hct15_seed4_rigid31_7.dat
shape =  (18, 603)
603
loading  /home/jasencakova/dataset/cells/priamy_kanal/sim_2xKSin1_DE_hct15_seed4_rigid31_7/rbc54_sim_2xKSin1_DE_hct15_seed4_rigid31_7.dat
shape =  (18, 603)
603
loading  /home/jasencakova/dataset/cells/priamy_kanal/sim_2xKSin1_DE_hct15_seed4_rigid31_7/rbc55_sim_2xKSin1_DE_hct15_seed4_rigid31_7.dat
shape =  (18, 603)
603
loading  /home/jasencakova/dataset/cells/priamy_kanal/sim_2xKSin1_DE_hct15_seed4_rigid31_7/rbc56_sim_2xKSin1_DE_hct15_seed4_rigid31_7.dat
shape =  (18, 603)
603
loading  /home/jasencakova/dataset/cells/priamy_kanal/sim_2xKSin1_DE_hct15_seed4_rigid31_7/rbc57_sim_2xKSin1_DE_hct15_seed4_rigid31_7.dat
shape =  (18, 603)
603
loading  /home/jasencakova/dataset/cells/priamy_kanal/sim_2xKSin1_DE_hct15_seed4_rigid31_7/rbc58_sim_2xKSin1_DE_hct15_seed4_rigid31_7.dat
shape =  (18, 603)
603
loading  /home/jasencakova/dataset/cells/priamy_kanal/sim_2xKSin1_DE_hct15_seed4_rigid31_7/rbc59_sim_2xKSin1_DE_hct15_seed4_rigid31_7.dat
shape =  (18, 603)
603
loading  /home/jasencakova/dataset/cells/priamy_kanal/sim_2xKSin1_DE_hct15_seed4_rigid31_7/rbc60_sim_2xKSin1_DE_hct15_seed4_rigid31_7.dat
shape =  (18, 603)
603
loading  /home/jasencakova/dataset/cells/priamy_kanal/sim_2xKSin1_DE_hct15_seed4_rigid31_7/rbc61_sim_2xKSin1_DE_hct15_seed4_rigid31_7.dat
shape =  (18, 603)
603
loading  /home/jasencakova/dataset/cells/priamy_kanal/sim_2xKSin1_DE_hct15_seed4_rigid31_7/rbc62_sim_2xKSin1_DE_hct15_seed4_rigid31_7.dat
shape =  (18, 603)
603
loading  /home/jasencakova/dataset/cells/priamy_kanal/sim_2xKSin1_DE_hct15_seed4_rigid31_7/rbc63_sim_2xKSin1_DE_hct15_seed4_rigid31_7.dat
shape =  (18, 603)
603
loading  /home/jasencakova/dataset/cells/priamy_kanal/sim_2xKSin1_DE_hct15_seed4_rigid31_7/rbc64_sim_2xKSin1_DE_hct15_seed4_rigid31_7.dat
shape =  (18, 603)
603
loading  /home/jasencakova/dataset/cells/priamy_kanal/sim_2xKSin1_DE_hct15_seed4_rigid31_7/rbc65_sim_2xKSin1_DE_hct15_seed4_rigid31_7.dat
shape =  (18, 603)
603
loading  /home/jasencakova/dataset/cells/priamy_kanal/sim_2xKSin1_DE_hct15_seed4_rigid31_7/rbc66_sim_2xKSin1_DE_hct15_seed4_rigid31_7.dat
shape =  (18, 603)
603
loading  /home/jasencakova/dataset/cells/priamy_kanal/sim_2xKSin1_DE_hct15_seed4_rigid31_7/rbc67_sim_2xKSin1_DE_hct15_seed4_rigid31_7.dat
shape =  (18, 603)
603
loading  /home/jasencakova/dataset/cells/priamy_kanal/sim_2xKSin1_DE_hct15_seed4_rigid31_7/rbc68_sim_2xKSin1_DE_hct15_seed4_rigid31_7.dat
shape =  (18, 603)
603
loading  /home/jasencakova/dataset/cells/priamy_kanal/sim_2xKSin1_DE_hct15_seed4_rigid31_7/rbc69_sim_2xKSin1_DE_hct15_seed4_rigid31_7.dat
shape =  (18, 603)
603
loading  /home/jasencakova/dataset/cells/priamy_kanal/sim_2xKSin1_DE_hct15_seed4_rigid31_7/rbc70_sim_2xKSin1_DE_hct15_seed4_rigid31_7.dat
shape =  (18, 603)
603
loading  /home/jasencakova/dataset/cells/priamy_kanal/sim_2xKSin1_DE_hct15_seed4_rigid31_7/rbc71_sim_2xKSin1_DE_hct15_seed4_rigid31_7.dat
shape =  (18, 603)
603
loading  /home/jasencakova/dataset/cells/priamy_kanal/sim_2xKSin1_DE_hct15_seed4_rigid31_7/rbc72_sim_2xKSin1_DE_hct15_seed4_rigid31_7.dat
shape =  (18, 603)
603
loading  /home/jasencakova/dataset/cells/priamy_kanal/sim_2xKSin1_DE_hct15_seed4_rigid31_7/rbc73_sim_2xKSin1_DE_hct15_seed4_rigid31_7.dat
shape =  (18, 603)
603
loading  /home/jasencakova/dataset/cells/priamy_kanal/sim_2xKSin1_DE_hct15_seed4_rigid31_7/rbc74_sim_2xKSin1_DE_hct15_seed4_rigid31_7.dat
shape =  (18, 603)
603
loading  /home/jasencakova/dataset/cells/priamy_kanal/sim_2xKSin1_DE_hct15_seed4_rigid31_7/rbc75_sim_2xKSin1_DE_hct15_seed4_rigid31_7.dat
shape =  (18, 603)
603
loading  /home/jasencakova/dataset/cells/priamy_kanal/sim_2xKSin1_DE_hct15_seed4_rigid31_7/rbc76_sim_2xKSin1_DE_hct15_seed4_rigid31_7.dat
shape =  (18, 603)
603
loading  /home/jasencakova/dataset/cells/priamy_kanal/sim_2xKSin1_DE_hct15_seed4_rigid31_7/rbc77_sim_2xKSin1_DE_hct15_seed4_rigid31_7.dat
shape =  (18, 603)
603
loading  /home/jasencakova/dataset/cells/priamy_kanal/sim_2xKSin1_DE_hct15_seed4_rigid31_7/rbc78_sim_2xKSin1_DE_hct15_seed4_rigid31_7.dat
shape =  (18, 603)
603
loading  /home/jasencakova/dataset/cells/priamy_kanal/sim_2xKSin1_DE_hct15_seed4_rigid31_7/rbc79_sim_2xKSin1_DE_hct15_seed4_rigid31_7.dat
shape =  (18, 603)
603
loading  /home/jasencakova/dataset/cells/priamy_kanal/sim_2xKSin1_DE_hct15_seed4_rigid31_7/rbc80_sim_2xKSin1_DE_hct15_seed4_rigid31_7.dat
shape =  (18, 603)
603
loading  /home/jasencakova/dataset/cells/priamy_kanal/sim_2xKSin1_DE_hct15_seed4_rigid31_7/rbc81_sim_2xKSin1_DE_hct15_seed4_rigid31_7.dat
shape =  (18, 603)
603
loading  /home/jasencakova/dataset/cells/priamy_kanal/sim_2xKSin1_DE_hct15_seed4_rigid31_7/rbc82_sim_2xKSin1_DE_hct15_seed4_rigid31_7.dat
shape =  (18, 603)
603
loading  /home/jasencakova/dataset/cells/priamy_kanal/sim_2xKSin1_DE_hct15_seed4_rigid31_7/rbc83_sim_2xKSin1_DE_hct15_seed4_rigid31_7.dat
shape =  (18, 603)
603
loading  /home/jasencakova/dataset/cells/priamy_kanal/sim_2xKSin1_DE_hct15_seed4_rigid31_7/rbc84_sim_2xKSin1_DE_hct15_seed4_rigid31_7.dat
shape =  (18, 603)
603
loading  /home/jasencakova/dataset/cells/priamy_kanal/sim_2xKSin1_DE_hct15_seed4_rigid31_7/rbc85_sim_2xKSin1_DE_hct15_seed4_rigid31_7.dat
shape =  (18, 603)
603
loading  /home/jasencakova/dataset/cells/priamy_kanal/sim_2xKSin1_DE_hct15_seed4_rigid31_7/rbc86_sim_2xKSin1_DE_hct15_seed4_rigid31_7.dat
shape =  (18, 603)
603
loading  /home/jasencakova/dataset/cells/priamy_kanal/sim_2xKSin1_DE_hct15_seed4_rigid31_7/rbc87_sim_2xKSin1_DE_hct15_seed4_rigid31_7.dat
shape =  (18, 603)
603
loading  /home/jasencakova/dataset/cells/priamy_kanal/sim_2xKSin1_DE_hct15_seed4_rigid31_7/rbc88_sim_2xKSin1_DE_hct15_seed4_rigid31_7.dat
shape =  (18, 603)
603
loading  /home/jasencakova/dataset/cells/priamy_kanal/sim_2xKSin1_DE_hct15_seed4_rigid31_7/rbc89_sim_2xKSin1_DE_hct15_seed4_rigid31_7.dat
shape =  (18, 603)
603
loading  /home/jasencakova/dataset/cells/priamy_kanal/sim_2xKSin1_DE_hct15_seed4_rigid31_7/rbc90_sim_2xKSin1_DE_hct15_seed4_rigid31_7.dat
shape =  (18, 603)
603
loading  /home/jasencakova/dataset/cells/priamy_kanal/sim_2xKSin1_DE_hct15_seed4_rigid31_7/rbc91_sim_2xKSin1_DE_hct15_seed4_rigid31_7.dat
shape =  (18, 603)
603
loading  /home/jasencakova/dataset/cells/priamy_kanal/sim_2xKSin1_DE_hct15_seed4_rigid31_7/rbc92_sim_2xKSin1_DE_hct15_seed4_rigid31_7.dat
shape =  (18, 603)
603
loading  /home/jasencakova/dataset/cells/priamy_kanal/sim_2xKSin1_DE_hct15_seed4_rigid31_7/rbc93_sim_2xKSin1_DE_hct15_seed4_rigid31_7.dat
shape =  (18, 603)
603
loading  /home/jasencakova/dataset/cells/priamy_kanal/sim_2xKSin1_DE_hct15_seed4_rigid31_7/rbc94_sim_2xKSin1_DE_hct15_seed4_rigid31_7.dat
shape =  (18, 603)
603
loading  /home/jasencakova/dataset/cells/priamy_kanal/sim_2xKSin1_DE_hct15_seed4_rigid31_7/rbc95_sim_2xKSin1_DE_hct15_seed4_rigid31_7.dat
shape =  (18, 603)
603
loading  /home/jasencakova/dataset/cells/priamy_kanal/sim_2xKSin1_DE_hct15_seed4_rigid31_7/rbc96_sim_2xKSin1_DE_hct15_seed4_rigid31_7.dat
shape =  (18, 603)
603
loading  /home/jasencakova/dataset/cells/priamy_kanal/sim_2xKSin1_DE_hct15_seed4_rigid31_7/rbc97_sim_2xKSin1_DE_hct15_seed4_rigid31_7.dat
shape =  (18, 603)
603
loading  /home/jasencakova/dataset/cells/priamy_kanal/sim_2xKSin1_DE_hct15_seed4_rigid31_7/rbc98_sim_2xKSin1_DE_hct15_seed4_rigid31_7.dat
shape =  (18, 603)
603
loading  /home/jasencakova/dataset/cells/priamy_kanal/sim_2xKSin1_DE_hct15_seed4_rigid31_7/rbc99_sim_2xKSin1_DE_hct15_seed4_rigid31_7.dat
shape =  (18, 603)
603
loading  /home/jasencakova/dataset/cells/priamy_kanal/sim_2xKSin1_DE_hct15_seed4_rigid31_7/rbc100_sim_2xKSin1_DE_hct15_seed4_rigid31_7.dat
shape =  (18, 603)
603
loading  /home/jasencakova/dataset/cells/priamy_kanal/sim_2xKSin1_DE_hct15_seed4_rigid31_7/rbc101_sim_2xKSin1_DE_hct15_seed4_rigid31_7.dat
shape =  (18, 603)
603
loading  /home/jasencakova/dataset/cells/priamy_kanal/sim_2xKSin1_DE_hct15_seed4_rigid31_7/rbc102_sim_2xKSin1_DE_hct15_seed4_rigid31_7.dat
shape =  (18, 603)
603
loading  /home/jasencakova/dataset/cells/priamy_kanal/sim_2xKSin1_DE_hct15_seed4_rigid31_7/rbc103_sim_2xKSin1_DE_hct15_seed4_rigid31_7.dat
shape =  (18, 603)
603
loading  /home/jasencakova/dataset/cells/priamy_kanal/sim_2xKSin1_DE_hct15_seed4_rigid31_7/rbc104_sim_2xKSin1_DE_hct15_seed4_rigid31_7.dat
shape =  (18, 603)
603
loading  /home/jasencakova/dataset/cells/priamy_kanal/sim_2xKSin1_DE_hct15_seed4_rigid31_7/rbc105_sim_2xKSin1_DE_hct15_seed4_rigid31_7.dat
shape =  (18, 603)
603
loading  /home/jasencakova/dataset/cells/priamy_kanal/sim_2xKSin1_DE_hct15_seed4_rigid31_7/rbc106_sim_2xKSin1_DE_hct15_seed4_rigid31_7.dat
shape =  (18, 603)
603
loading  /home/jasencakova/dataset/cells/priamy_kanal/sim_2xKSin1_DE_hct15_seed4_rigid31_7/rbc107_sim_2xKSin1_DE_hct15_seed4_rigid31_7.dat
shape =  (18, 603)
603
loading  /home/jasencakova/dataset/cells/priamy_kanal/sim_2xKSin1_DE_hct15_seed4_rigid31_7/rbc108_sim_2xKSin1_DE_hct15_seed4_rigid31_7.dat
shape =  (18, 603)
603
loading  /home/jasencakova/dataset/cells/priamy_kanal/sim_2xKSin1_DE_hct15_seed4_rigid31_7/rbc109_sim_2xKSin1_DE_hct15_seed4_rigid31_7.dat
shape =  (18, 603)
603
loading  /home/jasencakova/dataset/cells/priamy_kanal/sim_2xKSin1_DE_hct15_seed4_rigid31_7/rbc110_sim_2xKSin1_DE_hct15_seed4_rigid31_7.dat
shape =  (18, 603)
603
loading  /home/jasencakova/dataset/cells/priamy_kanal/sim_2xKSin1_DE_hct15_seed4_rigid31_7/rbc111_sim_2xKSin1_DE_hct15_seed4_rigid31_7.dat
shape =  (18, 603)
603
loading  /home/jasencakova/dataset/cells/priamy_kanal/sim_2xKSin1_DE_hct15_seed4_rigid31_7/rbc112_sim_2xKSin1_DE_hct15_seed4_rigid31_7.dat
shape =  (18, 603)
603
loading  /home/jasencakova/dataset/cells/priamy_kanal/sim_2xKSin1_DE_hct15_seed4_rigid31_7/rbc113_sim_2xKSin1_DE_hct15_seed4_rigid31_7.dat
shape =  (18, 603)
603
loading  /home/jasencakova/dataset/cells/priamy_kanal/sim_2xKSin1_DE_hct15_seed4_rigid31_7/rbc114_sim_2xKSin1_DE_hct15_seed4_rigid31_7.dat
shape =  (18, 603)
603
loading  /home/jasencakova/dataset/cells/priamy_kanal/sim_2xKSin1_DE_hct15_seed4_rigid31_7/rbc115_sim_2xKSin1_DE_hct15_seed4_rigid31_7.dat
shape =  (18, 603)
603
loading  /home/jasencakova/dataset/cells/priamy_kanal/sim_2xKSin1_DE_hct15_seed4_rigid31_7/rbc116_sim_2xKSin1_DE_hct15_seed4_rigid31_7.dat
shape =  (18, 603)
603
loading  /home/jasencakova/dataset/cells/priamy_kanal/sim_2xKSin1_DE_hct15_seed4_rigid31_7/rbc117_sim_2xKSin1_DE_hct15_seed4_rigid31_7.dat
shape =  (18, 603)
603
loading  /home/jasencakova/dataset/cells/priamy_kanal/sim_2xKSin1_DE_hct15_seed4_rigid31_7/rbc118_sim_2xKSin1_DE_hct15_seed4_rigid31_7.dat
shape =  (18, 603)
603
loading  /home/jasencakova/dataset/cells/priamy_kanal/sim_2xKSin1_DE_hct15_seed4_rigid31_7/rbc119_sim_2xKSin1_DE_hct15_seed4_rigid31_7.dat
shape =  (18, 603)
603
loading  /home/jasencakova/dataset/cells/priamy_kanal/sim_2xKSin1_DE_hct15_seed4_rigid31_7/rbc120_sim_2xKSin1_DE_hct15_seed4_rigid31_7.dat
shape =  (18, 603)
603
loading  /home/jasencakova/dataset/cells/priamy_kanal/sim_2xKSin1_DE_hct15_seed4_rigid31_7/rbc121_sim_2xKSin1_DE_hct15_seed4_rigid31_7.dat
shape =  (18, 603)
603
loading  /home/jasencakova/dataset/cells/priamy_kanal/sim_2xKSin1_DE_hct15_seed4_rigid31_7/rbc122_sim_2xKSin1_DE_hct15_seed4_rigid31_7.dat
shape =  (18, 603)
603
loading  /home/jasencakova/dataset/cells/priamy_kanal/sim_2xKSin1_DE_hct15_seed4_rigid31_7/rbc123_sim_2xKSin1_DE_hct15_seed4_rigid31_7.dat
shape =  (18, 603)
603
loading  /home/jasencakova/dataset/cells/priamy_kanal/sim_2xKSin1_DE_hct15_seed4_rigid31_7/rbc124_sim_2xKSin1_DE_hct15_seed4_rigid31_7.dat
shape =  (18, 603)
603
loading  /home/jasencakova/dataset/cells/priamy_kanal/sim_2xKSin1_DE_hct15_seed4_rigid31_7/rbc125_sim_2xKSin1_DE_hct15_seed4_rigid31_7.dat
shape =  (18, 603)
603
loading  /home/jasencakova/dataset/cells/priamy_kanal/sim_2xKSin1_DE_hct15_seed4_rigid31_7/rbc126_sim_2xKSin1_DE_hct15_seed4_rigid31_7.dat
shape =  (18, 603)
603
loading  /home/jasencakova/dataset/cells/priamy_kanal/sim_2xKSin1_DE_hct15_seed4_rigid31_7/rbc127_sim_2xKSin1_DE_hct15_seed4_rigid31_7.dat
shape =  (18, 603)
603
loading  /home/jasencakova/dataset/cells/priamy_kanal/sim_2xKSin1_DE_hct15_seed4_rigid31_7/rbc128_sim_2xKSin1_DE_hct15_seed4_rigid31_7.dat
shape =  (18, 603)
603
loading  /home/jasencakova/dataset/cells/priamy_kanal/sim_2xKSin1_DE_hct15_seed4_rigid31_7/rbc129_sim_2xKSin1_DE_hct15_seed4_rigid31_7.dat
shape =  (18, 603)
603
loading  /home/jasencakova/dataset/cells/priamy_kanal/sim_2xKSin1_DE_hct15_seed4_rigid31_7/rbc130_sim_2xKSin1_DE_hct15_seed4_rigid31_7.dat
shape =  (18, 603)
603
loading  /home/jasencakova/dataset/cells/priamy_kanal/sim_2xKSin1_DE_hct15_seed4_rigid31_7/rbc131_sim_2xKSin1_DE_hct15_seed4_rigid31_7.dat
shape =  (18, 603)
603
loading  /home/jasencakova/dataset/cells/priamy_kanal/sim_2xKSin1_DE_hct15_seed4_rigid31_7/rbc132_sim_2xKSin1_DE_hct15_seed4_rigid31_7.dat
shape =  (18, 603)
603
loading  /home/jasencakova/dataset/cells/priamy_kanal/sim_2xKSin1_DE_hct15_seed4_rigid31_7/rbc133_sim_2xKSin1_DE_hct15_seed4_rigid31_7.dat
shape =  (18, 603)
603
loading  /home/jasencakova/dataset/cells/priamy_kanal/sim_2xKSin1_DE_hct15_seed4_rigid31_7/rbc134_sim_2xKSin1_DE_hct15_seed4_rigid31_7.dat
shape =  (18, 603)
603
loading  /home/jasencakova/dataset/cells/priamy_kanal/sim_2xKSin1_DE_hct15_seed4_rigid31_7/rbc135_sim_2xKSin1_DE_hct15_seed4_rigid31_7.dat
shape =  (18, 603)
603
loading  /home/jasencakova/dataset/cells/priamy_kanal/sim_2xKSin1_DE_hct15_seed4_rigid31_7/rbc136_sim_2xKSin1_DE_hct15_seed4_rigid31_7.dat
shape =  (18, 603)
603
loading  /home/jasencakova/dataset/cells/priamy_kanal/sim_2xKSin1_DE_hct15_seed4_rigid31_7/rbc137_sim_2xKSin1_DE_hct15_seed4_rigid31_7.dat
shape =  (18, 603)
603
loading  /home/jasencakova/dataset/cells/priamy_kanal/sim_2xKSin1_DE_hct15_seed4_rigid31_7/rbc138_sim_2xKSin1_DE_hct15_seed4_rigid31_7.dat
shape =  (18, 603)
603
loading  /home/jasencakova/dataset/cells/priamy_kanal/sim_2xKSin1_DE_hct15_seed4_rigid31_7/rbc139_sim_2xKSin1_DE_hct15_seed4_rigid31_7.dat
shape =  (18, 603)
603
loading  /home/jasencakova/dataset/cells/priamy_kanal/sim_2xKSin1_DE_hct15_seed4_rigid31_7/rbc140_sim_2xKSin1_DE_hct15_seed4_rigid31_7.dat
shape =  (18, 603)
603
loading  /home/jasencakova/dataset/cells/priamy_kanal/sim_2xKSin1_DE_hct15_seed4_rigid31_7/rbc141_sim_2xKSin1_DE_hct15_seed4_rigid31_7.dat
shape =  (18, 603)
603
loading  /home/jasencakova/dataset/cells/priamy_kanal/sim_2xKSin1_DE_hct15_seed4_rigid31_7/rbc142_sim_2xKSin1_DE_hct15_seed4_rigid31_7.dat
shape =  (18, 603)
603
loading  /home/jasencakova/dataset/cells/priamy_kanal/sim_2xKSin1_DE_hct15_seed4_rigid31_7/rbc143_sim_2xKSin1_DE_hct15_seed4_rigid31_7.dat
shape =  (18, 603)
603
loading  /home/jasencakova/dataset/cells/priamy_kanal/sim_2xKSin1_DE_hct15_seed4_rigid31_7/rbc144_sim_2xKSin1_DE_hct15_seed4_rigid31_7.dat
shape =  (18, 603)
603
loading  /home/jasencakova/dataset/cells/priamy_kanal/sim_2xKSin1_DE_hct15_seed4_rigid31_7/rbc145_sim_2xKSin1_DE_hct15_seed4_rigid31_7.dat
shape =  (18, 603)
603
loading  /home/jasencakova/dataset/cells/priamy_kanal/sim_2xKSin1_DE_hct15_seed4_rigid31_7/rbc146_sim_2xKSin1_DE_hct15_seed4_rigid31_7.dat
shape =  (18, 603)
603
loading  /home/jasencakova/dataset/cells/priamy_kanal/sim_2xKSin1_DE_hct15_seed4_rigid31_7/rbc147_sim_2xKSin1_DE_hct15_seed4_rigid31_7.dat
shape =  (18, 603)
603
loading  /home/jasencakova/dataset/cells/priamy_kanal/sim_2xKSin1_DE_hct15_seed4_rigid31_7/rbc148_sim_2xKSin1_DE_hct15_seed4_rigid31_7.dat
shape =  (18, 603)
603
loading  /home/jasencakova/dataset/cells/priamy_kanal/sim_2xKSin1_DE_hct15_seed4_rigid31_7/rbc149_sim_2xKSin1_DE_hct15_seed4_rigid31_7.dat
shape =  (18, 603)
603
loading  /home/jasencakova/dataset/cells/priamy_kanal/sim_2xKSin1_DE_hct15_seed4_rigid31_7/rbc150_sim_2xKSin1_DE_hct15_seed4_rigid31_7.dat
shape =  (18, 603)
603
loading  /home/jasencakova/dataset/cells/priamy_kanal/sim_2xKSin1_DE_hct15_seed4_rigid31_7/rbc151_sim_2xKSin1_DE_hct15_seed4_rigid31_7.dat
shape =  (18, 603)
603
loading  /home/jasencakova/dataset/cells/priamy_kanal/sim_2xKSin1_DE_hct15_seed4_rigid31_7/rbc152_sim_2xKSin1_DE_hct15_seed4_rigid31_7.dat
shape =  (18, 603)
603
loading  /home/jasencakova/dataset/cells/priamy_kanal/sim_2xKSin1_DE_hct15_seed4_rigid31_7/rbc153_sim_2xKSin1_DE_hct15_seed4_rigid31_7.dat
shape =  (18, 603)
603
shortest_length =  603
data_shape      =  (154, 603, 18)








dataset summary : 

training_dats shape    =  (154, 1402, 18)
testing_dats shape    =  (154, 603, 18)
training_count  =  21806708
testing_count   =  92862
channels_count  =  18
sequence_length =  128
classes_count   =   2
batch(32) tensor shape =  torch.Size([32, 18, 128]) torch.Size([32, 2])





model
Sequential(
  (0): Conv1d(18, 32, kernel_size=(3,), stride=(2,), padding=(1,))
  (1): ReLU()
  (2): Dropout(p=0.01, inplace=False)
  (3): Conv1d(32, 64, kernel_size=(3,), stride=(2,), padding=(1,))
  (4): ReLU()
  (5): Dropout(p=0.01, inplace=False)
  (6): Conv1d(64, 64, kernel_size=(3,), stride=(2,), padding=(1,))
  (7): ReLU()
  (8): Dropout(p=0.01, inplace=False)
  (9): Conv1d(64, 128, kernel_size=(3,), stride=(2,), padding=(1,))
  (10): ReLU()
  (11): Dropout(p=0.01, inplace=False)
  (12): Flatten()
  (13): Linear(in_features=1024, out_features=2, bias=True)
)



0 91.62511244174307 93.30664600550965 0.068550795 0.05422509 0.02272516 0.010687706 82.6 





=================================================
new best net in 0
TRAINING result
accuracy   = 91.625 [%]
hit_count  = 19980549
miss_count = 1826299

class_accuracy = 98.156%   65.703%   


confusion_matrix = 
17097179	 1505100	 
321199	 2883370	 



TESTING result
accuracy   = 93.307 [%]
hit_count  = 86708
miss_count = 6220

class_accuracy = 99.849%   67.179%   


confusion_matrix = 
74202	 6109	 
111	 12506	 




1 97.55618051723935 94.12233126721763 0.023168812 0.047166366 0.0067217434 0.009689555 81.89 





=================================================
new best net in 1
TRAINING result
accuracy   = 97.556 [%]
hit_count  = 21273928
miss_count = 532920

class_accuracy = 99.788%   88.702%   


confusion_matrix = 
17379807	 495982	 
36938	 3894121	 



TESTING result
accuracy   = 94.122 [%]
hit_count  = 87466
miss_count = 5462

class_accuracy = 99.513%   72.531%   


confusion_matrix = 
73994	 5101	 
361	 13472	 




2 98.62327191898618 94.24393078512396 0.015194589 0.044563893 0.004340174 0.009182526 81.15 





=================================================
new best net in 2
TRAINING result
accuracy   = 98.623 [%]
hit_count  = 21506627
miss_count = 300221

class_accuracy = 99.853%   93.741%   


confusion_matrix = 
17392607	 274700	 
25521	 4114020	 



TESTING result
accuracy   = 94.244 [%]
hit_count  = 87579
miss_count = 5349

class_accuracy = 99.719%   72.352%   


confusion_matrix = 
74123	 5141	 
208	 13456	 




3 99.34070710264959 95.11126893939394 0.009650976 0.03709818 0.0030761524 0.008324831 80.38 





=================================================
new best net in 3
TRAINING result
accuracy   = 99.341 [%]
hit_count  = 21663077
miss_count = 143771

class_accuracy = 99.94%   96.962%   


confusion_matrix = 
17407035	 133356	 
10415	 4256042	 



TESTING result
accuracy   = 95.111 [%]
hit_count  = 88385
miss_count = 4543

class_accuracy = 99.951%   76.106%   


confusion_matrix = 
74023	 4508	 
35	 14362	 




4 99.80031043459375 95.54493801652893 0.0050931666 0.032449182 0.0017658392 0.0073374175 79.86 





=================================================
new best net in 4
TRAINING result
accuracy   = 99.8 [%]
hit_count  = 21763302
miss_count = 43546

class_accuracy = 99.994%   99.033%   


confusion_matrix = 
17416117	 42433	 
1113	 4347185	 



TESTING result
accuracy   = 95.545 [%]
hit_count  = 88788
miss_count = 4140

class_accuracy = 99.933%   77.926%   


confusion_matrix = 
74342	 4091	 
49	 14446	 




5 99.94350398553702 96.09913050964187 0.002933137 0.029136343 0.0009859712 0.006788946 79.61 





=================================================
new best net in 5
TRAINING result
accuracy   = 99.944 [%]
hit_count  = 21794528
miss_count = 12320

class_accuracy = 100.0%   99.721%   


confusion_matrix = 
17420325	 12246	 
74	 4374203	 



TESTING result
accuracy   = 96.099 [%]
hit_count  = 89303
miss_count = 3625

class_accuracy = 99.93%   80.737%   


confusion_matrix = 
74319	 3574	 
51	 14984	 




6 99.9810288951434 96.20674070247934 0.0019234247 0.027861504 0.0006492669 0.007799749 79.22 





=================================================
new best net in 6
TRAINING result
accuracy   = 99.981 [%]
hit_count  = 21802711
miss_count = 4137

class_accuracy = 100.0%   99.906%   


confusion_matrix = 
17421612	 4134	 
3	 4381099	 



TESTING result
accuracy   = 96.207 [%]
hit_count  = 89403
miss_count = 3525

class_accuracy = 99.968%   81.24%   


confusion_matrix = 
74233	 3502	 
23	 15170	 




7 99.99210798369393 96.19705578512396 0.0013904246 0.028274678 0.00048002446 0.007799319 78.79 

8 99.9958957846636 96.29498106060606 0.0010963293 0.026715584 0.00038782062 0.0072673964 78.33 





=================================================
new best net in 8
TRAINING result
accuracy   = 99.996 [%]
hit_count  = 21805953
miss_count = 895

class_accuracy = 100.0%   99.98%   


confusion_matrix = 
17417834	 893	 
2	 4388119	 



TESTING result
accuracy   = 96.295 [%]
hit_count  = 89485
miss_count = 3443

class_accuracy = 99.992%   81.62%   


confusion_matrix = 
74213	 3438	 
5	 15272	 




9 99.99751454222087 96.2336432506887 0.00091366976 0.027978867 0.000327319 0.007331616 77.65 

10 99.99859677106934 96.53602789256199 0.0007861646 0.026425732 0.00028579246 0.007357347 77.04 





=================================================
new best net in 10
TRAINING result
accuracy   = 99.999 [%]
hit_count  = 21806542
miss_count = 306

class_accuracy = 100.0%   99.993%   


confusion_matrix = 
17415348	 305	 
1	 4391194	 



TESTING result
accuracy   = 96.536 [%]
hit_count  = 89709
miss_count = 3219

class_accuracy = 99.984%   82.693%   


confusion_matrix = 
74376	 3208	 
11	 15333	 




11 99.99913329977812 96.41765668044077 0.0006942734 0.02727406 0.00025651517 0.007461604 76.4 

12 99.99938092841295 96.52741907713498 0.0006231204 0.026298458 0.0002349461 0.0076756687 75.66 

13 99.99951849987674 96.44025482093664 0.00056479045 0.026465096 0.00021537319 0.0076738466 74.86 

14 99.99968817134874 96.21642561983471 0.0005136665 0.02797557 0.00019654597 0.007685682 74.21 

15 99.9997156856415 96.43810261707989 0.000471447 0.026040632 0.00018411306 0.0077044754 73.56 

16 99.99977529994247 96.44993973829202 0.00043365377 0.02539506 0.0001742461 0.006652182 72.87 

17 99.99981657138161 96.57691976584022 0.00040076918 0.024792701 0.00015813675 0.0073465747 72.15 





=================================================
new best net in 17
TRAINING result
accuracy   = 100.0 [%]
hit_count  = 21806808
miss_count = 40

class_accuracy = 100.0%   99.999%   


confusion_matrix = 
17415027	 40	 
0	 4391781	 



TESTING result
accuracy   = 96.577 [%]
hit_count  = 89747
miss_count = 3181

class_accuracy = 99.996%   83.062%   


confusion_matrix = 
74153	 3179	 
2	 15594	 




18 99.99984867138983 96.73725895316804 0.00037264003 0.023285182 0.00015038662 0.0065521044 71.44 





=================================================
new best net in 18
TRAINING result
accuracy   = 100.0 [%]
hit_count  = 21806815
miss_count = 33

class_accuracy = 100.0%   99.999%   


confusion_matrix = 
17412972	 33	 
0	 4393843	 



TESTING result
accuracy   = 96.737 [%]
hit_count  = 89896
miss_count = 3032

class_accuracy = 99.97%   84.025%   


confusion_matrix = 
74054	 3011	 
21	 15842	 




19 99.99990369997535 96.66300792011019 0.00034846234 0.024027927 0.00014215054 0.0070594163 70.69 

20 99.99988994282897 96.84379304407713 0.00032740604 0.022784168 0.00013646508 0.0067891376 69.92 





=================================================
new best net in 20
TRAINING result
accuracy   = 100.0 [%]
hit_count  = 21806824
miss_count = 24

class_accuracy = 100.0%   99.999%   


confusion_matrix = 
17415300	 24	 
0	 4391524	 



TESTING result
accuracy   = 96.844 [%]
hit_count  = 89995
miss_count = 2933

class_accuracy = 99.999%   84.069%   


confusion_matrix = 
74512	 2933	 
0	 15483	 




21 99.99992204283718 97.0912964876033 0.00030919746 0.021525318 0.0001286565 0.006432794 68.5 





=================================================
new best net in 21
TRAINING result
accuracy   = 100.0 [%]
hit_count  = 21806831
miss_count = 17

class_accuracy = 100.0%   100.0%   


confusion_matrix = 
17418523	 16	 
1	 4388308	 



TESTING result
accuracy   = 97.091 [%]
hit_count  = 90225
miss_count = 2703

class_accuracy = 99.999%   85.454%   


confusion_matrix = 
74340	 2703	 
0	 15885	 




22 99.99992204283718 96.88576101928375 0.00029204815 0.022689184 0.00012516018 0.0065350984 67.19 

23 99.99993579998356 96.90943526170798 0.00027689326 0.021725995 0.00012101591 0.005887479 65.95 

24 99.99994955712994 96.87392389807162 0.00026277467 0.022834847 0.000111037545 0.006891672 64.85 

25 99.99994955712994 96.7049758953168 0.00025093337 0.023768388 0.000109598506 0.0066400073 63.7 

26 99.99991745712173 97.00198002754821 0.00024058225 0.021516789 0.00011096859 0.006144716 62.63 

27 99.99989452854443 96.95678374655647 0.00022990142 0.021432696 0.00010853852 0.0061450484 61.53 

28 99.99991287140627 97.07085055096418 0.00022034379 0.020906448 9.908359e-05 0.0064527187 60.45 

29 99.99987159996714 96.84056473829202 0.0002121247 0.02168252 0.000112405396 0.006150398 59.33 

30 99.99992662855264 97.26777720385675 0.00020316137 0.019575216 9.694091e-05 0.0063205846 58.24 





=================================================
new best net in 30
TRAINING result
accuracy   = 100.0 [%]
hit_count  = 21806832
miss_count = 16

class_accuracy = 100.0%   100.0%   


confusion_matrix = 
17416934	 16	 
0	 4389898	 



TESTING result
accuracy   = 97.268 [%]
hit_count  = 90389
miss_count = 2539

class_accuracy = 99.999%   86.293%   


confusion_matrix = 
74398	 2539	 
0	 15991	 




31 99.99996331427633 97.32373450413223 0.00019584125 0.018625142 9.310406e-05 0.0057414905 57.19 





=================================================
new best net in 31
TRAINING result
accuracy   = 100.0 [%]
hit_count  = 21806840
miss_count = 8

class_accuracy = 100.0%   100.0%   


confusion_matrix = 
17417321	 7	 
1	 4389519	 



TESTING result
accuracy   = 97.324 [%]
hit_count  = 90441
miss_count = 2487

class_accuracy = 99.999%   86.746%   


confusion_matrix = 
74158	 2487	 
0	 16283	 




32 99.99990369997535 97.01381714876032 0.00018871063 0.02063668 0.00010399097 0.0065515675 56.17 

33 99.99989911425989 97.0493285123967 0.00018317747 0.020959932 0.000101440746 0.006538109 55.06 

34 99.99983032852799 97.20751549586777 0.00017678612 0.019840738 0.00011664047 0.0060525094 53.87 

35 99.99985784282075 97.19567837465564 0.00017265425 0.019393077 0.000102141224 0.0058492157 52.61 

36 99.9998761856826 97.09667699724518 0.00016670155 0.020599842 9.9847006e-05 0.0063760253 51.52 

37 99.99988077139805 97.41950757575758 0.00016067413 0.018212298 9.58349e-05 0.0056147496 50.38 





=================================================
new best net in 37
TRAINING result
accuracy   = 100.0 [%]
hit_count  = 21806822
miss_count = 26

class_accuracy = 100.0%   99.999%   


confusion_matrix = 
17418618	 26	 
0	 4388204	 



TESTING result
accuracy   = 97.42 [%]
hit_count  = 90530
miss_count = 2398

class_accuracy = 99.999%   87.224%   


confusion_matrix = 
74152	 2398	 
0	 16378	 




38 99.99985784282075 97.32803891184572 0.0001577993 0.018741986 0.000102540675 0.0056727985 49.35 

39 99.99990828569081 97.39906163911846 0.00015299309 0.018247705 9.925155e-05 0.005516454 48.29 

40 99.99979364280432 97.65086949035813 0.00014940438 0.017011173 0.00011282126 0.005753617 47.2 





=================================================
new best net in 40
TRAINING result
accuracy   = 100.0 [%]
hit_count  = 21806803
miss_count = 45

class_accuracy = 100.0%   99.999%   


confusion_matrix = 
17416795	 42	 
3	 4390008	 



TESTING result
accuracy   = 97.651 [%]
hit_count  = 90745
miss_count = 2183

class_accuracy = 99.999%   88.34%   


confusion_matrix = 
74198	 2183	 
0	 16547	 




41 99.99988535711351 97.3635502754821 0.00014462208 0.018459572 9.803324e-05 0.0058990493 46.27 

42 99.99978905708886 97.43457300275482 0.00014251715 0.018212045 0.000117164236 0.005592913 45.36 

43 99.99969734277967 97.62396694214875 0.00013942055 0.017084429 0.00013569115 0.0054718065 44.43 

44 99.99981657138161 97.87792699724518 0.00013497664 0.015289924 0.00010228867 0.00503988 43.44 





=================================================
new best net in 44
TRAINING result
accuracy   = 100.0 [%]
hit_count  = 21806808
miss_count = 40

class_accuracy = 100.0%   99.999%   


confusion_matrix = 
17416637	 40	 
0	 4390171	 



TESTING result
accuracy   = 97.878 [%]
hit_count  = 90956
miss_count = 1972

class_accuracy = 99.999%   89.4%   


confusion_matrix = 
74315	 1972	 
0	 16641	 




45 99.99988077139805 97.64441287878788 0.00013152412 0.016915685 9.067861e-05 0.005022842 42.53 

46 99.99983032852799 97.65947830578513 0.00012966887 0.017243067 0.0001092092 0.0056162984 41.7 

47 99.99983032852799 97.60782541322314 0.00012678553 0.017478231 0.00010266876 0.005387995 40.88 

48 99.99982574281253 97.82412190082644 0.00012425455 0.015628416 0.00010374484 0.005040357 40.03 

49 99.99984867138983 97.6605544077135 0.000121624675 0.016939517 9.89773e-05 0.005122311 39.21 

50 99.9997844713734 97.72942493112947 0.000119435375 0.016685579 0.00010597424 0.005600515 38.4 

51 99.99982574281253 97.5163567493113 0.000117348114 0.018090982 0.000100014375 0.0056556407 37.6 

52 99.99983032852799 97.68745695592287 0.00011513498 0.016770024 0.00011579741 0.0053461287 36.82 

53 99.99983491424345 97.70897899449035 0.00011336058 0.0168894 0.000104549385 0.005407022 35.99 

54 99.99968358563328 97.62181473829202 0.00011252551 0.016815532 0.00012797407 0.0057504405 35.14 

55 99.99983032852799 97.75309917355372 0.00010939998 0.016336577 0.00010426334 0.005061108 34.28 

56 99.99977988565793 97.68207644628099 0.00010807242 0.016897812 0.000106196865 0.0056220335 33.52 

57 99.99983032852799 97.82089359504133 0.00010551056 0.0163277 0.00010083941 0.005406327 32.68 

58 99.99981198566616 97.59168388429752 0.00010399795 0.017255552 0.00010307457 0.005677451 31.92 

59 99.99983491424345 97.55402031680441 0.00010218706 0.017519806 0.00010916709 0.005587023 31.16 

60 99.99977988565793 97.77892561983471 0.00010021984 0.016322076 0.00011629458 0.0050734687 30.36 

61 99.99983032852799 97.67561983471074 9.841778e-05 0.017358249 0.00010563721 0.0050838985 29.59 

62 99.99972944278788 97.99629820936639 9.6663156e-05 0.014441171 0.000114470386 0.0049020485 28.84 





=================================================
new best net in 62
TRAINING result
accuracy   = 100.0 [%]
hit_count  = 21806789
miss_count = 59

class_accuracy = 100.0%   99.999%   


confusion_matrix = 
17417374	 55	 
4	 4389415	 



TESTING result
accuracy   = 97.996 [%]
hit_count  = 91066
miss_count = 1862

class_accuracy = 99.999%   89.966%   


confusion_matrix = 
74363	 1862	 
0	 16703	 




63 99.99983949995891 97.70144628099173 9.3914554e-05 0.016191395 0.00010033739 0.004991355 28.09 

64 99.99979364280432 97.73803374655647 9.286555e-05 0.01606441 0.00010679342 0.005692645 27.13 

65 99.99977071422701 97.78323002754821 9.098199e-05 0.016057761 0.0001132734 0.0052873236 26.11 

66 99.9997844713734 97.94572141873279 8.82393e-05 0.01484837 0.00010015917 0.0050250585 25.14 

67 99.99979822851978 97.84779614325069 8.67203e-05 0.015521617 0.00010282296 0.005074462 24.2 

68 99.9997844713734 97.76170798898072 8.521443e-05 0.016039276 0.00010366732 0.0050699417 23.3 

69 99.99977071422701 97.81013257575758 8.2686616e-05 0.015720475 0.00010159742 0.004764207 22.42 

70 99.99975237136518 97.98876549586777 8.0853046e-05 0.014466552 0.000111524634 0.0045754476 21.57 

71 99.99984408567437 98.00060261707989 7.941306e-05 0.014492976 0.0001049743 0.0044176723 20.71 





=================================================
new best net in 71
TRAINING result
accuracy   = 100.0 [%]
hit_count  = 21806814
miss_count = 34

class_accuracy = 100.0%   99.999%   


confusion_matrix = 
17416317	 34	 
0	 4390497	 



TESTING result
accuracy   = 98.001 [%]
hit_count  = 91070
miss_count = 1858

class_accuracy = 99.999%   90.17%   


confusion_matrix = 
74018	 1858	 
0	 17052	 




72 99.99972485707242 98.04795110192838 7.958407e-05 0.013810337 0.00015529868 0.004345771 19.83 





=================================================
new best net in 72
TRAINING result
accuracy   = 100.0 [%]
hit_count  = 21806788
miss_count = 60

class_accuracy = 100.0%   99.999%   


confusion_matrix = 
17415137	 47	 
13	 4391651	 



TESTING result
accuracy   = 98.048 [%]
hit_count  = 91114
miss_count = 1814

class_accuracy = 99.999%   90.399%   


confusion_matrix = 
74025	 1814	 
0	 17089	 




73 99.99982115709707 98.10068009641873 7.713062e-05 0.013562301 9.668266e-05 0.004441563 18.98 





=================================================
new best net in 73
TRAINING result
accuracy   = 100.0 [%]
hit_count  = 21806809
miss_count = 39

class_accuracy = 100.0%   99.999%   


confusion_matrix = 
17416058	 38	 
1	 4390751	 



TESTING result
accuracy   = 98.101 [%]
hit_count  = 91163
miss_count = 1765

class_accuracy = 99.999%   90.685%   


confusion_matrix = 
73971	 1765	 
0	 17192	 




74 99.9997844713734 97.91343836088154 7.5879805e-05 0.014786355 0.00010622308 0.0049057016 18.15 

75 99.99984867138983 97.85748106060606 7.398889e-05 0.015628228 9.5146184e-05 0.004912638 17.34 

76 99.9998073999507 97.9790805785124 7.3783514e-05 0.014451341 0.00010274594 0.004888852 16.55 

77 99.99976612851155 98.26962809917356 7.349671e-05 0.012682312 0.00011726509 0.0042688306 15.78 





=================================================
new best net in 77
TRAINING result
accuracy   = 100.0 [%]
hit_count  = 21806797
miss_count = 51

class_accuracy = 100.0%   99.999%   


confusion_matrix = 
17418821	 46	 
5	 4387976	 



TESTING result
accuracy   = 98.27 [%]
hit_count  = 91320
miss_count = 1608

class_accuracy = 99.996%   91.358%   


confusion_matrix = 
74331	 1606	 
2	 16989	 




78 99.99977071422701 97.8219696969697 7.220188e-05 0.015474675 0.00010847512 0.0048920983 15.1 

79 99.99977988565793 98.1318870523416 6.970186e-05 0.013481823 0.000103092025 0.004481251 14.49 

80 99.99981198566616 98.07270144628099 6.9625785e-05 0.014238153 0.000106307714 0.004915976 13.9 

81 99.99973402850334 97.87792699724518 6.779901e-05 0.015030052 0.00011450959 0.0050624497 13.3 

82 99.99977071422701 98.05871212121212 6.719401e-05 0.013945294 0.0001115966 0.0044871126 12.63 

83 99.99978905708886 97.85102444903582 6.530204e-05 0.015368913 0.00010218965 0.004865214 11.99 

84 99.99975237136518 98.0253529614325 6.3760905e-05 0.014255812 0.00010766491 0.004823792 11.34 

85 99.99975695708063 97.97800447658402 6.301472e-05 0.014655322 0.00011800087 0.0045907805 10.69 

86 99.99978905708886 98.1275826446281 6.1998224e-05 0.013963798 0.0001006184 0.004471535 10.01 

87 99.9998073999507 98.01028753443526 6.0297305e-05 0.014679533 0.00010241476 0.004678184 9.33 

88 99.99977071422701 98.2933023415978 6.002415e-05 0.012637327 0.00010469726 0.004413581 8.58 





=================================================
new best net in 88
TRAINING result
accuracy   = 100.0 [%]
hit_count  = 21806798
miss_count = 50

class_accuracy = 100.0%   99.999%   


confusion_matrix = 
17415721	 43	 
7	 4391077	 



TESTING result
accuracy   = 98.293 [%]
hit_count  = 91342
miss_count = 1586

class_accuracy = 99.992%   91.604%   


confusion_matrix = 
74082	 1581	 
5	 17260	 




89 99.99979364280432 98.24810606060606 5.863267e-05 0.012723357 0.000101707905 0.0041776937 7.78 

90 99.99973402850334 98.16739841597796 5.9288486e-05 0.013447228 0.00012724915 0.004534664 6.98 

91 99.99981198566616 98.038266184573 5.7645007e-05 0.0141099645 0.00010107012 0.0045736777 6.21 

92 99.99975695708063 97.95110192837465 5.751537e-05 0.014739322 0.00011967005 0.004845697 5.47 

93 99.99974319993426 98.36432506887053 5.6187302e-05 0.011734006 0.00011321773 0.004195057 4.77 





=================================================
new best net in 93
TRAINING result
accuracy   = 100.0 [%]
hit_count  = 21806792
miss_count = 56

class_accuracy = 100.0%   99.999%   


confusion_matrix = 
17418390	 46	 
10	 4388402	 



TESTING result
accuracy   = 98.364 [%]
hit_count  = 91408
miss_count = 1520

class_accuracy = 99.996%   91.771%   


confusion_matrix = 
74469	 1518	 
2	 16939	 




94 99.99977071422701 98.31267217630854 5.5946904e-05 0.012593119 0.00010199167 0.0040538767 4.1 

95 99.99977071422701 98.00383092286502 5.4967364e-05 0.014045121 0.00010363832 0.004561757 3.43 

96 99.99979822851978 98.15233298898072 5.4134085e-05 0.013693367 9.437344e-05 0.0042801863 2.75 

97 99.99987159996714 98.04795110192838 5.3367636e-05 0.014492297 9.068478e-05 0.0048584393 2.07 

98 99.9997615427961 98.11251721763085 5.338267e-05 0.01366692 0.00011023655 0.0045246626 1.38 

99 99.99981657138161 98.42028236914601 5.287917e-05 0.0117035145 0.00011035401 0.003981984 0.69 





=================================================
new best net in 99
TRAINING result
accuracy   = 100.0 [%]
hit_count  = 21806808
miss_count = 40

class_accuracy = 100.0%   99.999%   


confusion_matrix = 
17418176	 34	 
6	 4388632	 



TESTING result
accuracy   = 98.42 [%]
hit_count  = 91460
miss_count = 1468

class_accuracy = 99.984%   92.238%   


confusion_matrix = 
74133	 1457	 
11	 17327	 




