loading  /home/jasencakova/dataset/cells/priamy_kanal/sim_2xKSin1_DC_hct15_seed4_rigid31_3_from1468000cy/rbc0_sim_2xKSin1_DC_hct15_seed4_rigid31_3_from1468000cy.dat
shape =  (18, 1466)
1466
loading  /home/jasencakova/dataset/cells/priamy_kanal/sim_2xKSin1_DC_hct15_seed4_rigid31_3_from1468000cy/rbc1_sim_2xKSin1_DC_hct15_seed4_rigid31_3_from1468000cy.dat
shape =  (18, 1466)
1466
loading  /home/jasencakova/dataset/cells/priamy_kanal/sim_2xKSin1_DC_hct15_seed4_rigid31_3_from1468000cy/rbc2_sim_2xKSin1_DC_hct15_seed4_rigid31_3_from1468000cy.dat
shape =  (18, 1466)
1466
loading  /home/jasencakova/dataset/cells/priamy_kanal/sim_2xKSin1_DC_hct15_seed4_rigid31_3_from1468000cy/rbc3_sim_2xKSin1_DC_hct15_seed4_rigid31_3_from1468000cy.dat
shape =  (18, 1466)
1466
loading  /home/jasencakova/dataset/cells/priamy_kanal/sim_2xKSin1_DC_hct15_seed4_rigid31_3_from1468000cy/rbc4_sim_2xKSin1_DC_hct15_seed4_rigid31_3_from1468000cy.dat
shape =  (18, 1466)
1466
loading  /home/jasencakova/dataset/cells/priamy_kanal/sim_2xKSin1_DC_hct15_seed4_rigid31_3_from1468000cy/rbc5_sim_2xKSin1_DC_hct15_seed4_rigid31_3_from1468000cy.dat
shape =  (18, 1466)
1466
loading  /home/jasencakova/dataset/cells/priamy_kanal/sim_2xKSin1_DC_hct15_seed4_rigid31_3_from1468000cy/rbc6_sim_2xKSin1_DC_hct15_seed4_rigid31_3_from1468000cy.dat
shape =  (18, 1466)
1466
loading  /home/jasencakova/dataset/cells/priamy_kanal/sim_2xKSin1_DC_hct15_seed4_rigid31_3_from1468000cy/rbc7_sim_2xKSin1_DC_hct15_seed4_rigid31_3_from1468000cy.dat
shape =  (18, 1466)
1466
loading  /home/jasencakova/dataset/cells/priamy_kanal/sim_2xKSin1_DC_hct15_seed4_rigid31_3_from1468000cy/rbc8_sim_2xKSin1_DC_hct15_seed4_rigid31_3_from1468000cy.dat
shape =  (18, 1466)
1466
loading  /home/jasencakova/dataset/cells/priamy_kanal/sim_2xKSin1_DC_hct15_seed4_rigid31_3_from1468000cy/rbc9_sim_2xKSin1_DC_hct15_seed4_rigid31_3_from1468000cy.dat
shape =  (18, 1466)
1466
loading  /home/jasencakova/dataset/cells/priamy_kanal/sim_2xKSin1_DC_hct15_seed4_rigid31_3_from1468000cy/rbc10_sim_2xKSin1_DC_hct15_seed4_rigid31_3_from1468000cy.dat
shape =  (18, 1466)
1466
loading  /home/jasencakova/dataset/cells/priamy_kanal/sim_2xKSin1_DC_hct15_seed4_rigid31_3_from1468000cy/rbc11_sim_2xKSin1_DC_hct15_seed4_rigid31_3_from1468000cy.dat
shape =  (18, 1466)
1466
loading  /home/jasencakova/dataset/cells/priamy_kanal/sim_2xKSin1_DC_hct15_seed4_rigid31_3_from1468000cy/rbc12_sim_2xKSin1_DC_hct15_seed4_rigid31_3_from1468000cy.dat
shape =  (18, 1466)
1466
loading  /home/jasencakova/dataset/cells/priamy_kanal/sim_2xKSin1_DC_hct15_seed4_rigid31_3_from1468000cy/rbc13_sim_2xKSin1_DC_hct15_seed4_rigid31_3_from1468000cy.dat
shape =  (18, 1466)
1466
loading  /home/jasencakova/dataset/cells/priamy_kanal/sim_2xKSin1_DC_hct15_seed4_rigid31_3_from1468000cy/rbc14_sim_2xKSin1_DC_hct15_seed4_rigid31_3_from1468000cy.dat
shape =  (18, 1466)
1466
loading  /home/jasencakova/dataset/cells/priamy_kanal/sim_2xKSin1_DC_hct15_seed4_rigid31_3_from1468000cy/rbc15_sim_2xKSin1_DC_hct15_seed4_rigid31_3_from1468000cy.dat
shape =  (18, 1466)
1466
loading  /home/jasencakova/dataset/cells/priamy_kanal/sim_2xKSin1_DC_hct15_seed4_rigid31_3_from1468000cy/rbc16_sim_2xKSin1_DC_hct15_seed4_rigid31_3_from1468000cy.dat
shape =  (18, 1466)
1466
loading  /home/jasencakova/dataset/cells/priamy_kanal/sim_2xKSin1_DC_hct15_seed4_rigid31_3_from1468000cy/rbc17_sim_2xKSin1_DC_hct15_seed4_rigid31_3_from1468000cy.dat
shape =  (18, 1466)
1466
loading  /home/jasencakova/dataset/cells/priamy_kanal/sim_2xKSin1_DC_hct15_seed4_rigid31_3_from1468000cy/rbc18_sim_2xKSin1_DC_hct15_seed4_rigid31_3_from1468000cy.dat
shape =  (18, 1466)
1466
loading  /home/jasencakova/dataset/cells/priamy_kanal/sim_2xKSin1_DC_hct15_seed4_rigid31_3_from1468000cy/rbc19_sim_2xKSin1_DC_hct15_seed4_rigid31_3_from1468000cy.dat
shape =  (18, 1466)
1466
loading  /home/jasencakova/dataset/cells/priamy_kanal/sim_2xKSin1_DC_hct15_seed4_rigid31_3_from1468000cy/rbc20_sim_2xKSin1_DC_hct15_seed4_rigid31_3_from1468000cy.dat
shape =  (18, 1466)
1466
loading  /home/jasencakova/dataset/cells/priamy_kanal/sim_2xKSin1_DC_hct15_seed4_rigid31_3_from1468000cy/rbc21_sim_2xKSin1_DC_hct15_seed4_rigid31_3_from1468000cy.dat
shape =  (18, 1466)
1466
loading  /home/jasencakova/dataset/cells/priamy_kanal/sim_2xKSin1_DC_hct15_seed4_rigid31_3_from1468000cy/rbc22_sim_2xKSin1_DC_hct15_seed4_rigid31_3_from1468000cy.dat
shape =  (18, 1466)
1466
loading  /home/jasencakova/dataset/cells/priamy_kanal/sim_2xKSin1_DC_hct15_seed4_rigid31_3_from1468000cy/rbc23_sim_2xKSin1_DC_hct15_seed4_rigid31_3_from1468000cy.dat
shape =  (18, 1466)
1466
loading  /home/jasencakova/dataset/cells/priamy_kanal/sim_2xKSin1_DC_hct15_seed4_rigid31_3_from1468000cy/rbc24_sim_2xKSin1_DC_hct15_seed4_rigid31_3_from1468000cy.dat
shape =  (18, 1466)
1466
loading  /home/jasencakova/dataset/cells/priamy_kanal/sim_2xKSin1_DC_hct15_seed4_rigid31_3_from1468000cy/rbc25_sim_2xKSin1_DC_hct15_seed4_rigid31_3_from1468000cy.dat
shape =  (18, 1466)
1466
loading  /home/jasencakova/dataset/cells/priamy_kanal/sim_2xKSin1_DC_hct15_seed4_rigid31_3_from1468000cy/rbc26_sim_2xKSin1_DC_hct15_seed4_rigid31_3_from1468000cy.dat
shape =  (18, 1466)
1466
loading  /home/jasencakova/dataset/cells/priamy_kanal/sim_2xKSin1_DC_hct15_seed4_rigid31_3_from1468000cy/rbc27_sim_2xKSin1_DC_hct15_seed4_rigid31_3_from1468000cy.dat
shape =  (18, 1466)
1466
loading  /home/jasencakova/dataset/cells/priamy_kanal/sim_2xKSin1_DC_hct15_seed4_rigid31_3_from1468000cy/rbc28_sim_2xKSin1_DC_hct15_seed4_rigid31_3_from1468000cy.dat
shape =  (18, 1466)
1466
loading  /home/jasencakova/dataset/cells/priamy_kanal/sim_2xKSin1_DC_hct15_seed4_rigid31_3_from1468000cy/rbc29_sim_2xKSin1_DC_hct15_seed4_rigid31_3_from1468000cy.dat
shape =  (18, 1466)
1466
loading  /home/jasencakova/dataset/cells/priamy_kanal/sim_2xKSin1_DC_hct15_seed4_rigid31_3_from1468000cy/rbc30_sim_2xKSin1_DC_hct15_seed4_rigid31_3_from1468000cy.dat
shape =  (18, 1466)
1466
loading  /home/jasencakova/dataset/cells/priamy_kanal/sim_2xKSin1_DC_hct15_seed4_rigid31_3_from1468000cy/rbc31_sim_2xKSin1_DC_hct15_seed4_rigid31_3_from1468000cy.dat
shape =  (18, 1466)
1466
loading  /home/jasencakova/dataset/cells/priamy_kanal/sim_2xKSin1_DC_hct15_seed4_rigid31_3_from1468000cy/rbc32_sim_2xKSin1_DC_hct15_seed4_rigid31_3_from1468000cy.dat
shape =  (18, 1466)
1466
loading  /home/jasencakova/dataset/cells/priamy_kanal/sim_2xKSin1_DC_hct15_seed4_rigid31_3_from1468000cy/rbc33_sim_2xKSin1_DC_hct15_seed4_rigid31_3_from1468000cy.dat
shape =  (18, 1466)
1466
loading  /home/jasencakova/dataset/cells/priamy_kanal/sim_2xKSin1_DC_hct15_seed4_rigid31_3_from1468000cy/rbc34_sim_2xKSin1_DC_hct15_seed4_rigid31_3_from1468000cy.dat
shape =  (18, 1466)
1466
loading  /home/jasencakova/dataset/cells/priamy_kanal/sim_2xKSin1_DC_hct15_seed4_rigid31_3_from1468000cy/rbc35_sim_2xKSin1_DC_hct15_seed4_rigid31_3_from1468000cy.dat
shape =  (18, 1466)
1466
loading  /home/jasencakova/dataset/cells/priamy_kanal/sim_2xKSin1_DC_hct15_seed4_rigid31_3_from1468000cy/rbc36_sim_2xKSin1_DC_hct15_seed4_rigid31_3_from1468000cy.dat
shape =  (18, 1466)
1466
loading  /home/jasencakova/dataset/cells/priamy_kanal/sim_2xKSin1_DC_hct15_seed4_rigid31_3_from1468000cy/rbc37_sim_2xKSin1_DC_hct15_seed4_rigid31_3_from1468000cy.dat
shape =  (18, 1466)
1466
loading  /home/jasencakova/dataset/cells/priamy_kanal/sim_2xKSin1_DC_hct15_seed4_rigid31_3_from1468000cy/rbc38_sim_2xKSin1_DC_hct15_seed4_rigid31_3_from1468000cy.dat
shape =  (18, 1466)
1466
loading  /home/jasencakova/dataset/cells/priamy_kanal/sim_2xKSin1_DC_hct15_seed4_rigid31_3_from1468000cy/rbc39_sim_2xKSin1_DC_hct15_seed4_rigid31_3_from1468000cy.dat
shape =  (18, 1466)
1466
loading  /home/jasencakova/dataset/cells/priamy_kanal/sim_2xKSin1_DC_hct15_seed4_rigid31_3_from1468000cy/rbc40_sim_2xKSin1_DC_hct15_seed4_rigid31_3_from1468000cy.dat
shape =  (18, 1466)
1466
loading  /home/jasencakova/dataset/cells/priamy_kanal/sim_2xKSin1_DC_hct15_seed4_rigid31_3_from1468000cy/rbc41_sim_2xKSin1_DC_hct15_seed4_rigid31_3_from1468000cy.dat
shape =  (18, 1466)
1466
loading  /home/jasencakova/dataset/cells/priamy_kanal/sim_2xKSin1_DC_hct15_seed4_rigid31_3_from1468000cy/rbc42_sim_2xKSin1_DC_hct15_seed4_rigid31_3_from1468000cy.dat
shape =  (18, 1466)
1466
loading  /home/jasencakova/dataset/cells/priamy_kanal/sim_2xKSin1_DC_hct15_seed4_rigid31_3_from1468000cy/rbc43_sim_2xKSin1_DC_hct15_seed4_rigid31_3_from1468000cy.dat
shape =  (18, 1466)
1466
loading  /home/jasencakova/dataset/cells/priamy_kanal/sim_2xKSin1_DC_hct15_seed4_rigid31_3_from1468000cy/rbc44_sim_2xKSin1_DC_hct15_seed4_rigid31_3_from1468000cy.dat
shape =  (18, 1466)
1466
loading  /home/jasencakova/dataset/cells/priamy_kanal/sim_2xKSin1_DC_hct15_seed4_rigid31_3_from1468000cy/rbc45_sim_2xKSin1_DC_hct15_seed4_rigid31_3_from1468000cy.dat
shape =  (18, 1466)
1466
loading  /home/jasencakova/dataset/cells/priamy_kanal/sim_2xKSin1_DC_hct15_seed4_rigid31_3_from1468000cy/rbc46_sim_2xKSin1_DC_hct15_seed4_rigid31_3_from1468000cy.dat
shape =  (18, 1466)
1466
loading  /home/jasencakova/dataset/cells/priamy_kanal/sim_2xKSin1_DC_hct15_seed4_rigid31_3_from1468000cy/rbc47_sim_2xKSin1_DC_hct15_seed4_rigid31_3_from1468000cy.dat
shape =  (18, 1466)
1466
loading  /home/jasencakova/dataset/cells/priamy_kanal/sim_2xKSin1_DC_hct15_seed4_rigid31_3_from1468000cy/rbc48_sim_2xKSin1_DC_hct15_seed4_rigid31_3_from1468000cy.dat
shape =  (18, 1466)
1466
loading  /home/jasencakova/dataset/cells/priamy_kanal/sim_2xKSin1_DC_hct15_seed4_rigid31_3_from1468000cy/rbc49_sim_2xKSin1_DC_hct15_seed4_rigid31_3_from1468000cy.dat
shape =  (18, 1466)
1466
loading  /home/jasencakova/dataset/cells/priamy_kanal/sim_2xKSin1_DC_hct15_seed4_rigid31_3_from1468000cy/rbc50_sim_2xKSin1_DC_hct15_seed4_rigid31_3_from1468000cy.dat
shape =  (18, 1466)
1466
loading  /home/jasencakova/dataset/cells/priamy_kanal/sim_2xKSin1_DC_hct15_seed4_rigid31_3_from1468000cy/rbc51_sim_2xKSin1_DC_hct15_seed4_rigid31_3_from1468000cy.dat
shape =  (18, 1466)
1466
loading  /home/jasencakova/dataset/cells/priamy_kanal/sim_2xKSin1_DC_hct15_seed4_rigid31_3_from1468000cy/rbc52_sim_2xKSin1_DC_hct15_seed4_rigid31_3_from1468000cy.dat
shape =  (18, 1466)
1466
loading  /home/jasencakova/dataset/cells/priamy_kanal/sim_2xKSin1_DC_hct15_seed4_rigid31_3_from1468000cy/rbc53_sim_2xKSin1_DC_hct15_seed4_rigid31_3_from1468000cy.dat
shape =  (18, 1466)
1466
loading  /home/jasencakova/dataset/cells/priamy_kanal/sim_2xKSin1_DC_hct15_seed4_rigid31_3_from1468000cy/rbc54_sim_2xKSin1_DC_hct15_seed4_rigid31_3_from1468000cy.dat
shape =  (18, 1466)
1466
loading  /home/jasencakova/dataset/cells/priamy_kanal/sim_2xKSin1_DC_hct15_seed4_rigid31_3_from1468000cy/rbc55_sim_2xKSin1_DC_hct15_seed4_rigid31_3_from1468000cy.dat
shape =  (18, 1466)
1466
loading  /home/jasencakova/dataset/cells/priamy_kanal/sim_2xKSin1_DC_hct15_seed4_rigid31_3_from1468000cy/rbc56_sim_2xKSin1_DC_hct15_seed4_rigid31_3_from1468000cy.dat
shape =  (18, 1466)
1466
loading  /home/jasencakova/dataset/cells/priamy_kanal/sim_2xKSin1_DC_hct15_seed4_rigid31_3_from1468000cy/rbc57_sim_2xKSin1_DC_hct15_seed4_rigid31_3_from1468000cy.dat
shape =  (18, 1466)
1466
loading  /home/jasencakova/dataset/cells/priamy_kanal/sim_2xKSin1_DC_hct15_seed4_rigid31_3_from1468000cy/rbc58_sim_2xKSin1_DC_hct15_seed4_rigid31_3_from1468000cy.dat
shape =  (18, 1466)
1466
loading  /home/jasencakova/dataset/cells/priamy_kanal/sim_2xKSin1_DC_hct15_seed4_rigid31_3_from1468000cy/rbc59_sim_2xKSin1_DC_hct15_seed4_rigid31_3_from1468000cy.dat
shape =  (18, 1466)
1466
loading  /home/jasencakova/dataset/cells/priamy_kanal/sim_2xKSin1_DC_hct15_seed4_rigid31_3_from1468000cy/rbc60_sim_2xKSin1_DC_hct15_seed4_rigid31_3_from1468000cy.dat
shape =  (18, 1466)
1466
loading  /home/jasencakova/dataset/cells/priamy_kanal/sim_2xKSin1_DC_hct15_seed4_rigid31_3_from1468000cy/rbc61_sim_2xKSin1_DC_hct15_seed4_rigid31_3_from1468000cy.dat
shape =  (18, 1466)
1466
loading  /home/jasencakova/dataset/cells/priamy_kanal/sim_2xKSin1_DC_hct15_seed4_rigid31_3_from1468000cy/rbc62_sim_2xKSin1_DC_hct15_seed4_rigid31_3_from1468000cy.dat
shape =  (18, 1466)
1466
loading  /home/jasencakova/dataset/cells/priamy_kanal/sim_2xKSin1_DC_hct15_seed4_rigid31_3_from1468000cy/rbc63_sim_2xKSin1_DC_hct15_seed4_rigid31_3_from1468000cy.dat
shape =  (18, 1466)
1466
loading  /home/jasencakova/dataset/cells/priamy_kanal/sim_2xKSin1_DC_hct15_seed4_rigid31_3_from1468000cy/rbc64_sim_2xKSin1_DC_hct15_seed4_rigid31_3_from1468000cy.dat
shape =  (18, 1466)
1466
loading  /home/jasencakova/dataset/cells/priamy_kanal/sim_2xKSin1_DC_hct15_seed4_rigid31_3_from1468000cy/rbc65_sim_2xKSin1_DC_hct15_seed4_rigid31_3_from1468000cy.dat
shape =  (18, 1466)
1466
loading  /home/jasencakova/dataset/cells/priamy_kanal/sim_2xKSin1_DC_hct15_seed4_rigid31_3_from1468000cy/rbc66_sim_2xKSin1_DC_hct15_seed4_rigid31_3_from1468000cy.dat
shape =  (18, 1466)
1466
loading  /home/jasencakova/dataset/cells/priamy_kanal/sim_2xKSin1_DC_hct15_seed4_rigid31_3_from1468000cy/rbc67_sim_2xKSin1_DC_hct15_seed4_rigid31_3_from1468000cy.dat
shape =  (18, 1466)
1466
loading  /home/jasencakova/dataset/cells/priamy_kanal/sim_2xKSin1_DC_hct15_seed4_rigid31_3_from1468000cy/rbc68_sim_2xKSin1_DC_hct15_seed4_rigid31_3_from1468000cy.dat
shape =  (18, 1466)
1466
loading  /home/jasencakova/dataset/cells/priamy_kanal/sim_2xKSin1_DC_hct15_seed4_rigid31_3_from1468000cy/rbc69_sim_2xKSin1_DC_hct15_seed4_rigid31_3_from1468000cy.dat
shape =  (18, 1466)
1466
loading  /home/jasencakova/dataset/cells/priamy_kanal/sim_2xKSin1_DC_hct15_seed4_rigid31_3_from1468000cy/rbc70_sim_2xKSin1_DC_hct15_seed4_rigid31_3_from1468000cy.dat
shape =  (18, 1466)
1466
loading  /home/jasencakova/dataset/cells/priamy_kanal/sim_2xKSin1_DC_hct15_seed4_rigid31_3_from1468000cy/rbc71_sim_2xKSin1_DC_hct15_seed4_rigid31_3_from1468000cy.dat
shape =  (18, 1466)
1466
loading  /home/jasencakova/dataset/cells/priamy_kanal/sim_2xKSin1_DC_hct15_seed4_rigid31_3_from1468000cy/rbc72_sim_2xKSin1_DC_hct15_seed4_rigid31_3_from1468000cy.dat
shape =  (18, 1466)
1466
loading  /home/jasencakova/dataset/cells/priamy_kanal/sim_2xKSin1_DC_hct15_seed4_rigid31_3_from1468000cy/rbc73_sim_2xKSin1_DC_hct15_seed4_rigid31_3_from1468000cy.dat
shape =  (18, 1466)
1466
loading  /home/jasencakova/dataset/cells/priamy_kanal/sim_2xKSin1_DC_hct15_seed4_rigid31_3_from1468000cy/rbc74_sim_2xKSin1_DC_hct15_seed4_rigid31_3_from1468000cy.dat
shape =  (18, 1466)
1466
loading  /home/jasencakova/dataset/cells/priamy_kanal/sim_2xKSin1_DC_hct15_seed4_rigid31_3_from1468000cy/rbc75_sim_2xKSin1_DC_hct15_seed4_rigid31_3_from1468000cy.dat
shape =  (18, 1466)
1466
loading  /home/jasencakova/dataset/cells/priamy_kanal/sim_2xKSin1_DC_hct15_seed4_rigid31_3_from1468000cy/rbc76_sim_2xKSin1_DC_hct15_seed4_rigid31_3_from1468000cy.dat
shape =  (18, 1466)
1466
loading  /home/jasencakova/dataset/cells/priamy_kanal/sim_2xKSin1_DC_hct15_seed4_rigid31_3_from1468000cy/rbc77_sim_2xKSin1_DC_hct15_seed4_rigid31_3_from1468000cy.dat
shape =  (18, 1466)
1466
loading  /home/jasencakova/dataset/cells/priamy_kanal/sim_2xKSin1_DC_hct15_seed4_rigid31_3_from1468000cy/rbc78_sim_2xKSin1_DC_hct15_seed4_rigid31_3_from1468000cy.dat
shape =  (18, 1466)
1466
loading  /home/jasencakova/dataset/cells/priamy_kanal/sim_2xKSin1_DC_hct15_seed4_rigid31_3_from1468000cy/rbc79_sim_2xKSin1_DC_hct15_seed4_rigid31_3_from1468000cy.dat
shape =  (18, 1466)
1466
loading  /home/jasencakova/dataset/cells/priamy_kanal/sim_2xKSin1_DC_hct15_seed4_rigid31_3_from1468000cy/rbc80_sim_2xKSin1_DC_hct15_seed4_rigid31_3_from1468000cy.dat
shape =  (18, 1466)
1466
loading  /home/jasencakova/dataset/cells/priamy_kanal/sim_2xKSin1_DC_hct15_seed4_rigid31_3_from1468000cy/rbc81_sim_2xKSin1_DC_hct15_seed4_rigid31_3_from1468000cy.dat
shape =  (18, 1466)
1466
loading  /home/jasencakova/dataset/cells/priamy_kanal/sim_2xKSin1_DC_hct15_seed4_rigid31_3_from1468000cy/rbc82_sim_2xKSin1_DC_hct15_seed4_rigid31_3_from1468000cy.dat
shape =  (18, 1466)
1466
loading  /home/jasencakova/dataset/cells/priamy_kanal/sim_2xKSin1_DC_hct15_seed4_rigid31_3_from1468000cy/rbc83_sim_2xKSin1_DC_hct15_seed4_rigid31_3_from1468000cy.dat
shape =  (18, 1466)
1466
loading  /home/jasencakova/dataset/cells/priamy_kanal/sim_2xKSin1_DC_hct15_seed4_rigid31_3_from1468000cy/rbc84_sim_2xKSin1_DC_hct15_seed4_rigid31_3_from1468000cy.dat
shape =  (18, 1466)
1466
loading  /home/jasencakova/dataset/cells/priamy_kanal/sim_2xKSin1_DC_hct15_seed4_rigid31_3_from1468000cy/rbc85_sim_2xKSin1_DC_hct15_seed4_rigid31_3_from1468000cy.dat
shape =  (18, 1466)
1466
loading  /home/jasencakova/dataset/cells/priamy_kanal/sim_2xKSin1_DC_hct15_seed4_rigid31_3_from1468000cy/rbc86_sim_2xKSin1_DC_hct15_seed4_rigid31_3_from1468000cy.dat
shape =  (18, 1466)
1466
loading  /home/jasencakova/dataset/cells/priamy_kanal/sim_2xKSin1_DC_hct15_seed4_rigid31_3_from1468000cy/rbc87_sim_2xKSin1_DC_hct15_seed4_rigid31_3_from1468000cy.dat
shape =  (18, 1466)
1466
loading  /home/jasencakova/dataset/cells/priamy_kanal/sim_2xKSin1_DC_hct15_seed4_rigid31_3_from1468000cy/rbc88_sim_2xKSin1_DC_hct15_seed4_rigid31_3_from1468000cy.dat
shape =  (18, 1466)
1466
loading  /home/jasencakova/dataset/cells/priamy_kanal/sim_2xKSin1_DC_hct15_seed4_rigid31_3_from1468000cy/rbc89_sim_2xKSin1_DC_hct15_seed4_rigid31_3_from1468000cy.dat
shape =  (18, 1466)
1466
loading  /home/jasencakova/dataset/cells/priamy_kanal/sim_2xKSin1_DC_hct15_seed4_rigid31_3_from1468000cy/rbc90_sim_2xKSin1_DC_hct15_seed4_rigid31_3_from1468000cy.dat
shape =  (18, 1466)
1466
loading  /home/jasencakova/dataset/cells/priamy_kanal/sim_2xKSin1_DC_hct15_seed4_rigid31_3_from1468000cy/rbc91_sim_2xKSin1_DC_hct15_seed4_rigid31_3_from1468000cy.dat
shape =  (18, 1466)
1466
loading  /home/jasencakova/dataset/cells/priamy_kanal/sim_2xKSin1_DC_hct15_seed4_rigid31_3_from1468000cy/rbc92_sim_2xKSin1_DC_hct15_seed4_rigid31_3_from1468000cy.dat
shape =  (18, 1466)
1466
loading  /home/jasencakova/dataset/cells/priamy_kanal/sim_2xKSin1_DC_hct15_seed4_rigid31_3_from1468000cy/rbc93_sim_2xKSin1_DC_hct15_seed4_rigid31_3_from1468000cy.dat
shape =  (18, 1466)
1466
loading  /home/jasencakova/dataset/cells/priamy_kanal/sim_2xKSin1_DC_hct15_seed4_rigid31_3_from1468000cy/rbc94_sim_2xKSin1_DC_hct15_seed4_rigid31_3_from1468000cy.dat
shape =  (18, 1466)
1466
loading  /home/jasencakova/dataset/cells/priamy_kanal/sim_2xKSin1_DC_hct15_seed4_rigid31_3_from1468000cy/rbc95_sim_2xKSin1_DC_hct15_seed4_rigid31_3_from1468000cy.dat
shape =  (18, 1466)
1466
loading  /home/jasencakova/dataset/cells/priamy_kanal/sim_2xKSin1_DC_hct15_seed4_rigid31_3_from1468000cy/rbc96_sim_2xKSin1_DC_hct15_seed4_rigid31_3_from1468000cy.dat
shape =  (18, 1466)
1466
loading  /home/jasencakova/dataset/cells/priamy_kanal/sim_2xKSin1_DC_hct15_seed4_rigid31_3_from1468000cy/rbc97_sim_2xKSin1_DC_hct15_seed4_rigid31_3_from1468000cy.dat
shape =  (18, 1466)
1466
loading  /home/jasencakova/dataset/cells/priamy_kanal/sim_2xKSin1_DC_hct15_seed4_rigid31_3_from1468000cy/rbc98_sim_2xKSin1_DC_hct15_seed4_rigid31_3_from1468000cy.dat
shape =  (18, 1466)
1466
loading  /home/jasencakova/dataset/cells/priamy_kanal/sim_2xKSin1_DC_hct15_seed4_rigid31_3_from1468000cy/rbc99_sim_2xKSin1_DC_hct15_seed4_rigid31_3_from1468000cy.dat
shape =  (18, 1466)
1466
loading  /home/jasencakova/dataset/cells/priamy_kanal/sim_2xKSin1_DC_hct15_seed4_rigid31_3_from1468000cy/rbc100_sim_2xKSin1_DC_hct15_seed4_rigid31_3_from1468000cy.dat
shape =  (18, 1466)
1466
loading  /home/jasencakova/dataset/cells/priamy_kanal/sim_2xKSin1_DC_hct15_seed4_rigid31_3_from1468000cy/rbc101_sim_2xKSin1_DC_hct15_seed4_rigid31_3_from1468000cy.dat
shape =  (18, 1466)
1466
loading  /home/jasencakova/dataset/cells/priamy_kanal/sim_2xKSin1_DC_hct15_seed4_rigid31_3_from1468000cy/rbc102_sim_2xKSin1_DC_hct15_seed4_rigid31_3_from1468000cy.dat
shape =  (18, 1466)
1466
loading  /home/jasencakova/dataset/cells/priamy_kanal/sim_2xKSin1_DC_hct15_seed4_rigid31_3_from1468000cy/rbc103_sim_2xKSin1_DC_hct15_seed4_rigid31_3_from1468000cy.dat
shape =  (18, 1466)
1466
loading  /home/jasencakova/dataset/cells/priamy_kanal/sim_2xKSin1_DC_hct15_seed4_rigid31_3_from1468000cy/rbc104_sim_2xKSin1_DC_hct15_seed4_rigid31_3_from1468000cy.dat
shape =  (18, 1466)
1466
loading  /home/jasencakova/dataset/cells/priamy_kanal/sim_2xKSin1_DC_hct15_seed4_rigid31_3_from1468000cy/rbc105_sim_2xKSin1_DC_hct15_seed4_rigid31_3_from1468000cy.dat
shape =  (18, 1466)
1466
loading  /home/jasencakova/dataset/cells/priamy_kanal/sim_2xKSin1_DC_hct15_seed4_rigid31_3_from1468000cy/rbc106_sim_2xKSin1_DC_hct15_seed4_rigid31_3_from1468000cy.dat
shape =  (18, 1466)
1466
loading  /home/jasencakova/dataset/cells/priamy_kanal/sim_2xKSin1_DC_hct15_seed4_rigid31_3_from1468000cy/rbc107_sim_2xKSin1_DC_hct15_seed4_rigid31_3_from1468000cy.dat
shape =  (18, 1466)
1466
loading  /home/jasencakova/dataset/cells/priamy_kanal/sim_2xKSin1_DC_hct15_seed4_rigid31_3_from1468000cy/rbc108_sim_2xKSin1_DC_hct15_seed4_rigid31_3_from1468000cy.dat
shape =  (18, 1466)
1466
loading  /home/jasencakova/dataset/cells/priamy_kanal/sim_2xKSin1_DC_hct15_seed4_rigid31_3_from1468000cy/rbc109_sim_2xKSin1_DC_hct15_seed4_rigid31_3_from1468000cy.dat
shape =  (18, 1466)
1466
loading  /home/jasencakova/dataset/cells/priamy_kanal/sim_2xKSin1_DC_hct15_seed4_rigid31_3_from1468000cy/rbc110_sim_2xKSin1_DC_hct15_seed4_rigid31_3_from1468000cy.dat
shape =  (18, 1466)
1466
loading  /home/jasencakova/dataset/cells/priamy_kanal/sim_2xKSin1_DC_hct15_seed4_rigid31_3_from1468000cy/rbc111_sim_2xKSin1_DC_hct15_seed4_rigid31_3_from1468000cy.dat
shape =  (18, 1466)
1466
loading  /home/jasencakova/dataset/cells/priamy_kanal/sim_2xKSin1_DC_hct15_seed4_rigid31_3_from1468000cy/rbc112_sim_2xKSin1_DC_hct15_seed4_rigid31_3_from1468000cy.dat
shape =  (18, 1466)
1466
loading  /home/jasencakova/dataset/cells/priamy_kanal/sim_2xKSin1_DC_hct15_seed4_rigid31_3_from1468000cy/rbc113_sim_2xKSin1_DC_hct15_seed4_rigid31_3_from1468000cy.dat
shape =  (18, 1466)
1466
loading  /home/jasencakova/dataset/cells/priamy_kanal/sim_2xKSin1_DC_hct15_seed4_rigid31_3_from1468000cy/rbc114_sim_2xKSin1_DC_hct15_seed4_rigid31_3_from1468000cy.dat
shape =  (18, 1466)
1466
loading  /home/jasencakova/dataset/cells/priamy_kanal/sim_2xKSin1_DC_hct15_seed4_rigid31_3_from1468000cy/rbc115_sim_2xKSin1_DC_hct15_seed4_rigid31_3_from1468000cy.dat
shape =  (18, 1466)
1466
loading  /home/jasencakova/dataset/cells/priamy_kanal/sim_2xKSin1_DC_hct15_seed4_rigid31_3_from1468000cy/rbc116_sim_2xKSin1_DC_hct15_seed4_rigid31_3_from1468000cy.dat
shape =  (18, 1466)
1466
loading  /home/jasencakova/dataset/cells/priamy_kanal/sim_2xKSin1_DC_hct15_seed4_rigid31_3_from1468000cy/rbc117_sim_2xKSin1_DC_hct15_seed4_rigid31_3_from1468000cy.dat
shape =  (18, 1466)
1466
loading  /home/jasencakova/dataset/cells/priamy_kanal/sim_2xKSin1_DC_hct15_seed4_rigid31_3_from1468000cy/rbc118_sim_2xKSin1_DC_hct15_seed4_rigid31_3_from1468000cy.dat
shape =  (18, 1466)
1466
loading  /home/jasencakova/dataset/cells/priamy_kanal/sim_2xKSin1_DC_hct15_seed4_rigid31_3_from1468000cy/rbc119_sim_2xKSin1_DC_hct15_seed4_rigid31_3_from1468000cy.dat
shape =  (18, 1466)
1466
loading  /home/jasencakova/dataset/cells/priamy_kanal/sim_2xKSin1_DC_hct15_seed4_rigid31_3_from1468000cy/rbc120_sim_2xKSin1_DC_hct15_seed4_rigid31_3_from1468000cy.dat
shape =  (18, 1466)
1466
loading  /home/jasencakova/dataset/cells/priamy_kanal/sim_2xKSin1_DC_hct15_seed4_rigid31_3_from1468000cy/rbc121_sim_2xKSin1_DC_hct15_seed4_rigid31_3_from1468000cy.dat
shape =  (18, 1466)
1466
loading  /home/jasencakova/dataset/cells/priamy_kanal/sim_2xKSin1_DC_hct15_seed4_rigid31_3_from1468000cy/rbc122_sim_2xKSin1_DC_hct15_seed4_rigid31_3_from1468000cy.dat
shape =  (18, 1466)
1466
loading  /home/jasencakova/dataset/cells/priamy_kanal/sim_2xKSin1_DC_hct15_seed4_rigid31_3_from1468000cy/rbc123_sim_2xKSin1_DC_hct15_seed4_rigid31_3_from1468000cy.dat
shape =  (18, 1466)
1466
loading  /home/jasencakova/dataset/cells/priamy_kanal/sim_2xKSin1_DC_hct15_seed4_rigid31_3_from1468000cy/rbc124_sim_2xKSin1_DC_hct15_seed4_rigid31_3_from1468000cy.dat
shape =  (18, 1466)
1466
loading  /home/jasencakova/dataset/cells/priamy_kanal/sim_2xKSin1_DC_hct15_seed4_rigid31_3_from1468000cy/rbc125_sim_2xKSin1_DC_hct15_seed4_rigid31_3_from1468000cy.dat
shape =  (18, 1466)
1466
loading  /home/jasencakova/dataset/cells/priamy_kanal/sim_2xKSin1_DC_hct15_seed4_rigid31_3_from1468000cy/rbc126_sim_2xKSin1_DC_hct15_seed4_rigid31_3_from1468000cy.dat
shape =  (18, 1466)
1466
loading  /home/jasencakova/dataset/cells/priamy_kanal/sim_2xKSin1_DC_hct15_seed4_rigid31_3_from1468000cy/rbc127_sim_2xKSin1_DC_hct15_seed4_rigid31_3_from1468000cy.dat
shape =  (18, 1466)
1466
loading  /home/jasencakova/dataset/cells/priamy_kanal/sim_2xKSin1_DC_hct15_seed4_rigid31_3_from1468000cy/rbc128_sim_2xKSin1_DC_hct15_seed4_rigid31_3_from1468000cy.dat
shape =  (18, 1466)
1466
loading  /home/jasencakova/dataset/cells/priamy_kanal/sim_2xKSin1_DC_hct15_seed4_rigid31_3_from1468000cy/rbc129_sim_2xKSin1_DC_hct15_seed4_rigid31_3_from1468000cy.dat
shape =  (18, 1466)
1466
loading  /home/jasencakova/dataset/cells/priamy_kanal/sim_2xKSin1_DC_hct15_seed4_rigid31_3_from1468000cy/rbc130_sim_2xKSin1_DC_hct15_seed4_rigid31_3_from1468000cy.dat
shape =  (18, 1466)
1466
loading  /home/jasencakova/dataset/cells/priamy_kanal/sim_2xKSin1_DC_hct15_seed4_rigid31_3_from1468000cy/rbc131_sim_2xKSin1_DC_hct15_seed4_rigid31_3_from1468000cy.dat
shape =  (18, 1466)
1466
loading  /home/jasencakova/dataset/cells/priamy_kanal/sim_2xKSin1_DC_hct15_seed4_rigid31_3_from1468000cy/rbc132_sim_2xKSin1_DC_hct15_seed4_rigid31_3_from1468000cy.dat
shape =  (18, 1466)
1466
loading  /home/jasencakova/dataset/cells/priamy_kanal/sim_2xKSin1_DC_hct15_seed4_rigid31_3_from1468000cy/rbc133_sim_2xKSin1_DC_hct15_seed4_rigid31_3_from1468000cy.dat
shape =  (18, 1466)
1466
loading  /home/jasencakova/dataset/cells/priamy_kanal/sim_2xKSin1_DC_hct15_seed4_rigid31_3_from1468000cy/rbc134_sim_2xKSin1_DC_hct15_seed4_rigid31_3_from1468000cy.dat
shape =  (18, 1466)
1466
loading  /home/jasencakova/dataset/cells/priamy_kanal/sim_2xKSin1_DC_hct15_seed4_rigid31_3_from1468000cy/rbc135_sim_2xKSin1_DC_hct15_seed4_rigid31_3_from1468000cy.dat
shape =  (18, 1466)
1466
loading  /home/jasencakova/dataset/cells/priamy_kanal/sim_2xKSin1_DC_hct15_seed4_rigid31_3_from1468000cy/rbc136_sim_2xKSin1_DC_hct15_seed4_rigid31_3_from1468000cy.dat
shape =  (18, 1466)
1466
loading  /home/jasencakova/dataset/cells/priamy_kanal/sim_2xKSin1_DC_hct15_seed4_rigid31_3_from1468000cy/rbc137_sim_2xKSin1_DC_hct15_seed4_rigid31_3_from1468000cy.dat
shape =  (18, 1466)
1466
loading  /home/jasencakova/dataset/cells/priamy_kanal/sim_2xKSin1_DC_hct15_seed4_rigid31_3_from1468000cy/rbc138_sim_2xKSin1_DC_hct15_seed4_rigid31_3_from1468000cy.dat
shape =  (18, 1466)
1466
loading  /home/jasencakova/dataset/cells/priamy_kanal/sim_2xKSin1_DC_hct15_seed4_rigid31_3_from1468000cy/rbc139_sim_2xKSin1_DC_hct15_seed4_rigid31_3_from1468000cy.dat
shape =  (18, 1466)
1466
loading  /home/jasencakova/dataset/cells/priamy_kanal/sim_2xKSin1_DC_hct15_seed4_rigid31_3_from1468000cy/rbc140_sim_2xKSin1_DC_hct15_seed4_rigid31_3_from1468000cy.dat
shape =  (18, 1466)
1466
loading  /home/jasencakova/dataset/cells/priamy_kanal/sim_2xKSin1_DC_hct15_seed4_rigid31_3_from1468000cy/rbc141_sim_2xKSin1_DC_hct15_seed4_rigid31_3_from1468000cy.dat
shape =  (18, 1466)
1466
loading  /home/jasencakova/dataset/cells/priamy_kanal/sim_2xKSin1_DC_hct15_seed4_rigid31_3_from1468000cy/rbc142_sim_2xKSin1_DC_hct15_seed4_rigid31_3_from1468000cy.dat
shape =  (18, 1466)
1466
loading  /home/jasencakova/dataset/cells/priamy_kanal/sim_2xKSin1_DC_hct15_seed4_rigid31_3_from1468000cy/rbc143_sim_2xKSin1_DC_hct15_seed4_rigid31_3_from1468000cy.dat
shape =  (18, 1466)
1466
loading  /home/jasencakova/dataset/cells/priamy_kanal/sim_2xKSin1_DC_hct15_seed4_rigid31_3_from1468000cy/rbc144_sim_2xKSin1_DC_hct15_seed4_rigid31_3_from1468000cy.dat
shape =  (18, 1466)
1466
loading  /home/jasencakova/dataset/cells/priamy_kanal/sim_2xKSin1_DC_hct15_seed4_rigid31_3_from1468000cy/rbc145_sim_2xKSin1_DC_hct15_seed4_rigid31_3_from1468000cy.dat
shape =  (18, 1466)
1466
loading  /home/jasencakova/dataset/cells/priamy_kanal/sim_2xKSin1_DC_hct15_seed4_rigid31_3_from1468000cy/rbc146_sim_2xKSin1_DC_hct15_seed4_rigid31_3_from1468000cy.dat
shape =  (18, 1466)
1466
loading  /home/jasencakova/dataset/cells/priamy_kanal/sim_2xKSin1_DC_hct15_seed4_rigid31_3_from1468000cy/rbc147_sim_2xKSin1_DC_hct15_seed4_rigid31_3_from1468000cy.dat
shape =  (18, 1466)
1466
loading  /home/jasencakova/dataset/cells/priamy_kanal/sim_2xKSin1_DC_hct15_seed4_rigid31_3_from1468000cy/rbc148_sim_2xKSin1_DC_hct15_seed4_rigid31_3_from1468000cy.dat
shape =  (18, 1466)
1466
loading  /home/jasencakova/dataset/cells/priamy_kanal/sim_2xKSin1_DC_hct15_seed4_rigid31_3_from1468000cy/rbc149_sim_2xKSin1_DC_hct15_seed4_rigid31_3_from1468000cy.dat
shape =  (18, 1466)
1466
loading  /home/jasencakova/dataset/cells/priamy_kanal/sim_2xKSin1_DC_hct15_seed4_rigid31_3_from1468000cy/rbc150_sim_2xKSin1_DC_hct15_seed4_rigid31_3_from1468000cy.dat
shape =  (18, 1466)
1466
loading  /home/jasencakova/dataset/cells/priamy_kanal/sim_2xKSin1_DC_hct15_seed4_rigid31_3_from1468000cy/rbc151_sim_2xKSin1_DC_hct15_seed4_rigid31_3_from1468000cy.dat
shape =  (18, 1466)
1466
loading  /home/jasencakova/dataset/cells/priamy_kanal/sim_2xKSin1_DC_hct15_seed4_rigid31_3_from1468000cy/rbc152_sim_2xKSin1_DC_hct15_seed4_rigid31_3_from1468000cy.dat
shape =  (18, 1466)
1466
loading  /home/jasencakova/dataset/cells/priamy_kanal/sim_2xKSin1_DC_hct15_seed4_rigid31_3_from1468000cy/rbc153_sim_2xKSin1_DC_hct15_seed4_rigid31_3_from1468000cy.dat
shape =  (18, 1466)
1466
shortest_length =  1466
data_shape      =  (154, 1466, 18)



loading  /home/jasencakova/dataset/cells/priamy_kanal/sim_2xKSin1_DC_hct15_seed4_rigid31_3/rbc0_sim_2xKSin1_DC_hct15_seed4_rigid31_3.dat
shape =  (18, 735)
735
loading  /home/jasencakova/dataset/cells/priamy_kanal/sim_2xKSin1_DC_hct15_seed4_rigid31_3/rbc1_sim_2xKSin1_DC_hct15_seed4_rigid31_3.dat
shape =  (18, 735)
735
loading  /home/jasencakova/dataset/cells/priamy_kanal/sim_2xKSin1_DC_hct15_seed4_rigid31_3/rbc2_sim_2xKSin1_DC_hct15_seed4_rigid31_3.dat
shape =  (18, 735)
735
loading  /home/jasencakova/dataset/cells/priamy_kanal/sim_2xKSin1_DC_hct15_seed4_rigid31_3/rbc3_sim_2xKSin1_DC_hct15_seed4_rigid31_3.dat
shape =  (18, 735)
735
loading  /home/jasencakova/dataset/cells/priamy_kanal/sim_2xKSin1_DC_hct15_seed4_rigid31_3/rbc4_sim_2xKSin1_DC_hct15_seed4_rigid31_3.dat
shape =  (18, 735)
735
loading  /home/jasencakova/dataset/cells/priamy_kanal/sim_2xKSin1_DC_hct15_seed4_rigid31_3/rbc5_sim_2xKSin1_DC_hct15_seed4_rigid31_3.dat
shape =  (18, 735)
735
loading  /home/jasencakova/dataset/cells/priamy_kanal/sim_2xKSin1_DC_hct15_seed4_rigid31_3/rbc6_sim_2xKSin1_DC_hct15_seed4_rigid31_3.dat
shape =  (18, 735)
735
loading  /home/jasencakova/dataset/cells/priamy_kanal/sim_2xKSin1_DC_hct15_seed4_rigid31_3/rbc7_sim_2xKSin1_DC_hct15_seed4_rigid31_3.dat
shape =  (18, 735)
735
loading  /home/jasencakova/dataset/cells/priamy_kanal/sim_2xKSin1_DC_hct15_seed4_rigid31_3/rbc8_sim_2xKSin1_DC_hct15_seed4_rigid31_3.dat
shape =  (18, 735)
735
loading  /home/jasencakova/dataset/cells/priamy_kanal/sim_2xKSin1_DC_hct15_seed4_rigid31_3/rbc9_sim_2xKSin1_DC_hct15_seed4_rigid31_3.dat
shape =  (18, 735)
735
loading  /home/jasencakova/dataset/cells/priamy_kanal/sim_2xKSin1_DC_hct15_seed4_rigid31_3/rbc10_sim_2xKSin1_DC_hct15_seed4_rigid31_3.dat
shape =  (18, 735)
735
loading  /home/jasencakova/dataset/cells/priamy_kanal/sim_2xKSin1_DC_hct15_seed4_rigid31_3/rbc11_sim_2xKSin1_DC_hct15_seed4_rigid31_3.dat
shape =  (18, 735)
735
loading  /home/jasencakova/dataset/cells/priamy_kanal/sim_2xKSin1_DC_hct15_seed4_rigid31_3/rbc12_sim_2xKSin1_DC_hct15_seed4_rigid31_3.dat
shape =  (18, 735)
735
loading  /home/jasencakova/dataset/cells/priamy_kanal/sim_2xKSin1_DC_hct15_seed4_rigid31_3/rbc13_sim_2xKSin1_DC_hct15_seed4_rigid31_3.dat
shape =  (18, 735)
735
loading  /home/jasencakova/dataset/cells/priamy_kanal/sim_2xKSin1_DC_hct15_seed4_rigid31_3/rbc14_sim_2xKSin1_DC_hct15_seed4_rigid31_3.dat
shape =  (18, 735)
735
loading  /home/jasencakova/dataset/cells/priamy_kanal/sim_2xKSin1_DC_hct15_seed4_rigid31_3/rbc15_sim_2xKSin1_DC_hct15_seed4_rigid31_3.dat
shape =  (18, 735)
735
loading  /home/jasencakova/dataset/cells/priamy_kanal/sim_2xKSin1_DC_hct15_seed4_rigid31_3/rbc16_sim_2xKSin1_DC_hct15_seed4_rigid31_3.dat
shape =  (18, 735)
735
loading  /home/jasencakova/dataset/cells/priamy_kanal/sim_2xKSin1_DC_hct15_seed4_rigid31_3/rbc17_sim_2xKSin1_DC_hct15_seed4_rigid31_3.dat
shape =  (18, 735)
735
loading  /home/jasencakova/dataset/cells/priamy_kanal/sim_2xKSin1_DC_hct15_seed4_rigid31_3/rbc18_sim_2xKSin1_DC_hct15_seed4_rigid31_3.dat
shape =  (18, 735)
735
loading  /home/jasencakova/dataset/cells/priamy_kanal/sim_2xKSin1_DC_hct15_seed4_rigid31_3/rbc19_sim_2xKSin1_DC_hct15_seed4_rigid31_3.dat
shape =  (18, 735)
735
loading  /home/jasencakova/dataset/cells/priamy_kanal/sim_2xKSin1_DC_hct15_seed4_rigid31_3/rbc20_sim_2xKSin1_DC_hct15_seed4_rigid31_3.dat
shape =  (18, 735)
735
loading  /home/jasencakova/dataset/cells/priamy_kanal/sim_2xKSin1_DC_hct15_seed4_rigid31_3/rbc21_sim_2xKSin1_DC_hct15_seed4_rigid31_3.dat
shape =  (18, 735)
735
loading  /home/jasencakova/dataset/cells/priamy_kanal/sim_2xKSin1_DC_hct15_seed4_rigid31_3/rbc22_sim_2xKSin1_DC_hct15_seed4_rigid31_3.dat
shape =  (18, 735)
735
loading  /home/jasencakova/dataset/cells/priamy_kanal/sim_2xKSin1_DC_hct15_seed4_rigid31_3/rbc23_sim_2xKSin1_DC_hct15_seed4_rigid31_3.dat
shape =  (18, 735)
735
loading  /home/jasencakova/dataset/cells/priamy_kanal/sim_2xKSin1_DC_hct15_seed4_rigid31_3/rbc24_sim_2xKSin1_DC_hct15_seed4_rigid31_3.dat
shape =  (18, 735)
735
loading  /home/jasencakova/dataset/cells/priamy_kanal/sim_2xKSin1_DC_hct15_seed4_rigid31_3/rbc25_sim_2xKSin1_DC_hct15_seed4_rigid31_3.dat
shape =  (18, 735)
735
loading  /home/jasencakova/dataset/cells/priamy_kanal/sim_2xKSin1_DC_hct15_seed4_rigid31_3/rbc26_sim_2xKSin1_DC_hct15_seed4_rigid31_3.dat
shape =  (18, 735)
735
loading  /home/jasencakova/dataset/cells/priamy_kanal/sim_2xKSin1_DC_hct15_seed4_rigid31_3/rbc27_sim_2xKSin1_DC_hct15_seed4_rigid31_3.dat
shape =  (18, 735)
735
loading  /home/jasencakova/dataset/cells/priamy_kanal/sim_2xKSin1_DC_hct15_seed4_rigid31_3/rbc28_sim_2xKSin1_DC_hct15_seed4_rigid31_3.dat
shape =  (18, 735)
735
loading  /home/jasencakova/dataset/cells/priamy_kanal/sim_2xKSin1_DC_hct15_seed4_rigid31_3/rbc29_sim_2xKSin1_DC_hct15_seed4_rigid31_3.dat
shape =  (18, 735)
735
loading  /home/jasencakova/dataset/cells/priamy_kanal/sim_2xKSin1_DC_hct15_seed4_rigid31_3/rbc30_sim_2xKSin1_DC_hct15_seed4_rigid31_3.dat
shape =  (18, 735)
735
loading  /home/jasencakova/dataset/cells/priamy_kanal/sim_2xKSin1_DC_hct15_seed4_rigid31_3/rbc31_sim_2xKSin1_DC_hct15_seed4_rigid31_3.dat
shape =  (18, 735)
735
loading  /home/jasencakova/dataset/cells/priamy_kanal/sim_2xKSin1_DC_hct15_seed4_rigid31_3/rbc32_sim_2xKSin1_DC_hct15_seed4_rigid31_3.dat
shape =  (18, 735)
735
loading  /home/jasencakova/dataset/cells/priamy_kanal/sim_2xKSin1_DC_hct15_seed4_rigid31_3/rbc33_sim_2xKSin1_DC_hct15_seed4_rigid31_3.dat
shape =  (18, 735)
735
loading  /home/jasencakova/dataset/cells/priamy_kanal/sim_2xKSin1_DC_hct15_seed4_rigid31_3/rbc34_sim_2xKSin1_DC_hct15_seed4_rigid31_3.dat
shape =  (18, 735)
735
loading  /home/jasencakova/dataset/cells/priamy_kanal/sim_2xKSin1_DC_hct15_seed4_rigid31_3/rbc35_sim_2xKSin1_DC_hct15_seed4_rigid31_3.dat
shape =  (18, 735)
735
loading  /home/jasencakova/dataset/cells/priamy_kanal/sim_2xKSin1_DC_hct15_seed4_rigid31_3/rbc36_sim_2xKSin1_DC_hct15_seed4_rigid31_3.dat
shape =  (18, 735)
735
loading  /home/jasencakova/dataset/cells/priamy_kanal/sim_2xKSin1_DC_hct15_seed4_rigid31_3/rbc37_sim_2xKSin1_DC_hct15_seed4_rigid31_3.dat
shape =  (18, 735)
735
loading  /home/jasencakova/dataset/cells/priamy_kanal/sim_2xKSin1_DC_hct15_seed4_rigid31_3/rbc38_sim_2xKSin1_DC_hct15_seed4_rigid31_3.dat
shape =  (18, 735)
735
loading  /home/jasencakova/dataset/cells/priamy_kanal/sim_2xKSin1_DC_hct15_seed4_rigid31_3/rbc39_sim_2xKSin1_DC_hct15_seed4_rigid31_3.dat
shape =  (18, 735)
735
loading  /home/jasencakova/dataset/cells/priamy_kanal/sim_2xKSin1_DC_hct15_seed4_rigid31_3/rbc40_sim_2xKSin1_DC_hct15_seed4_rigid31_3.dat
shape =  (18, 735)
735
loading  /home/jasencakova/dataset/cells/priamy_kanal/sim_2xKSin1_DC_hct15_seed4_rigid31_3/rbc41_sim_2xKSin1_DC_hct15_seed4_rigid31_3.dat
shape =  (18, 735)
735
loading  /home/jasencakova/dataset/cells/priamy_kanal/sim_2xKSin1_DC_hct15_seed4_rigid31_3/rbc42_sim_2xKSin1_DC_hct15_seed4_rigid31_3.dat
shape =  (18, 735)
735
loading  /home/jasencakova/dataset/cells/priamy_kanal/sim_2xKSin1_DC_hct15_seed4_rigid31_3/rbc43_sim_2xKSin1_DC_hct15_seed4_rigid31_3.dat
shape =  (18, 735)
735
loading  /home/jasencakova/dataset/cells/priamy_kanal/sim_2xKSin1_DC_hct15_seed4_rigid31_3/rbc44_sim_2xKSin1_DC_hct15_seed4_rigid31_3.dat
shape =  (18, 735)
735
loading  /home/jasencakova/dataset/cells/priamy_kanal/sim_2xKSin1_DC_hct15_seed4_rigid31_3/rbc45_sim_2xKSin1_DC_hct15_seed4_rigid31_3.dat
shape =  (18, 735)
735
loading  /home/jasencakova/dataset/cells/priamy_kanal/sim_2xKSin1_DC_hct15_seed4_rigid31_3/rbc46_sim_2xKSin1_DC_hct15_seed4_rigid31_3.dat
shape =  (18, 735)
735
loading  /home/jasencakova/dataset/cells/priamy_kanal/sim_2xKSin1_DC_hct15_seed4_rigid31_3/rbc47_sim_2xKSin1_DC_hct15_seed4_rigid31_3.dat
shape =  (18, 735)
735
loading  /home/jasencakova/dataset/cells/priamy_kanal/sim_2xKSin1_DC_hct15_seed4_rigid31_3/rbc48_sim_2xKSin1_DC_hct15_seed4_rigid31_3.dat
shape =  (18, 735)
735
loading  /home/jasencakova/dataset/cells/priamy_kanal/sim_2xKSin1_DC_hct15_seed4_rigid31_3/rbc49_sim_2xKSin1_DC_hct15_seed4_rigid31_3.dat
shape =  (18, 735)
735
loading  /home/jasencakova/dataset/cells/priamy_kanal/sim_2xKSin1_DC_hct15_seed4_rigid31_3/rbc50_sim_2xKSin1_DC_hct15_seed4_rigid31_3.dat
shape =  (18, 735)
735
loading  /home/jasencakova/dataset/cells/priamy_kanal/sim_2xKSin1_DC_hct15_seed4_rigid31_3/rbc51_sim_2xKSin1_DC_hct15_seed4_rigid31_3.dat
shape =  (18, 735)
735
loading  /home/jasencakova/dataset/cells/priamy_kanal/sim_2xKSin1_DC_hct15_seed4_rigid31_3/rbc52_sim_2xKSin1_DC_hct15_seed4_rigid31_3.dat
shape =  (18, 735)
735
loading  /home/jasencakova/dataset/cells/priamy_kanal/sim_2xKSin1_DC_hct15_seed4_rigid31_3/rbc53_sim_2xKSin1_DC_hct15_seed4_rigid31_3.dat
shape =  (18, 735)
735
loading  /home/jasencakova/dataset/cells/priamy_kanal/sim_2xKSin1_DC_hct15_seed4_rigid31_3/rbc54_sim_2xKSin1_DC_hct15_seed4_rigid31_3.dat
shape =  (18, 735)
735
loading  /home/jasencakova/dataset/cells/priamy_kanal/sim_2xKSin1_DC_hct15_seed4_rigid31_3/rbc55_sim_2xKSin1_DC_hct15_seed4_rigid31_3.dat
shape =  (18, 735)
735
loading  /home/jasencakova/dataset/cells/priamy_kanal/sim_2xKSin1_DC_hct15_seed4_rigid31_3/rbc56_sim_2xKSin1_DC_hct15_seed4_rigid31_3.dat
shape =  (18, 735)
735
loading  /home/jasencakova/dataset/cells/priamy_kanal/sim_2xKSin1_DC_hct15_seed4_rigid31_3/rbc57_sim_2xKSin1_DC_hct15_seed4_rigid31_3.dat
shape =  (18, 735)
735
loading  /home/jasencakova/dataset/cells/priamy_kanal/sim_2xKSin1_DC_hct15_seed4_rigid31_3/rbc58_sim_2xKSin1_DC_hct15_seed4_rigid31_3.dat
shape =  (18, 735)
735
loading  /home/jasencakova/dataset/cells/priamy_kanal/sim_2xKSin1_DC_hct15_seed4_rigid31_3/rbc59_sim_2xKSin1_DC_hct15_seed4_rigid31_3.dat
shape =  (18, 735)
735
loading  /home/jasencakova/dataset/cells/priamy_kanal/sim_2xKSin1_DC_hct15_seed4_rigid31_3/rbc60_sim_2xKSin1_DC_hct15_seed4_rigid31_3.dat
shape =  (18, 735)
735
loading  /home/jasencakova/dataset/cells/priamy_kanal/sim_2xKSin1_DC_hct15_seed4_rigid31_3/rbc61_sim_2xKSin1_DC_hct15_seed4_rigid31_3.dat
shape =  (18, 735)
735
loading  /home/jasencakova/dataset/cells/priamy_kanal/sim_2xKSin1_DC_hct15_seed4_rigid31_3/rbc62_sim_2xKSin1_DC_hct15_seed4_rigid31_3.dat
shape =  (18, 735)
735
loading  /home/jasencakova/dataset/cells/priamy_kanal/sim_2xKSin1_DC_hct15_seed4_rigid31_3/rbc63_sim_2xKSin1_DC_hct15_seed4_rigid31_3.dat
shape =  (18, 735)
735
loading  /home/jasencakova/dataset/cells/priamy_kanal/sim_2xKSin1_DC_hct15_seed4_rigid31_3/rbc64_sim_2xKSin1_DC_hct15_seed4_rigid31_3.dat
shape =  (18, 735)
735
loading  /home/jasencakova/dataset/cells/priamy_kanal/sim_2xKSin1_DC_hct15_seed4_rigid31_3/rbc65_sim_2xKSin1_DC_hct15_seed4_rigid31_3.dat
shape =  (18, 735)
735
loading  /home/jasencakova/dataset/cells/priamy_kanal/sim_2xKSin1_DC_hct15_seed4_rigid31_3/rbc66_sim_2xKSin1_DC_hct15_seed4_rigid31_3.dat
shape =  (18, 735)
735
loading  /home/jasencakova/dataset/cells/priamy_kanal/sim_2xKSin1_DC_hct15_seed4_rigid31_3/rbc67_sim_2xKSin1_DC_hct15_seed4_rigid31_3.dat
shape =  (18, 735)
735
loading  /home/jasencakova/dataset/cells/priamy_kanal/sim_2xKSin1_DC_hct15_seed4_rigid31_3/rbc68_sim_2xKSin1_DC_hct15_seed4_rigid31_3.dat
shape =  (18, 735)
735
loading  /home/jasencakova/dataset/cells/priamy_kanal/sim_2xKSin1_DC_hct15_seed4_rigid31_3/rbc69_sim_2xKSin1_DC_hct15_seed4_rigid31_3.dat
shape =  (18, 735)
735
loading  /home/jasencakova/dataset/cells/priamy_kanal/sim_2xKSin1_DC_hct15_seed4_rigid31_3/rbc70_sim_2xKSin1_DC_hct15_seed4_rigid31_3.dat
shape =  (18, 735)
735
loading  /home/jasencakova/dataset/cells/priamy_kanal/sim_2xKSin1_DC_hct15_seed4_rigid31_3/rbc71_sim_2xKSin1_DC_hct15_seed4_rigid31_3.dat
shape =  (18, 735)
735
loading  /home/jasencakova/dataset/cells/priamy_kanal/sim_2xKSin1_DC_hct15_seed4_rigid31_3/rbc72_sim_2xKSin1_DC_hct15_seed4_rigid31_3.dat
shape =  (18, 735)
735
loading  /home/jasencakova/dataset/cells/priamy_kanal/sim_2xKSin1_DC_hct15_seed4_rigid31_3/rbc73_sim_2xKSin1_DC_hct15_seed4_rigid31_3.dat
shape =  (18, 735)
735
loading  /home/jasencakova/dataset/cells/priamy_kanal/sim_2xKSin1_DC_hct15_seed4_rigid31_3/rbc74_sim_2xKSin1_DC_hct15_seed4_rigid31_3.dat
shape =  (18, 735)
735
loading  /home/jasencakova/dataset/cells/priamy_kanal/sim_2xKSin1_DC_hct15_seed4_rigid31_3/rbc75_sim_2xKSin1_DC_hct15_seed4_rigid31_3.dat
shape =  (18, 735)
735
loading  /home/jasencakova/dataset/cells/priamy_kanal/sim_2xKSin1_DC_hct15_seed4_rigid31_3/rbc76_sim_2xKSin1_DC_hct15_seed4_rigid31_3.dat
shape =  (18, 735)
735
loading  /home/jasencakova/dataset/cells/priamy_kanal/sim_2xKSin1_DC_hct15_seed4_rigid31_3/rbc77_sim_2xKSin1_DC_hct15_seed4_rigid31_3.dat
shape =  (18, 735)
735
loading  /home/jasencakova/dataset/cells/priamy_kanal/sim_2xKSin1_DC_hct15_seed4_rigid31_3/rbc78_sim_2xKSin1_DC_hct15_seed4_rigid31_3.dat
shape =  (18, 735)
735
loading  /home/jasencakova/dataset/cells/priamy_kanal/sim_2xKSin1_DC_hct15_seed4_rigid31_3/rbc79_sim_2xKSin1_DC_hct15_seed4_rigid31_3.dat
shape =  (18, 735)
735
loading  /home/jasencakova/dataset/cells/priamy_kanal/sim_2xKSin1_DC_hct15_seed4_rigid31_3/rbc80_sim_2xKSin1_DC_hct15_seed4_rigid31_3.dat
shape =  (18, 735)
735
loading  /home/jasencakova/dataset/cells/priamy_kanal/sim_2xKSin1_DC_hct15_seed4_rigid31_3/rbc81_sim_2xKSin1_DC_hct15_seed4_rigid31_3.dat
shape =  (18, 735)
735
loading  /home/jasencakova/dataset/cells/priamy_kanal/sim_2xKSin1_DC_hct15_seed4_rigid31_3/rbc82_sim_2xKSin1_DC_hct15_seed4_rigid31_3.dat
shape =  (18, 735)
735
loading  /home/jasencakova/dataset/cells/priamy_kanal/sim_2xKSin1_DC_hct15_seed4_rigid31_3/rbc83_sim_2xKSin1_DC_hct15_seed4_rigid31_3.dat
shape =  (18, 735)
735
loading  /home/jasencakova/dataset/cells/priamy_kanal/sim_2xKSin1_DC_hct15_seed4_rigid31_3/rbc84_sim_2xKSin1_DC_hct15_seed4_rigid31_3.dat
shape =  (18, 735)
735
loading  /home/jasencakova/dataset/cells/priamy_kanal/sim_2xKSin1_DC_hct15_seed4_rigid31_3/rbc85_sim_2xKSin1_DC_hct15_seed4_rigid31_3.dat
shape =  (18, 735)
735
loading  /home/jasencakova/dataset/cells/priamy_kanal/sim_2xKSin1_DC_hct15_seed4_rigid31_3/rbc86_sim_2xKSin1_DC_hct15_seed4_rigid31_3.dat
shape =  (18, 735)
735
loading  /home/jasencakova/dataset/cells/priamy_kanal/sim_2xKSin1_DC_hct15_seed4_rigid31_3/rbc87_sim_2xKSin1_DC_hct15_seed4_rigid31_3.dat
shape =  (18, 735)
735
loading  /home/jasencakova/dataset/cells/priamy_kanal/sim_2xKSin1_DC_hct15_seed4_rigid31_3/rbc88_sim_2xKSin1_DC_hct15_seed4_rigid31_3.dat
shape =  (18, 735)
735
loading  /home/jasencakova/dataset/cells/priamy_kanal/sim_2xKSin1_DC_hct15_seed4_rigid31_3/rbc89_sim_2xKSin1_DC_hct15_seed4_rigid31_3.dat
shape =  (18, 735)
735
loading  /home/jasencakova/dataset/cells/priamy_kanal/sim_2xKSin1_DC_hct15_seed4_rigid31_3/rbc90_sim_2xKSin1_DC_hct15_seed4_rigid31_3.dat
shape =  (18, 735)
735
loading  /home/jasencakova/dataset/cells/priamy_kanal/sim_2xKSin1_DC_hct15_seed4_rigid31_3/rbc91_sim_2xKSin1_DC_hct15_seed4_rigid31_3.dat
shape =  (18, 735)
735
loading  /home/jasencakova/dataset/cells/priamy_kanal/sim_2xKSin1_DC_hct15_seed4_rigid31_3/rbc92_sim_2xKSin1_DC_hct15_seed4_rigid31_3.dat
shape =  (18, 735)
735
loading  /home/jasencakova/dataset/cells/priamy_kanal/sim_2xKSin1_DC_hct15_seed4_rigid31_3/rbc93_sim_2xKSin1_DC_hct15_seed4_rigid31_3.dat
shape =  (18, 735)
735
loading  /home/jasencakova/dataset/cells/priamy_kanal/sim_2xKSin1_DC_hct15_seed4_rigid31_3/rbc94_sim_2xKSin1_DC_hct15_seed4_rigid31_3.dat
shape =  (18, 735)
735
loading  /home/jasencakova/dataset/cells/priamy_kanal/sim_2xKSin1_DC_hct15_seed4_rigid31_3/rbc95_sim_2xKSin1_DC_hct15_seed4_rigid31_3.dat
shape =  (18, 735)
735
loading  /home/jasencakova/dataset/cells/priamy_kanal/sim_2xKSin1_DC_hct15_seed4_rigid31_3/rbc96_sim_2xKSin1_DC_hct15_seed4_rigid31_3.dat
shape =  (18, 735)
735
loading  /home/jasencakova/dataset/cells/priamy_kanal/sim_2xKSin1_DC_hct15_seed4_rigid31_3/rbc97_sim_2xKSin1_DC_hct15_seed4_rigid31_3.dat
shape =  (18, 735)
735
loading  /home/jasencakova/dataset/cells/priamy_kanal/sim_2xKSin1_DC_hct15_seed4_rigid31_3/rbc98_sim_2xKSin1_DC_hct15_seed4_rigid31_3.dat
shape =  (18, 735)
735
loading  /home/jasencakova/dataset/cells/priamy_kanal/sim_2xKSin1_DC_hct15_seed4_rigid31_3/rbc99_sim_2xKSin1_DC_hct15_seed4_rigid31_3.dat
shape =  (18, 735)
735
loading  /home/jasencakova/dataset/cells/priamy_kanal/sim_2xKSin1_DC_hct15_seed4_rigid31_3/rbc100_sim_2xKSin1_DC_hct15_seed4_rigid31_3.dat
shape =  (18, 735)
735
loading  /home/jasencakova/dataset/cells/priamy_kanal/sim_2xKSin1_DC_hct15_seed4_rigid31_3/rbc101_sim_2xKSin1_DC_hct15_seed4_rigid31_3.dat
shape =  (18, 735)
735
loading  /home/jasencakova/dataset/cells/priamy_kanal/sim_2xKSin1_DC_hct15_seed4_rigid31_3/rbc102_sim_2xKSin1_DC_hct15_seed4_rigid31_3.dat
shape =  (18, 735)
735
loading  /home/jasencakova/dataset/cells/priamy_kanal/sim_2xKSin1_DC_hct15_seed4_rigid31_3/rbc103_sim_2xKSin1_DC_hct15_seed4_rigid31_3.dat
shape =  (18, 735)
735
loading  /home/jasencakova/dataset/cells/priamy_kanal/sim_2xKSin1_DC_hct15_seed4_rigid31_3/rbc104_sim_2xKSin1_DC_hct15_seed4_rigid31_3.dat
shape =  (18, 735)
735
loading  /home/jasencakova/dataset/cells/priamy_kanal/sim_2xKSin1_DC_hct15_seed4_rigid31_3/rbc105_sim_2xKSin1_DC_hct15_seed4_rigid31_3.dat
shape =  (18, 735)
735
loading  /home/jasencakova/dataset/cells/priamy_kanal/sim_2xKSin1_DC_hct15_seed4_rigid31_3/rbc106_sim_2xKSin1_DC_hct15_seed4_rigid31_3.dat
shape =  (18, 735)
735
loading  /home/jasencakova/dataset/cells/priamy_kanal/sim_2xKSin1_DC_hct15_seed4_rigid31_3/rbc107_sim_2xKSin1_DC_hct15_seed4_rigid31_3.dat
shape =  (18, 735)
735
loading  /home/jasencakova/dataset/cells/priamy_kanal/sim_2xKSin1_DC_hct15_seed4_rigid31_3/rbc108_sim_2xKSin1_DC_hct15_seed4_rigid31_3.dat
shape =  (18, 735)
735
loading  /home/jasencakova/dataset/cells/priamy_kanal/sim_2xKSin1_DC_hct15_seed4_rigid31_3/rbc109_sim_2xKSin1_DC_hct15_seed4_rigid31_3.dat
shape =  (18, 735)
735
loading  /home/jasencakova/dataset/cells/priamy_kanal/sim_2xKSin1_DC_hct15_seed4_rigid31_3/rbc110_sim_2xKSin1_DC_hct15_seed4_rigid31_3.dat
shape =  (18, 735)
735
loading  /home/jasencakova/dataset/cells/priamy_kanal/sim_2xKSin1_DC_hct15_seed4_rigid31_3/rbc111_sim_2xKSin1_DC_hct15_seed4_rigid31_3.dat
shape =  (18, 735)
735
loading  /home/jasencakova/dataset/cells/priamy_kanal/sim_2xKSin1_DC_hct15_seed4_rigid31_3/rbc112_sim_2xKSin1_DC_hct15_seed4_rigid31_3.dat
shape =  (18, 735)
735
loading  /home/jasencakova/dataset/cells/priamy_kanal/sim_2xKSin1_DC_hct15_seed4_rigid31_3/rbc113_sim_2xKSin1_DC_hct15_seed4_rigid31_3.dat
shape =  (18, 735)
735
loading  /home/jasencakova/dataset/cells/priamy_kanal/sim_2xKSin1_DC_hct15_seed4_rigid31_3/rbc114_sim_2xKSin1_DC_hct15_seed4_rigid31_3.dat
shape =  (18, 735)
735
loading  /home/jasencakova/dataset/cells/priamy_kanal/sim_2xKSin1_DC_hct15_seed4_rigid31_3/rbc115_sim_2xKSin1_DC_hct15_seed4_rigid31_3.dat
shape =  (18, 735)
735
loading  /home/jasencakova/dataset/cells/priamy_kanal/sim_2xKSin1_DC_hct15_seed4_rigid31_3/rbc116_sim_2xKSin1_DC_hct15_seed4_rigid31_3.dat
shape =  (18, 735)
735
loading  /home/jasencakova/dataset/cells/priamy_kanal/sim_2xKSin1_DC_hct15_seed4_rigid31_3/rbc117_sim_2xKSin1_DC_hct15_seed4_rigid31_3.dat
shape =  (18, 735)
735
loading  /home/jasencakova/dataset/cells/priamy_kanal/sim_2xKSin1_DC_hct15_seed4_rigid31_3/rbc118_sim_2xKSin1_DC_hct15_seed4_rigid31_3.dat
shape =  (18, 735)
735
loading  /home/jasencakova/dataset/cells/priamy_kanal/sim_2xKSin1_DC_hct15_seed4_rigid31_3/rbc119_sim_2xKSin1_DC_hct15_seed4_rigid31_3.dat
shape =  (18, 735)
735
loading  /home/jasencakova/dataset/cells/priamy_kanal/sim_2xKSin1_DC_hct15_seed4_rigid31_3/rbc120_sim_2xKSin1_DC_hct15_seed4_rigid31_3.dat
shape =  (18, 735)
735
loading  /home/jasencakova/dataset/cells/priamy_kanal/sim_2xKSin1_DC_hct15_seed4_rigid31_3/rbc121_sim_2xKSin1_DC_hct15_seed4_rigid31_3.dat
shape =  (18, 735)
735
loading  /home/jasencakova/dataset/cells/priamy_kanal/sim_2xKSin1_DC_hct15_seed4_rigid31_3/rbc122_sim_2xKSin1_DC_hct15_seed4_rigid31_3.dat
shape =  (18, 735)
735
loading  /home/jasencakova/dataset/cells/priamy_kanal/sim_2xKSin1_DC_hct15_seed4_rigid31_3/rbc123_sim_2xKSin1_DC_hct15_seed4_rigid31_3.dat
shape =  (18, 735)
735
loading  /home/jasencakova/dataset/cells/priamy_kanal/sim_2xKSin1_DC_hct15_seed4_rigid31_3/rbc124_sim_2xKSin1_DC_hct15_seed4_rigid31_3.dat
shape =  (18, 735)
735
loading  /home/jasencakova/dataset/cells/priamy_kanal/sim_2xKSin1_DC_hct15_seed4_rigid31_3/rbc125_sim_2xKSin1_DC_hct15_seed4_rigid31_3.dat
shape =  (18, 735)
735
loading  /home/jasencakova/dataset/cells/priamy_kanal/sim_2xKSin1_DC_hct15_seed4_rigid31_3/rbc126_sim_2xKSin1_DC_hct15_seed4_rigid31_3.dat
shape =  (18, 735)
735
loading  /home/jasencakova/dataset/cells/priamy_kanal/sim_2xKSin1_DC_hct15_seed4_rigid31_3/rbc127_sim_2xKSin1_DC_hct15_seed4_rigid31_3.dat
shape =  (18, 735)
735
loading  /home/jasencakova/dataset/cells/priamy_kanal/sim_2xKSin1_DC_hct15_seed4_rigid31_3/rbc128_sim_2xKSin1_DC_hct15_seed4_rigid31_3.dat
shape =  (18, 735)
735
loading  /home/jasencakova/dataset/cells/priamy_kanal/sim_2xKSin1_DC_hct15_seed4_rigid31_3/rbc129_sim_2xKSin1_DC_hct15_seed4_rigid31_3.dat
shape =  (18, 735)
735
loading  /home/jasencakova/dataset/cells/priamy_kanal/sim_2xKSin1_DC_hct15_seed4_rigid31_3/rbc130_sim_2xKSin1_DC_hct15_seed4_rigid31_3.dat
shape =  (18, 735)
735
loading  /home/jasencakova/dataset/cells/priamy_kanal/sim_2xKSin1_DC_hct15_seed4_rigid31_3/rbc131_sim_2xKSin1_DC_hct15_seed4_rigid31_3.dat
shape =  (18, 735)
735
loading  /home/jasencakova/dataset/cells/priamy_kanal/sim_2xKSin1_DC_hct15_seed4_rigid31_3/rbc132_sim_2xKSin1_DC_hct15_seed4_rigid31_3.dat
shape =  (18, 735)
735
loading  /home/jasencakova/dataset/cells/priamy_kanal/sim_2xKSin1_DC_hct15_seed4_rigid31_3/rbc133_sim_2xKSin1_DC_hct15_seed4_rigid31_3.dat
shape =  (18, 735)
735
loading  /home/jasencakova/dataset/cells/priamy_kanal/sim_2xKSin1_DC_hct15_seed4_rigid31_3/rbc134_sim_2xKSin1_DC_hct15_seed4_rigid31_3.dat
shape =  (18, 735)
735
loading  /home/jasencakova/dataset/cells/priamy_kanal/sim_2xKSin1_DC_hct15_seed4_rigid31_3/rbc135_sim_2xKSin1_DC_hct15_seed4_rigid31_3.dat
shape =  (18, 735)
735
loading  /home/jasencakova/dataset/cells/priamy_kanal/sim_2xKSin1_DC_hct15_seed4_rigid31_3/rbc136_sim_2xKSin1_DC_hct15_seed4_rigid31_3.dat
shape =  (18, 735)
735
loading  /home/jasencakova/dataset/cells/priamy_kanal/sim_2xKSin1_DC_hct15_seed4_rigid31_3/rbc137_sim_2xKSin1_DC_hct15_seed4_rigid31_3.dat
shape =  (18, 735)
735
loading  /home/jasencakova/dataset/cells/priamy_kanal/sim_2xKSin1_DC_hct15_seed4_rigid31_3/rbc138_sim_2xKSin1_DC_hct15_seed4_rigid31_3.dat
shape =  (18, 735)
735
loading  /home/jasencakova/dataset/cells/priamy_kanal/sim_2xKSin1_DC_hct15_seed4_rigid31_3/rbc139_sim_2xKSin1_DC_hct15_seed4_rigid31_3.dat
shape =  (18, 735)
735
loading  /home/jasencakova/dataset/cells/priamy_kanal/sim_2xKSin1_DC_hct15_seed4_rigid31_3/rbc140_sim_2xKSin1_DC_hct15_seed4_rigid31_3.dat
shape =  (18, 735)
735
loading  /home/jasencakova/dataset/cells/priamy_kanal/sim_2xKSin1_DC_hct15_seed4_rigid31_3/rbc141_sim_2xKSin1_DC_hct15_seed4_rigid31_3.dat
shape =  (18, 735)
735
loading  /home/jasencakova/dataset/cells/priamy_kanal/sim_2xKSin1_DC_hct15_seed4_rigid31_3/rbc142_sim_2xKSin1_DC_hct15_seed4_rigid31_3.dat
shape =  (18, 735)
735
loading  /home/jasencakova/dataset/cells/priamy_kanal/sim_2xKSin1_DC_hct15_seed4_rigid31_3/rbc143_sim_2xKSin1_DC_hct15_seed4_rigid31_3.dat
shape =  (18, 735)
735
loading  /home/jasencakova/dataset/cells/priamy_kanal/sim_2xKSin1_DC_hct15_seed4_rigid31_3/rbc144_sim_2xKSin1_DC_hct15_seed4_rigid31_3.dat
shape =  (18, 735)
735
loading  /home/jasencakova/dataset/cells/priamy_kanal/sim_2xKSin1_DC_hct15_seed4_rigid31_3/rbc145_sim_2xKSin1_DC_hct15_seed4_rigid31_3.dat
shape =  (18, 735)
735
loading  /home/jasencakova/dataset/cells/priamy_kanal/sim_2xKSin1_DC_hct15_seed4_rigid31_3/rbc146_sim_2xKSin1_DC_hct15_seed4_rigid31_3.dat
shape =  (18, 735)
735
loading  /home/jasencakova/dataset/cells/priamy_kanal/sim_2xKSin1_DC_hct15_seed4_rigid31_3/rbc147_sim_2xKSin1_DC_hct15_seed4_rigid31_3.dat
shape =  (18, 735)
735
loading  /home/jasencakova/dataset/cells/priamy_kanal/sim_2xKSin1_DC_hct15_seed4_rigid31_3/rbc148_sim_2xKSin1_DC_hct15_seed4_rigid31_3.dat
shape =  (18, 735)
735
loading  /home/jasencakova/dataset/cells/priamy_kanal/sim_2xKSin1_DC_hct15_seed4_rigid31_3/rbc149_sim_2xKSin1_DC_hct15_seed4_rigid31_3.dat
shape =  (18, 735)
735
loading  /home/jasencakova/dataset/cells/priamy_kanal/sim_2xKSin1_DC_hct15_seed4_rigid31_3/rbc150_sim_2xKSin1_DC_hct15_seed4_rigid31_3.dat
shape =  (18, 735)
735
loading  /home/jasencakova/dataset/cells/priamy_kanal/sim_2xKSin1_DC_hct15_seed4_rigid31_3/rbc151_sim_2xKSin1_DC_hct15_seed4_rigid31_3.dat
shape =  (18, 735)
735
loading  /home/jasencakova/dataset/cells/priamy_kanal/sim_2xKSin1_DC_hct15_seed4_rigid31_3/rbc152_sim_2xKSin1_DC_hct15_seed4_rigid31_3.dat
shape =  (18, 735)
735
loading  /home/jasencakova/dataset/cells/priamy_kanal/sim_2xKSin1_DC_hct15_seed4_rigid31_3/rbc153_sim_2xKSin1_DC_hct15_seed4_rigid31_3.dat
shape =  (18, 735)
735
shortest_length =  735
data_shape      =  (154, 735, 18)








dataset summary : 

training_dats shape    =  (154, 1466, 18)
testing_dats shape    =  (154, 735, 18)
training_count  =  22802164
testing_count   =  113190
channels_count  =  18
sequence_length =  128
classes_count   =   2
batch(32) tensor shape =  torch.Size([32, 18, 128]) torch.Size([32, 2])





model
Sequential(
  (0): Conv1d(18, 32, kernel_size=(3,), stride=(2,), padding=(1,))
  (1): ReLU()
  (2): Dropout(p=0.01, inplace=False)
  (3): Conv1d(32, 64, kernel_size=(3,), stride=(2,), padding=(1,))
  (4): ReLU()
  (5): Dropout(p=0.01, inplace=False)
  (6): Conv1d(64, 64, kernel_size=(3,), stride=(2,), padding=(1,))
  (7): ReLU()
  (8): Dropout(p=0.01, inplace=False)
  (9): Conv1d(64, 128, kernel_size=(3,), stride=(2,), padding=(1,))
  (10): ReLU()
  (11): Dropout(p=0.01, inplace=False)
  (12): Flatten()
  (13): Linear(in_features=1024, out_features=2, bias=True)
)



0 83.8461425786732 84.2189263544018 0.11827503 0.110449575 0.01825077 0.013812469 73.63 





=================================================
new best net in 0
TRAINING result
accuracy   = 83.846 [%]
hit_count  = 19118745
miss_count = 3683431

class_accuracy = 97.588%   29.294%   


confusion_matrix = 
17774648	 3244152	 
439279	 1344097	 



TESTING result
accuracy   = 84.219 [%]
hit_count  = 95511
miss_count = 17897

class_accuracy = 99.009%   25.971%   


confusion_matrix = 
89546	 17002	 
895	 5965	 




1 92.01977916493584 85.98423391647856 0.06583923 0.09890461 0.01106192 0.013330466 73.2 





=================================================
new best net in 1
TRAINING result
accuracy   = 92.02 [%]
hit_count  = 20982512
miss_count = 1819664

class_accuracy = 98.771%   65.203%   


confusion_matrix = 
17992176	 1595849	 
223815	 2990336	 



TESTING result
accuracy   = 85.984 [%]
hit_count  = 97513
miss_count = 15895

class_accuracy = 98.86%   35.493%   


confusion_matrix = 
89333	 14866	 
1029	 8180	 




2 93.85332785783251 87.01590716704288 0.053070083 0.09308016 0.00840223 0.01357784 72.82 





=================================================
new best net in 2
TRAINING result
accuracy   = 93.853 [%]
hit_count  = 21400601
miss_count = 1401575

class_accuracy = 98.863%   73.978%   


confusion_matrix = 
18004990	 1194445	 
207130	 3395611	 



TESTING result
accuracy   = 87.016 [%]
hit_count  = 98683
miss_count = 14725

class_accuracy = 98.762%   40.123%   


confusion_matrix = 
89567	 13603	 
1122	 9116	 




3 94.9974248071763 88.40469808126412 0.045498103 0.08262441 0.0075592087 0.011090877 72.27 





=================================================
new best net in 3
TRAINING result
accuracy   = 94.997 [%]
hit_count  = 21661480
miss_count = 1140696

class_accuracy = 99.078%   78.809%   


confusion_matrix = 
18043694	 972798	 
167898	 3617786	 



TESTING result
accuracy   = 88.405 [%]
hit_count  = 100258
miss_count = 13150

class_accuracy = 98.968%   46.464%   


confusion_matrix = 
89655	 12216	 
934	 10603	 




4 96.64693404699622 88.57840716704288 0.034639295 0.08042421 0.0068419785 0.012398293 71.82 





=================================================