loading  /home/jasencakova/dataset/cells/priamy_kanal/sim_2xKSin1_D_hct15_seed4_rigid92_1/rbc0_sim_2xKSin1_D_hct15_seed4_rigid92_1.dat
shape =  (8, 706)
706
loading  /home/jasencakova/dataset/cells/priamy_kanal/sim_2xKSin1_D_hct15_seed4_rigid92_1/rbc1_sim_2xKSin1_D_hct15_seed4_rigid92_1.dat
shape =  (8, 706)
706
loading  /home/jasencakova/dataset/cells/priamy_kanal/sim_2xKSin1_D_hct15_seed4_rigid92_1/rbc2_sim_2xKSin1_D_hct15_seed4_rigid92_1.dat
shape =  (8, 706)
706
loading  /home/jasencakova/dataset/cells/priamy_kanal/sim_2xKSin1_D_hct15_seed4_rigid92_1/rbc3_sim_2xKSin1_D_hct15_seed4_rigid92_1.dat
shape =  (8, 706)
706
loading  /home/jasencakova/dataset/cells/priamy_kanal/sim_2xKSin1_D_hct15_seed4_rigid92_1/rbc4_sim_2xKSin1_D_hct15_seed4_rigid92_1.dat
shape =  (8, 706)
706
loading  /home/jasencakova/dataset/cells/priamy_kanal/sim_2xKSin1_D_hct15_seed4_rigid92_1/rbc5_sim_2xKSin1_D_hct15_seed4_rigid92_1.dat
shape =  (8, 706)
706
loading  /home/jasencakova/dataset/cells/priamy_kanal/sim_2xKSin1_D_hct15_seed4_rigid92_1/rbc6_sim_2xKSin1_D_hct15_seed4_rigid92_1.dat
shape =  (8, 706)
706
loading  /home/jasencakova/dataset/cells/priamy_kanal/sim_2xKSin1_D_hct15_seed4_rigid92_1/rbc7_sim_2xKSin1_D_hct15_seed4_rigid92_1.dat
shape =  (8, 706)
706
loading  /home/jasencakova/dataset/cells/priamy_kanal/sim_2xKSin1_D_hct15_seed4_rigid92_1/rbc8_sim_2xKSin1_D_hct15_seed4_rigid92_1.dat
shape =  (8, 706)
706
loading  /home/jasencakova/dataset/cells/priamy_kanal/sim_2xKSin1_D_hct15_seed4_rigid92_1/rbc9_sim_2xKSin1_D_hct15_seed4_rigid92_1.dat
shape =  (8, 706)
706
loading  /home/jasencakova/dataset/cells/priamy_kanal/sim_2xKSin1_D_hct15_seed4_rigid92_1/rbc10_sim_2xKSin1_D_hct15_seed4_rigid92_1.dat
shape =  (8, 706)
706
loading  /home/jasencakova/dataset/cells/priamy_kanal/sim_2xKSin1_D_hct15_seed4_rigid92_1/rbc11_sim_2xKSin1_D_hct15_seed4_rigid92_1.dat
shape =  (8, 706)
706
loading  /home/jasencakova/dataset/cells/priamy_kanal/sim_2xKSin1_D_hct15_seed4_rigid92_1/rbc12_sim_2xKSin1_D_hct15_seed4_rigid92_1.dat
shape =  (8, 706)
706
loading  /home/jasencakova/dataset/cells/priamy_kanal/sim_2xKSin1_D_hct15_seed4_rigid92_1/rbc13_sim_2xKSin1_D_hct15_seed4_rigid92_1.dat
shape =  (8, 706)
706
loading  /home/jasencakova/dataset/cells/priamy_kanal/sim_2xKSin1_D_hct15_seed4_rigid92_1/rbc14_sim_2xKSin1_D_hct15_seed4_rigid92_1.dat
shape =  (8, 706)
706
loading  /home/jasencakova/dataset/cells/priamy_kanal/sim_2xKSin1_D_hct15_seed4_rigid92_1/rbc15_sim_2xKSin1_D_hct15_seed4_rigid92_1.dat
shape =  (8, 706)
706
loading  /home/jasencakova/dataset/cells/priamy_kanal/sim_2xKSin1_D_hct15_seed4_rigid92_1/rbc16_sim_2xKSin1_D_hct15_seed4_rigid92_1.dat
shape =  (8, 706)
706
loading  /home/jasencakova/dataset/cells/priamy_kanal/sim_2xKSin1_D_hct15_seed4_rigid92_1/rbc17_sim_2xKSin1_D_hct15_seed4_rigid92_1.dat
shape =  (8, 706)
706
loading  /home/jasencakova/dataset/cells/priamy_kanal/sim_2xKSin1_D_hct15_seed4_rigid92_1/rbc18_sim_2xKSin1_D_hct15_seed4_rigid92_1.dat
shape =  (8, 706)
706
loading  /home/jasencakova/dataset/cells/priamy_kanal/sim_2xKSin1_D_hct15_seed4_rigid92_1/rbc19_sim_2xKSin1_D_hct15_seed4_rigid92_1.dat
shape =  (8, 706)
706
loading  /home/jasencakova/dataset/cells/priamy_kanal/sim_2xKSin1_D_hct15_seed4_rigid92_1/rbc20_sim_2xKSin1_D_hct15_seed4_rigid92_1.dat
shape =  (8, 706)
706
loading  /home/jasencakova/dataset/cells/priamy_kanal/sim_2xKSin1_D_hct15_seed4_rigid92_1/rbc21_sim_2xKSin1_D_hct15_seed4_rigid92_1.dat
shape =  (8, 706)
706
loading  /home/jasencakova/dataset/cells/priamy_kanal/sim_2xKSin1_D_hct15_seed4_rigid92_1/rbc22_sim_2xKSin1_D_hct15_seed4_rigid92_1.dat
shape =  (8, 706)
706
loading  /home/jasencakova/dataset/cells/priamy_kanal/sim_2xKSin1_D_hct15_seed4_rigid92_1/rbc23_sim_2xKSin1_D_hct15_seed4_rigid92_1.dat
shape =  (8, 706)
706
loading  /home/jasencakova/dataset/cells/priamy_kanal/sim_2xKSin1_D_hct15_seed4_rigid92_1/rbc24_sim_2xKSin1_D_hct15_seed4_rigid92_1.dat
shape =  (8, 706)
706
loading  /home/jasencakova/dataset/cells/priamy_kanal/sim_2xKSin1_D_hct15_seed4_rigid92_1/rbc25_sim_2xKSin1_D_hct15_seed4_rigid92_1.dat
shape =  (8, 706)
706
loading  /home/jasencakova/dataset/cells/priamy_kanal/sim_2xKSin1_D_hct15_seed4_rigid92_1/rbc26_sim_2xKSin1_D_hct15_seed4_rigid92_1.dat
shape =  (8, 706)
706
loading  /home/jasencakova/dataset/cells/priamy_kanal/sim_2xKSin1_D_hct15_seed4_rigid92_1/rbc27_sim_2xKSin1_D_hct15_seed4_rigid92_1.dat
shape =  (8, 706)
706
loading  /home/jasencakova/dataset/cells/priamy_kanal/sim_2xKSin1_D_hct15_seed4_rigid92_1/rbc28_sim_2xKSin1_D_hct15_seed4_rigid92_1.dat
shape =  (8, 706)
706
loading  /home/jasencakova/dataset/cells/priamy_kanal/sim_2xKSin1_D_hct15_seed4_rigid92_1/rbc29_sim_2xKSin1_D_hct15_seed4_rigid92_1.dat
shape =  (8, 706)
706
loading  /home/jasencakova/dataset/cells/priamy_kanal/sim_2xKSin1_D_hct15_seed4_rigid92_1/rbc30_sim_2xKSin1_D_hct15_seed4_rigid92_1.dat
shape =  (8, 706)
706
loading  /home/jasencakova/dataset/cells/priamy_kanal/sim_2xKSin1_D_hct15_seed4_rigid92_1/rbc31_sim_2xKSin1_D_hct15_seed4_rigid92_1.dat
shape =  (8, 706)
706
loading  /home/jasencakova/dataset/cells/priamy_kanal/sim_2xKSin1_D_hct15_seed4_rigid92_1/rbc32_sim_2xKSin1_D_hct15_seed4_rigid92_1.dat
shape =  (8, 706)
706
loading  /home/jasencakova/dataset/cells/priamy_kanal/sim_2xKSin1_D_hct15_seed4_rigid92_1/rbc33_sim_2xKSin1_D_hct15_seed4_rigid92_1.dat
shape =  (8, 706)
706
loading  /home/jasencakova/dataset/cells/priamy_kanal/sim_2xKSin1_D_hct15_seed4_rigid92_1/rbc34_sim_2xKSin1_D_hct15_seed4_rigid92_1.dat
shape =  (8, 706)
706
loading  /home/jasencakova/dataset/cells/priamy_kanal/sim_2xKSin1_D_hct15_seed4_rigid92_1/rbc35_sim_2xKSin1_D_hct15_seed4_rigid92_1.dat
shape =  (8, 706)
706
loading  /home/jasencakova/dataset/cells/priamy_kanal/sim_2xKSin1_D_hct15_seed4_rigid92_1/rbc36_sim_2xKSin1_D_hct15_seed4_rigid92_1.dat
shape =  (8, 706)
706
loading  /home/jasencakova/dataset/cells/priamy_kanal/sim_2xKSin1_D_hct15_seed4_rigid92_1/rbc37_sim_2xKSin1_D_hct15_seed4_rigid92_1.dat
shape =  (8, 706)
706
loading  /home/jasencakova/dataset/cells/priamy_kanal/sim_2xKSin1_D_hct15_seed4_rigid92_1/rbc38_sim_2xKSin1_D_hct15_seed4_rigid92_1.dat
shape =  (8, 706)
706
loading  /home/jasencakova/dataset/cells/priamy_kanal/sim_2xKSin1_D_hct15_seed4_rigid92_1/rbc39_sim_2xKSin1_D_hct15_seed4_rigid92_1.dat
shape =  (8, 706)
706
loading  /home/jasencakova/dataset/cells/priamy_kanal/sim_2xKSin1_D_hct15_seed4_rigid92_1/rbc40_sim_2xKSin1_D_hct15_seed4_rigid92_1.dat
shape =  (8, 706)
706
loading  /home/jasencakova/dataset/cells/priamy_kanal/sim_2xKSin1_D_hct15_seed4_rigid92_1/rbc41_sim_2xKSin1_D_hct15_seed4_rigid92_1.dat
shape =  (8, 706)
706
loading  /home/jasencakova/dataset/cells/priamy_kanal/sim_2xKSin1_D_hct15_seed4_rigid92_1/rbc42_sim_2xKSin1_D_hct15_seed4_rigid92_1.dat
shape =  (8, 706)
706
loading  /home/jasencakova/dataset/cells/priamy_kanal/sim_2xKSin1_D_hct15_seed4_rigid92_1/rbc43_sim_2xKSin1_D_hct15_seed4_rigid92_1.dat
shape =  (8, 706)
706
loading  /home/jasencakova/dataset/cells/priamy_kanal/sim_2xKSin1_D_hct15_seed4_rigid92_1/rbc44_sim_2xKSin1_D_hct15_seed4_rigid92_1.dat
shape =  (8, 706)
706
loading  /home/jasencakova/dataset/cells/priamy_kanal/sim_2xKSin1_D_hct15_seed4_rigid92_1/rbc45_sim_2xKSin1_D_hct15_seed4_rigid92_1.dat
shape =  (8, 706)
706
loading  /home/jasencakova/dataset/cells/priamy_kanal/sim_2xKSin1_D_hct15_seed4_rigid92_1/rbc46_sim_2xKSin1_D_hct15_seed4_rigid92_1.dat
shape =  (8, 706)
706
loading  /home/jasencakova/dataset/cells/priamy_kanal/sim_2xKSin1_D_hct15_seed4_rigid92_1/rbc47_sim_2xKSin1_D_hct15_seed4_rigid92_1.dat
shape =  (8, 706)
706
loading  /home/jasencakova/dataset/cells/priamy_kanal/sim_2xKSin1_D_hct15_seed4_rigid92_1/rbc48_sim_2xKSin1_D_hct15_seed4_rigid92_1.dat
shape =  (8, 706)
706
loading  /home/jasencakova/dataset/cells/priamy_kanal/sim_2xKSin1_D_hct15_seed4_rigid92_1/rbc49_sim_2xKSin1_D_hct15_seed4_rigid92_1.dat
shape =  (8, 706)
706
loading  /home/jasencakova/dataset/cells/priamy_kanal/sim_2xKSin1_D_hct15_seed4_rigid92_1/rbc50_sim_2xKSin1_D_hct15_seed4_rigid92_1.dat
shape =  (8, 706)
706
loading  /home/jasencakova/dataset/cells/priamy_kanal/sim_2xKSin1_D_hct15_seed4_rigid92_1/rbc51_sim_2xKSin1_D_hct15_seed4_rigid92_1.dat
shape =  (8, 706)
706
loading  /home/jasencakova/dataset/cells/priamy_kanal/sim_2xKSin1_D_hct15_seed4_rigid92_1/rbc52_sim_2xKSin1_D_hct15_seed4_rigid92_1.dat
shape =  (8, 706)
706
loading  /home/jasencakova/dataset/cells/priamy_kanal/sim_2xKSin1_D_hct15_seed4_rigid92_1/rbc53_sim_2xKSin1_D_hct15_seed4_rigid92_1.dat
shape =  (8, 706)
706
loading  /home/jasencakova/dataset/cells/priamy_kanal/sim_2xKSin1_D_hct15_seed4_rigid92_1/rbc54_sim_2xKSin1_D_hct15_seed4_rigid92_1.dat
shape =  (8, 706)
706
loading  /home/jasencakova/dataset/cells/priamy_kanal/sim_2xKSin1_D_hct15_seed4_rigid92_1/rbc55_sim_2xKSin1_D_hct15_seed4_rigid92_1.dat
shape =  (8, 706)
706
loading  /home/jasencakova/dataset/cells/priamy_kanal/sim_2xKSin1_D_hct15_seed4_rigid92_1/rbc56_sim_2xKSin1_D_hct15_seed4_rigid92_1.dat
shape =  (8, 706)
706
loading  /home/jasencakova/dataset/cells/priamy_kanal/sim_2xKSin1_D_hct15_seed4_rigid92_1/rbc57_sim_2xKSin1_D_hct15_seed4_rigid92_1.dat
shape =  (8, 706)
706
loading  /home/jasencakova/dataset/cells/priamy_kanal/sim_2xKSin1_D_hct15_seed4_rigid92_1/rbc58_sim_2xKSin1_D_hct15_seed4_rigid92_1.dat
shape =  (8, 706)
706
loading  /home/jasencakova/dataset/cells/priamy_kanal/sim_2xKSin1_D_hct15_seed4_rigid92_1/rbc59_sim_2xKSin1_D_hct15_seed4_rigid92_1.dat
shape =  (8, 706)
706
loading  /home/jasencakova/dataset/cells/priamy_kanal/sim_2xKSin1_D_hct15_seed4_rigid92_1/rbc60_sim_2xKSin1_D_hct15_seed4_rigid92_1.dat
shape =  (8, 706)
706
loading  /home/jasencakova/dataset/cells/priamy_kanal/sim_2xKSin1_D_hct15_seed4_rigid92_1/rbc61_sim_2xKSin1_D_hct15_seed4_rigid92_1.dat
shape =  (8, 706)
706
loading  /home/jasencakova/dataset/cells/priamy_kanal/sim_2xKSin1_D_hct15_seed4_rigid92_1/rbc62_sim_2xKSin1_D_hct15_seed4_rigid92_1.dat
shape =  (8, 706)
706
loading  /home/jasencakova/dataset/cells/priamy_kanal/sim_2xKSin1_D_hct15_seed4_rigid92_1/rbc63_sim_2xKSin1_D_hct15_seed4_rigid92_1.dat
shape =  (8, 706)
706
loading  /home/jasencakova/dataset/cells/priamy_kanal/sim_2xKSin1_D_hct15_seed4_rigid92_1/rbc64_sim_2xKSin1_D_hct15_seed4_rigid92_1.dat
shape =  (8, 706)
706
loading  /home/jasencakova/dataset/cells/priamy_kanal/sim_2xKSin1_D_hct15_seed4_rigid92_1/rbc65_sim_2xKSin1_D_hct15_seed4_rigid92_1.dat
shape =  (8, 706)
706
loading  /home/jasencakova/dataset/cells/priamy_kanal/sim_2xKSin1_D_hct15_seed4_rigid92_1/rbc66_sim_2xKSin1_D_hct15_seed4_rigid92_1.dat
shape =  (8, 706)
706
loading  /home/jasencakova/dataset/cells/priamy_kanal/sim_2xKSin1_D_hct15_seed4_rigid92_1/rbc67_sim_2xKSin1_D_hct15_seed4_rigid92_1.dat
shape =  (8, 706)
706
loading  /home/jasencakova/dataset/cells/priamy_kanal/sim_2xKSin1_D_hct15_seed4_rigid92_1/rbc68_sim_2xKSin1_D_hct15_seed4_rigid92_1.dat
shape =  (8, 706)
706
loading  /home/jasencakova/dataset/cells/priamy_kanal/sim_2xKSin1_D_hct15_seed4_rigid92_1/rbc69_sim_2xKSin1_D_hct15_seed4_rigid92_1.dat
shape =  (8, 706)
706
loading  /home/jasencakova/dataset/cells/priamy_kanal/sim_2xKSin1_D_hct15_seed4_rigid92_1/rbc70_sim_2xKSin1_D_hct15_seed4_rigid92_1.dat
shape =  (8, 706)
706
loading  /home/jasencakova/dataset/cells/priamy_kanal/sim_2xKSin1_D_hct15_seed4_rigid92_1/rbc71_sim_2xKSin1_D_hct15_seed4_rigid92_1.dat
shape =  (8, 706)
706
loading  /home/jasencakova/dataset/cells/priamy_kanal/sim_2xKSin1_D_hct15_seed4_rigid92_1/rbc72_sim_2xKSin1_D_hct15_seed4_rigid92_1.dat
shape =  (8, 706)
706
loading  /home/jasencakova/dataset/cells/priamy_kanal/sim_2xKSin1_D_hct15_seed4_rigid92_1/rbc73_sim_2xKSin1_D_hct15_seed4_rigid92_1.dat
shape =  (8, 706)
706
loading  /home/jasencakova/dataset/cells/priamy_kanal/sim_2xKSin1_D_hct15_seed4_rigid92_1/rbc74_sim_2xKSin1_D_hct15_seed4_rigid92_1.dat
shape =  (8, 706)
706
loading  /home/jasencakova/dataset/cells/priamy_kanal/sim_2xKSin1_D_hct15_seed4_rigid92_1/rbc75_sim_2xKSin1_D_hct15_seed4_rigid92_1.dat
shape =  (8, 706)
706
loading  /home/jasencakova/dataset/cells/priamy_kanal/sim_2xKSin1_D_hct15_seed4_rigid92_1/rbc76_sim_2xKSin1_D_hct15_seed4_rigid92_1.dat
shape =  (8, 706)
706
loading  /home/jasencakova/dataset/cells/priamy_kanal/sim_2xKSin1_D_hct15_seed4_rigid92_1/rbc77_sim_2xKSin1_D_hct15_seed4_rigid92_1.dat
shape =  (8, 706)
706
loading  /home/jasencakova/dataset/cells/priamy_kanal/sim_2xKSin1_D_hct15_seed4_rigid92_1/rbc78_sim_2xKSin1_D_hct15_seed4_rigid92_1.dat
shape =  (8, 706)
706
loading  /home/jasencakova/dataset/cells/priamy_kanal/sim_2xKSin1_D_hct15_seed4_rigid92_1/rbc79_sim_2xKSin1_D_hct15_seed4_rigid92_1.dat
shape =  (8, 706)
706
loading  /home/jasencakova/dataset/cells/priamy_kanal/sim_2xKSin1_D_hct15_seed4_rigid92_1/rbc80_sim_2xKSin1_D_hct15_seed4_rigid92_1.dat
shape =  (8, 706)
706
loading  /home/jasencakova/dataset/cells/priamy_kanal/sim_2xKSin1_D_hct15_seed4_rigid92_1/rbc81_sim_2xKSin1_D_hct15_seed4_rigid92_1.dat
shape =  (8, 706)
706
loading  /home/jasencakova/dataset/cells/priamy_kanal/sim_2xKSin1_D_hct15_seed4_rigid92_1/rbc82_sim_2xKSin1_D_hct15_seed4_rigid92_1.dat
shape =  (8, 706)
706
loading  /home/jasencakova/dataset/cells/priamy_kanal/sim_2xKSin1_D_hct15_seed4_rigid92_1/rbc83_sim_2xKSin1_D_hct15_seed4_rigid92_1.dat
shape =  (8, 706)
706
loading  /home/jasencakova/dataset/cells/priamy_kanal/sim_2xKSin1_D_hct15_seed4_rigid92_1/rbc84_sim_2xKSin1_D_hct15_seed4_rigid92_1.dat
shape =  (8, 706)
706
loading  /home/jasencakova/dataset/cells/priamy_kanal/sim_2xKSin1_D_hct15_seed4_rigid92_1/rbc85_sim_2xKSin1_D_hct15_seed4_rigid92_1.dat
shape =  (8, 706)
706
loading  /home/jasencakova/dataset/cells/priamy_kanal/sim_2xKSin1_D_hct15_seed4_rigid92_1/rbc86_sim_2xKSin1_D_hct15_seed4_rigid92_1.dat
shape =  (8, 706)
706
loading  /home/jasencakova/dataset/cells/priamy_kanal/sim_2xKSin1_D_hct15_seed4_rigid92_1/rbc87_sim_2xKSin1_D_hct15_seed4_rigid92_1.dat
shape =  (8, 706)
706
loading  /home/jasencakova/dataset/cells/priamy_kanal/sim_2xKSin1_D_hct15_seed4_rigid92_1/rbc88_sim_2xKSin1_D_hct15_seed4_rigid92_1.dat
shape =  (8, 706)
706
loading  /home/jasencakova/dataset/cells/priamy_kanal/sim_2xKSin1_D_hct15_seed4_rigid92_1/rbc89_sim_2xKSin1_D_hct15_seed4_rigid92_1.dat
shape =  (8, 706)
706
loading  /home/jasencakova/dataset/cells/priamy_kanal/sim_2xKSin1_D_hct15_seed4_rigid92_1/rbc90_sim_2xKSin1_D_hct15_seed4_rigid92_1.dat
shape =  (8, 706)
706
loading  /home/jasencakova/dataset/cells/priamy_kanal/sim_2xKSin1_D_hct15_seed4_rigid92_1/rbc91_sim_2xKSin1_D_hct15_seed4_rigid92_1.dat
shape =  (8, 706)
706
loading  /home/jasencakova/dataset/cells/priamy_kanal/sim_2xKSin1_D_hct15_seed4_rigid92_1/rbc92_sim_2xKSin1_D_hct15_seed4_rigid92_1.dat
shape =  (8, 706)
706
loading  /home/jasencakova/dataset/cells/priamy_kanal/sim_2xKSin1_D_hct15_seed4_rigid92_1/rbc93_sim_2xKSin1_D_hct15_seed4_rigid92_1.dat
shape =  (8, 706)
706
loading  /home/jasencakova/dataset/cells/priamy_kanal/sim_2xKSin1_D_hct15_seed4_rigid92_1/rbc94_sim_2xKSin1_D_hct15_seed4_rigid92_1.dat
shape =  (8, 706)
706
loading  /home/jasencakova/dataset/cells/priamy_kanal/sim_2xKSin1_D_hct15_seed4_rigid92_1/rbc95_sim_2xKSin1_D_hct15_seed4_rigid92_1.dat
shape =  (8, 706)
706
loading  /home/jasencakova/dataset/cells/priamy_kanal/sim_2xKSin1_D_hct15_seed4_rigid92_1/rbc96_sim_2xKSin1_D_hct15_seed4_rigid92_1.dat
shape =  (8, 706)
706
loading  /home/jasencakova/dataset/cells/priamy_kanal/sim_2xKSin1_D_hct15_seed4_rigid92_1/rbc97_sim_2xKSin1_D_hct15_seed4_rigid92_1.dat
shape =  (8, 706)
706
loading  /home/jasencakova/dataset/cells/priamy_kanal/sim_2xKSin1_D_hct15_seed4_rigid92_1/rbc98_sim_2xKSin1_D_hct15_seed4_rigid92_1.dat
shape =  (8, 706)
706
loading  /home/jasencakova/dataset/cells/priamy_kanal/sim_2xKSin1_D_hct15_seed4_rigid92_1/rbc99_sim_2xKSin1_D_hct15_seed4_rigid92_1.dat
shape =  (8, 706)
706
loading  /home/jasencakova/dataset/cells/priamy_kanal/sim_2xKSin1_D_hct15_seed4_rigid92_1/rbc100_sim_2xKSin1_D_hct15_seed4_rigid92_1.dat
shape =  (8, 706)
706
loading  /home/jasencakova/dataset/cells/priamy_kanal/sim_2xKSin1_D_hct15_seed4_rigid92_1/rbc101_sim_2xKSin1_D_hct15_seed4_rigid92_1.dat
shape =  (8, 706)
706
loading  /home/jasencakova/dataset/cells/priamy_kanal/sim_2xKSin1_D_hct15_seed4_rigid92_1/rbc102_sim_2xKSin1_D_hct15_seed4_rigid92_1.dat
shape =  (8, 706)
706
loading  /home/jasencakova/dataset/cells/priamy_kanal/sim_2xKSin1_D_hct15_seed4_rigid92_1/rbc103_sim_2xKSin1_D_hct15_seed4_rigid92_1.dat
shape =  (8, 706)
706
loading  /home/jasencakova/dataset/cells/priamy_kanal/sim_2xKSin1_D_hct15_seed4_rigid92_1/rbc104_sim_2xKSin1_D_hct15_seed4_rigid92_1.dat
shape =  (8, 706)
706
loading  /home/jasencakova/dataset/cells/priamy_kanal/sim_2xKSin1_D_hct15_seed4_rigid92_1/rbc105_sim_2xKSin1_D_hct15_seed4_rigid92_1.dat
shape =  (8, 706)
706
loading  /home/jasencakova/dataset/cells/priamy_kanal/sim_2xKSin1_D_hct15_seed4_rigid92_1/rbc106_sim_2xKSin1_D_hct15_seed4_rigid92_1.dat
shape =  (8, 706)
706
loading  /home/jasencakova/dataset/cells/priamy_kanal/sim_2xKSin1_D_hct15_seed4_rigid92_1/rbc107_sim_2xKSin1_D_hct15_seed4_rigid92_1.dat
shape =  (8, 706)
706
loading  /home/jasencakova/dataset/cells/priamy_kanal/sim_2xKSin1_D_hct15_seed4_rigid92_1/rbc108_sim_2xKSin1_D_hct15_seed4_rigid92_1.dat
shape =  (8, 706)
706
loading  /home/jasencakova/dataset/cells/priamy_kanal/sim_2xKSin1_D_hct15_seed4_rigid92_1/rbc109_sim_2xKSin1_D_hct15_seed4_rigid92_1.dat
shape =  (8, 706)
706
loading  /home/jasencakova/dataset/cells/priamy_kanal/sim_2xKSin1_D_hct15_seed4_rigid92_1/rbc110_sim_2xKSin1_D_hct15_seed4_rigid92_1.dat
shape =  (8, 706)
706
loading  /home/jasencakova/dataset/cells/priamy_kanal/sim_2xKSin1_D_hct15_seed4_rigid92_1/rbc111_sim_2xKSin1_D_hct15_seed4_rigid92_1.dat
shape =  (8, 706)
706
loading  /home/jasencakova/dataset/cells/priamy_kanal/sim_2xKSin1_D_hct15_seed4_rigid92_1/rbc112_sim_2xKSin1_D_hct15_seed4_rigid92_1.dat
shape =  (8, 706)
706
loading  /home/jasencakova/dataset/cells/priamy_kanal/sim_2xKSin1_D_hct15_seed4_rigid92_1/rbc113_sim_2xKSin1_D_hct15_seed4_rigid92_1.dat
shape =  (8, 706)
706
loading  /home/jasencakova/dataset/cells/priamy_kanal/sim_2xKSin1_D_hct15_seed4_rigid92_1/rbc114_sim_2xKSin1_D_hct15_seed4_rigid92_1.dat
shape =  (8, 706)
706
loading  /home/jasencakova/dataset/cells/priamy_kanal/sim_2xKSin1_D_hct15_seed4_rigid92_1/rbc115_sim_2xKSin1_D_hct15_seed4_rigid92_1.dat
shape =  (8, 706)
706
loading  /home/jasencakova/dataset/cells/priamy_kanal/sim_2xKSin1_D_hct15_seed4_rigid92_1/rbc116_sim_2xKSin1_D_hct15_seed4_rigid92_1.dat
shape =  (8, 706)
706
loading  /home/jasencakova/dataset/cells/priamy_kanal/sim_2xKSin1_D_hct15_seed4_rigid92_1/rbc117_sim_2xKSin1_D_hct15_seed4_rigid92_1.dat
shape =  (8, 706)
706
loading  /home/jasencakova/dataset/cells/priamy_kanal/sim_2xKSin1_D_hct15_seed4_rigid92_1/rbc118_sim_2xKSin1_D_hct15_seed4_rigid92_1.dat
shape =  (8, 706)
706
loading  /home/jasencakova/dataset/cells/priamy_kanal/sim_2xKSin1_D_hct15_seed4_rigid92_1/rbc119_sim_2xKSin1_D_hct15_seed4_rigid92_1.dat
shape =  (8, 706)
706
loading  /home/jasencakova/dataset/cells/priamy_kanal/sim_2xKSin1_D_hct15_seed4_rigid92_1/rbc120_sim_2xKSin1_D_hct15_seed4_rigid92_1.dat
shape =  (8, 706)
706
loading  /home/jasencakova/dataset/cells/priamy_kanal/sim_2xKSin1_D_hct15_seed4_rigid92_1/rbc121_sim_2xKSin1_D_hct15_seed4_rigid92_1.dat
shape =  (8, 706)
706
loading  /home/jasencakova/dataset/cells/priamy_kanal/sim_2xKSin1_D_hct15_seed4_rigid92_1/rbc122_sim_2xKSin1_D_hct15_seed4_rigid92_1.dat
shape =  (8, 706)
706
loading  /home/jasencakova/dataset/cells/priamy_kanal/sim_2xKSin1_D_hct15_seed4_rigid92_1/rbc123_sim_2xKSin1_D_hct15_seed4_rigid92_1.dat
shape =  (8, 706)
706
loading  /home/jasencakova/dataset/cells/priamy_kanal/sim_2xKSin1_D_hct15_seed4_rigid92_1/rbc124_sim_2xKSin1_D_hct15_seed4_rigid92_1.dat
shape =  (8, 706)
706
loading  /home/jasencakova/dataset/cells/priamy_kanal/sim_2xKSin1_D_hct15_seed4_rigid92_1/rbc125_sim_2xKSin1_D_hct15_seed4_rigid92_1.dat
shape =  (8, 706)
706
loading  /home/jasencakova/dataset/cells/priamy_kanal/sim_2xKSin1_D_hct15_seed4_rigid92_1/rbc126_sim_2xKSin1_D_hct15_seed4_rigid92_1.dat
shape =  (8, 706)
706
loading  /home/jasencakova/dataset/cells/priamy_kanal/sim_2xKSin1_D_hct15_seed4_rigid92_1/rbc127_sim_2xKSin1_D_hct15_seed4_rigid92_1.dat
shape =  (8, 706)
706
loading  /home/jasencakova/dataset/cells/priamy_kanal/sim_2xKSin1_D_hct15_seed4_rigid92_1/rbc128_sim_2xKSin1_D_hct15_seed4_rigid92_1.dat
shape =  (8, 706)
706
loading  /home/jasencakova/dataset/cells/priamy_kanal/sim_2xKSin1_D_hct15_seed4_rigid92_1/rbc129_sim_2xKSin1_D_hct15_seed4_rigid92_1.dat
shape =  (8, 706)
706
loading  /home/jasencakova/dataset/cells/priamy_kanal/sim_2xKSin1_D_hct15_seed4_rigid92_1/rbc130_sim_2xKSin1_D_hct15_seed4_rigid92_1.dat
shape =  (8, 706)
706
loading  /home/jasencakova/dataset/cells/priamy_kanal/sim_2xKSin1_D_hct15_seed4_rigid92_1/rbc131_sim_2xKSin1_D_hct15_seed4_rigid92_1.dat
shape =  (8, 706)
706
loading  /home/jasencakova/dataset/cells/priamy_kanal/sim_2xKSin1_D_hct15_seed4_rigid92_1/rbc132_sim_2xKSin1_D_hct15_seed4_rigid92_1.dat
shape =  (8, 706)
706
loading  /home/jasencakova/dataset/cells/priamy_kanal/sim_2xKSin1_D_hct15_seed4_rigid92_1/rbc133_sim_2xKSin1_D_hct15_seed4_rigid92_1.dat
shape =  (8, 706)
706
loading  /home/jasencakova/dataset/cells/priamy_kanal/sim_2xKSin1_D_hct15_seed4_rigid92_1/rbc134_sim_2xKSin1_D_hct15_seed4_rigid92_1.dat
shape =  (8, 706)
706
loading  /home/jasencakova/dataset/cells/priamy_kanal/sim_2xKSin1_D_hct15_seed4_rigid92_1/rbc135_sim_2xKSin1_D_hct15_seed4_rigid92_1.dat
shape =  (8, 706)
706
loading  /home/jasencakova/dataset/cells/priamy_kanal/sim_2xKSin1_D_hct15_seed4_rigid92_1/rbc136_sim_2xKSin1_D_hct15_seed4_rigid92_1.dat
shape =  (8, 706)
706
loading  /home/jasencakova/dataset/cells/priamy_kanal/sim_2xKSin1_D_hct15_seed4_rigid92_1/rbc137_sim_2xKSin1_D_hct15_seed4_rigid92_1.dat
shape =  (8, 706)
706
loading  /home/jasencakova/dataset/cells/priamy_kanal/sim_2xKSin1_D_hct15_seed4_rigid92_1/rbc138_sim_2xKSin1_D_hct15_seed4_rigid92_1.dat
shape =  (8, 706)
706
loading  /home/jasencakova/dataset/cells/priamy_kanal/sim_2xKSin1_D_hct15_seed4_rigid92_1/rbc139_sim_2xKSin1_D_hct15_seed4_rigid92_1.dat
shape =  (8, 706)
706
loading  /home/jasencakova/dataset/cells/priamy_kanal/sim_2xKSin1_D_hct15_seed4_rigid92_1/rbc140_sim_2xKSin1_D_hct15_seed4_rigid92_1.dat
shape =  (8, 706)
706
loading  /home/jasencakova/dataset/cells/priamy_kanal/sim_2xKSin1_D_hct15_seed4_rigid92_1/rbc141_sim_2xKSin1_D_hct15_seed4_rigid92_1.dat
shape =  (8, 706)
706
loading  /home/jasencakova/dataset/cells/priamy_kanal/sim_2xKSin1_D_hct15_seed4_rigid92_1/rbc142_sim_2xKSin1_D_hct15_seed4_rigid92_1.dat
shape =  (8, 706)
706
loading  /home/jasencakova/dataset/cells/priamy_kanal/sim_2xKSin1_D_hct15_seed4_rigid92_1/rbc143_sim_2xKSin1_D_hct15_seed4_rigid92_1.dat
shape =  (8, 706)
706
loading  /home/jasencakova/dataset/cells/priamy_kanal/sim_2xKSin1_D_hct15_seed4_rigid92_1/rbc144_sim_2xKSin1_D_hct15_seed4_rigid92_1.dat
shape =  (8, 706)
706
loading  /home/jasencakova/dataset/cells/priamy_kanal/sim_2xKSin1_D_hct15_seed4_rigid92_1/rbc145_sim_2xKSin1_D_hct15_seed4_rigid92_1.dat
shape =  (8, 706)
706
loading  /home/jasencakova/dataset/cells/priamy_kanal/sim_2xKSin1_D_hct15_seed4_rigid92_1/rbc146_sim_2xKSin1_D_hct15_seed4_rigid92_1.dat
shape =  (8, 706)
706
loading  /home/jasencakova/dataset/cells/priamy_kanal/sim_2xKSin1_D_hct15_seed4_rigid92_1/rbc147_sim_2xKSin1_D_hct15_seed4_rigid92_1.dat
shape =  (8, 706)
706
loading  /home/jasencakova/dataset/cells/priamy_kanal/sim_2xKSin1_D_hct15_seed4_rigid92_1/rbc148_sim_2xKSin1_D_hct15_seed4_rigid92_1.dat
shape =  (8, 706)
706
loading  /home/jasencakova/dataset/cells/priamy_kanal/sim_2xKSin1_D_hct15_seed4_rigid92_1/rbc149_sim_2xKSin1_D_hct15_seed4_rigid92_1.dat
shape =  (8, 706)
706
loading  /home/jasencakova/dataset/cells/priamy_kanal/sim_2xKSin1_D_hct15_seed4_rigid92_1/rbc150_sim_2xKSin1_D_hct15_seed4_rigid92_1.dat
shape =  (8, 706)
706
loading  /home/jasencakova/dataset/cells/priamy_kanal/sim_2xKSin1_D_hct15_seed4_rigid92_1/rbc151_sim_2xKSin1_D_hct15_seed4_rigid92_1.dat
shape =  (8, 706)
706
loading  /home/jasencakova/dataset/cells/priamy_kanal/sim_2xKSin1_D_hct15_seed4_rigid92_1/rbc152_sim_2xKSin1_D_hct15_seed4_rigid92_1.dat
shape =  (8, 706)
706
loading  /home/jasencakova/dataset/cells/priamy_kanal/sim_2xKSin1_D_hct15_seed4_rigid92_1/rbc153_sim_2xKSin1_D_hct15_seed4_rigid92_1.dat
shape =  (8, 706)
706
shortest_length =  706
data_shape      =  (154, 706, 8)



loading  /home/jasencakova/dataset/cells/priamy_kanal/sim_2xKSin1_D_hct15_seed4_rigid31_1_from1190000cy/rbc0_sim_2xKSin1_D_hct15_seed4_rigid31_1_from1190000cy.dat
shape =  (8, 698)
698
loading  /home/jasencakova/dataset/cells/priamy_kanal/sim_2xKSin1_D_hct15_seed4_rigid31_1_from1190000cy/rbc1_sim_2xKSin1_D_hct15_seed4_rigid31_1_from1190000cy.dat
shape =  (8, 698)
698
loading  /home/jasencakova/dataset/cells/priamy_kanal/sim_2xKSin1_D_hct15_seed4_rigid31_1_from1190000cy/rbc2_sim_2xKSin1_D_hct15_seed4_rigid31_1_from1190000cy.dat
shape =  (8, 698)
698
loading  /home/jasencakova/dataset/cells/priamy_kanal/sim_2xKSin1_D_hct15_seed4_rigid31_1_from1190000cy/rbc3_sim_2xKSin1_D_hct15_seed4_rigid31_1_from1190000cy.dat
shape =  (8, 698)
698
loading  /home/jasencakova/dataset/cells/priamy_kanal/sim_2xKSin1_D_hct15_seed4_rigid31_1_from1190000cy/rbc4_sim_2xKSin1_D_hct15_seed4_rigid31_1_from1190000cy.dat
shape =  (8, 698)
698
loading  /home/jasencakova/dataset/cells/priamy_kanal/sim_2xKSin1_D_hct15_seed4_rigid31_1_from1190000cy/rbc5_sim_2xKSin1_D_hct15_seed4_rigid31_1_from1190000cy.dat
shape =  (8, 698)
698
loading  /home/jasencakova/dataset/cells/priamy_kanal/sim_2xKSin1_D_hct15_seed4_rigid31_1_from1190000cy/rbc6_sim_2xKSin1_D_hct15_seed4_rigid31_1_from1190000cy.dat
shape =  (8, 698)
698
loading  /home/jasencakova/dataset/cells/priamy_kanal/sim_2xKSin1_D_hct15_seed4_rigid31_1_from1190000cy/rbc7_sim_2xKSin1_D_hct15_seed4_rigid31_1_from1190000cy.dat
shape =  (8, 698)
698
loading  /home/jasencakova/dataset/cells/priamy_kanal/sim_2xKSin1_D_hct15_seed4_rigid31_1_from1190000cy/rbc8_sim_2xKSin1_D_hct15_seed4_rigid31_1_from1190000cy.dat
shape =  (8, 698)
698
loading  /home/jasencakova/dataset/cells/priamy_kanal/sim_2xKSin1_D_hct15_seed4_rigid31_1_from1190000cy/rbc9_sim_2xKSin1_D_hct15_seed4_rigid31_1_from1190000cy.dat
shape =  (8, 698)
698
loading  /home/jasencakova/dataset/cells/priamy_kanal/sim_2xKSin1_D_hct15_seed4_rigid31_1_from1190000cy/rbc10_sim_2xKSin1_D_hct15_seed4_rigid31_1_from1190000cy.dat
shape =  (8, 698)
698
loading  /home/jasencakova/dataset/cells/priamy_kanal/sim_2xKSin1_D_hct15_seed4_rigid31_1_from1190000cy/rbc11_sim_2xKSin1_D_hct15_seed4_rigid31_1_from1190000cy.dat
shape =  (8, 698)
698
loading  /home/jasencakova/dataset/cells/priamy_kanal/sim_2xKSin1_D_hct15_seed4_rigid31_1_from1190000cy/rbc12_sim_2xKSin1_D_hct15_seed4_rigid31_1_from1190000cy.dat
shape =  (8, 698)
698
loading  /home/jasencakova/dataset/cells/priamy_kanal/sim_2xKSin1_D_hct15_seed4_rigid31_1_from1190000cy/rbc13_sim_2xKSin1_D_hct15_seed4_rigid31_1_from1190000cy.dat
shape =  (8, 698)
698
loading  /home/jasencakova/dataset/cells/priamy_kanal/sim_2xKSin1_D_hct15_seed4_rigid31_1_from1190000cy/rbc14_sim_2xKSin1_D_hct15_seed4_rigid31_1_from1190000cy.dat
shape =  (8, 698)
698
loading  /home/jasencakova/dataset/cells/priamy_kanal/sim_2xKSin1_D_hct15_seed4_rigid31_1_from1190000cy/rbc15_sim_2xKSin1_D_hct15_seed4_rigid31_1_from1190000cy.dat
shape =  (8, 698)
698
loading  /home/jasencakova/dataset/cells/priamy_kanal/sim_2xKSin1_D_hct15_seed4_rigid31_1_from1190000cy/rbc16_sim_2xKSin1_D_hct15_seed4_rigid31_1_from1190000cy.dat
shape =  (8, 698)
698
loading  /home/jasencakova/dataset/cells/priamy_kanal/sim_2xKSin1_D_hct15_seed4_rigid31_1_from1190000cy/rbc17_sim_2xKSin1_D_hct15_seed4_rigid31_1_from1190000cy.dat
shape =  (8, 698)
698
loading  /home/jasencakova/dataset/cells/priamy_kanal/sim_2xKSin1_D_hct15_seed4_rigid31_1_from1190000cy/rbc18_sim_2xKSin1_D_hct15_seed4_rigid31_1_from1190000cy.dat
shape =  (8, 698)
698
loading  /home/jasencakova/dataset/cells/priamy_kanal/sim_2xKSin1_D_hct15_seed4_rigid31_1_from1190000cy/rbc19_sim_2xKSin1_D_hct15_seed4_rigid31_1_from1190000cy.dat
shape =  (8, 698)
698
loading  /home/jasencakova/dataset/cells/priamy_kanal/sim_2xKSin1_D_hct15_seed4_rigid31_1_from1190000cy/rbc20_sim_2xKSin1_D_hct15_seed4_rigid31_1_from1190000cy.dat
shape =  (8, 698)
698
loading  /home/jasencakova/dataset/cells/priamy_kanal/sim_2xKSin1_D_hct15_seed4_rigid31_1_from1190000cy/rbc21_sim_2xKSin1_D_hct15_seed4_rigid31_1_from1190000cy.dat
shape =  (8, 698)
698
loading  /home/jasencakova/dataset/cells/priamy_kanal/sim_2xKSin1_D_hct15_seed4_rigid31_1_from1190000cy/rbc22_sim_2xKSin1_D_hct15_seed4_rigid31_1_from1190000cy.dat
shape =  (8, 698)
698
loading  /home/jasencakova/dataset/cells/priamy_kanal/sim_2xKSin1_D_hct15_seed4_rigid31_1_from1190000cy/rbc23_sim_2xKSin1_D_hct15_seed4_rigid31_1_from1190000cy.dat
shape =  (8, 698)
698
loading  /home/jasencakova/dataset/cells/priamy_kanal/sim_2xKSin1_D_hct15_seed4_rigid31_1_from1190000cy/rbc24_sim_2xKSin1_D_hct15_seed4_rigid31_1_from1190000cy.dat
shape =  (8, 698)
698
loading  /home/jasencakova/dataset/cells/priamy_kanal/sim_2xKSin1_D_hct15_seed4_rigid31_1_from1190000cy/rbc25_sim_2xKSin1_D_hct15_seed4_rigid31_1_from1190000cy.dat
shape =  (8, 698)
698
loading  /home/jasencakova/dataset/cells/priamy_kanal/sim_2xKSin1_D_hct15_seed4_rigid31_1_from1190000cy/rbc26_sim_2xKSin1_D_hct15_seed4_rigid31_1_from1190000cy.dat
shape =  (8, 698)
698
loading  /home/jasencakova/dataset/cells/priamy_kanal/sim_2xKSin1_D_hct15_seed4_rigid31_1_from1190000cy/rbc27_sim_2xKSin1_D_hct15_seed4_rigid31_1_from1190000cy.dat
shape =  (8, 698)
698
loading  /home/jasencakova/dataset/cells/priamy_kanal/sim_2xKSin1_D_hct15_seed4_rigid31_1_from1190000cy/rbc28_sim_2xKSin1_D_hct15_seed4_rigid31_1_from1190000cy.dat
shape =  (8, 698)
698
loading  /home/jasencakova/dataset/cells/priamy_kanal/sim_2xKSin1_D_hct15_seed4_rigid31_1_from1190000cy/rbc29_sim_2xKSin1_D_hct15_seed4_rigid31_1_from1190000cy.dat
shape =  (8, 698)
698
loading  /home/jasencakova/dataset/cells/priamy_kanal/sim_2xKSin1_D_hct15_seed4_rigid31_1_from1190000cy/rbc30_sim_2xKSin1_D_hct15_seed4_rigid31_1_from1190000cy.dat
shape =  (8, 698)
698
loading  /home/jasencakova/dataset/cells/priamy_kanal/sim_2xKSin1_D_hct15_seed4_rigid31_1_from1190000cy/rbc31_sim_2xKSin1_D_hct15_seed4_rigid31_1_from1190000cy.dat
shape =  (8, 698)
698
loading  /home/jasencakova/dataset/cells/priamy_kanal/sim_2xKSin1_D_hct15_seed4_rigid31_1_from1190000cy/rbc32_sim_2xKSin1_D_hct15_seed4_rigid31_1_from1190000cy.dat
shape =  (8, 698)
698
loading  /home/jasencakova/dataset/cells/priamy_kanal/sim_2xKSin1_D_hct15_seed4_rigid31_1_from1190000cy/rbc33_sim_2xKSin1_D_hct15_seed4_rigid31_1_from1190000cy.dat
shape =  (8, 698)
698
loading  /home/jasencakova/dataset/cells/priamy_kanal/sim_2xKSin1_D_hct15_seed4_rigid31_1_from1190000cy/rbc34_sim_2xKSin1_D_hct15_seed4_rigid31_1_from1190000cy.dat
shape =  (8, 698)
698
loading  /home/jasencakova/dataset/cells/priamy_kanal/sim_2xKSin1_D_hct15_seed4_rigid31_1_from1190000cy/rbc35_sim_2xKSin1_D_hct15_seed4_rigid31_1_from1190000cy.dat
shape =  (8, 698)
698
loading  /home/jasencakova/dataset/cells/priamy_kanal/sim_2xKSin1_D_hct15_seed4_rigid31_1_from1190000cy/rbc36_sim_2xKSin1_D_hct15_seed4_rigid31_1_from1190000cy.dat
shape =  (8, 698)
698
loading  /home/jasencakova/dataset/cells/priamy_kanal/sim_2xKSin1_D_hct15_seed4_rigid31_1_from1190000cy/rbc37_sim_2xKSin1_D_hct15_seed4_rigid31_1_from1190000cy.dat
shape =  (8, 698)
698
loading  /home/jasencakova/dataset/cells/priamy_kanal/sim_2xKSin1_D_hct15_seed4_rigid31_1_from1190000cy/rbc38_sim_2xKSin1_D_hct15_seed4_rigid31_1_from1190000cy.dat
shape =  (8, 698)
698
loading  /home/jasencakova/dataset/cells/priamy_kanal/sim_2xKSin1_D_hct15_seed4_rigid31_1_from1190000cy/rbc39_sim_2xKSin1_D_hct15_seed4_rigid31_1_from1190000cy.dat
shape =  (8, 698)
698
loading  /home/jasencakova/dataset/cells/priamy_kanal/sim_2xKSin1_D_hct15_seed4_rigid31_1_from1190000cy/rbc40_sim_2xKSin1_D_hct15_seed4_rigid31_1_from1190000cy.dat
shape =  (8, 698)
698
loading  /home/jasencakova/dataset/cells/priamy_kanal/sim_2xKSin1_D_hct15_seed4_rigid31_1_from1190000cy/rbc41_sim_2xKSin1_D_hct15_seed4_rigid31_1_from1190000cy.dat
shape =  (8, 698)
698
loading  /home/jasencakova/dataset/cells/priamy_kanal/sim_2xKSin1_D_hct15_seed4_rigid31_1_from1190000cy/rbc42_sim_2xKSin1_D_hct15_seed4_rigid31_1_from1190000cy.dat
shape =  (8, 698)
698
loading  /home/jasencakova/dataset/cells/priamy_kanal/sim_2xKSin1_D_hct15_seed4_rigid31_1_from1190000cy/rbc43_sim_2xKSin1_D_hct15_seed4_rigid31_1_from1190000cy.dat
shape =  (8, 698)
698
loading  /home/jasencakova/dataset/cells/priamy_kanal/sim_2xKSin1_D_hct15_seed4_rigid31_1_from1190000cy/rbc44_sim_2xKSin1_D_hct15_seed4_rigid31_1_from1190000cy.dat
shape =  (8, 698)
698
loading  /home/jasencakova/dataset/cells/priamy_kanal/sim_2xKSin1_D_hct15_seed4_rigid31_1_from1190000cy/rbc45_sim_2xKSin1_D_hct15_seed4_rigid31_1_from1190000cy.dat
shape =  (8, 698)
698
loading  /home/jasencakova/dataset/cells/priamy_kanal/sim_2xKSin1_D_hct15_seed4_rigid31_1_from1190000cy/rbc46_sim_2xKSin1_D_hct15_seed4_rigid31_1_from1190000cy.dat
shape =  (8, 698)
698
loading  /home/jasencakova/dataset/cells/priamy_kanal/sim_2xKSin1_D_hct15_seed4_rigid31_1_from1190000cy/rbc47_sim_2xKSin1_D_hct15_seed4_rigid31_1_from1190000cy.dat
shape =  (8, 698)
698
loading  /home/jasencakova/dataset/cells/priamy_kanal/sim_2xKSin1_D_hct15_seed4_rigid31_1_from1190000cy/rbc48_sim_2xKSin1_D_hct15_seed4_rigid31_1_from1190000cy.dat
shape =  (8, 698)
698
loading  /home/jasencakova/dataset/cells/priamy_kanal/sim_2xKSin1_D_hct15_seed4_rigid31_1_from1190000cy/rbc49_sim_2xKSin1_D_hct15_seed4_rigid31_1_from1190000cy.dat
shape =  (8, 698)
698
loading  /home/jasencakova/dataset/cells/priamy_kanal/sim_2xKSin1_D_hct15_seed4_rigid31_1_from1190000cy/rbc50_sim_2xKSin1_D_hct15_seed4_rigid31_1_from1190000cy.dat
shape =  (8, 698)
698
loading  /home/jasencakova/dataset/cells/priamy_kanal/sim_2xKSin1_D_hct15_seed4_rigid31_1_from1190000cy/rbc51_sim_2xKSin1_D_hct15_seed4_rigid31_1_from1190000cy.dat
shape =  (8, 698)
698
loading  /home/jasencakova/dataset/cells/priamy_kanal/sim_2xKSin1_D_hct15_seed4_rigid31_1_from1190000cy/rbc52_sim_2xKSin1_D_hct15_seed4_rigid31_1_from1190000cy.dat
shape =  (8, 698)
698
loading  /home/jasencakova/dataset/cells/priamy_kanal/sim_2xKSin1_D_hct15_seed4_rigid31_1_from1190000cy/rbc53_sim_2xKSin1_D_hct15_seed4_rigid31_1_from1190000cy.dat
shape =  (8, 698)
698
loading  /home/jasencakova/dataset/cells/priamy_kanal/sim_2xKSin1_D_hct15_seed4_rigid31_1_from1190000cy/rbc54_sim_2xKSin1_D_hct15_seed4_rigid31_1_from1190000cy.dat
shape =  (8, 698)
698
loading  /home/jasencakova/dataset/cells/priamy_kanal/sim_2xKSin1_D_hct15_seed4_rigid31_1_from1190000cy/rbc55_sim_2xKSin1_D_hct15_seed4_rigid31_1_from1190000cy.dat
shape =  (8, 698)
698
loading  /home/jasencakova/dataset/cells/priamy_kanal/sim_2xKSin1_D_hct15_seed4_rigid31_1_from1190000cy/rbc56_sim_2xKSin1_D_hct15_seed4_rigid31_1_from1190000cy.dat
shape =  (8, 698)
698
loading  /home/jasencakova/dataset/cells/priamy_kanal/sim_2xKSin1_D_hct15_seed4_rigid31_1_from1190000cy/rbc57_sim_2xKSin1_D_hct15_seed4_rigid31_1_from1190000cy.dat
shape =  (8, 698)
698
loading  /home/jasencakova/dataset/cells/priamy_kanal/sim_2xKSin1_D_hct15_seed4_rigid31_1_from1190000cy/rbc58_sim_2xKSin1_D_hct15_seed4_rigid31_1_from1190000cy.dat
shape =  (8, 698)
698
loading  /home/jasencakova/dataset/cells/priamy_kanal/sim_2xKSin1_D_hct15_seed4_rigid31_1_from1190000cy/rbc59_sim_2xKSin1_D_hct15_seed4_rigid31_1_from1190000cy.dat
shape =  (8, 698)
698
loading  /home/jasencakova/dataset/cells/priamy_kanal/sim_2xKSin1_D_hct15_seed4_rigid31_1_from1190000cy/rbc60_sim_2xKSin1_D_hct15_seed4_rigid31_1_from1190000cy.dat
shape =  (8, 698)
698
loading  /home/jasencakova/dataset/cells/priamy_kanal/sim_2xKSin1_D_hct15_seed4_rigid31_1_from1190000cy/rbc61_sim_2xKSin1_D_hct15_seed4_rigid31_1_from1190000cy.dat
shape =  (8, 698)
698
loading  /home/jasencakova/dataset/cells/priamy_kanal/sim_2xKSin1_D_hct15_seed4_rigid31_1_from1190000cy/rbc62_sim_2xKSin1_D_hct15_seed4_rigid31_1_from1190000cy.dat
shape =  (8, 698)
698
loading  /home/jasencakova/dataset/cells/priamy_kanal/sim_2xKSin1_D_hct15_seed4_rigid31_1_from1190000cy/rbc63_sim_2xKSin1_D_hct15_seed4_rigid31_1_from1190000cy.dat
shape =  (8, 698)
698
loading  /home/jasencakova/dataset/cells/priamy_kanal/sim_2xKSin1_D_hct15_seed4_rigid31_1_from1190000cy/rbc64_sim_2xKSin1_D_hct15_seed4_rigid31_1_from1190000cy.dat
shape =  (8, 698)
698
loading  /home/jasencakova/dataset/cells/priamy_kanal/sim_2xKSin1_D_hct15_seed4_rigid31_1_from1190000cy/rbc65_sim_2xKSin1_D_hct15_seed4_rigid31_1_from1190000cy.dat
shape =  (8, 698)
698
loading  /home/jasencakova/dataset/cells/priamy_kanal/sim_2xKSin1_D_hct15_seed4_rigid31_1_from1190000cy/rbc66_sim_2xKSin1_D_hct15_seed4_rigid31_1_from1190000cy.dat
shape =  (8, 698)
698
loading  /home/jasencakova/dataset/cells/priamy_kanal/sim_2xKSin1_D_hct15_seed4_rigid31_1_from1190000cy/rbc67_sim_2xKSin1_D_hct15_seed4_rigid31_1_from1190000cy.dat
shape =  (8, 698)
698
loading  /home/jasencakova/dataset/cells/priamy_kanal/sim_2xKSin1_D_hct15_seed4_rigid31_1_from1190000cy/rbc68_sim_2xKSin1_D_hct15_seed4_rigid31_1_from1190000cy.dat
shape =  (8, 698)
698
loading  /home/jasencakova/dataset/cells/priamy_kanal/sim_2xKSin1_D_hct15_seed4_rigid31_1_from1190000cy/rbc69_sim_2xKSin1_D_hct15_seed4_rigid31_1_from1190000cy.dat
shape =  (8, 698)
698
loading  /home/jasencakova/dataset/cells/priamy_kanal/sim_2xKSin1_D_hct15_seed4_rigid31_1_from1190000cy/rbc70_sim_2xKSin1_D_hct15_seed4_rigid31_1_from1190000cy.dat
shape =  (8, 698)
698
loading  /home/jasencakova/dataset/cells/priamy_kanal/sim_2xKSin1_D_hct15_seed4_rigid31_1_from1190000cy/rbc71_sim_2xKSin1_D_hct15_seed4_rigid31_1_from1190000cy.dat
shape =  (8, 698)
698
loading  /home/jasencakova/dataset/cells/priamy_kanal/sim_2xKSin1_D_hct15_seed4_rigid31_1_from1190000cy/rbc72_sim_2xKSin1_D_hct15_seed4_rigid31_1_from1190000cy.dat
shape =  (8, 698)
698
loading  /home/jasencakova/dataset/cells/priamy_kanal/sim_2xKSin1_D_hct15_seed4_rigid31_1_from1190000cy/rbc73_sim_2xKSin1_D_hct15_seed4_rigid31_1_from1190000cy.dat
shape =  (8, 698)
698
loading  /home/jasencakova/dataset/cells/priamy_kanal/sim_2xKSin1_D_hct15_seed4_rigid31_1_from1190000cy/rbc74_sim_2xKSin1_D_hct15_seed4_rigid31_1_from1190000cy.dat
shape =  (8, 698)
698
loading  /home/jasencakova/dataset/cells/priamy_kanal/sim_2xKSin1_D_hct15_seed4_rigid31_1_from1190000cy/rbc75_sim_2xKSin1_D_hct15_seed4_rigid31_1_from1190000cy.dat
shape =  (8, 698)
698
loading  /home/jasencakova/dataset/cells/priamy_kanal/sim_2xKSin1_D_hct15_seed4_rigid31_1_from1190000cy/rbc76_sim_2xKSin1_D_hct15_seed4_rigid31_1_from1190000cy.dat
shape =  (8, 698)
698
loading  /home/jasencakova/dataset/cells/priamy_kanal/sim_2xKSin1_D_hct15_seed4_rigid31_1_from1190000cy/rbc77_sim_2xKSin1_D_hct15_seed4_rigid31_1_from1190000cy.dat
shape =  (8, 698)
698
loading  /home/jasencakova/dataset/cells/priamy_kanal/sim_2xKSin1_D_hct15_seed4_rigid31_1_from1190000cy/rbc78_sim_2xKSin1_D_hct15_seed4_rigid31_1_from1190000cy.dat
shape =  (8, 698)
698
loading  /home/jasencakova/dataset/cells/priamy_kanal/sim_2xKSin1_D_hct15_seed4_rigid31_1_from1190000cy/rbc79_sim_2xKSin1_D_hct15_seed4_rigid31_1_from1190000cy.dat
shape =  (8, 698)
698
loading  /home/jasencakova/dataset/cells/priamy_kanal/sim_2xKSin1_D_hct15_seed4_rigid31_1_from1190000cy/rbc80_sim_2xKSin1_D_hct15_seed4_rigid31_1_from1190000cy.dat
shape =  (8, 698)
698
loading  /home/jasencakova/dataset/cells/priamy_kanal/sim_2xKSin1_D_hct15_seed4_rigid31_1_from1190000cy/rbc81_sim_2xKSin1_D_hct15_seed4_rigid31_1_from1190000cy.dat
shape =  (8, 698)
698
loading  /home/jasencakova/dataset/cells/priamy_kanal/sim_2xKSin1_D_hct15_seed4_rigid31_1_from1190000cy/rbc82_sim_2xKSin1_D_hct15_seed4_rigid31_1_from1190000cy.dat
shape =  (8, 698)
698
loading  /home/jasencakova/dataset/cells/priamy_kanal/sim_2xKSin1_D_hct15_seed4_rigid31_1_from1190000cy/rbc83_sim_2xKSin1_D_hct15_seed4_rigid31_1_from1190000cy.dat
shape =  (8, 698)
698
loading  /home/jasencakova/dataset/cells/priamy_kanal/sim_2xKSin1_D_hct15_seed4_rigid31_1_from1190000cy/rbc84_sim_2xKSin1_D_hct15_seed4_rigid31_1_from1190000cy.dat
shape =  (8, 698)
698
loading  /home/jasencakova/dataset/cells/priamy_kanal/sim_2xKSin1_D_hct15_seed4_rigid31_1_from1190000cy/rbc85_sim_2xKSin1_D_hct15_seed4_rigid31_1_from1190000cy.dat
shape =  (8, 698)
698
loading  /home/jasencakova/dataset/cells/priamy_kanal/sim_2xKSin1_D_hct15_seed4_rigid31_1_from1190000cy/rbc86_sim_2xKSin1_D_hct15_seed4_rigid31_1_from1190000cy.dat
shape =  (8, 698)
698
loading  /home/jasencakova/dataset/cells/priamy_kanal/sim_2xKSin1_D_hct15_seed4_rigid31_1_from1190000cy/rbc87_sim_2xKSin1_D_hct15_seed4_rigid31_1_from1190000cy.dat
shape =  (8, 698)
698
loading  /home/jasencakova/dataset/cells/priamy_kanal/sim_2xKSin1_D_hct15_seed4_rigid31_1_from1190000cy/rbc88_sim_2xKSin1_D_hct15_seed4_rigid31_1_from1190000cy.dat
shape =  (8, 698)
698
loading  /home/jasencakova/dataset/cells/priamy_kanal/sim_2xKSin1_D_hct15_seed4_rigid31_1_from1190000cy/rbc89_sim_2xKSin1_D_hct15_seed4_rigid31_1_from1190000cy.dat
shape =  (8, 698)
698
loading  /home/jasencakova/dataset/cells/priamy_kanal/sim_2xKSin1_D_hct15_seed4_rigid31_1_from1190000cy/rbc90_sim_2xKSin1_D_hct15_seed4_rigid31_1_from1190000cy.dat
shape =  (8, 698)
698
loading  /home/jasencakova/dataset/cells/priamy_kanal/sim_2xKSin1_D_hct15_seed4_rigid31_1_from1190000cy/rbc91_sim_2xKSin1_D_hct15_seed4_rigid31_1_from1190000cy.dat
shape =  (8, 698)
698
loading  /home/jasencakova/dataset/cells/priamy_kanal/sim_2xKSin1_D_hct15_seed4_rigid31_1_from1190000cy/rbc92_sim_2xKSin1_D_hct15_seed4_rigid31_1_from1190000cy.dat
shape =  (8, 698)
698
loading  /home/jasencakova/dataset/cells/priamy_kanal/sim_2xKSin1_D_hct15_seed4_rigid31_1_from1190000cy/rbc93_sim_2xKSin1_D_hct15_seed4_rigid31_1_from1190000cy.dat
shape =  (8, 698)
698
loading  /home/jasencakova/dataset/cells/priamy_kanal/sim_2xKSin1_D_hct15_seed4_rigid31_1_from1190000cy/rbc94_sim_2xKSin1_D_hct15_seed4_rigid31_1_from1190000cy.dat
shape =  (8, 698)
698
loading  /home/jasencakova/dataset/cells/priamy_kanal/sim_2xKSin1_D_hct15_seed4_rigid31_1_from1190000cy/rbc95_sim_2xKSin1_D_hct15_seed4_rigid31_1_from1190000cy.dat
shape =  (8, 698)
698
loading  /home/jasencakova/dataset/cells/priamy_kanal/sim_2xKSin1_D_hct15_seed4_rigid31_1_from1190000cy/rbc96_sim_2xKSin1_D_hct15_seed4_rigid31_1_from1190000cy.dat
shape =  (8, 698)
698
loading  /home/jasencakova/dataset/cells/priamy_kanal/sim_2xKSin1_D_hct15_seed4_rigid31_1_from1190000cy/rbc97_sim_2xKSin1_D_hct15_seed4_rigid31_1_from1190000cy.dat
shape =  (8, 698)
698
loading  /home/jasencakova/dataset/cells/priamy_kanal/sim_2xKSin1_D_hct15_seed4_rigid31_1_from1190000cy/rbc98_sim_2xKSin1_D_hct15_seed4_rigid31_1_from1190000cy.dat
shape =  (8, 698)
698
loading  /home/jasencakova/dataset/cells/priamy_kanal/sim_2xKSin1_D_hct15_seed4_rigid31_1_from1190000cy/rbc99_sim_2xKSin1_D_hct15_seed4_rigid31_1_from1190000cy.dat
shape =  (8, 698)
698
loading  /home/jasencakova/dataset/cells/priamy_kanal/sim_2xKSin1_D_hct15_seed4_rigid31_1_from1190000cy/rbc100_sim_2xKSin1_D_hct15_seed4_rigid31_1_from1190000cy.dat
shape =  (8, 698)
698
loading  /home/jasencakova/dataset/cells/priamy_kanal/sim_2xKSin1_D_hct15_seed4_rigid31_1_from1190000cy/rbc101_sim_2xKSin1_D_hct15_seed4_rigid31_1_from1190000cy.dat
shape =  (8, 698)
698
loading  /home/jasencakova/dataset/cells/priamy_kanal/sim_2xKSin1_D_hct15_seed4_rigid31_1_from1190000cy/rbc102_sim_2xKSin1_D_hct15_seed4_rigid31_1_from1190000cy.dat
shape =  (8, 698)
698
loading  /home/jasencakova/dataset/cells/priamy_kanal/sim_2xKSin1_D_hct15_seed4_rigid31_1_from1190000cy/rbc103_sim_2xKSin1_D_hct15_seed4_rigid31_1_from1190000cy.dat
shape =  (8, 698)
698
loading  /home/jasencakova/dataset/cells/priamy_kanal/sim_2xKSin1_D_hct15_seed4_rigid31_1_from1190000cy/rbc104_sim_2xKSin1_D_hct15_seed4_rigid31_1_from1190000cy.dat
shape =  (8, 698)
698
loading  /home/jasencakova/dataset/cells/priamy_kanal/sim_2xKSin1_D_hct15_seed4_rigid31_1_from1190000cy/rbc105_sim_2xKSin1_D_hct15_seed4_rigid31_1_from1190000cy.dat
shape =  (8, 698)
698
loading  /home/jasencakova/dataset/cells/priamy_kanal/sim_2xKSin1_D_hct15_seed4_rigid31_1_from1190000cy/rbc106_sim_2xKSin1_D_hct15_seed4_rigid31_1_from1190000cy.dat
shape =  (8, 698)
698
loading  /home/jasencakova/dataset/cells/priamy_kanal/sim_2xKSin1_D_hct15_seed4_rigid31_1_from1190000cy/rbc107_sim_2xKSin1_D_hct15_seed4_rigid31_1_from1190000cy.dat
shape =  (8, 698)
698
loading  /home/jasencakova/dataset/cells/priamy_kanal/sim_2xKSin1_D_hct15_seed4_rigid31_1_from1190000cy/rbc108_sim_2xKSin1_D_hct15_seed4_rigid31_1_from1190000cy.dat
shape =  (8, 698)
698
loading  /home/jasencakova/dataset/cells/priamy_kanal/sim_2xKSin1_D_hct15_seed4_rigid31_1_from1190000cy/rbc109_sim_2xKSin1_D_hct15_seed4_rigid31_1_from1190000cy.dat
shape =  (8, 698)
698
loading  /home/jasencakova/dataset/cells/priamy_kanal/sim_2xKSin1_D_hct15_seed4_rigid31_1_from1190000cy/rbc110_sim_2xKSin1_D_hct15_seed4_rigid31_1_from1190000cy.dat
shape =  (8, 698)
698
loading  /home/jasencakova/dataset/cells/priamy_kanal/sim_2xKSin1_D_hct15_seed4_rigid31_1_from1190000cy/rbc111_sim_2xKSin1_D_hct15_seed4_rigid31_1_from1190000cy.dat
shape =  (8, 698)
698
loading  /home/jasencakova/dataset/cells/priamy_kanal/sim_2xKSin1_D_hct15_seed4_rigid31_1_from1190000cy/rbc112_sim_2xKSin1_D_hct15_seed4_rigid31_1_from1190000cy.dat
shape =  (8, 698)
698
loading  /home/jasencakova/dataset/cells/priamy_kanal/sim_2xKSin1_D_hct15_seed4_rigid31_1_from1190000cy/rbc113_sim_2xKSin1_D_hct15_seed4_rigid31_1_from1190000cy.dat
shape =  (8, 698)
698
loading  /home/jasencakova/dataset/cells/priamy_kanal/sim_2xKSin1_D_hct15_seed4_rigid31_1_from1190000cy/rbc114_sim_2xKSin1_D_hct15_seed4_rigid31_1_from1190000cy.dat
shape =  (8, 698)
698
loading  /home/jasencakova/dataset/cells/priamy_kanal/sim_2xKSin1_D_hct15_seed4_rigid31_1_from1190000cy/rbc115_sim_2xKSin1_D_hct15_seed4_rigid31_1_from1190000cy.dat
shape =  (8, 698)
698
loading  /home/jasencakova/dataset/cells/priamy_kanal/sim_2xKSin1_D_hct15_seed4_rigid31_1_from1190000cy/rbc116_sim_2xKSin1_D_hct15_seed4_rigid31_1_from1190000cy.dat
shape =  (8, 698)
698
loading  /home/jasencakova/dataset/cells/priamy_kanal/sim_2xKSin1_D_hct15_seed4_rigid31_1_from1190000cy/rbc117_sim_2xKSin1_D_hct15_seed4_rigid31_1_from1190000cy.dat
shape =  (8, 698)
698
loading  /home/jasencakova/dataset/cells/priamy_kanal/sim_2xKSin1_D_hct15_seed4_rigid31_1_from1190000cy/rbc118_sim_2xKSin1_D_hct15_seed4_rigid31_1_from1190000cy.dat
shape =  (8, 698)
698
loading  /home/jasencakova/dataset/cells/priamy_kanal/sim_2xKSin1_D_hct15_seed4_rigid31_1_from1190000cy/rbc119_sim_2xKSin1_D_hct15_seed4_rigid31_1_from1190000cy.dat
shape =  (8, 698)
698
loading  /home/jasencakova/dataset/cells/priamy_kanal/sim_2xKSin1_D_hct15_seed4_rigid31_1_from1190000cy/rbc120_sim_2xKSin1_D_hct15_seed4_rigid31_1_from1190000cy.dat
shape =  (8, 698)
698
loading  /home/jasencakova/dataset/cells/priamy_kanal/sim_2xKSin1_D_hct15_seed4_rigid31_1_from1190000cy/rbc121_sim_2xKSin1_D_hct15_seed4_rigid31_1_from1190000cy.dat
shape =  (8, 698)
698
loading  /home/jasencakova/dataset/cells/priamy_kanal/sim_2xKSin1_D_hct15_seed4_rigid31_1_from1190000cy/rbc122_sim_2xKSin1_D_hct15_seed4_rigid31_1_from1190000cy.dat
shape =  (8, 698)
698
loading  /home/jasencakova/dataset/cells/priamy_kanal/sim_2xKSin1_D_hct15_seed4_rigid31_1_from1190000cy/rbc123_sim_2xKSin1_D_hct15_seed4_rigid31_1_from1190000cy.dat
shape =  (8, 698)
698
loading  /home/jasencakova/dataset/cells/priamy_kanal/sim_2xKSin1_D_hct15_seed4_rigid31_1_from1190000cy/rbc124_sim_2xKSin1_D_hct15_seed4_rigid31_1_from1190000cy.dat
shape =  (8, 698)
698
loading  /home/jasencakova/dataset/cells/priamy_kanal/sim_2xKSin1_D_hct15_seed4_rigid31_1_from1190000cy/rbc125_sim_2xKSin1_D_hct15_seed4_rigid31_1_from1190000cy.dat
shape =  (8, 698)
698
loading  /home/jasencakova/dataset/cells/priamy_kanal/sim_2xKSin1_D_hct15_seed4_rigid31_1_from1190000cy/rbc126_sim_2xKSin1_D_hct15_seed4_rigid31_1_from1190000cy.dat
shape =  (8, 698)
698
loading  /home/jasencakova/dataset/cells/priamy_kanal/sim_2xKSin1_D_hct15_seed4_rigid31_1_from1190000cy/rbc127_sim_2xKSin1_D_hct15_seed4_rigid31_1_from1190000cy.dat
shape =  (8, 698)
698
loading  /home/jasencakova/dataset/cells/priamy_kanal/sim_2xKSin1_D_hct15_seed4_rigid31_1_from1190000cy/rbc128_sim_2xKSin1_D_hct15_seed4_rigid31_1_from1190000cy.dat
shape =  (8, 698)
698
loading  /home/jasencakova/dataset/cells/priamy_kanal/sim_2xKSin1_D_hct15_seed4_rigid31_1_from1190000cy/rbc129_sim_2xKSin1_D_hct15_seed4_rigid31_1_from1190000cy.dat
shape =  (8, 698)
698
loading  /home/jasencakova/dataset/cells/priamy_kanal/sim_2xKSin1_D_hct15_seed4_rigid31_1_from1190000cy/rbc130_sim_2xKSin1_D_hct15_seed4_rigid31_1_from1190000cy.dat
shape =  (8, 698)
698
loading  /home/jasencakova/dataset/cells/priamy_kanal/sim_2xKSin1_D_hct15_seed4_rigid31_1_from1190000cy/rbc131_sim_2xKSin1_D_hct15_seed4_rigid31_1_from1190000cy.dat
shape =  (8, 698)
698
loading  /home/jasencakova/dataset/cells/priamy_kanal/sim_2xKSin1_D_hct15_seed4_rigid31_1_from1190000cy/rbc132_sim_2xKSin1_D_hct15_seed4_rigid31_1_from1190000cy.dat
shape =  (8, 698)
698
loading  /home/jasencakova/dataset/cells/priamy_kanal/sim_2xKSin1_D_hct15_seed4_rigid31_1_from1190000cy/rbc133_sim_2xKSin1_D_hct15_seed4_rigid31_1_from1190000cy.dat
shape =  (8, 698)
698
loading  /home/jasencakova/dataset/cells/priamy_kanal/sim_2xKSin1_D_hct15_seed4_rigid31_1_from1190000cy/rbc134_sim_2xKSin1_D_hct15_seed4_rigid31_1_from1190000cy.dat
shape =  (8, 698)
698
loading  /home/jasencakova/dataset/cells/priamy_kanal/sim_2xKSin1_D_hct15_seed4_rigid31_1_from1190000cy/rbc135_sim_2xKSin1_D_hct15_seed4_rigid31_1_from1190000cy.dat
shape =  (8, 698)
698
loading  /home/jasencakova/dataset/cells/priamy_kanal/sim_2xKSin1_D_hct15_seed4_rigid31_1_from1190000cy/rbc136_sim_2xKSin1_D_hct15_seed4_rigid31_1_from1190000cy.dat
shape =  (8, 698)
698
loading  /home/jasencakova/dataset/cells/priamy_kanal/sim_2xKSin1_D_hct15_seed4_rigid31_1_from1190000cy/rbc137_sim_2xKSin1_D_hct15_seed4_rigid31_1_from1190000cy.dat
shape =  (8, 698)
698
loading  /home/jasencakova/dataset/cells/priamy_kanal/sim_2xKSin1_D_hct15_seed4_rigid31_1_from1190000cy/rbc138_sim_2xKSin1_D_hct15_seed4_rigid31_1_from1190000cy.dat
shape =  (8, 698)
698
loading  /home/jasencakova/dataset/cells/priamy_kanal/sim_2xKSin1_D_hct15_seed4_rigid31_1_from1190000cy/rbc139_sim_2xKSin1_D_hct15_seed4_rigid31_1_from1190000cy.dat
shape =  (8, 698)
698
loading  /home/jasencakova/dataset/cells/priamy_kanal/sim_2xKSin1_D_hct15_seed4_rigid31_1_from1190000cy/rbc140_sim_2xKSin1_D_hct15_seed4_rigid31_1_from1190000cy.dat
shape =  (8, 698)
698
loading  /home/jasencakova/dataset/cells/priamy_kanal/sim_2xKSin1_D_hct15_seed4_rigid31_1_from1190000cy/rbc141_sim_2xKSin1_D_hct15_seed4_rigid31_1_from1190000cy.dat
shape =  (8, 698)
698
loading  /home/jasencakova/dataset/cells/priamy_kanal/sim_2xKSin1_D_hct15_seed4_rigid31_1_from1190000cy/rbc142_sim_2xKSin1_D_hct15_seed4_rigid31_1_from1190000cy.dat
shape =  (8, 698)
698
loading  /home/jasencakova/dataset/cells/priamy_kanal/sim_2xKSin1_D_hct15_seed4_rigid31_1_from1190000cy/rbc143_sim_2xKSin1_D_hct15_seed4_rigid31_1_from1190000cy.dat
shape =  (8, 698)
698
loading  /home/jasencakova/dataset/cells/priamy_kanal/sim_2xKSin1_D_hct15_seed4_rigid31_1_from1190000cy/rbc144_sim_2xKSin1_D_hct15_seed4_rigid31_1_from1190000cy.dat
shape =  (8, 698)
698
loading  /home/jasencakova/dataset/cells/priamy_kanal/sim_2xKSin1_D_hct15_seed4_rigid31_1_from1190000cy/rbc145_sim_2xKSin1_D_hct15_seed4_rigid31_1_from1190000cy.dat
shape =  (8, 698)
698
loading  /home/jasencakova/dataset/cells/priamy_kanal/sim_2xKSin1_D_hct15_seed4_rigid31_1_from1190000cy/rbc146_sim_2xKSin1_D_hct15_seed4_rigid31_1_from1190000cy.dat
shape =  (8, 698)
698
loading  /home/jasencakova/dataset/cells/priamy_kanal/sim_2xKSin1_D_hct15_seed4_rigid31_1_from1190000cy/rbc147_sim_2xKSin1_D_hct15_seed4_rigid31_1_from1190000cy.dat
shape =  (8, 698)
698
loading  /home/jasencakova/dataset/cells/priamy_kanal/sim_2xKSin1_D_hct15_seed4_rigid31_1_from1190000cy/rbc148_sim_2xKSin1_D_hct15_seed4_rigid31_1_from1190000cy.dat
shape =  (8, 698)
698
loading  /home/jasencakova/dataset/cells/priamy_kanal/sim_2xKSin1_D_hct15_seed4_rigid31_1_from1190000cy/rbc149_sim_2xKSin1_D_hct15_seed4_rigid31_1_from1190000cy.dat
shape =  (8, 698)
698
loading  /home/jasencakova/dataset/cells/priamy_kanal/sim_2xKSin1_D_hct15_seed4_rigid31_1_from1190000cy/rbc150_sim_2xKSin1_D_hct15_seed4_rigid31_1_from1190000cy.dat
shape =  (8, 698)
698
loading  /home/jasencakova/dataset/cells/priamy_kanal/sim_2xKSin1_D_hct15_seed4_rigid31_1_from1190000cy/rbc151_sim_2xKSin1_D_hct15_seed4_rigid31_1_from1190000cy.dat
shape =  (8, 698)
698
loading  /home/jasencakova/dataset/cells/priamy_kanal/sim_2xKSin1_D_hct15_seed4_rigid31_1_from1190000cy/rbc152_sim_2xKSin1_D_hct15_seed4_rigid31_1_from1190000cy.dat
shape =  (8, 698)
698
loading  /home/jasencakova/dataset/cells/priamy_kanal/sim_2xKSin1_D_hct15_seed4_rigid31_1_from1190000cy/rbc153_sim_2xKSin1_D_hct15_seed4_rigid31_1_from1190000cy.dat
shape =  (8, 698)
698
shortest_length =  698
data_shape      =  (154, 698, 8)








dataset summary : 

training_dats shape    =  (154, 706, 8)
testing_dats shape    =  (154, 698, 8)
training_count  =  10981124
testing_count   =  107492
channels_count  =  8
sequence_length =  128
classes_count   =   2
batch(32) tensor shape =  torch.Size([32, 8, 128]) torch.Size([32, 2])





model
Sequential(
  (0): Conv1d(8, 32, kernel_size=(3,), stride=(2,), padding=(1,))
  (1): ReLU()
  (2): Dropout(p=0.01, inplace=False)
  (3): Conv1d(32, 64, kernel_size=(3,), stride=(2,), padding=(1,))
  (4): ReLU()
  (5): Dropout(p=0.01, inplace=False)
  (6): Conv1d(64, 64, kernel_size=(3,), stride=(2,), padding=(1,))
  (7): ReLU()
  (8): Dropout(p=0.01, inplace=False)
  (9): Conv1d(64, 128, kernel_size=(3,), stride=(2,), padding=(1,))
  (10): ReLU()
  (11): Dropout(p=0.01, inplace=False)
  (12): Flatten()
  (13): Linear(in_features=1024, out_features=2, bias=True)
)



0 76.5214668908523 87.24981398809524 0.15762256 0.10954143 0.045770824 0.008931357 42.65 





=================================================
new best net in 0
TRAINING result
accuracy   = 76.521 [%]
hit_count  = 8403110
miss_count = 2578266

class_accuracy = 66.042%   83.59%   


confusion_matrix = 
2921240	 1076175	 
1502091	 5481870	 



TESTING result
accuracy   = 87.25 [%]
hit_count  = 93811
miss_count = 13709

class_accuracy = 86.122%   91.704%   


confusion_matrix = 
73924	 1798	 
11911	 19887	 




1 90.14613469204588 89.09784226190476 0.08490995 0.094886936 0.009862842 0.009261653 42.36 





=================================================
new best net in 1
TRAINING result
accuracy   = 90.146 [%]
hit_count  = 9899286
miss_count = 1082090

class_accuracy = 90.933%   89.616%   


confusion_matrix = 
4020210	 681229	 
400861	 5879076	 



TESTING result
accuracy   = 89.098 [%]
hit_count  = 95798
miss_count = 11722

class_accuracy = 88.168%   92.784%   


confusion_matrix = 
75738	 1559	 
10163	 20060	 




2 93.26788373333179 91.51227678571429 0.06556432 0.07735988 0.010315135 0.008052241 42.03 





=================================================
new best net in 2
TRAINING result
accuracy   = 93.268 [%]
hit_count  = 10242097
miss_count = 739279

class_accuracy = 94.338%   92.547%   


confusion_matrix = 
4169532	 489027	 
250252	 6072565	 



TESTING result
accuracy   = 91.512 [%]
hit_count  = 98394
miss_count = 9126

class_accuracy = 90.349%   96.164%   


confusion_matrix = 
77737	 823	 
8303	 20657	 




3 98.11506317605371 97.02380952380952 0.034248747 0.042951312 0.009565111 0.0054464145 41.7 





=================================================
new best net in 3
TRAINING result
accuracy   = 98.115 [%]
hit_count  = 10774384
miss_count = 206992

class_accuracy = 98.222%   98.043%   


confusion_matrix = 
4342004	 128400	 
78592	 6432380	 



TESTING result
accuracy   = 97.024 [%]
hit_count  = 104320
miss_count = 3200

class_accuracy = 96.536%   98.938%   


confusion_matrix = 
82797	 230	 
2970	 21523	 




4 99.93882369568259 99.68098958333333 0.010920344 0.0098759625 0.004794792 0.0018171922 41.29 





=================================================
new best net in 4
TRAINING result
accuracy   = 99.939 [%]
hit_count  = 10974658
miss_count = 6718

class_accuracy = 99.926%   99.948%   


confusion_matrix = 
4418490	 3430	 
3288	 6556168	 



TESTING result
accuracy   = 99.681 [%]
hit_count  = 107177
miss_count = 343

class_accuracy = 99.602%   99.986%   


confusion_matrix = 
85606	 2	 
341	 21571	 




5 99.99845192442186 99.94791666666667 0.0017246583 0.0031937333 0.0011042003 0.00094856415 40.95 





=================================================
new best net in 5
TRAINING result
accuracy   = 99.998 [%]
hit_count  = 10981206
miss_count = 170

class_accuracy = 99.999%   99.998%   


confusion_matrix = 
4422525	 117	 
53	 6558681	 



TESTING result
accuracy   = 99.948 [%]
hit_count  = 107464
miss_count = 56

class_accuracy = 99.934%   99.995%   


confusion_matrix = 
85870	 0	 
56	 21594	 




6 99.9989163470953 99.95628720238095 0.00048809592 0.0024353368 0.00051707914 0.00088922126 40.59 





=================================================
new best net in 6
TRAINING result
accuracy   = 99.999 [%]
hit_count  = 10981257
miss_count = 119

class_accuracy = 99.999%   99.999%   


confusion_matrix = 
4419889	 57	 
62	 6561368	 



TESTING result
accuracy   = 99.956 [%]
hit_count  = 107473
miss_count = 47

class_accuracy = 99.944%   99.995%   


confusion_matrix = 
86018	 0	 
47	 21455	 



