loading  /home/jasencakova/dataset/cells/priamy_kanal/sim_2xKSin1_D_hct15_seed4_rigid62_1/rbc0_sim_2xKSin1_D_hct15_seed4_rigid62_1.dat
shape =  (8, 189)
189
loading  /home/jasencakova/dataset/cells/priamy_kanal/sim_2xKSin1_D_hct15_seed4_rigid62_1/rbc1_sim_2xKSin1_D_hct15_seed4_rigid62_1.dat
shape =  (8, 189)
189
loading  /home/jasencakova/dataset/cells/priamy_kanal/sim_2xKSin1_D_hct15_seed4_rigid62_1/rbc2_sim_2xKSin1_D_hct15_seed4_rigid62_1.dat
shape =  (8, 189)
189
loading  /home/jasencakova/dataset/cells/priamy_kanal/sim_2xKSin1_D_hct15_seed4_rigid62_1/rbc3_sim_2xKSin1_D_hct15_seed4_rigid62_1.dat
shape =  (8, 189)
189
loading  /home/jasencakova/dataset/cells/priamy_kanal/sim_2xKSin1_D_hct15_seed4_rigid62_1/rbc4_sim_2xKSin1_D_hct15_seed4_rigid62_1.dat
shape =  (8, 189)
189
loading  /home/jasencakova/dataset/cells/priamy_kanal/sim_2xKSin1_D_hct15_seed4_rigid62_1/rbc5_sim_2xKSin1_D_hct15_seed4_rigid62_1.dat
shape =  (8, 189)
189
loading  /home/jasencakova/dataset/cells/priamy_kanal/sim_2xKSin1_D_hct15_seed4_rigid62_1/rbc6_sim_2xKSin1_D_hct15_seed4_rigid62_1.dat
shape =  (8, 189)
189
loading  /home/jasencakova/dataset/cells/priamy_kanal/sim_2xKSin1_D_hct15_seed4_rigid62_1/rbc7_sim_2xKSin1_D_hct15_seed4_rigid62_1.dat
shape =  (8, 189)
189
loading  /home/jasencakova/dataset/cells/priamy_kanal/sim_2xKSin1_D_hct15_seed4_rigid62_1/rbc8_sim_2xKSin1_D_hct15_seed4_rigid62_1.dat
shape =  (8, 189)
189
loading  /home/jasencakova/dataset/cells/priamy_kanal/sim_2xKSin1_D_hct15_seed4_rigid62_1/rbc9_sim_2xKSin1_D_hct15_seed4_rigid62_1.dat
shape =  (8, 189)
189
loading  /home/jasencakova/dataset/cells/priamy_kanal/sim_2xKSin1_D_hct15_seed4_rigid62_1/rbc10_sim_2xKSin1_D_hct15_seed4_rigid62_1.dat
shape =  (8, 189)
189
loading  /home/jasencakova/dataset/cells/priamy_kanal/sim_2xKSin1_D_hct15_seed4_rigid62_1/rbc11_sim_2xKSin1_D_hct15_seed4_rigid62_1.dat
shape =  (8, 189)
189
loading  /home/jasencakova/dataset/cells/priamy_kanal/sim_2xKSin1_D_hct15_seed4_rigid62_1/rbc12_sim_2xKSin1_D_hct15_seed4_rigid62_1.dat
shape =  (8, 189)
189
loading  /home/jasencakova/dataset/cells/priamy_kanal/sim_2xKSin1_D_hct15_seed4_rigid62_1/rbc13_sim_2xKSin1_D_hct15_seed4_rigid62_1.dat
shape =  (8, 189)
189
loading  /home/jasencakova/dataset/cells/priamy_kanal/sim_2xKSin1_D_hct15_seed4_rigid62_1/rbc14_sim_2xKSin1_D_hct15_seed4_rigid62_1.dat
shape =  (8, 189)
189
loading  /home/jasencakova/dataset/cells/priamy_kanal/sim_2xKSin1_D_hct15_seed4_rigid62_1/rbc15_sim_2xKSin1_D_hct15_seed4_rigid62_1.dat
shape =  (8, 189)
189
loading  /home/jasencakova/dataset/cells/priamy_kanal/sim_2xKSin1_D_hct15_seed4_rigid62_1/rbc16_sim_2xKSin1_D_hct15_seed4_rigid62_1.dat
shape =  (8, 189)
189
loading  /home/jasencakova/dataset/cells/priamy_kanal/sim_2xKSin1_D_hct15_seed4_rigid62_1/rbc17_sim_2xKSin1_D_hct15_seed4_rigid62_1.dat
shape =  (8, 189)
189
loading  /home/jasencakova/dataset/cells/priamy_kanal/sim_2xKSin1_D_hct15_seed4_rigid62_1/rbc18_sim_2xKSin1_D_hct15_seed4_rigid62_1.dat
shape =  (8, 189)
189
loading  /home/jasencakova/dataset/cells/priamy_kanal/sim_2xKSin1_D_hct15_seed4_rigid62_1/rbc19_sim_2xKSin1_D_hct15_seed4_rigid62_1.dat
shape =  (8, 189)
189
loading  /home/jasencakova/dataset/cells/priamy_kanal/sim_2xKSin1_D_hct15_seed4_rigid62_1/rbc20_sim_2xKSin1_D_hct15_seed4_rigid62_1.dat
shape =  (8, 189)
189
loading  /home/jasencakova/dataset/cells/priamy_kanal/sim_2xKSin1_D_hct15_seed4_rigid62_1/rbc21_sim_2xKSin1_D_hct15_seed4_rigid62_1.dat
shape =  (8, 189)
189
loading  /home/jasencakova/dataset/cells/priamy_kanal/sim_2xKSin1_D_hct15_seed4_rigid62_1/rbc22_sim_2xKSin1_D_hct15_seed4_rigid62_1.dat
shape =  (8, 189)
189
loading  /home/jasencakova/dataset/cells/priamy_kanal/sim_2xKSin1_D_hct15_seed4_rigid62_1/rbc23_sim_2xKSin1_D_hct15_seed4_rigid62_1.dat
shape =  (8, 189)
189
loading  /home/jasencakova/dataset/cells/priamy_kanal/sim_2xKSin1_D_hct15_seed4_rigid62_1/rbc24_sim_2xKSin1_D_hct15_seed4_rigid62_1.dat
shape =  (8, 189)
189
loading  /home/jasencakova/dataset/cells/priamy_kanal/sim_2xKSin1_D_hct15_seed4_rigid62_1/rbc25_sim_2xKSin1_D_hct15_seed4_rigid62_1.dat
shape =  (8, 189)
189
loading  /home/jasencakova/dataset/cells/priamy_kanal/sim_2xKSin1_D_hct15_seed4_rigid62_1/rbc26_sim_2xKSin1_D_hct15_seed4_rigid62_1.dat
shape =  (8, 189)
189
loading  /home/jasencakova/dataset/cells/priamy_kanal/sim_2xKSin1_D_hct15_seed4_rigid62_1/rbc27_sim_2xKSin1_D_hct15_seed4_rigid62_1.dat
shape =  (8, 189)
189
loading  /home/jasencakova/dataset/cells/priamy_kanal/sim_2xKSin1_D_hct15_seed4_rigid62_1/rbc28_sim_2xKSin1_D_hct15_seed4_rigid62_1.dat
shape =  (8, 189)
189
loading  /home/jasencakova/dataset/cells/priamy_kanal/sim_2xKSin1_D_hct15_seed4_rigid62_1/rbc29_sim_2xKSin1_D_hct15_seed4_rigid62_1.dat
shape =  (8, 189)
189
loading  /home/jasencakova/dataset/cells/priamy_kanal/sim_2xKSin1_D_hct15_seed4_rigid62_1/rbc30_sim_2xKSin1_D_hct15_seed4_rigid62_1.dat
shape =  (8, 189)
189
loading  /home/jasencakova/dataset/cells/priamy_kanal/sim_2xKSin1_D_hct15_seed4_rigid62_1/rbc31_sim_2xKSin1_D_hct15_seed4_rigid62_1.dat
shape =  (8, 189)
189
loading  /home/jasencakova/dataset/cells/priamy_kanal/sim_2xKSin1_D_hct15_seed4_rigid62_1/rbc32_sim_2xKSin1_D_hct15_seed4_rigid62_1.dat
shape =  (8, 189)
189
loading  /home/jasencakova/dataset/cells/priamy_kanal/sim_2xKSin1_D_hct15_seed4_rigid62_1/rbc33_sim_2xKSin1_D_hct15_seed4_rigid62_1.dat
shape =  (8, 189)
189
loading  /home/jasencakova/dataset/cells/priamy_kanal/sim_2xKSin1_D_hct15_seed4_rigid62_1/rbc34_sim_2xKSin1_D_hct15_seed4_rigid62_1.dat
shape =  (8, 189)
189
loading  /home/jasencakova/dataset/cells/priamy_kanal/sim_2xKSin1_D_hct15_seed4_rigid62_1/rbc35_sim_2xKSin1_D_hct15_seed4_rigid62_1.dat
shape =  (8, 189)
189
loading  /home/jasencakova/dataset/cells/priamy_kanal/sim_2xKSin1_D_hct15_seed4_rigid62_1/rbc36_sim_2xKSin1_D_hct15_seed4_rigid62_1.dat
shape =  (8, 189)
189
loading  /home/jasencakova/dataset/cells/priamy_kanal/sim_2xKSin1_D_hct15_seed4_rigid62_1/rbc37_sim_2xKSin1_D_hct15_seed4_rigid62_1.dat
shape =  (8, 189)
189
loading  /home/jasencakova/dataset/cells/priamy_kanal/sim_2xKSin1_D_hct15_seed4_rigid62_1/rbc38_sim_2xKSin1_D_hct15_seed4_rigid62_1.dat
shape =  (8, 189)
189
loading  /home/jasencakova/dataset/cells/priamy_kanal/sim_2xKSin1_D_hct15_seed4_rigid62_1/rbc39_sim_2xKSin1_D_hct15_seed4_rigid62_1.dat
shape =  (8, 189)
189
loading  /home/jasencakova/dataset/cells/priamy_kanal/sim_2xKSin1_D_hct15_seed4_rigid62_1/rbc40_sim_2xKSin1_D_hct15_seed4_rigid62_1.dat
shape =  (8, 189)
189
loading  /home/jasencakova/dataset/cells/priamy_kanal/sim_2xKSin1_D_hct15_seed4_rigid62_1/rbc41_sim_2xKSin1_D_hct15_seed4_rigid62_1.dat
shape =  (8, 189)
189
loading  /home/jasencakova/dataset/cells/priamy_kanal/sim_2xKSin1_D_hct15_seed4_rigid62_1/rbc42_sim_2xKSin1_D_hct15_seed4_rigid62_1.dat
shape =  (8, 189)
189
loading  /home/jasencakova/dataset/cells/priamy_kanal/sim_2xKSin1_D_hct15_seed4_rigid62_1/rbc43_sim_2xKSin1_D_hct15_seed4_rigid62_1.dat
shape =  (8, 189)
189
loading  /home/jasencakova/dataset/cells/priamy_kanal/sim_2xKSin1_D_hct15_seed4_rigid62_1/rbc44_sim_2xKSin1_D_hct15_seed4_rigid62_1.dat
shape =  (8, 189)
189
loading  /home/jasencakova/dataset/cells/priamy_kanal/sim_2xKSin1_D_hct15_seed4_rigid62_1/rbc45_sim_2xKSin1_D_hct15_seed4_rigid62_1.dat
shape =  (8, 189)
189
loading  /home/jasencakova/dataset/cells/priamy_kanal/sim_2xKSin1_D_hct15_seed4_rigid62_1/rbc46_sim_2xKSin1_D_hct15_seed4_rigid62_1.dat
shape =  (8, 189)
189
loading  /home/jasencakova/dataset/cells/priamy_kanal/sim_2xKSin1_D_hct15_seed4_rigid62_1/rbc47_sim_2xKSin1_D_hct15_seed4_rigid62_1.dat
shape =  (8, 189)
189
loading  /home/jasencakova/dataset/cells/priamy_kanal/sim_2xKSin1_D_hct15_seed4_rigid62_1/rbc48_sim_2xKSin1_D_hct15_seed4_rigid62_1.dat
shape =  (8, 189)
189
loading  /home/jasencakova/dataset/cells/priamy_kanal/sim_2xKSin1_D_hct15_seed4_rigid62_1/rbc49_sim_2xKSin1_D_hct15_seed4_rigid62_1.dat
shape =  (8, 189)
189
loading  /home/jasencakova/dataset/cells/priamy_kanal/sim_2xKSin1_D_hct15_seed4_rigid62_1/rbc50_sim_2xKSin1_D_hct15_seed4_rigid62_1.dat
shape =  (8, 189)
189
loading  /home/jasencakova/dataset/cells/priamy_kanal/sim_2xKSin1_D_hct15_seed4_rigid62_1/rbc51_sim_2xKSin1_D_hct15_seed4_rigid62_1.dat
shape =  (8, 189)
189
loading  /home/jasencakova/dataset/cells/priamy_kanal/sim_2xKSin1_D_hct15_seed4_rigid62_1/rbc52_sim_2xKSin1_D_hct15_seed4_rigid62_1.dat
shape =  (8, 189)
189
loading  /home/jasencakova/dataset/cells/priamy_kanal/sim_2xKSin1_D_hct15_seed4_rigid62_1/rbc53_sim_2xKSin1_D_hct15_seed4_rigid62_1.dat
shape =  (8, 189)
189
loading  /home/jasencakova/dataset/cells/priamy_kanal/sim_2xKSin1_D_hct15_seed4_rigid62_1/rbc54_sim_2xKSin1_D_hct15_seed4_rigid62_1.dat
shape =  (8, 189)
189
loading  /home/jasencakova/dataset/cells/priamy_kanal/sim_2xKSin1_D_hct15_seed4_rigid62_1/rbc55_sim_2xKSin1_D_hct15_seed4_rigid62_1.dat
shape =  (8, 189)
189
loading  /home/jasencakova/dataset/cells/priamy_kanal/sim_2xKSin1_D_hct15_seed4_rigid62_1/rbc56_sim_2xKSin1_D_hct15_seed4_rigid62_1.dat
shape =  (8, 189)
189
loading  /home/jasencakova/dataset/cells/priamy_kanal/sim_2xKSin1_D_hct15_seed4_rigid62_1/rbc57_sim_2xKSin1_D_hct15_seed4_rigid62_1.dat
shape =  (8, 189)
189
loading  /home/jasencakova/dataset/cells/priamy_kanal/sim_2xKSin1_D_hct15_seed4_rigid62_1/rbc58_sim_2xKSin1_D_hct15_seed4_rigid62_1.dat
shape =  (8, 189)
189
loading  /home/jasencakova/dataset/cells/priamy_kanal/sim_2xKSin1_D_hct15_seed4_rigid62_1/rbc59_sim_2xKSin1_D_hct15_seed4_rigid62_1.dat
shape =  (8, 189)
189
loading  /home/jasencakova/dataset/cells/priamy_kanal/sim_2xKSin1_D_hct15_seed4_rigid62_1/rbc60_sim_2xKSin1_D_hct15_seed4_rigid62_1.dat
shape =  (8, 189)
189
loading  /home/jasencakova/dataset/cells/priamy_kanal/sim_2xKSin1_D_hct15_seed4_rigid62_1/rbc61_sim_2xKSin1_D_hct15_seed4_rigid62_1.dat
shape =  (8, 189)
189
loading  /home/jasencakova/dataset/cells/priamy_kanal/sim_2xKSin1_D_hct15_seed4_rigid62_1/rbc62_sim_2xKSin1_D_hct15_seed4_rigid62_1.dat
shape =  (8, 189)
189
loading  /home/jasencakova/dataset/cells/priamy_kanal/sim_2xKSin1_D_hct15_seed4_rigid62_1/rbc63_sim_2xKSin1_D_hct15_seed4_rigid62_1.dat
shape =  (8, 189)
189
loading  /home/jasencakova/dataset/cells/priamy_kanal/sim_2xKSin1_D_hct15_seed4_rigid62_1/rbc64_sim_2xKSin1_D_hct15_seed4_rigid62_1.dat
shape =  (8, 189)
189
loading  /home/jasencakova/dataset/cells/priamy_kanal/sim_2xKSin1_D_hct15_seed4_rigid62_1/rbc65_sim_2xKSin1_D_hct15_seed4_rigid62_1.dat
shape =  (8, 189)
189
loading  /home/jasencakova/dataset/cells/priamy_kanal/sim_2xKSin1_D_hct15_seed4_rigid62_1/rbc66_sim_2xKSin1_D_hct15_seed4_rigid62_1.dat
shape =  (8, 189)
189
loading  /home/jasencakova/dataset/cells/priamy_kanal/sim_2xKSin1_D_hct15_seed4_rigid62_1/rbc67_sim_2xKSin1_D_hct15_seed4_rigid62_1.dat
shape =  (8, 189)
189
loading  /home/jasencakova/dataset/cells/priamy_kanal/sim_2xKSin1_D_hct15_seed4_rigid62_1/rbc68_sim_2xKSin1_D_hct15_seed4_rigid62_1.dat
shape =  (8, 189)
189
loading  /home/jasencakova/dataset/cells/priamy_kanal/sim_2xKSin1_D_hct15_seed4_rigid62_1/rbc69_sim_2xKSin1_D_hct15_seed4_rigid62_1.dat
shape =  (8, 189)
189
loading  /home/jasencakova/dataset/cells/priamy_kanal/sim_2xKSin1_D_hct15_seed4_rigid62_1/rbc70_sim_2xKSin1_D_hct15_seed4_rigid62_1.dat
shape =  (8, 189)
189
loading  /home/jasencakova/dataset/cells/priamy_kanal/sim_2xKSin1_D_hct15_seed4_rigid62_1/rbc71_sim_2xKSin1_D_hct15_seed4_rigid62_1.dat
shape =  (8, 189)
189
loading  /home/jasencakova/dataset/cells/priamy_kanal/sim_2xKSin1_D_hct15_seed4_rigid62_1/rbc72_sim_2xKSin1_D_hct15_seed4_rigid62_1.dat
shape =  (8, 189)
189
loading  /home/jasencakova/dataset/cells/priamy_kanal/sim_2xKSin1_D_hct15_seed4_rigid62_1/rbc73_sim_2xKSin1_D_hct15_seed4_rigid62_1.dat
shape =  (8, 189)
189
loading  /home/jasencakova/dataset/cells/priamy_kanal/sim_2xKSin1_D_hct15_seed4_rigid62_1/rbc74_sim_2xKSin1_D_hct15_seed4_rigid62_1.dat
shape =  (8, 189)
189
loading  /home/jasencakova/dataset/cells/priamy_kanal/sim_2xKSin1_D_hct15_seed4_rigid62_1/rbc75_sim_2xKSin1_D_hct15_seed4_rigid62_1.dat
shape =  (8, 189)
189
loading  /home/jasencakova/dataset/cells/priamy_kanal/sim_2xKSin1_D_hct15_seed4_rigid62_1/rbc76_sim_2xKSin1_D_hct15_seed4_rigid62_1.dat
shape =  (8, 189)
189
loading  /home/jasencakova/dataset/cells/priamy_kanal/sim_2xKSin1_D_hct15_seed4_rigid62_1/rbc77_sim_2xKSin1_D_hct15_seed4_rigid62_1.dat
shape =  (8, 189)
189
loading  /home/jasencakova/dataset/cells/priamy_kanal/sim_2xKSin1_D_hct15_seed4_rigid62_1/rbc78_sim_2xKSin1_D_hct15_seed4_rigid62_1.dat
shape =  (8, 189)
189
loading  /home/jasencakova/dataset/cells/priamy_kanal/sim_2xKSin1_D_hct15_seed4_rigid62_1/rbc79_sim_2xKSin1_D_hct15_seed4_rigid62_1.dat
shape =  (8, 189)
189
loading  /home/jasencakova/dataset/cells/priamy_kanal/sim_2xKSin1_D_hct15_seed4_rigid62_1/rbc80_sim_2xKSin1_D_hct15_seed4_rigid62_1.dat
shape =  (8, 189)
189
loading  /home/jasencakova/dataset/cells/priamy_kanal/sim_2xKSin1_D_hct15_seed4_rigid62_1/rbc81_sim_2xKSin1_D_hct15_seed4_rigid62_1.dat
shape =  (8, 189)
189
loading  /home/jasencakova/dataset/cells/priamy_kanal/sim_2xKSin1_D_hct15_seed4_rigid62_1/rbc82_sim_2xKSin1_D_hct15_seed4_rigid62_1.dat
shape =  (8, 189)
189
loading  /home/jasencakova/dataset/cells/priamy_kanal/sim_2xKSin1_D_hct15_seed4_rigid62_1/rbc83_sim_2xKSin1_D_hct15_seed4_rigid62_1.dat
shape =  (8, 189)
189
loading  /home/jasencakova/dataset/cells/priamy_kanal/sim_2xKSin1_D_hct15_seed4_rigid62_1/rbc84_sim_2xKSin1_D_hct15_seed4_rigid62_1.dat
shape =  (8, 189)
189
loading  /home/jasencakova/dataset/cells/priamy_kanal/sim_2xKSin1_D_hct15_seed4_rigid62_1/rbc85_sim_2xKSin1_D_hct15_seed4_rigid62_1.dat
shape =  (8, 189)
189
loading  /home/jasencakova/dataset/cells/priamy_kanal/sim_2xKSin1_D_hct15_seed4_rigid62_1/rbc86_sim_2xKSin1_D_hct15_seed4_rigid62_1.dat
shape =  (8, 189)
189
loading  /home/jasencakova/dataset/cells/priamy_kanal/sim_2xKSin1_D_hct15_seed4_rigid62_1/rbc87_sim_2xKSin1_D_hct15_seed4_rigid62_1.dat
shape =  (8, 189)
189
loading  /home/jasencakova/dataset/cells/priamy_kanal/sim_2xKSin1_D_hct15_seed4_rigid62_1/rbc88_sim_2xKSin1_D_hct15_seed4_rigid62_1.dat
shape =  (8, 189)
189
loading  /home/jasencakova/dataset/cells/priamy_kanal/sim_2xKSin1_D_hct15_seed4_rigid62_1/rbc89_sim_2xKSin1_D_hct15_seed4_rigid62_1.dat
shape =  (8, 189)
189
loading  /home/jasencakova/dataset/cells/priamy_kanal/sim_2xKSin1_D_hct15_seed4_rigid62_1/rbc90_sim_2xKSin1_D_hct15_seed4_rigid62_1.dat
shape =  (8, 189)
189
loading  /home/jasencakova/dataset/cells/priamy_kanal/sim_2xKSin1_D_hct15_seed4_rigid62_1/rbc91_sim_2xKSin1_D_hct15_seed4_rigid62_1.dat
shape =  (8, 189)
189
loading  /home/jasencakova/dataset/cells/priamy_kanal/sim_2xKSin1_D_hct15_seed4_rigid62_1/rbc92_sim_2xKSin1_D_hct15_seed4_rigid62_1.dat
shape =  (8, 189)
189
loading  /home/jasencakova/dataset/cells/priamy_kanal/sim_2xKSin1_D_hct15_seed4_rigid62_1/rbc93_sim_2xKSin1_D_hct15_seed4_rigid62_1.dat
shape =  (8, 189)
189
loading  /home/jasencakova/dataset/cells/priamy_kanal/sim_2xKSin1_D_hct15_seed4_rigid62_1/rbc94_sim_2xKSin1_D_hct15_seed4_rigid62_1.dat
shape =  (8, 189)
189
loading  /home/jasencakova/dataset/cells/priamy_kanal/sim_2xKSin1_D_hct15_seed4_rigid62_1/rbc95_sim_2xKSin1_D_hct15_seed4_rigid62_1.dat
shape =  (8, 189)
189
loading  /home/jasencakova/dataset/cells/priamy_kanal/sim_2xKSin1_D_hct15_seed4_rigid62_1/rbc96_sim_2xKSin1_D_hct15_seed4_rigid62_1.dat
shape =  (8, 189)
189
loading  /home/jasencakova/dataset/cells/priamy_kanal/sim_2xKSin1_D_hct15_seed4_rigid62_1/rbc97_sim_2xKSin1_D_hct15_seed4_rigid62_1.dat
shape =  (8, 189)
189
loading  /home/jasencakova/dataset/cells/priamy_kanal/sim_2xKSin1_D_hct15_seed4_rigid62_1/rbc98_sim_2xKSin1_D_hct15_seed4_rigid62_1.dat
shape =  (8, 189)
189
loading  /home/jasencakova/dataset/cells/priamy_kanal/sim_2xKSin1_D_hct15_seed4_rigid62_1/rbc99_sim_2xKSin1_D_hct15_seed4_rigid62_1.dat
shape =  (8, 189)
189
loading  /home/jasencakova/dataset/cells/priamy_kanal/sim_2xKSin1_D_hct15_seed4_rigid62_1/rbc100_sim_2xKSin1_D_hct15_seed4_rigid62_1.dat
shape =  (8, 189)
189
loading  /home/jasencakova/dataset/cells/priamy_kanal/sim_2xKSin1_D_hct15_seed4_rigid62_1/rbc101_sim_2xKSin1_D_hct15_seed4_rigid62_1.dat
shape =  (8, 189)
189
loading  /home/jasencakova/dataset/cells/priamy_kanal/sim_2xKSin1_D_hct15_seed4_rigid62_1/rbc102_sim_2xKSin1_D_hct15_seed4_rigid62_1.dat
shape =  (8, 189)
189
loading  /home/jasencakova/dataset/cells/priamy_kanal/sim_2xKSin1_D_hct15_seed4_rigid62_1/rbc103_sim_2xKSin1_D_hct15_seed4_rigid62_1.dat
shape =  (8, 189)
189
loading  /home/jasencakova/dataset/cells/priamy_kanal/sim_2xKSin1_D_hct15_seed4_rigid62_1/rbc104_sim_2xKSin1_D_hct15_seed4_rigid62_1.dat
shape =  (8, 189)
189
loading  /home/jasencakova/dataset/cells/priamy_kanal/sim_2xKSin1_D_hct15_seed4_rigid62_1/rbc105_sim_2xKSin1_D_hct15_seed4_rigid62_1.dat
shape =  (8, 189)
189
loading  /home/jasencakova/dataset/cells/priamy_kanal/sim_2xKSin1_D_hct15_seed4_rigid62_1/rbc106_sim_2xKSin1_D_hct15_seed4_rigid62_1.dat
shape =  (8, 189)
189
loading  /home/jasencakova/dataset/cells/priamy_kanal/sim_2xKSin1_D_hct15_seed4_rigid62_1/rbc107_sim_2xKSin1_D_hct15_seed4_rigid62_1.dat
shape =  (8, 189)
189
loading  /home/jasencakova/dataset/cells/priamy_kanal/sim_2xKSin1_D_hct15_seed4_rigid62_1/rbc108_sim_2xKSin1_D_hct15_seed4_rigid62_1.dat
shape =  (8, 189)
189
loading  /home/jasencakova/dataset/cells/priamy_kanal/sim_2xKSin1_D_hct15_seed4_rigid62_1/rbc109_sim_2xKSin1_D_hct15_seed4_rigid62_1.dat
shape =  (8, 189)
189
loading  /home/jasencakova/dataset/cells/priamy_kanal/sim_2xKSin1_D_hct15_seed4_rigid62_1/rbc110_sim_2xKSin1_D_hct15_seed4_rigid62_1.dat
shape =  (8, 189)
189
loading  /home/jasencakova/dataset/cells/priamy_kanal/sim_2xKSin1_D_hct15_seed4_rigid62_1/rbc111_sim_2xKSin1_D_hct15_seed4_rigid62_1.dat
shape =  (8, 189)
189
loading  /home/jasencakova/dataset/cells/priamy_kanal/sim_2xKSin1_D_hct15_seed4_rigid62_1/rbc112_sim_2xKSin1_D_hct15_seed4_rigid62_1.dat
shape =  (8, 189)
189
loading  /home/jasencakova/dataset/cells/priamy_kanal/sim_2xKSin1_D_hct15_seed4_rigid62_1/rbc113_sim_2xKSin1_D_hct15_seed4_rigid62_1.dat
shape =  (8, 189)
189
loading  /home/jasencakova/dataset/cells/priamy_kanal/sim_2xKSin1_D_hct15_seed4_rigid62_1/rbc114_sim_2xKSin1_D_hct15_seed4_rigid62_1.dat
shape =  (8, 189)
189
loading  /home/jasencakova/dataset/cells/priamy_kanal/sim_2xKSin1_D_hct15_seed4_rigid62_1/rbc115_sim_2xKSin1_D_hct15_seed4_rigid62_1.dat
shape =  (8, 189)
189
loading  /home/jasencakova/dataset/cells/priamy_kanal/sim_2xKSin1_D_hct15_seed4_rigid62_1/rbc116_sim_2xKSin1_D_hct15_seed4_rigid62_1.dat
shape =  (8, 189)
189
loading  /home/jasencakova/dataset/cells/priamy_kanal/sim_2xKSin1_D_hct15_seed4_rigid62_1/rbc117_sim_2xKSin1_D_hct15_seed4_rigid62_1.dat
shape =  (8, 189)
189
loading  /home/jasencakova/dataset/cells/priamy_kanal/sim_2xKSin1_D_hct15_seed4_rigid62_1/rbc118_sim_2xKSin1_D_hct15_seed4_rigid62_1.dat
shape =  (8, 189)
189
loading  /home/jasencakova/dataset/cells/priamy_kanal/sim_2xKSin1_D_hct15_seed4_rigid62_1/rbc119_sim_2xKSin1_D_hct15_seed4_rigid62_1.dat
shape =  (8, 189)
189
loading  /home/jasencakova/dataset/cells/priamy_kanal/sim_2xKSin1_D_hct15_seed4_rigid62_1/rbc120_sim_2xKSin1_D_hct15_seed4_rigid62_1.dat
shape =  (8, 189)
189
loading  /home/jasencakova/dataset/cells/priamy_kanal/sim_2xKSin1_D_hct15_seed4_rigid62_1/rbc121_sim_2xKSin1_D_hct15_seed4_rigid62_1.dat
shape =  (8, 189)
189
loading  /home/jasencakova/dataset/cells/priamy_kanal/sim_2xKSin1_D_hct15_seed4_rigid62_1/rbc122_sim_2xKSin1_D_hct15_seed4_rigid62_1.dat
shape =  (8, 189)
189
loading  /home/jasencakova/dataset/cells/priamy_kanal/sim_2xKSin1_D_hct15_seed4_rigid62_1/rbc123_sim_2xKSin1_D_hct15_seed4_rigid62_1.dat
shape =  (8, 189)
189
loading  /home/jasencakova/dataset/cells/priamy_kanal/sim_2xKSin1_D_hct15_seed4_rigid62_1/rbc124_sim_2xKSin1_D_hct15_seed4_rigid62_1.dat
shape =  (8, 189)
189
loading  /home/jasencakova/dataset/cells/priamy_kanal/sim_2xKSin1_D_hct15_seed4_rigid62_1/rbc125_sim_2xKSin1_D_hct15_seed4_rigid62_1.dat
shape =  (8, 189)
189
loading  /home/jasencakova/dataset/cells/priamy_kanal/sim_2xKSin1_D_hct15_seed4_rigid62_1/rbc126_sim_2xKSin1_D_hct15_seed4_rigid62_1.dat
shape =  (8, 189)
189
loading  /home/jasencakova/dataset/cells/priamy_kanal/sim_2xKSin1_D_hct15_seed4_rigid62_1/rbc127_sim_2xKSin1_D_hct15_seed4_rigid62_1.dat
shape =  (8, 189)
189
loading  /home/jasencakova/dataset/cells/priamy_kanal/sim_2xKSin1_D_hct15_seed4_rigid62_1/rbc128_sim_2xKSin1_D_hct15_seed4_rigid62_1.dat
shape =  (8, 189)
189
loading  /home/jasencakova/dataset/cells/priamy_kanal/sim_2xKSin1_D_hct15_seed4_rigid62_1/rbc129_sim_2xKSin1_D_hct15_seed4_rigid62_1.dat
shape =  (8, 189)
189
loading  /home/jasencakova/dataset/cells/priamy_kanal/sim_2xKSin1_D_hct15_seed4_rigid62_1/rbc130_sim_2xKSin1_D_hct15_seed4_rigid62_1.dat
shape =  (8, 189)
189
loading  /home/jasencakova/dataset/cells/priamy_kanal/sim_2xKSin1_D_hct15_seed4_rigid62_1/rbc131_sim_2xKSin1_D_hct15_seed4_rigid62_1.dat
shape =  (8, 189)
189
loading  /home/jasencakova/dataset/cells/priamy_kanal/sim_2xKSin1_D_hct15_seed4_rigid62_1/rbc132_sim_2xKSin1_D_hct15_seed4_rigid62_1.dat
shape =  (8, 189)
189
loading  /home/jasencakova/dataset/cells/priamy_kanal/sim_2xKSin1_D_hct15_seed4_rigid62_1/rbc133_sim_2xKSin1_D_hct15_seed4_rigid62_1.dat
shape =  (8, 189)
189
loading  /home/jasencakova/dataset/cells/priamy_kanal/sim_2xKSin1_D_hct15_seed4_rigid62_1/rbc134_sim_2xKSin1_D_hct15_seed4_rigid62_1.dat
shape =  (8, 189)
189
loading  /home/jasencakova/dataset/cells/priamy_kanal/sim_2xKSin1_D_hct15_seed4_rigid62_1/rbc135_sim_2xKSin1_D_hct15_seed4_rigid62_1.dat
shape =  (8, 189)
189
loading  /home/jasencakova/dataset/cells/priamy_kanal/sim_2xKSin1_D_hct15_seed4_rigid62_1/rbc136_sim_2xKSin1_D_hct15_seed4_rigid62_1.dat
shape =  (8, 189)
189
loading  /home/jasencakova/dataset/cells/priamy_kanal/sim_2xKSin1_D_hct15_seed4_rigid62_1/rbc137_sim_2xKSin1_D_hct15_seed4_rigid62_1.dat
shape =  (8, 189)
189
loading  /home/jasencakova/dataset/cells/priamy_kanal/sim_2xKSin1_D_hct15_seed4_rigid62_1/rbc138_sim_2xKSin1_D_hct15_seed4_rigid62_1.dat
shape =  (8, 189)
189
loading  /home/jasencakova/dataset/cells/priamy_kanal/sim_2xKSin1_D_hct15_seed4_rigid62_1/rbc139_sim_2xKSin1_D_hct15_seed4_rigid62_1.dat
shape =  (8, 189)
189
loading  /home/jasencakova/dataset/cells/priamy_kanal/sim_2xKSin1_D_hct15_seed4_rigid62_1/rbc140_sim_2xKSin1_D_hct15_seed4_rigid62_1.dat
shape =  (8, 189)
189
loading  /home/jasencakova/dataset/cells/priamy_kanal/sim_2xKSin1_D_hct15_seed4_rigid62_1/rbc141_sim_2xKSin1_D_hct15_seed4_rigid62_1.dat
shape =  (8, 189)
189
loading  /home/jasencakova/dataset/cells/priamy_kanal/sim_2xKSin1_D_hct15_seed4_rigid62_1/rbc142_sim_2xKSin1_D_hct15_seed4_rigid62_1.dat
shape =  (8, 189)
189
loading  /home/jasencakova/dataset/cells/priamy_kanal/sim_2xKSin1_D_hct15_seed4_rigid62_1/rbc143_sim_2xKSin1_D_hct15_seed4_rigid62_1.dat
shape =  (8, 189)
189
loading  /home/jasencakova/dataset/cells/priamy_kanal/sim_2xKSin1_D_hct15_seed4_rigid62_1/rbc144_sim_2xKSin1_D_hct15_seed4_rigid62_1.dat
shape =  (8, 189)
189
loading  /home/jasencakova/dataset/cells/priamy_kanal/sim_2xKSin1_D_hct15_seed4_rigid62_1/rbc145_sim_2xKSin1_D_hct15_seed4_rigid62_1.dat
shape =  (8, 189)
189
loading  /home/jasencakova/dataset/cells/priamy_kanal/sim_2xKSin1_D_hct15_seed4_rigid62_1/rbc146_sim_2xKSin1_D_hct15_seed4_rigid62_1.dat
shape =  (8, 189)
189
loading  /home/jasencakova/dataset/cells/priamy_kanal/sim_2xKSin1_D_hct15_seed4_rigid62_1/rbc147_sim_2xKSin1_D_hct15_seed4_rigid62_1.dat
shape =  (8, 189)
189
loading  /home/jasencakova/dataset/cells/priamy_kanal/sim_2xKSin1_D_hct15_seed4_rigid62_1/rbc148_sim_2xKSin1_D_hct15_seed4_rigid62_1.dat
shape =  (8, 189)
189
loading  /home/jasencakova/dataset/cells/priamy_kanal/sim_2xKSin1_D_hct15_seed4_rigid62_1/rbc149_sim_2xKSin1_D_hct15_seed4_rigid62_1.dat
shape =  (8, 189)
189
loading  /home/jasencakova/dataset/cells/priamy_kanal/sim_2xKSin1_D_hct15_seed4_rigid62_1/rbc150_sim_2xKSin1_D_hct15_seed4_rigid62_1.dat
shape =  (8, 189)
189
loading  /home/jasencakova/dataset/cells/priamy_kanal/sim_2xKSin1_D_hct15_seed4_rigid62_1/rbc151_sim_2xKSin1_D_hct15_seed4_rigid62_1.dat
shape =  (8, 189)
189
loading  /home/jasencakova/dataset/cells/priamy_kanal/sim_2xKSin1_D_hct15_seed4_rigid62_1/rbc152_sim_2xKSin1_D_hct15_seed4_rigid62_1.dat
shape =  (8, 189)
189
loading  /home/jasencakova/dataset/cells/priamy_kanal/sim_2xKSin1_D_hct15_seed4_rigid62_1/rbc153_sim_2xKSin1_D_hct15_seed4_rigid62_1.dat
shape =  (8, 189)
189
shortest_length =  189
data_shape      =  (154, 189, 8)



loading  /home/jasencakova/dataset/cells/priamy_kanal/sim_2xKSin1_D_hct15_seed4_rigid62_1_from376000cy/rbc0_sim_2xKSin1_D_hct15_seed4_rigid62_1_from376000cy.dat
shape =  (8, 717)
717
loading  /home/jasencakova/dataset/cells/priamy_kanal/sim_2xKSin1_D_hct15_seed4_rigid62_1_from376000cy/rbc1_sim_2xKSin1_D_hct15_seed4_rigid62_1_from376000cy.dat
shape =  (8, 717)
717
loading  /home/jasencakova/dataset/cells/priamy_kanal/sim_2xKSin1_D_hct15_seed4_rigid62_1_from376000cy/rbc2_sim_2xKSin1_D_hct15_seed4_rigid62_1_from376000cy.dat
shape =  (8, 717)
717
loading  /home/jasencakova/dataset/cells/priamy_kanal/sim_2xKSin1_D_hct15_seed4_rigid62_1_from376000cy/rbc3_sim_2xKSin1_D_hct15_seed4_rigid62_1_from376000cy.dat
shape =  (8, 717)
717
loading  /home/jasencakova/dataset/cells/priamy_kanal/sim_2xKSin1_D_hct15_seed4_rigid62_1_from376000cy/rbc4_sim_2xKSin1_D_hct15_seed4_rigid62_1_from376000cy.dat
shape =  (8, 717)
717
loading  /home/jasencakova/dataset/cells/priamy_kanal/sim_2xKSin1_D_hct15_seed4_rigid62_1_from376000cy/rbc5_sim_2xKSin1_D_hct15_seed4_rigid62_1_from376000cy.dat
shape =  (8, 717)
717
loading  /home/jasencakova/dataset/cells/priamy_kanal/sim_2xKSin1_D_hct15_seed4_rigid62_1_from376000cy/rbc6_sim_2xKSin1_D_hct15_seed4_rigid62_1_from376000cy.dat
shape =  (8, 717)
717
loading  /home/jasencakova/dataset/cells/priamy_kanal/sim_2xKSin1_D_hct15_seed4_rigid62_1_from376000cy/rbc7_sim_2xKSin1_D_hct15_seed4_rigid62_1_from376000cy.dat
shape =  (8, 717)
717
loading  /home/jasencakova/dataset/cells/priamy_kanal/sim_2xKSin1_D_hct15_seed4_rigid62_1_from376000cy/rbc8_sim_2xKSin1_D_hct15_seed4_rigid62_1_from376000cy.dat
shape =  (8, 717)
717
loading  /home/jasencakova/dataset/cells/priamy_kanal/sim_2xKSin1_D_hct15_seed4_rigid62_1_from376000cy/rbc9_sim_2xKSin1_D_hct15_seed4_rigid62_1_from376000cy.dat
shape =  (8, 717)
717
loading  /home/jasencakova/dataset/cells/priamy_kanal/sim_2xKSin1_D_hct15_seed4_rigid62_1_from376000cy/rbc10_sim_2xKSin1_D_hct15_seed4_rigid62_1_from376000cy.dat
shape =  (8, 717)
717
loading  /home/jasencakova/dataset/cells/priamy_kanal/sim_2xKSin1_D_hct15_seed4_rigid62_1_from376000cy/rbc11_sim_2xKSin1_D_hct15_seed4_rigid62_1_from376000cy.dat
shape =  (8, 717)
717
loading  /home/jasencakova/dataset/cells/priamy_kanal/sim_2xKSin1_D_hct15_seed4_rigid62_1_from376000cy/rbc12_sim_2xKSin1_D_hct15_seed4_rigid62_1_from376000cy.dat
shape =  (8, 717)
717
loading  /home/jasencakova/dataset/cells/priamy_kanal/sim_2xKSin1_D_hct15_seed4_rigid62_1_from376000cy/rbc13_sim_2xKSin1_D_hct15_seed4_rigid62_1_from376000cy.dat
shape =  (8, 717)
717
loading  /home/jasencakova/dataset/cells/priamy_kanal/sim_2xKSin1_D_hct15_seed4_rigid62_1_from376000cy/rbc14_sim_2xKSin1_D_hct15_seed4_rigid62_1_from376000cy.dat
shape =  (8, 717)
717
loading  /home/jasencakova/dataset/cells/priamy_kanal/sim_2xKSin1_D_hct15_seed4_rigid62_1_from376000cy/rbc15_sim_2xKSin1_D_hct15_seed4_rigid62_1_from376000cy.dat
shape =  (8, 717)
717
loading  /home/jasencakova/dataset/cells/priamy_kanal/sim_2xKSin1_D_hct15_seed4_rigid62_1_from376000cy/rbc16_sim_2xKSin1_D_hct15_seed4_rigid62_1_from376000cy.dat
shape =  (8, 717)
717
loading  /home/jasencakova/dataset/cells/priamy_kanal/sim_2xKSin1_D_hct15_seed4_rigid62_1_from376000cy/rbc17_sim_2xKSin1_D_hct15_seed4_rigid62_1_from376000cy.dat
shape =  (8, 717)
717
loading  /home/jasencakova/dataset/cells/priamy_kanal/sim_2xKSin1_D_hct15_seed4_rigid62_1_from376000cy/rbc18_sim_2xKSin1_D_hct15_seed4_rigid62_1_from376000cy.dat
shape =  (8, 717)
717
loading  /home/jasencakova/dataset/cells/priamy_kanal/sim_2xKSin1_D_hct15_seed4_rigid62_1_from376000cy/rbc19_sim_2xKSin1_D_hct15_seed4_rigid62_1_from376000cy.dat
shape =  (8, 717)
717
loading  /home/jasencakova/dataset/cells/priamy_kanal/sim_2xKSin1_D_hct15_seed4_rigid62_1_from376000cy/rbc20_sim_2xKSin1_D_hct15_seed4_rigid62_1_from376000cy.dat
shape =  (8, 717)
717
loading  /home/jasencakova/dataset/cells/priamy_kanal/sim_2xKSin1_D_hct15_seed4_rigid62_1_from376000cy/rbc21_sim_2xKSin1_D_hct15_seed4_rigid62_1_from376000cy.dat
shape =  (8, 717)
717
loading  /home/jasencakova/dataset/cells/priamy_kanal/sim_2xKSin1_D_hct15_seed4_rigid62_1_from376000cy/rbc22_sim_2xKSin1_D_hct15_seed4_rigid62_1_from376000cy.dat
shape =  (8, 717)
717
loading  /home/jasencakova/dataset/cells/priamy_kanal/sim_2xKSin1_D_hct15_seed4_rigid62_1_from376000cy/rbc23_sim_2xKSin1_D_hct15_seed4_rigid62_1_from376000cy.dat
shape =  (8, 717)
717
loading  /home/jasencakova/dataset/cells/priamy_kanal/sim_2xKSin1_D_hct15_seed4_rigid62_1_from376000cy/rbc24_sim_2xKSin1_D_hct15_seed4_rigid62_1_from376000cy.dat
shape =  (8, 717)
717
loading  /home/jasencakova/dataset/cells/priamy_kanal/sim_2xKSin1_D_hct15_seed4_rigid62_1_from376000cy/rbc25_sim_2xKSin1_D_hct15_seed4_rigid62_1_from376000cy.dat
shape =  (8, 717)
717
loading  /home/jasencakova/dataset/cells/priamy_kanal/sim_2xKSin1_D_hct15_seed4_rigid62_1_from376000cy/rbc26_sim_2xKSin1_D_hct15_seed4_rigid62_1_from376000cy.dat
shape =  (8, 717)
717
loading  /home/jasencakova/dataset/cells/priamy_kanal/sim_2xKSin1_D_hct15_seed4_rigid62_1_from376000cy/rbc27_sim_2xKSin1_D_hct15_seed4_rigid62_1_from376000cy.dat
shape =  (8, 717)
717
loading  /home/jasencakova/dataset/cells/priamy_kanal/sim_2xKSin1_D_hct15_seed4_rigid62_1_from376000cy/rbc28_sim_2xKSin1_D_hct15_seed4_rigid62_1_from376000cy.dat
shape =  (8, 717)
717
loading  /home/jasencakova/dataset/cells/priamy_kanal/sim_2xKSin1_D_hct15_seed4_rigid62_1_from376000cy/rbc29_sim_2xKSin1_D_hct15_seed4_rigid62_1_from376000cy.dat
shape =  (8, 717)
717
loading  /home/jasencakova/dataset/cells/priamy_kanal/sim_2xKSin1_D_hct15_seed4_rigid62_1_from376000cy/rbc30_sim_2xKSin1_D_hct15_seed4_rigid62_1_from376000cy.dat
shape =  (8, 717)
717
loading  /home/jasencakova/dataset/cells/priamy_kanal/sim_2xKSin1_D_hct15_seed4_rigid62_1_from376000cy/rbc31_sim_2xKSin1_D_hct15_seed4_rigid62_1_from376000cy.dat
shape =  (8, 717)
717
loading  /home/jasencakova/dataset/cells/priamy_kanal/sim_2xKSin1_D_hct15_seed4_rigid62_1_from376000cy/rbc32_sim_2xKSin1_D_hct15_seed4_rigid62_1_from376000cy.dat
shape =  (8, 717)
717
loading  /home/jasencakova/dataset/cells/priamy_kanal/sim_2xKSin1_D_hct15_seed4_rigid62_1_from376000cy/rbc33_sim_2xKSin1_D_hct15_seed4_rigid62_1_from376000cy.dat
shape =  (8, 717)
717
loading  /home/jasencakova/dataset/cells/priamy_kanal/sim_2xKSin1_D_hct15_seed4_rigid62_1_from376000cy/rbc34_sim_2xKSin1_D_hct15_seed4_rigid62_1_from376000cy.dat
shape =  (8, 717)
717
loading  /home/jasencakova/dataset/cells/priamy_kanal/sim_2xKSin1_D_hct15_seed4_rigid62_1_from376000cy/rbc35_sim_2xKSin1_D_hct15_seed4_rigid62_1_from376000cy.dat
shape =  (8, 717)
717
loading  /home/jasencakova/dataset/cells/priamy_kanal/sim_2xKSin1_D_hct15_seed4_rigid62_1_from376000cy/rbc36_sim_2xKSin1_D_hct15_seed4_rigid62_1_from376000cy.dat
shape =  (8, 717)
717
loading  /home/jasencakova/dataset/cells/priamy_kanal/sim_2xKSin1_D_hct15_seed4_rigid62_1_from376000cy/rbc37_sim_2xKSin1_D_hct15_seed4_rigid62_1_from376000cy.dat
shape =  (8, 717)
717
loading  /home/jasencakova/dataset/cells/priamy_kanal/sim_2xKSin1_D_hct15_seed4_rigid62_1_from376000cy/rbc38_sim_2xKSin1_D_hct15_seed4_rigid62_1_from376000cy.dat
shape =  (8, 717)
717
loading  /home/jasencakova/dataset/cells/priamy_kanal/sim_2xKSin1_D_hct15_seed4_rigid62_1_from376000cy/rbc39_sim_2xKSin1_D_hct15_seed4_rigid62_1_from376000cy.dat
shape =  (8, 717)
717
loading  /home/jasencakova/dataset/cells/priamy_kanal/sim_2xKSin1_D_hct15_seed4_rigid62_1_from376000cy/rbc40_sim_2xKSin1_D_hct15_seed4_rigid62_1_from376000cy.dat
shape =  (8, 717)
717
loading  /home/jasencakova/dataset/cells/priamy_kanal/sim_2xKSin1_D_hct15_seed4_rigid62_1_from376000cy/rbc41_sim_2xKSin1_D_hct15_seed4_rigid62_1_from376000cy.dat
shape =  (8, 717)
717
loading  /home/jasencakova/dataset/cells/priamy_kanal/sim_2xKSin1_D_hct15_seed4_rigid62_1_from376000cy/rbc42_sim_2xKSin1_D_hct15_seed4_rigid62_1_from376000cy.dat
shape =  (8, 717)
717
loading  /home/jasencakova/dataset/cells/priamy_kanal/sim_2xKSin1_D_hct15_seed4_rigid62_1_from376000cy/rbc43_sim_2xKSin1_D_hct15_seed4_rigid62_1_from376000cy.dat
shape =  (8, 717)
717
loading  /home/jasencakova/dataset/cells/priamy_kanal/sim_2xKSin1_D_hct15_seed4_rigid62_1_from376000cy/rbc44_sim_2xKSin1_D_hct15_seed4_rigid62_1_from376000cy.dat
shape =  (8, 717)
717
loading  /home/jasencakova/dataset/cells/priamy_kanal/sim_2xKSin1_D_hct15_seed4_rigid62_1_from376000cy/rbc45_sim_2xKSin1_D_hct15_seed4_rigid62_1_from376000cy.dat
shape =  (8, 717)
717
loading  /home/jasencakova/dataset/cells/priamy_kanal/sim_2xKSin1_D_hct15_seed4_rigid62_1_from376000cy/rbc46_sim_2xKSin1_D_hct15_seed4_rigid62_1_from376000cy.dat
shape =  (8, 717)
717
loading  /home/jasencakova/dataset/cells/priamy_kanal/sim_2xKSin1_D_hct15_seed4_rigid62_1_from376000cy/rbc47_sim_2xKSin1_D_hct15_seed4_rigid62_1_from376000cy.dat
shape =  (8, 717)
717
loading  /home/jasencakova/dataset/cells/priamy_kanal/sim_2xKSin1_D_hct15_seed4_rigid62_1_from376000cy/rbc48_sim_2xKSin1_D_hct15_seed4_rigid62_1_from376000cy.dat
shape =  (8, 717)
717
loading  /home/jasencakova/dataset/cells/priamy_kanal/sim_2xKSin1_D_hct15_seed4_rigid62_1_from376000cy/rbc49_sim_2xKSin1_D_hct15_seed4_rigid62_1_from376000cy.dat
shape =  (8, 717)
717
loading  /home/jasencakova/dataset/cells/priamy_kanal/sim_2xKSin1_D_hct15_seed4_rigid62_1_from376000cy/rbc50_sim_2xKSin1_D_hct15_seed4_rigid62_1_from376000cy.dat
shape =  (8, 717)
717
loading  /home/jasencakova/dataset/cells/priamy_kanal/sim_2xKSin1_D_hct15_seed4_rigid62_1_from376000cy/rbc51_sim_2xKSin1_D_hct15_seed4_rigid62_1_from376000cy.dat
shape =  (8, 717)
717
loading  /home/jasencakova/dataset/cells/priamy_kanal/sim_2xKSin1_D_hct15_seed4_rigid62_1_from376000cy/rbc52_sim_2xKSin1_D_hct15_seed4_rigid62_1_from376000cy.dat
shape =  (8, 717)
717
loading  /home/jasencakova/dataset/cells/priamy_kanal/sim_2xKSin1_D_hct15_seed4_rigid62_1_from376000cy/rbc53_sim_2xKSin1_D_hct15_seed4_rigid62_1_from376000cy.dat
shape =  (8, 717)
717
loading  /home/jasencakova/dataset/cells/priamy_kanal/sim_2xKSin1_D_hct15_seed4_rigid62_1_from376000cy/rbc54_sim_2xKSin1_D_hct15_seed4_rigid62_1_from376000cy.dat
shape =  (8, 717)
717
loading  /home/jasencakova/dataset/cells/priamy_kanal/sim_2xKSin1_D_hct15_seed4_rigid62_1_from376000cy/rbc55_sim_2xKSin1_D_hct15_seed4_rigid62_1_from376000cy.dat
shape =  (8, 717)
717
loading  /home/jasencakova/dataset/cells/priamy_kanal/sim_2xKSin1_D_hct15_seed4_rigid62_1_from376000cy/rbc56_sim_2xKSin1_D_hct15_seed4_rigid62_1_from376000cy.dat
shape =  (8, 717)
717
loading  /home/jasencakova/dataset/cells/priamy_kanal/sim_2xKSin1_D_hct15_seed4_rigid62_1_from376000cy/rbc57_sim_2xKSin1_D_hct15_seed4_rigid62_1_from376000cy.dat
shape =  (8, 717)
717
loading  /home/jasencakova/dataset/cells/priamy_kanal/sim_2xKSin1_D_hct15_seed4_rigid62_1_from376000cy/rbc58_sim_2xKSin1_D_hct15_seed4_rigid62_1_from376000cy.dat
shape =  (8, 717)
717
loading  /home/jasencakova/dataset/cells/priamy_kanal/sim_2xKSin1_D_hct15_seed4_rigid62_1_from376000cy/rbc59_sim_2xKSin1_D_hct15_seed4_rigid62_1_from376000cy.dat
shape =  (8, 717)
717
loading  /home/jasencakova/dataset/cells/priamy_kanal/sim_2xKSin1_D_hct15_seed4_rigid62_1_from376000cy/rbc60_sim_2xKSin1_D_hct15_seed4_rigid62_1_from376000cy.dat
shape =  (8, 717)
717
loading  /home/jasencakova/dataset/cells/priamy_kanal/sim_2xKSin1_D_hct15_seed4_rigid62_1_from376000cy/rbc61_sim_2xKSin1_D_hct15_seed4_rigid62_1_from376000cy.dat
shape =  (8, 717)
717
loading  /home/jasencakova/dataset/cells/priamy_kanal/sim_2xKSin1_D_hct15_seed4_rigid62_1_from376000cy/rbc62_sim_2xKSin1_D_hct15_seed4_rigid62_1_from376000cy.dat
shape =  (8, 717)
717
loading  /home/jasencakova/dataset/cells/priamy_kanal/sim_2xKSin1_D_hct15_seed4_rigid62_1_from376000cy/rbc63_sim_2xKSin1_D_hct15_seed4_rigid62_1_from376000cy.dat
shape =  (8, 717)
717
loading  /home/jasencakova/dataset/cells/priamy_kanal/sim_2xKSin1_D_hct15_seed4_rigid62_1_from376000cy/rbc64_sim_2xKSin1_D_hct15_seed4_rigid62_1_from376000cy.dat
shape =  (8, 717)
717
loading  /home/jasencakova/dataset/cells/priamy_kanal/sim_2xKSin1_D_hct15_seed4_rigid62_1_from376000cy/rbc65_sim_2xKSin1_D_hct15_seed4_rigid62_1_from376000cy.dat
shape =  (8, 717)
717
loading  /home/jasencakova/dataset/cells/priamy_kanal/sim_2xKSin1_D_hct15_seed4_rigid62_1_from376000cy/rbc66_sim_2xKSin1_D_hct15_seed4_rigid62_1_from376000cy.dat
shape =  (8, 717)
717
loading  /home/jasencakova/dataset/cells/priamy_kanal/sim_2xKSin1_D_hct15_seed4_rigid62_1_from376000cy/rbc67_sim_2xKSin1_D_hct15_seed4_rigid62_1_from376000cy.dat
shape =  (8, 717)
717
loading  /home/jasencakova/dataset/cells/priamy_kanal/sim_2xKSin1_D_hct15_seed4_rigid62_1_from376000cy/rbc68_sim_2xKSin1_D_hct15_seed4_rigid62_1_from376000cy.dat
shape =  (8, 717)
717
loading  /home/jasencakova/dataset/cells/priamy_kanal/sim_2xKSin1_D_hct15_seed4_rigid62_1_from376000cy/rbc69_sim_2xKSin1_D_hct15_seed4_rigid62_1_from376000cy.dat
shape =  (8, 717)
717
loading  /home/jasencakova/dataset/cells/priamy_kanal/sim_2xKSin1_D_hct15_seed4_rigid62_1_from376000cy/rbc70_sim_2xKSin1_D_hct15_seed4_rigid62_1_from376000cy.dat
shape =  (8, 717)
717
loading  /home/jasencakova/dataset/cells/priamy_kanal/sim_2xKSin1_D_hct15_seed4_rigid62_1_from376000cy/rbc71_sim_2xKSin1_D_hct15_seed4_rigid62_1_from376000cy.dat
shape =  (8, 717)
717
loading  /home/jasencakova/dataset/cells/priamy_kanal/sim_2xKSin1_D_hct15_seed4_rigid62_1_from376000cy/rbc72_sim_2xKSin1_D_hct15_seed4_rigid62_1_from376000cy.dat
shape =  (8, 717)
717
loading  /home/jasencakova/dataset/cells/priamy_kanal/sim_2xKSin1_D_hct15_seed4_rigid62_1_from376000cy/rbc73_sim_2xKSin1_D_hct15_seed4_rigid62_1_from376000cy.dat
shape =  (8, 717)
717
loading  /home/jasencakova/dataset/cells/priamy_kanal/sim_2xKSin1_D_hct15_seed4_rigid62_1_from376000cy/rbc74_sim_2xKSin1_D_hct15_seed4_rigid62_1_from376000cy.dat
shape =  (8, 717)
717
loading  /home/jasencakova/dataset/cells/priamy_kanal/sim_2xKSin1_D_hct15_seed4_rigid62_1_from376000cy/rbc75_sim_2xKSin1_D_hct15_seed4_rigid62_1_from376000cy.dat
shape =  (8, 717)
717
loading  /home/jasencakova/dataset/cells/priamy_kanal/sim_2xKSin1_D_hct15_seed4_rigid62_1_from376000cy/rbc76_sim_2xKSin1_D_hct15_seed4_rigid62_1_from376000cy.dat
shape =  (8, 717)
717
loading  /home/jasencakova/dataset/cells/priamy_kanal/sim_2xKSin1_D_hct15_seed4_rigid62_1_from376000cy/rbc77_sim_2xKSin1_D_hct15_seed4_rigid62_1_from376000cy.dat
shape =  (8, 717)
717
loading  /home/jasencakova/dataset/cells/priamy_kanal/sim_2xKSin1_D_hct15_seed4_rigid62_1_from376000cy/rbc78_sim_2xKSin1_D_hct15_seed4_rigid62_1_from376000cy.dat
shape =  (8, 717)
717
loading  /home/jasencakova/dataset/cells/priamy_kanal/sim_2xKSin1_D_hct15_seed4_rigid62_1_from376000cy/rbc79_sim_2xKSin1_D_hct15_seed4_rigid62_1_from376000cy.dat
shape =  (8, 717)
717
loading  /home/jasencakova/dataset/cells/priamy_kanal/sim_2xKSin1_D_hct15_seed4_rigid62_1_from376000cy/rbc80_sim_2xKSin1_D_hct15_seed4_rigid62_1_from376000cy.dat
shape =  (8, 717)
717
loading  /home/jasencakova/dataset/cells/priamy_kanal/sim_2xKSin1_D_hct15_seed4_rigid62_1_from376000cy/rbc81_sim_2xKSin1_D_hct15_seed4_rigid62_1_from376000cy.dat
shape =  (8, 717)
717
loading  /home/jasencakova/dataset/cells/priamy_kanal/sim_2xKSin1_D_hct15_seed4_rigid62_1_from376000cy/rbc82_sim_2xKSin1_D_hct15_seed4_rigid62_1_from376000cy.dat
shape =  (8, 717)
717
loading  /home/jasencakova/dataset/cells/priamy_kanal/sim_2xKSin1_D_hct15_seed4_rigid62_1_from376000cy/rbc83_sim_2xKSin1_D_hct15_seed4_rigid62_1_from376000cy.dat
shape =  (8, 717)
717
loading  /home/jasencakova/dataset/cells/priamy_kanal/sim_2xKSin1_D_hct15_seed4_rigid62_1_from376000cy/rbc84_sim_2xKSin1_D_hct15_seed4_rigid62_1_from376000cy.dat
shape =  (8, 717)
717
loading  /home/jasencakova/dataset/cells/priamy_kanal/sim_2xKSin1_D_hct15_seed4_rigid62_1_from376000cy/rbc85_sim_2xKSin1_D_hct15_seed4_rigid62_1_from376000cy.dat
shape =  (8, 717)
717
loading  /home/jasencakova/dataset/cells/priamy_kanal/sim_2xKSin1_D_hct15_seed4_rigid62_1_from376000cy/rbc86_sim_2xKSin1_D_hct15_seed4_rigid62_1_from376000cy.dat
shape =  (8, 717)
717
loading  /home/jasencakova/dataset/cells/priamy_kanal/sim_2xKSin1_D_hct15_seed4_rigid62_1_from376000cy/rbc87_sim_2xKSin1_D_hct15_seed4_rigid62_1_from376000cy.dat
shape =  (8, 717)
717
loading  /home/jasencakova/dataset/cells/priamy_kanal/sim_2xKSin1_D_hct15_seed4_rigid62_1_from376000cy/rbc88_sim_2xKSin1_D_hct15_seed4_rigid62_1_from376000cy.dat
shape =  (8, 717)
717
loading  /home/jasencakova/dataset/cells/priamy_kanal/sim_2xKSin1_D_hct15_seed4_rigid62_1_from376000cy/rbc89_sim_2xKSin1_D_hct15_seed4_rigid62_1_from376000cy.dat
shape =  (8, 717)
717
loading  /home/jasencakova/dataset/cells/priamy_kanal/sim_2xKSin1_D_hct15_seed4_rigid62_1_from376000cy/rbc90_sim_2xKSin1_D_hct15_seed4_rigid62_1_from376000cy.dat
shape =  (8, 717)
717
loading  /home/jasencakova/dataset/cells/priamy_kanal/sim_2xKSin1_D_hct15_seed4_rigid62_1_from376000cy/rbc91_sim_2xKSin1_D_hct15_seed4_rigid62_1_from376000cy.dat
shape =  (8, 717)
717
loading  /home/jasencakova/dataset/cells/priamy_kanal/sim_2xKSin1_D_hct15_seed4_rigid62_1_from376000cy/rbc92_sim_2xKSin1_D_hct15_seed4_rigid62_1_from376000cy.dat
shape =  (8, 717)
717
loading  /home/jasencakova/dataset/cells/priamy_kanal/sim_2xKSin1_D_hct15_seed4_rigid62_1_from376000cy/rbc93_sim_2xKSin1_D_hct15_seed4_rigid62_1_from376000cy.dat
shape =  (8, 717)
717
loading  /home/jasencakova/dataset/cells/priamy_kanal/sim_2xKSin1_D_hct15_seed4_rigid62_1_from376000cy/rbc94_sim_2xKSin1_D_hct15_seed4_rigid62_1_from376000cy.dat
shape =  (8, 717)
717
loading  /home/jasencakova/dataset/cells/priamy_kanal/sim_2xKSin1_D_hct15_seed4_rigid62_1_from376000cy/rbc95_sim_2xKSin1_D_hct15_seed4_rigid62_1_from376000cy.dat
shape =  (8, 717)
717
loading  /home/jasencakova/dataset/cells/priamy_kanal/sim_2xKSin1_D_hct15_seed4_rigid62_1_from376000cy/rbc96_sim_2xKSin1_D_hct15_seed4_rigid62_1_from376000cy.dat
shape =  (8, 717)
717
loading  /home/jasencakova/dataset/cells/priamy_kanal/sim_2xKSin1_D_hct15_seed4_rigid62_1_from376000cy/rbc97_sim_2xKSin1_D_hct15_seed4_rigid62_1_from376000cy.dat
shape =  (8, 717)
717
loading  /home/jasencakova/dataset/cells/priamy_kanal/sim_2xKSin1_D_hct15_seed4_rigid62_1_from376000cy/rbc98_sim_2xKSin1_D_hct15_seed4_rigid62_1_from376000cy.dat
shape =  (8, 717)
717
loading  /home/jasencakova/dataset/cells/priamy_kanal/sim_2xKSin1_D_hct15_seed4_rigid62_1_from376000cy/rbc99_sim_2xKSin1_D_hct15_seed4_rigid62_1_from376000cy.dat
shape =  (8, 717)
717
loading  /home/jasencakova/dataset/cells/priamy_kanal/sim_2xKSin1_D_hct15_seed4_rigid62_1_from376000cy/rbc100_sim_2xKSin1_D_hct15_seed4_rigid62_1_from376000cy.dat
shape =  (8, 717)
717
loading  /home/jasencakova/dataset/cells/priamy_kanal/sim_2xKSin1_D_hct15_seed4_rigid62_1_from376000cy/rbc101_sim_2xKSin1_D_hct15_seed4_rigid62_1_from376000cy.dat
shape =  (8, 717)
717
loading  /home/jasencakova/dataset/cells/priamy_kanal/sim_2xKSin1_D_hct15_seed4_rigid62_1_from376000cy/rbc102_sim_2xKSin1_D_hct15_seed4_rigid62_1_from376000cy.dat
shape =  (8, 717)
717
loading  /home/jasencakova/dataset/cells/priamy_kanal/sim_2xKSin1_D_hct15_seed4_rigid62_1_from376000cy/rbc103_sim_2xKSin1_D_hct15_seed4_rigid62_1_from376000cy.dat
shape =  (8, 717)
717
loading  /home/jasencakova/dataset/cells/priamy_kanal/sim_2xKSin1_D_hct15_seed4_rigid62_1_from376000cy/rbc104_sim_2xKSin1_D_hct15_seed4_rigid62_1_from376000cy.dat
shape =  (8, 717)
717
loading  /home/jasencakova/dataset/cells/priamy_kanal/sim_2xKSin1_D_hct15_seed4_rigid62_1_from376000cy/rbc105_sim_2xKSin1_D_hct15_seed4_rigid62_1_from376000cy.dat
shape =  (8, 717)
717
loading  /home/jasencakova/dataset/cells/priamy_kanal/sim_2xKSin1_D_hct15_seed4_rigid62_1_from376000cy/rbc106_sim_2xKSin1_D_hct15_seed4_rigid62_1_from376000cy.dat
shape =  (8, 717)
717
loading  /home/jasencakova/dataset/cells/priamy_kanal/sim_2xKSin1_D_hct15_seed4_rigid62_1_from376000cy/rbc107_sim_2xKSin1_D_hct15_seed4_rigid62_1_from376000cy.dat
shape =  (8, 717)
717
loading  /home/jasencakova/dataset/cells/priamy_kanal/sim_2xKSin1_D_hct15_seed4_rigid62_1_from376000cy/rbc108_sim_2xKSin1_D_hct15_seed4_rigid62_1_from376000cy.dat
shape =  (8, 717)
717
loading  /home/jasencakova/dataset/cells/priamy_kanal/sim_2xKSin1_D_hct15_seed4_rigid62_1_from376000cy/rbc109_sim_2xKSin1_D_hct15_seed4_rigid62_1_from376000cy.dat
shape =  (8, 717)
717
loading  /home/jasencakova/dataset/cells/priamy_kanal/sim_2xKSin1_D_hct15_seed4_rigid62_1_from376000cy/rbc110_sim_2xKSin1_D_hct15_seed4_rigid62_1_from376000cy.dat
shape =  (8, 717)
717
loading  /home/jasencakova/dataset/cells/priamy_kanal/sim_2xKSin1_D_hct15_seed4_rigid62_1_from376000cy/rbc111_sim_2xKSin1_D_hct15_seed4_rigid62_1_from376000cy.dat
shape =  (8, 717)
717
loading  /home/jasencakova/dataset/cells/priamy_kanal/sim_2xKSin1_D_hct15_seed4_rigid62_1_from376000cy/rbc112_sim_2xKSin1_D_hct15_seed4_rigid62_1_from376000cy.dat
shape =  (8, 717)
717
loading  /home/jasencakova/dataset/cells/priamy_kanal/sim_2xKSin1_D_hct15_seed4_rigid62_1_from376000cy/rbc113_sim_2xKSin1_D_hct15_seed4_rigid62_1_from376000cy.dat
shape =  (8, 717)
717
loading  /home/jasencakova/dataset/cells/priamy_kanal/sim_2xKSin1_D_hct15_seed4_rigid62_1_from376000cy/rbc114_sim_2xKSin1_D_hct15_seed4_rigid62_1_from376000cy.dat
shape =  (8, 717)
717
loading  /home/jasencakova/dataset/cells/priamy_kanal/sim_2xKSin1_D_hct15_seed4_rigid62_1_from376000cy/rbc115_sim_2xKSin1_D_hct15_seed4_rigid62_1_from376000cy.dat
shape =  (8, 717)
717
loading  /home/jasencakova/dataset/cells/priamy_kanal/sim_2xKSin1_D_hct15_seed4_rigid62_1_from376000cy/rbc116_sim_2xKSin1_D_hct15_seed4_rigid62_1_from376000cy.dat
shape =  (8, 717)
717
loading  /home/jasencakova/dataset/cells/priamy_kanal/sim_2xKSin1_D_hct15_seed4_rigid62_1_from376000cy/rbc117_sim_2xKSin1_D_hct15_seed4_rigid62_1_from376000cy.dat
shape =  (8, 717)
717
loading  /home/jasencakova/dataset/cells/priamy_kanal/sim_2xKSin1_D_hct15_seed4_rigid62_1_from376000cy/rbc118_sim_2xKSin1_D_hct15_seed4_rigid62_1_from376000cy.dat
shape =  (8, 717)
717
loading  /home/jasencakova/dataset/cells/priamy_kanal/sim_2xKSin1_D_hct15_seed4_rigid62_1_from376000cy/rbc119_sim_2xKSin1_D_hct15_seed4_rigid62_1_from376000cy.dat
shape =  (8, 717)
717
loading  /home/jasencakova/dataset/cells/priamy_kanal/sim_2xKSin1_D_hct15_seed4_rigid62_1_from376000cy/rbc120_sim_2xKSin1_D_hct15_seed4_rigid62_1_from376000cy.dat
shape =  (8, 717)
717
loading  /home/jasencakova/dataset/cells/priamy_kanal/sim_2xKSin1_D_hct15_seed4_rigid62_1_from376000cy/rbc121_sim_2xKSin1_D_hct15_seed4_rigid62_1_from376000cy.dat
shape =  (8, 717)
717
loading  /home/jasencakova/dataset/cells/priamy_kanal/sim_2xKSin1_D_hct15_seed4_rigid62_1_from376000cy/rbc122_sim_2xKSin1_D_hct15_seed4_rigid62_1_from376000cy.dat
shape =  (8, 717)
717
loading  /home/jasencakova/dataset/cells/priamy_kanal/sim_2xKSin1_D_hct15_seed4_rigid62_1_from376000cy/rbc123_sim_2xKSin1_D_hct15_seed4_rigid62_1_from376000cy.dat
shape =  (8, 717)
717
loading  /home/jasencakova/dataset/cells/priamy_kanal/sim_2xKSin1_D_hct15_seed4_rigid62_1_from376000cy/rbc124_sim_2xKSin1_D_hct15_seed4_rigid62_1_from376000cy.dat
shape =  (8, 717)
717
loading  /home/jasencakova/dataset/cells/priamy_kanal/sim_2xKSin1_D_hct15_seed4_rigid62_1_from376000cy/rbc125_sim_2xKSin1_D_hct15_seed4_rigid62_1_from376000cy.dat
shape =  (8, 717)
717
loading  /home/jasencakova/dataset/cells/priamy_kanal/sim_2xKSin1_D_hct15_seed4_rigid62_1_from376000cy/rbc126_sim_2xKSin1_D_hct15_seed4_rigid62_1_from376000cy.dat
shape =  (8, 717)
717
loading  /home/jasencakova/dataset/cells/priamy_kanal/sim_2xKSin1_D_hct15_seed4_rigid62_1_from376000cy/rbc127_sim_2xKSin1_D_hct15_seed4_rigid62_1_from376000cy.dat
shape =  (8, 717)
717
loading  /home/jasencakova/dataset/cells/priamy_kanal/sim_2xKSin1_D_hct15_seed4_rigid62_1_from376000cy/rbc128_sim_2xKSin1_D_hct15_seed4_rigid62_1_from376000cy.dat
shape =  (8, 717)
717
loading  /home/jasencakova/dataset/cells/priamy_kanal/sim_2xKSin1_D_hct15_seed4_rigid62_1_from376000cy/rbc129_sim_2xKSin1_D_hct15_seed4_rigid62_1_from376000cy.dat
shape =  (8, 717)
717
loading  /home/jasencakova/dataset/cells/priamy_kanal/sim_2xKSin1_D_hct15_seed4_rigid62_1_from376000cy/rbc130_sim_2xKSin1_D_hct15_seed4_rigid62_1_from376000cy.dat
shape =  (8, 717)
717
loading  /home/jasencakova/dataset/cells/priamy_kanal/sim_2xKSin1_D_hct15_seed4_rigid62_1_from376000cy/rbc131_sim_2xKSin1_D_hct15_seed4_rigid62_1_from376000cy.dat
shape =  (8, 717)
717
loading  /home/jasencakova/dataset/cells/priamy_kanal/sim_2xKSin1_D_hct15_seed4_rigid62_1_from376000cy/rbc132_sim_2xKSin1_D_hct15_seed4_rigid62_1_from376000cy.dat
shape =  (8, 717)
717
loading  /home/jasencakova/dataset/cells/priamy_kanal/sim_2xKSin1_D_hct15_seed4_rigid62_1_from376000cy/rbc133_sim_2xKSin1_D_hct15_seed4_rigid62_1_from376000cy.dat
shape =  (8, 717)
717
loading  /home/jasencakova/dataset/cells/priamy_kanal/sim_2xKSin1_D_hct15_seed4_rigid62_1_from376000cy/rbc134_sim_2xKSin1_D_hct15_seed4_rigid62_1_from376000cy.dat
shape =  (8, 717)
717
loading  /home/jasencakova/dataset/cells/priamy_kanal/sim_2xKSin1_D_hct15_seed4_rigid62_1_from376000cy/rbc135_sim_2xKSin1_D_hct15_seed4_rigid62_1_from376000cy.dat
shape =  (8, 717)
717
loading  /home/jasencakova/dataset/cells/priamy_kanal/sim_2xKSin1_D_hct15_seed4_rigid62_1_from376000cy/rbc136_sim_2xKSin1_D_hct15_seed4_rigid62_1_from376000cy.dat
shape =  (8, 717)
717
loading  /home/jasencakova/dataset/cells/priamy_kanal/sim_2xKSin1_D_hct15_seed4_rigid62_1_from376000cy/rbc137_sim_2xKSin1_D_hct15_seed4_rigid62_1_from376000cy.dat
shape =  (8, 717)
717
loading  /home/jasencakova/dataset/cells/priamy_kanal/sim_2xKSin1_D_hct15_seed4_rigid62_1_from376000cy/rbc138_sim_2xKSin1_D_hct15_seed4_rigid62_1_from376000cy.dat
shape =  (8, 717)
717
loading  /home/jasencakova/dataset/cells/priamy_kanal/sim_2xKSin1_D_hct15_seed4_rigid62_1_from376000cy/rbc139_sim_2xKSin1_D_hct15_seed4_rigid62_1_from376000cy.dat
shape =  (8, 717)
717
loading  /home/jasencakova/dataset/cells/priamy_kanal/sim_2xKSin1_D_hct15_seed4_rigid62_1_from376000cy/rbc140_sim_2xKSin1_D_hct15_seed4_rigid62_1_from376000cy.dat
shape =  (8, 717)
717
loading  /home/jasencakova/dataset/cells/priamy_kanal/sim_2xKSin1_D_hct15_seed4_rigid62_1_from376000cy/rbc141_sim_2xKSin1_D_hct15_seed4_rigid62_1_from376000cy.dat
shape =  (8, 717)
717
loading  /home/jasencakova/dataset/cells/priamy_kanal/sim_2xKSin1_D_hct15_seed4_rigid62_1_from376000cy/rbc142_sim_2xKSin1_D_hct15_seed4_rigid62_1_from376000cy.dat
shape =  (8, 717)
717
loading  /home/jasencakova/dataset/cells/priamy_kanal/sim_2xKSin1_D_hct15_seed4_rigid62_1_from376000cy/rbc143_sim_2xKSin1_D_hct15_seed4_rigid62_1_from376000cy.dat
shape =  (8, 717)
717
loading  /home/jasencakova/dataset/cells/priamy_kanal/sim_2xKSin1_D_hct15_seed4_rigid62_1_from376000cy/rbc144_sim_2xKSin1_D_hct15_seed4_rigid62_1_from376000cy.dat
shape =  (8, 717)
717
loading  /home/jasencakova/dataset/cells/priamy_kanal/sim_2xKSin1_D_hct15_seed4_rigid62_1_from376000cy/rbc145_sim_2xKSin1_D_hct15_seed4_rigid62_1_from376000cy.dat
shape =  (8, 717)
717
loading  /home/jasencakova/dataset/cells/priamy_kanal/sim_2xKSin1_D_hct15_seed4_rigid62_1_from376000cy/rbc146_sim_2xKSin1_D_hct15_seed4_rigid62_1_from376000cy.dat
shape =  (8, 717)
717
loading  /home/jasencakova/dataset/cells/priamy_kanal/sim_2xKSin1_D_hct15_seed4_rigid62_1_from376000cy/rbc147_sim_2xKSin1_D_hct15_seed4_rigid62_1_from376000cy.dat
shape =  (8, 717)
717
loading  /home/jasencakova/dataset/cells/priamy_kanal/sim_2xKSin1_D_hct15_seed4_rigid62_1_from376000cy/rbc148_sim_2xKSin1_D_hct15_seed4_rigid62_1_from376000cy.dat
shape =  (8, 717)
717
loading  /home/jasencakova/dataset/cells/priamy_kanal/sim_2xKSin1_D_hct15_seed4_rigid62_1_from376000cy/rbc149_sim_2xKSin1_D_hct15_seed4_rigid62_1_from376000cy.dat
shape =  (8, 717)
717
loading  /home/jasencakova/dataset/cells/priamy_kanal/sim_2xKSin1_D_hct15_seed4_rigid62_1_from376000cy/rbc150_sim_2xKSin1_D_hct15_seed4_rigid62_1_from376000cy.dat
shape =  (8, 717)
717
loading  /home/jasencakova/dataset/cells/priamy_kanal/sim_2xKSin1_D_hct15_seed4_rigid62_1_from376000cy/rbc151_sim_2xKSin1_D_hct15_seed4_rigid62_1_from376000cy.dat
shape =  (8, 717)
717
loading  /home/jasencakova/dataset/cells/priamy_kanal/sim_2xKSin1_D_hct15_seed4_rigid62_1_from376000cy/rbc152_sim_2xKSin1_D_hct15_seed4_rigid62_1_from376000cy.dat
shape =  (8, 717)
717
loading  /home/jasencakova/dataset/cells/priamy_kanal/sim_2xKSin1_D_hct15_seed4_rigid62_1_from376000cy/rbc153_sim_2xKSin1_D_hct15_seed4_rigid62_1_from376000cy.dat
shape =  (8, 717)
717
shortest_length =  717
data_shape      =  (154, 717, 8)








dataset summary : 

training_dats shape    =  (154, 189, 8)
testing_dats shape    =  (154, 717, 8)
training_count  =  2939706
testing_count   =  110418
channels_count  =  8
sequence_length =  128
classes_count   =   2
batch(32) tensor shape =  torch.Size([32, 8, 128]) torch.Size([32, 2])





model
Sequential(
  (0): Conv1d(8, 32, kernel_size=(3,), stride=(2,), padding=(1,))
  (1): ReLU()
  (2): Dropout(p=0.01, inplace=False)
  (3): Conv1d(32, 64, kernel_size=(3,), stride=(2,), padding=(1,))
  (4): ReLU()
  (5): Dropout(p=0.01, inplace=False)
  (6): Conv1d(64, 64, kernel_size=(3,), stride=(2,), padding=(1,))
  (7): ReLU()
  (8): Dropout(p=0.01, inplace=False)
  (9): Conv1d(64, 128, kernel_size=(3,), stride=(2,), padding=(1,))
  (10): ReLU()
  (11): Dropout(p=0.01, inplace=False)
  (12): Flatten()
  (13): Linear(in_features=1024, out_features=2, bias=True)
)



0 70.74397667406826 59.19234664351852 0.19435695 0.24546245 0.020793969 0.013350145 14.18 





=================================================
new best net in 0
TRAINING result
accuracy   = 70.744 [%]
hit_count  = 2079805
miss_count = 860099

class_accuracy = 87.227%   44.942%   


confusion_matrix = 
1564770	 630972	 
229127	 515035	 



TESTING result
accuracy   = 59.192 [%]
hit_count  = 65462
miss_count = 45130

class_accuracy = 50.77%   72.417%   


confusion_matrix = 
34306	 11866	 
33264	 31156	 




1 85.18757755355277 82.36852575231481 0.119779125 0.19243687 0.02175255 0.02155579 14.06 





=================================================
new best net in 1
TRAINING result
accuracy   = 85.188 [%]
hit_count  = 2504433
miss_count = 435471

class_accuracy = 93.555%   72.071%   


confusion_matrix = 
1679183	 319801	 
115670	 825250	 



TESTING result
accuracy   = 82.369 [%]
hit_count  = 91093
miss_count = 19499

class_accuracy = 89.193%   71.821%   


confusion_matrix = 
59883	 12244	 
7255	 31210	 




2 90.58710760623477 83.94458912037037 0.086554796 0.19183293 0.010728863 0.022856347 13.93 





=================================================
new best net in 2
TRAINING result
accuracy   = 90.587 [%]
hit_count  = 2663174
miss_count = 276730

class_accuracy = 96.497%   81.325%   


confusion_matrix = 
1731850	 213861	 
62869	 931324	 



TESTING result
accuracy   = 83.945 [%]
hit_count  = 92836
miss_count = 17756

class_accuracy = 92.66%   70.165%   


confusion_matrix = 
62766	 12785	 
4971	 30070	 




3 93.23443894766632 84.2384620949074 0.068974406 0.18883862 0.008285817 0.022399785 13.79 





=================================================
new best net in 3
TRAINING result
accuracy   = 93.234 [%]
hit_count  = 2741003
miss_count = 198901

class_accuracy = 97.664%   86.282%   


confusion_matrix = 
1753800	 156959	 
41942	 987203	 



TESTING result
accuracy   = 84.238 [%]
hit_count  = 93161
miss_count = 17431

class_accuracy = 94.24%   68.689%   


confusion_matrix = 
63420	 13556	 
3875	 29741	 




4 94.95252225923024 85.73043258101852 0.057562146 0.15998809 0.007033636 0.019393291 13.67 





=================================================
new best net in 4
TRAINING result
accuracy   = 94.953 [%]
hit_count  = 2791513
miss_count = 148391

class_accuracy = 98.424%   89.515%   


confusion_matrix = 
1766112	 120104	 
28287	 1025401	 



TESTING result
accuracy   = 85.73 [%]
hit_count  = 94811
miss_count = 15781

class_accuracy = 94.657%   71.702%   


confusion_matrix = 
63969	 12171	 
3610	 30842	 




5 96.35443878439568 85.52517361111111 0.04826512 0.16931066 0.006007372 0.02101954 13.52 

6 97.59968352708115 86.91767939814815 0.03909619 0.14718796 0.005333367 0.019481095 13.37 





=================================================
new best net in 6
TRAINING result
accuracy   = 97.6 [%]
hit_count  = 2869337
miss_count = 70567

class_accuracy = 99.317%   94.916%   


confusion_matrix = 
1780623	 58316	 
12251	 1088714	 



TESTING result
accuracy   = 86.918 [%]
hit_count  = 96124
miss_count = 14468

class_accuracy = 95.985%   72.702%   


confusion_matrix = 
64807	 11758	 
2710	 31317	 




7 98.78822573798328 86.12015335648148 0.029071713 0.14678337 0.004378186 0.01847134 13.24 

8 99.49828293712991 86.43482349537037 0.02089787 0.1350655 0.0032166832 0.016998693 13.1 

9 99.82247719653431 84.51334635416667 0.014942537 0.14146984 0.0023048965 0.01661939 12.97 

10 99.9447601010101 85.2882667824074 0.010884587 0.12856402 0.001628222 0.013557908 12.83 

11 99.98278855363985 84.99348958333333 0.008194694 0.1311413 0.0012063861 0.014151305 12.69 

12 99.99350318921978 85.47634548611111 0.0064128833 0.124327324 0.00089715346 0.014127863 12.55 

13 99.99697269026471 86.51529947916667 0.0052432762 0.11715451 0.000722522 0.013212119 12.41 

14 99.9984693377743 86.669921875 0.0044282214 0.11511477 0.0006127236 0.013652266 12.27 

15 99.99921766152909 86.94661458333333 0.0037868435 0.11294223 0.00052323926 0.013705215 12.12 





=================================================
new best net in 15
TRAINING result
accuracy   = 99.999 [%]
hit_count  = 2939881
miss_count = 23

class_accuracy = 100.0%   99.998%   


confusion_matrix = 
1795772	 20	 
3	 1144109	 



TESTING result
accuracy   = 86.947 [%]
hit_count  = 96156
miss_count = 14436

class_accuracy = 94.998%   74.405%   


confusion_matrix = 
63979	 11068	 
3368	 32177	 




16 99.99952379397422 86.62561487268519 0.003264516 0.11532658 0.00045354004 0.012574052 11.99 

17 99.99989795585162 87.00719762731481 0.002850071 0.11210856 0.00039310177 0.013310778 11.84 





=================================================
new best net in 17
TRAINING result
accuracy   = 100.0 [%]
hit_count  = 2939901
miss_count = 3

class_accuracy = 100.0%   100.0%   


confusion_matrix = 
1793491	 2	 
1	 1146410	 



TESTING result
accuracy   = 87.007 [%]
hit_count  = 96223
miss_count = 14369

class_accuracy = 95.846%   73.06%   


confusion_matrix = 
64876	 11558	 
2811	 31347	 




18 99.99989795585162 86.93033854166667 0.0025210546 0.11211506 0.00034329641 0.014194686 11.7 

19 99.99993197056774 86.98278356481481 0.002238492 0.11280185 0.00030598365 0.013458725 11.57 

20 99.99989795585162 86.80284288194444 0.0020149737 0.11241566 0.000279726 0.014040592 11.41 

21 99.99996598528388 87.25766782407408 0.0018143018 0.10955483 0.0002512134 0.013069653 11.27 





=================================================
new best net in 21
TRAINING result
accuracy   = 100.0 [%]
hit_count  = 2939903
miss_count = 1

class_accuracy = 100.0%   100.0%   


confusion_matrix = 
1795354	 1	 
0	 1144549	 



TESTING result
accuracy   = 87.258 [%]
hit_count  = 96500
miss_count = 14092

class_accuracy = 96.515%   72.723%   


confusion_matrix = 
65200	 11739	 
2353	 31300	 




22 100.0 87.28208188657408 0.001651813 0.109652616 0.00022855951 0.012883845 11.15 





=================================================
new best net in 22
TRAINING result
accuracy   = 100.0 [%]
hit_count  = 2939904
miss_count = 0

class_accuracy = 100.0%   100.0%   


confusion_matrix = 
1792436	 0	 
0	 1147468	 



TESTING result
accuracy   = 87.282 [%]
hit_count  = 96527
miss_count = 14065

class_accuracy = 96.814%   72.334%   


confusion_matrix = 
65372	 11915	 
2150	 31155	 




23 99.99996598528388 86.96198640046296 0.0015111833 0.11094593 0.00020877477 0.013636939 11.03 

24 99.99996598528388 87.46925636574075 0.0013920501 0.10832256 0.00019230931 0.012763282 10.91 





=================================================
new best net in 24
TRAINING result
accuracy   = 100.0 [%]
hit_count  = 2939903
miss_count = 1

class_accuracy = 100.0%   100.0%   


confusion_matrix = 
1793519	 1	 
0	 1146384	 



TESTING result
accuracy   = 87.469 [%]
hit_count  = 96734
miss_count = 13858

class_accuracy = 96.451%   73.448%   


confusion_matrix = 
65011	 11467	 
2391	 31723	 




25 99.99996598528388 87.61664496527777 0.0012944137 0.10733962 0.0001831641 0.013057299 10.79 





=================================================
new best net in 25
TRAINING result
accuracy   = 100.0 [%]
hit_count  = 2939903
miss_count = 1

class_accuracy = 100.0%   100.0%   


confusion_matrix = 
1795799	 1	 
0	 1144104	 



TESTING result
accuracy   = 87.617 [%]
hit_count  = 96897
miss_count = 13695

class_accuracy = 97.443%   72.13%   


confusion_matrix = 
65925	 11966	 
1729	 30972	 




26 100.0 87.44845920138889 0.0012035655 0.10757012 0.00016650865 0.013776416 10.66 

27 99.99996598528388 87.69892939814815 0.0011270356 0.10625311 0.00016030936 0.013283299 10.52 





=================================================
new best net in 27
TRAINING result
accuracy   = 100.0 [%]
hit_count  = 2939903
miss_count = 1

class_accuracy = 100.0%   100.0%   


confusion_matrix = 
1794083	 1	 
0	 1145820	 



TESTING result
accuracy   = 87.699 [%]
hit_count  = 96988
miss_count = 13604

class_accuracy = 97.619%   71.928%   


confusion_matrix = 
66267	 11989	 
1615	 30721	 




28 100.0 87.74685329861111 0.0010534552 0.10418032 0.00014639486 0.012891241 10.38 





=================================================
new best net in 28
TRAINING result
accuracy   = 100.0 [%]
hit_count  = 2939904
miss_count = 0

class_accuracy = 100.0%   100.0%   


confusion_matrix = 
1793926	 0	 
0	 1145978	 



TESTING result
accuracy   = 87.747 [%]
hit_count  = 97041
miss_count = 13551

class_accuracy = 97.632%   72.267%   


confusion_matrix = 
65889	 11954	 
1597	 31152	 




29 100.0 87.92136863425925 0.0009846827 0.10485992 0.00013652224 0.013181397 10.22 





=================================================
new best net in 29
TRAINING result
accuracy   = 100.0 [%]
hit_count  = 2939904
miss_count = 0

class_accuracy = 100.0%   100.0%   


confusion_matrix = 
1795015	 0	 
0	 1144889	 



TESTING result
accuracy   = 87.921 [%]
hit_count  = 97234
miss_count = 13358

class_accuracy = 97.415%   72.758%   


confusion_matrix = 
66247	 11601	 
1757	 30987	 




30 100.0 87.71068431712963 0.00092773064 0.10419337 0.00013325934 0.013441562 10.07 

31 100.0 88.13024450231481 0.0008746013 0.098811686 0.00012581823 0.012250278 9.92 





=================================================
new best net in 31
TRAINING result
accuracy   = 100.0 [%]
hit_count  = 2939904
miss_count = 0

class_accuracy = 100.0%   100.0%   


confusion_matrix = 
1793778	 0	 
0	 1146126	 



TESTING result
accuracy   = 88.13 [%]
hit_count  = 97465
miss_count = 13127

class_accuracy = 97.936%   72.685%   


confusion_matrix = 
66244	 11732	 
1395	 31221	 




32 99.99996598528388 88.33821614583333 0.0008270661 0.09953054 0.00012130549 0.012886616 9.78 





=================================================
new best net in 32
TRAINING result
accuracy   = 100.0 [%]
hit_count  = 2939903
miss_count = 1

class_accuracy = 100.0%   100.0%   


confusion_matrix = 
1795495	 1	 
0	 1144408	 



TESTING result
accuracy   = 88.338 [%]
hit_count  = 97695
miss_count = 12897

class_accuracy = 97.595%   73.824%   


confusion_matrix = 
65896	 11274	 
1623	 31799	 




33 100.0 88.29481336805556 0.0007778732 0.09885064 0.000112578346 0.012870599 9.63 

34 100.0 88.68905526620371 0.00073563535 0.09421972 0.00010610079 0.012462636 9.48 





=================================================
new best net in 34
TRAINING result
accuracy   = 100.0 [%]
hit_count  = 2939904
miss_count = 0

class_accuracy = 100.0%   100.0%   


confusion_matrix = 
1793713	 0	 
0	 1146191	 



TESTING result
accuracy   = 88.689 [%]
hit_count  = 98083
miss_count = 12509

class_accuracy = 97.832%   74.342%   


confusion_matrix = 
66076	 11046	 
1463	 32007	 




35 100.0 89.05074508101852 0.00069509837 0.09088954 0.0001020146 0.012102956 9.33 





=================================================
new best net in 35
TRAINING result
accuracy   = 100.0 [%]
hit_count  = 2939904
miss_count = 0

class_accuracy = 100.0%   100.0%   


confusion_matrix = 
1794476	 0	 
0	 1145428	 



TESTING result
accuracy   = 89.051 [%]
hit_count  = 98483
miss_count = 12109

class_accuracy = 97.773%   75.338%   


confusion_matrix = 
66083	 10605	 
1504	 32400	 




36 100.0 89.39254195601852 0.00065713277 0.08714896 9.437992e-05 0.012268865 9.18 





=================================================
new best net in 36
TRAINING result
accuracy   = 100.0 [%]
hit_count  = 2939904
miss_count = 0

class_accuracy = 100.0%   100.0%   


confusion_matrix = 
1793638	 0	 
0	 1146266	 



TESTING result
accuracy   = 89.393 [%]
hit_count  = 98861
miss_count = 11731

class_accuracy = 97.849%   76.173%   


confusion_matrix = 
65991	 10281	 
1450	 32870	 




37 100.0 89.6728515625 0.0006218729 0.084875576 9.1405505e-05 0.010408809 9.04 





=================================================
new best net in 37
TRAINING result
accuracy   = 100.0 [%]
hit_count  = 2939904
miss_count = 0

class_accuracy = 100.0%   100.0%   


confusion_matrix = 
1794724	 0	 
0	 1145180	 



TESTING result
accuracy   = 89.673 [%]
hit_count  = 99171
miss_count = 11421

class_accuracy = 97.797%   76.839%   


confusion_matrix = 
66224	 9930	 
1491	 32947	 




38 100.0 89.82204861111111 0.0005916469 0.08354462 8.696633e-05 0.011364008 8.9 





=================================================
new best net in 38
TRAINING result
accuracy   = 100.0 [%]
hit_count  = 2939904
miss_count = 0

class_accuracy = 100.0%   100.0%   


confusion_matrix = 
1793959	 0	 
0	 1145945	 



TESTING result
accuracy   = 89.822 [%]
hit_count  = 99336
miss_count = 11256

class_accuracy = 97.716%   77.433%   


confusion_matrix = 
66001	 9714	 
1542	 33335	 




39 100.0 89.94864004629629 0.00055856415 0.07904459 8.2354054e-05 0.0100146085 8.75 





=================================================
new best net in 39
TRAINING result
accuracy   = 100.0 [%]
hit_count  = 2939904
miss_count = 0

class_accuracy = 100.0%   100.0%   


confusion_matrix = 
1795368	 0	 
0	 1144536	 



TESTING result
accuracy   = 89.949 [%]
hit_count  = 99476
miss_count = 11116

class_accuracy = 97.952%   77.411%   


confusion_matrix = 
66111	 9735	 
1381	 33365	 




40 100.0 90.60691550925925 0.0005280306 0.07634622 7.7418794e-05 0.010237518 8.61 





=================================================
new best net in 40
TRAINING result
accuracy   = 100.0 [%]
hit_count  = 2939904
miss_count = 0

class_accuracy = 100.0%   100.0%   


confusion_matrix = 
1795354	 0	 
0	 1144550	 



TESTING result
accuracy   = 90.607 [%]
hit_count  = 100204
miss_count = 10388

class_accuracy = 97.86%   79.295%   


confusion_matrix = 
65935	 8947	 
1441	 34269	 




41 100.0 90.91073495370371 0.0005017872 0.07174746 7.4715594e-05 0.009484073 8.47 





=================================================
new best net in 41
TRAINING result
accuracy   = 100.0 [%]
hit_count  = 2939904
miss_count = 0

class_accuracy = 100.0%   100.0%   


confusion_matrix = 
1794193	 0	 
0	 1145711	 



TESTING result
accuracy   = 90.911 [%]
hit_count  = 100540
miss_count = 10052

class_accuracy = 98.033%   79.759%   


confusion_matrix = 
66152	 8726	 
1326	 34388	 




42 100.0 90.99211516203704 0.00047478522 0.07020982 7.005167e-05 0.009558282 8.32 





=================================================
new best net in 42
TRAINING result
accuracy   = 100.0 [%]
hit_count  = 2939904
miss_count = 0

class_accuracy = 100.0%   100.0%   


confusion_matrix = 
1794748	 0	 
0	 1145156	 



TESTING result
accuracy   = 90.992 [%]
hit_count  = 100630
miss_count = 9962

class_accuracy = 97.847%   80.232%   


confusion_matrix = 
66091	 8509	 
1453	 34539	 




43 100.0 91.82852285879629 0.00045121025 0.066391826 6.813561e-05 0.009175561 8.18 





=================================================
new best net in 43
TRAINING result
accuracy   = 100.0 [%]
hit_count  = 2939904
miss_count = 0

class_accuracy = 100.0%   100.0%   


confusion_matrix = 
1795317	 0	 
0	 1144587	 



TESTING result
accuracy   = 91.829 [%]
hit_count  = 101555
miss_count = 9037

class_accuracy = 97.854%   82.317%   


confusion_matrix = 
66240	 7585	 
1452	 35315	 




44 100.0 91.96144386574075 0.0004283823 0.06342522 6.479233e-05 0.008983764 8.03 





=================================================
new best net in 44
TRAINING result
accuracy   = 100.0 [%]
hit_count  = 2939904
miss_count = 0

class_accuracy = 100.0%   100.0%   


confusion_matrix = 
1793461	 0	 
0	 1146443	 



TESTING result
accuracy   = 91.961 [%]
hit_count  = 101702
miss_count = 8890

class_accuracy = 97.917%   82.596%   


confusion_matrix = 
66184	 7483	 
1407	 35518	 




45 100.0 92.38733362268519 0.0004076593 0.061391763 6.1222054e-05 0.008549772 7.89 





=================================================
new best net in 45
TRAINING result
accuracy   = 100.0 [%]
hit_count  = 2939904
miss_count = 0

class_accuracy = 100.0%   100.0%   


confusion_matrix = 
1795800	 0	 
0	 1144104	 



TESTING result
accuracy   = 92.387 [%]
hit_count  = 102173
miss_count = 8419

class_accuracy = 97.835%   83.876%   


confusion_matrix = 
65963	 6960	 
1459	 36210	 




46 100.0 92.78700086805556 0.00038712996 0.05839822 5.7832596e-05 0.008466273 7.75 





=================================================
new best net in 46
TRAINING result
accuracy   = 100.0 [%]
hit_count  = 2939904
miss_count = 0

class_accuracy = 100.0%   100.0%   


confusion_matrix = 
1795239	 0	 
0	 1144665	 



TESTING result
accuracy   = 92.787 [%]
hit_count  = 102615
miss_count = 7977

class_accuracy = 97.831%   84.866%   


confusion_matrix = 
66088	 6513	 
1464	 36527	 




47 100.0 92.70923755787037 0.00037049304 0.05877989 5.6675668e-05 0.008573883 7.6 

48 100.0 93.22554976851852 0.0003523815 0.055336308 5.325084e-05 0.008422677 7.46 





=================================================
new best net in 48
TRAINING result
accuracy   = 100.0 [%]
hit_count  = 2939904
miss_count = 0

class_accuracy = 100.0%   100.0%   


confusion_matrix = 
1794079	 0	 
0	 1145825	 



TESTING result
accuracy   = 93.226 [%]
hit_count  = 103100
miss_count = 7492

class_accuracy = 97.951%   85.872%   


confusion_matrix = 
65931	 6114	 
1378	 37169	 




49 100.0 94.08908420138889 0.00033562945 0.05246783 5.1369992e-05 0.008397119 7.31 





=================================================
new best net in 49
TRAINING result
accuracy   = 100.0 [%]
hit_count  = 2939904
miss_count = 0

class_accuracy = 100.0%   100.0%   


confusion_matrix = 
1795777	 0	 
0	 1144127	 



TESTING result
accuracy   = 94.089 [%]
hit_count  = 104055
miss_count = 6537

class_accuracy = 97.909%   88.147%   


confusion_matrix = 
65891	 5131	 
1406	 38164	 




50 100.0 93.96249276620371 0.00032171884 0.051874924 5.0231007e-05 0.008229478 7.17 

51 100.0 94.45891203703704 0.00030670076 0.05051382 4.748108e-05 0.007933028 7.02 





=================================================
new best net in 51
TRAINING result
accuracy   = 100.0 [%]
hit_count  = 2939904
miss_count = 0

class_accuracy = 100.0%   100.0%   


confusion_matrix = 
1794663	 0	 
0	 1145241	 



TESTING result
accuracy   = 94.459 [%]
hit_count  = 104464
miss_count = 6128

class_accuracy = 97.882%   89.124%   


confusion_matrix = 
65917	 4703	 
1425	 38547	 




52 100.0 94.921875 0.00029351344 0.048837256 4.6661888e-05 0.007524015 6.88 





=================================================
new best net in 52
TRAINING result
accuracy   = 100.0 [%]
hit_count  = 2939904
miss_count = 0

class_accuracy = 100.0%   100.0%   


confusion_matrix = 
1795973	 0	 
0	 1143931	 



TESTING result
accuracy   = 94.922 [%]
hit_count  = 104976
miss_count = 5616

class_accuracy = 97.82%   90.407%   


confusion_matrix = 
65866	 4149	 
1467	 39110	 




53 100.0 95.24468315972223 0.000280318 0.046973586 4.3293832e-05 0.007514481 6.74 





=================================================
new best net in 53
TRAINING result
accuracy   = 100.0 [%]
hit_count  = 2939904
miss_count = 0

class_accuracy = 100.0%   100.0%   


confusion_matrix = 
1794060	 0	 
0	 1145844	 



TESTING result
accuracy   = 95.245 [%]
hit_count  = 105333
miss_count = 5259

class_accuracy = 97.929%   91.034%   


confusion_matrix = 
66113	 3862	 
1397	 39220	 




54 100.0 95.07649739583333 0.00026771647 0.04580685 4.226164e-05 0.007852534 6.59 

55 100.0 95.8107277199074 0.0002569682 0.04373593 4.0440584e-05 0.006921911 6.45 





=================================================
new best net in 55
TRAINING result
accuracy   = 100.0 [%]
hit_count  = 2939904
miss_count = 0

class_accuracy = 100.0%   100.0%   


confusion_matrix = 
1793981	 0	 
0	 1145923	 



TESTING result
accuracy   = 95.811 [%]
hit_count  = 105959
miss_count = 4633

class_accuracy = 97.86%   92.619%   


confusion_matrix = 
65880	 3193	 
1440	 40079	 




56 100.0 95.31702112268519 0.00024561468 0.043711584 3.9744038e-05 0.0076471716 6.31 

57 100.0 96.29358362268519 0.0002341469 0.041064333 3.7978552e-05 0.007689169 6.16 





=================================================
new best net in 57
TRAINING result
accuracy   = 100.0 [%]
hit_count  = 2939904
miss_count = 0

class_accuracy = 100.0%   100.0%   


confusion_matrix = 
1794043	 0	 
0	 1145861	 



TESTING result
accuracy   = 96.294 [%]
hit_count  = 106493
miss_count = 4099

class_accuracy = 97.835%   93.838%   


confusion_matrix = 
66427	 2630	 
1469	 40066	 




58 100.0 95.73386863425925 0.00022326245 0.040649775 3.6178273e-05 0.008001649 6.02 

59 100.0 96.2501808449074 0.00021373593 0.03883915 3.5146237e-05 0.0073597697 5.88 

60 100.0 96.8162254050926 0.00020304232 0.037200265 3.4567554e-05 0.0069342153 5.74 





=================================================
new best net in 60
TRAINING result
accuracy   = 100.0 [%]
hit_count  = 2939904
miss_count = 0

class_accuracy = 100.0%   100.0%   


confusion_matrix = 
1795057	 0	 
0	 1144847	 



TESTING result
accuracy   = 96.816 [%]
hit_count  = 107071
miss_count = 3521

class_accuracy = 97.853%   95.19%   


confusion_matrix = 
66003	 2074	 
1447	 41068	 




61 100.0 97.26019965277777 0.00019432267 0.03645524 3.3321336e-05 0.0067890272 5.6 





=================================================
new best net in 61
TRAINING result
accuracy   = 100.0 [%]
hit_count  = 2939904
miss_count = 0

class_accuracy = 100.0%   100.0%   


confusion_matrix = 
1794020	 0	 
0	 1145884	 



TESTING result
accuracy   = 97.26 [%]
hit_count  = 107562
miss_count = 3030

class_accuracy = 97.921%   96.212%   


confusion_matrix = 
66311	 1623	 
1407	 41251	 




62 100.0 97.33434606481481 0.00018521497 0.03406983 3.219284e-05 0.00653414 5.46 





=================================================
new best net in 62
TRAINING result
accuracy   = 100.0 [%]
hit_count  = 2939904
miss_count = 0

class_accuracy = 100.0%   100.0%   


confusion_matrix = 
1793392	 0	 
0	 1146512	 



TESTING result
accuracy   = 97.334 [%]
hit_count  = 107644
miss_count = 2948

class_accuracy = 97.941%   96.385%   


confusion_matrix = 
65965	 1562	 
1386	 41679	 




63 100.0 97.81810619212963 0.0001775017 0.033010986 7.402816e-05 0.006905137 5.32 





=================================================
new best net in 63
TRAINING result
accuracy   = 100.0 [%]
hit_count  = 2939904
miss_count = 0

class_accuracy = 100.0%   100.0%   


confusion_matrix = 
1792805	 0	 
0	 1147099	 



TESTING result
accuracy   = 97.818 [%]
hit_count  = 108179
miss_count = 2413

class_accuracy = 97.879%   97.718%   


confusion_matrix = 
66085	 982	 
1431	 42094	 




64 99.99993197056774 97.81177662037037 0.0001697278 0.032089416 7.8774174e-05 0.006762392 5.17 

65 100.0 97.80183015046296 0.00016173795 0.03130051 3.147482e-05 0.00675739 5.03 

66 100.0 98.16804108796296 0.00015461167 0.029738097 6.4675805e-05 0.0070352633 4.89 





=================================================
new best net in 66
TRAINING result
accuracy   = 100.0 [%]
hit_count  = 2939904
miss_count = 0

class_accuracy = 100.0%   100.0%   


confusion_matrix = 
1793176	 0	 
0	 1146728	 



TESTING result
accuracy   = 98.168 [%]
hit_count  = 108566
miss_count = 2026

class_accuracy = 97.891%   98.601%   


confusion_matrix = 
66266	 599	 
1427	 42300	 




67 99.99996598528388 97.92932581018519 0.00015025405 0.02970256 0.00011611376 0.006684538 4.75 

68 99.99993197056774 98.0369285300926 0.00014371109 0.029535437 0.00010463994 0.0068422863 4.61 

69 99.99993197056774 98.21234809027777 0.00014050517 0.028632222 0.00014743165 0.006756967 4.46 





=================================================
new best net in 69
TRAINING result
accuracy   = 100.0 [%]
hit_count  = 2939902
miss_count = 2

class_accuracy = 100.0%   100.0%   


confusion_matrix = 
1794675	 2	 
0	 1145227	 



TESTING result
accuracy   = 98.212 [%]
hit_count  = 108615
miss_count = 1977

class_accuracy = 97.869%   98.746%   


confusion_matrix = 
66083	 539	 
1438	 42532	 




70 99.99989795585162 98.17346643518519 0.00013605939 0.028145758 0.00016232606 0.0063270126 4.32 

71 99.99976189698711 98.193359375 0.00013321906 0.027665375 0.00021821758 0.0067877094 4.17 

72 99.99955780869035 98.34346064814815 0.00013074181 0.027441612 0.00032029537 0.006573455 4.02 





=================================================
new best net in 72
TRAINING result
accuracy   = 100.0 [%]
hit_count  = 2939891
miss_count = 13

class_accuracy = 100.0%   99.999%   


confusion_matrix = 
1794946	 7	 
6	 1144945	 



TESTING result
accuracy   = 98.343 [%]
hit_count  = 108760
miss_count = 1832

class_accuracy = 97.88%   99.071%   


confusion_matrix = 
66300	 397	 
1435	 42460	 




73 99.99993197056774 98.40042679398148 0.00011996092 0.026359746 0.00011425139 0.006934377 3.87 





=================================================
new best net in 73
TRAINING result
accuracy   = 100.0 [%]
hit_count  = 2939902
miss_count = 2

class_accuracy = 100.0%   100.0%   


confusion_matrix = 
1794716	 2	 
0	 1145186	 



TESTING result
accuracy   = 98.4 [%]
hit_count  = 108823
miss_count = 1769

class_accuracy = 97.905%   99.166%   


confusion_matrix = 
65889	 360	 
1409	 42934	 




74 99.99959182340648 98.32718460648148 0.00012077112 0.026515495 0.000290727 0.007174736 3.72 

75 99.99965985283873 98.388671875 0.00012215029 0.030304847 0.00025054146 0.0068753804 3.57 

76 99.99986394113549 98.49717881944444 0.00011380908 0.025399288 0.00024057965 0.0064692763 3.43 





=================================================
new best net in 76
TRAINING result
accuracy   = 100.0 [%]
hit_count  = 2939900
miss_count = 4

class_accuracy = 100.0%   100.0%   


confusion_matrix = 
1793262	 3	 
1	 1146638	 



TESTING result
accuracy   = 98.497 [%]
hit_count  = 108930
miss_count = 1662

class_accuracy = 97.831%   99.543%   


confusion_matrix = 
66228	 195	 
1467	 42702	 




77 99.99979591170325 98.50260416666667 0.00011166011 0.024681868 0.00020827966 0.006805871 3.29 





=================================================
new best net in 77
TRAINING result
accuracy   = 100.0 [%]
hit_count  = 2939898
miss_count = 6

class_accuracy = 100.0%   99.999%   


confusion_matrix = 
1795674	 6	 
0	 1144224	 



TESTING result
accuracy   = 98.503 [%]
hit_count  = 108936
miss_count = 1656

class_accuracy = 97.838%   99.546%   


confusion_matrix = 
66200	 194	 
1462	 42736	 




78 99.99962583812261 98.4718605324074 0.00011030639 0.024966203 0.0002692449 0.0070716734 3.15 

79 99.99979591170325 98.5595703125 0.000105679814 0.024533877 0.00019817949 0.00653566 3.0 





=================================================
new best net in 79
TRAINING result
accuracy   = 100.0 [%]
hit_count  = 2939898
miss_count = 6

class_accuracy = 100.0%   99.999%   


confusion_matrix = 
1793366	 6	 
0	 1146532	 



TESTING result
accuracy   = 98.56 [%]
hit_count  = 108999
miss_count = 1593

class_accuracy = 97.829%   99.707%   


confusion_matrix = 
66186	 125	 
1468	 42813	 




80 99.99986394113549 98.63190827546296 9.971706e-05 0.023152478 0.00014561827 0.006488853 2.86 





=================================================
new best net in 80
TRAINING result
accuracy   = 100.0 [%]
hit_count  = 2939900
miss_count = 4

class_accuracy = 100.0%   100.0%   


confusion_matrix = 
1795177	 2	 
2	 1144723	 



TESTING result
accuracy   = 98.632 [%]
hit_count  = 109079
miss_count = 1513

class_accuracy = 97.924%   99.724%   


confusion_matrix = 
65797	 119	 
1394	 43282	 




81 99.99972788227099 98.58308015046296 0.000100284306 0.023422496 0.00022217231 0.0070196074 2.72 

82 99.99986394113549 98.66536458333333 9.7439144e-05 0.022824928 0.00021136594 0.0067743296 2.58 





=================================================
new best net in 82
TRAINING result
accuracy   = 100.0 [%]
hit_count  = 2939900
miss_count = 4

class_accuracy = 100.0%   100.0%   


confusion_matrix = 
1795347	 1	 
3	 1144553	 



TESTING result
accuracy   = 98.665 [%]
hit_count  = 109116
miss_count = 1476

class_accuracy = 97.922%   99.819%   


confusion_matrix = 
65982	 77	 
1399	 43134	 




83 99.99979591170325 98.60568576388889 9.605364e-05 0.023386871 0.00021494474 0.0067888782 2.44 

84 99.99952379397422 98.57494212962963 9.534055e-05 0.022816455 0.00027497404 0.0068661077 2.29 

85 99.99962583812261 98.61201533564815 9.084938e-05 0.022166133 0.00021975371 0.0064006215 2.15 

86 99.99986394113549 98.61291956018519 8.532576e-05 0.021821354 0.00014754008 0.006638457 2.01 

87 99.99976189698711 98.65089699074075 9.3222865e-05 0.021843938 0.00027474368 0.0067373817 1.86 

88 99.99979591170325 98.57855902777777 8.4020816e-05 0.022012267 0.00018922972 0.006838607 1.72 

89 99.99979591170325 98.62196180555556 8.3809195e-05 0.021755883 0.00022873787 0.00675508 1.58 

90 99.99976189698711 98.6427589699074 8.371987e-05 0.021823816 0.0002258336 0.0064542945 1.44 

91 99.99972788227099 98.6228660300926 7.8178215e-05 0.021404676 0.00024997647 0.0068113836 1.29 

92 99.99955780869035 98.70243778935185 7.814956e-05 0.021869134 0.00026703774 0.0066704312 1.15 





=================================================
new best net in 92
TRAINING result
accuracy   = 100.0 [%]
hit_count  = 2939891
miss_count = 13

class_accuracy = 100.0%   99.999%   


confusion_matrix = 
1794648	 8	 
5	 1145243	 



TESTING result
accuracy   = 98.702 [%]
hit_count  = 109157
miss_count = 1435

class_accuracy = 97.897%   99.951%   


confusion_matrix = 
65929	 20	 
1415	 43228	 




93 99.99986394113549 98.67711950231481 7.44798e-05 0.020684004 0.00014776237 0.0068576215 1.01 

94 99.99986394113549 98.68706597222223 7.309964e-05 0.02035024 0.0001425277 0.006521942 0.86 

95 99.99989795585162 98.72594762731481 7.525753e-05 0.019971235 0.00020226972 0.0063088546 0.72 





=================================================
new best net in 95
TRAINING result
accuracy   = 100.0 [%]
hit_count  = 2939901
miss_count = 3

class_accuracy = 100.0%   100.0%   


confusion_matrix = 
1794794	 3	 
0	 1145107	 



TESTING result
accuracy   = 98.726 [%]
hit_count  = 109183
miss_count = 1409

class_accuracy = 97.954%   99.946%   


confusion_matrix = 
66448	 22	 
1387	 42735	 




96 99.99959182340648 98.64818431712963 7.887032e-05 0.020570515 0.00026106532 0.007085479 0.58 

97 99.99955780869035 98.65541811342592 7.441958e-05 0.020825915 0.0002434194 0.007070377 0.43 

98 99.99972788227099 98.63190827546296 7.165041e-05 0.020505004 0.00022314057 0.0072328337 0.29 

99 99.99952379397422 98.61924913194444 7.229831e-05 0.021196056 0.00028519885 0.0070463764 0.14 

