loading  /home/jasencakova/dataset/cells/priamy_kanal/sim_2xKSin1_D_hct15_seed5_rigid31_2/rbc0_sim_2xKSin1_D_hct15_seed5_rigid31_2.dat
shape =  (8, 733)
733
loading  /home/jasencakova/dataset/cells/priamy_kanal/sim_2xKSin1_D_hct15_seed5_rigid31_2/rbc1_sim_2xKSin1_D_hct15_seed5_rigid31_2.dat
shape =  (8, 733)
733
loading  /home/jasencakova/dataset/cells/priamy_kanal/sim_2xKSin1_D_hct15_seed5_rigid31_2/rbc2_sim_2xKSin1_D_hct15_seed5_rigid31_2.dat
shape =  (8, 733)
733
loading  /home/jasencakova/dataset/cells/priamy_kanal/sim_2xKSin1_D_hct15_seed5_rigid31_2/rbc3_sim_2xKSin1_D_hct15_seed5_rigid31_2.dat
shape =  (8, 733)
733
loading  /home/jasencakova/dataset/cells/priamy_kanal/sim_2xKSin1_D_hct15_seed5_rigid31_2/rbc4_sim_2xKSin1_D_hct15_seed5_rigid31_2.dat
shape =  (8, 733)
733
loading  /home/jasencakova/dataset/cells/priamy_kanal/sim_2xKSin1_D_hct15_seed5_rigid31_2/rbc5_sim_2xKSin1_D_hct15_seed5_rigid31_2.dat
shape =  (8, 733)
733
loading  /home/jasencakova/dataset/cells/priamy_kanal/sim_2xKSin1_D_hct15_seed5_rigid31_2/rbc6_sim_2xKSin1_D_hct15_seed5_rigid31_2.dat
shape =  (8, 733)
733
loading  /home/jasencakova/dataset/cells/priamy_kanal/sim_2xKSin1_D_hct15_seed5_rigid31_2/rbc7_sim_2xKSin1_D_hct15_seed5_rigid31_2.dat
shape =  (8, 733)
733
loading  /home/jasencakova/dataset/cells/priamy_kanal/sim_2xKSin1_D_hct15_seed5_rigid31_2/rbc8_sim_2xKSin1_D_hct15_seed5_rigid31_2.dat
shape =  (8, 733)
733
loading  /home/jasencakova/dataset/cells/priamy_kanal/sim_2xKSin1_D_hct15_seed5_rigid31_2/rbc9_sim_2xKSin1_D_hct15_seed5_rigid31_2.dat
shape =  (8, 733)
733
loading  /home/jasencakova/dataset/cells/priamy_kanal/sim_2xKSin1_D_hct15_seed5_rigid31_2/rbc10_sim_2xKSin1_D_hct15_seed5_rigid31_2.dat
shape =  (8, 733)
733
loading  /home/jasencakova/dataset/cells/priamy_kanal/sim_2xKSin1_D_hct15_seed5_rigid31_2/rbc11_sim_2xKSin1_D_hct15_seed5_rigid31_2.dat
shape =  (8, 733)
733
loading  /home/jasencakova/dataset/cells/priamy_kanal/sim_2xKSin1_D_hct15_seed5_rigid31_2/rbc12_sim_2xKSin1_D_hct15_seed5_rigid31_2.dat
shape =  (8, 733)
733
loading  /home/jasencakova/dataset/cells/priamy_kanal/sim_2xKSin1_D_hct15_seed5_rigid31_2/rbc13_sim_2xKSin1_D_hct15_seed5_rigid31_2.dat
shape =  (8, 733)
733
loading  /home/jasencakova/dataset/cells/priamy_kanal/sim_2xKSin1_D_hct15_seed5_rigid31_2/rbc14_sim_2xKSin1_D_hct15_seed5_rigid31_2.dat
shape =  (8, 733)
733
loading  /home/jasencakova/dataset/cells/priamy_kanal/sim_2xKSin1_D_hct15_seed5_rigid31_2/rbc15_sim_2xKSin1_D_hct15_seed5_rigid31_2.dat
shape =  (8, 733)
733
loading  /home/jasencakova/dataset/cells/priamy_kanal/sim_2xKSin1_D_hct15_seed5_rigid31_2/rbc16_sim_2xKSin1_D_hct15_seed5_rigid31_2.dat
shape =  (8, 733)
733
loading  /home/jasencakova/dataset/cells/priamy_kanal/sim_2xKSin1_D_hct15_seed5_rigid31_2/rbc17_sim_2xKSin1_D_hct15_seed5_rigid31_2.dat
shape =  (8, 733)
733
loading  /home/jasencakova/dataset/cells/priamy_kanal/sim_2xKSin1_D_hct15_seed5_rigid31_2/rbc18_sim_2xKSin1_D_hct15_seed5_rigid31_2.dat
shape =  (8, 733)
733
loading  /home/jasencakova/dataset/cells/priamy_kanal/sim_2xKSin1_D_hct15_seed5_rigid31_2/rbc19_sim_2xKSin1_D_hct15_seed5_rigid31_2.dat
shape =  (8, 733)
733
loading  /home/jasencakova/dataset/cells/priamy_kanal/sim_2xKSin1_D_hct15_seed5_rigid31_2/rbc20_sim_2xKSin1_D_hct15_seed5_rigid31_2.dat
shape =  (8, 733)
733
loading  /home/jasencakova/dataset/cells/priamy_kanal/sim_2xKSin1_D_hct15_seed5_rigid31_2/rbc21_sim_2xKSin1_D_hct15_seed5_rigid31_2.dat
shape =  (8, 733)
733
loading  /home/jasencakova/dataset/cells/priamy_kanal/sim_2xKSin1_D_hct15_seed5_rigid31_2/rbc22_sim_2xKSin1_D_hct15_seed5_rigid31_2.dat
shape =  (8, 733)
733
loading  /home/jasencakova/dataset/cells/priamy_kanal/sim_2xKSin1_D_hct15_seed5_rigid31_2/rbc23_sim_2xKSin1_D_hct15_seed5_rigid31_2.dat
shape =  (8, 733)
733
loading  /home/jasencakova/dataset/cells/priamy_kanal/sim_2xKSin1_D_hct15_seed5_rigid31_2/rbc24_sim_2xKSin1_D_hct15_seed5_rigid31_2.dat
shape =  (8, 733)
733
loading  /home/jasencakova/dataset/cells/priamy_kanal/sim_2xKSin1_D_hct15_seed5_rigid31_2/rbc25_sim_2xKSin1_D_hct15_seed5_rigid31_2.dat
shape =  (8, 733)
733
loading  /home/jasencakova/dataset/cells/priamy_kanal/sim_2xKSin1_D_hct15_seed5_rigid31_2/rbc26_sim_2xKSin1_D_hct15_seed5_rigid31_2.dat
shape =  (8, 733)
733
loading  /home/jasencakova/dataset/cells/priamy_kanal/sim_2xKSin1_D_hct15_seed5_rigid31_2/rbc27_sim_2xKSin1_D_hct15_seed5_rigid31_2.dat
shape =  (8, 733)
733
loading  /home/jasencakova/dataset/cells/priamy_kanal/sim_2xKSin1_D_hct15_seed5_rigid31_2/rbc28_sim_2xKSin1_D_hct15_seed5_rigid31_2.dat
shape =  (8, 733)
733
loading  /home/jasencakova/dataset/cells/priamy_kanal/sim_2xKSin1_D_hct15_seed5_rigid31_2/rbc29_sim_2xKSin1_D_hct15_seed5_rigid31_2.dat
shape =  (8, 733)
733
loading  /home/jasencakova/dataset/cells/priamy_kanal/sim_2xKSin1_D_hct15_seed5_rigid31_2/rbc30_sim_2xKSin1_D_hct15_seed5_rigid31_2.dat
shape =  (8, 733)
733
loading  /home/jasencakova/dataset/cells/priamy_kanal/sim_2xKSin1_D_hct15_seed5_rigid31_2/rbc31_sim_2xKSin1_D_hct15_seed5_rigid31_2.dat
shape =  (8, 733)
733
loading  /home/jasencakova/dataset/cells/priamy_kanal/sim_2xKSin1_D_hct15_seed5_rigid31_2/rbc32_sim_2xKSin1_D_hct15_seed5_rigid31_2.dat
shape =  (8, 733)
733
loading  /home/jasencakova/dataset/cells/priamy_kanal/sim_2xKSin1_D_hct15_seed5_rigid31_2/rbc33_sim_2xKSin1_D_hct15_seed5_rigid31_2.dat
shape =  (8, 733)
733
loading  /home/jasencakova/dataset/cells/priamy_kanal/sim_2xKSin1_D_hct15_seed5_rigid31_2/rbc34_sim_2xKSin1_D_hct15_seed5_rigid31_2.dat
shape =  (8, 733)
733
loading  /home/jasencakova/dataset/cells/priamy_kanal/sim_2xKSin1_D_hct15_seed5_rigid31_2/rbc35_sim_2xKSin1_D_hct15_seed5_rigid31_2.dat
shape =  (8, 733)
733
loading  /home/jasencakova/dataset/cells/priamy_kanal/sim_2xKSin1_D_hct15_seed5_rigid31_2/rbc36_sim_2xKSin1_D_hct15_seed5_rigid31_2.dat
shape =  (8, 733)
733
loading  /home/jasencakova/dataset/cells/priamy_kanal/sim_2xKSin1_D_hct15_seed5_rigid31_2/rbc37_sim_2xKSin1_D_hct15_seed5_rigid31_2.dat
shape =  (8, 733)
733
loading  /home/jasencakova/dataset/cells/priamy_kanal/sim_2xKSin1_D_hct15_seed5_rigid31_2/rbc38_sim_2xKSin1_D_hct15_seed5_rigid31_2.dat
shape =  (8, 733)
733
loading  /home/jasencakova/dataset/cells/priamy_kanal/sim_2xKSin1_D_hct15_seed5_rigid31_2/rbc39_sim_2xKSin1_D_hct15_seed5_rigid31_2.dat
shape =  (8, 733)
733
loading  /home/jasencakova/dataset/cells/priamy_kanal/sim_2xKSin1_D_hct15_seed5_rigid31_2/rbc40_sim_2xKSin1_D_hct15_seed5_rigid31_2.dat
shape =  (8, 733)
733
loading  /home/jasencakova/dataset/cells/priamy_kanal/sim_2xKSin1_D_hct15_seed5_rigid31_2/rbc41_sim_2xKSin1_D_hct15_seed5_rigid31_2.dat
shape =  (8, 733)
733
loading  /home/jasencakova/dataset/cells/priamy_kanal/sim_2xKSin1_D_hct15_seed5_rigid31_2/rbc42_sim_2xKSin1_D_hct15_seed5_rigid31_2.dat
shape =  (8, 733)
733
loading  /home/jasencakova/dataset/cells/priamy_kanal/sim_2xKSin1_D_hct15_seed5_rigid31_2/rbc43_sim_2xKSin1_D_hct15_seed5_rigid31_2.dat
shape =  (8, 733)
733
loading  /home/jasencakova/dataset/cells/priamy_kanal/sim_2xKSin1_D_hct15_seed5_rigid31_2/rbc44_sim_2xKSin1_D_hct15_seed5_rigid31_2.dat
shape =  (8, 733)
733
loading  /home/jasencakova/dataset/cells/priamy_kanal/sim_2xKSin1_D_hct15_seed5_rigid31_2/rbc45_sim_2xKSin1_D_hct15_seed5_rigid31_2.dat
shape =  (8, 733)
733
loading  /home/jasencakova/dataset/cells/priamy_kanal/sim_2xKSin1_D_hct15_seed5_rigid31_2/rbc46_sim_2xKSin1_D_hct15_seed5_rigid31_2.dat
shape =  (8, 733)
733
loading  /home/jasencakova/dataset/cells/priamy_kanal/sim_2xKSin1_D_hct15_seed5_rigid31_2/rbc47_sim_2xKSin1_D_hct15_seed5_rigid31_2.dat
shape =  (8, 733)
733
loading  /home/jasencakova/dataset/cells/priamy_kanal/sim_2xKSin1_D_hct15_seed5_rigid31_2/rbc48_sim_2xKSin1_D_hct15_seed5_rigid31_2.dat
shape =  (8, 733)
733
loading  /home/jasencakova/dataset/cells/priamy_kanal/sim_2xKSin1_D_hct15_seed5_rigid31_2/rbc49_sim_2xKSin1_D_hct15_seed5_rigid31_2.dat
shape =  (8, 733)
733
loading  /home/jasencakova/dataset/cells/priamy_kanal/sim_2xKSin1_D_hct15_seed5_rigid31_2/rbc50_sim_2xKSin1_D_hct15_seed5_rigid31_2.dat
shape =  (8, 733)
733
loading  /home/jasencakova/dataset/cells/priamy_kanal/sim_2xKSin1_D_hct15_seed5_rigid31_2/rbc51_sim_2xKSin1_D_hct15_seed5_rigid31_2.dat
shape =  (8, 733)
733
loading  /home/jasencakova/dataset/cells/priamy_kanal/sim_2xKSin1_D_hct15_seed5_rigid31_2/rbc52_sim_2xKSin1_D_hct15_seed5_rigid31_2.dat
shape =  (8, 733)
733
loading  /home/jasencakova/dataset/cells/priamy_kanal/sim_2xKSin1_D_hct15_seed5_rigid31_2/rbc53_sim_2xKSin1_D_hct15_seed5_rigid31_2.dat
shape =  (8, 733)
733
loading  /home/jasencakova/dataset/cells/priamy_kanal/sim_2xKSin1_D_hct15_seed5_rigid31_2/rbc54_sim_2xKSin1_D_hct15_seed5_rigid31_2.dat
shape =  (8, 733)
733
loading  /home/jasencakova/dataset/cells/priamy_kanal/sim_2xKSin1_D_hct15_seed5_rigid31_2/rbc55_sim_2xKSin1_D_hct15_seed5_rigid31_2.dat
shape =  (8, 733)
733
loading  /home/jasencakova/dataset/cells/priamy_kanal/sim_2xKSin1_D_hct15_seed5_rigid31_2/rbc56_sim_2xKSin1_D_hct15_seed5_rigid31_2.dat
shape =  (8, 733)
733
loading  /home/jasencakova/dataset/cells/priamy_kanal/sim_2xKSin1_D_hct15_seed5_rigid31_2/rbc57_sim_2xKSin1_D_hct15_seed5_rigid31_2.dat
shape =  (8, 733)
733
loading  /home/jasencakova/dataset/cells/priamy_kanal/sim_2xKSin1_D_hct15_seed5_rigid31_2/rbc58_sim_2xKSin1_D_hct15_seed5_rigid31_2.dat
shape =  (8, 733)
733
loading  /home/jasencakova/dataset/cells/priamy_kanal/sim_2xKSin1_D_hct15_seed5_rigid31_2/rbc59_sim_2xKSin1_D_hct15_seed5_rigid31_2.dat
shape =  (8, 733)
733
loading  /home/jasencakova/dataset/cells/priamy_kanal/sim_2xKSin1_D_hct15_seed5_rigid31_2/rbc60_sim_2xKSin1_D_hct15_seed5_rigid31_2.dat
shape =  (8, 733)
733
loading  /home/jasencakova/dataset/cells/priamy_kanal/sim_2xKSin1_D_hct15_seed5_rigid31_2/rbc61_sim_2xKSin1_D_hct15_seed5_rigid31_2.dat
shape =  (8, 733)
733
loading  /home/jasencakova/dataset/cells/priamy_kanal/sim_2xKSin1_D_hct15_seed5_rigid31_2/rbc62_sim_2xKSin1_D_hct15_seed5_rigid31_2.dat
shape =  (8, 733)
733
loading  /home/jasencakova/dataset/cells/priamy_kanal/sim_2xKSin1_D_hct15_seed5_rigid31_2/rbc63_sim_2xKSin1_D_hct15_seed5_rigid31_2.dat
shape =  (8, 733)
733
loading  /home/jasencakova/dataset/cells/priamy_kanal/sim_2xKSin1_D_hct15_seed5_rigid31_2/rbc64_sim_2xKSin1_D_hct15_seed5_rigid31_2.dat
shape =  (8, 733)
733
loading  /home/jasencakova/dataset/cells/priamy_kanal/sim_2xKSin1_D_hct15_seed5_rigid31_2/rbc65_sim_2xKSin1_D_hct15_seed5_rigid31_2.dat
shape =  (8, 733)
733
loading  /home/jasencakova/dataset/cells/priamy_kanal/sim_2xKSin1_D_hct15_seed5_rigid31_2/rbc66_sim_2xKSin1_D_hct15_seed5_rigid31_2.dat
shape =  (8, 733)
733
loading  /home/jasencakova/dataset/cells/priamy_kanal/sim_2xKSin1_D_hct15_seed5_rigid31_2/rbc67_sim_2xKSin1_D_hct15_seed5_rigid31_2.dat
shape =  (8, 733)
733
loading  /home/jasencakova/dataset/cells/priamy_kanal/sim_2xKSin1_D_hct15_seed5_rigid31_2/rbc68_sim_2xKSin1_D_hct15_seed5_rigid31_2.dat
shape =  (8, 733)
733
loading  /home/jasencakova/dataset/cells/priamy_kanal/sim_2xKSin1_D_hct15_seed5_rigid31_2/rbc69_sim_2xKSin1_D_hct15_seed5_rigid31_2.dat
shape =  (8, 733)
733
loading  /home/jasencakova/dataset/cells/priamy_kanal/sim_2xKSin1_D_hct15_seed5_rigid31_2/rbc70_sim_2xKSin1_D_hct15_seed5_rigid31_2.dat
shape =  (8, 733)
733
loading  /home/jasencakova/dataset/cells/priamy_kanal/sim_2xKSin1_D_hct15_seed5_rigid31_2/rbc71_sim_2xKSin1_D_hct15_seed5_rigid31_2.dat
shape =  (8, 733)
733
loading  /home/jasencakova/dataset/cells/priamy_kanal/sim_2xKSin1_D_hct15_seed5_rigid31_2/rbc72_sim_2xKSin1_D_hct15_seed5_rigid31_2.dat
shape =  (8, 733)
733
loading  /home/jasencakova/dataset/cells/priamy_kanal/sim_2xKSin1_D_hct15_seed5_rigid31_2/rbc73_sim_2xKSin1_D_hct15_seed5_rigid31_2.dat
shape =  (8, 733)
733
loading  /home/jasencakova/dataset/cells/priamy_kanal/sim_2xKSin1_D_hct15_seed5_rigid31_2/rbc74_sim_2xKSin1_D_hct15_seed5_rigid31_2.dat
shape =  (8, 733)
733
loading  /home/jasencakova/dataset/cells/priamy_kanal/sim_2xKSin1_D_hct15_seed5_rigid31_2/rbc75_sim_2xKSin1_D_hct15_seed5_rigid31_2.dat
shape =  (8, 733)
733
loading  /home/jasencakova/dataset/cells/priamy_kanal/sim_2xKSin1_D_hct15_seed5_rigid31_2/rbc76_sim_2xKSin1_D_hct15_seed5_rigid31_2.dat
shape =  (8, 733)
733
loading  /home/jasencakova/dataset/cells/priamy_kanal/sim_2xKSin1_D_hct15_seed5_rigid31_2/rbc77_sim_2xKSin1_D_hct15_seed5_rigid31_2.dat
shape =  (8, 733)
733
loading  /home/jasencakova/dataset/cells/priamy_kanal/sim_2xKSin1_D_hct15_seed5_rigid31_2/rbc78_sim_2xKSin1_D_hct15_seed5_rigid31_2.dat
shape =  (8, 733)
733
loading  /home/jasencakova/dataset/cells/priamy_kanal/sim_2xKSin1_D_hct15_seed5_rigid31_2/rbc79_sim_2xKSin1_D_hct15_seed5_rigid31_2.dat
shape =  (8, 733)
733
loading  /home/jasencakova/dataset/cells/priamy_kanal/sim_2xKSin1_D_hct15_seed5_rigid31_2/rbc80_sim_2xKSin1_D_hct15_seed5_rigid31_2.dat
shape =  (8, 733)
733
loading  /home/jasencakova/dataset/cells/priamy_kanal/sim_2xKSin1_D_hct15_seed5_rigid31_2/rbc81_sim_2xKSin1_D_hct15_seed5_rigid31_2.dat
shape =  (8, 733)
733
loading  /home/jasencakova/dataset/cells/priamy_kanal/sim_2xKSin1_D_hct15_seed5_rigid31_2/rbc82_sim_2xKSin1_D_hct15_seed5_rigid31_2.dat
shape =  (8, 733)
733
loading  /home/jasencakova/dataset/cells/priamy_kanal/sim_2xKSin1_D_hct15_seed5_rigid31_2/rbc83_sim_2xKSin1_D_hct15_seed5_rigid31_2.dat
shape =  (8, 733)
733
loading  /home/jasencakova/dataset/cells/priamy_kanal/sim_2xKSin1_D_hct15_seed5_rigid31_2/rbc84_sim_2xKSin1_D_hct15_seed5_rigid31_2.dat
shape =  (8, 733)
733
loading  /home/jasencakova/dataset/cells/priamy_kanal/sim_2xKSin1_D_hct15_seed5_rigid31_2/rbc85_sim_2xKSin1_D_hct15_seed5_rigid31_2.dat
shape =  (8, 733)
733
loading  /home/jasencakova/dataset/cells/priamy_kanal/sim_2xKSin1_D_hct15_seed5_rigid31_2/rbc86_sim_2xKSin1_D_hct15_seed5_rigid31_2.dat
shape =  (8, 733)
733
loading  /home/jasencakova/dataset/cells/priamy_kanal/sim_2xKSin1_D_hct15_seed5_rigid31_2/rbc87_sim_2xKSin1_D_hct15_seed5_rigid31_2.dat
shape =  (8, 733)
733
loading  /home/jasencakova/dataset/cells/priamy_kanal/sim_2xKSin1_D_hct15_seed5_rigid31_2/rbc88_sim_2xKSin1_D_hct15_seed5_rigid31_2.dat
shape =  (8, 733)
733
loading  /home/jasencakova/dataset/cells/priamy_kanal/sim_2xKSin1_D_hct15_seed5_rigid31_2/rbc89_sim_2xKSin1_D_hct15_seed5_rigid31_2.dat
shape =  (8, 733)
733
loading  /home/jasencakova/dataset/cells/priamy_kanal/sim_2xKSin1_D_hct15_seed5_rigid31_2/rbc90_sim_2xKSin1_D_hct15_seed5_rigid31_2.dat
shape =  (8, 733)
733
loading  /home/jasencakova/dataset/cells/priamy_kanal/sim_2xKSin1_D_hct15_seed5_rigid31_2/rbc91_sim_2xKSin1_D_hct15_seed5_rigid31_2.dat
shape =  (8, 733)
733
loading  /home/jasencakova/dataset/cells/priamy_kanal/sim_2xKSin1_D_hct15_seed5_rigid31_2/rbc92_sim_2xKSin1_D_hct15_seed5_rigid31_2.dat
shape =  (8, 733)
733
loading  /home/jasencakova/dataset/cells/priamy_kanal/sim_2xKSin1_D_hct15_seed5_rigid31_2/rbc93_sim_2xKSin1_D_hct15_seed5_rigid31_2.dat
shape =  (8, 733)
733
loading  /home/jasencakova/dataset/cells/priamy_kanal/sim_2xKSin1_D_hct15_seed5_rigid31_2/rbc94_sim_2xKSin1_D_hct15_seed5_rigid31_2.dat
shape =  (8, 733)
733
loading  /home/jasencakova/dataset/cells/priamy_kanal/sim_2xKSin1_D_hct15_seed5_rigid31_2/rbc95_sim_2xKSin1_D_hct15_seed5_rigid31_2.dat
shape =  (8, 733)
733
loading  /home/jasencakova/dataset/cells/priamy_kanal/sim_2xKSin1_D_hct15_seed5_rigid31_2/rbc96_sim_2xKSin1_D_hct15_seed5_rigid31_2.dat
shape =  (8, 733)
733
loading  /home/jasencakova/dataset/cells/priamy_kanal/sim_2xKSin1_D_hct15_seed5_rigid31_2/rbc97_sim_2xKSin1_D_hct15_seed5_rigid31_2.dat
shape =  (8, 733)
733
loading  /home/jasencakova/dataset/cells/priamy_kanal/sim_2xKSin1_D_hct15_seed5_rigid31_2/rbc98_sim_2xKSin1_D_hct15_seed5_rigid31_2.dat
shape =  (8, 733)
733
loading  /home/jasencakova/dataset/cells/priamy_kanal/sim_2xKSin1_D_hct15_seed5_rigid31_2/rbc99_sim_2xKSin1_D_hct15_seed5_rigid31_2.dat
shape =  (8, 733)
733
loading  /home/jasencakova/dataset/cells/priamy_kanal/sim_2xKSin1_D_hct15_seed5_rigid31_2/rbc100_sim_2xKSin1_D_hct15_seed5_rigid31_2.dat
shape =  (8, 733)
733
loading  /home/jasencakova/dataset/cells/priamy_kanal/sim_2xKSin1_D_hct15_seed5_rigid31_2/rbc101_sim_2xKSin1_D_hct15_seed5_rigid31_2.dat
shape =  (8, 733)
733
loading  /home/jasencakova/dataset/cells/priamy_kanal/sim_2xKSin1_D_hct15_seed5_rigid31_2/rbc102_sim_2xKSin1_D_hct15_seed5_rigid31_2.dat
shape =  (8, 733)
733
loading  /home/jasencakova/dataset/cells/priamy_kanal/sim_2xKSin1_D_hct15_seed5_rigid31_2/rbc103_sim_2xKSin1_D_hct15_seed5_rigid31_2.dat
shape =  (8, 733)
733
loading  /home/jasencakova/dataset/cells/priamy_kanal/sim_2xKSin1_D_hct15_seed5_rigid31_2/rbc104_sim_2xKSin1_D_hct15_seed5_rigid31_2.dat
shape =  (8, 733)
733
loading  /home/jasencakova/dataset/cells/priamy_kanal/sim_2xKSin1_D_hct15_seed5_rigid31_2/rbc105_sim_2xKSin1_D_hct15_seed5_rigid31_2.dat
shape =  (8, 733)
733
loading  /home/jasencakova/dataset/cells/priamy_kanal/sim_2xKSin1_D_hct15_seed5_rigid31_2/rbc106_sim_2xKSin1_D_hct15_seed5_rigid31_2.dat
shape =  (8, 733)
733
loading  /home/jasencakova/dataset/cells/priamy_kanal/sim_2xKSin1_D_hct15_seed5_rigid31_2/rbc107_sim_2xKSin1_D_hct15_seed5_rigid31_2.dat
shape =  (8, 733)
733
loading  /home/jasencakova/dataset/cells/priamy_kanal/sim_2xKSin1_D_hct15_seed5_rigid31_2/rbc108_sim_2xKSin1_D_hct15_seed5_rigid31_2.dat
shape =  (8, 733)
733
loading  /home/jasencakova/dataset/cells/priamy_kanal/sim_2xKSin1_D_hct15_seed5_rigid31_2/rbc109_sim_2xKSin1_D_hct15_seed5_rigid31_2.dat
shape =  (8, 733)
733
loading  /home/jasencakova/dataset/cells/priamy_kanal/sim_2xKSin1_D_hct15_seed5_rigid31_2/rbc110_sim_2xKSin1_D_hct15_seed5_rigid31_2.dat
shape =  (8, 733)
733
loading  /home/jasencakova/dataset/cells/priamy_kanal/sim_2xKSin1_D_hct15_seed5_rigid31_2/rbc111_sim_2xKSin1_D_hct15_seed5_rigid31_2.dat
shape =  (8, 733)
733
loading  /home/jasencakova/dataset/cells/priamy_kanal/sim_2xKSin1_D_hct15_seed5_rigid31_2/rbc112_sim_2xKSin1_D_hct15_seed5_rigid31_2.dat
shape =  (8, 733)
733
loading  /home/jasencakova/dataset/cells/priamy_kanal/sim_2xKSin1_D_hct15_seed5_rigid31_2/rbc113_sim_2xKSin1_D_hct15_seed5_rigid31_2.dat
shape =  (8, 733)
733
loading  /home/jasencakova/dataset/cells/priamy_kanal/sim_2xKSin1_D_hct15_seed5_rigid31_2/rbc114_sim_2xKSin1_D_hct15_seed5_rigid31_2.dat
shape =  (8, 733)
733
loading  /home/jasencakova/dataset/cells/priamy_kanal/sim_2xKSin1_D_hct15_seed5_rigid31_2/rbc115_sim_2xKSin1_D_hct15_seed5_rigid31_2.dat
shape =  (8, 733)
733
loading  /home/jasencakova/dataset/cells/priamy_kanal/sim_2xKSin1_D_hct15_seed5_rigid31_2/rbc116_sim_2xKSin1_D_hct15_seed5_rigid31_2.dat
shape =  (8, 733)
733
loading  /home/jasencakova/dataset/cells/priamy_kanal/sim_2xKSin1_D_hct15_seed5_rigid31_2/rbc117_sim_2xKSin1_D_hct15_seed5_rigid31_2.dat
shape =  (8, 733)
733
loading  /home/jasencakova/dataset/cells/priamy_kanal/sim_2xKSin1_D_hct15_seed5_rigid31_2/rbc118_sim_2xKSin1_D_hct15_seed5_rigid31_2.dat
shape =  (8, 733)
733
loading  /home/jasencakova/dataset/cells/priamy_kanal/sim_2xKSin1_D_hct15_seed5_rigid31_2/rbc119_sim_2xKSin1_D_hct15_seed5_rigid31_2.dat
shape =  (8, 733)
733
loading  /home/jasencakova/dataset/cells/priamy_kanal/sim_2xKSin1_D_hct15_seed5_rigid31_2/rbc120_sim_2xKSin1_D_hct15_seed5_rigid31_2.dat
shape =  (8, 733)
733
loading  /home/jasencakova/dataset/cells/priamy_kanal/sim_2xKSin1_D_hct15_seed5_rigid31_2/rbc121_sim_2xKSin1_D_hct15_seed5_rigid31_2.dat
shape =  (8, 733)
733
loading  /home/jasencakova/dataset/cells/priamy_kanal/sim_2xKSin1_D_hct15_seed5_rigid31_2/rbc122_sim_2xKSin1_D_hct15_seed5_rigid31_2.dat
shape =  (8, 733)
733
loading  /home/jasencakova/dataset/cells/priamy_kanal/sim_2xKSin1_D_hct15_seed5_rigid31_2/rbc123_sim_2xKSin1_D_hct15_seed5_rigid31_2.dat
shape =  (8, 733)
733
loading  /home/jasencakova/dataset/cells/priamy_kanal/sim_2xKSin1_D_hct15_seed5_rigid31_2/rbc124_sim_2xKSin1_D_hct15_seed5_rigid31_2.dat
shape =  (8, 733)
733
loading  /home/jasencakova/dataset/cells/priamy_kanal/sim_2xKSin1_D_hct15_seed5_rigid31_2/rbc125_sim_2xKSin1_D_hct15_seed5_rigid31_2.dat
shape =  (8, 733)
733
loading  /home/jasencakova/dataset/cells/priamy_kanal/sim_2xKSin1_D_hct15_seed5_rigid31_2/rbc126_sim_2xKSin1_D_hct15_seed5_rigid31_2.dat
shape =  (8, 733)
733
loading  /home/jasencakova/dataset/cells/priamy_kanal/sim_2xKSin1_D_hct15_seed5_rigid31_2/rbc127_sim_2xKSin1_D_hct15_seed5_rigid31_2.dat
shape =  (8, 733)
733
loading  /home/jasencakova/dataset/cells/priamy_kanal/sim_2xKSin1_D_hct15_seed5_rigid31_2/rbc128_sim_2xKSin1_D_hct15_seed5_rigid31_2.dat
shape =  (8, 733)
733
loading  /home/jasencakova/dataset/cells/priamy_kanal/sim_2xKSin1_D_hct15_seed5_rigid31_2/rbc129_sim_2xKSin1_D_hct15_seed5_rigid31_2.dat
shape =  (8, 733)
733
loading  /home/jasencakova/dataset/cells/priamy_kanal/sim_2xKSin1_D_hct15_seed5_rigid31_2/rbc130_sim_2xKSin1_D_hct15_seed5_rigid31_2.dat
shape =  (8, 733)
733
loading  /home/jasencakova/dataset/cells/priamy_kanal/sim_2xKSin1_D_hct15_seed5_rigid31_2/rbc131_sim_2xKSin1_D_hct15_seed5_rigid31_2.dat
shape =  (8, 733)
733
loading  /home/jasencakova/dataset/cells/priamy_kanal/sim_2xKSin1_D_hct15_seed5_rigid31_2/rbc132_sim_2xKSin1_D_hct15_seed5_rigid31_2.dat
shape =  (8, 733)
733
loading  /home/jasencakova/dataset/cells/priamy_kanal/sim_2xKSin1_D_hct15_seed5_rigid31_2/rbc133_sim_2xKSin1_D_hct15_seed5_rigid31_2.dat
shape =  (8, 733)
733
loading  /home/jasencakova/dataset/cells/priamy_kanal/sim_2xKSin1_D_hct15_seed5_rigid31_2/rbc134_sim_2xKSin1_D_hct15_seed5_rigid31_2.dat
shape =  (8, 733)
733
loading  /home/jasencakova/dataset/cells/priamy_kanal/sim_2xKSin1_D_hct15_seed5_rigid31_2/rbc135_sim_2xKSin1_D_hct15_seed5_rigid31_2.dat
shape =  (8, 733)
733
loading  /home/jasencakova/dataset/cells/priamy_kanal/sim_2xKSin1_D_hct15_seed5_rigid31_2/rbc136_sim_2xKSin1_D_hct15_seed5_rigid31_2.dat
shape =  (8, 733)
733
loading  /home/jasencakova/dataset/cells/priamy_kanal/sim_2xKSin1_D_hct15_seed5_rigid31_2/rbc137_sim_2xKSin1_D_hct15_seed5_rigid31_2.dat
shape =  (8, 733)
733
loading  /home/jasencakova/dataset/cells/priamy_kanal/sim_2xKSin1_D_hct15_seed5_rigid31_2/rbc138_sim_2xKSin1_D_hct15_seed5_rigid31_2.dat
shape =  (8, 733)
733
loading  /home/jasencakova/dataset/cells/priamy_kanal/sim_2xKSin1_D_hct15_seed5_rigid31_2/rbc139_sim_2xKSin1_D_hct15_seed5_rigid31_2.dat
shape =  (8, 733)
733
loading  /home/jasencakova/dataset/cells/priamy_kanal/sim_2xKSin1_D_hct15_seed5_rigid31_2/rbc140_sim_2xKSin1_D_hct15_seed5_rigid31_2.dat
shape =  (8, 733)
733
loading  /home/jasencakova/dataset/cells/priamy_kanal/sim_2xKSin1_D_hct15_seed5_rigid31_2/rbc141_sim_2xKSin1_D_hct15_seed5_rigid31_2.dat
shape =  (8, 733)
733
loading  /home/jasencakova/dataset/cells/priamy_kanal/sim_2xKSin1_D_hct15_seed5_rigid31_2/rbc142_sim_2xKSin1_D_hct15_seed5_rigid31_2.dat
shape =  (8, 733)
733
loading  /home/jasencakova/dataset/cells/priamy_kanal/sim_2xKSin1_D_hct15_seed5_rigid31_2/rbc143_sim_2xKSin1_D_hct15_seed5_rigid31_2.dat
shape =  (8, 733)
733
loading  /home/jasencakova/dataset/cells/priamy_kanal/sim_2xKSin1_D_hct15_seed5_rigid31_2/rbc144_sim_2xKSin1_D_hct15_seed5_rigid31_2.dat
shape =  (8, 733)
733
loading  /home/jasencakova/dataset/cells/priamy_kanal/sim_2xKSin1_D_hct15_seed5_rigid31_2/rbc145_sim_2xKSin1_D_hct15_seed5_rigid31_2.dat
shape =  (8, 733)
733
loading  /home/jasencakova/dataset/cells/priamy_kanal/sim_2xKSin1_D_hct15_seed5_rigid31_2/rbc146_sim_2xKSin1_D_hct15_seed5_rigid31_2.dat
shape =  (8, 733)
733
loading  /home/jasencakova/dataset/cells/priamy_kanal/sim_2xKSin1_D_hct15_seed5_rigid31_2/rbc147_sim_2xKSin1_D_hct15_seed5_rigid31_2.dat
shape =  (8, 733)
733
loading  /home/jasencakova/dataset/cells/priamy_kanal/sim_2xKSin1_D_hct15_seed5_rigid31_2/rbc148_sim_2xKSin1_D_hct15_seed5_rigid31_2.dat
shape =  (8, 733)
733
loading  /home/jasencakova/dataset/cells/priamy_kanal/sim_2xKSin1_D_hct15_seed5_rigid31_2/rbc149_sim_2xKSin1_D_hct15_seed5_rigid31_2.dat
shape =  (8, 733)
733
loading  /home/jasencakova/dataset/cells/priamy_kanal/sim_2xKSin1_D_hct15_seed5_rigid31_2/rbc150_sim_2xKSin1_D_hct15_seed5_rigid31_2.dat
shape =  (8, 733)
733
loading  /home/jasencakova/dataset/cells/priamy_kanal/sim_2xKSin1_D_hct15_seed5_rigid31_2/rbc151_sim_2xKSin1_D_hct15_seed5_rigid31_2.dat
shape =  (8, 733)
733
loading  /home/jasencakova/dataset/cells/priamy_kanal/sim_2xKSin1_D_hct15_seed5_rigid31_2/rbc152_sim_2xKSin1_D_hct15_seed5_rigid31_2.dat
shape =  (8, 733)
733
loading  /home/jasencakova/dataset/cells/priamy_kanal/sim_2xKSin1_D_hct15_seed5_rigid31_2/rbc153_sim_2xKSin1_D_hct15_seed5_rigid31_2.dat
shape =  (8, 733)
733
shortest_length =  733
data_shape      =  (154, 733, 8)



loading  /home/jasencakova/dataset/cells/priamy_kanal/sim_2xKSin1_D_hct15_seed5_rigid31_2_from1466000cy/rbc0_sim_2xKSin1_D_hct15_seed5_rigid31_2_from1466000cy.dat
shape =  (8, 990)
990
loading  /home/jasencakova/dataset/cells/priamy_kanal/sim_2xKSin1_D_hct15_seed5_rigid31_2_from1466000cy/rbc1_sim_2xKSin1_D_hct15_seed5_rigid31_2_from1466000cy.dat
shape =  (8, 990)
990
loading  /home/jasencakova/dataset/cells/priamy_kanal/sim_2xKSin1_D_hct15_seed5_rigid31_2_from1466000cy/rbc2_sim_2xKSin1_D_hct15_seed5_rigid31_2_from1466000cy.dat
shape =  (8, 989)
989
loading  /home/jasencakova/dataset/cells/priamy_kanal/sim_2xKSin1_D_hct15_seed5_rigid31_2_from1466000cy/rbc3_sim_2xKSin1_D_hct15_seed5_rigid31_2_from1466000cy.dat
shape =  (8, 989)
989
loading  /home/jasencakova/dataset/cells/priamy_kanal/sim_2xKSin1_D_hct15_seed5_rigid31_2_from1466000cy/rbc4_sim_2xKSin1_D_hct15_seed5_rigid31_2_from1466000cy.dat
shape =  (8, 989)
989
loading  /home/jasencakova/dataset/cells/priamy_kanal/sim_2xKSin1_D_hct15_seed5_rigid31_2_from1466000cy/rbc5_sim_2xKSin1_D_hct15_seed5_rigid31_2_from1466000cy.dat
shape =  (8, 989)
989
loading  /home/jasencakova/dataset/cells/priamy_kanal/sim_2xKSin1_D_hct15_seed5_rigid31_2_from1466000cy/rbc6_sim_2xKSin1_D_hct15_seed5_rigid31_2_from1466000cy.dat
shape =  (8, 989)
989
loading  /home/jasencakova/dataset/cells/priamy_kanal/sim_2xKSin1_D_hct15_seed5_rigid31_2_from1466000cy/rbc7_sim_2xKSin1_D_hct15_seed5_rigid31_2_from1466000cy.dat
shape =  (8, 989)
989
loading  /home/jasencakova/dataset/cells/priamy_kanal/sim_2xKSin1_D_hct15_seed5_rigid31_2_from1466000cy/rbc8_sim_2xKSin1_D_hct15_seed5_rigid31_2_from1466000cy.dat
shape =  (8, 989)
989
loading  /home/jasencakova/dataset/cells/priamy_kanal/sim_2xKSin1_D_hct15_seed5_rigid31_2_from1466000cy/rbc9_sim_2xKSin1_D_hct15_seed5_rigid31_2_from1466000cy.dat
shape =  (8, 989)
989
loading  /home/jasencakova/dataset/cells/priamy_kanal/sim_2xKSin1_D_hct15_seed5_rigid31_2_from1466000cy/rbc10_sim_2xKSin1_D_hct15_seed5_rigid31_2_from1466000cy.dat
shape =  (8, 990)
989
loading  /home/jasencakova/dataset/cells/priamy_kanal/sim_2xKSin1_D_hct15_seed5_rigid31_2_from1466000cy/rbc11_sim_2xKSin1_D_hct15_seed5_rigid31_2_from1466000cy.dat
shape =  (8, 990)
989
loading  /home/jasencakova/dataset/cells/priamy_kanal/sim_2xKSin1_D_hct15_seed5_rigid31_2_from1466000cy/rbc12_sim_2xKSin1_D_hct15_seed5_rigid31_2_from1466000cy.dat
shape =  (8, 990)
989
loading  /home/jasencakova/dataset/cells/priamy_kanal/sim_2xKSin1_D_hct15_seed5_rigid31_2_from1466000cy/rbc13_sim_2xKSin1_D_hct15_seed5_rigid31_2_from1466000cy.dat
shape =  (8, 990)
989
loading  /home/jasencakova/dataset/cells/priamy_kanal/sim_2xKSin1_D_hct15_seed5_rigid31_2_from1466000cy/rbc14_sim_2xKSin1_D_hct15_seed5_rigid31_2_from1466000cy.dat
shape =  (8, 990)
989
loading  /home/jasencakova/dataset/cells/priamy_kanal/sim_2xKSin1_D_hct15_seed5_rigid31_2_from1466000cy/rbc15_sim_2xKSin1_D_hct15_seed5_rigid31_2_from1466000cy.dat
shape =  (8, 990)
989
loading  /home/jasencakova/dataset/cells/priamy_kanal/sim_2xKSin1_D_hct15_seed5_rigid31_2_from1466000cy/rbc16_sim_2xKSin1_D_hct15_seed5_rigid31_2_from1466000cy.dat
shape =  (8, 989)
989
loading  /home/jasencakova/dataset/cells/priamy_kanal/sim_2xKSin1_D_hct15_seed5_rigid31_2_from1466000cy/rbc17_sim_2xKSin1_D_hct15_seed5_rigid31_2_from1466000cy.dat
shape =  (8, 989)
989
loading  /home/jasencakova/dataset/cells/priamy_kanal/sim_2xKSin1_D_hct15_seed5_rigid31_2_from1466000cy/rbc18_sim_2xKSin1_D_hct15_seed5_rigid31_2_from1466000cy.dat
shape =  (8, 989)
989
loading  /home/jasencakova/dataset/cells/priamy_kanal/sim_2xKSin1_D_hct15_seed5_rigid31_2_from1466000cy/rbc19_sim_2xKSin1_D_hct15_seed5_rigid31_2_from1466000cy.dat
shape =  (8, 989)
989
loading  /home/jasencakova/dataset/cells/priamy_kanal/sim_2xKSin1_D_hct15_seed5_rigid31_2_from1466000cy/rbc20_sim_2xKSin1_D_hct15_seed5_rigid31_2_from1466000cy.dat
shape =  (8, 989)
989
loading  /home/jasencakova/dataset/cells/priamy_kanal/sim_2xKSin1_D_hct15_seed5_rigid31_2_from1466000cy/rbc21_sim_2xKSin1_D_hct15_seed5_rigid31_2_from1466000cy.dat
shape =  (8, 989)
989
loading  /home/jasencakova/dataset/cells/priamy_kanal/sim_2xKSin1_D_hct15_seed5_rigid31_2_from1466000cy/rbc22_sim_2xKSin1_D_hct15_seed5_rigid31_2_from1466000cy.dat
shape =  (8, 989)
989
loading  /home/jasencakova/dataset/cells/priamy_kanal/sim_2xKSin1_D_hct15_seed5_rigid31_2_from1466000cy/rbc23_sim_2xKSin1_D_hct15_seed5_rigid31_2_from1466000cy.dat
shape =  (8, 989)
989
loading  /home/jasencakova/dataset/cells/priamy_kanal/sim_2xKSin1_D_hct15_seed5_rigid31_2_from1466000cy/rbc24_sim_2xKSin1_D_hct15_seed5_rigid31_2_from1466000cy.dat
shape =  (8, 989)
989
loading  /home/jasencakova/dataset/cells/priamy_kanal/sim_2xKSin1_D_hct15_seed5_rigid31_2_from1466000cy/rbc25_sim_2xKSin1_D_hct15_seed5_rigid31_2_from1466000cy.dat
shape =  (8, 989)
989
loading  /home/jasencakova/dataset/cells/priamy_kanal/sim_2xKSin1_D_hct15_seed5_rigid31_2_from1466000cy/rbc26_sim_2xKSin1_D_hct15_seed5_rigid31_2_from1466000cy.dat
shape =  (8, 989)
989
loading  /home/jasencakova/dataset/cells/priamy_kanal/sim_2xKSin1_D_hct15_seed5_rigid31_2_from1466000cy/rbc27_sim_2xKSin1_D_hct15_seed5_rigid31_2_from1466000cy.dat
shape =  (8, 989)
989
loading  /home/jasencakova/dataset/cells/priamy_kanal/sim_2xKSin1_D_hct15_seed5_rigid31_2_from1466000cy/rbc28_sim_2xKSin1_D_hct15_seed5_rigid31_2_from1466000cy.dat
shape =  (8, 989)
989
loading  /home/jasencakova/dataset/cells/priamy_kanal/sim_2xKSin1_D_hct15_seed5_rigid31_2_from1466000cy/rbc29_sim_2xKSin1_D_hct15_seed5_rigid31_2_from1466000cy.dat
shape =  (8, 989)
989
loading  /home/jasencakova/dataset/cells/priamy_kanal/sim_2xKSin1_D_hct15_seed5_rigid31_2_from1466000cy/rbc30_sim_2xKSin1_D_hct15_seed5_rigid31_2_from1466000cy.dat
shape =  (8, 989)
989
loading  /home/jasencakova/dataset/cells/priamy_kanal/sim_2xKSin1_D_hct15_seed5_rigid31_2_from1466000cy/rbc31_sim_2xKSin1_D_hct15_seed5_rigid31_2_from1466000cy.dat
shape =  (8, 989)
989
loading  /home/jasencakova/dataset/cells/priamy_kanal/sim_2xKSin1_D_hct15_seed5_rigid31_2_from1466000cy/rbc32_sim_2xKSin1_D_hct15_seed5_rigid31_2_from1466000cy.dat
shape =  (8, 989)
989
loading  /home/jasencakova/dataset/cells/priamy_kanal/sim_2xKSin1_D_hct15_seed5_rigid31_2_from1466000cy/rbc33_sim_2xKSin1_D_hct15_seed5_rigid31_2_from1466000cy.dat
shape =  (8, 989)
989
loading  /home/jasencakova/dataset/cells/priamy_kanal/sim_2xKSin1_D_hct15_seed5_rigid31_2_from1466000cy/rbc34_sim_2xKSin1_D_hct15_seed5_rigid31_2_from1466000cy.dat
shape =  (8, 989)
989
loading  /home/jasencakova/dataset/cells/priamy_kanal/sim_2xKSin1_D_hct15_seed5_rigid31_2_from1466000cy/rbc35_sim_2xKSin1_D_hct15_seed5_rigid31_2_from1466000cy.dat
shape =  (8, 989)
989
loading  /home/jasencakova/dataset/cells/priamy_kanal/sim_2xKSin1_D_hct15_seed5_rigid31_2_from1466000cy/rbc36_sim_2xKSin1_D_hct15_seed5_rigid31_2_from1466000cy.dat
shape =  (8, 989)
989
loading  /home/jasencakova/dataset/cells/priamy_kanal/sim_2xKSin1_D_hct15_seed5_rigid31_2_from1466000cy/rbc37_sim_2xKSin1_D_hct15_seed5_rigid31_2_from1466000cy.dat
shape =  (8, 989)
989
loading  /home/jasencakova/dataset/cells/priamy_kanal/sim_2xKSin1_D_hct15_seed5_rigid31_2_from1466000cy/rbc38_sim_2xKSin1_D_hct15_seed5_rigid31_2_from1466000cy.dat
shape =  (8, 989)
989
loading  /home/jasencakova/dataset/cells/priamy_kanal/sim_2xKSin1_D_hct15_seed5_rigid31_2_from1466000cy/rbc39_sim_2xKSin1_D_hct15_seed5_rigid31_2_from1466000cy.dat
shape =  (8, 989)
989
loading  /home/jasencakova/dataset/cells/priamy_kanal/sim_2xKSin1_D_hct15_seed5_rigid31_2_from1466000cy/rbc40_sim_2xKSin1_D_hct15_seed5_rigid31_2_from1466000cy.dat
shape =  (8, 989)
989
loading  /home/jasencakova/dataset/cells/priamy_kanal/sim_2xKSin1_D_hct15_seed5_rigid31_2_from1466000cy/rbc41_sim_2xKSin1_D_hct15_seed5_rigid31_2_from1466000cy.dat
shape =  (8, 989)
989
loading  /home/jasencakova/dataset/cells/priamy_kanal/sim_2xKSin1_D_hct15_seed5_rigid31_2_from1466000cy/rbc42_sim_2xKSin1_D_hct15_seed5_rigid31_2_from1466000cy.dat
shape =  (8, 989)
989
loading  /home/jasencakova/dataset/cells/priamy_kanal/sim_2xKSin1_D_hct15_seed5_rigid31_2_from1466000cy/rbc43_sim_2xKSin1_D_hct15_seed5_rigid31_2_from1466000cy.dat
shape =  (8, 989)
989
loading  /home/jasencakova/dataset/cells/priamy_kanal/sim_2xKSin1_D_hct15_seed5_rigid31_2_from1466000cy/rbc44_sim_2xKSin1_D_hct15_seed5_rigid31_2_from1466000cy.dat
shape =  (8, 989)
989
loading  /home/jasencakova/dataset/cells/priamy_kanal/sim_2xKSin1_D_hct15_seed5_rigid31_2_from1466000cy/rbc45_sim_2xKSin1_D_hct15_seed5_rigid31_2_from1466000cy.dat
shape =  (8, 989)
989
loading  /home/jasencakova/dataset/cells/priamy_kanal/sim_2xKSin1_D_hct15_seed5_rigid31_2_from1466000cy/rbc46_sim_2xKSin1_D_hct15_seed5_rigid31_2_from1466000cy.dat
shape =  (8, 989)
989
loading  /home/jasencakova/dataset/cells/priamy_kanal/sim_2xKSin1_D_hct15_seed5_rigid31_2_from1466000cy/rbc47_sim_2xKSin1_D_hct15_seed5_rigid31_2_from1466000cy.dat
shape =  (8, 989)
989
loading  /home/jasencakova/dataset/cells/priamy_kanal/sim_2xKSin1_D_hct15_seed5_rigid31_2_from1466000cy/rbc48_sim_2xKSin1_D_hct15_seed5_rigid31_2_from1466000cy.dat
shape =  (8, 989)
989
loading  /home/jasencakova/dataset/cells/priamy_kanal/sim_2xKSin1_D_hct15_seed5_rigid31_2_from1466000cy/rbc49_sim_2xKSin1_D_hct15_seed5_rigid31_2_from1466000cy.dat
shape =  (8, 989)
989
loading  /home/jasencakova/dataset/cells/priamy_kanal/sim_2xKSin1_D_hct15_seed5_rigid31_2_from1466000cy/rbc50_sim_2xKSin1_D_hct15_seed5_rigid31_2_from1466000cy.dat
shape =  (8, 989)
989
loading  /home/jasencakova/dataset/cells/priamy_kanal/sim_2xKSin1_D_hct15_seed5_rigid31_2_from1466000cy/rbc51_sim_2xKSin1_D_hct15_seed5_rigid31_2_from1466000cy.dat
shape =  (8, 989)
989
loading  /home/jasencakova/dataset/cells/priamy_kanal/sim_2xKSin1_D_hct15_seed5_rigid31_2_from1466000cy/rbc52_sim_2xKSin1_D_hct15_seed5_rigid31_2_from1466000cy.dat
shape =  (8, 989)
989
loading  /home/jasencakova/dataset/cells/priamy_kanal/sim_2xKSin1_D_hct15_seed5_rigid31_2_from1466000cy/rbc53_sim_2xKSin1_D_hct15_seed5_rigid31_2_from1466000cy.dat
shape =  (8, 989)
989
loading  /home/jasencakova/dataset/cells/priamy_kanal/sim_2xKSin1_D_hct15_seed5_rigid31_2_from1466000cy/rbc54_sim_2xKSin1_D_hct15_seed5_rigid31_2_from1466000cy.dat
shape =  (8, 989)
989
loading  /home/jasencakova/dataset/cells/priamy_kanal/sim_2xKSin1_D_hct15_seed5_rigid31_2_from1466000cy/rbc55_sim_2xKSin1_D_hct15_seed5_rigid31_2_from1466000cy.dat
shape =  (8, 989)
989
loading  /home/jasencakova/dataset/cells/priamy_kanal/sim_2xKSin1_D_hct15_seed5_rigid31_2_from1466000cy/rbc56_sim_2xKSin1_D_hct15_seed5_rigid31_2_from1466000cy.dat
shape =  (8, 989)
989
loading  /home/jasencakova/dataset/cells/priamy_kanal/sim_2xKSin1_D_hct15_seed5_rigid31_2_from1466000cy/rbc57_sim_2xKSin1_D_hct15_seed5_rigid31_2_from1466000cy.dat
shape =  (8, 989)
989
loading  /home/jasencakova/dataset/cells/priamy_kanal/sim_2xKSin1_D_hct15_seed5_rigid31_2_from1466000cy/rbc58_sim_2xKSin1_D_hct15_seed5_rigid31_2_from1466000cy.dat
shape =  (8, 989)
989
loading  /home/jasencakova/dataset/cells/priamy_kanal/sim_2xKSin1_D_hct15_seed5_rigid31_2_from1466000cy/rbc59_sim_2xKSin1_D_hct15_seed5_rigid31_2_from1466000cy.dat
shape =  (8, 989)
989
loading  /home/jasencakova/dataset/cells/priamy_kanal/sim_2xKSin1_D_hct15_seed5_rigid31_2_from1466000cy/rbc60_sim_2xKSin1_D_hct15_seed5_rigid31_2_from1466000cy.dat
shape =  (8, 989)
989
loading  /home/jasencakova/dataset/cells/priamy_kanal/sim_2xKSin1_D_hct15_seed5_rigid31_2_from1466000cy/rbc61_sim_2xKSin1_D_hct15_seed5_rigid31_2_from1466000cy.dat
shape =  (8, 989)
989
loading  /home/jasencakova/dataset/cells/priamy_kanal/sim_2xKSin1_D_hct15_seed5_rigid31_2_from1466000cy/rbc62_sim_2xKSin1_D_hct15_seed5_rigid31_2_from1466000cy.dat
shape =  (8, 989)
989
loading  /home/jasencakova/dataset/cells/priamy_kanal/sim_2xKSin1_D_hct15_seed5_rigid31_2_from1466000cy/rbc63_sim_2xKSin1_D_hct15_seed5_rigid31_2_from1466000cy.dat
shape =  (8, 989)
989
loading  /home/jasencakova/dataset/cells/priamy_kanal/sim_2xKSin1_D_hct15_seed5_rigid31_2_from1466000cy/rbc64_sim_2xKSin1_D_hct15_seed5_rigid31_2_from1466000cy.dat
shape =  (8, 989)
989
loading  /home/jasencakova/dataset/cells/priamy_kanal/sim_2xKSin1_D_hct15_seed5_rigid31_2_from1466000cy/rbc65_sim_2xKSin1_D_hct15_seed5_rigid31_2_from1466000cy.dat
shape =  (8, 989)
989
loading  /home/jasencakova/dataset/cells/priamy_kanal/sim_2xKSin1_D_hct15_seed5_rigid31_2_from1466000cy/rbc66_sim_2xKSin1_D_hct15_seed5_rigid31_2_from1466000cy.dat
shape =  (8, 989)
989
loading  /home/jasencakova/dataset/cells/priamy_kanal/sim_2xKSin1_D_hct15_seed5_rigid31_2_from1466000cy/rbc67_sim_2xKSin1_D_hct15_seed5_rigid31_2_from1466000cy.dat
shape =  (8, 989)
989
loading  /home/jasencakova/dataset/cells/priamy_kanal/sim_2xKSin1_D_hct15_seed5_rigid31_2_from1466000cy/rbc68_sim_2xKSin1_D_hct15_seed5_rigid31_2_from1466000cy.dat
shape =  (8, 989)
989
loading  /home/jasencakova/dataset/cells/priamy_kanal/sim_2xKSin1_D_hct15_seed5_rigid31_2_from1466000cy/rbc69_sim_2xKSin1_D_hct15_seed5_rigid31_2_from1466000cy.dat
shape =  (8, 989)
989
loading  /home/jasencakova/dataset/cells/priamy_kanal/sim_2xKSin1_D_hct15_seed5_rigid31_2_from1466000cy/rbc70_sim_2xKSin1_D_hct15_seed5_rigid31_2_from1466000cy.dat
shape =  (8, 989)
989
loading  /home/jasencakova/dataset/cells/priamy_kanal/sim_2xKSin1_D_hct15_seed5_rigid31_2_from1466000cy/rbc71_sim_2xKSin1_D_hct15_seed5_rigid31_2_from1466000cy.dat
shape =  (8, 989)
989
loading  /home/jasencakova/dataset/cells/priamy_kanal/sim_2xKSin1_D_hct15_seed5_rigid31_2_from1466000cy/rbc72_sim_2xKSin1_D_hct15_seed5_rigid31_2_from1466000cy.dat
shape =  (8, 989)
989
loading  /home/jasencakova/dataset/cells/priamy_kanal/sim_2xKSin1_D_hct15_seed5_rigid31_2_from1466000cy/rbc73_sim_2xKSin1_D_hct15_seed5_rigid31_2_from1466000cy.dat
shape =  (8, 989)
989
loading  /home/jasencakova/dataset/cells/priamy_kanal/sim_2xKSin1_D_hct15_seed5_rigid31_2_from1466000cy/rbc74_sim_2xKSin1_D_hct15_seed5_rigid31_2_from1466000cy.dat
shape =  (8, 989)
989
loading  /home/jasencakova/dataset/cells/priamy_kanal/sim_2xKSin1_D_hct15_seed5_rigid31_2_from1466000cy/rbc75_sim_2xKSin1_D_hct15_seed5_rigid31_2_from1466000cy.dat
shape =  (8, 989)
989
loading  /home/jasencakova/dataset/cells/priamy_kanal/sim_2xKSin1_D_hct15_seed5_rigid31_2_from1466000cy/rbc76_sim_2xKSin1_D_hct15_seed5_rigid31_2_from1466000cy.dat
shape =  (8, 989)
989
loading  /home/jasencakova/dataset/cells/priamy_kanal/sim_2xKSin1_D_hct15_seed5_rigid31_2_from1466000cy/rbc77_sim_2xKSin1_D_hct15_seed5_rigid31_2_from1466000cy.dat
shape =  (8, 989)
989
loading  /home/jasencakova/dataset/cells/priamy_kanal/sim_2xKSin1_D_hct15_seed5_rigid31_2_from1466000cy/rbc78_sim_2xKSin1_D_hct15_seed5_rigid31_2_from1466000cy.dat
shape =  (8, 989)
989
loading  /home/jasencakova/dataset/cells/priamy_kanal/sim_2xKSin1_D_hct15_seed5_rigid31_2_from1466000cy/rbc79_sim_2xKSin1_D_hct15_seed5_rigid31_2_from1466000cy.dat
shape =  (8, 989)
989
loading  /home/jasencakova/dataset/cells/priamy_kanal/sim_2xKSin1_D_hct15_seed5_rigid31_2_from1466000cy/rbc80_sim_2xKSin1_D_hct15_seed5_rigid31_2_from1466000cy.dat
shape =  (8, 989)
989
loading  /home/jasencakova/dataset/cells/priamy_kanal/sim_2xKSin1_D_hct15_seed5_rigid31_2_from1466000cy/rbc81_sim_2xKSin1_D_hct15_seed5_rigid31_2_from1466000cy.dat
shape =  (8, 989)
989
loading  /home/jasencakova/dataset/cells/priamy_kanal/sim_2xKSin1_D_hct15_seed5_rigid31_2_from1466000cy/rbc82_sim_2xKSin1_D_hct15_seed5_rigid31_2_from1466000cy.dat
shape =  (8, 989)
989
loading  /home/jasencakova/dataset/cells/priamy_kanal/sim_2xKSin1_D_hct15_seed5_rigid31_2_from1466000cy/rbc83_sim_2xKSin1_D_hct15_seed5_rigid31_2_from1466000cy.dat
shape =  (8, 989)
989
loading  /home/jasencakova/dataset/cells/priamy_kanal/sim_2xKSin1_D_hct15_seed5_rigid31_2_from1466000cy/rbc84_sim_2xKSin1_D_hct15_seed5_rigid31_2_from1466000cy.dat
shape =  (8, 989)
989
loading  /home/jasencakova/dataset/cells/priamy_kanal/sim_2xKSin1_D_hct15_seed5_rigid31_2_from1466000cy/rbc85_sim_2xKSin1_D_hct15_seed5_rigid31_2_from1466000cy.dat
shape =  (8, 989)
989
loading  /home/jasencakova/dataset/cells/priamy_kanal/sim_2xKSin1_D_hct15_seed5_rigid31_2_from1466000cy/rbc86_sim_2xKSin1_D_hct15_seed5_rigid31_2_from1466000cy.dat
shape =  (8, 989)
989
loading  /home/jasencakova/dataset/cells/priamy_kanal/sim_2xKSin1_D_hct15_seed5_rigid31_2_from1466000cy/rbc87_sim_2xKSin1_D_hct15_seed5_rigid31_2_from1466000cy.dat
shape =  (8, 989)
989
loading  /home/jasencakova/dataset/cells/priamy_kanal/sim_2xKSin1_D_hct15_seed5_rigid31_2_from1466000cy/rbc88_sim_2xKSin1_D_hct15_seed5_rigid31_2_from1466000cy.dat
shape =  (8, 989)
989
loading  /home/jasencakova/dataset/cells/priamy_kanal/sim_2xKSin1_D_hct15_seed5_rigid31_2_from1466000cy/rbc89_sim_2xKSin1_D_hct15_seed5_rigid31_2_from1466000cy.dat
shape =  (8, 989)
989
loading  /home/jasencakova/dataset/cells/priamy_kanal/sim_2xKSin1_D_hct15_seed5_rigid31_2_from1466000cy/rbc90_sim_2xKSin1_D_hct15_seed5_rigid31_2_from1466000cy.dat
shape =  (8, 989)
989
loading  /home/jasencakova/dataset/cells/priamy_kanal/sim_2xKSin1_D_hct15_seed5_rigid31_2_from1466000cy/rbc91_sim_2xKSin1_D_hct15_seed5_rigid31_2_from1466000cy.dat
shape =  (8, 989)
989
loading  /home/jasencakova/dataset/cells/priamy_kanal/sim_2xKSin1_D_hct15_seed5_rigid31_2_from1466000cy/rbc92_sim_2xKSin1_D_hct15_seed5_rigid31_2_from1466000cy.dat
shape =  (8, 989)
989
loading  /home/jasencakova/dataset/cells/priamy_kanal/sim_2xKSin1_D_hct15_seed5_rigid31_2_from1466000cy/rbc93_sim_2xKSin1_D_hct15_seed5_rigid31_2_from1466000cy.dat
shape =  (8, 989)
989
loading  /home/jasencakova/dataset/cells/priamy_kanal/sim_2xKSin1_D_hct15_seed5_rigid31_2_from1466000cy/rbc94_sim_2xKSin1_D_hct15_seed5_rigid31_2_from1466000cy.dat
shape =  (8, 989)
989
loading  /home/jasencakova/dataset/cells/priamy_kanal/sim_2xKSin1_D_hct15_seed5_rigid31_2_from1466000cy/rbc95_sim_2xKSin1_D_hct15_seed5_rigid31_2_from1466000cy.dat
shape =  (8, 989)
989
loading  /home/jasencakova/dataset/cells/priamy_kanal/sim_2xKSin1_D_hct15_seed5_rigid31_2_from1466000cy/rbc96_sim_2xKSin1_D_hct15_seed5_rigid31_2_from1466000cy.dat
shape =  (8, 989)
989
loading  /home/jasencakova/dataset/cells/priamy_kanal/sim_2xKSin1_D_hct15_seed5_rigid31_2_from1466000cy/rbc97_sim_2xKSin1_D_hct15_seed5_rigid31_2_from1466000cy.dat
shape =  (8, 989)
989
loading  /home/jasencakova/dataset/cells/priamy_kanal/sim_2xKSin1_D_hct15_seed5_rigid31_2_from1466000cy/rbc98_sim_2xKSin1_D_hct15_seed5_rigid31_2_from1466000cy.dat
shape =  (8, 989)
989
loading  /home/jasencakova/dataset/cells/priamy_kanal/sim_2xKSin1_D_hct15_seed5_rigid31_2_from1466000cy/rbc99_sim_2xKSin1_D_hct15_seed5_rigid31_2_from1466000cy.dat
shape =  (8, 989)
989
loading  /home/jasencakova/dataset/cells/priamy_kanal/sim_2xKSin1_D_hct15_seed5_rigid31_2_from1466000cy/rbc100_sim_2xKSin1_D_hct15_seed5_rigid31_2_from1466000cy.dat
shape =  (8, 990)
989
loading  /home/jasencakova/dataset/cells/priamy_kanal/sim_2xKSin1_D_hct15_seed5_rigid31_2_from1466000cy/rbc101_sim_2xKSin1_D_hct15_seed5_rigid31_2_from1466000cy.dat
shape =  (8, 990)
989
loading  /home/jasencakova/dataset/cells/priamy_kanal/sim_2xKSin1_D_hct15_seed5_rigid31_2_from1466000cy/rbc102_sim_2xKSin1_D_hct15_seed5_rigid31_2_from1466000cy.dat
shape =  (8, 990)
989
loading  /home/jasencakova/dataset/cells/priamy_kanal/sim_2xKSin1_D_hct15_seed5_rigid31_2_from1466000cy/rbc103_sim_2xKSin1_D_hct15_seed5_rigid31_2_from1466000cy.dat
shape =  (8, 990)
989
loading  /home/jasencakova/dataset/cells/priamy_kanal/sim_2xKSin1_D_hct15_seed5_rigid31_2_from1466000cy/rbc104_sim_2xKSin1_D_hct15_seed5_rigid31_2_from1466000cy.dat
shape =  (8, 990)
989
loading  /home/jasencakova/dataset/cells/priamy_kanal/sim_2xKSin1_D_hct15_seed5_rigid31_2_from1466000cy/rbc105_sim_2xKSin1_D_hct15_seed5_rigid31_2_from1466000cy.dat
shape =  (8, 990)
989
loading  /home/jasencakova/dataset/cells/priamy_kanal/sim_2xKSin1_D_hct15_seed5_rigid31_2_from1466000cy/rbc106_sim_2xKSin1_D_hct15_seed5_rigid31_2_from1466000cy.dat
shape =  (8, 990)
989
loading  /home/jasencakova/dataset/cells/priamy_kanal/sim_2xKSin1_D_hct15_seed5_rigid31_2_from1466000cy/rbc107_sim_2xKSin1_D_hct15_seed5_rigid31_2_from1466000cy.dat
shape =  (8, 990)
989
loading  /home/jasencakova/dataset/cells/priamy_kanal/sim_2xKSin1_D_hct15_seed5_rigid31_2_from1466000cy/rbc108_sim_2xKSin1_D_hct15_seed5_rigid31_2_from1466000cy.dat
shape =  (8, 990)
989
loading  /home/jasencakova/dataset/cells/priamy_kanal/sim_2xKSin1_D_hct15_seed5_rigid31_2_from1466000cy/rbc109_sim_2xKSin1_D_hct15_seed5_rigid31_2_from1466000cy.dat
shape =  (8, 990)
989
loading  /home/jasencakova/dataset/cells/priamy_kanal/sim_2xKSin1_D_hct15_seed5_rigid31_2_from1466000cy/rbc110_sim_2xKSin1_D_hct15_seed5_rigid31_2_from1466000cy.dat
shape =  (8, 990)
989
loading  /home/jasencakova/dataset/cells/priamy_kanal/sim_2xKSin1_D_hct15_seed5_rigid31_2_from1466000cy/rbc111_sim_2xKSin1_D_hct15_seed5_rigid31_2_from1466000cy.dat
shape =  (8, 990)
989
loading  /home/jasencakova/dataset/cells/priamy_kanal/sim_2xKSin1_D_hct15_seed5_rigid31_2_from1466000cy/rbc112_sim_2xKSin1_D_hct15_seed5_rigid31_2_from1466000cy.dat
shape =  (8, 990)
989
loading  /home/jasencakova/dataset/cells/priamy_kanal/sim_2xKSin1_D_hct15_seed5_rigid31_2_from1466000cy/rbc113_sim_2xKSin1_D_hct15_seed5_rigid31_2_from1466000cy.dat
shape =  (8, 990)
989
loading  /home/jasencakova/dataset/cells/priamy_kanal/sim_2xKSin1_D_hct15_seed5_rigid31_2_from1466000cy/rbc114_sim_2xKSin1_D_hct15_seed5_rigid31_2_from1466000cy.dat
shape =  (8, 990)
989
loading  /home/jasencakova/dataset/cells/priamy_kanal/sim_2xKSin1_D_hct15_seed5_rigid31_2_from1466000cy/rbc115_sim_2xKSin1_D_hct15_seed5_rigid31_2_from1466000cy.dat
shape =  (8, 990)
989
loading  /home/jasencakova/dataset/cells/priamy_kanal/sim_2xKSin1_D_hct15_seed5_rigid31_2_from1466000cy/rbc116_sim_2xKSin1_D_hct15_seed5_rigid31_2_from1466000cy.dat
shape =  (8, 990)
989
loading  /home/jasencakova/dataset/cells/priamy_kanal/sim_2xKSin1_D_hct15_seed5_rigid31_2_from1466000cy/rbc117_sim_2xKSin1_D_hct15_seed5_rigid31_2_from1466000cy.dat
shape =  (8, 990)
989
loading  /home/jasencakova/dataset/cells/priamy_kanal/sim_2xKSin1_D_hct15_seed5_rigid31_2_from1466000cy/rbc118_sim_2xKSin1_D_hct15_seed5_rigid31_2_from1466000cy.dat
shape =  (8, 990)
989
loading  /home/jasencakova/dataset/cells/priamy_kanal/sim_2xKSin1_D_hct15_seed5_rigid31_2_from1466000cy/rbc119_sim_2xKSin1_D_hct15_seed5_rigid31_2_from1466000cy.dat
shape =  (8, 989)
989
loading  /home/jasencakova/dataset/cells/priamy_kanal/sim_2xKSin1_D_hct15_seed5_rigid31_2_from1466000cy/rbc120_sim_2xKSin1_D_hct15_seed5_rigid31_2_from1466000cy.dat
shape =  (8, 989)
989
loading  /home/jasencakova/dataset/cells/priamy_kanal/sim_2xKSin1_D_hct15_seed5_rigid31_2_from1466000cy/rbc121_sim_2xKSin1_D_hct15_seed5_rigid31_2_from1466000cy.dat
shape =  (8, 989)
989
loading  /home/jasencakova/dataset/cells/priamy_kanal/sim_2xKSin1_D_hct15_seed5_rigid31_2_from1466000cy/rbc122_sim_2xKSin1_D_hct15_seed5_rigid31_2_from1466000cy.dat
shape =  (8, 989)
989
loading  /home/jasencakova/dataset/cells/priamy_kanal/sim_2xKSin1_D_hct15_seed5_rigid31_2_from1466000cy/rbc123_sim_2xKSin1_D_hct15_seed5_rigid31_2_from1466000cy.dat
shape =  (8, 989)
989
loading  /home/jasencakova/dataset/cells/priamy_kanal/sim_2xKSin1_D_hct15_seed5_rigid31_2_from1466000cy/rbc124_sim_2xKSin1_D_hct15_seed5_rigid31_2_from1466000cy.dat
shape =  (8, 989)
989
loading  /home/jasencakova/dataset/cells/priamy_kanal/sim_2xKSin1_D_hct15_seed5_rigid31_2_from1466000cy/rbc125_sim_2xKSin1_D_hct15_seed5_rigid31_2_from1466000cy.dat
shape =  (8, 989)
989
loading  /home/jasencakova/dataset/cells/priamy_kanal/sim_2xKSin1_D_hct15_seed5_rigid31_2_from1466000cy/rbc126_sim_2xKSin1_D_hct15_seed5_rigid31_2_from1466000cy.dat
shape =  (8, 989)
989
loading  /home/jasencakova/dataset/cells/priamy_kanal/sim_2xKSin1_D_hct15_seed5_rigid31_2_from1466000cy/rbc127_sim_2xKSin1_D_hct15_seed5_rigid31_2_from1466000cy.dat
shape =  (8, 989)
989
loading  /home/jasencakova/dataset/cells/priamy_kanal/sim_2xKSin1_D_hct15_seed5_rigid31_2_from1466000cy/rbc128_sim_2xKSin1_D_hct15_seed5_rigid31_2_from1466000cy.dat
shape =  (8, 989)
989
loading  /home/jasencakova/dataset/cells/priamy_kanal/sim_2xKSin1_D_hct15_seed5_rigid31_2_from1466000cy/rbc129_sim_2xKSin1_D_hct15_seed5_rigid31_2_from1466000cy.dat
shape =  (8, 989)
989
loading  /home/jasencakova/dataset/cells/priamy_kanal/sim_2xKSin1_D_hct15_seed5_rigid31_2_from1466000cy/rbc130_sim_2xKSin1_D_hct15_seed5_rigid31_2_from1466000cy.dat
shape =  (8, 989)
989
loading  /home/jasencakova/dataset/cells/priamy_kanal/sim_2xKSin1_D_hct15_seed5_rigid31_2_from1466000cy/rbc131_sim_2xKSin1_D_hct15_seed5_rigid31_2_from1466000cy.dat
shape =  (8, 989)
989
loading  /home/jasencakova/dataset/cells/priamy_kanal/sim_2xKSin1_D_hct15_seed5_rigid31_2_from1466000cy/rbc132_sim_2xKSin1_D_hct15_seed5_rigid31_2_from1466000cy.dat
shape =  (8, 989)
989
loading  /home/jasencakova/dataset/cells/priamy_kanal/sim_2xKSin1_D_hct15_seed5_rigid31_2_from1466000cy/rbc133_sim_2xKSin1_D_hct15_seed5_rigid31_2_from1466000cy.dat
shape =  (8, 989)
989
loading  /home/jasencakova/dataset/cells/priamy_kanal/sim_2xKSin1_D_hct15_seed5_rigid31_2_from1466000cy/rbc134_sim_2xKSin1_D_hct15_seed5_rigid31_2_from1466000cy.dat
shape =  (8, 989)
989
loading  /home/jasencakova/dataset/cells/priamy_kanal/sim_2xKSin1_D_hct15_seed5_rigid31_2_from1466000cy/rbc135_sim_2xKSin1_D_hct15_seed5_rigid31_2_from1466000cy.dat
shape =  (8, 989)
989
loading  /home/jasencakova/dataset/cells/priamy_kanal/sim_2xKSin1_D_hct15_seed5_rigid31_2_from1466000cy/rbc136_sim_2xKSin1_D_hct15_seed5_rigid31_2_from1466000cy.dat
shape =  (8, 989)
989
loading  /home/jasencakova/dataset/cells/priamy_kanal/sim_2xKSin1_D_hct15_seed5_rigid31_2_from1466000cy/rbc137_sim_2xKSin1_D_hct15_seed5_rigid31_2_from1466000cy.dat
shape =  (8, 989)
989
loading  /home/jasencakova/dataset/cells/priamy_kanal/sim_2xKSin1_D_hct15_seed5_rigid31_2_from1466000cy/rbc138_sim_2xKSin1_D_hct15_seed5_rigid31_2_from1466000cy.dat
shape =  (8, 989)
989
loading  /home/jasencakova/dataset/cells/priamy_kanal/sim_2xKSin1_D_hct15_seed5_rigid31_2_from1466000cy/rbc139_sim_2xKSin1_D_hct15_seed5_rigid31_2_from1466000cy.dat
shape =  (8, 989)
989
loading  /home/jasencakova/dataset/cells/priamy_kanal/sim_2xKSin1_D_hct15_seed5_rigid31_2_from1466000cy/rbc140_sim_2xKSin1_D_hct15_seed5_rigid31_2_from1466000cy.dat
shape =  (8, 989)
989
loading  /home/jasencakova/dataset/cells/priamy_kanal/sim_2xKSin1_D_hct15_seed5_rigid31_2_from1466000cy/rbc141_sim_2xKSin1_D_hct15_seed5_rigid31_2_from1466000cy.dat
shape =  (8, 989)
989
loading  /home/jasencakova/dataset/cells/priamy_kanal/sim_2xKSin1_D_hct15_seed5_rigid31_2_from1466000cy/rbc142_sim_2xKSin1_D_hct15_seed5_rigid31_2_from1466000cy.dat
shape =  (8, 989)
989
loading  /home/jasencakova/dataset/cells/priamy_kanal/sim_2xKSin1_D_hct15_seed5_rigid31_2_from1466000cy/rbc143_sim_2xKSin1_D_hct15_seed5_rigid31_2_from1466000cy.dat
shape =  (8, 989)
989
loading  /home/jasencakova/dataset/cells/priamy_kanal/sim_2xKSin1_D_hct15_seed5_rigid31_2_from1466000cy/rbc144_sim_2xKSin1_D_hct15_seed5_rigid31_2_from1466000cy.dat
shape =  (8, 989)
989
loading  /home/jasencakova/dataset/cells/priamy_kanal/sim_2xKSin1_D_hct15_seed5_rigid31_2_from1466000cy/rbc145_sim_2xKSin1_D_hct15_seed5_rigid31_2_from1466000cy.dat
shape =  (8, 989)
989
loading  /home/jasencakova/dataset/cells/priamy_kanal/sim_2xKSin1_D_hct15_seed5_rigid31_2_from1466000cy/rbc146_sim_2xKSin1_D_hct15_seed5_rigid31_2_from1466000cy.dat
shape =  (8, 989)
989
loading  /home/jasencakova/dataset/cells/priamy_kanal/sim_2xKSin1_D_hct15_seed5_rigid31_2_from1466000cy/rbc147_sim_2xKSin1_D_hct15_seed5_rigid31_2_from1466000cy.dat
shape =  (8, 989)
989
loading  /home/jasencakova/dataset/cells/priamy_kanal/sim_2xKSin1_D_hct15_seed5_rigid31_2_from1466000cy/rbc148_sim_2xKSin1_D_hct15_seed5_rigid31_2_from1466000cy.dat
shape =  (8, 989)
989
loading  /home/jasencakova/dataset/cells/priamy_kanal/sim_2xKSin1_D_hct15_seed5_rigid31_2_from1466000cy/rbc149_sim_2xKSin1_D_hct15_seed5_rigid31_2_from1466000cy.dat
shape =  (8, 989)
989
loading  /home/jasencakova/dataset/cells/priamy_kanal/sim_2xKSin1_D_hct15_seed5_rigid31_2_from1466000cy/rbc150_sim_2xKSin1_D_hct15_seed5_rigid31_2_from1466000cy.dat
shape =  (8, 989)
989
loading  /home/jasencakova/dataset/cells/priamy_kanal/sim_2xKSin1_D_hct15_seed5_rigid31_2_from1466000cy/rbc151_sim_2xKSin1_D_hct15_seed5_rigid31_2_from1466000cy.dat
shape =  (8, 989)
989
loading  /home/jasencakova/dataset/cells/priamy_kanal/sim_2xKSin1_D_hct15_seed5_rigid31_2_from1466000cy/rbc152_sim_2xKSin1_D_hct15_seed5_rigid31_2_from1466000cy.dat
shape =  (8, 989)
989
loading  /home/jasencakova/dataset/cells/priamy_kanal/sim_2xKSin1_D_hct15_seed5_rigid31_2_from1466000cy/rbc153_sim_2xKSin1_D_hct15_seed5_rigid31_2_from1466000cy.dat
shape =  (8, 989)
989
shortest_length =  989
data_shape      =  (154, 989, 8)








dataset summary : 

training_dats shape    =  (154, 733, 8)
testing_dats shape    =  (154, 989, 8)
training_count  =  11401082
testing_count   =  152306
channels_count  =  8
sequence_length =  128
classes_count   =   2
batch(32) tensor shape =  torch.Size([32, 8, 128]) torch.Size([32, 2])





model
Sequential(
  (0): Conv1d(8, 32, kernel_size=(3,), stride=(2,), padding=(1,))
  (1): ReLU()
  (2): Dropout(p=0.01, inplace=False)
  (3): Conv1d(32, 64, kernel_size=(3,), stride=(2,), padding=(1,))
  (4): ReLU()
  (5): Dropout(p=0.01, inplace=False)
  (6): Conv1d(64, 64, kernel_size=(3,), stride=(2,), padding=(1,))
  (7): ReLU()
  (8): Dropout(p=0.01, inplace=False)
  (9): Conv1d(64, 128, kernel_size=(3,), stride=(2,), padding=(1,))
  (10): ReLU()
  (11): Dropout(p=0.01, inplace=False)
  (12): Flatten()
  (13): Linear(in_features=1024, out_features=2, bias=True)
)



0 86.84357879019221 94.3658088235294 0.11032834 0.06738254 0.032768864 0.010384182 26.21 





=================================================
new best net in 0
TRAINING result
accuracy   = 86.844 [%]
hit_count  = 9901224
miss_count = 1499992

class_accuracy = 99.253%   37.613%   


confusion_matrix = 
9037926	 1431932	 
68060	 863298	 



TESTING result
accuracy   = 94.366 [%]
hit_count  = 143738
miss_count = 8582

class_accuracy = 99.799%   72.977%   


confusion_matrix = 
121215	 8339	 
243	 22523	 




1 95.35732855162117 95.61055672268908 0.04397337 0.04189233 0.011261477 0.0069449632 25.99 





=================================================
new best net in 1
TRAINING result
accuracy   = 95.357 [%]
hit_count  = 10871895
miss_count = 529321

class_accuracy = 99.691%   78.172%   


confusion_matrix = 
9076838	 501224	 
28097	 1795057	 



TESTING result
accuracy   = 95.611 [%]
hit_count  = 145634
miss_count = 6686

class_accuracy = 98.963%   82.31%   


confusion_matrix = 
120388	 5425	 
1261	 25246	 




2 98.08180987010509 96.23358718487395 0.023501825 0.03853727 0.0059649125 0.007632827 25.76 





=================================================
new best net in 2
TRAINING result
accuracy   = 98.082 [%]
hit_count  = 11182519
miss_count = 218697

class_accuracy = 99.819%   91.193%   


confusion_matrix = 
9088715	 202201	 
16496	 2093804	 



TESTING result
accuracy   = 96.234 [%]
hit_count  = 146583
miss_count = 5737

class_accuracy = 99.116%   84.725%   


confusion_matrix = 
120725	 4661	 
1076	 25858	 




3 99.48280955294594 98.32589285714286 0.011954892 0.016959103 0.003913923 0.003810003 25.53 





=================================================
new best net in 3
TRAINING result
accuracy   = 99.483 [%]
hit_count  = 11342250
miss_count = 58966

class_accuracy = 99.975%   97.53%   


confusion_matrix = 
9102748	 56706	 
2260	 2239502	 



TESTING result
accuracy   = 98.326 [%]
hit_count  = 149770
miss_count = 2550

class_accuracy = 99.936%   91.959%   


confusion_matrix = 
121475	 2473	 
77	 28295	 




4 99.98565942439824 99.63300945378151 0.0032199263 0.007531961 0.0012942187 0.0020196598 25.3 





=================================================
new best net in 4
TRAINING result
accuracy   = 99.986 [%]
hit_count  = 11399581
miss_count = 1635

class_accuracy = 100.0%   99.929%   


confusion_matrix = 
9103123	 1621	 
14	 2296458	 



TESTING result
accuracy   = 99.633 [%]
hit_count  = 151761
miss_count = 559

class_accuracy = 99.975%   98.27%   


confusion_matrix = 
121658	 529	 
30	 30103	 




5 99.9998158091207 99.82930672268908 0.0012692201 0.0050576758 0.00041677905 0.0014178926 25.07 





=================================================
new best net in 5
TRAINING result
accuracy   = 100.0 [%]
hit_count  = 11401195
miss_count = 21

class_accuracy = 100.0%   99.999%   


confusion_matrix = 
9104955	 21	 
0	 2296240	 



TESTING result
accuracy   = 99.829 [%]
hit_count  = 152060
miss_count = 260

class_accuracy = 99.959%   99.308%   


confusion_matrix = 
121622	 211	 
49	 30438	 




6 99.99941234338513 99.96520483193277 0.00060071534 0.0029501165 0.00027387677 0.00091013423 24.84 





=================================================
new best net in 6
TRAINING result
accuracy   = 99.999 [%]
hit_count  = 11401149
miss_count = 67

class_accuracy = 100.0%   99.997%   


confusion_matrix = 
9105013	 62	 
5	 2296136	 



TESTING result
accuracy   = 99.965 [%]
hit_count  = 152267
miss_count = 53

class_accuracy = 99.991%   99.856%   


confusion_matrix = 
121686	 43	 
10	 30581	 



