loading  /home/jasencakova/dataset/cells/priamy_kanal/sim_2xKSin1_D_hct15_seed4_rigid62_1_from376000cy/rbc0_sim_2xKSin1_D_hct15_seed4_rigid62_1_from376000cy.dat
shape =  (8, 717)
717
loading  /home/jasencakova/dataset/cells/priamy_kanal/sim_2xKSin1_D_hct15_seed4_rigid62_1_from376000cy/rbc1_sim_2xKSin1_D_hct15_seed4_rigid62_1_from376000cy.dat
shape =  (8, 717)
717
loading  /home/jasencakova/dataset/cells/priamy_kanal/sim_2xKSin1_D_hct15_seed4_rigid62_1_from376000cy/rbc2_sim_2xKSin1_D_hct15_seed4_rigid62_1_from376000cy.dat
shape =  (8, 717)
717
loading  /home/jasencakova/dataset/cells/priamy_kanal/sim_2xKSin1_D_hct15_seed4_rigid62_1_from376000cy/rbc3_sim_2xKSin1_D_hct15_seed4_rigid62_1_from376000cy.dat
shape =  (8, 717)
717
loading  /home/jasencakova/dataset/cells/priamy_kanal/sim_2xKSin1_D_hct15_seed4_rigid62_1_from376000cy/rbc4_sim_2xKSin1_D_hct15_seed4_rigid62_1_from376000cy.dat
shape =  (8, 717)
717
loading  /home/jasencakova/dataset/cells/priamy_kanal/sim_2xKSin1_D_hct15_seed4_rigid62_1_from376000cy/rbc5_sim_2xKSin1_D_hct15_seed4_rigid62_1_from376000cy.dat
shape =  (8, 717)
717
loading  /home/jasencakova/dataset/cells/priamy_kanal/sim_2xKSin1_D_hct15_seed4_rigid62_1_from376000cy/rbc6_sim_2xKSin1_D_hct15_seed4_rigid62_1_from376000cy.dat
shape =  (8, 717)
717
loading  /home/jasencakova/dataset/cells/priamy_kanal/sim_2xKSin1_D_hct15_seed4_rigid62_1_from376000cy/rbc7_sim_2xKSin1_D_hct15_seed4_rigid62_1_from376000cy.dat
shape =  (8, 717)
717
loading  /home/jasencakova/dataset/cells/priamy_kanal/sim_2xKSin1_D_hct15_seed4_rigid62_1_from376000cy/rbc8_sim_2xKSin1_D_hct15_seed4_rigid62_1_from376000cy.dat
shape =  (8, 717)
717
loading  /home/jasencakova/dataset/cells/priamy_kanal/sim_2xKSin1_D_hct15_seed4_rigid62_1_from376000cy/rbc9_sim_2xKSin1_D_hct15_seed4_rigid62_1_from376000cy.dat
shape =  (8, 717)
717
loading  /home/jasencakova/dataset/cells/priamy_kanal/sim_2xKSin1_D_hct15_seed4_rigid62_1_from376000cy/rbc10_sim_2xKSin1_D_hct15_seed4_rigid62_1_from376000cy.dat
shape =  (8, 717)
717
loading  /home/jasencakova/dataset/cells/priamy_kanal/sim_2xKSin1_D_hct15_seed4_rigid62_1_from376000cy/rbc11_sim_2xKSin1_D_hct15_seed4_rigid62_1_from376000cy.dat
shape =  (8, 717)
717
loading  /home/jasencakova/dataset/cells/priamy_kanal/sim_2xKSin1_D_hct15_seed4_rigid62_1_from376000cy/rbc12_sim_2xKSin1_D_hct15_seed4_rigid62_1_from376000cy.dat
shape =  (8, 717)
717
loading  /home/jasencakova/dataset/cells/priamy_kanal/sim_2xKSin1_D_hct15_seed4_rigid62_1_from376000cy/rbc13_sim_2xKSin1_D_hct15_seed4_rigid62_1_from376000cy.dat
shape =  (8, 717)
717
loading  /home/jasencakova/dataset/cells/priamy_kanal/sim_2xKSin1_D_hct15_seed4_rigid62_1_from376000cy/rbc14_sim_2xKSin1_D_hct15_seed4_rigid62_1_from376000cy.dat
shape =  (8, 717)
717
loading  /home/jasencakova/dataset/cells/priamy_kanal/sim_2xKSin1_D_hct15_seed4_rigid62_1_from376000cy/rbc15_sim_2xKSin1_D_hct15_seed4_rigid62_1_from376000cy.dat
shape =  (8, 717)
717
loading  /home/jasencakova/dataset/cells/priamy_kanal/sim_2xKSin1_D_hct15_seed4_rigid62_1_from376000cy/rbc16_sim_2xKSin1_D_hct15_seed4_rigid62_1_from376000cy.dat
shape =  (8, 717)
717
loading  /home/jasencakova/dataset/cells/priamy_kanal/sim_2xKSin1_D_hct15_seed4_rigid62_1_from376000cy/rbc17_sim_2xKSin1_D_hct15_seed4_rigid62_1_from376000cy.dat
shape =  (8, 717)
717
loading  /home/jasencakova/dataset/cells/priamy_kanal/sim_2xKSin1_D_hct15_seed4_rigid62_1_from376000cy/rbc18_sim_2xKSin1_D_hct15_seed4_rigid62_1_from376000cy.dat
shape =  (8, 717)
717
loading  /home/jasencakova/dataset/cells/priamy_kanal/sim_2xKSin1_D_hct15_seed4_rigid62_1_from376000cy/rbc19_sim_2xKSin1_D_hct15_seed4_rigid62_1_from376000cy.dat
shape =  (8, 717)
717
loading  /home/jasencakova/dataset/cells/priamy_kanal/sim_2xKSin1_D_hct15_seed4_rigid62_1_from376000cy/rbc20_sim_2xKSin1_D_hct15_seed4_rigid62_1_from376000cy.dat
shape =  (8, 717)
717
loading  /home/jasencakova/dataset/cells/priamy_kanal/sim_2xKSin1_D_hct15_seed4_rigid62_1_from376000cy/rbc21_sim_2xKSin1_D_hct15_seed4_rigid62_1_from376000cy.dat
shape =  (8, 717)
717
loading  /home/jasencakova/dataset/cells/priamy_kanal/sim_2xKSin1_D_hct15_seed4_rigid62_1_from376000cy/rbc22_sim_2xKSin1_D_hct15_seed4_rigid62_1_from376000cy.dat
shape =  (8, 717)
717
loading  /home/jasencakova/dataset/cells/priamy_kanal/sim_2xKSin1_D_hct15_seed4_rigid62_1_from376000cy/rbc23_sim_2xKSin1_D_hct15_seed4_rigid62_1_from376000cy.dat
shape =  (8, 717)
717
loading  /home/jasencakova/dataset/cells/priamy_kanal/sim_2xKSin1_D_hct15_seed4_rigid62_1_from376000cy/rbc24_sim_2xKSin1_D_hct15_seed4_rigid62_1_from376000cy.dat
shape =  (8, 717)
717
loading  /home/jasencakova/dataset/cells/priamy_kanal/sim_2xKSin1_D_hct15_seed4_rigid62_1_from376000cy/rbc25_sim_2xKSin1_D_hct15_seed4_rigid62_1_from376000cy.dat
shape =  (8, 717)
717
loading  /home/jasencakova/dataset/cells/priamy_kanal/sim_2xKSin1_D_hct15_seed4_rigid62_1_from376000cy/rbc26_sim_2xKSin1_D_hct15_seed4_rigid62_1_from376000cy.dat
shape =  (8, 717)
717
loading  /home/jasencakova/dataset/cells/priamy_kanal/sim_2xKSin1_D_hct15_seed4_rigid62_1_from376000cy/rbc27_sim_2xKSin1_D_hct15_seed4_rigid62_1_from376000cy.dat
shape =  (8, 717)
717
loading  /home/jasencakova/dataset/cells/priamy_kanal/sim_2xKSin1_D_hct15_seed4_rigid62_1_from376000cy/rbc28_sim_2xKSin1_D_hct15_seed4_rigid62_1_from376000cy.dat
shape =  (8, 717)
717
loading  /home/jasencakova/dataset/cells/priamy_kanal/sim_2xKSin1_D_hct15_seed4_rigid62_1_from376000cy/rbc29_sim_2xKSin1_D_hct15_seed4_rigid62_1_from376000cy.dat
shape =  (8, 717)
717
loading  /home/jasencakova/dataset/cells/priamy_kanal/sim_2xKSin1_D_hct15_seed4_rigid62_1_from376000cy/rbc30_sim_2xKSin1_D_hct15_seed4_rigid62_1_from376000cy.dat
shape =  (8, 717)
717
loading  /home/jasencakova/dataset/cells/priamy_kanal/sim_2xKSin1_D_hct15_seed4_rigid62_1_from376000cy/rbc31_sim_2xKSin1_D_hct15_seed4_rigid62_1_from376000cy.dat
shape =  (8, 717)
717
loading  /home/jasencakova/dataset/cells/priamy_kanal/sim_2xKSin1_D_hct15_seed4_rigid62_1_from376000cy/rbc32_sim_2xKSin1_D_hct15_seed4_rigid62_1_from376000cy.dat
shape =  (8, 717)
717
loading  /home/jasencakova/dataset/cells/priamy_kanal/sim_2xKSin1_D_hct15_seed4_rigid62_1_from376000cy/rbc33_sim_2xKSin1_D_hct15_seed4_rigid62_1_from376000cy.dat
shape =  (8, 717)
717
loading  /home/jasencakova/dataset/cells/priamy_kanal/sim_2xKSin1_D_hct15_seed4_rigid62_1_from376000cy/rbc34_sim_2xKSin1_D_hct15_seed4_rigid62_1_from376000cy.dat
shape =  (8, 717)
717
loading  /home/jasencakova/dataset/cells/priamy_kanal/sim_2xKSin1_D_hct15_seed4_rigid62_1_from376000cy/rbc35_sim_2xKSin1_D_hct15_seed4_rigid62_1_from376000cy.dat
shape =  (8, 717)
717
loading  /home/jasencakova/dataset/cells/priamy_kanal/sim_2xKSin1_D_hct15_seed4_rigid62_1_from376000cy/rbc36_sim_2xKSin1_D_hct15_seed4_rigid62_1_from376000cy.dat
shape =  (8, 717)
717
loading  /home/jasencakova/dataset/cells/priamy_kanal/sim_2xKSin1_D_hct15_seed4_rigid62_1_from376000cy/rbc37_sim_2xKSin1_D_hct15_seed4_rigid62_1_from376000cy.dat
shape =  (8, 717)
717
loading  /home/jasencakova/dataset/cells/priamy_kanal/sim_2xKSin1_D_hct15_seed4_rigid62_1_from376000cy/rbc38_sim_2xKSin1_D_hct15_seed4_rigid62_1_from376000cy.dat
shape =  (8, 717)
717
loading  /home/jasencakova/dataset/cells/priamy_kanal/sim_2xKSin1_D_hct15_seed4_rigid62_1_from376000cy/rbc39_sim_2xKSin1_D_hct15_seed4_rigid62_1_from376000cy.dat
shape =  (8, 717)
717
loading  /home/jasencakova/dataset/cells/priamy_kanal/sim_2xKSin1_D_hct15_seed4_rigid62_1_from376000cy/rbc40_sim_2xKSin1_D_hct15_seed4_rigid62_1_from376000cy.dat
shape =  (8, 717)
717
loading  /home/jasencakova/dataset/cells/priamy_kanal/sim_2xKSin1_D_hct15_seed4_rigid62_1_from376000cy/rbc41_sim_2xKSin1_D_hct15_seed4_rigid62_1_from376000cy.dat
shape =  (8, 717)
717
loading  /home/jasencakova/dataset/cells/priamy_kanal/sim_2xKSin1_D_hct15_seed4_rigid62_1_from376000cy/rbc42_sim_2xKSin1_D_hct15_seed4_rigid62_1_from376000cy.dat
shape =  (8, 717)
717
loading  /home/jasencakova/dataset/cells/priamy_kanal/sim_2xKSin1_D_hct15_seed4_rigid62_1_from376000cy/rbc43_sim_2xKSin1_D_hct15_seed4_rigid62_1_from376000cy.dat
shape =  (8, 717)
717
loading  /home/jasencakova/dataset/cells/priamy_kanal/sim_2xKSin1_D_hct15_seed4_rigid62_1_from376000cy/rbc44_sim_2xKSin1_D_hct15_seed4_rigid62_1_from376000cy.dat
shape =  (8, 717)
717
loading  /home/jasencakova/dataset/cells/priamy_kanal/sim_2xKSin1_D_hct15_seed4_rigid62_1_from376000cy/rbc45_sim_2xKSin1_D_hct15_seed4_rigid62_1_from376000cy.dat
shape =  (8, 717)
717
loading  /home/jasencakova/dataset/cells/priamy_kanal/sim_2xKSin1_D_hct15_seed4_rigid62_1_from376000cy/rbc46_sim_2xKSin1_D_hct15_seed4_rigid62_1_from376000cy.dat
shape =  (8, 717)
717
loading  /home/jasencakova/dataset/cells/priamy_kanal/sim_2xKSin1_D_hct15_seed4_rigid62_1_from376000cy/rbc47_sim_2xKSin1_D_hct15_seed4_rigid62_1_from376000cy.dat
shape =  (8, 717)
717
loading  /home/jasencakova/dataset/cells/priamy_kanal/sim_2xKSin1_D_hct15_seed4_rigid62_1_from376000cy/rbc48_sim_2xKSin1_D_hct15_seed4_rigid62_1_from376000cy.dat
shape =  (8, 717)
717
loading  /home/jasencakova/dataset/cells/priamy_kanal/sim_2xKSin1_D_hct15_seed4_rigid62_1_from376000cy/rbc49_sim_2xKSin1_D_hct15_seed4_rigid62_1_from376000cy.dat
shape =  (8, 717)
717
loading  /home/jasencakova/dataset/cells/priamy_kanal/sim_2xKSin1_D_hct15_seed4_rigid62_1_from376000cy/rbc50_sim_2xKSin1_D_hct15_seed4_rigid62_1_from376000cy.dat
shape =  (8, 717)
717
loading  /home/jasencakova/dataset/cells/priamy_kanal/sim_2xKSin1_D_hct15_seed4_rigid62_1_from376000cy/rbc51_sim_2xKSin1_D_hct15_seed4_rigid62_1_from376000cy.dat
shape =  (8, 717)
717
loading  /home/jasencakova/dataset/cells/priamy_kanal/sim_2xKSin1_D_hct15_seed4_rigid62_1_from376000cy/rbc52_sim_2xKSin1_D_hct15_seed4_rigid62_1_from376000cy.dat
shape =  (8, 717)
717
loading  /home/jasencakova/dataset/cells/priamy_kanal/sim_2xKSin1_D_hct15_seed4_rigid62_1_from376000cy/rbc53_sim_2xKSin1_D_hct15_seed4_rigid62_1_from376000cy.dat
shape =  (8, 717)
717
loading  /home/jasencakova/dataset/cells/priamy_kanal/sim_2xKSin1_D_hct15_seed4_rigid62_1_from376000cy/rbc54_sim_2xKSin1_D_hct15_seed4_rigid62_1_from376000cy.dat
shape =  (8, 717)
717
loading  /home/jasencakova/dataset/cells/priamy_kanal/sim_2xKSin1_D_hct15_seed4_rigid62_1_from376000cy/rbc55_sim_2xKSin1_D_hct15_seed4_rigid62_1_from376000cy.dat
shape =  (8, 717)
717
loading  /home/jasencakova/dataset/cells/priamy_kanal/sim_2xKSin1_D_hct15_seed4_rigid62_1_from376000cy/rbc56_sim_2xKSin1_D_hct15_seed4_rigid62_1_from376000cy.dat
shape =  (8, 717)
717
loading  /home/jasencakova/dataset/cells/priamy_kanal/sim_2xKSin1_D_hct15_seed4_rigid62_1_from376000cy/rbc57_sim_2xKSin1_D_hct15_seed4_rigid62_1_from376000cy.dat
shape =  (8, 717)
717
loading  /home/jasencakova/dataset/cells/priamy_kanal/sim_2xKSin1_D_hct15_seed4_rigid62_1_from376000cy/rbc58_sim_2xKSin1_D_hct15_seed4_rigid62_1_from376000cy.dat
shape =  (8, 717)
717
loading  /home/jasencakova/dataset/cells/priamy_kanal/sim_2xKSin1_D_hct15_seed4_rigid62_1_from376000cy/rbc59_sim_2xKSin1_D_hct15_seed4_rigid62_1_from376000cy.dat
shape =  (8, 717)
717
loading  /home/jasencakova/dataset/cells/priamy_kanal/sim_2xKSin1_D_hct15_seed4_rigid62_1_from376000cy/rbc60_sim_2xKSin1_D_hct15_seed4_rigid62_1_from376000cy.dat
shape =  (8, 717)
717
loading  /home/jasencakova/dataset/cells/priamy_kanal/sim_2xKSin1_D_hct15_seed4_rigid62_1_from376000cy/rbc61_sim_2xKSin1_D_hct15_seed4_rigid62_1_from376000cy.dat
shape =  (8, 717)
717
loading  /home/jasencakova/dataset/cells/priamy_kanal/sim_2xKSin1_D_hct15_seed4_rigid62_1_from376000cy/rbc62_sim_2xKSin1_D_hct15_seed4_rigid62_1_from376000cy.dat
shape =  (8, 717)
717
loading  /home/jasencakova/dataset/cells/priamy_kanal/sim_2xKSin1_D_hct15_seed4_rigid62_1_from376000cy/rbc63_sim_2xKSin1_D_hct15_seed4_rigid62_1_from376000cy.dat
shape =  (8, 717)
717
loading  /home/jasencakova/dataset/cells/priamy_kanal/sim_2xKSin1_D_hct15_seed4_rigid62_1_from376000cy/rbc64_sim_2xKSin1_D_hct15_seed4_rigid62_1_from376000cy.dat
shape =  (8, 717)
717
loading  /home/jasencakova/dataset/cells/priamy_kanal/sim_2xKSin1_D_hct15_seed4_rigid62_1_from376000cy/rbc65_sim_2xKSin1_D_hct15_seed4_rigid62_1_from376000cy.dat
shape =  (8, 717)
717
loading  /home/jasencakova/dataset/cells/priamy_kanal/sim_2xKSin1_D_hct15_seed4_rigid62_1_from376000cy/rbc66_sim_2xKSin1_D_hct15_seed4_rigid62_1_from376000cy.dat
shape =  (8, 717)
717
loading  /home/jasencakova/dataset/cells/priamy_kanal/sim_2xKSin1_D_hct15_seed4_rigid62_1_from376000cy/rbc67_sim_2xKSin1_D_hct15_seed4_rigid62_1_from376000cy.dat
shape =  (8, 717)
717
loading  /home/jasencakova/dataset/cells/priamy_kanal/sim_2xKSin1_D_hct15_seed4_rigid62_1_from376000cy/rbc68_sim_2xKSin1_D_hct15_seed4_rigid62_1_from376000cy.dat
shape =  (8, 717)
717
loading  /home/jasencakova/dataset/cells/priamy_kanal/sim_2xKSin1_D_hct15_seed4_rigid62_1_from376000cy/rbc69_sim_2xKSin1_D_hct15_seed4_rigid62_1_from376000cy.dat
shape =  (8, 717)
717
loading  /home/jasencakova/dataset/cells/priamy_kanal/sim_2xKSin1_D_hct15_seed4_rigid62_1_from376000cy/rbc70_sim_2xKSin1_D_hct15_seed4_rigid62_1_from376000cy.dat
shape =  (8, 717)
717
loading  /home/jasencakova/dataset/cells/priamy_kanal/sim_2xKSin1_D_hct15_seed4_rigid62_1_from376000cy/rbc71_sim_2xKSin1_D_hct15_seed4_rigid62_1_from376000cy.dat
shape =  (8, 717)
717
loading  /home/jasencakova/dataset/cells/priamy_kanal/sim_2xKSin1_D_hct15_seed4_rigid62_1_from376000cy/rbc72_sim_2xKSin1_D_hct15_seed4_rigid62_1_from376000cy.dat
shape =  (8, 717)
717
loading  /home/jasencakova/dataset/cells/priamy_kanal/sim_2xKSin1_D_hct15_seed4_rigid62_1_from376000cy/rbc73_sim_2xKSin1_D_hct15_seed4_rigid62_1_from376000cy.dat
shape =  (8, 717)
717
loading  /home/jasencakova/dataset/cells/priamy_kanal/sim_2xKSin1_D_hct15_seed4_rigid62_1_from376000cy/rbc74_sim_2xKSin1_D_hct15_seed4_rigid62_1_from376000cy.dat
shape =  (8, 717)
717
loading  /home/jasencakova/dataset/cells/priamy_kanal/sim_2xKSin1_D_hct15_seed4_rigid62_1_from376000cy/rbc75_sim_2xKSin1_D_hct15_seed4_rigid62_1_from376000cy.dat
shape =  (8, 717)
717
loading  /home/jasencakova/dataset/cells/priamy_kanal/sim_2xKSin1_D_hct15_seed4_rigid62_1_from376000cy/rbc76_sim_2xKSin1_D_hct15_seed4_rigid62_1_from376000cy.dat
shape =  (8, 717)
717
loading  /home/jasencakova/dataset/cells/priamy_kanal/sim_2xKSin1_D_hct15_seed4_rigid62_1_from376000cy/rbc77_sim_2xKSin1_D_hct15_seed4_rigid62_1_from376000cy.dat
shape =  (8, 717)
717
loading  /home/jasencakova/dataset/cells/priamy_kanal/sim_2xKSin1_D_hct15_seed4_rigid62_1_from376000cy/rbc78_sim_2xKSin1_D_hct15_seed4_rigid62_1_from376000cy.dat
shape =  (8, 717)
717
loading  /home/jasencakova/dataset/cells/priamy_kanal/sim_2xKSin1_D_hct15_seed4_rigid62_1_from376000cy/rbc79_sim_2xKSin1_D_hct15_seed4_rigid62_1_from376000cy.dat
shape =  (8, 717)
717
loading  /home/jasencakova/dataset/cells/priamy_kanal/sim_2xKSin1_D_hct15_seed4_rigid62_1_from376000cy/rbc80_sim_2xKSin1_D_hct15_seed4_rigid62_1_from376000cy.dat
shape =  (8, 717)
717
loading  /home/jasencakova/dataset/cells/priamy_kanal/sim_2xKSin1_D_hct15_seed4_rigid62_1_from376000cy/rbc81_sim_2xKSin1_D_hct15_seed4_rigid62_1_from376000cy.dat
shape =  (8, 717)
717
loading  /home/jasencakova/dataset/cells/priamy_kanal/sim_2xKSin1_D_hct15_seed4_rigid62_1_from376000cy/rbc82_sim_2xKSin1_D_hct15_seed4_rigid62_1_from376000cy.dat
shape =  (8, 717)
717
loading  /home/jasencakova/dataset/cells/priamy_kanal/sim_2xKSin1_D_hct15_seed4_rigid62_1_from376000cy/rbc83_sim_2xKSin1_D_hct15_seed4_rigid62_1_from376000cy.dat
shape =  (8, 717)
717
loading  /home/jasencakova/dataset/cells/priamy_kanal/sim_2xKSin1_D_hct15_seed4_rigid62_1_from376000cy/rbc84_sim_2xKSin1_D_hct15_seed4_rigid62_1_from376000cy.dat
shape =  (8, 717)
717
loading  /home/jasencakova/dataset/cells/priamy_kanal/sim_2xKSin1_D_hct15_seed4_rigid62_1_from376000cy/rbc85_sim_2xKSin1_D_hct15_seed4_rigid62_1_from376000cy.dat
shape =  (8, 717)
717
loading  /home/jasencakova/dataset/cells/priamy_kanal/sim_2xKSin1_D_hct15_seed4_rigid62_1_from376000cy/rbc86_sim_2xKSin1_D_hct15_seed4_rigid62_1_from376000cy.dat
shape =  (8, 717)
717
loading  /home/jasencakova/dataset/cells/priamy_kanal/sim_2xKSin1_D_hct15_seed4_rigid62_1_from376000cy/rbc87_sim_2xKSin1_D_hct15_seed4_rigid62_1_from376000cy.dat
shape =  (8, 717)
717
loading  /home/jasencakova/dataset/cells/priamy_kanal/sim_2xKSin1_D_hct15_seed4_rigid62_1_from376000cy/rbc88_sim_2xKSin1_D_hct15_seed4_rigid62_1_from376000cy.dat
shape =  (8, 717)
717
loading  /home/jasencakova/dataset/cells/priamy_kanal/sim_2xKSin1_D_hct15_seed4_rigid62_1_from376000cy/rbc89_sim_2xKSin1_D_hct15_seed4_rigid62_1_from376000cy.dat
shape =  (8, 717)
717
loading  /home/jasencakova/dataset/cells/priamy_kanal/sim_2xKSin1_D_hct15_seed4_rigid62_1_from376000cy/rbc90_sim_2xKSin1_D_hct15_seed4_rigid62_1_from376000cy.dat
shape =  (8, 717)
717
loading  /home/jasencakova/dataset/cells/priamy_kanal/sim_2xKSin1_D_hct15_seed4_rigid62_1_from376000cy/rbc91_sim_2xKSin1_D_hct15_seed4_rigid62_1_from376000cy.dat
shape =  (8, 717)
717
loading  /home/jasencakova/dataset/cells/priamy_kanal/sim_2xKSin1_D_hct15_seed4_rigid62_1_from376000cy/rbc92_sim_2xKSin1_D_hct15_seed4_rigid62_1_from376000cy.dat
shape =  (8, 717)
717
loading  /home/jasencakova/dataset/cells/priamy_kanal/sim_2xKSin1_D_hct15_seed4_rigid62_1_from376000cy/rbc93_sim_2xKSin1_D_hct15_seed4_rigid62_1_from376000cy.dat
shape =  (8, 717)
717
loading  /home/jasencakova/dataset/cells/priamy_kanal/sim_2xKSin1_D_hct15_seed4_rigid62_1_from376000cy/rbc94_sim_2xKSin1_D_hct15_seed4_rigid62_1_from376000cy.dat
shape =  (8, 717)
717
loading  /home/jasencakova/dataset/cells/priamy_kanal/sim_2xKSin1_D_hct15_seed4_rigid62_1_from376000cy/rbc95_sim_2xKSin1_D_hct15_seed4_rigid62_1_from376000cy.dat
shape =  (8, 717)
717
loading  /home/jasencakova/dataset/cells/priamy_kanal/sim_2xKSin1_D_hct15_seed4_rigid62_1_from376000cy/rbc96_sim_2xKSin1_D_hct15_seed4_rigid62_1_from376000cy.dat
shape =  (8, 717)
717
loading  /home/jasencakova/dataset/cells/priamy_kanal/sim_2xKSin1_D_hct15_seed4_rigid62_1_from376000cy/rbc97_sim_2xKSin1_D_hct15_seed4_rigid62_1_from376000cy.dat
shape =  (8, 717)
717
loading  /home/jasencakova/dataset/cells/priamy_kanal/sim_2xKSin1_D_hct15_seed4_rigid62_1_from376000cy/rbc98_sim_2xKSin1_D_hct15_seed4_rigid62_1_from376000cy.dat
shape =  (8, 717)
717
loading  /home/jasencakova/dataset/cells/priamy_kanal/sim_2xKSin1_D_hct15_seed4_rigid62_1_from376000cy/rbc99_sim_2xKSin1_D_hct15_seed4_rigid62_1_from376000cy.dat
shape =  (8, 717)
717
loading  /home/jasencakova/dataset/cells/priamy_kanal/sim_2xKSin1_D_hct15_seed4_rigid62_1_from376000cy/rbc100_sim_2xKSin1_D_hct15_seed4_rigid62_1_from376000cy.dat
shape =  (8, 717)
717
loading  /home/jasencakova/dataset/cells/priamy_kanal/sim_2xKSin1_D_hct15_seed4_rigid62_1_from376000cy/rbc101_sim_2xKSin1_D_hct15_seed4_rigid62_1_from376000cy.dat
shape =  (8, 717)
717
loading  /home/jasencakova/dataset/cells/priamy_kanal/sim_2xKSin1_D_hct15_seed4_rigid62_1_from376000cy/rbc102_sim_2xKSin1_D_hct15_seed4_rigid62_1_from376000cy.dat
shape =  (8, 717)
717
loading  /home/jasencakova/dataset/cells/priamy_kanal/sim_2xKSin1_D_hct15_seed4_rigid62_1_from376000cy/rbc103_sim_2xKSin1_D_hct15_seed4_rigid62_1_from376000cy.dat
shape =  (8, 717)
717
loading  /home/jasencakova/dataset/cells/priamy_kanal/sim_2xKSin1_D_hct15_seed4_rigid62_1_from376000cy/rbc104_sim_2xKSin1_D_hct15_seed4_rigid62_1_from376000cy.dat
shape =  (8, 717)
717
loading  /home/jasencakova/dataset/cells/priamy_kanal/sim_2xKSin1_D_hct15_seed4_rigid62_1_from376000cy/rbc105_sim_2xKSin1_D_hct15_seed4_rigid62_1_from376000cy.dat
shape =  (8, 717)
717
loading  /home/jasencakova/dataset/cells/priamy_kanal/sim_2xKSin1_D_hct15_seed4_rigid62_1_from376000cy/rbc106_sim_2xKSin1_D_hct15_seed4_rigid62_1_from376000cy.dat
shape =  (8, 717)
717
loading  /home/jasencakova/dataset/cells/priamy_kanal/sim_2xKSin1_D_hct15_seed4_rigid62_1_from376000cy/rbc107_sim_2xKSin1_D_hct15_seed4_rigid62_1_from376000cy.dat
shape =  (8, 717)
717
loading  /home/jasencakova/dataset/cells/priamy_kanal/sim_2xKSin1_D_hct15_seed4_rigid62_1_from376000cy/rbc108_sim_2xKSin1_D_hct15_seed4_rigid62_1_from376000cy.dat
shape =  (8, 717)
717
loading  /home/jasencakova/dataset/cells/priamy_kanal/sim_2xKSin1_D_hct15_seed4_rigid62_1_from376000cy/rbc109_sim_2xKSin1_D_hct15_seed4_rigid62_1_from376000cy.dat
shape =  (8, 717)
717
loading  /home/jasencakova/dataset/cells/priamy_kanal/sim_2xKSin1_D_hct15_seed4_rigid62_1_from376000cy/rbc110_sim_2xKSin1_D_hct15_seed4_rigid62_1_from376000cy.dat
shape =  (8, 717)
717
loading  /home/jasencakova/dataset/cells/priamy_kanal/sim_2xKSin1_D_hct15_seed4_rigid62_1_from376000cy/rbc111_sim_2xKSin1_D_hct15_seed4_rigid62_1_from376000cy.dat
shape =  (8, 717)
717
loading  /home/jasencakova/dataset/cells/priamy_kanal/sim_2xKSin1_D_hct15_seed4_rigid62_1_from376000cy/rbc112_sim_2xKSin1_D_hct15_seed4_rigid62_1_from376000cy.dat
shape =  (8, 717)
717
loading  /home/jasencakova/dataset/cells/priamy_kanal/sim_2xKSin1_D_hct15_seed4_rigid62_1_from376000cy/rbc113_sim_2xKSin1_D_hct15_seed4_rigid62_1_from376000cy.dat
shape =  (8, 717)
717
loading  /home/jasencakova/dataset/cells/priamy_kanal/sim_2xKSin1_D_hct15_seed4_rigid62_1_from376000cy/rbc114_sim_2xKSin1_D_hct15_seed4_rigid62_1_from376000cy.dat
shape =  (8, 717)
717
loading  /home/jasencakova/dataset/cells/priamy_kanal/sim_2xKSin1_D_hct15_seed4_rigid62_1_from376000cy/rbc115_sim_2xKSin1_D_hct15_seed4_rigid62_1_from376000cy.dat
shape =  (8, 717)
717
loading  /home/jasencakova/dataset/cells/priamy_kanal/sim_2xKSin1_D_hct15_seed4_rigid62_1_from376000cy/rbc116_sim_2xKSin1_D_hct15_seed4_rigid62_1_from376000cy.dat
shape =  (8, 717)
717
loading  /home/jasencakova/dataset/cells/priamy_kanal/sim_2xKSin1_D_hct15_seed4_rigid62_1_from376000cy/rbc117_sim_2xKSin1_D_hct15_seed4_rigid62_1_from376000cy.dat
shape =  (8, 717)
717
loading  /home/jasencakova/dataset/cells/priamy_kanal/sim_2xKSin1_D_hct15_seed4_rigid62_1_from376000cy/rbc118_sim_2xKSin1_D_hct15_seed4_rigid62_1_from376000cy.dat
shape =  (8, 717)
717
loading  /home/jasencakova/dataset/cells/priamy_kanal/sim_2xKSin1_D_hct15_seed4_rigid62_1_from376000cy/rbc119_sim_2xKSin1_D_hct15_seed4_rigid62_1_from376000cy.dat
shape =  (8, 717)
717
loading  /home/jasencakova/dataset/cells/priamy_kanal/sim_2xKSin1_D_hct15_seed4_rigid62_1_from376000cy/rbc120_sim_2xKSin1_D_hct15_seed4_rigid62_1_from376000cy.dat
shape =  (8, 717)
717
loading  /home/jasencakova/dataset/cells/priamy_kanal/sim_2xKSin1_D_hct15_seed4_rigid62_1_from376000cy/rbc121_sim_2xKSin1_D_hct15_seed4_rigid62_1_from376000cy.dat
shape =  (8, 717)
717
loading  /home/jasencakova/dataset/cells/priamy_kanal/sim_2xKSin1_D_hct15_seed4_rigid62_1_from376000cy/rbc122_sim_2xKSin1_D_hct15_seed4_rigid62_1_from376000cy.dat
shape =  (8, 717)
717
loading  /home/jasencakova/dataset/cells/priamy_kanal/sim_2xKSin1_D_hct15_seed4_rigid62_1_from376000cy/rbc123_sim_2xKSin1_D_hct15_seed4_rigid62_1_from376000cy.dat
shape =  (8, 717)
717
loading  /home/jasencakova/dataset/cells/priamy_kanal/sim_2xKSin1_D_hct15_seed4_rigid62_1_from376000cy/rbc124_sim_2xKSin1_D_hct15_seed4_rigid62_1_from376000cy.dat
shape =  (8, 717)
717
loading  /home/jasencakova/dataset/cells/priamy_kanal/sim_2xKSin1_D_hct15_seed4_rigid62_1_from376000cy/rbc125_sim_2xKSin1_D_hct15_seed4_rigid62_1_from376000cy.dat
shape =  (8, 717)
717
loading  /home/jasencakova/dataset/cells/priamy_kanal/sim_2xKSin1_D_hct15_seed4_rigid62_1_from376000cy/rbc126_sim_2xKSin1_D_hct15_seed4_rigid62_1_from376000cy.dat
shape =  (8, 717)
717
loading  /home/jasencakova/dataset/cells/priamy_kanal/sim_2xKSin1_D_hct15_seed4_rigid62_1_from376000cy/rbc127_sim_2xKSin1_D_hct15_seed4_rigid62_1_from376000cy.dat
shape =  (8, 717)
717
loading  /home/jasencakova/dataset/cells/priamy_kanal/sim_2xKSin1_D_hct15_seed4_rigid62_1_from376000cy/rbc128_sim_2xKSin1_D_hct15_seed4_rigid62_1_from376000cy.dat
shape =  (8, 717)
717
loading  /home/jasencakova/dataset/cells/priamy_kanal/sim_2xKSin1_D_hct15_seed4_rigid62_1_from376000cy/rbc129_sim_2xKSin1_D_hct15_seed4_rigid62_1_from376000cy.dat
shape =  (8, 717)
717
loading  /home/jasencakova/dataset/cells/priamy_kanal/sim_2xKSin1_D_hct15_seed4_rigid62_1_from376000cy/rbc130_sim_2xKSin1_D_hct15_seed4_rigid62_1_from376000cy.dat
shape =  (8, 717)
717
loading  /home/jasencakova/dataset/cells/priamy_kanal/sim_2xKSin1_D_hct15_seed4_rigid62_1_from376000cy/rbc131_sim_2xKSin1_D_hct15_seed4_rigid62_1_from376000cy.dat
shape =  (8, 717)
717
loading  /home/jasencakova/dataset/cells/priamy_kanal/sim_2xKSin1_D_hct15_seed4_rigid62_1_from376000cy/rbc132_sim_2xKSin1_D_hct15_seed4_rigid62_1_from376000cy.dat
shape =  (8, 717)
717
loading  /home/jasencakova/dataset/cells/priamy_kanal/sim_2xKSin1_D_hct15_seed4_rigid62_1_from376000cy/rbc133_sim_2xKSin1_D_hct15_seed4_rigid62_1_from376000cy.dat
shape =  (8, 717)
717
loading  /home/jasencakova/dataset/cells/priamy_kanal/sim_2xKSin1_D_hct15_seed4_rigid62_1_from376000cy/rbc134_sim_2xKSin1_D_hct15_seed4_rigid62_1_from376000cy.dat
shape =  (8, 717)
717
loading  /home/jasencakova/dataset/cells/priamy_kanal/sim_2xKSin1_D_hct15_seed4_rigid62_1_from376000cy/rbc135_sim_2xKSin1_D_hct15_seed4_rigid62_1_from376000cy.dat
shape =  (8, 717)
717
loading  /home/jasencakova/dataset/cells/priamy_kanal/sim_2xKSin1_D_hct15_seed4_rigid62_1_from376000cy/rbc136_sim_2xKSin1_D_hct15_seed4_rigid62_1_from376000cy.dat
shape =  (8, 717)
717
loading  /home/jasencakova/dataset/cells/priamy_kanal/sim_2xKSin1_D_hct15_seed4_rigid62_1_from376000cy/rbc137_sim_2xKSin1_D_hct15_seed4_rigid62_1_from376000cy.dat
shape =  (8, 717)
717
loading  /home/jasencakova/dataset/cells/priamy_kanal/sim_2xKSin1_D_hct15_seed4_rigid62_1_from376000cy/rbc138_sim_2xKSin1_D_hct15_seed4_rigid62_1_from376000cy.dat
shape =  (8, 717)
717
loading  /home/jasencakova/dataset/cells/priamy_kanal/sim_2xKSin1_D_hct15_seed4_rigid62_1_from376000cy/rbc139_sim_2xKSin1_D_hct15_seed4_rigid62_1_from376000cy.dat
shape =  (8, 717)
717
loading  /home/jasencakova/dataset/cells/priamy_kanal/sim_2xKSin1_D_hct15_seed4_rigid62_1_from376000cy/rbc140_sim_2xKSin1_D_hct15_seed4_rigid62_1_from376000cy.dat
shape =  (8, 717)
717
loading  /home/jasencakova/dataset/cells/priamy_kanal/sim_2xKSin1_D_hct15_seed4_rigid62_1_from376000cy/rbc141_sim_2xKSin1_D_hct15_seed4_rigid62_1_from376000cy.dat
shape =  (8, 717)
717
loading  /home/jasencakova/dataset/cells/priamy_kanal/sim_2xKSin1_D_hct15_seed4_rigid62_1_from376000cy/rbc142_sim_2xKSin1_D_hct15_seed4_rigid62_1_from376000cy.dat
shape =  (8, 717)
717
loading  /home/jasencakova/dataset/cells/priamy_kanal/sim_2xKSin1_D_hct15_seed4_rigid62_1_from376000cy/rbc143_sim_2xKSin1_D_hct15_seed4_rigid62_1_from376000cy.dat
shape =  (8, 717)
717
loading  /home/jasencakova/dataset/cells/priamy_kanal/sim_2xKSin1_D_hct15_seed4_rigid62_1_from376000cy/rbc144_sim_2xKSin1_D_hct15_seed4_rigid62_1_from376000cy.dat
shape =  (8, 717)
717
loading  /home/jasencakova/dataset/cells/priamy_kanal/sim_2xKSin1_D_hct15_seed4_rigid62_1_from376000cy/rbc145_sim_2xKSin1_D_hct15_seed4_rigid62_1_from376000cy.dat
shape =  (8, 717)
717
loading  /home/jasencakova/dataset/cells/priamy_kanal/sim_2xKSin1_D_hct15_seed4_rigid62_1_from376000cy/rbc146_sim_2xKSin1_D_hct15_seed4_rigid62_1_from376000cy.dat
shape =  (8, 717)
717
loading  /home/jasencakova/dataset/cells/priamy_kanal/sim_2xKSin1_D_hct15_seed4_rigid62_1_from376000cy/rbc147_sim_2xKSin1_D_hct15_seed4_rigid62_1_from376000cy.dat
shape =  (8, 717)
717
loading  /home/jasencakova/dataset/cells/priamy_kanal/sim_2xKSin1_D_hct15_seed4_rigid62_1_from376000cy/rbc148_sim_2xKSin1_D_hct15_seed4_rigid62_1_from376000cy.dat
shape =  (8, 717)
717
loading  /home/jasencakova/dataset/cells/priamy_kanal/sim_2xKSin1_D_hct15_seed4_rigid62_1_from376000cy/rbc149_sim_2xKSin1_D_hct15_seed4_rigid62_1_from376000cy.dat
shape =  (8, 717)
717
loading  /home/jasencakova/dataset/cells/priamy_kanal/sim_2xKSin1_D_hct15_seed4_rigid62_1_from376000cy/rbc150_sim_2xKSin1_D_hct15_seed4_rigid62_1_from376000cy.dat
shape =  (8, 717)
717
loading  /home/jasencakova/dataset/cells/priamy_kanal/sim_2xKSin1_D_hct15_seed4_rigid62_1_from376000cy/rbc151_sim_2xKSin1_D_hct15_seed4_rigid62_1_from376000cy.dat
shape =  (8, 717)
717
loading  /home/jasencakova/dataset/cells/priamy_kanal/sim_2xKSin1_D_hct15_seed4_rigid62_1_from376000cy/rbc152_sim_2xKSin1_D_hct15_seed4_rigid62_1_from376000cy.dat
shape =  (8, 717)
717
loading  /home/jasencakova/dataset/cells/priamy_kanal/sim_2xKSin1_D_hct15_seed4_rigid62_1_from376000cy/rbc153_sim_2xKSin1_D_hct15_seed4_rigid62_1_from376000cy.dat
shape =  (8, 717)
717
shortest_length =  717
data_shape      =  (154, 717, 8)



loading  /home/jasencakova/dataset/cells/priamy_kanal/sim_2xKSin1_D_hct15_seed4_rigid92_1/rbc0_sim_2xKSin1_D_hct15_seed4_rigid92_1.dat
shape =  (8, 706)
706
loading  /home/jasencakova/dataset/cells/priamy_kanal/sim_2xKSin1_D_hct15_seed4_rigid92_1/rbc1_sim_2xKSin1_D_hct15_seed4_rigid92_1.dat
shape =  (8, 706)
706
loading  /home/jasencakova/dataset/cells/priamy_kanal/sim_2xKSin1_D_hct15_seed4_rigid92_1/rbc2_sim_2xKSin1_D_hct15_seed4_rigid92_1.dat
shape =  (8, 706)
706
loading  /home/jasencakova/dataset/cells/priamy_kanal/sim_2xKSin1_D_hct15_seed4_rigid92_1/rbc3_sim_2xKSin1_D_hct15_seed4_rigid92_1.dat
shape =  (8, 706)
706
loading  /home/jasencakova/dataset/cells/priamy_kanal/sim_2xKSin1_D_hct15_seed4_rigid92_1/rbc4_sim_2xKSin1_D_hct15_seed4_rigid92_1.dat
shape =  (8, 706)
706
loading  /home/jasencakova/dataset/cells/priamy_kanal/sim_2xKSin1_D_hct15_seed4_rigid92_1/rbc5_sim_2xKSin1_D_hct15_seed4_rigid92_1.dat
shape =  (8, 706)
706
loading  /home/jasencakova/dataset/cells/priamy_kanal/sim_2xKSin1_D_hct15_seed4_rigid92_1/rbc6_sim_2xKSin1_D_hct15_seed4_rigid92_1.dat
shape =  (8, 706)
706
loading  /home/jasencakova/dataset/cells/priamy_kanal/sim_2xKSin1_D_hct15_seed4_rigid92_1/rbc7_sim_2xKSin1_D_hct15_seed4_rigid92_1.dat
shape =  (8, 706)
706
loading  /home/jasencakova/dataset/cells/priamy_kanal/sim_2xKSin1_D_hct15_seed4_rigid92_1/rbc8_sim_2xKSin1_D_hct15_seed4_rigid92_1.dat
shape =  (8, 706)
706
loading  /home/jasencakova/dataset/cells/priamy_kanal/sim_2xKSin1_D_hct15_seed4_rigid92_1/rbc9_sim_2xKSin1_D_hct15_seed4_rigid92_1.dat
shape =  (8, 706)
706
loading  /home/jasencakova/dataset/cells/priamy_kanal/sim_2xKSin1_D_hct15_seed4_rigid92_1/rbc10_sim_2xKSin1_D_hct15_seed4_rigid92_1.dat
shape =  (8, 706)
706
loading  /home/jasencakova/dataset/cells/priamy_kanal/sim_2xKSin1_D_hct15_seed4_rigid92_1/rbc11_sim_2xKSin1_D_hct15_seed4_rigid92_1.dat
shape =  (8, 706)
706
loading  /home/jasencakova/dataset/cells/priamy_kanal/sim_2xKSin1_D_hct15_seed4_rigid92_1/rbc12_sim_2xKSin1_D_hct15_seed4_rigid92_1.dat
shape =  (8, 706)
706
loading  /home/jasencakova/dataset/cells/priamy_kanal/sim_2xKSin1_D_hct15_seed4_rigid92_1/rbc13_sim_2xKSin1_D_hct15_seed4_rigid92_1.dat
shape =  (8, 706)
706
loading  /home/jasencakova/dataset/cells/priamy_kanal/sim_2xKSin1_D_hct15_seed4_rigid92_1/rbc14_sim_2xKSin1_D_hct15_seed4_rigid92_1.dat
shape =  (8, 706)
706
loading  /home/jasencakova/dataset/cells/priamy_kanal/sim_2xKSin1_D_hct15_seed4_rigid92_1/rbc15_sim_2xKSin1_D_hct15_seed4_rigid92_1.dat
shape =  (8, 706)
706
loading  /home/jasencakova/dataset/cells/priamy_kanal/sim_2xKSin1_D_hct15_seed4_rigid92_1/rbc16_sim_2xKSin1_D_hct15_seed4_rigid92_1.dat
shape =  (8, 706)
706
loading  /home/jasencakova/dataset/cells/priamy_kanal/sim_2xKSin1_D_hct15_seed4_rigid92_1/rbc17_sim_2xKSin1_D_hct15_seed4_rigid92_1.dat
shape =  (8, 706)
706
loading  /home/jasencakova/dataset/cells/priamy_kanal/sim_2xKSin1_D_hct15_seed4_rigid92_1/rbc18_sim_2xKSin1_D_hct15_seed4_rigid92_1.dat
shape =  (8, 706)
706
loading  /home/jasencakova/dataset/cells/priamy_kanal/sim_2xKSin1_D_hct15_seed4_rigid92_1/rbc19_sim_2xKSin1_D_hct15_seed4_rigid92_1.dat
shape =  (8, 706)
706
loading  /home/jasencakova/dataset/cells/priamy_kanal/sim_2xKSin1_D_hct15_seed4_rigid92_1/rbc20_sim_2xKSin1_D_hct15_seed4_rigid92_1.dat
shape =  (8, 706)
706
loading  /home/jasencakova/dataset/cells/priamy_kanal/sim_2xKSin1_D_hct15_seed4_rigid92_1/rbc21_sim_2xKSin1_D_hct15_seed4_rigid92_1.dat
shape =  (8, 706)
706
loading  /home/jasencakova/dataset/cells/priamy_kanal/sim_2xKSin1_D_hct15_seed4_rigid92_1/rbc22_sim_2xKSin1_D_hct15_seed4_rigid92_1.dat
shape =  (8, 706)
706
loading  /home/jasencakova/dataset/cells/priamy_kanal/sim_2xKSin1_D_hct15_seed4_rigid92_1/rbc23_sim_2xKSin1_D_hct15_seed4_rigid92_1.dat
shape =  (8, 706)
706
loading  /home/jasencakova/dataset/cells/priamy_kanal/sim_2xKSin1_D_hct15_seed4_rigid92_1/rbc24_sim_2xKSin1_D_hct15_seed4_rigid92_1.dat
shape =  (8, 706)
706
loading  /home/jasencakova/dataset/cells/priamy_kanal/sim_2xKSin1_D_hct15_seed4_rigid92_1/rbc25_sim_2xKSin1_D_hct15_seed4_rigid92_1.dat
shape =  (8, 706)
706
loading  /home/jasencakova/dataset/cells/priamy_kanal/sim_2xKSin1_D_hct15_seed4_rigid92_1/rbc26_sim_2xKSin1_D_hct15_seed4_rigid92_1.dat
shape =  (8, 706)
706
loading  /home/jasencakova/dataset/cells/priamy_kanal/sim_2xKSin1_D_hct15_seed4_rigid92_1/rbc27_sim_2xKSin1_D_hct15_seed4_rigid92_1.dat
shape =  (8, 706)
706
loading  /home/jasencakova/dataset/cells/priamy_kanal/sim_2xKSin1_D_hct15_seed4_rigid92_1/rbc28_sim_2xKSin1_D_hct15_seed4_rigid92_1.dat
shape =  (8, 706)
706
loading  /home/jasencakova/dataset/cells/priamy_kanal/sim_2xKSin1_D_hct15_seed4_rigid92_1/rbc29_sim_2xKSin1_D_hct15_seed4_rigid92_1.dat
shape =  (8, 706)
706
loading  /home/jasencakova/dataset/cells/priamy_kanal/sim_2xKSin1_D_hct15_seed4_rigid92_1/rbc30_sim_2xKSin1_D_hct15_seed4_rigid92_1.dat
shape =  (8, 706)
706
loading  /home/jasencakova/dataset/cells/priamy_kanal/sim_2xKSin1_D_hct15_seed4_rigid92_1/rbc31_sim_2xKSin1_D_hct15_seed4_rigid92_1.dat
shape =  (8, 706)
706
loading  /home/jasencakova/dataset/cells/priamy_kanal/sim_2xKSin1_D_hct15_seed4_rigid92_1/rbc32_sim_2xKSin1_D_hct15_seed4_rigid92_1.dat
shape =  (8, 706)
706
loading  /home/jasencakova/dataset/cells/priamy_kanal/sim_2xKSin1_D_hct15_seed4_rigid92_1/rbc33_sim_2xKSin1_D_hct15_seed4_rigid92_1.dat
shape =  (8, 706)
706
loading  /home/jasencakova/dataset/cells/priamy_kanal/sim_2xKSin1_D_hct15_seed4_rigid92_1/rbc34_sim_2xKSin1_D_hct15_seed4_rigid92_1.dat
shape =  (8, 706)
706
loading  /home/jasencakova/dataset/cells/priamy_kanal/sim_2xKSin1_D_hct15_seed4_rigid92_1/rbc35_sim_2xKSin1_D_hct15_seed4_rigid92_1.dat
shape =  (8, 706)
706
loading  /home/jasencakova/dataset/cells/priamy_kanal/sim_2xKSin1_D_hct15_seed4_rigid92_1/rbc36_sim_2xKSin1_D_hct15_seed4_rigid92_1.dat
shape =  (8, 706)
706
loading  /home/jasencakova/dataset/cells/priamy_kanal/sim_2xKSin1_D_hct15_seed4_rigid92_1/rbc37_sim_2xKSin1_D_hct15_seed4_rigid92_1.dat
shape =  (8, 706)
706
loading  /home/jasencakova/dataset/cells/priamy_kanal/sim_2xKSin1_D_hct15_seed4_rigid92_1/rbc38_sim_2xKSin1_D_hct15_seed4_rigid92_1.dat
shape =  (8, 706)
706
loading  /home/jasencakova/dataset/cells/priamy_kanal/sim_2xKSin1_D_hct15_seed4_rigid92_1/rbc39_sim_2xKSin1_D_hct15_seed4_rigid92_1.dat
shape =  (8, 706)
706
loading  /home/jasencakova/dataset/cells/priamy_kanal/sim_2xKSin1_D_hct15_seed4_rigid92_1/rbc40_sim_2xKSin1_D_hct15_seed4_rigid92_1.dat
shape =  (8, 706)
706
loading  /home/jasencakova/dataset/cells/priamy_kanal/sim_2xKSin1_D_hct15_seed4_rigid92_1/rbc41_sim_2xKSin1_D_hct15_seed4_rigid92_1.dat
shape =  (8, 706)
706
loading  /home/jasencakova/dataset/cells/priamy_kanal/sim_2xKSin1_D_hct15_seed4_rigid92_1/rbc42_sim_2xKSin1_D_hct15_seed4_rigid92_1.dat
shape =  (8, 706)
706
loading  /home/jasencakova/dataset/cells/priamy_kanal/sim_2xKSin1_D_hct15_seed4_rigid92_1/rbc43_sim_2xKSin1_D_hct15_seed4_rigid92_1.dat
shape =  (8, 706)
706
loading  /home/jasencakova/dataset/cells/priamy_kanal/sim_2xKSin1_D_hct15_seed4_rigid92_1/rbc44_sim_2xKSin1_D_hct15_seed4_rigid92_1.dat
shape =  (8, 706)
706
loading  /home/jasencakova/dataset/cells/priamy_kanal/sim_2xKSin1_D_hct15_seed4_rigid92_1/rbc45_sim_2xKSin1_D_hct15_seed4_rigid92_1.dat
shape =  (8, 706)
706
loading  /home/jasencakova/dataset/cells/priamy_kanal/sim_2xKSin1_D_hct15_seed4_rigid92_1/rbc46_sim_2xKSin1_D_hct15_seed4_rigid92_1.dat
shape =  (8, 706)
706
loading  /home/jasencakova/dataset/cells/priamy_kanal/sim_2xKSin1_D_hct15_seed4_rigid92_1/rbc47_sim_2xKSin1_D_hct15_seed4_rigid92_1.dat
shape =  (8, 706)
706
loading  /home/jasencakova/dataset/cells/priamy_kanal/sim_2xKSin1_D_hct15_seed4_rigid92_1/rbc48_sim_2xKSin1_D_hct15_seed4_rigid92_1.dat
shape =  (8, 706)
706
loading  /home/jasencakova/dataset/cells/priamy_kanal/sim_2xKSin1_D_hct15_seed4_rigid92_1/rbc49_sim_2xKSin1_D_hct15_seed4_rigid92_1.dat
shape =  (8, 706)
706
loading  /home/jasencakova/dataset/cells/priamy_kanal/sim_2xKSin1_D_hct15_seed4_rigid92_1/rbc50_sim_2xKSin1_D_hct15_seed4_rigid92_1.dat
shape =  (8, 706)
706
loading  /home/jasencakova/dataset/cells/priamy_kanal/sim_2xKSin1_D_hct15_seed4_rigid92_1/rbc51_sim_2xKSin1_D_hct15_seed4_rigid92_1.dat
shape =  (8, 706)
706
loading  /home/jasencakova/dataset/cells/priamy_kanal/sim_2xKSin1_D_hct15_seed4_rigid92_1/rbc52_sim_2xKSin1_D_hct15_seed4_rigid92_1.dat
shape =  (8, 706)
706
loading  /home/jasencakova/dataset/cells/priamy_kanal/sim_2xKSin1_D_hct15_seed4_rigid92_1/rbc53_sim_2xKSin1_D_hct15_seed4_rigid92_1.dat
shape =  (8, 706)
706
loading  /home/jasencakova/dataset/cells/priamy_kanal/sim_2xKSin1_D_hct15_seed4_rigid92_1/rbc54_sim_2xKSin1_D_hct15_seed4_rigid92_1.dat
shape =  (8, 706)
706
loading  /home/jasencakova/dataset/cells/priamy_kanal/sim_2xKSin1_D_hct15_seed4_rigid92_1/rbc55_sim_2xKSin1_D_hct15_seed4_rigid92_1.dat
shape =  (8, 706)
706
loading  /home/jasencakova/dataset/cells/priamy_kanal/sim_2xKSin1_D_hct15_seed4_rigid92_1/rbc56_sim_2xKSin1_D_hct15_seed4_rigid92_1.dat
shape =  (8, 706)
706
loading  /home/jasencakova/dataset/cells/priamy_kanal/sim_2xKSin1_D_hct15_seed4_rigid92_1/rbc57_sim_2xKSin1_D_hct15_seed4_rigid92_1.dat
shape =  (8, 706)
706
loading  /home/jasencakova/dataset/cells/priamy_kanal/sim_2xKSin1_D_hct15_seed4_rigid92_1/rbc58_sim_2xKSin1_D_hct15_seed4_rigid92_1.dat
shape =  (8, 706)
706
loading  /home/jasencakova/dataset/cells/priamy_kanal/sim_2xKSin1_D_hct15_seed4_rigid92_1/rbc59_sim_2xKSin1_D_hct15_seed4_rigid92_1.dat
shape =  (8, 706)
706
loading  /home/jasencakova/dataset/cells/priamy_kanal/sim_2xKSin1_D_hct15_seed4_rigid92_1/rbc60_sim_2xKSin1_D_hct15_seed4_rigid92_1.dat
shape =  (8, 706)
706
loading  /home/jasencakova/dataset/cells/priamy_kanal/sim_2xKSin1_D_hct15_seed4_rigid92_1/rbc61_sim_2xKSin1_D_hct15_seed4_rigid92_1.dat
shape =  (8, 706)
706
loading  /home/jasencakova/dataset/cells/priamy_kanal/sim_2xKSin1_D_hct15_seed4_rigid92_1/rbc62_sim_2xKSin1_D_hct15_seed4_rigid92_1.dat
shape =  (8, 706)
706
loading  /home/jasencakova/dataset/cells/priamy_kanal/sim_2xKSin1_D_hct15_seed4_rigid92_1/rbc63_sim_2xKSin1_D_hct15_seed4_rigid92_1.dat
shape =  (8, 706)
706
loading  /home/jasencakova/dataset/cells/priamy_kanal/sim_2xKSin1_D_hct15_seed4_rigid92_1/rbc64_sim_2xKSin1_D_hct15_seed4_rigid92_1.dat
shape =  (8, 706)
706
loading  /home/jasencakova/dataset/cells/priamy_kanal/sim_2xKSin1_D_hct15_seed4_rigid92_1/rbc65_sim_2xKSin1_D_hct15_seed4_rigid92_1.dat
shape =  (8, 706)
706
loading  /home/jasencakova/dataset/cells/priamy_kanal/sim_2xKSin1_D_hct15_seed4_rigid92_1/rbc66_sim_2xKSin1_D_hct15_seed4_rigid92_1.dat
shape =  (8, 706)
706
loading  /home/jasencakova/dataset/cells/priamy_kanal/sim_2xKSin1_D_hct15_seed4_rigid92_1/rbc67_sim_2xKSin1_D_hct15_seed4_rigid92_1.dat
shape =  (8, 706)
706
loading  /home/jasencakova/dataset/cells/priamy_kanal/sim_2xKSin1_D_hct15_seed4_rigid92_1/rbc68_sim_2xKSin1_D_hct15_seed4_rigid92_1.dat
shape =  (8, 706)
706
loading  /home/jasencakova/dataset/cells/priamy_kanal/sim_2xKSin1_D_hct15_seed4_rigid92_1/rbc69_sim_2xKSin1_D_hct15_seed4_rigid92_1.dat
shape =  (8, 706)
706
loading  /home/jasencakova/dataset/cells/priamy_kanal/sim_2xKSin1_D_hct15_seed4_rigid92_1/rbc70_sim_2xKSin1_D_hct15_seed4_rigid92_1.dat
shape =  (8, 706)
706
loading  /home/jasencakova/dataset/cells/priamy_kanal/sim_2xKSin1_D_hct15_seed4_rigid92_1/rbc71_sim_2xKSin1_D_hct15_seed4_rigid92_1.dat
shape =  (8, 706)
706
loading  /home/jasencakova/dataset/cells/priamy_kanal/sim_2xKSin1_D_hct15_seed4_rigid92_1/rbc72_sim_2xKSin1_D_hct15_seed4_rigid92_1.dat
shape =  (8, 706)
706
loading  /home/jasencakova/dataset/cells/priamy_kanal/sim_2xKSin1_D_hct15_seed4_rigid92_1/rbc73_sim_2xKSin1_D_hct15_seed4_rigid92_1.dat
shape =  (8, 706)
706
loading  /home/jasencakova/dataset/cells/priamy_kanal/sim_2xKSin1_D_hct15_seed4_rigid92_1/rbc74_sim_2xKSin1_D_hct15_seed4_rigid92_1.dat
shape =  (8, 706)
706
loading  /home/jasencakova/dataset/cells/priamy_kanal/sim_2xKSin1_D_hct15_seed4_rigid92_1/rbc75_sim_2xKSin1_D_hct15_seed4_rigid92_1.dat
shape =  (8, 706)
706
loading  /home/jasencakova/dataset/cells/priamy_kanal/sim_2xKSin1_D_hct15_seed4_rigid92_1/rbc76_sim_2xKSin1_D_hct15_seed4_rigid92_1.dat
shape =  (8, 706)
706
loading  /home/jasencakova/dataset/cells/priamy_kanal/sim_2xKSin1_D_hct15_seed4_rigid92_1/rbc77_sim_2xKSin1_D_hct15_seed4_rigid92_1.dat
shape =  (8, 706)
706
loading  /home/jasencakova/dataset/cells/priamy_kanal/sim_2xKSin1_D_hct15_seed4_rigid92_1/rbc78_sim_2xKSin1_D_hct15_seed4_rigid92_1.dat
shape =  (8, 706)
706
loading  /home/jasencakova/dataset/cells/priamy_kanal/sim_2xKSin1_D_hct15_seed4_rigid92_1/rbc79_sim_2xKSin1_D_hct15_seed4_rigid92_1.dat
shape =  (8, 706)
706
loading  /home/jasencakova/dataset/cells/priamy_kanal/sim_2xKSin1_D_hct15_seed4_rigid92_1/rbc80_sim_2xKSin1_D_hct15_seed4_rigid92_1.dat
shape =  (8, 706)
706
loading  /home/jasencakova/dataset/cells/priamy_kanal/sim_2xKSin1_D_hct15_seed4_rigid92_1/rbc81_sim_2xKSin1_D_hct15_seed4_rigid92_1.dat
shape =  (8, 706)
706
loading  /home/jasencakova/dataset/cells/priamy_kanal/sim_2xKSin1_D_hct15_seed4_rigid92_1/rbc82_sim_2xKSin1_D_hct15_seed4_rigid92_1.dat
shape =  (8, 706)
706
loading  /home/jasencakova/dataset/cells/priamy_kanal/sim_2xKSin1_D_hct15_seed4_rigid92_1/rbc83_sim_2xKSin1_D_hct15_seed4_rigid92_1.dat
shape =  (8, 706)
706
loading  /home/jasencakova/dataset/cells/priamy_kanal/sim_2xKSin1_D_hct15_seed4_rigid92_1/rbc84_sim_2xKSin1_D_hct15_seed4_rigid92_1.dat
shape =  (8, 706)
706
loading  /home/jasencakova/dataset/cells/priamy_kanal/sim_2xKSin1_D_hct15_seed4_rigid92_1/rbc85_sim_2xKSin1_D_hct15_seed4_rigid92_1.dat
shape =  (8, 706)
706
loading  /home/jasencakova/dataset/cells/priamy_kanal/sim_2xKSin1_D_hct15_seed4_rigid92_1/rbc86_sim_2xKSin1_D_hct15_seed4_rigid92_1.dat
shape =  (8, 706)
706
loading  /home/jasencakova/dataset/cells/priamy_kanal/sim_2xKSin1_D_hct15_seed4_rigid92_1/rbc87_sim_2xKSin1_D_hct15_seed4_rigid92_1.dat
shape =  (8, 706)
706
loading  /home/jasencakova/dataset/cells/priamy_kanal/sim_2xKSin1_D_hct15_seed4_rigid92_1/rbc88_sim_2xKSin1_D_hct15_seed4_rigid92_1.dat
shape =  (8, 706)
706
loading  /home/jasencakova/dataset/cells/priamy_kanal/sim_2xKSin1_D_hct15_seed4_rigid92_1/rbc89_sim_2xKSin1_D_hct15_seed4_rigid92_1.dat
shape =  (8, 706)
706
loading  /home/jasencakova/dataset/cells/priamy_kanal/sim_2xKSin1_D_hct15_seed4_rigid92_1/rbc90_sim_2xKSin1_D_hct15_seed4_rigid92_1.dat
shape =  (8, 706)
706
loading  /home/jasencakova/dataset/cells/priamy_kanal/sim_2xKSin1_D_hct15_seed4_rigid92_1/rbc91_sim_2xKSin1_D_hct15_seed4_rigid92_1.dat
shape =  (8, 706)
706
loading  /home/jasencakova/dataset/cells/priamy_kanal/sim_2xKSin1_D_hct15_seed4_rigid92_1/rbc92_sim_2xKSin1_D_hct15_seed4_rigid92_1.dat
shape =  (8, 706)
706
loading  /home/jasencakova/dataset/cells/priamy_kanal/sim_2xKSin1_D_hct15_seed4_rigid92_1/rbc93_sim_2xKSin1_D_hct15_seed4_rigid92_1.dat
shape =  (8, 706)
706
loading  /home/jasencakova/dataset/cells/priamy_kanal/sim_2xKSin1_D_hct15_seed4_rigid92_1/rbc94_sim_2xKSin1_D_hct15_seed4_rigid92_1.dat
shape =  (8, 706)
706
loading  /home/jasencakova/dataset/cells/priamy_kanal/sim_2xKSin1_D_hct15_seed4_rigid92_1/rbc95_sim_2xKSin1_D_hct15_seed4_rigid92_1.dat
shape =  (8, 706)
706
loading  /home/jasencakova/dataset/cells/priamy_kanal/sim_2xKSin1_D_hct15_seed4_rigid92_1/rbc96_sim_2xKSin1_D_hct15_seed4_rigid92_1.dat
shape =  (8, 706)
706
loading  /home/jasencakova/dataset/cells/priamy_kanal/sim_2xKSin1_D_hct15_seed4_rigid92_1/rbc97_sim_2xKSin1_D_hct15_seed4_rigid92_1.dat
shape =  (8, 706)
706
loading  /home/jasencakova/dataset/cells/priamy_kanal/sim_2xKSin1_D_hct15_seed4_rigid92_1/rbc98_sim_2xKSin1_D_hct15_seed4_rigid92_1.dat
shape =  (8, 706)
706
loading  /home/jasencakova/dataset/cells/priamy_kanal/sim_2xKSin1_D_hct15_seed4_rigid92_1/rbc99_sim_2xKSin1_D_hct15_seed4_rigid92_1.dat
shape =  (8, 706)
706
loading  /home/jasencakova/dataset/cells/priamy_kanal/sim_2xKSin1_D_hct15_seed4_rigid92_1/rbc100_sim_2xKSin1_D_hct15_seed4_rigid92_1.dat
shape =  (8, 706)
706
loading  /home/jasencakova/dataset/cells/priamy_kanal/sim_2xKSin1_D_hct15_seed4_rigid92_1/rbc101_sim_2xKSin1_D_hct15_seed4_rigid92_1.dat
shape =  (8, 706)
706
loading  /home/jasencakova/dataset/cells/priamy_kanal/sim_2xKSin1_D_hct15_seed4_rigid92_1/rbc102_sim_2xKSin1_D_hct15_seed4_rigid92_1.dat
shape =  (8, 706)
706
loading  /home/jasencakova/dataset/cells/priamy_kanal/sim_2xKSin1_D_hct15_seed4_rigid92_1/rbc103_sim_2xKSin1_D_hct15_seed4_rigid92_1.dat
shape =  (8, 706)
706
loading  /home/jasencakova/dataset/cells/priamy_kanal/sim_2xKSin1_D_hct15_seed4_rigid92_1/rbc104_sim_2xKSin1_D_hct15_seed4_rigid92_1.dat
shape =  (8, 706)
706
loading  /home/jasencakova/dataset/cells/priamy_kanal/sim_2xKSin1_D_hct15_seed4_rigid92_1/rbc105_sim_2xKSin1_D_hct15_seed4_rigid92_1.dat
shape =  (8, 706)
706
loading  /home/jasencakova/dataset/cells/priamy_kanal/sim_2xKSin1_D_hct15_seed4_rigid92_1/rbc106_sim_2xKSin1_D_hct15_seed4_rigid92_1.dat
shape =  (8, 706)
706
loading  /home/jasencakova/dataset/cells/priamy_kanal/sim_2xKSin1_D_hct15_seed4_rigid92_1/rbc107_sim_2xKSin1_D_hct15_seed4_rigid92_1.dat
shape =  (8, 706)
706
loading  /home/jasencakova/dataset/cells/priamy_kanal/sim_2xKSin1_D_hct15_seed4_rigid92_1/rbc108_sim_2xKSin1_D_hct15_seed4_rigid92_1.dat
shape =  (8, 706)
706
loading  /home/jasencakova/dataset/cells/priamy_kanal/sim_2xKSin1_D_hct15_seed4_rigid92_1/rbc109_sim_2xKSin1_D_hct15_seed4_rigid92_1.dat
shape =  (8, 706)
706
loading  /home/jasencakova/dataset/cells/priamy_kanal/sim_2xKSin1_D_hct15_seed4_rigid92_1/rbc110_sim_2xKSin1_D_hct15_seed4_rigid92_1.dat
shape =  (8, 706)
706
loading  /home/jasencakova/dataset/cells/priamy_kanal/sim_2xKSin1_D_hct15_seed4_rigid92_1/rbc111_sim_2xKSin1_D_hct15_seed4_rigid92_1.dat
shape =  (8, 706)
706
loading  /home/jasencakova/dataset/cells/priamy_kanal/sim_2xKSin1_D_hct15_seed4_rigid92_1/rbc112_sim_2xKSin1_D_hct15_seed4_rigid92_1.dat
shape =  (8, 706)
706
loading  /home/jasencakova/dataset/cells/priamy_kanal/sim_2xKSin1_D_hct15_seed4_rigid92_1/rbc113_sim_2xKSin1_D_hct15_seed4_rigid92_1.dat
shape =  (8, 706)
706
loading  /home/jasencakova/dataset/cells/priamy_kanal/sim_2xKSin1_D_hct15_seed4_rigid92_1/rbc114_sim_2xKSin1_D_hct15_seed4_rigid92_1.dat
shape =  (8, 706)
706
loading  /home/jasencakova/dataset/cells/priamy_kanal/sim_2xKSin1_D_hct15_seed4_rigid92_1/rbc115_sim_2xKSin1_D_hct15_seed4_rigid92_1.dat
shape =  (8, 706)
706
loading  /home/jasencakova/dataset/cells/priamy_kanal/sim_2xKSin1_D_hct15_seed4_rigid92_1/rbc116_sim_2xKSin1_D_hct15_seed4_rigid92_1.dat
shape =  (8, 706)
706
loading  /home/jasencakova/dataset/cells/priamy_kanal/sim_2xKSin1_D_hct15_seed4_rigid92_1/rbc117_sim_2xKSin1_D_hct15_seed4_rigid92_1.dat
shape =  (8, 706)
706
loading  /home/jasencakova/dataset/cells/priamy_kanal/sim_2xKSin1_D_hct15_seed4_rigid92_1/rbc118_sim_2xKSin1_D_hct15_seed4_rigid92_1.dat
shape =  (8, 706)
706
loading  /home/jasencakova/dataset/cells/priamy_kanal/sim_2xKSin1_D_hct15_seed4_rigid92_1/rbc119_sim_2xKSin1_D_hct15_seed4_rigid92_1.dat
shape =  (8, 706)
706
loading  /home/jasencakova/dataset/cells/priamy_kanal/sim_2xKSin1_D_hct15_seed4_rigid92_1/rbc120_sim_2xKSin1_D_hct15_seed4_rigid92_1.dat
shape =  (8, 706)
706
loading  /home/jasencakova/dataset/cells/priamy_kanal/sim_2xKSin1_D_hct15_seed4_rigid92_1/rbc121_sim_2xKSin1_D_hct15_seed4_rigid92_1.dat
shape =  (8, 706)
706
loading  /home/jasencakova/dataset/cells/priamy_kanal/sim_2xKSin1_D_hct15_seed4_rigid92_1/rbc122_sim_2xKSin1_D_hct15_seed4_rigid92_1.dat
shape =  (8, 706)
706
loading  /home/jasencakova/dataset/cells/priamy_kanal/sim_2xKSin1_D_hct15_seed4_rigid92_1/rbc123_sim_2xKSin1_D_hct15_seed4_rigid92_1.dat
shape =  (8, 706)
706
loading  /home/jasencakova/dataset/cells/priamy_kanal/sim_2xKSin1_D_hct15_seed4_rigid92_1/rbc124_sim_2xKSin1_D_hct15_seed4_rigid92_1.dat
shape =  (8, 706)
706
loading  /home/jasencakova/dataset/cells/priamy_kanal/sim_2xKSin1_D_hct15_seed4_rigid92_1/rbc125_sim_2xKSin1_D_hct15_seed4_rigid92_1.dat
shape =  (8, 706)
706
loading  /home/jasencakova/dataset/cells/priamy_kanal/sim_2xKSin1_D_hct15_seed4_rigid92_1/rbc126_sim_2xKSin1_D_hct15_seed4_rigid92_1.dat
shape =  (8, 706)
706
loading  /home/jasencakova/dataset/cells/priamy_kanal/sim_2xKSin1_D_hct15_seed4_rigid92_1/rbc127_sim_2xKSin1_D_hct15_seed4_rigid92_1.dat
shape =  (8, 706)
706
loading  /home/jasencakova/dataset/cells/priamy_kanal/sim_2xKSin1_D_hct15_seed4_rigid92_1/rbc128_sim_2xKSin1_D_hct15_seed4_rigid92_1.dat
shape =  (8, 706)
706
loading  /home/jasencakova/dataset/cells/priamy_kanal/sim_2xKSin1_D_hct15_seed4_rigid92_1/rbc129_sim_2xKSin1_D_hct15_seed4_rigid92_1.dat
shape =  (8, 706)
706
loading  /home/jasencakova/dataset/cells/priamy_kanal/sim_2xKSin1_D_hct15_seed4_rigid92_1/rbc130_sim_2xKSin1_D_hct15_seed4_rigid92_1.dat
shape =  (8, 706)
706
loading  /home/jasencakova/dataset/cells/priamy_kanal/sim_2xKSin1_D_hct15_seed4_rigid92_1/rbc131_sim_2xKSin1_D_hct15_seed4_rigid92_1.dat
shape =  (8, 706)
706
loading  /home/jasencakova/dataset/cells/priamy_kanal/sim_2xKSin1_D_hct15_seed4_rigid92_1/rbc132_sim_2xKSin1_D_hct15_seed4_rigid92_1.dat
shape =  (8, 706)
706
loading  /home/jasencakova/dataset/cells/priamy_kanal/sim_2xKSin1_D_hct15_seed4_rigid92_1/rbc133_sim_2xKSin1_D_hct15_seed4_rigid92_1.dat
shape =  (8, 706)
706
loading  /home/jasencakova/dataset/cells/priamy_kanal/sim_2xKSin1_D_hct15_seed4_rigid92_1/rbc134_sim_2xKSin1_D_hct15_seed4_rigid92_1.dat
shape =  (8, 706)
706
loading  /home/jasencakova/dataset/cells/priamy_kanal/sim_2xKSin1_D_hct15_seed4_rigid92_1/rbc135_sim_2xKSin1_D_hct15_seed4_rigid92_1.dat
shape =  (8, 706)
706
loading  /home/jasencakova/dataset/cells/priamy_kanal/sim_2xKSin1_D_hct15_seed4_rigid92_1/rbc136_sim_2xKSin1_D_hct15_seed4_rigid92_1.dat
shape =  (8, 706)
706
loading  /home/jasencakova/dataset/cells/priamy_kanal/sim_2xKSin1_D_hct15_seed4_rigid92_1/rbc137_sim_2xKSin1_D_hct15_seed4_rigid92_1.dat
shape =  (8, 706)
706
loading  /home/jasencakova/dataset/cells/priamy_kanal/sim_2xKSin1_D_hct15_seed4_rigid92_1/rbc138_sim_2xKSin1_D_hct15_seed4_rigid92_1.dat
shape =  (8, 706)
706
loading  /home/jasencakova/dataset/cells/priamy_kanal/sim_2xKSin1_D_hct15_seed4_rigid92_1/rbc139_sim_2xKSin1_D_hct15_seed4_rigid92_1.dat
shape =  (8, 706)
706
loading  /home/jasencakova/dataset/cells/priamy_kanal/sim_2xKSin1_D_hct15_seed4_rigid92_1/rbc140_sim_2xKSin1_D_hct15_seed4_rigid92_1.dat
shape =  (8, 706)
706
loading  /home/jasencakova/dataset/cells/priamy_kanal/sim_2xKSin1_D_hct15_seed4_rigid92_1/rbc141_sim_2xKSin1_D_hct15_seed4_rigid92_1.dat
shape =  (8, 706)
706
loading  /home/jasencakova/dataset/cells/priamy_kanal/sim_2xKSin1_D_hct15_seed4_rigid92_1/rbc142_sim_2xKSin1_D_hct15_seed4_rigid92_1.dat
shape =  (8, 706)
706
loading  /home/jasencakova/dataset/cells/priamy_kanal/sim_2xKSin1_D_hct15_seed4_rigid92_1/rbc143_sim_2xKSin1_D_hct15_seed4_rigid92_1.dat
shape =  (8, 706)
706
loading  /home/jasencakova/dataset/cells/priamy_kanal/sim_2xKSin1_D_hct15_seed4_rigid92_1/rbc144_sim_2xKSin1_D_hct15_seed4_rigid92_1.dat
shape =  (8, 706)
706
loading  /home/jasencakova/dataset/cells/priamy_kanal/sim_2xKSin1_D_hct15_seed4_rigid92_1/rbc145_sim_2xKSin1_D_hct15_seed4_rigid92_1.dat
shape =  (8, 706)
706
loading  /home/jasencakova/dataset/cells/priamy_kanal/sim_2xKSin1_D_hct15_seed4_rigid92_1/rbc146_sim_2xKSin1_D_hct15_seed4_rigid92_1.dat
shape =  (8, 706)
706
loading  /home/jasencakova/dataset/cells/priamy_kanal/sim_2xKSin1_D_hct15_seed4_rigid92_1/rbc147_sim_2xKSin1_D_hct15_seed4_rigid92_1.dat
shape =  (8, 706)
706
loading  /home/jasencakova/dataset/cells/priamy_kanal/sim_2xKSin1_D_hct15_seed4_rigid92_1/rbc148_sim_2xKSin1_D_hct15_seed4_rigid92_1.dat
shape =  (8, 706)
706
loading  /home/jasencakova/dataset/cells/priamy_kanal/sim_2xKSin1_D_hct15_seed4_rigid92_1/rbc149_sim_2xKSin1_D_hct15_seed4_rigid92_1.dat
shape =  (8, 706)
706
loading  /home/jasencakova/dataset/cells/priamy_kanal/sim_2xKSin1_D_hct15_seed4_rigid92_1/rbc150_sim_2xKSin1_D_hct15_seed4_rigid92_1.dat
shape =  (8, 706)
706
loading  /home/jasencakova/dataset/cells/priamy_kanal/sim_2xKSin1_D_hct15_seed4_rigid92_1/rbc151_sim_2xKSin1_D_hct15_seed4_rigid92_1.dat
shape =  (8, 706)
706
loading  /home/jasencakova/dataset/cells/priamy_kanal/sim_2xKSin1_D_hct15_seed4_rigid92_1/rbc152_sim_2xKSin1_D_hct15_seed4_rigid92_1.dat
shape =  (8, 706)
706
loading  /home/jasencakova/dataset/cells/priamy_kanal/sim_2xKSin1_D_hct15_seed4_rigid92_1/rbc153_sim_2xKSin1_D_hct15_seed4_rigid92_1.dat
shape =  (8, 706)
706
shortest_length =  706
data_shape      =  (154, 706, 8)








dataset summary : 

training_dats shape    =  (154, 717, 8)
testing_dats shape    =  (154, 706, 8)
training_count  =  11152218
testing_count   =  108724
channels_count  =  8
sequence_length =  128
classes_count   =   2
batch(32) tensor shape =  torch.Size([32, 8, 128]) torch.Size([32, 2])





model
Sequential(
  (0): Conv1d(8, 32, kernel_size=(3,), stride=(2,), padding=(1,))
  (1): ReLU()
  (2): Dropout(p=0.01, inplace=False)
  (3): Conv1d(32, 64, kernel_size=(3,), stride=(2,), padding=(1,))
  (4): ReLU()
  (5): Dropout(p=0.01, inplace=False)
  (6): Conv1d(64, 64, kernel_size=(3,), stride=(2,), padding=(1,))
  (7): ReLU()
  (8): Dropout(p=0.01, inplace=False)
  (9): Conv1d(64, 128, kernel_size=(3,), stride=(2,), padding=(1,))
  (10): ReLU()
  (11): Dropout(p=0.01, inplace=False)
  (12): Flatten()
  (13): Linear(in_features=1024, out_features=2, bias=True)
)



0 79.27671787485079 84.71783088235294 0.15896451 0.11902871 0.037619807 0.011163056 66.54 





=================================================
new best net in 0
TRAINING result
accuracy   = 79.277 [%]
hit_count  = 8841244
miss_count = 2311140

class_accuracy = 92.7%   58.234%   


confusion_matrix = 
6311783	 1814120	 
497020	 2529461	 



TESTING result
accuracy   = 84.718 [%]
hit_count  = 92173
miss_count = 16627

class_accuracy = 99.339%   74.834%   


confusion_matrix = 
43588	 16338	 
289	 48585	 




1 91.73193821159673 89.13970588235294 0.07492799 0.08959027 0.014158769 0.0097237 66.02 





=================================================
new best net in 1
TRAINING result
accuracy   = 91.732 [%]
hit_count  = 10230298
miss_count = 922086

class_accuracy = 96.709%   83.944%   


confusion_matrix = 
6580051	 698184	 
223902	 3650247	 



TESTING result
accuracy   = 89.14 [%]
hit_count  = 96984
miss_count = 11816

class_accuracy = 98.379%   82.941%   


confusion_matrix = 
42967	 11109	 
707	 54017	 




2 96.0990403486824 95.93841911764706 0.044685293 0.047721278 0.010667181 0.005340976 65.45 





=================================================
new best net in 2
TRAINING result
accuracy   = 96.099 [%]
hit_count  = 10717334
miss_count = 435050

class_accuracy = 97.694%   93.596%   


confusion_matrix = 
6654411	 277971	 
157079	 4062923	 



TESTING result
accuracy   = 95.938 [%]
hit_count  = 104381
miss_count = 4419

class_accuracy = 99.507%   93.528%   


confusion_matrix = 
43617	 4204	 
215	 60764	 




3 99.30440881519144 99.31158088235294 0.015318321 0.020686328 0.005679611 0.002726447 64.8 





=================================================
new best net in 3
TRAINING result
accuracy   = 99.304 [%]
hit_count  = 11074809
miss_count = 77575

class_accuracy = 99.101%   99.622%   


confusion_matrix = 
6746821	 16403	 
61172	 4327988	 



TESTING result
accuracy   = 99.312 [%]
hit_count  = 108051
miss_count = 749

class_accuracy = 99.989%   98.844%   


confusion_matrix = 
44285	 745	 
4	 63766	 




4 99.89022974818657 99.65900735294117 0.006603079 0.015279168 0.001757928 0.0021289946 64.19 





=================================================
new best net in 4
TRAINING result
accuracy   = 99.89 [%]
hit_count  = 11140142
miss_count = 12242

class_accuracy = 99.836%   99.976%   


confusion_matrix = 
6796055	 1062	 
11180	 4344087	 



TESTING result
accuracy   = 99.659 [%]
hit_count  = 108429
miss_count = 371

class_accuracy = 99.998%   99.429%   


confusion_matrix = 
43629	 371	 
0	 64800	 




5 99.98327711814801 99.8125 0.0035019054 0.010750038 0.00091706915 0.0016230908 63.61 





=================================================
new best net in 5
TRAINING result
accuracy   = 99.983 [%]
hit_count  = 11150519
miss_count = 1865

class_accuracy = 99.974%   99.998%   


confusion_matrix = 
6805423	 103	 
1762	 4345096	 



TESTING result
accuracy   = 99.812 [%]
hit_count  = 108596
miss_count = 204

class_accuracy = 99.998%   99.685%   


confusion_matrix = 
43737	 204	 
0	 64859	 




6 99.99602775514187 99.85477941176471 0.0019382326 0.007732728 0.00055287423 0.0014672811 62.86 





=================================================
new best net in 6
TRAINING result
accuracy   = 99.996 [%]
hit_count  = 11151941
miss_count = 443

class_accuracy = 99.994%   99.999%   


confusion_matrix = 
6806016	 45	 
398	 4345925	 



TESTING result
accuracy   = 99.855 [%]
hit_count  = 108642
miss_count = 158

class_accuracy = 99.998%   99.756%   


confusion_matrix = 
43558	 158	 
0	 65084	 




7 99.99717549180517 99.90900735294117 0.0012571169 0.0062702587 0.0006073008 0.0011941644 62.27 





=================================================
new best net in 7
TRAINING result
accuracy   = 99.997 [%]
hit_count  = 11152069
miss_count = 315

class_accuracy = 99.998%   99.997%   


confusion_matrix = 
6807357	 147	 
168	 4344712	 



TESTING result
accuracy   = 99.909 [%]
hit_count  = 108701
miss_count = 99

class_accuracy = 99.998%   99.846%   


confusion_matrix = 
43701	 99	 
0	 65000	 



