loading  /home/jasencakova/dataset/cells/priamy_kanal/sim_2xKSin1_DE_hct15_seed4_rigid31_7/rbc0_sim_2xKSin1_DE_hct15_seed4_rigid31_7.dat
shape =  (8, 603)
603
loading  /home/jasencakova/dataset/cells/priamy_kanal/sim_2xKSin1_DE_hct15_seed4_rigid31_7/rbc1_sim_2xKSin1_DE_hct15_seed4_rigid31_7.dat
shape =  (8, 603)
603
loading  /home/jasencakova/dataset/cells/priamy_kanal/sim_2xKSin1_DE_hct15_seed4_rigid31_7/rbc2_sim_2xKSin1_DE_hct15_seed4_rigid31_7.dat
shape =  (8, 603)
603
loading  /home/jasencakova/dataset/cells/priamy_kanal/sim_2xKSin1_DE_hct15_seed4_rigid31_7/rbc3_sim_2xKSin1_DE_hct15_seed4_rigid31_7.dat
shape =  (8, 603)
603
loading  /home/jasencakova/dataset/cells/priamy_kanal/sim_2xKSin1_DE_hct15_seed4_rigid31_7/rbc4_sim_2xKSin1_DE_hct15_seed4_rigid31_7.dat
shape =  (8, 603)
603
loading  /home/jasencakova/dataset/cells/priamy_kanal/sim_2xKSin1_DE_hct15_seed4_rigid31_7/rbc5_sim_2xKSin1_DE_hct15_seed4_rigid31_7.dat
shape =  (8, 603)
603
loading  /home/jasencakova/dataset/cells/priamy_kanal/sim_2xKSin1_DE_hct15_seed4_rigid31_7/rbc6_sim_2xKSin1_DE_hct15_seed4_rigid31_7.dat
shape =  (8, 603)
603
loading  /home/jasencakova/dataset/cells/priamy_kanal/sim_2xKSin1_DE_hct15_seed4_rigid31_7/rbc7_sim_2xKSin1_DE_hct15_seed4_rigid31_7.dat
shape =  (8, 603)
603
loading  /home/jasencakova/dataset/cells/priamy_kanal/sim_2xKSin1_DE_hct15_seed4_rigid31_7/rbc8_sim_2xKSin1_DE_hct15_seed4_rigid31_7.dat
shape =  (8, 603)
603
loading  /home/jasencakova/dataset/cells/priamy_kanal/sim_2xKSin1_DE_hct15_seed4_rigid31_7/rbc9_sim_2xKSin1_DE_hct15_seed4_rigid31_7.dat
shape =  (8, 603)
603
loading  /home/jasencakova/dataset/cells/priamy_kanal/sim_2xKSin1_DE_hct15_seed4_rigid31_7/rbc10_sim_2xKSin1_DE_hct15_seed4_rigid31_7.dat
shape =  (8, 603)
603
loading  /home/jasencakova/dataset/cells/priamy_kanal/sim_2xKSin1_DE_hct15_seed4_rigid31_7/rbc11_sim_2xKSin1_DE_hct15_seed4_rigid31_7.dat
shape =  (8, 603)
603
loading  /home/jasencakova/dataset/cells/priamy_kanal/sim_2xKSin1_DE_hct15_seed4_rigid31_7/rbc12_sim_2xKSin1_DE_hct15_seed4_rigid31_7.dat
shape =  (8, 603)
603
loading  /home/jasencakova/dataset/cells/priamy_kanal/sim_2xKSin1_DE_hct15_seed4_rigid31_7/rbc13_sim_2xKSin1_DE_hct15_seed4_rigid31_7.dat
shape =  (8, 603)
603
loading  /home/jasencakova/dataset/cells/priamy_kanal/sim_2xKSin1_DE_hct15_seed4_rigid31_7/rbc14_sim_2xKSin1_DE_hct15_seed4_rigid31_7.dat
shape =  (8, 603)
603
loading  /home/jasencakova/dataset/cells/priamy_kanal/sim_2xKSin1_DE_hct15_seed4_rigid31_7/rbc15_sim_2xKSin1_DE_hct15_seed4_rigid31_7.dat
shape =  (8, 603)
603
loading  /home/jasencakova/dataset/cells/priamy_kanal/sim_2xKSin1_DE_hct15_seed4_rigid31_7/rbc16_sim_2xKSin1_DE_hct15_seed4_rigid31_7.dat
shape =  (8, 603)
603
loading  /home/jasencakova/dataset/cells/priamy_kanal/sim_2xKSin1_DE_hct15_seed4_rigid31_7/rbc17_sim_2xKSin1_DE_hct15_seed4_rigid31_7.dat
shape =  (8, 603)
603
loading  /home/jasencakova/dataset/cells/priamy_kanal/sim_2xKSin1_DE_hct15_seed4_rigid31_7/rbc18_sim_2xKSin1_DE_hct15_seed4_rigid31_7.dat
shape =  (8, 603)
603
loading  /home/jasencakova/dataset/cells/priamy_kanal/sim_2xKSin1_DE_hct15_seed4_rigid31_7/rbc19_sim_2xKSin1_DE_hct15_seed4_rigid31_7.dat
shape =  (8, 603)
603
loading  /home/jasencakova/dataset/cells/priamy_kanal/sim_2xKSin1_DE_hct15_seed4_rigid31_7/rbc20_sim_2xKSin1_DE_hct15_seed4_rigid31_7.dat
shape =  (8, 603)
603
loading  /home/jasencakova/dataset/cells/priamy_kanal/sim_2xKSin1_DE_hct15_seed4_rigid31_7/rbc21_sim_2xKSin1_DE_hct15_seed4_rigid31_7.dat
shape =  (8, 603)
603
loading  /home/jasencakova/dataset/cells/priamy_kanal/sim_2xKSin1_DE_hct15_seed4_rigid31_7/rbc22_sim_2xKSin1_DE_hct15_seed4_rigid31_7.dat
shape =  (8, 603)
603
loading  /home/jasencakova/dataset/cells/priamy_kanal/sim_2xKSin1_DE_hct15_seed4_rigid31_7/rbc23_sim_2xKSin1_DE_hct15_seed4_rigid31_7.dat
shape =  (8, 603)
603
loading  /home/jasencakova/dataset/cells/priamy_kanal/sim_2xKSin1_DE_hct15_seed4_rigid31_7/rbc24_sim_2xKSin1_DE_hct15_seed4_rigid31_7.dat
shape =  (8, 603)
603
loading  /home/jasencakova/dataset/cells/priamy_kanal/sim_2xKSin1_DE_hct15_seed4_rigid31_7/rbc25_sim_2xKSin1_DE_hct15_seed4_rigid31_7.dat
shape =  (8, 603)
603
loading  /home/jasencakova/dataset/cells/priamy_kanal/sim_2xKSin1_DE_hct15_seed4_rigid31_7/rbc26_sim_2xKSin1_DE_hct15_seed4_rigid31_7.dat
shape =  (8, 603)
603
loading  /home/jasencakova/dataset/cells/priamy_kanal/sim_2xKSin1_DE_hct15_seed4_rigid31_7/rbc27_sim_2xKSin1_DE_hct15_seed4_rigid31_7.dat
shape =  (8, 603)
603
loading  /home/jasencakova/dataset/cells/priamy_kanal/sim_2xKSin1_DE_hct15_seed4_rigid31_7/rbc28_sim_2xKSin1_DE_hct15_seed4_rigid31_7.dat
shape =  (8, 603)
603
loading  /home/jasencakova/dataset/cells/priamy_kanal/sim_2xKSin1_DE_hct15_seed4_rigid31_7/rbc29_sim_2xKSin1_DE_hct15_seed4_rigid31_7.dat
shape =  (8, 603)
603
loading  /home/jasencakova/dataset/cells/priamy_kanal/sim_2xKSin1_DE_hct15_seed4_rigid31_7/rbc30_sim_2xKSin1_DE_hct15_seed4_rigid31_7.dat
shape =  (8, 603)
603
loading  /home/jasencakova/dataset/cells/priamy_kanal/sim_2xKSin1_DE_hct15_seed4_rigid31_7/rbc31_sim_2xKSin1_DE_hct15_seed4_rigid31_7.dat
shape =  (8, 603)
603
loading  /home/jasencakova/dataset/cells/priamy_kanal/sim_2xKSin1_DE_hct15_seed4_rigid31_7/rbc32_sim_2xKSin1_DE_hct15_seed4_rigid31_7.dat
shape =  (8, 603)
603
loading  /home/jasencakova/dataset/cells/priamy_kanal/sim_2xKSin1_DE_hct15_seed4_rigid31_7/rbc33_sim_2xKSin1_DE_hct15_seed4_rigid31_7.dat
shape =  (8, 603)
603
loading  /home/jasencakova/dataset/cells/priamy_kanal/sim_2xKSin1_DE_hct15_seed4_rigid31_7/rbc34_sim_2xKSin1_DE_hct15_seed4_rigid31_7.dat
shape =  (8, 603)
603
loading  /home/jasencakova/dataset/cells/priamy_kanal/sim_2xKSin1_DE_hct15_seed4_rigid31_7/rbc35_sim_2xKSin1_DE_hct15_seed4_rigid31_7.dat
shape =  (8, 603)
603
loading  /home/jasencakova/dataset/cells/priamy_kanal/sim_2xKSin1_DE_hct15_seed4_rigid31_7/rbc36_sim_2xKSin1_DE_hct15_seed4_rigid31_7.dat
shape =  (8, 603)
603
loading  /home/jasencakova/dataset/cells/priamy_kanal/sim_2xKSin1_DE_hct15_seed4_rigid31_7/rbc37_sim_2xKSin1_DE_hct15_seed4_rigid31_7.dat
shape =  (8, 603)
603
loading  /home/jasencakova/dataset/cells/priamy_kanal/sim_2xKSin1_DE_hct15_seed4_rigid31_7/rbc38_sim_2xKSin1_DE_hct15_seed4_rigid31_7.dat
shape =  (8, 603)
603
loading  /home/jasencakova/dataset/cells/priamy_kanal/sim_2xKSin1_DE_hct15_seed4_rigid31_7/rbc39_sim_2xKSin1_DE_hct15_seed4_rigid31_7.dat
shape =  (8, 603)
603
loading  /home/jasencakova/dataset/cells/priamy_kanal/sim_2xKSin1_DE_hct15_seed4_rigid31_7/rbc40_sim_2xKSin1_DE_hct15_seed4_rigid31_7.dat
shape =  (8, 603)
603
loading  /home/jasencakova/dataset/cells/priamy_kanal/sim_2xKSin1_DE_hct15_seed4_rigid31_7/rbc41_sim_2xKSin1_DE_hct15_seed4_rigid31_7.dat
shape =  (8, 603)
603
loading  /home/jasencakova/dataset/cells/priamy_kanal/sim_2xKSin1_DE_hct15_seed4_rigid31_7/rbc42_sim_2xKSin1_DE_hct15_seed4_rigid31_7.dat
shape =  (8, 603)
603
loading  /home/jasencakova/dataset/cells/priamy_kanal/sim_2xKSin1_DE_hct15_seed4_rigid31_7/rbc43_sim_2xKSin1_DE_hct15_seed4_rigid31_7.dat
shape =  (8, 603)
603
loading  /home/jasencakova/dataset/cells/priamy_kanal/sim_2xKSin1_DE_hct15_seed4_rigid31_7/rbc44_sim_2xKSin1_DE_hct15_seed4_rigid31_7.dat
shape =  (8, 603)
603
loading  /home/jasencakova/dataset/cells/priamy_kanal/sim_2xKSin1_DE_hct15_seed4_rigid31_7/rbc45_sim_2xKSin1_DE_hct15_seed4_rigid31_7.dat
shape =  (8, 603)
603
loading  /home/jasencakova/dataset/cells/priamy_kanal/sim_2xKSin1_DE_hct15_seed4_rigid31_7/rbc46_sim_2xKSin1_DE_hct15_seed4_rigid31_7.dat
shape =  (8, 603)
603
loading  /home/jasencakova/dataset/cells/priamy_kanal/sim_2xKSin1_DE_hct15_seed4_rigid31_7/rbc47_sim_2xKSin1_DE_hct15_seed4_rigid31_7.dat
shape =  (8, 603)
603
loading  /home/jasencakova/dataset/cells/priamy_kanal/sim_2xKSin1_DE_hct15_seed4_rigid31_7/rbc48_sim_2xKSin1_DE_hct15_seed4_rigid31_7.dat
shape =  (8, 603)
603
loading  /home/jasencakova/dataset/cells/priamy_kanal/sim_2xKSin1_DE_hct15_seed4_rigid31_7/rbc49_sim_2xKSin1_DE_hct15_seed4_rigid31_7.dat
shape =  (8, 603)
603
loading  /home/jasencakova/dataset/cells/priamy_kanal/sim_2xKSin1_DE_hct15_seed4_rigid31_7/rbc50_sim_2xKSin1_DE_hct15_seed4_rigid31_7.dat
shape =  (8, 603)
603
loading  /home/jasencakova/dataset/cells/priamy_kanal/sim_2xKSin1_DE_hct15_seed4_rigid31_7/rbc51_sim_2xKSin1_DE_hct15_seed4_rigid31_7.dat
shape =  (8, 603)
603
loading  /home/jasencakova/dataset/cells/priamy_kanal/sim_2xKSin1_DE_hct15_seed4_rigid31_7/rbc52_sim_2xKSin1_DE_hct15_seed4_rigid31_7.dat
shape =  (8, 603)
603
loading  /home/jasencakova/dataset/cells/priamy_kanal/sim_2xKSin1_DE_hct15_seed4_rigid31_7/rbc53_sim_2xKSin1_DE_hct15_seed4_rigid31_7.dat
shape =  (8, 603)
603
loading  /home/jasencakova/dataset/cells/priamy_kanal/sim_2xKSin1_DE_hct15_seed4_rigid31_7/rbc54_sim_2xKSin1_DE_hct15_seed4_rigid31_7.dat
shape =  (8, 603)
603
loading  /home/jasencakova/dataset/cells/priamy_kanal/sim_2xKSin1_DE_hct15_seed4_rigid31_7/rbc55_sim_2xKSin1_DE_hct15_seed4_rigid31_7.dat
shape =  (8, 603)
603
loading  /home/jasencakova/dataset/cells/priamy_kanal/sim_2xKSin1_DE_hct15_seed4_rigid31_7/rbc56_sim_2xKSin1_DE_hct15_seed4_rigid31_7.dat
shape =  (8, 603)
603
loading  /home/jasencakova/dataset/cells/priamy_kanal/sim_2xKSin1_DE_hct15_seed4_rigid31_7/rbc57_sim_2xKSin1_DE_hct15_seed4_rigid31_7.dat
shape =  (8, 603)
603
loading  /home/jasencakova/dataset/cells/priamy_kanal/sim_2xKSin1_DE_hct15_seed4_rigid31_7/rbc58_sim_2xKSin1_DE_hct15_seed4_rigid31_7.dat
shape =  (8, 603)
603
loading  /home/jasencakova/dataset/cells/priamy_kanal/sim_2xKSin1_DE_hct15_seed4_rigid31_7/rbc59_sim_2xKSin1_DE_hct15_seed4_rigid31_7.dat
shape =  (8, 603)
603
loading  /home/jasencakova/dataset/cells/priamy_kanal/sim_2xKSin1_DE_hct15_seed4_rigid31_7/rbc60_sim_2xKSin1_DE_hct15_seed4_rigid31_7.dat
shape =  (8, 603)
603
loading  /home/jasencakova/dataset/cells/priamy_kanal/sim_2xKSin1_DE_hct15_seed4_rigid31_7/rbc61_sim_2xKSin1_DE_hct15_seed4_rigid31_7.dat
shape =  (8, 603)
603
loading  /home/jasencakova/dataset/cells/priamy_kanal/sim_2xKSin1_DE_hct15_seed4_rigid31_7/rbc62_sim_2xKSin1_DE_hct15_seed4_rigid31_7.dat
shape =  (8, 603)
603
loading  /home/jasencakova/dataset/cells/priamy_kanal/sim_2xKSin1_DE_hct15_seed4_rigid31_7/rbc63_sim_2xKSin1_DE_hct15_seed4_rigid31_7.dat
shape =  (8, 603)
603
loading  /home/jasencakova/dataset/cells/priamy_kanal/sim_2xKSin1_DE_hct15_seed4_rigid31_7/rbc64_sim_2xKSin1_DE_hct15_seed4_rigid31_7.dat
shape =  (8, 603)
603
loading  /home/jasencakova/dataset/cells/priamy_kanal/sim_2xKSin1_DE_hct15_seed4_rigid31_7/rbc65_sim_2xKSin1_DE_hct15_seed4_rigid31_7.dat
shape =  (8, 603)
603
loading  /home/jasencakova/dataset/cells/priamy_kanal/sim_2xKSin1_DE_hct15_seed4_rigid31_7/rbc66_sim_2xKSin1_DE_hct15_seed4_rigid31_7.dat
shape =  (8, 603)
603
loading  /home/jasencakova/dataset/cells/priamy_kanal/sim_2xKSin1_DE_hct15_seed4_rigid31_7/rbc67_sim_2xKSin1_DE_hct15_seed4_rigid31_7.dat
shape =  (8, 603)
603
loading  /home/jasencakova/dataset/cells/priamy_kanal/sim_2xKSin1_DE_hct15_seed4_rigid31_7/rbc68_sim_2xKSin1_DE_hct15_seed4_rigid31_7.dat
shape =  (8, 603)
603
loading  /home/jasencakova/dataset/cells/priamy_kanal/sim_2xKSin1_DE_hct15_seed4_rigid31_7/rbc69_sim_2xKSin1_DE_hct15_seed4_rigid31_7.dat
shape =  (8, 603)
603
loading  /home/jasencakova/dataset/cells/priamy_kanal/sim_2xKSin1_DE_hct15_seed4_rigid31_7/rbc70_sim_2xKSin1_DE_hct15_seed4_rigid31_7.dat
shape =  (8, 603)
603
loading  /home/jasencakova/dataset/cells/priamy_kanal/sim_2xKSin1_DE_hct15_seed4_rigid31_7/rbc71_sim_2xKSin1_DE_hct15_seed4_rigid31_7.dat
shape =  (8, 603)
603
loading  /home/jasencakova/dataset/cells/priamy_kanal/sim_2xKSin1_DE_hct15_seed4_rigid31_7/rbc72_sim_2xKSin1_DE_hct15_seed4_rigid31_7.dat
shape =  (8, 603)
603
loading  /home/jasencakova/dataset/cells/priamy_kanal/sim_2xKSin1_DE_hct15_seed4_rigid31_7/rbc73_sim_2xKSin1_DE_hct15_seed4_rigid31_7.dat
shape =  (8, 603)
603
loading  /home/jasencakova/dataset/cells/priamy_kanal/sim_2xKSin1_DE_hct15_seed4_rigid31_7/rbc74_sim_2xKSin1_DE_hct15_seed4_rigid31_7.dat
shape =  (8, 603)
603
loading  /home/jasencakova/dataset/cells/priamy_kanal/sim_2xKSin1_DE_hct15_seed4_rigid31_7/rbc75_sim_2xKSin1_DE_hct15_seed4_rigid31_7.dat
shape =  (8, 603)
603
loading  /home/jasencakova/dataset/cells/priamy_kanal/sim_2xKSin1_DE_hct15_seed4_rigid31_7/rbc76_sim_2xKSin1_DE_hct15_seed4_rigid31_7.dat
shape =  (8, 603)
603
loading  /home/jasencakova/dataset/cells/priamy_kanal/sim_2xKSin1_DE_hct15_seed4_rigid31_7/rbc77_sim_2xKSin1_DE_hct15_seed4_rigid31_7.dat
shape =  (8, 603)
603
loading  /home/jasencakova/dataset/cells/priamy_kanal/sim_2xKSin1_DE_hct15_seed4_rigid31_7/rbc78_sim_2xKSin1_DE_hct15_seed4_rigid31_7.dat
shape =  (8, 603)
603
loading  /home/jasencakova/dataset/cells/priamy_kanal/sim_2xKSin1_DE_hct15_seed4_rigid31_7/rbc79_sim_2xKSin1_DE_hct15_seed4_rigid31_7.dat
shape =  (8, 603)
603
loading  /home/jasencakova/dataset/cells/priamy_kanal/sim_2xKSin1_DE_hct15_seed4_rigid31_7/rbc80_sim_2xKSin1_DE_hct15_seed4_rigid31_7.dat
shape =  (8, 603)
603
loading  /home/jasencakova/dataset/cells/priamy_kanal/sim_2xKSin1_DE_hct15_seed4_rigid31_7/rbc81_sim_2xKSin1_DE_hct15_seed4_rigid31_7.dat
shape =  (8, 603)
603
loading  /home/jasencakova/dataset/cells/priamy_kanal/sim_2xKSin1_DE_hct15_seed4_rigid31_7/rbc82_sim_2xKSin1_DE_hct15_seed4_rigid31_7.dat
shape =  (8, 603)
603
loading  /home/jasencakova/dataset/cells/priamy_kanal/sim_2xKSin1_DE_hct15_seed4_rigid31_7/rbc83_sim_2xKSin1_DE_hct15_seed4_rigid31_7.dat
shape =  (8, 603)
603
loading  /home/jasencakova/dataset/cells/priamy_kanal/sim_2xKSin1_DE_hct15_seed4_rigid31_7/rbc84_sim_2xKSin1_DE_hct15_seed4_rigid31_7.dat
shape =  (8, 603)
603
loading  /home/jasencakova/dataset/cells/priamy_kanal/sim_2xKSin1_DE_hct15_seed4_rigid31_7/rbc85_sim_2xKSin1_DE_hct15_seed4_rigid31_7.dat
shape =  (8, 603)
603
loading  /home/jasencakova/dataset/cells/priamy_kanal/sim_2xKSin1_DE_hct15_seed4_rigid31_7/rbc86_sim_2xKSin1_DE_hct15_seed4_rigid31_7.dat
shape =  (8, 603)
603
loading  /home/jasencakova/dataset/cells/priamy_kanal/sim_2xKSin1_DE_hct15_seed4_rigid31_7/rbc87_sim_2xKSin1_DE_hct15_seed4_rigid31_7.dat
shape =  (8, 603)
603
loading  /home/jasencakova/dataset/cells/priamy_kanal/sim_2xKSin1_DE_hct15_seed4_rigid31_7/rbc88_sim_2xKSin1_DE_hct15_seed4_rigid31_7.dat
shape =  (8, 603)
603
loading  /home/jasencakova/dataset/cells/priamy_kanal/sim_2xKSin1_DE_hct15_seed4_rigid31_7/rbc89_sim_2xKSin1_DE_hct15_seed4_rigid31_7.dat
shape =  (8, 603)
603
loading  /home/jasencakova/dataset/cells/priamy_kanal/sim_2xKSin1_DE_hct15_seed4_rigid31_7/rbc90_sim_2xKSin1_DE_hct15_seed4_rigid31_7.dat
shape =  (8, 603)
603
loading  /home/jasencakova/dataset/cells/priamy_kanal/sim_2xKSin1_DE_hct15_seed4_rigid31_7/rbc91_sim_2xKSin1_DE_hct15_seed4_rigid31_7.dat
shape =  (8, 603)
603
loading  /home/jasencakova/dataset/cells/priamy_kanal/sim_2xKSin1_DE_hct15_seed4_rigid31_7/rbc92_sim_2xKSin1_DE_hct15_seed4_rigid31_7.dat
shape =  (8, 603)
603
loading  /home/jasencakova/dataset/cells/priamy_kanal/sim_2xKSin1_DE_hct15_seed4_rigid31_7/rbc93_sim_2xKSin1_DE_hct15_seed4_rigid31_7.dat
shape =  (8, 603)
603
loading  /home/jasencakova/dataset/cells/priamy_kanal/sim_2xKSin1_DE_hct15_seed4_rigid31_7/rbc94_sim_2xKSin1_DE_hct15_seed4_rigid31_7.dat
shape =  (8, 603)
603
loading  /home/jasencakova/dataset/cells/priamy_kanal/sim_2xKSin1_DE_hct15_seed4_rigid31_7/rbc95_sim_2xKSin1_DE_hct15_seed4_rigid31_7.dat
shape =  (8, 603)
603
loading  /home/jasencakova/dataset/cells/priamy_kanal/sim_2xKSin1_DE_hct15_seed4_rigid31_7/rbc96_sim_2xKSin1_DE_hct15_seed4_rigid31_7.dat
shape =  (8, 603)
603
loading  /home/jasencakova/dataset/cells/priamy_kanal/sim_2xKSin1_DE_hct15_seed4_rigid31_7/rbc97_sim_2xKSin1_DE_hct15_seed4_rigid31_7.dat
shape =  (8, 603)
603
loading  /home/jasencakova/dataset/cells/priamy_kanal/sim_2xKSin1_DE_hct15_seed4_rigid31_7/rbc98_sim_2xKSin1_DE_hct15_seed4_rigid31_7.dat
shape =  (8, 603)
603
loading  /home/jasencakova/dataset/cells/priamy_kanal/sim_2xKSin1_DE_hct15_seed4_rigid31_7/rbc99_sim_2xKSin1_DE_hct15_seed4_rigid31_7.dat
shape =  (8, 603)
603
loading  /home/jasencakova/dataset/cells/priamy_kanal/sim_2xKSin1_DE_hct15_seed4_rigid31_7/rbc100_sim_2xKSin1_DE_hct15_seed4_rigid31_7.dat
shape =  (8, 603)
603
loading  /home/jasencakova/dataset/cells/priamy_kanal/sim_2xKSin1_DE_hct15_seed4_rigid31_7/rbc101_sim_2xKSin1_DE_hct15_seed4_rigid31_7.dat
shape =  (8, 603)
603
loading  /home/jasencakova/dataset/cells/priamy_kanal/sim_2xKSin1_DE_hct15_seed4_rigid31_7/rbc102_sim_2xKSin1_DE_hct15_seed4_rigid31_7.dat
shape =  (8, 603)
603
loading  /home/jasencakova/dataset/cells/priamy_kanal/sim_2xKSin1_DE_hct15_seed4_rigid31_7/rbc103_sim_2xKSin1_DE_hct15_seed4_rigid31_7.dat
shape =  (8, 603)
603
loading  /home/jasencakova/dataset/cells/priamy_kanal/sim_2xKSin1_DE_hct15_seed4_rigid31_7/rbc104_sim_2xKSin1_DE_hct15_seed4_rigid31_7.dat
shape =  (8, 603)
603
loading  /home/jasencakova/dataset/cells/priamy_kanal/sim_2xKSin1_DE_hct15_seed4_rigid31_7/rbc105_sim_2xKSin1_DE_hct15_seed4_rigid31_7.dat
shape =  (8, 603)
603
loading  /home/jasencakova/dataset/cells/priamy_kanal/sim_2xKSin1_DE_hct15_seed4_rigid31_7/rbc106_sim_2xKSin1_DE_hct15_seed4_rigid31_7.dat
shape =  (8, 603)
603
loading  /home/jasencakova/dataset/cells/priamy_kanal/sim_2xKSin1_DE_hct15_seed4_rigid31_7/rbc107_sim_2xKSin1_DE_hct15_seed4_rigid31_7.dat
shape =  (8, 603)
603
loading  /home/jasencakova/dataset/cells/priamy_kanal/sim_2xKSin1_DE_hct15_seed4_rigid31_7/rbc108_sim_2xKSin1_DE_hct15_seed4_rigid31_7.dat
shape =  (8, 603)
603
loading  /home/jasencakova/dataset/cells/priamy_kanal/sim_2xKSin1_DE_hct15_seed4_rigid31_7/rbc109_sim_2xKSin1_DE_hct15_seed4_rigid31_7.dat
shape =  (8, 603)
603
loading  /home/jasencakova/dataset/cells/priamy_kanal/sim_2xKSin1_DE_hct15_seed4_rigid31_7/rbc110_sim_2xKSin1_DE_hct15_seed4_rigid31_7.dat
shape =  (8, 603)
603
loading  /home/jasencakova/dataset/cells/priamy_kanal/sim_2xKSin1_DE_hct15_seed4_rigid31_7/rbc111_sim_2xKSin1_DE_hct15_seed4_rigid31_7.dat
shape =  (8, 603)
603
loading  /home/jasencakova/dataset/cells/priamy_kanal/sim_2xKSin1_DE_hct15_seed4_rigid31_7/rbc112_sim_2xKSin1_DE_hct15_seed4_rigid31_7.dat
shape =  (8, 603)
603
loading  /home/jasencakova/dataset/cells/priamy_kanal/sim_2xKSin1_DE_hct15_seed4_rigid31_7/rbc113_sim_2xKSin1_DE_hct15_seed4_rigid31_7.dat
shape =  (8, 603)
603
loading  /home/jasencakova/dataset/cells/priamy_kanal/sim_2xKSin1_DE_hct15_seed4_rigid31_7/rbc114_sim_2xKSin1_DE_hct15_seed4_rigid31_7.dat
shape =  (8, 603)
603
loading  /home/jasencakova/dataset/cells/priamy_kanal/sim_2xKSin1_DE_hct15_seed4_rigid31_7/rbc115_sim_2xKSin1_DE_hct15_seed4_rigid31_7.dat
shape =  (8, 603)
603
loading  /home/jasencakova/dataset/cells/priamy_kanal/sim_2xKSin1_DE_hct15_seed4_rigid31_7/rbc116_sim_2xKSin1_DE_hct15_seed4_rigid31_7.dat
shape =  (8, 603)
603
loading  /home/jasencakova/dataset/cells/priamy_kanal/sim_2xKSin1_DE_hct15_seed4_rigid31_7/rbc117_sim_2xKSin1_DE_hct15_seed4_rigid31_7.dat
shape =  (8, 603)
603
loading  /home/jasencakova/dataset/cells/priamy_kanal/sim_2xKSin1_DE_hct15_seed4_rigid31_7/rbc118_sim_2xKSin1_DE_hct15_seed4_rigid31_7.dat
shape =  (8, 603)
603
loading  /home/jasencakova/dataset/cells/priamy_kanal/sim_2xKSin1_DE_hct15_seed4_rigid31_7/rbc119_sim_2xKSin1_DE_hct15_seed4_rigid31_7.dat
shape =  (8, 603)
603
loading  /home/jasencakova/dataset/cells/priamy_kanal/sim_2xKSin1_DE_hct15_seed4_rigid31_7/rbc120_sim_2xKSin1_DE_hct15_seed4_rigid31_7.dat
shape =  (8, 603)
603
loading  /home/jasencakova/dataset/cells/priamy_kanal/sim_2xKSin1_DE_hct15_seed4_rigid31_7/rbc121_sim_2xKSin1_DE_hct15_seed4_rigid31_7.dat
shape =  (8, 603)
603
loading  /home/jasencakova/dataset/cells/priamy_kanal/sim_2xKSin1_DE_hct15_seed4_rigid31_7/rbc122_sim_2xKSin1_DE_hct15_seed4_rigid31_7.dat
shape =  (8, 603)
603
loading  /home/jasencakova/dataset/cells/priamy_kanal/sim_2xKSin1_DE_hct15_seed4_rigid31_7/rbc123_sim_2xKSin1_DE_hct15_seed4_rigid31_7.dat
shape =  (8, 603)
603
loading  /home/jasencakova/dataset/cells/priamy_kanal/sim_2xKSin1_DE_hct15_seed4_rigid31_7/rbc124_sim_2xKSin1_DE_hct15_seed4_rigid31_7.dat
shape =  (8, 603)
603
loading  /home/jasencakova/dataset/cells/priamy_kanal/sim_2xKSin1_DE_hct15_seed4_rigid31_7/rbc125_sim_2xKSin1_DE_hct15_seed4_rigid31_7.dat
shape =  (8, 603)
603
loading  /home/jasencakova/dataset/cells/priamy_kanal/sim_2xKSin1_DE_hct15_seed4_rigid31_7/rbc126_sim_2xKSin1_DE_hct15_seed4_rigid31_7.dat
shape =  (8, 603)
603
loading  /home/jasencakova/dataset/cells/priamy_kanal/sim_2xKSin1_DE_hct15_seed4_rigid31_7/rbc127_sim_2xKSin1_DE_hct15_seed4_rigid31_7.dat
shape =  (8, 603)
603
loading  /home/jasencakova/dataset/cells/priamy_kanal/sim_2xKSin1_DE_hct15_seed4_rigid31_7/rbc128_sim_2xKSin1_DE_hct15_seed4_rigid31_7.dat
shape =  (8, 603)
603
loading  /home/jasencakova/dataset/cells/priamy_kanal/sim_2xKSin1_DE_hct15_seed4_rigid31_7/rbc129_sim_2xKSin1_DE_hct15_seed4_rigid31_7.dat
shape =  (8, 603)
603
loading  /home/jasencakova/dataset/cells/priamy_kanal/sim_2xKSin1_DE_hct15_seed4_rigid31_7/rbc130_sim_2xKSin1_DE_hct15_seed4_rigid31_7.dat
shape =  (8, 603)
603
loading  /home/jasencakova/dataset/cells/priamy_kanal/sim_2xKSin1_DE_hct15_seed4_rigid31_7/rbc131_sim_2xKSin1_DE_hct15_seed4_rigid31_7.dat
shape =  (8, 603)
603
loading  /home/jasencakova/dataset/cells/priamy_kanal/sim_2xKSin1_DE_hct15_seed4_rigid31_7/rbc132_sim_2xKSin1_DE_hct15_seed4_rigid31_7.dat
shape =  (8, 603)
603
loading  /home/jasencakova/dataset/cells/priamy_kanal/sim_2xKSin1_DE_hct15_seed4_rigid31_7/rbc133_sim_2xKSin1_DE_hct15_seed4_rigid31_7.dat
shape =  (8, 603)
603
loading  /home/jasencakova/dataset/cells/priamy_kanal/sim_2xKSin1_DE_hct15_seed4_rigid31_7/rbc134_sim_2xKSin1_DE_hct15_seed4_rigid31_7.dat
shape =  (8, 603)
603
loading  /home/jasencakova/dataset/cells/priamy_kanal/sim_2xKSin1_DE_hct15_seed4_rigid31_7/rbc135_sim_2xKSin1_DE_hct15_seed4_rigid31_7.dat
shape =  (8, 603)
603
loading  /home/jasencakova/dataset/cells/priamy_kanal/sim_2xKSin1_DE_hct15_seed4_rigid31_7/rbc136_sim_2xKSin1_DE_hct15_seed4_rigid31_7.dat
shape =  (8, 603)
603
loading  /home/jasencakova/dataset/cells/priamy_kanal/sim_2xKSin1_DE_hct15_seed4_rigid31_7/rbc137_sim_2xKSin1_DE_hct15_seed4_rigid31_7.dat
shape =  (8, 603)
603
loading  /home/jasencakova/dataset/cells/priamy_kanal/sim_2xKSin1_DE_hct15_seed4_rigid31_7/rbc138_sim_2xKSin1_DE_hct15_seed4_rigid31_7.dat
shape =  (8, 603)
603
loading  /home/jasencakova/dataset/cells/priamy_kanal/sim_2xKSin1_DE_hct15_seed4_rigid31_7/rbc139_sim_2xKSin1_DE_hct15_seed4_rigid31_7.dat
shape =  (8, 603)
603
loading  /home/jasencakova/dataset/cells/priamy_kanal/sim_2xKSin1_DE_hct15_seed4_rigid31_7/rbc140_sim_2xKSin1_DE_hct15_seed4_rigid31_7.dat
shape =  (8, 603)
603
loading  /home/jasencakova/dataset/cells/priamy_kanal/sim_2xKSin1_DE_hct15_seed4_rigid31_7/rbc141_sim_2xKSin1_DE_hct15_seed4_rigid31_7.dat
shape =  (8, 603)
603
loading  /home/jasencakova/dataset/cells/priamy_kanal/sim_2xKSin1_DE_hct15_seed4_rigid31_7/rbc142_sim_2xKSin1_DE_hct15_seed4_rigid31_7.dat
shape =  (8, 603)
603
loading  /home/jasencakova/dataset/cells/priamy_kanal/sim_2xKSin1_DE_hct15_seed4_rigid31_7/rbc143_sim_2xKSin1_DE_hct15_seed4_rigid31_7.dat
shape =  (8, 603)
603
loading  /home/jasencakova/dataset/cells/priamy_kanal/sim_2xKSin1_DE_hct15_seed4_rigid31_7/rbc144_sim_2xKSin1_DE_hct15_seed4_rigid31_7.dat
shape =  (8, 603)
603
loading  /home/jasencakova/dataset/cells/priamy_kanal/sim_2xKSin1_DE_hct15_seed4_rigid31_7/rbc145_sim_2xKSin1_DE_hct15_seed4_rigid31_7.dat
shape =  (8, 603)
603
loading  /home/jasencakova/dataset/cells/priamy_kanal/sim_2xKSin1_DE_hct15_seed4_rigid31_7/rbc146_sim_2xKSin1_DE_hct15_seed4_rigid31_7.dat
shape =  (8, 603)
603
loading  /home/jasencakova/dataset/cells/priamy_kanal/sim_2xKSin1_DE_hct15_seed4_rigid31_7/rbc147_sim_2xKSin1_DE_hct15_seed4_rigid31_7.dat
shape =  (8, 603)
603
loading  /home/jasencakova/dataset/cells/priamy_kanal/sim_2xKSin1_DE_hct15_seed4_rigid31_7/rbc148_sim_2xKSin1_DE_hct15_seed4_rigid31_7.dat
shape =  (8, 603)
603
loading  /home/jasencakova/dataset/cells/priamy_kanal/sim_2xKSin1_DE_hct15_seed4_rigid31_7/rbc149_sim_2xKSin1_DE_hct15_seed4_rigid31_7.dat
shape =  (8, 603)
603
loading  /home/jasencakova/dataset/cells/priamy_kanal/sim_2xKSin1_DE_hct15_seed4_rigid31_7/rbc150_sim_2xKSin1_DE_hct15_seed4_rigid31_7.dat
shape =  (8, 603)
603
loading  /home/jasencakova/dataset/cells/priamy_kanal/sim_2xKSin1_DE_hct15_seed4_rigid31_7/rbc151_sim_2xKSin1_DE_hct15_seed4_rigid31_7.dat
shape =  (8, 603)
603
loading  /home/jasencakova/dataset/cells/priamy_kanal/sim_2xKSin1_DE_hct15_seed4_rigid31_7/rbc152_sim_2xKSin1_DE_hct15_seed4_rigid31_7.dat
shape =  (8, 603)
603
loading  /home/jasencakova/dataset/cells/priamy_kanal/sim_2xKSin1_DE_hct15_seed4_rigid31_7/rbc153_sim_2xKSin1_DE_hct15_seed4_rigid31_7.dat
shape =  (8, 603)
603
shortest_length =  603
data_shape      =  (154, 603, 8)



loading  /home/jasencakova/dataset/cells/priamy_kanal/sim_2xKSin1_DE_hct15_seed4_rigid31_7_from1204000cy/rbc0_sim_2xKSin1_DE_hct15_seed4_rigid31_7_from1204000cy.dat
shape =  (8, 1402)
1402
loading  /home/jasencakova/dataset/cells/priamy_kanal/sim_2xKSin1_DE_hct15_seed4_rigid31_7_from1204000cy/rbc1_sim_2xKSin1_DE_hct15_seed4_rigid31_7_from1204000cy.dat
shape =  (8, 1402)
1402
loading  /home/jasencakova/dataset/cells/priamy_kanal/sim_2xKSin1_DE_hct15_seed4_rigid31_7_from1204000cy/rbc2_sim_2xKSin1_DE_hct15_seed4_rigid31_7_from1204000cy.dat
shape =  (8, 1402)
1402
loading  /home/jasencakova/dataset/cells/priamy_kanal/sim_2xKSin1_DE_hct15_seed4_rigid31_7_from1204000cy/rbc3_sim_2xKSin1_DE_hct15_seed4_rigid31_7_from1204000cy.dat
shape =  (8, 1402)
1402
loading  /home/jasencakova/dataset/cells/priamy_kanal/sim_2xKSin1_DE_hct15_seed4_rigid31_7_from1204000cy/rbc4_sim_2xKSin1_DE_hct15_seed4_rigid31_7_from1204000cy.dat
shape =  (8, 1402)
1402
loading  /home/jasencakova/dataset/cells/priamy_kanal/sim_2xKSin1_DE_hct15_seed4_rigid31_7_from1204000cy/rbc5_sim_2xKSin1_DE_hct15_seed4_rigid31_7_from1204000cy.dat
shape =  (8, 1402)
1402
loading  /home/jasencakova/dataset/cells/priamy_kanal/sim_2xKSin1_DE_hct15_seed4_rigid31_7_from1204000cy/rbc6_sim_2xKSin1_DE_hct15_seed4_rigid31_7_from1204000cy.dat
shape =  (8, 1402)
1402
loading  /home/jasencakova/dataset/cells/priamy_kanal/sim_2xKSin1_DE_hct15_seed4_rigid31_7_from1204000cy/rbc7_sim_2xKSin1_DE_hct15_seed4_rigid31_7_from1204000cy.dat
shape =  (8, 1402)
1402
loading  /home/jasencakova/dataset/cells/priamy_kanal/sim_2xKSin1_DE_hct15_seed4_rigid31_7_from1204000cy/rbc8_sim_2xKSin1_DE_hct15_seed4_rigid31_7_from1204000cy.dat
shape =  (8, 1402)
1402
loading  /home/jasencakova/dataset/cells/priamy_kanal/sim_2xKSin1_DE_hct15_seed4_rigid31_7_from1204000cy/rbc9_sim_2xKSin1_DE_hct15_seed4_rigid31_7_from1204000cy.dat
shape =  (8, 1402)
1402
loading  /home/jasencakova/dataset/cells/priamy_kanal/sim_2xKSin1_DE_hct15_seed4_rigid31_7_from1204000cy/rbc10_sim_2xKSin1_DE_hct15_seed4_rigid31_7_from1204000cy.dat
shape =  (8, 1402)
1402
loading  /home/jasencakova/dataset/cells/priamy_kanal/sim_2xKSin1_DE_hct15_seed4_rigid31_7_from1204000cy/rbc11_sim_2xKSin1_DE_hct15_seed4_rigid31_7_from1204000cy.dat
shape =  (8, 1402)
1402
loading  /home/jasencakova/dataset/cells/priamy_kanal/sim_2xKSin1_DE_hct15_seed4_rigid31_7_from1204000cy/rbc12_sim_2xKSin1_DE_hct15_seed4_rigid31_7_from1204000cy.dat
shape =  (8, 1402)
1402
loading  /home/jasencakova/dataset/cells/priamy_kanal/sim_2xKSin1_DE_hct15_seed4_rigid31_7_from1204000cy/rbc13_sim_2xKSin1_DE_hct15_seed4_rigid31_7_from1204000cy.dat
shape =  (8, 1402)
1402
loading  /home/jasencakova/dataset/cells/priamy_kanal/sim_2xKSin1_DE_hct15_seed4_rigid31_7_from1204000cy/rbc14_sim_2xKSin1_DE_hct15_seed4_rigid31_7_from1204000cy.dat
shape =  (8, 1402)
1402
loading  /home/jasencakova/dataset/cells/priamy_kanal/sim_2xKSin1_DE_hct15_seed4_rigid31_7_from1204000cy/rbc15_sim_2xKSin1_DE_hct15_seed4_rigid31_7_from1204000cy.dat
shape =  (8, 1402)
1402
loading  /home/jasencakova/dataset/cells/priamy_kanal/sim_2xKSin1_DE_hct15_seed4_rigid31_7_from1204000cy/rbc16_sim_2xKSin1_DE_hct15_seed4_rigid31_7_from1204000cy.dat
shape =  (8, 1402)
1402
loading  /home/jasencakova/dataset/cells/priamy_kanal/sim_2xKSin1_DE_hct15_seed4_rigid31_7_from1204000cy/rbc17_sim_2xKSin1_DE_hct15_seed4_rigid31_7_from1204000cy.dat
shape =  (8, 1402)
1402
loading  /home/jasencakova/dataset/cells/priamy_kanal/sim_2xKSin1_DE_hct15_seed4_rigid31_7_from1204000cy/rbc18_sim_2xKSin1_DE_hct15_seed4_rigid31_7_from1204000cy.dat
shape =  (8, 1402)
1402
loading  /home/jasencakova/dataset/cells/priamy_kanal/sim_2xKSin1_DE_hct15_seed4_rigid31_7_from1204000cy/rbc19_sim_2xKSin1_DE_hct15_seed4_rigid31_7_from1204000cy.dat
shape =  (8, 1402)
1402
loading  /home/jasencakova/dataset/cells/priamy_kanal/sim_2xKSin1_DE_hct15_seed4_rigid31_7_from1204000cy/rbc20_sim_2xKSin1_DE_hct15_seed4_rigid31_7_from1204000cy.dat
shape =  (8, 1402)
1402
loading  /home/jasencakova/dataset/cells/priamy_kanal/sim_2xKSin1_DE_hct15_seed4_rigid31_7_from1204000cy/rbc21_sim_2xKSin1_DE_hct15_seed4_rigid31_7_from1204000cy.dat
shape =  (8, 1402)
1402
loading  /home/jasencakova/dataset/cells/priamy_kanal/sim_2xKSin1_DE_hct15_seed4_rigid31_7_from1204000cy/rbc22_sim_2xKSin1_DE_hct15_seed4_rigid31_7_from1204000cy.dat
shape =  (8, 1402)
1402
loading  /home/jasencakova/dataset/cells/priamy_kanal/sim_2xKSin1_DE_hct15_seed4_rigid31_7_from1204000cy/rbc23_sim_2xKSin1_DE_hct15_seed4_rigid31_7_from1204000cy.dat
shape =  (8, 1402)
1402
loading  /home/jasencakova/dataset/cells/priamy_kanal/sim_2xKSin1_DE_hct15_seed4_rigid31_7_from1204000cy/rbc24_sim_2xKSin1_DE_hct15_seed4_rigid31_7_from1204000cy.dat
shape =  (8, 1402)
1402
loading  /home/jasencakova/dataset/cells/priamy_kanal/sim_2xKSin1_DE_hct15_seed4_rigid31_7_from1204000cy/rbc25_sim_2xKSin1_DE_hct15_seed4_rigid31_7_from1204000cy.dat
shape =  (8, 1402)
1402
loading  /home/jasencakova/dataset/cells/priamy_kanal/sim_2xKSin1_DE_hct15_seed4_rigid31_7_from1204000cy/rbc26_sim_2xKSin1_DE_hct15_seed4_rigid31_7_from1204000cy.dat
shape =  (8, 1402)
1402
loading  /home/jasencakova/dataset/cells/priamy_kanal/sim_2xKSin1_DE_hct15_seed4_rigid31_7_from1204000cy/rbc27_sim_2xKSin1_DE_hct15_seed4_rigid31_7_from1204000cy.dat
shape =  (8, 1402)
1402
loading  /home/jasencakova/dataset/cells/priamy_kanal/sim_2xKSin1_DE_hct15_seed4_rigid31_7_from1204000cy/rbc28_sim_2xKSin1_DE_hct15_seed4_rigid31_7_from1204000cy.dat
shape =  (8, 1402)
1402
loading  /home/jasencakova/dataset/cells/priamy_kanal/sim_2xKSin1_DE_hct15_seed4_rigid31_7_from1204000cy/rbc29_sim_2xKSin1_DE_hct15_seed4_rigid31_7_from1204000cy.dat
shape =  (8, 1402)
1402
loading  /home/jasencakova/dataset/cells/priamy_kanal/sim_2xKSin1_DE_hct15_seed4_rigid31_7_from1204000cy/rbc30_sim_2xKSin1_DE_hct15_seed4_rigid31_7_from1204000cy.dat
shape =  (8, 1402)
1402
loading  /home/jasencakova/dataset/cells/priamy_kanal/sim_2xKSin1_DE_hct15_seed4_rigid31_7_from1204000cy/rbc31_sim_2xKSin1_DE_hct15_seed4_rigid31_7_from1204000cy.dat
shape =  (8, 1402)
1402
loading  /home/jasencakova/dataset/cells/priamy_kanal/sim_2xKSin1_DE_hct15_seed4_rigid31_7_from1204000cy/rbc32_sim_2xKSin1_DE_hct15_seed4_rigid31_7_from1204000cy.dat
shape =  (8, 1402)
1402
loading  /home/jasencakova/dataset/cells/priamy_kanal/sim_2xKSin1_DE_hct15_seed4_rigid31_7_from1204000cy/rbc33_sim_2xKSin1_DE_hct15_seed4_rigid31_7_from1204000cy.dat
shape =  (8, 1402)
1402
loading  /home/jasencakova/dataset/cells/priamy_kanal/sim_2xKSin1_DE_hct15_seed4_rigid31_7_from1204000cy/rbc34_sim_2xKSin1_DE_hct15_seed4_rigid31_7_from1204000cy.dat
shape =  (8, 1402)
1402
loading  /home/jasencakova/dataset/cells/priamy_kanal/sim_2xKSin1_DE_hct15_seed4_rigid31_7_from1204000cy/rbc35_sim_2xKSin1_DE_hct15_seed4_rigid31_7_from1204000cy.dat
shape =  (8, 1402)
1402
loading  /home/jasencakova/dataset/cells/priamy_kanal/sim_2xKSin1_DE_hct15_seed4_rigid31_7_from1204000cy/rbc36_sim_2xKSin1_DE_hct15_seed4_rigid31_7_from1204000cy.dat
shape =  (8, 1402)
1402
loading  /home/jasencakova/dataset/cells/priamy_kanal/sim_2xKSin1_DE_hct15_seed4_rigid31_7_from1204000cy/rbc37_sim_2xKSin1_DE_hct15_seed4_rigid31_7_from1204000cy.dat
shape =  (8, 1402)
1402
loading  /home/jasencakova/dataset/cells/priamy_kanal/sim_2xKSin1_DE_hct15_seed4_rigid31_7_from1204000cy/rbc38_sim_2xKSin1_DE_hct15_seed4_rigid31_7_from1204000cy.dat
shape =  (8, 1402)
1402
loading  /home/jasencakova/dataset/cells/priamy_kanal/sim_2xKSin1_DE_hct15_seed4_rigid31_7_from1204000cy/rbc39_sim_2xKSin1_DE_hct15_seed4_rigid31_7_from1204000cy.dat
shape =  (8, 1402)
1402
loading  /home/jasencakova/dataset/cells/priamy_kanal/sim_2xKSin1_DE_hct15_seed4_rigid31_7_from1204000cy/rbc40_sim_2xKSin1_DE_hct15_seed4_rigid31_7_from1204000cy.dat
shape =  (8, 1402)
1402
loading  /home/jasencakova/dataset/cells/priamy_kanal/sim_2xKSin1_DE_hct15_seed4_rigid31_7_from1204000cy/rbc41_sim_2xKSin1_DE_hct15_seed4_rigid31_7_from1204000cy.dat
shape =  (8, 1402)
1402
loading  /home/jasencakova/dataset/cells/priamy_kanal/sim_2xKSin1_DE_hct15_seed4_rigid31_7_from1204000cy/rbc42_sim_2xKSin1_DE_hct15_seed4_rigid31_7_from1204000cy.dat
shape =  (8, 1402)
1402
loading  /home/jasencakova/dataset/cells/priamy_kanal/sim_2xKSin1_DE_hct15_seed4_rigid31_7_from1204000cy/rbc43_sim_2xKSin1_DE_hct15_seed4_rigid31_7_from1204000cy.dat
shape =  (8, 1402)
1402
loading  /home/jasencakova/dataset/cells/priamy_kanal/sim_2xKSin1_DE_hct15_seed4_rigid31_7_from1204000cy/rbc44_sim_2xKSin1_DE_hct15_seed4_rigid31_7_from1204000cy.dat
shape =  (8, 1402)
1402
loading  /home/jasencakova/dataset/cells/priamy_kanal/sim_2xKSin1_DE_hct15_seed4_rigid31_7_from1204000cy/rbc45_sim_2xKSin1_DE_hct15_seed4_rigid31_7_from1204000cy.dat
shape =  (8, 1402)
1402
loading  /home/jasencakova/dataset/cells/priamy_kanal/sim_2xKSin1_DE_hct15_seed4_rigid31_7_from1204000cy/rbc46_sim_2xKSin1_DE_hct15_seed4_rigid31_7_from1204000cy.dat
shape =  (8, 1402)
1402
loading  /home/jasencakova/dataset/cells/priamy_kanal/sim_2xKSin1_DE_hct15_seed4_rigid31_7_from1204000cy/rbc47_sim_2xKSin1_DE_hct15_seed4_rigid31_7_from1204000cy.dat
shape =  (8, 1402)
1402
loading  /home/jasencakova/dataset/cells/priamy_kanal/sim_2xKSin1_DE_hct15_seed4_rigid31_7_from1204000cy/rbc48_sim_2xKSin1_DE_hct15_seed4_rigid31_7_from1204000cy.dat
shape =  (8, 1402)
1402
loading  /home/jasencakova/dataset/cells/priamy_kanal/sim_2xKSin1_DE_hct15_seed4_rigid31_7_from1204000cy/rbc49_sim_2xKSin1_DE_hct15_seed4_rigid31_7_from1204000cy.dat
shape =  (8, 1402)
1402
loading  /home/jasencakova/dataset/cells/priamy_kanal/sim_2xKSin1_DE_hct15_seed4_rigid31_7_from1204000cy/rbc50_sim_2xKSin1_DE_hct15_seed4_rigid31_7_from1204000cy.dat
shape =  (8, 1402)
1402
loading  /home/jasencakova/dataset/cells/priamy_kanal/sim_2xKSin1_DE_hct15_seed4_rigid31_7_from1204000cy/rbc51_sim_2xKSin1_DE_hct15_seed4_rigid31_7_from1204000cy.dat
shape =  (8, 1402)
1402
loading  /home/jasencakova/dataset/cells/priamy_kanal/sim_2xKSin1_DE_hct15_seed4_rigid31_7_from1204000cy/rbc52_sim_2xKSin1_DE_hct15_seed4_rigid31_7_from1204000cy.dat
shape =  (8, 1402)
1402
loading  /home/jasencakova/dataset/cells/priamy_kanal/sim_2xKSin1_DE_hct15_seed4_rigid31_7_from1204000cy/rbc53_sim_2xKSin1_DE_hct15_seed4_rigid31_7_from1204000cy.dat
shape =  (8, 1402)
1402
loading  /home/jasencakova/dataset/cells/priamy_kanal/sim_2xKSin1_DE_hct15_seed4_rigid31_7_from1204000cy/rbc54_sim_2xKSin1_DE_hct15_seed4_rigid31_7_from1204000cy.dat
shape =  (8, 1402)
1402
loading  /home/jasencakova/dataset/cells/priamy_kanal/sim_2xKSin1_DE_hct15_seed4_rigid31_7_from1204000cy/rbc55_sim_2xKSin1_DE_hct15_seed4_rigid31_7_from1204000cy.dat
shape =  (8, 1402)
1402
loading  /home/jasencakova/dataset/cells/priamy_kanal/sim_2xKSin1_DE_hct15_seed4_rigid31_7_from1204000cy/rbc56_sim_2xKSin1_DE_hct15_seed4_rigid31_7_from1204000cy.dat
shape =  (8, 1402)
1402
loading  /home/jasencakova/dataset/cells/priamy_kanal/sim_2xKSin1_DE_hct15_seed4_rigid31_7_from1204000cy/rbc57_sim_2xKSin1_DE_hct15_seed4_rigid31_7_from1204000cy.dat
shape =  (8, 1402)
1402
loading  /home/jasencakova/dataset/cells/priamy_kanal/sim_2xKSin1_DE_hct15_seed4_rigid31_7_from1204000cy/rbc58_sim_2xKSin1_DE_hct15_seed4_rigid31_7_from1204000cy.dat
shape =  (8, 1402)
1402
loading  /home/jasencakova/dataset/cells/priamy_kanal/sim_2xKSin1_DE_hct15_seed4_rigid31_7_from1204000cy/rbc59_sim_2xKSin1_DE_hct15_seed4_rigid31_7_from1204000cy.dat
shape =  (8, 1402)
1402
loading  /home/jasencakova/dataset/cells/priamy_kanal/sim_2xKSin1_DE_hct15_seed4_rigid31_7_from1204000cy/rbc60_sim_2xKSin1_DE_hct15_seed4_rigid31_7_from1204000cy.dat
shape =  (8, 1402)
1402
loading  /home/jasencakova/dataset/cells/priamy_kanal/sim_2xKSin1_DE_hct15_seed4_rigid31_7_from1204000cy/rbc61_sim_2xKSin1_DE_hct15_seed4_rigid31_7_from1204000cy.dat
shape =  (8, 1402)
1402
loading  /home/jasencakova/dataset/cells/priamy_kanal/sim_2xKSin1_DE_hct15_seed4_rigid31_7_from1204000cy/rbc62_sim_2xKSin1_DE_hct15_seed4_rigid31_7_from1204000cy.dat
shape =  (8, 1402)
1402
loading  /home/jasencakova/dataset/cells/priamy_kanal/sim_2xKSin1_DE_hct15_seed4_rigid31_7_from1204000cy/rbc63_sim_2xKSin1_DE_hct15_seed4_rigid31_7_from1204000cy.dat
shape =  (8, 1402)
1402
loading  /home/jasencakova/dataset/cells/priamy_kanal/sim_2xKSin1_DE_hct15_seed4_rigid31_7_from1204000cy/rbc64_sim_2xKSin1_DE_hct15_seed4_rigid31_7_from1204000cy.dat
shape =  (8, 1402)
1402
loading  /home/jasencakova/dataset/cells/priamy_kanal/sim_2xKSin1_DE_hct15_seed4_rigid31_7_from1204000cy/rbc65_sim_2xKSin1_DE_hct15_seed4_rigid31_7_from1204000cy.dat
shape =  (8, 1402)
1402
loading  /home/jasencakova/dataset/cells/priamy_kanal/sim_2xKSin1_DE_hct15_seed4_rigid31_7_from1204000cy/rbc66_sim_2xKSin1_DE_hct15_seed4_rigid31_7_from1204000cy.dat
shape =  (8, 1402)
1402
loading  /home/jasencakova/dataset/cells/priamy_kanal/sim_2xKSin1_DE_hct15_seed4_rigid31_7_from1204000cy/rbc67_sim_2xKSin1_DE_hct15_seed4_rigid31_7_from1204000cy.dat
shape =  (8, 1402)
1402
loading  /home/jasencakova/dataset/cells/priamy_kanal/sim_2xKSin1_DE_hct15_seed4_rigid31_7_from1204000cy/rbc68_sim_2xKSin1_DE_hct15_seed4_rigid31_7_from1204000cy.dat
shape =  (8, 1402)
1402
loading  /home/jasencakova/dataset/cells/priamy_kanal/sim_2xKSin1_DE_hct15_seed4_rigid31_7_from1204000cy/rbc69_sim_2xKSin1_DE_hct15_seed4_rigid31_7_from1204000cy.dat
shape =  (8, 1402)
1402
loading  /home/jasencakova/dataset/cells/priamy_kanal/sim_2xKSin1_DE_hct15_seed4_rigid31_7_from1204000cy/rbc70_sim_2xKSin1_DE_hct15_seed4_rigid31_7_from1204000cy.dat
shape =  (8, 1402)
1402
loading  /home/jasencakova/dataset/cells/priamy_kanal/sim_2xKSin1_DE_hct15_seed4_rigid31_7_from1204000cy/rbc71_sim_2xKSin1_DE_hct15_seed4_rigid31_7_from1204000cy.dat
shape =  (8, 1402)
1402
loading  /home/jasencakova/dataset/cells/priamy_kanal/sim_2xKSin1_DE_hct15_seed4_rigid31_7_from1204000cy/rbc72_sim_2xKSin1_DE_hct15_seed4_rigid31_7_from1204000cy.dat
shape =  (8, 1402)
1402
loading  /home/jasencakova/dataset/cells/priamy_kanal/sim_2xKSin1_DE_hct15_seed4_rigid31_7_from1204000cy/rbc73_sim_2xKSin1_DE_hct15_seed4_rigid31_7_from1204000cy.dat
shape =  (8, 1402)
1402
loading  /home/jasencakova/dataset/cells/priamy_kanal/sim_2xKSin1_DE_hct15_seed4_rigid31_7_from1204000cy/rbc74_sim_2xKSin1_DE_hct15_seed4_rigid31_7_from1204000cy.dat
shape =  (8, 1402)
1402
loading  /home/jasencakova/dataset/cells/priamy_kanal/sim_2xKSin1_DE_hct15_seed4_rigid31_7_from1204000cy/rbc75_sim_2xKSin1_DE_hct15_seed4_rigid31_7_from1204000cy.dat
shape =  (8, 1402)
1402
loading  /home/jasencakova/dataset/cells/priamy_kanal/sim_2xKSin1_DE_hct15_seed4_rigid31_7_from1204000cy/rbc76_sim_2xKSin1_DE_hct15_seed4_rigid31_7_from1204000cy.dat
shape =  (8, 1402)
1402
loading  /home/jasencakova/dataset/cells/priamy_kanal/sim_2xKSin1_DE_hct15_seed4_rigid31_7_from1204000cy/rbc77_sim_2xKSin1_DE_hct15_seed4_rigid31_7_from1204000cy.dat
shape =  (8, 1402)
1402
loading  /home/jasencakova/dataset/cells/priamy_kanal/sim_2xKSin1_DE_hct15_seed4_rigid31_7_from1204000cy/rbc78_sim_2xKSin1_DE_hct15_seed4_rigid31_7_from1204000cy.dat
shape =  (8, 1402)
1402
loading  /home/jasencakova/dataset/cells/priamy_kanal/sim_2xKSin1_DE_hct15_seed4_rigid31_7_from1204000cy/rbc79_sim_2xKSin1_DE_hct15_seed4_rigid31_7_from1204000cy.dat
shape =  (8, 1402)
1402
loading  /home/jasencakova/dataset/cells/priamy_kanal/sim_2xKSin1_DE_hct15_seed4_rigid31_7_from1204000cy/rbc80_sim_2xKSin1_DE_hct15_seed4_rigid31_7_from1204000cy.dat
shape =  (8, 1402)
1402
loading  /home/jasencakova/dataset/cells/priamy_kanal/sim_2xKSin1_DE_hct15_seed4_rigid31_7_from1204000cy/rbc81_sim_2xKSin1_DE_hct15_seed4_rigid31_7_from1204000cy.dat
shape =  (8, 1402)
1402
loading  /home/jasencakova/dataset/cells/priamy_kanal/sim_2xKSin1_DE_hct15_seed4_rigid31_7_from1204000cy/rbc82_sim_2xKSin1_DE_hct15_seed4_rigid31_7_from1204000cy.dat
shape =  (8, 1402)
1402
loading  /home/jasencakova/dataset/cells/priamy_kanal/sim_2xKSin1_DE_hct15_seed4_rigid31_7_from1204000cy/rbc83_sim_2xKSin1_DE_hct15_seed4_rigid31_7_from1204000cy.dat
shape =  (8, 1402)
1402
loading  /home/jasencakova/dataset/cells/priamy_kanal/sim_2xKSin1_DE_hct15_seed4_rigid31_7_from1204000cy/rbc84_sim_2xKSin1_DE_hct15_seed4_rigid31_7_from1204000cy.dat
shape =  (8, 1402)
1402
loading  /home/jasencakova/dataset/cells/priamy_kanal/sim_2xKSin1_DE_hct15_seed4_rigid31_7_from1204000cy/rbc85_sim_2xKSin1_DE_hct15_seed4_rigid31_7_from1204000cy.dat
shape =  (8, 1402)
1402
loading  /home/jasencakova/dataset/cells/priamy_kanal/sim_2xKSin1_DE_hct15_seed4_rigid31_7_from1204000cy/rbc86_sim_2xKSin1_DE_hct15_seed4_rigid31_7_from1204000cy.dat
shape =  (8, 1402)
1402
loading  /home/jasencakova/dataset/cells/priamy_kanal/sim_2xKSin1_DE_hct15_seed4_rigid31_7_from1204000cy/rbc87_sim_2xKSin1_DE_hct15_seed4_rigid31_7_from1204000cy.dat
shape =  (8, 1402)
1402
loading  /home/jasencakova/dataset/cells/priamy_kanal/sim_2xKSin1_DE_hct15_seed4_rigid31_7_from1204000cy/rbc88_sim_2xKSin1_DE_hct15_seed4_rigid31_7_from1204000cy.dat
shape =  (8, 1402)
1402
loading  /home/jasencakova/dataset/cells/priamy_kanal/sim_2xKSin1_DE_hct15_seed4_rigid31_7_from1204000cy/rbc89_sim_2xKSin1_DE_hct15_seed4_rigid31_7_from1204000cy.dat
shape =  (8, 1402)
1402
loading  /home/jasencakova/dataset/cells/priamy_kanal/sim_2xKSin1_DE_hct15_seed4_rigid31_7_from1204000cy/rbc90_sim_2xKSin1_DE_hct15_seed4_rigid31_7_from1204000cy.dat
shape =  (8, 1402)
1402
loading  /home/jasencakova/dataset/cells/priamy_kanal/sim_2xKSin1_DE_hct15_seed4_rigid31_7_from1204000cy/rbc91_sim_2xKSin1_DE_hct15_seed4_rigid31_7_from1204000cy.dat
shape =  (8, 1402)
1402
loading  /home/jasencakova/dataset/cells/priamy_kanal/sim_2xKSin1_DE_hct15_seed4_rigid31_7_from1204000cy/rbc92_sim_2xKSin1_DE_hct15_seed4_rigid31_7_from1204000cy.dat
shape =  (8, 1402)
1402
loading  /home/jasencakova/dataset/cells/priamy_kanal/sim_2xKSin1_DE_hct15_seed4_rigid31_7_from1204000cy/rbc93_sim_2xKSin1_DE_hct15_seed4_rigid31_7_from1204000cy.dat
shape =  (8, 1402)
1402
loading  /home/jasencakova/dataset/cells/priamy_kanal/sim_2xKSin1_DE_hct15_seed4_rigid31_7_from1204000cy/rbc94_sim_2xKSin1_DE_hct15_seed4_rigid31_7_from1204000cy.dat
shape =  (8, 1402)
1402
loading  /home/jasencakova/dataset/cells/priamy_kanal/sim_2xKSin1_DE_hct15_seed4_rigid31_7_from1204000cy/rbc95_sim_2xKSin1_DE_hct15_seed4_rigid31_7_from1204000cy.dat
shape =  (8, 1402)
1402
loading  /home/jasencakova/dataset/cells/priamy_kanal/sim_2xKSin1_DE_hct15_seed4_rigid31_7_from1204000cy/rbc96_sim_2xKSin1_DE_hct15_seed4_rigid31_7_from1204000cy.dat
shape =  (8, 1402)
1402
loading  /home/jasencakova/dataset/cells/priamy_kanal/sim_2xKSin1_DE_hct15_seed4_rigid31_7_from1204000cy/rbc97_sim_2xKSin1_DE_hct15_seed4_rigid31_7_from1204000cy.dat
shape =  (8, 1402)
1402
loading  /home/jasencakova/dataset/cells/priamy_kanal/sim_2xKSin1_DE_hct15_seed4_rigid31_7_from1204000cy/rbc98_sim_2xKSin1_DE_hct15_seed4_rigid31_7_from1204000cy.dat
shape =  (8, 1402)
1402
loading  /home/jasencakova/dataset/cells/priamy_kanal/sim_2xKSin1_DE_hct15_seed4_rigid31_7_from1204000cy/rbc99_sim_2xKSin1_DE_hct15_seed4_rigid31_7_from1204000cy.dat
shape =  (8, 1402)
1402
loading  /home/jasencakova/dataset/cells/priamy_kanal/sim_2xKSin1_DE_hct15_seed4_rigid31_7_from1204000cy/rbc100_sim_2xKSin1_DE_hct15_seed4_rigid31_7_from1204000cy.dat
shape =  (8, 1402)
1402
loading  /home/jasencakova/dataset/cells/priamy_kanal/sim_2xKSin1_DE_hct15_seed4_rigid31_7_from1204000cy/rbc101_sim_2xKSin1_DE_hct15_seed4_rigid31_7_from1204000cy.dat
shape =  (8, 1402)
1402
loading  /home/jasencakova/dataset/cells/priamy_kanal/sim_2xKSin1_DE_hct15_seed4_rigid31_7_from1204000cy/rbc102_sim_2xKSin1_DE_hct15_seed4_rigid31_7_from1204000cy.dat
shape =  (8, 1402)
1402
loading  /home/jasencakova/dataset/cells/priamy_kanal/sim_2xKSin1_DE_hct15_seed4_rigid31_7_from1204000cy/rbc103_sim_2xKSin1_DE_hct15_seed4_rigid31_7_from1204000cy.dat
shape =  (8, 1402)
1402
loading  /home/jasencakova/dataset/cells/priamy_kanal/sim_2xKSin1_DE_hct15_seed4_rigid31_7_from1204000cy/rbc104_sim_2xKSin1_DE_hct15_seed4_rigid31_7_from1204000cy.dat
shape =  (8, 1402)
1402
loading  /home/jasencakova/dataset/cells/priamy_kanal/sim_2xKSin1_DE_hct15_seed4_rigid31_7_from1204000cy/rbc105_sim_2xKSin1_DE_hct15_seed4_rigid31_7_from1204000cy.dat
shape =  (8, 1402)
1402
loading  /home/jasencakova/dataset/cells/priamy_kanal/sim_2xKSin1_DE_hct15_seed4_rigid31_7_from1204000cy/rbc106_sim_2xKSin1_DE_hct15_seed4_rigid31_7_from1204000cy.dat
shape =  (8, 1402)
1402
loading  /home/jasencakova/dataset/cells/priamy_kanal/sim_2xKSin1_DE_hct15_seed4_rigid31_7_from1204000cy/rbc107_sim_2xKSin1_DE_hct15_seed4_rigid31_7_from1204000cy.dat
shape =  (8, 1402)
1402
loading  /home/jasencakova/dataset/cells/priamy_kanal/sim_2xKSin1_DE_hct15_seed4_rigid31_7_from1204000cy/rbc108_sim_2xKSin1_DE_hct15_seed4_rigid31_7_from1204000cy.dat
shape =  (8, 1402)
1402
loading  /home/jasencakova/dataset/cells/priamy_kanal/sim_2xKSin1_DE_hct15_seed4_rigid31_7_from1204000cy/rbc109_sim_2xKSin1_DE_hct15_seed4_rigid31_7_from1204000cy.dat
shape =  (8, 1402)
1402
loading  /home/jasencakova/dataset/cells/priamy_kanal/sim_2xKSin1_DE_hct15_seed4_rigid31_7_from1204000cy/rbc110_sim_2xKSin1_DE_hct15_seed4_rigid31_7_from1204000cy.dat
shape =  (8, 1402)
1402
loading  /home/jasencakova/dataset/cells/priamy_kanal/sim_2xKSin1_DE_hct15_seed4_rigid31_7_from1204000cy/rbc111_sim_2xKSin1_DE_hct15_seed4_rigid31_7_from1204000cy.dat
shape =  (8, 1402)
1402
loading  /home/jasencakova/dataset/cells/priamy_kanal/sim_2xKSin1_DE_hct15_seed4_rigid31_7_from1204000cy/rbc112_sim_2xKSin1_DE_hct15_seed4_rigid31_7_from1204000cy.dat
shape =  (8, 1402)
1402
loading  /home/jasencakova/dataset/cells/priamy_kanal/sim_2xKSin1_DE_hct15_seed4_rigid31_7_from1204000cy/rbc113_sim_2xKSin1_DE_hct15_seed4_rigid31_7_from1204000cy.dat
shape =  (8, 1402)
1402
loading  /home/jasencakova/dataset/cells/priamy_kanal/sim_2xKSin1_DE_hct15_seed4_rigid31_7_from1204000cy/rbc114_sim_2xKSin1_DE_hct15_seed4_rigid31_7_from1204000cy.dat
shape =  (8, 1402)
1402
loading  /home/jasencakova/dataset/cells/priamy_kanal/sim_2xKSin1_DE_hct15_seed4_rigid31_7_from1204000cy/rbc115_sim_2xKSin1_DE_hct15_seed4_rigid31_7_from1204000cy.dat
shape =  (8, 1402)
1402
loading  /home/jasencakova/dataset/cells/priamy_kanal/sim_2xKSin1_DE_hct15_seed4_rigid31_7_from1204000cy/rbc116_sim_2xKSin1_DE_hct15_seed4_rigid31_7_from1204000cy.dat
shape =  (8, 1402)
1402
loading  /home/jasencakova/dataset/cells/priamy_kanal/sim_2xKSin1_DE_hct15_seed4_rigid31_7_from1204000cy/rbc117_sim_2xKSin1_DE_hct15_seed4_rigid31_7_from1204000cy.dat
shape =  (8, 1402)
1402
loading  /home/jasencakova/dataset/cells/priamy_kanal/sim_2xKSin1_DE_hct15_seed4_rigid31_7_from1204000cy/rbc118_sim_2xKSin1_DE_hct15_seed4_rigid31_7_from1204000cy.dat
shape =  (8, 1402)
1402
loading  /home/jasencakova/dataset/cells/priamy_kanal/sim_2xKSin1_DE_hct15_seed4_rigid31_7_from1204000cy/rbc119_sim_2xKSin1_DE_hct15_seed4_rigid31_7_from1204000cy.dat
shape =  (8, 1402)
1402
loading  /home/jasencakova/dataset/cells/priamy_kanal/sim_2xKSin1_DE_hct15_seed4_rigid31_7_from1204000cy/rbc120_sim_2xKSin1_DE_hct15_seed4_rigid31_7_from1204000cy.dat
shape =  (8, 1402)
1402
loading  /home/jasencakova/dataset/cells/priamy_kanal/sim_2xKSin1_DE_hct15_seed4_rigid31_7_from1204000cy/rbc121_sim_2xKSin1_DE_hct15_seed4_rigid31_7_from1204000cy.dat
shape =  (8, 1402)
1402
loading  /home/jasencakova/dataset/cells/priamy_kanal/sim_2xKSin1_DE_hct15_seed4_rigid31_7_from1204000cy/rbc122_sim_2xKSin1_DE_hct15_seed4_rigid31_7_from1204000cy.dat
shape =  (8, 1402)
1402
loading  /home/jasencakova/dataset/cells/priamy_kanal/sim_2xKSin1_DE_hct15_seed4_rigid31_7_from1204000cy/rbc123_sim_2xKSin1_DE_hct15_seed4_rigid31_7_from1204000cy.dat
shape =  (8, 1402)
1402
loading  /home/jasencakova/dataset/cells/priamy_kanal/sim_2xKSin1_DE_hct15_seed4_rigid31_7_from1204000cy/rbc124_sim_2xKSin1_DE_hct15_seed4_rigid31_7_from1204000cy.dat
shape =  (8, 1402)
1402
loading  /home/jasencakova/dataset/cells/priamy_kanal/sim_2xKSin1_DE_hct15_seed4_rigid31_7_from1204000cy/rbc125_sim_2xKSin1_DE_hct15_seed4_rigid31_7_from1204000cy.dat
shape =  (8, 1402)
1402
loading  /home/jasencakova/dataset/cells/priamy_kanal/sim_2xKSin1_DE_hct15_seed4_rigid31_7_from1204000cy/rbc126_sim_2xKSin1_DE_hct15_seed4_rigid31_7_from1204000cy.dat
shape =  (8, 1402)
1402
loading  /home/jasencakova/dataset/cells/priamy_kanal/sim_2xKSin1_DE_hct15_seed4_rigid31_7_from1204000cy/rbc127_sim_2xKSin1_DE_hct15_seed4_rigid31_7_from1204000cy.dat
shape =  (8, 1402)
1402
loading  /home/jasencakova/dataset/cells/priamy_kanal/sim_2xKSin1_DE_hct15_seed4_rigid31_7_from1204000cy/rbc128_sim_2xKSin1_DE_hct15_seed4_rigid31_7_from1204000cy.dat
shape =  (8, 1402)
1402
loading  /home/jasencakova/dataset/cells/priamy_kanal/sim_2xKSin1_DE_hct15_seed4_rigid31_7_from1204000cy/rbc129_sim_2xKSin1_DE_hct15_seed4_rigid31_7_from1204000cy.dat
shape =  (8, 1402)
1402
loading  /home/jasencakova/dataset/cells/priamy_kanal/sim_2xKSin1_DE_hct15_seed4_rigid31_7_from1204000cy/rbc130_sim_2xKSin1_DE_hct15_seed4_rigid31_7_from1204000cy.dat
shape =  (8, 1402)
1402
loading  /home/jasencakova/dataset/cells/priamy_kanal/sim_2xKSin1_DE_hct15_seed4_rigid31_7_from1204000cy/rbc131_sim_2xKSin1_DE_hct15_seed4_rigid31_7_from1204000cy.dat
shape =  (8, 1402)
1402
loading  /home/jasencakova/dataset/cells/priamy_kanal/sim_2xKSin1_DE_hct15_seed4_rigid31_7_from1204000cy/rbc132_sim_2xKSin1_DE_hct15_seed4_rigid31_7_from1204000cy.dat
shape =  (8, 1402)
1402
loading  /home/jasencakova/dataset/cells/priamy_kanal/sim_2xKSin1_DE_hct15_seed4_rigid31_7_from1204000cy/rbc133_sim_2xKSin1_DE_hct15_seed4_rigid31_7_from1204000cy.dat
shape =  (8, 1402)
1402
loading  /home/jasencakova/dataset/cells/priamy_kanal/sim_2xKSin1_DE_hct15_seed4_rigid31_7_from1204000cy/rbc134_sim_2xKSin1_DE_hct15_seed4_rigid31_7_from1204000cy.dat
shape =  (8, 1402)
1402
loading  /home/jasencakova/dataset/cells/priamy_kanal/sim_2xKSin1_DE_hct15_seed4_rigid31_7_from1204000cy/rbc135_sim_2xKSin1_DE_hct15_seed4_rigid31_7_from1204000cy.dat
shape =  (8, 1402)
1402
loading  /home/jasencakova/dataset/cells/priamy_kanal/sim_2xKSin1_DE_hct15_seed4_rigid31_7_from1204000cy/rbc136_sim_2xKSin1_DE_hct15_seed4_rigid31_7_from1204000cy.dat
shape =  (8, 1402)
1402
loading  /home/jasencakova/dataset/cells/priamy_kanal/sim_2xKSin1_DE_hct15_seed4_rigid31_7_from1204000cy/rbc137_sim_2xKSin1_DE_hct15_seed4_rigid31_7_from1204000cy.dat
shape =  (8, 1402)
1402
loading  /home/jasencakova/dataset/cells/priamy_kanal/sim_2xKSin1_DE_hct15_seed4_rigid31_7_from1204000cy/rbc138_sim_2xKSin1_DE_hct15_seed4_rigid31_7_from1204000cy.dat
shape =  (8, 1402)
1402
loading  /home/jasencakova/dataset/cells/priamy_kanal/sim_2xKSin1_DE_hct15_seed4_rigid31_7_from1204000cy/rbc139_sim_2xKSin1_DE_hct15_seed4_rigid31_7_from1204000cy.dat
shape =  (8, 1402)
1402
loading  /home/jasencakova/dataset/cells/priamy_kanal/sim_2xKSin1_DE_hct15_seed4_rigid31_7_from1204000cy/rbc140_sim_2xKSin1_DE_hct15_seed4_rigid31_7_from1204000cy.dat
shape =  (8, 1402)
1402
loading  /home/jasencakova/dataset/cells/priamy_kanal/sim_2xKSin1_DE_hct15_seed4_rigid31_7_from1204000cy/rbc141_sim_2xKSin1_DE_hct15_seed4_rigid31_7_from1204000cy.dat
shape =  (8, 1402)
1402
loading  /home/jasencakova/dataset/cells/priamy_kanal/sim_2xKSin1_DE_hct15_seed4_rigid31_7_from1204000cy/rbc142_sim_2xKSin1_DE_hct15_seed4_rigid31_7_from1204000cy.dat
shape =  (8, 1402)
1402
loading  /home/jasencakova/dataset/cells/priamy_kanal/sim_2xKSin1_DE_hct15_seed4_rigid31_7_from1204000cy/rbc143_sim_2xKSin1_DE_hct15_seed4_rigid31_7_from1204000cy.dat
shape =  (8, 1402)
1402
loading  /home/jasencakova/dataset/cells/priamy_kanal/sim_2xKSin1_DE_hct15_seed4_rigid31_7_from1204000cy/rbc144_sim_2xKSin1_DE_hct15_seed4_rigid31_7_from1204000cy.dat
shape =  (8, 1402)
1402
loading  /home/jasencakova/dataset/cells/priamy_kanal/sim_2xKSin1_DE_hct15_seed4_rigid31_7_from1204000cy/rbc145_sim_2xKSin1_DE_hct15_seed4_rigid31_7_from1204000cy.dat
shape =  (8, 1402)
1402
loading  /home/jasencakova/dataset/cells/priamy_kanal/sim_2xKSin1_DE_hct15_seed4_rigid31_7_from1204000cy/rbc146_sim_2xKSin1_DE_hct15_seed4_rigid31_7_from1204000cy.dat
shape =  (8, 1402)
1402
loading  /home/jasencakova/dataset/cells/priamy_kanal/sim_2xKSin1_DE_hct15_seed4_rigid31_7_from1204000cy/rbc147_sim_2xKSin1_DE_hct15_seed4_rigid31_7_from1204000cy.dat
shape =  (8, 1402)
1402
loading  /home/jasencakova/dataset/cells/priamy_kanal/sim_2xKSin1_DE_hct15_seed4_rigid31_7_from1204000cy/rbc148_sim_2xKSin1_DE_hct15_seed4_rigid31_7_from1204000cy.dat
shape =  (8, 1402)
1402
loading  /home/jasencakova/dataset/cells/priamy_kanal/sim_2xKSin1_DE_hct15_seed4_rigid31_7_from1204000cy/rbc149_sim_2xKSin1_DE_hct15_seed4_rigid31_7_from1204000cy.dat
shape =  (8, 1402)
1402
loading  /home/jasencakova/dataset/cells/priamy_kanal/sim_2xKSin1_DE_hct15_seed4_rigid31_7_from1204000cy/rbc150_sim_2xKSin1_DE_hct15_seed4_rigid31_7_from1204000cy.dat
shape =  (8, 1402)
1402
loading  /home/jasencakova/dataset/cells/priamy_kanal/sim_2xKSin1_DE_hct15_seed4_rigid31_7_from1204000cy/rbc151_sim_2xKSin1_DE_hct15_seed4_rigid31_7_from1204000cy.dat
shape =  (8, 1402)
1402
loading  /home/jasencakova/dataset/cells/priamy_kanal/sim_2xKSin1_DE_hct15_seed4_rigid31_7_from1204000cy/rbc152_sim_2xKSin1_DE_hct15_seed4_rigid31_7_from1204000cy.dat
shape =  (8, 1402)
1402
loading  /home/jasencakova/dataset/cells/priamy_kanal/sim_2xKSin1_DE_hct15_seed4_rigid31_7_from1204000cy/rbc153_sim_2xKSin1_DE_hct15_seed4_rigid31_7_from1204000cy.dat
shape =  (8, 1402)
1402
shortest_length =  1402
data_shape      =  (154, 1402, 8)








dataset summary : 

training_dats shape    =  (154, 603, 8)
testing_dats shape    =  (154, 1402, 8)
training_count  =  9379062
testing_count   =  215908
channels_count  =  8
sequence_length =  128
classes_count   =   2
batch(32) tensor shape =  torch.Size([32, 8, 128]) torch.Size([32, 2])





model
Sequential(
  (0): Conv1d(8, 32, kernel_size=(3,), stride=(2,), padding=(1,))
  (1): ReLU()
  (2): Dropout(p=0.01, inplace=False)
  (3): Conv1d(32, 64, kernel_size=(3,), stride=(2,), padding=(1,))
  (4): ReLU()
  (5): Dropout(p=0.01, inplace=False)
  (6): Conv1d(64, 64, kernel_size=(3,), stride=(2,), padding=(1,))
  (7): ReLU()
  (8): Dropout(p=0.01, inplace=False)
  (9): Conv1d(64, 128, kernel_size=(3,), stride=(2,), padding=(1,))
  (10): ReLU()
  (11): Dropout(p=0.01, inplace=False)
  (12): Flatten()
  (13): Linear(in_features=1024, out_features=2, bias=True)
)



0 87.97272267448209 94.59928539691943 0.095125295 0.061757464 0.035675246 0.007840474 54.7 





=================================================
new best net in 0
TRAINING result
accuracy   = 87.973 [%]
hit_count  = 8251025
miss_count = 1128047

class_accuracy = 98.421%   46.524%   


confusion_matrix = 
7372508	 1009787	 
118260	 878517	 



TESTING result
accuracy   = 94.599 [%]
hit_count  = 204395
miss_count = 11669

class_accuracy = 97.977%   81.103%   


confusion_matrix = 
169304	 8175	 
3494	 35091	 




1 96.17397115620821 94.72563684834124 0.03784678 0.05239841 0.0075908164 0.007883075 54.55 





=================================================
new best net in 1
TRAINING result
accuracy   = 96.174 [%]
hit_count  = 9020226
miss_count = 358846

class_accuracy = 99.567%   82.691%   


confusion_matrix = 
7460909	 326397	 
32449	 1559317	 



TESTING result
accuracy   = 94.726 [%]
hit_count  = 204668
miss_count = 11396

class_accuracy = 97.403%   84.147%   


confusion_matrix = 
167932	 6920	 
4476	 36736	 




2 97.2117284098043 94.2095860485782 0.029869016 0.054363757 0.0056674727 0.0075943694 54.36 

3 97.85027772470454 94.60761626184834 0.025177168 0.051210314 0.0048421435 0.0073828343 54.13 

4 98.34334356320113 94.43174244668246 0.021484876 0.051783167 0.004218869 0.0073396326 53.86 

5 98.82561942162295 95.00749777843602 0.017739795 0.04842373 0.0036741407 0.007273602 53.55 





=================================================
new best net in 5
TRAINING result
accuracy   = 98.826 [%]
hit_count  = 9268926
miss_count = 110146

class_accuracy = 99.824%   94.865%   


confusion_matrix = 
7478171	 96940	 
13206	 1790755	 



TESTING result
accuracy   = 95.007 [%]
hit_count  = 205277
miss_count = 10787

class_accuracy = 96.72%   88.239%   


confusion_matrix = 
166749	 5134	 
5653	 38528	 




6 99.39297832450801 95.83410470971565 0.012635059 0.0438822 0.002949826 0.006567247 53.22 





=================================================
new best net in 6
TRAINING result
accuracy   = 99.393 [%]
hit_count  = 9322139
miss_count = 56933

class_accuracy = 99.925%   97.281%   


confusion_matrix = 
7486062	 51321	 
5612	 1836077	 



TESTING result
accuracy   = 95.834 [%]
hit_count  = 207063
miss_count = 9001

class_accuracy = 97.179%   90.519%   


confusion_matrix = 
167545	 4138	 
4863	 39518	 




7 99.7567989668914 96.46586196682465 0.008436516 0.038938098 0.0019687032 0.0058358368 52.86 





=================================================
new best net in 7
TRAINING result
accuracy   = 99.757 [%]
hit_count  = 9356262
miss_count = 22810

class_accuracy = 99.981%   98.864%   


confusion_matrix = 
7491183	 21424	 
1386	 1865079	 



TESTING result
accuracy   = 96.466 [%]
hit_count  = 208428
miss_count = 7636

class_accuracy = 97.866%   90.908%   


confusion_matrix = 
168874	 3955	 
3681	 39554	 




8 99.9134562566531 97.06660989336493 0.0057558604 0.033675108 0.0013070346 0.005844506 52.48 





=================================================
new best net in 8
TRAINING result
accuracy   = 99.913 [%]
hit_count  = 9370955
miss_count = 8117

class_accuracy = 99.997%   99.583%   


confusion_matrix = 
7491581	 7863	 
254	 1879374	 



TESTING result
accuracy   = 97.067 [%]
hit_count  = 209726
miss_count = 6338

class_accuracy = 98.746%   90.37%   


confusion_matrix = 
170556	 4173	 
2165	 39170	 




9 99.96332259737424 97.14066202606635 0.004134261 0.0322099 0.0009337146 0.00566393 52.07 





=================================================
new best net in 9
TRAINING result
accuracy   = 99.963 [%]
hit_count  = 9375632
miss_count = 3440

class_accuracy = 99.999%   99.821%   


confusion_matrix = 
7491041	 3386	 
54	 1884591	 



TESTING result
accuracy   = 97.141 [%]
hit_count  = 209886
miss_count = 6178

class_accuracy = 98.964%   89.927%   


confusion_matrix = 
170668	 4392	 
1786	 39218	 




10 99.98406025670769 97.24896327014218 0.003120496 0.03065901 0.0007064715 0.00574709 51.63 





=================================================
new best net in 10
TRAINING result
accuracy   = 99.984 [%]
hit_count  = 9377577
miss_count = 1495

class_accuracy = 100.0%   99.921%   


confusion_matrix = 
7492965	 1483	 
12	 1884612	 



TESTING result
accuracy   = 97.249 [%]
hit_count  = 210120
miss_count = 5944

class_accuracy = 99.198%   89.558%   


confusion_matrix = 
170986	 4562	 
1382	 39134	 




11 99.9919075149439 97.24340936018957 0.0024511581 0.029480329 0.0005506057 0.0057527637 51.19 

12 99.99550062095696 97.40863818127963 0.0020028348 0.02727835 0.00045972975 0.005880151 50.73 





=================================================
new best net in 12
TRAINING result
accuracy   = 99.996 [%]
hit_count  = 9378650
miss_count = 422

class_accuracy = 100.0%   99.978%   


confusion_matrix = 
7491744	 421	 
1	 1886906	 



TESTING result
accuracy   = 97.409 [%]
hit_count  = 210465
miss_count = 5599

class_accuracy = 99.585%   88.77%   


confusion_matrix = 
171858	 4883	 
716	 38607	 




13 99.99727051887436 97.42206013033176 0.0016802493 0.02669092 0.00039287645 0.0058149053 50.26 





=================================================
new best net in 13
TRAINING result
accuracy   = 99.997 [%]
hit_count  = 9378816
miss_count = 256

class_accuracy = 100.0%   99.986%   


confusion_matrix = 
7493360	 254	 
2	 1885456	 



TESTING result
accuracy   = 97.422 [%]
hit_count  = 210494
miss_count = 5570

class_accuracy = 99.657%   88.53%   


confusion_matrix = 
172063	 4978	 
592	 38431	 




14 99.99785693083494 97.47297097156398 0.0014499789 0.025084144 0.00034620496 0.005320597 49.77 





=================================================
new best net in 14
TRAINING result
accuracy   = 99.998 [%]
hit_count  = 9378871
miss_count = 201

class_accuracy = 100.0%   99.989%   


confusion_matrix = 
7490091	 201	 
0	 1888780	 



TESTING result
accuracy   = 97.473 [%]
hit_count  = 210604
miss_count = 5460

class_accuracy = 99.746%   88.433%   


confusion_matrix = 
172194	 5023	 
437	 38410	 




15 99.99856062518765 97.54285767180095 0.0012723454 0.024464272 0.00030940157 0.005356169 49.26 





=================================================
new best net in 15
TRAINING result
accuracy   = 99.999 [%]
hit_count  = 9378937
miss_count = 135

class_accuracy = 100.0%   99.993%   


confusion_matrix = 
7491355	 135	 
0	 1887582	 



TESTING result
accuracy   = 97.543 [%]
hit_count  = 210755
miss_count = 5309

class_accuracy = 99.763%   88.787%   


confusion_matrix = 
171931	 4902	 
407	 38824	 




16 99.99898710661353 97.55489114336493 0.0011341138 0.024291098 0.00027855433 0.0055488367 48.76 





=================================================
new best net in 16
TRAINING result
accuracy   = 99.999 [%]
hit_count  = 9378977
miss_count = 95

class_accuracy = 100.0%   99.995%   


confusion_matrix = 
7491644	 95	 
0	 1887333	 



TESTING result
accuracy   = 97.555 [%]
hit_count  = 210781
miss_count = 5283

class_accuracy = 99.765%   88.711%   


confusion_matrix = 
172449	 4877	 
406	 38332	 




17 99.99933895378989 97.55165136255924 0.0010182591 0.023379605 0.0002548348 0.005390645 48.24 

18 99.99937093989682 97.62246371445498 0.0009268171 0.022302678 0.00023721803 0.005219816 47.72 





=================================================
new best net in 18
TRAINING result
accuracy   = 99.999 [%]
hit_count  = 9379013
miss_count = 59

class_accuracy = 100.0%   99.997%   


confusion_matrix = 
7491771	 59	 
0	 1887242	 



TESTING result
accuracy   = 97.622 [%]
hit_count  = 210927
miss_count = 5137

class_accuracy = 99.865%   88.703%   


confusion_matrix = 
172405	 4905	 
232	 38522	 




19 99.9994988843246 97.55165136255924 0.0008479265 0.022227807 0.00021864609 0.005330929 47.18 

20 99.99960550468106 97.63727414099526 0.00078627357 0.021775363 0.00020954094 0.0049668504 46.63 





=================================================
new best net in 20
TRAINING result
accuracy   = 100.0 [%]
hit_count  = 9379035
miss_count = 37

class_accuracy = 100.0%   99.998%   


confusion_matrix = 
7490037	 37	 
0	 1888998	 



TESTING result
accuracy   = 97.637 [%]
hit_count  = 210959
miss_count = 5105

class_accuracy = 99.885%   88.718%   


confusion_matrix = 
172363	 4907	 
198	 38596	 




21 99.99955219450283 97.65301021919431 0.000728007 0.021733394 0.00019541701 0.00515104 46.1 





=================================================
new best net in 21
TRAINING result
accuracy   = 100.0 [%]
hit_count  = 9379030
miss_count = 42

class_accuracy = 100.0%   99.998%   


confusion_matrix = 
7491581	 42	 
0	 1887449	 



TESTING result
accuracy   = 97.653 [%]
hit_count  = 210993
miss_count = 5071

class_accuracy = 99.9%   88.712%   


confusion_matrix = 
172475	 4900	 
171	 38518	 




22 99.99979742132271 97.6678206457346 0.000680117 0.02098939 0.00018616093 0.0051561776 45.55 





=================================================
new best net in 22
TRAINING result
accuracy   = 100.0 [%]
hit_count  = 9379053
miss_count = 19

class_accuracy = 100.0%   99.999%   


confusion_matrix = 
7489932	 19	 
0	 1889121	 



TESTING result
accuracy   = 97.668 [%]
hit_count  = 211025
miss_count = 5039

class_accuracy = 99.894%   88.86%   


confusion_matrix = 
172267	 4858	 
181	 38758	 




23 99.9998400694653 97.68309389810426 0.0006356177 0.020605579 0.00017187606 0.0049584694 44.99 





=================================================
new best net in 23
TRAINING result
accuracy   = 100.0 [%]
hit_count  = 9379057
miss_count = 15

class_accuracy = 100.0%   99.999%   


confusion_matrix = 
7490777	 15	 
0	 1888280	 



TESTING result
accuracy   = 97.683 [%]
hit_count  = 211058
miss_count = 5006

class_accuracy = 99.918%   88.852%   


confusion_matrix = 
172266	 4866	 
140	 38792	 




24 99.99979742132271 97.68170542061611 0.00060023577 0.020173071 0.00016465005 0.00494372 44.44 

25 99.99982940742964 97.79185796800948 0.00056896464 0.019829134 0.0001616515 0.004768413 43.88 





=================================================
new best net in 25
TRAINING result
accuracy   = 100.0 [%]
hit_count  = 9379056
miss_count = 16

class_accuracy = 100.0%   99.999%   


confusion_matrix = 
7490714	 16	 
0	 1888342	 



TESTING result
accuracy   = 97.792 [%]
hit_count  = 211293
miss_count = 4771

class_accuracy = 99.923%   89.378%   


confusion_matrix = 
172251	 4639	 
132	 39042	 




26 99.9998400694653 97.60302502962085 0.0005406328 0.020043807 0.00015602943 0.0052263914 43.31 

27 99.99982940742964 97.73585604265404 0.00051481224 0.019462906 0.00015285613 0.0050102086 42.74 

28 99.99987205557224 97.71549170616113 0.0004942322 0.01952348 0.00015320498 0.0049374322 42.17 

29 99.99993602778612 97.69512736966824 0.0004747273 0.019214315 0.00013943025 0.0050413124 41.61 

30 99.99995735185742 97.84415728672985 0.0004582419 0.01854863 0.00013000461 0.0048832954 41.03 





=================================================
new best net in 30
TRAINING result
accuracy   = 100.0 [%]
hit_count  = 9379068
miss_count = 4

class_accuracy = 100.0%   100.0%   


confusion_matrix = 
7490195	 4	 
0	 1888873	 



TESTING result
accuracy   = 97.844 [%]
hit_count  = 211406
miss_count = 4658

class_accuracy = 99.932%   89.551%   


confusion_matrix = 
172478	 4541	 
117	 38928	 




31 99.99991470371482 97.52712159360189 0.00044129623 0.019388223 0.00013363104 0.0050549465 40.46 

32 99.99995735185742 97.71271475118483 0.00042689615 0.018724816 0.00012384974 0.004976627 39.88 

33 99.99992536575047 97.71225192535545 0.0004141923 0.019193118 0.00012945807 0.0049317544 39.3 

34 99.99996801389305 97.72058279028435 0.00040130896 0.018765891 0.00011906025 0.0049086525 38.73 

35 99.99991470371482 97.62709197274881 0.00038946627 0.018604524 0.00011945034 0.005185431 38.15 

36 99.99995735185742 97.56599896327015 0.00037912023 0.019068915 0.00011084622 0.00516114 37.57 

37 99.99988271760789 97.65532434834124 0.00036938678 0.018803727 0.00013409829 0.004967643 36.99 

38 99.99996801389305 97.75159212085308 0.0003602706 0.018186811 0.00011082444 0.005169222 36.4 

39 99.99996801389305 97.74603821090048 0.00035060255 0.017878825 0.00010485266 0.0048161955 35.83 

40 99.99995735185742 97.72150844194313 0.0003440151 0.018233012 0.00010391914 0.004853362 35.24 

41 99.99998933796435 97.67106042654028 0.00033627157 0.018366735 9.9787e-05 0.0051736743 34.65 

42 99.99996801389305 97.60996741706161 0.00032898335 0.018388644 0.000101657126 0.0050776037 34.07 

43 99.9999786759287 97.79000666469194 0.0003217254 0.017906373 9.689039e-05 0.0048348056 33.48 

44 99.99998933796435 97.6909619372038 0.00031424174 0.017934982 9.142303e-05 0.005044575 32.9 

45 99.99996801389305 97.80759404620854 0.00030847223 0.017431166 9.554599e-05 0.004870368 32.3 

46 99.99998933796435 97.9779139514218 0.00030146638 0.01658353 9.076777e-05 0.0046030497 31.72 





=================================================
new best net in 46
TRAINING result
accuracy   = 100.0 [%]
hit_count  = 9379071
miss_count = 1

class_accuracy = 100.0%   100.0%   


confusion_matrix = 
7488970	 1	 
0	 1890101	 



TESTING result
accuracy   = 97.978 [%]
hit_count  = 211695
miss_count = 4369

class_accuracy = 99.963%   90.033%   


confusion_matrix = 
172788	 4306	 
63	 38907	 




47 99.99994668982177 97.87979487559242 0.0002965732 0.017534176 9.391566e-05 0.0050151814 31.14 

48 99.99996801389305 97.79509774881517 0.0002914444 0.017798802 9.0047084e-05 0.0050308853 30.55 

49 99.99998933796435 97.75992298578198 0.0002865037 0.017857775 8.746639e-05 0.0050142333 29.97 

50 99.99994668982177 97.82656990521328 0.0002812598 0.01696468 9.201318e-05 0.004827946 29.39 

51 99.99995735185742 97.96680613151659 0.000276 0.016684044 9.3004724e-05 0.0047891084 28.8 

52 99.99998933796435 97.8487855450237 0.0002709335 0.017103279 8.4996114e-05 0.0046586357 28.22 

53 99.99998933796435 97.91034138033176 0.0002653924 0.01689945 8.2149854e-05 0.005001447 27.62 

54 99.99998933796435 98.05104043246446 0.00026153077 0.017041592 8.021269e-05 0.0044151586 27.03 





=================================================
new best net in 54
TRAINING result
accuracy   = 100.0 [%]
hit_count  = 9379071
miss_count = 1

class_accuracy = 100.0%   100.0%   


confusion_matrix = 
7492181	 1	 
0	 1886890	 



TESTING result
accuracy   = 98.051 [%]
hit_count  = 211853
miss_count = 4211

class_accuracy = 99.979%   90.377%   


confusion_matrix = 
172623	 4176	 
35	 39230	 




55 99.99998933796435 97.81222230450237 0.000257775 0.017200494 7.798751e-05 0.0051829703 26.45 

56 99.9999786759287 97.9580124407583 0.0002538584 0.016297862 8.316299e-05 0.004974661 25.86 

57 99.99996801389305 97.97976525473933 0.00024905568 0.016567944 8.2590865e-05 0.004638235 25.28 

58 100.0 98.05705716824644 0.000245148 0.016148344 7.506069e-05 0.0047692996 24.69 





=================================================
new best net in 58
TRAINING result
accuracy   = 100.0 [%]
hit_count  = 9379072
miss_count = 0

class_accuracy = 100.0%   100.0%   


confusion_matrix = 
7491512	 0	 
0	 1887560	 



TESTING result
accuracy   = 98.057 [%]
hit_count  = 211866
miss_count = 4198

class_accuracy = 99.984%   90.303%   


confusion_matrix = 
173015	 4171	 
27	 38851	 




59 99.99998933796435 97.9117298578199 0.00024061366 0.016581215 7.9294274e-05 0.004806045 24.09 

60 99.99995735185742 98.10287692535545 0.00023849553 0.015626876 8.1574304e-05 0.0046566306 23.49 





=================================================
new best net in 60
TRAINING result
accuracy   = 100.0 [%]
hit_count  = 9379068
miss_count = 4

class_accuracy = 100.0%   100.0%   


confusion_matrix = 
7491392	 4	 
0	 1887676	 



TESTING result
accuracy   = 98.103 [%]
hit_count  = 211965
miss_count = 4099

class_accuracy = 99.993%   90.494%   


confusion_matrix = 
173037	 4088	 
11	 38928	 




61 99.99996801389305 97.95292135663507 0.00023452926 0.016187908 9.080986e-05 0.004861899 22.9 

62 99.99998933796435 97.96773178317535 0.00023106001 0.015982196 6.877534e-05 0.0048721344 22.31 

63 100.0 97.8487855450237 0.00022809624 0.016646735 7.201969e-05 0.004871653 21.73 

64 99.99996801389305 97.98531916469194 0.00022562243 0.016064502 7.521188e-05 0.004589548 21.13 

65 99.99998933796435 98.17785470971565 0.00022192871 0.015186661 6.61831e-05 0.004448482 20.55 





=================================================
new best net in 65
TRAINING result
accuracy   = 100.0 [%]
hit_count  = 9379071
miss_count = 1

class_accuracy = 100.0%   100.0%   


confusion_matrix = 
7492497	 1	 
0	 1886574	 



TESTING result
accuracy   = 98.178 [%]
hit_count  = 212127
miss_count = 3937

class_accuracy = 99.979%   91.036%   


confusion_matrix = 
172489	 3902	 
35	 39638	 




66 99.99991470371482 97.96495482819905 0.00021946049 0.015816659 0.00010066414 0.0046774456 19.96 

67 99.99996801389305 97.95107005331754 0.0002158859 0.016330153 7.61028e-05 0.004917012 19.38 

68 100.0 98.09500888625593 0.00021373564 0.015349702 6.480975e-05 0.0044162767 18.78 

69 99.9999786759287 98.07742150473933 0.00021064255 0.015530771 7.226728e-05 0.0042895116 18.18 

70 99.99998933796435 98.05381738744076 0.00020864492 0.015766872 6.582541e-05 0.004768418 17.59 

71 99.99992536575047 97.98069090639811 0.00020630073 0.016039487 9.941993e-05 0.0048836092 16.95 

72 99.99998933796435 97.98531916469194 0.00020260701 0.015659917 6.814226e-05 0.004576797 16.31 

73 100.0 98.09593453791469 0.0002013141 0.015310245 6.81332e-05 0.004408939 15.73 

74 100.0 98.0297504443128 0.00019869982 0.015742531 6.0810762e-05 0.004465315 15.16 

75 100.0 98.08019845971565 0.00019731637 0.015100244 6.622474e-05 0.004299592 14.59 

76 100.0 98.04641217417061 0.00019471874 0.015257135 6.162781e-05 0.004559362 14.01 

77 99.99998933796435 98.10472822867298 0.00019298773 0.014661767 5.9077975e-05 0.0042347247 13.42 

78 100.0 98.04641217417061 0.0001894464 0.015557691 5.842333e-05 0.004629797 12.84 

79 100.0 98.00753480450237 0.00018743717 0.015521059 6.151368e-05 0.0045863353 12.26 

80 99.99998933796435 98.13851451421802 0.00018551706 0.014956592 6.657963e-05 0.00443245 11.68 

81 99.99998933796435 98.15378776658768 0.00018353696 0.014848237 5.636961e-05 0.0044195866 11.1 

82 100.0 98.15934167654028 0.00018132596 0.014930425 5.78227e-05 0.004629894 10.51 

83 100.0 98.15101081161137 0.00017888425 0.014880849 5.3333024e-05 0.0044433973 9.93 

84 100.0 97.94690462085308 0.00017704675 0.015719162 5.548254e-05 0.004643098 9.35 

85 100.0 98.24635293246446 0.00017481139 0.014702886 5.221273e-05 0.0041958704 8.76 





=================================================
new best net in 85
TRAINING result
accuracy   = 100.0 [%]
hit_count  = 9379072
miss_count = 0

class_accuracy = 100.0%   100.0%   


confusion_matrix = 
7491738	 0	 
0	 1887334	 



TESTING result
accuracy   = 98.246 [%]
hit_count  = 212275
miss_count = 3789

class_accuracy = 99.986%   91.345%   


confusion_matrix = 
172519	 3766	 
23	 39756	 




86 99.99996801389305 97.84508293838863 0.00017309103 0.015970258 6.423061e-05 0.004813318 8.18 

87 99.99998933796435 98.17507775473933 0.00017142926 0.0146685755 6.0321123e-05 0.0042631426 7.6 

88 99.9999786759287 98.07510737559242 0.00017034542 0.0151044745 7.03223e-05 0.004558565 7.02 

89 99.99998933796435 98.09917431872037 0.00016768267 0.0150936805 6.4346284e-05 0.0046171243 6.43 

90 99.99996801389305 98.17415210308057 0.00016671585 0.014639531 7.001349e-05 0.004357337 5.85 

91 99.9999786759287 98.22737707345972 0.00016421366 0.014284769 5.2750558e-05 0.0041748076 5.26 

92 100.0 98.14314277251185 0.00016257541 0.014576123 5.3022064e-05 0.004433526 4.68 

93 100.0 98.06585085900474 0.00016043801 0.014896622 4.8061098e-05 0.004488966 4.09 

94 100.0 97.95523548578198 0.00015837104 0.015256793 5.075681e-05 0.004615507 3.51 

95 99.9999786759287 98.09593453791469 0.00015785788 0.014695755 5.920287e-05 0.0047478 2.92 

96 99.99998933796435 98.28337899881517 0.00015589385 0.013843712 5.4928067e-05 0.0041559716 2.34 





=================================================
new best net in 96
TRAINING result
accuracy   = 100.0 [%]
hit_count  = 9379071
miss_count = 1

class_accuracy = 100.0%   100.0%   


confusion_matrix = 
7490973	 1	 
0	 1888098	 



TESTING result
accuracy   = 98.283 [%]
hit_count  = 212355
miss_count = 3709

class_accuracy = 99.998%   91.531%   


confusion_matrix = 
172291	 3706	 
3	 40064	 




97 99.99998933796435 98.06770216232228 0.00015381345 0.015096161 5.1158728e-05 0.0045547946 1.76 

98 99.99998933796435 98.0727932464455 0.00015264853 0.014822008 5.544562e-05 0.0046570906 1.17 

99 99.99998933796435 98.28893290876778 0.00015124433 0.01432756 5.0664414e-05 0.004052996 0.57 





=================================================
new best net in 99
TRAINING result
accuracy   = 100.0 [%]
hit_count  = 9379071
miss_count = 1

class_accuracy = 100.0%   100.0%   


confusion_matrix = 
7490681	 1	 
0	 1888390	 



TESTING result
accuracy   = 98.289 [%]
hit_count  = 212367
miss_count = 3697

class_accuracy = 99.997%   91.473%   


confusion_matrix = 
172751	 3692	 
5	 39616	 




