loading  /home/jasencakova/dataset/cells/priamy_kanal/sim_2xKSin1_DE_hct15_seed4_rigid31_7/rbc0_sim_2xKSin1_DE_hct15_seed4_rigid31_7.dat
shape =  (8, 603)
603
loading  /home/jasencakova/dataset/cells/priamy_kanal/sim_2xKSin1_DE_hct15_seed4_rigid31_7/rbc1_sim_2xKSin1_DE_hct15_seed4_rigid31_7.dat
shape =  (8, 603)
603
loading  /home/jasencakova/dataset/cells/priamy_kanal/sim_2xKSin1_DE_hct15_seed4_rigid31_7/rbc2_sim_2xKSin1_DE_hct15_seed4_rigid31_7.dat
shape =  (8, 603)
603
loading  /home/jasencakova/dataset/cells/priamy_kanal/sim_2xKSin1_DE_hct15_seed4_rigid31_7/rbc3_sim_2xKSin1_DE_hct15_seed4_rigid31_7.dat
shape =  (8, 603)
603
loading  /home/jasencakova/dataset/cells/priamy_kanal/sim_2xKSin1_DE_hct15_seed4_rigid31_7/rbc4_sim_2xKSin1_DE_hct15_seed4_rigid31_7.dat
shape =  (8, 603)
603
loading  /home/jasencakova/dataset/cells/priamy_kanal/sim_2xKSin1_DE_hct15_seed4_rigid31_7/rbc5_sim_2xKSin1_DE_hct15_seed4_rigid31_7.dat
shape =  (8, 603)
603
loading  /home/jasencakova/dataset/cells/priamy_kanal/sim_2xKSin1_DE_hct15_seed4_rigid31_7/rbc6_sim_2xKSin1_DE_hct15_seed4_rigid31_7.dat
shape =  (8, 603)
603
loading  /home/jasencakova/dataset/cells/priamy_kanal/sim_2xKSin1_DE_hct15_seed4_rigid31_7/rbc7_sim_2xKSin1_DE_hct15_seed4_rigid31_7.dat
shape =  (8, 603)
603
loading  /home/jasencakova/dataset/cells/priamy_kanal/sim_2xKSin1_DE_hct15_seed4_rigid31_7/rbc8_sim_2xKSin1_DE_hct15_seed4_rigid31_7.dat
shape =  (8, 603)
603
loading  /home/jasencakova/dataset/cells/priamy_kanal/sim_2xKSin1_DE_hct15_seed4_rigid31_7/rbc9_sim_2xKSin1_DE_hct15_seed4_rigid31_7.dat
shape =  (8, 603)
603
loading  /home/jasencakova/dataset/cells/priamy_kanal/sim_2xKSin1_DE_hct15_seed4_rigid31_7/rbc10_sim_2xKSin1_DE_hct15_seed4_rigid31_7.dat
shape =  (8, 603)
603
loading  /home/jasencakova/dataset/cells/priamy_kanal/sim_2xKSin1_DE_hct15_seed4_rigid31_7/rbc11_sim_2xKSin1_DE_hct15_seed4_rigid31_7.dat
shape =  (8, 603)
603
loading  /home/jasencakova/dataset/cells/priamy_kanal/sim_2xKSin1_DE_hct15_seed4_rigid31_7/rbc12_sim_2xKSin1_DE_hct15_seed4_rigid31_7.dat
shape =  (8, 603)
603
loading  /home/jasencakova/dataset/cells/priamy_kanal/sim_2xKSin1_DE_hct15_seed4_rigid31_7/rbc13_sim_2xKSin1_DE_hct15_seed4_rigid31_7.dat
shape =  (8, 603)
603
loading  /home/jasencakova/dataset/cells/priamy_kanal/sim_2xKSin1_DE_hct15_seed4_rigid31_7/rbc14_sim_2xKSin1_DE_hct15_seed4_rigid31_7.dat
shape =  (8, 603)
603
loading  /home/jasencakova/dataset/cells/priamy_kanal/sim_2xKSin1_DE_hct15_seed4_rigid31_7/rbc15_sim_2xKSin1_DE_hct15_seed4_rigid31_7.dat
shape =  (8, 603)
603
loading  /home/jasencakova/dataset/cells/priamy_kanal/sim_2xKSin1_DE_hct15_seed4_rigid31_7/rbc16_sim_2xKSin1_DE_hct15_seed4_rigid31_7.dat
shape =  (8, 603)
603
loading  /home/jasencakova/dataset/cells/priamy_kanal/sim_2xKSin1_DE_hct15_seed4_rigid31_7/rbc17_sim_2xKSin1_DE_hct15_seed4_rigid31_7.dat
shape =  (8, 603)
603
loading  /home/jasencakova/dataset/cells/priamy_kanal/sim_2xKSin1_DE_hct15_seed4_rigid31_7/rbc18_sim_2xKSin1_DE_hct15_seed4_rigid31_7.dat
shape =  (8, 603)
603
loading  /home/jasencakova/dataset/cells/priamy_kanal/sim_2xKSin1_DE_hct15_seed4_rigid31_7/rbc19_sim_2xKSin1_DE_hct15_seed4_rigid31_7.dat
shape =  (8, 603)
603
loading  /home/jasencakova/dataset/cells/priamy_kanal/sim_2xKSin1_DE_hct15_seed4_rigid31_7/rbc20_sim_2xKSin1_DE_hct15_seed4_rigid31_7.dat
shape =  (8, 603)
603
loading  /home/jasencakova/dataset/cells/priamy_kanal/sim_2xKSin1_DE_hct15_seed4_rigid31_7/rbc21_sim_2xKSin1_DE_hct15_seed4_rigid31_7.dat
shape =  (8, 603)
603
loading  /home/jasencakova/dataset/cells/priamy_kanal/sim_2xKSin1_DE_hct15_seed4_rigid31_7/rbc22_sim_2xKSin1_DE_hct15_seed4_rigid31_7.dat
shape =  (8, 603)
603
loading  /home/jasencakova/dataset/cells/priamy_kanal/sim_2xKSin1_DE_hct15_seed4_rigid31_7/rbc23_sim_2xKSin1_DE_hct15_seed4_rigid31_7.dat
shape =  (8, 603)
603
loading  /home/jasencakova/dataset/cells/priamy_kanal/sim_2xKSin1_DE_hct15_seed4_rigid31_7/rbc24_sim_2xKSin1_DE_hct15_seed4_rigid31_7.dat
shape =  (8, 603)
603
loading  /home/jasencakova/dataset/cells/priamy_kanal/sim_2xKSin1_DE_hct15_seed4_rigid31_7/rbc25_sim_2xKSin1_DE_hct15_seed4_rigid31_7.dat
shape =  (8, 603)
603
loading  /home/jasencakova/dataset/cells/priamy_kanal/sim_2xKSin1_DE_hct15_seed4_rigid31_7/rbc26_sim_2xKSin1_DE_hct15_seed4_rigid31_7.dat
shape =  (8, 603)
603
loading  /home/jasencakova/dataset/cells/priamy_kanal/sim_2xKSin1_DE_hct15_seed4_rigid31_7/rbc27_sim_2xKSin1_DE_hct15_seed4_rigid31_7.dat
shape =  (8, 603)
603
loading  /home/jasencakova/dataset/cells/priamy_kanal/sim_2xKSin1_DE_hct15_seed4_rigid31_7/rbc28_sim_2xKSin1_DE_hct15_seed4_rigid31_7.dat
shape =  (8, 603)
603
loading  /home/jasencakova/dataset/cells/priamy_kanal/sim_2xKSin1_DE_hct15_seed4_rigid31_7/rbc29_sim_2xKSin1_DE_hct15_seed4_rigid31_7.dat
shape =  (8, 603)
603
loading  /home/jasencakova/dataset/cells/priamy_kanal/sim_2xKSin1_DE_hct15_seed4_rigid31_7/rbc30_sim_2xKSin1_DE_hct15_seed4_rigid31_7.dat
shape =  (8, 603)
603
loading  /home/jasencakova/dataset/cells/priamy_kanal/sim_2xKSin1_DE_hct15_seed4_rigid31_7/rbc31_sim_2xKSin1_DE_hct15_seed4_rigid31_7.dat
shape =  (8, 603)
603
loading  /home/jasencakova/dataset/cells/priamy_kanal/sim_2xKSin1_DE_hct15_seed4_rigid31_7/rbc32_sim_2xKSin1_DE_hct15_seed4_rigid31_7.dat
shape =  (8, 603)
603
loading  /home/jasencakova/dataset/cells/priamy_kanal/sim_2xKSin1_DE_hct15_seed4_rigid31_7/rbc33_sim_2xKSin1_DE_hct15_seed4_rigid31_7.dat
shape =  (8, 603)
603
loading  /home/jasencakova/dataset/cells/priamy_kanal/sim_2xKSin1_DE_hct15_seed4_rigid31_7/rbc34_sim_2xKSin1_DE_hct15_seed4_rigid31_7.dat
shape =  (8, 603)
603
loading  /home/jasencakova/dataset/cells/priamy_kanal/sim_2xKSin1_DE_hct15_seed4_rigid31_7/rbc35_sim_2xKSin1_DE_hct15_seed4_rigid31_7.dat
shape =  (8, 603)
603
loading  /home/jasencakova/dataset/cells/priamy_kanal/sim_2xKSin1_DE_hct15_seed4_rigid31_7/rbc36_sim_2xKSin1_DE_hct15_seed4_rigid31_7.dat
shape =  (8, 603)
603
loading  /home/jasencakova/dataset/cells/priamy_kanal/sim_2xKSin1_DE_hct15_seed4_rigid31_7/rbc37_sim_2xKSin1_DE_hct15_seed4_rigid31_7.dat
shape =  (8, 603)
603
loading  /home/jasencakova/dataset/cells/priamy_kanal/sim_2xKSin1_DE_hct15_seed4_rigid31_7/rbc38_sim_2xKSin1_DE_hct15_seed4_rigid31_7.dat
shape =  (8, 603)
603
loading  /home/jasencakova/dataset/cells/priamy_kanal/sim_2xKSin1_DE_hct15_seed4_rigid31_7/rbc39_sim_2xKSin1_DE_hct15_seed4_rigid31_7.dat
shape =  (8, 603)
603
loading  /home/jasencakova/dataset/cells/priamy_kanal/sim_2xKSin1_DE_hct15_seed4_rigid31_7/rbc40_sim_2xKSin1_DE_hct15_seed4_rigid31_7.dat
shape =  (8, 603)
603
loading  /home/jasencakova/dataset/cells/priamy_kanal/sim_2xKSin1_DE_hct15_seed4_rigid31_7/rbc41_sim_2xKSin1_DE_hct15_seed4_rigid31_7.dat
shape =  (8, 603)
603
loading  /home/jasencakova/dataset/cells/priamy_kanal/sim_2xKSin1_DE_hct15_seed4_rigid31_7/rbc42_sim_2xKSin1_DE_hct15_seed4_rigid31_7.dat
shape =  (8, 603)
603
loading  /home/jasencakova/dataset/cells/priamy_kanal/sim_2xKSin1_DE_hct15_seed4_rigid31_7/rbc43_sim_2xKSin1_DE_hct15_seed4_rigid31_7.dat
shape =  (8, 603)
603
loading  /home/jasencakova/dataset/cells/priamy_kanal/sim_2xKSin1_DE_hct15_seed4_rigid31_7/rbc44_sim_2xKSin1_DE_hct15_seed4_rigid31_7.dat
shape =  (8, 603)
603
loading  /home/jasencakova/dataset/cells/priamy_kanal/sim_2xKSin1_DE_hct15_seed4_rigid31_7/rbc45_sim_2xKSin1_DE_hct15_seed4_rigid31_7.dat
shape =  (8, 603)
603
loading  /home/jasencakova/dataset/cells/priamy_kanal/sim_2xKSin1_DE_hct15_seed4_rigid31_7/rbc46_sim_2xKSin1_DE_hct15_seed4_rigid31_7.dat
shape =  (8, 603)
603
loading  /home/jasencakova/dataset/cells/priamy_kanal/sim_2xKSin1_DE_hct15_seed4_rigid31_7/rbc47_sim_2xKSin1_DE_hct15_seed4_rigid31_7.dat
shape =  (8, 603)
603
loading  /home/jasencakova/dataset/cells/priamy_kanal/sim_2xKSin1_DE_hct15_seed4_rigid31_7/rbc48_sim_2xKSin1_DE_hct15_seed4_rigid31_7.dat
shape =  (8, 603)
603
loading  /home/jasencakova/dataset/cells/priamy_kanal/sim_2xKSin1_DE_hct15_seed4_rigid31_7/rbc49_sim_2xKSin1_DE_hct15_seed4_rigid31_7.dat
shape =  (8, 603)
603
loading  /home/jasencakova/dataset/cells/priamy_kanal/sim_2xKSin1_DE_hct15_seed4_rigid31_7/rbc50_sim_2xKSin1_DE_hct15_seed4_rigid31_7.dat
shape =  (8, 603)
603
loading  /home/jasencakova/dataset/cells/priamy_kanal/sim_2xKSin1_DE_hct15_seed4_rigid31_7/rbc51_sim_2xKSin1_DE_hct15_seed4_rigid31_7.dat
shape =  (8, 603)
603
loading  /home/jasencakova/dataset/cells/priamy_kanal/sim_2xKSin1_DE_hct15_seed4_rigid31_7/rbc52_sim_2xKSin1_DE_hct15_seed4_rigid31_7.dat
shape =  (8, 603)
603
loading  /home/jasencakova/dataset/cells/priamy_kanal/sim_2xKSin1_DE_hct15_seed4_rigid31_7/rbc53_sim_2xKSin1_DE_hct15_seed4_rigid31_7.dat
shape =  (8, 603)
603
loading  /home/jasencakova/dataset/cells/priamy_kanal/sim_2xKSin1_DE_hct15_seed4_rigid31_7/rbc54_sim_2xKSin1_DE_hct15_seed4_rigid31_7.dat
shape =  (8, 603)
603
loading  /home/jasencakova/dataset/cells/priamy_kanal/sim_2xKSin1_DE_hct15_seed4_rigid31_7/rbc55_sim_2xKSin1_DE_hct15_seed4_rigid31_7.dat
shape =  (8, 603)
603
loading  /home/jasencakova/dataset/cells/priamy_kanal/sim_2xKSin1_DE_hct15_seed4_rigid31_7/rbc56_sim_2xKSin1_DE_hct15_seed4_rigid31_7.dat
shape =  (8, 603)
603
loading  /home/jasencakova/dataset/cells/priamy_kanal/sim_2xKSin1_DE_hct15_seed4_rigid31_7/rbc57_sim_2xKSin1_DE_hct15_seed4_rigid31_7.dat
shape =  (8, 603)
603
loading  /home/jasencakova/dataset/cells/priamy_kanal/sim_2xKSin1_DE_hct15_seed4_rigid31_7/rbc58_sim_2xKSin1_DE_hct15_seed4_rigid31_7.dat
shape =  (8, 603)
603
loading  /home/jasencakova/dataset/cells/priamy_kanal/sim_2xKSin1_DE_hct15_seed4_rigid31_7/rbc59_sim_2xKSin1_DE_hct15_seed4_rigid31_7.dat
shape =  (8, 603)
603
loading  /home/jasencakova/dataset/cells/priamy_kanal/sim_2xKSin1_DE_hct15_seed4_rigid31_7/rbc60_sim_2xKSin1_DE_hct15_seed4_rigid31_7.dat
shape =  (8, 603)
603
loading  /home/jasencakova/dataset/cells/priamy_kanal/sim_2xKSin1_DE_hct15_seed4_rigid31_7/rbc61_sim_2xKSin1_DE_hct15_seed4_rigid31_7.dat
shape =  (8, 603)
603
loading  /home/jasencakova/dataset/cells/priamy_kanal/sim_2xKSin1_DE_hct15_seed4_rigid31_7/rbc62_sim_2xKSin1_DE_hct15_seed4_rigid31_7.dat
shape =  (8, 603)
603
loading  /home/jasencakova/dataset/cells/priamy_kanal/sim_2xKSin1_DE_hct15_seed4_rigid31_7/rbc63_sim_2xKSin1_DE_hct15_seed4_rigid31_7.dat
shape =  (8, 603)
603
loading  /home/jasencakova/dataset/cells/priamy_kanal/sim_2xKSin1_DE_hct15_seed4_rigid31_7/rbc64_sim_2xKSin1_DE_hct15_seed4_rigid31_7.dat
shape =  (8, 603)
603
loading  /home/jasencakova/dataset/cells/priamy_kanal/sim_2xKSin1_DE_hct15_seed4_rigid31_7/rbc65_sim_2xKSin1_DE_hct15_seed4_rigid31_7.dat
shape =  (8, 603)
603
loading  /home/jasencakova/dataset/cells/priamy_kanal/sim_2xKSin1_DE_hct15_seed4_rigid31_7/rbc66_sim_2xKSin1_DE_hct15_seed4_rigid31_7.dat
shape =  (8, 603)
603
loading  /home/jasencakova/dataset/cells/priamy_kanal/sim_2xKSin1_DE_hct15_seed4_rigid31_7/rbc67_sim_2xKSin1_DE_hct15_seed4_rigid31_7.dat
shape =  (8, 603)
603
loading  /home/jasencakova/dataset/cells/priamy_kanal/sim_2xKSin1_DE_hct15_seed4_rigid31_7/rbc68_sim_2xKSin1_DE_hct15_seed4_rigid31_7.dat
shape =  (8, 603)
603
loading  /home/jasencakova/dataset/cells/priamy_kanal/sim_2xKSin1_DE_hct15_seed4_rigid31_7/rbc69_sim_2xKSin1_DE_hct15_seed4_rigid31_7.dat
shape =  (8, 603)
603
loading  /home/jasencakova/dataset/cells/priamy_kanal/sim_2xKSin1_DE_hct15_seed4_rigid31_7/rbc70_sim_2xKSin1_DE_hct15_seed4_rigid31_7.dat
shape =  (8, 603)
603
loading  /home/jasencakova/dataset/cells/priamy_kanal/sim_2xKSin1_DE_hct15_seed4_rigid31_7/rbc71_sim_2xKSin1_DE_hct15_seed4_rigid31_7.dat
shape =  (8, 603)
603
loading  /home/jasencakova/dataset/cells/priamy_kanal/sim_2xKSin1_DE_hct15_seed4_rigid31_7/rbc72_sim_2xKSin1_DE_hct15_seed4_rigid31_7.dat
shape =  (8, 603)
603
loading  /home/jasencakova/dataset/cells/priamy_kanal/sim_2xKSin1_DE_hct15_seed4_rigid31_7/rbc73_sim_2xKSin1_DE_hct15_seed4_rigid31_7.dat
shape =  (8, 603)
603
loading  /home/jasencakova/dataset/cells/priamy_kanal/sim_2xKSin1_DE_hct15_seed4_rigid31_7/rbc74_sim_2xKSin1_DE_hct15_seed4_rigid31_7.dat
shape =  (8, 603)
603
loading  /home/jasencakova/dataset/cells/priamy_kanal/sim_2xKSin1_DE_hct15_seed4_rigid31_7/rbc75_sim_2xKSin1_DE_hct15_seed4_rigid31_7.dat
shape =  (8, 603)
603
loading  /home/jasencakova/dataset/cells/priamy_kanal/sim_2xKSin1_DE_hct15_seed4_rigid31_7/rbc76_sim_2xKSin1_DE_hct15_seed4_rigid31_7.dat
shape =  (8, 603)
603
loading  /home/jasencakova/dataset/cells/priamy_kanal/sim_2xKSin1_DE_hct15_seed4_rigid31_7/rbc77_sim_2xKSin1_DE_hct15_seed4_rigid31_7.dat
shape =  (8, 603)
603
loading  /home/jasencakova/dataset/cells/priamy_kanal/sim_2xKSin1_DE_hct15_seed4_rigid31_7/rbc78_sim_2xKSin1_DE_hct15_seed4_rigid31_7.dat
shape =  (8, 603)
603
loading  /home/jasencakova/dataset/cells/priamy_kanal/sim_2xKSin1_DE_hct15_seed4_rigid31_7/rbc79_sim_2xKSin1_DE_hct15_seed4_rigid31_7.dat
shape =  (8, 603)
603
loading  /home/jasencakova/dataset/cells/priamy_kanal/sim_2xKSin1_DE_hct15_seed4_rigid31_7/rbc80_sim_2xKSin1_DE_hct15_seed4_rigid31_7.dat
shape =  (8, 603)
603
loading  /home/jasencakova/dataset/cells/priamy_kanal/sim_2xKSin1_DE_hct15_seed4_rigid31_7/rbc81_sim_2xKSin1_DE_hct15_seed4_rigid31_7.dat
shape =  (8, 603)
603
loading  /home/jasencakova/dataset/cells/priamy_kanal/sim_2xKSin1_DE_hct15_seed4_rigid31_7/rbc82_sim_2xKSin1_DE_hct15_seed4_rigid31_7.dat
shape =  (8, 603)
603
loading  /home/jasencakova/dataset/cells/priamy_kanal/sim_2xKSin1_DE_hct15_seed4_rigid31_7/rbc83_sim_2xKSin1_DE_hct15_seed4_rigid31_7.dat
shape =  (8, 603)
603
loading  /home/jasencakova/dataset/cells/priamy_kanal/sim_2xKSin1_DE_hct15_seed4_rigid31_7/rbc84_sim_2xKSin1_DE_hct15_seed4_rigid31_7.dat
shape =  (8, 603)
603
loading  /home/jasencakova/dataset/cells/priamy_kanal/sim_2xKSin1_DE_hct15_seed4_rigid31_7/rbc85_sim_2xKSin1_DE_hct15_seed4_rigid31_7.dat
shape =  (8, 603)
603
loading  /home/jasencakova/dataset/cells/priamy_kanal/sim_2xKSin1_DE_hct15_seed4_rigid31_7/rbc86_sim_2xKSin1_DE_hct15_seed4_rigid31_7.dat
shape =  (8, 603)
603
loading  /home/jasencakova/dataset/cells/priamy_kanal/sim_2xKSin1_DE_hct15_seed4_rigid31_7/rbc87_sim_2xKSin1_DE_hct15_seed4_rigid31_7.dat
shape =  (8, 603)
603
loading  /home/jasencakova/dataset/cells/priamy_kanal/sim_2xKSin1_DE_hct15_seed4_rigid31_7/rbc88_sim_2xKSin1_DE_hct15_seed4_rigid31_7.dat
shape =  (8, 603)
603
loading  /home/jasencakova/dataset/cells/priamy_kanal/sim_2xKSin1_DE_hct15_seed4_rigid31_7/rbc89_sim_2xKSin1_DE_hct15_seed4_rigid31_7.dat
shape =  (8, 603)
603
loading  /home/jasencakova/dataset/cells/priamy_kanal/sim_2xKSin1_DE_hct15_seed4_rigid31_7/rbc90_sim_2xKSin1_DE_hct15_seed4_rigid31_7.dat
shape =  (8, 603)
603
loading  /home/jasencakova/dataset/cells/priamy_kanal/sim_2xKSin1_DE_hct15_seed4_rigid31_7/rbc91_sim_2xKSin1_DE_hct15_seed4_rigid31_7.dat
shape =  (8, 603)
603
loading  /home/jasencakova/dataset/cells/priamy_kanal/sim_2xKSin1_DE_hct15_seed4_rigid31_7/rbc92_sim_2xKSin1_DE_hct15_seed4_rigid31_7.dat
shape =  (8, 603)
603
loading  /home/jasencakova/dataset/cells/priamy_kanal/sim_2xKSin1_DE_hct15_seed4_rigid31_7/rbc93_sim_2xKSin1_DE_hct15_seed4_rigid31_7.dat
shape =  (8, 603)
603
loading  /home/jasencakova/dataset/cells/priamy_kanal/sim_2xKSin1_DE_hct15_seed4_rigid31_7/rbc94_sim_2xKSin1_DE_hct15_seed4_rigid31_7.dat
shape =  (8, 603)
603
loading  /home/jasencakova/dataset/cells/priamy_kanal/sim_2xKSin1_DE_hct15_seed4_rigid31_7/rbc95_sim_2xKSin1_DE_hct15_seed4_rigid31_7.dat
shape =  (8, 603)
603
loading  /home/jasencakova/dataset/cells/priamy_kanal/sim_2xKSin1_DE_hct15_seed4_rigid31_7/rbc96_sim_2xKSin1_DE_hct15_seed4_rigid31_7.dat
shape =  (8, 603)
603
loading  /home/jasencakova/dataset/cells/priamy_kanal/sim_2xKSin1_DE_hct15_seed4_rigid31_7/rbc97_sim_2xKSin1_DE_hct15_seed4_rigid31_7.dat
shape =  (8, 603)
603
loading  /home/jasencakova/dataset/cells/priamy_kanal/sim_2xKSin1_DE_hct15_seed4_rigid31_7/rbc98_sim_2xKSin1_DE_hct15_seed4_rigid31_7.dat
shape =  (8, 603)
603
loading  /home/jasencakova/dataset/cells/priamy_kanal/sim_2xKSin1_DE_hct15_seed4_rigid31_7/rbc99_sim_2xKSin1_DE_hct15_seed4_rigid31_7.dat
shape =  (8, 603)
603
loading  /home/jasencakova/dataset/cells/priamy_kanal/sim_2xKSin1_DE_hct15_seed4_rigid31_7/rbc100_sim_2xKSin1_DE_hct15_seed4_rigid31_7.dat
shape =  (8, 603)
603
loading  /home/jasencakova/dataset/cells/priamy_kanal/sim_2xKSin1_DE_hct15_seed4_rigid31_7/rbc101_sim_2xKSin1_DE_hct15_seed4_rigid31_7.dat
shape =  (8, 603)
603
loading  /home/jasencakova/dataset/cells/priamy_kanal/sim_2xKSin1_DE_hct15_seed4_rigid31_7/rbc102_sim_2xKSin1_DE_hct15_seed4_rigid31_7.dat
shape =  (8, 603)
603
loading  /home/jasencakova/dataset/cells/priamy_kanal/sim_2xKSin1_DE_hct15_seed4_rigid31_7/rbc103_sim_2xKSin1_DE_hct15_seed4_rigid31_7.dat
shape =  (8, 603)
603
loading  /home/jasencakova/dataset/cells/priamy_kanal/sim_2xKSin1_DE_hct15_seed4_rigid31_7/rbc104_sim_2xKSin1_DE_hct15_seed4_rigid31_7.dat
shape =  (8, 603)
603
loading  /home/jasencakova/dataset/cells/priamy_kanal/sim_2xKSin1_DE_hct15_seed4_rigid31_7/rbc105_sim_2xKSin1_DE_hct15_seed4_rigid31_7.dat
shape =  (8, 603)
603
loading  /home/jasencakova/dataset/cells/priamy_kanal/sim_2xKSin1_DE_hct15_seed4_rigid31_7/rbc106_sim_2xKSin1_DE_hct15_seed4_rigid31_7.dat
shape =  (8, 603)
603
loading  /home/jasencakova/dataset/cells/priamy_kanal/sim_2xKSin1_DE_hct15_seed4_rigid31_7/rbc107_sim_2xKSin1_DE_hct15_seed4_rigid31_7.dat
shape =  (8, 603)
603
loading  /home/jasencakova/dataset/cells/priamy_kanal/sim_2xKSin1_DE_hct15_seed4_rigid31_7/rbc108_sim_2xKSin1_DE_hct15_seed4_rigid31_7.dat
shape =  (8, 603)
603
loading  /home/jasencakova/dataset/cells/priamy_kanal/sim_2xKSin1_DE_hct15_seed4_rigid31_7/rbc109_sim_2xKSin1_DE_hct15_seed4_rigid31_7.dat
shape =  (8, 603)
603
loading  /home/jasencakova/dataset/cells/priamy_kanal/sim_2xKSin1_DE_hct15_seed4_rigid31_7/rbc110_sim_2xKSin1_DE_hct15_seed4_rigid31_7.dat
shape =  (8, 603)
603
loading  /home/jasencakova/dataset/cells/priamy_kanal/sim_2xKSin1_DE_hct15_seed4_rigid31_7/rbc111_sim_2xKSin1_DE_hct15_seed4_rigid31_7.dat
shape =  (8, 603)
603
loading  /home/jasencakova/dataset/cells/priamy_kanal/sim_2xKSin1_DE_hct15_seed4_rigid31_7/rbc112_sim_2xKSin1_DE_hct15_seed4_rigid31_7.dat
shape =  (8, 603)
603
loading  /home/jasencakova/dataset/cells/priamy_kanal/sim_2xKSin1_DE_hct15_seed4_rigid31_7/rbc113_sim_2xKSin1_DE_hct15_seed4_rigid31_7.dat
shape =  (8, 603)
603
loading  /home/jasencakova/dataset/cells/priamy_kanal/sim_2xKSin1_DE_hct15_seed4_rigid31_7/rbc114_sim_2xKSin1_DE_hct15_seed4_rigid31_7.dat
shape =  (8, 603)
603
loading  /home/jasencakova/dataset/cells/priamy_kanal/sim_2xKSin1_DE_hct15_seed4_rigid31_7/rbc115_sim_2xKSin1_DE_hct15_seed4_rigid31_7.dat
shape =  (8, 603)
603
loading  /home/jasencakova/dataset/cells/priamy_kanal/sim_2xKSin1_DE_hct15_seed4_rigid31_7/rbc116_sim_2xKSin1_DE_hct15_seed4_rigid31_7.dat
shape =  (8, 603)
603
loading  /home/jasencakova/dataset/cells/priamy_kanal/sim_2xKSin1_DE_hct15_seed4_rigid31_7/rbc117_sim_2xKSin1_DE_hct15_seed4_rigid31_7.dat
shape =  (8, 603)
603
loading  /home/jasencakova/dataset/cells/priamy_kanal/sim_2xKSin1_DE_hct15_seed4_rigid31_7/rbc118_sim_2xKSin1_DE_hct15_seed4_rigid31_7.dat
shape =  (8, 603)
603
loading  /home/jasencakova/dataset/cells/priamy_kanal/sim_2xKSin1_DE_hct15_seed4_rigid31_7/rbc119_sim_2xKSin1_DE_hct15_seed4_rigid31_7.dat
shape =  (8, 603)
603
loading  /home/jasencakova/dataset/cells/priamy_kanal/sim_2xKSin1_DE_hct15_seed4_rigid31_7/rbc120_sim_2xKSin1_DE_hct15_seed4_rigid31_7.dat
shape =  (8, 603)
603
loading  /home/jasencakova/dataset/cells/priamy_kanal/sim_2xKSin1_DE_hct15_seed4_rigid31_7/rbc121_sim_2xKSin1_DE_hct15_seed4_rigid31_7.dat
shape =  (8, 603)
603
loading  /home/jasencakova/dataset/cells/priamy_kanal/sim_2xKSin1_DE_hct15_seed4_rigid31_7/rbc122_sim_2xKSin1_DE_hct15_seed4_rigid31_7.dat
shape =  (8, 603)
603
loading  /home/jasencakova/dataset/cells/priamy_kanal/sim_2xKSin1_DE_hct15_seed4_rigid31_7/rbc123_sim_2xKSin1_DE_hct15_seed4_rigid31_7.dat
shape =  (8, 603)
603
loading  /home/jasencakova/dataset/cells/priamy_kanal/sim_2xKSin1_DE_hct15_seed4_rigid31_7/rbc124_sim_2xKSin1_DE_hct15_seed4_rigid31_7.dat
shape =  (8, 603)
603
loading  /home/jasencakova/dataset/cells/priamy_kanal/sim_2xKSin1_DE_hct15_seed4_rigid31_7/rbc125_sim_2xKSin1_DE_hct15_seed4_rigid31_7.dat
shape =  (8, 603)
603
loading  /home/jasencakova/dataset/cells/priamy_kanal/sim_2xKSin1_DE_hct15_seed4_rigid31_7/rbc126_sim_2xKSin1_DE_hct15_seed4_rigid31_7.dat
shape =  (8, 603)
603
loading  /home/jasencakova/dataset/cells/priamy_kanal/sim_2xKSin1_DE_hct15_seed4_rigid31_7/rbc127_sim_2xKSin1_DE_hct15_seed4_rigid31_7.dat
shape =  (8, 603)
603
loading  /home/jasencakova/dataset/cells/priamy_kanal/sim_2xKSin1_DE_hct15_seed4_rigid31_7/rbc128_sim_2xKSin1_DE_hct15_seed4_rigid31_7.dat
shape =  (8, 603)
603
loading  /home/jasencakova/dataset/cells/priamy_kanal/sim_2xKSin1_DE_hct15_seed4_rigid31_7/rbc129_sim_2xKSin1_DE_hct15_seed4_rigid31_7.dat
shape =  (8, 603)
603
loading  /home/jasencakova/dataset/cells/priamy_kanal/sim_2xKSin1_DE_hct15_seed4_rigid31_7/rbc130_sim_2xKSin1_DE_hct15_seed4_rigid31_7.dat
shape =  (8, 603)
603
loading  /home/jasencakova/dataset/cells/priamy_kanal/sim_2xKSin1_DE_hct15_seed4_rigid31_7/rbc131_sim_2xKSin1_DE_hct15_seed4_rigid31_7.dat
shape =  (8, 603)
603
loading  /home/jasencakova/dataset/cells/priamy_kanal/sim_2xKSin1_DE_hct15_seed4_rigid31_7/rbc132_sim_2xKSin1_DE_hct15_seed4_rigid31_7.dat
shape =  (8, 603)
603
loading  /home/jasencakova/dataset/cells/priamy_kanal/sim_2xKSin1_DE_hct15_seed4_rigid31_7/rbc133_sim_2xKSin1_DE_hct15_seed4_rigid31_7.dat
shape =  (8, 603)
603
loading  /home/jasencakova/dataset/cells/priamy_kanal/sim_2xKSin1_DE_hct15_seed4_rigid31_7/rbc134_sim_2xKSin1_DE_hct15_seed4_rigid31_7.dat
shape =  (8, 603)
603
loading  /home/jasencakova/dataset/cells/priamy_kanal/sim_2xKSin1_DE_hct15_seed4_rigid31_7/rbc135_sim_2xKSin1_DE_hct15_seed4_rigid31_7.dat
shape =  (8, 603)
603
loading  /home/jasencakova/dataset/cells/priamy_kanal/sim_2xKSin1_DE_hct15_seed4_rigid31_7/rbc136_sim_2xKSin1_DE_hct15_seed4_rigid31_7.dat
shape =  (8, 603)
603
loading  /home/jasencakova/dataset/cells/priamy_kanal/sim_2xKSin1_DE_hct15_seed4_rigid31_7/rbc137_sim_2xKSin1_DE_hct15_seed4_rigid31_7.dat
shape =  (8, 603)
603
loading  /home/jasencakova/dataset/cells/priamy_kanal/sim_2xKSin1_DE_hct15_seed4_rigid31_7/rbc138_sim_2xKSin1_DE_hct15_seed4_rigid31_7.dat
shape =  (8, 603)
603
loading  /home/jasencakova/dataset/cells/priamy_kanal/sim_2xKSin1_DE_hct15_seed4_rigid31_7/rbc139_sim_2xKSin1_DE_hct15_seed4_rigid31_7.dat
shape =  (8, 603)
603
loading  /home/jasencakova/dataset/cells/priamy_kanal/sim_2xKSin1_DE_hct15_seed4_rigid31_7/rbc140_sim_2xKSin1_DE_hct15_seed4_rigid31_7.dat
shape =  (8, 603)
603
loading  /home/jasencakova/dataset/cells/priamy_kanal/sim_2xKSin1_DE_hct15_seed4_rigid31_7/rbc141_sim_2xKSin1_DE_hct15_seed4_rigid31_7.dat
shape =  (8, 603)
603
loading  /home/jasencakova/dataset/cells/priamy_kanal/sim_2xKSin1_DE_hct15_seed4_rigid31_7/rbc142_sim_2xKSin1_DE_hct15_seed4_rigid31_7.dat
shape =  (8, 603)
603
loading  /home/jasencakova/dataset/cells/priamy_kanal/sim_2xKSin1_DE_hct15_seed4_rigid31_7/rbc143_sim_2xKSin1_DE_hct15_seed4_rigid31_7.dat
shape =  (8, 603)
603
loading  /home/jasencakova/dataset/cells/priamy_kanal/sim_2xKSin1_DE_hct15_seed4_rigid31_7/rbc144_sim_2xKSin1_DE_hct15_seed4_rigid31_7.dat
shape =  (8, 603)
603
loading  /home/jasencakova/dataset/cells/priamy_kanal/sim_2xKSin1_DE_hct15_seed4_rigid31_7/rbc145_sim_2xKSin1_DE_hct15_seed4_rigid31_7.dat
shape =  (8, 603)
603
loading  /home/jasencakova/dataset/cells/priamy_kanal/sim_2xKSin1_DE_hct15_seed4_rigid31_7/rbc146_sim_2xKSin1_DE_hct15_seed4_rigid31_7.dat
shape =  (8, 603)
603
loading  /home/jasencakova/dataset/cells/priamy_kanal/sim_2xKSin1_DE_hct15_seed4_rigid31_7/rbc147_sim_2xKSin1_DE_hct15_seed4_rigid31_7.dat
shape =  (8, 603)
603
loading  /home/jasencakova/dataset/cells/priamy_kanal/sim_2xKSin1_DE_hct15_seed4_rigid31_7/rbc148_sim_2xKSin1_DE_hct15_seed4_rigid31_7.dat
shape =  (8, 603)
603
loading  /home/jasencakova/dataset/cells/priamy_kanal/sim_2xKSin1_DE_hct15_seed4_rigid31_7/rbc149_sim_2xKSin1_DE_hct15_seed4_rigid31_7.dat
shape =  (8, 603)
603
loading  /home/jasencakova/dataset/cells/priamy_kanal/sim_2xKSin1_DE_hct15_seed4_rigid31_7/rbc150_sim_2xKSin1_DE_hct15_seed4_rigid31_7.dat
shape =  (8, 603)
603
loading  /home/jasencakova/dataset/cells/priamy_kanal/sim_2xKSin1_DE_hct15_seed4_rigid31_7/rbc151_sim_2xKSin1_DE_hct15_seed4_rigid31_7.dat
shape =  (8, 603)
603
loading  /home/jasencakova/dataset/cells/priamy_kanal/sim_2xKSin1_DE_hct15_seed4_rigid31_7/rbc152_sim_2xKSin1_DE_hct15_seed4_rigid31_7.dat
shape =  (8, 603)
603
loading  /home/jasencakova/dataset/cells/priamy_kanal/sim_2xKSin1_DE_hct15_seed4_rigid31_7/rbc153_sim_2xKSin1_DE_hct15_seed4_rigid31_7.dat
shape =  (8, 603)
603
shortest_length =  603
data_shape      =  (154, 603, 8)



loading  /home/jasencakova/dataset/cells/priamy_kanal/sim_2xKSin1_DE_hct15_seed6_rigid31_1/rbc0_sim_2xKSin1_DE_hct15_seed6_rigid31_1.dat
shape =  (8, 945)
945
loading  /home/jasencakova/dataset/cells/priamy_kanal/sim_2xKSin1_DE_hct15_seed6_rigid31_1/rbc1_sim_2xKSin1_DE_hct15_seed6_rigid31_1.dat
shape =  (8, 945)
945
loading  /home/jasencakova/dataset/cells/priamy_kanal/sim_2xKSin1_DE_hct15_seed6_rigid31_1/rbc2_sim_2xKSin1_DE_hct15_seed6_rigid31_1.dat
shape =  (8, 945)
945
loading  /home/jasencakova/dataset/cells/priamy_kanal/sim_2xKSin1_DE_hct15_seed6_rigid31_1/rbc3_sim_2xKSin1_DE_hct15_seed6_rigid31_1.dat
shape =  (8, 945)
945
loading  /home/jasencakova/dataset/cells/priamy_kanal/sim_2xKSin1_DE_hct15_seed6_rigid31_1/rbc4_sim_2xKSin1_DE_hct15_seed6_rigid31_1.dat
shape =  (8, 945)
945
loading  /home/jasencakova/dataset/cells/priamy_kanal/sim_2xKSin1_DE_hct15_seed6_rigid31_1/rbc5_sim_2xKSin1_DE_hct15_seed6_rigid31_1.dat
shape =  (8, 945)
945
loading  /home/jasencakova/dataset/cells/priamy_kanal/sim_2xKSin1_DE_hct15_seed6_rigid31_1/rbc6_sim_2xKSin1_DE_hct15_seed6_rigid31_1.dat
shape =  (8, 945)
945
loading  /home/jasencakova/dataset/cells/priamy_kanal/sim_2xKSin1_DE_hct15_seed6_rigid31_1/rbc7_sim_2xKSin1_DE_hct15_seed6_rigid31_1.dat
shape =  (8, 945)
945
loading  /home/jasencakova/dataset/cells/priamy_kanal/sim_2xKSin1_DE_hct15_seed6_rigid31_1/rbc8_sim_2xKSin1_DE_hct15_seed6_rigid31_1.dat
shape =  (8, 945)
945
loading  /home/jasencakova/dataset/cells/priamy_kanal/sim_2xKSin1_DE_hct15_seed6_rigid31_1/rbc9_sim_2xKSin1_DE_hct15_seed6_rigid31_1.dat
shape =  (8, 945)
945
loading  /home/jasencakova/dataset/cells/priamy_kanal/sim_2xKSin1_DE_hct15_seed6_rigid31_1/rbc10_sim_2xKSin1_DE_hct15_seed6_rigid31_1.dat
shape =  (8, 945)
945
loading  /home/jasencakova/dataset/cells/priamy_kanal/sim_2xKSin1_DE_hct15_seed6_rigid31_1/rbc11_sim_2xKSin1_DE_hct15_seed6_rigid31_1.dat
shape =  (8, 945)
945
loading  /home/jasencakova/dataset/cells/priamy_kanal/sim_2xKSin1_DE_hct15_seed6_rigid31_1/rbc12_sim_2xKSin1_DE_hct15_seed6_rigid31_1.dat
shape =  (8, 945)
945
loading  /home/jasencakova/dataset/cells/priamy_kanal/sim_2xKSin1_DE_hct15_seed6_rigid31_1/rbc13_sim_2xKSin1_DE_hct15_seed6_rigid31_1.dat
shape =  (8, 945)
945
loading  /home/jasencakova/dataset/cells/priamy_kanal/sim_2xKSin1_DE_hct15_seed6_rigid31_1/rbc14_sim_2xKSin1_DE_hct15_seed6_rigid31_1.dat
shape =  (8, 945)
945
loading  /home/jasencakova/dataset/cells/priamy_kanal/sim_2xKSin1_DE_hct15_seed6_rigid31_1/rbc15_sim_2xKSin1_DE_hct15_seed6_rigid31_1.dat
shape =  (8, 945)
945
loading  /home/jasencakova/dataset/cells/priamy_kanal/sim_2xKSin1_DE_hct15_seed6_rigid31_1/rbc16_sim_2xKSin1_DE_hct15_seed6_rigid31_1.dat
shape =  (8, 945)
945
loading  /home/jasencakova/dataset/cells/priamy_kanal/sim_2xKSin1_DE_hct15_seed6_rigid31_1/rbc17_sim_2xKSin1_DE_hct15_seed6_rigid31_1.dat
shape =  (8, 945)
945
loading  /home/jasencakova/dataset/cells/priamy_kanal/sim_2xKSin1_DE_hct15_seed6_rigid31_1/rbc18_sim_2xKSin1_DE_hct15_seed6_rigid31_1.dat
shape =  (8, 945)
945
loading  /home/jasencakova/dataset/cells/priamy_kanal/sim_2xKSin1_DE_hct15_seed6_rigid31_1/rbc19_sim_2xKSin1_DE_hct15_seed6_rigid31_1.dat
shape =  (8, 945)
945
loading  /home/jasencakova/dataset/cells/priamy_kanal/sim_2xKSin1_DE_hct15_seed6_rigid31_1/rbc20_sim_2xKSin1_DE_hct15_seed6_rigid31_1.dat
shape =  (8, 945)
945
loading  /home/jasencakova/dataset/cells/priamy_kanal/sim_2xKSin1_DE_hct15_seed6_rigid31_1/rbc21_sim_2xKSin1_DE_hct15_seed6_rigid31_1.dat
shape =  (8, 945)
945
loading  /home/jasencakova/dataset/cells/priamy_kanal/sim_2xKSin1_DE_hct15_seed6_rigid31_1/rbc22_sim_2xKSin1_DE_hct15_seed6_rigid31_1.dat
shape =  (8, 945)
945
loading  /home/jasencakova/dataset/cells/priamy_kanal/sim_2xKSin1_DE_hct15_seed6_rigid31_1/rbc23_sim_2xKSin1_DE_hct15_seed6_rigid31_1.dat
shape =  (8, 945)
945
loading  /home/jasencakova/dataset/cells/priamy_kanal/sim_2xKSin1_DE_hct15_seed6_rigid31_1/rbc24_sim_2xKSin1_DE_hct15_seed6_rigid31_1.dat
shape =  (8, 945)
945
loading  /home/jasencakova/dataset/cells/priamy_kanal/sim_2xKSin1_DE_hct15_seed6_rigid31_1/rbc25_sim_2xKSin1_DE_hct15_seed6_rigid31_1.dat
shape =  (8, 945)
945
loading  /home/jasencakova/dataset/cells/priamy_kanal/sim_2xKSin1_DE_hct15_seed6_rigid31_1/rbc26_sim_2xKSin1_DE_hct15_seed6_rigid31_1.dat
shape =  (8, 945)
945
loading  /home/jasencakova/dataset/cells/priamy_kanal/sim_2xKSin1_DE_hct15_seed6_rigid31_1/rbc27_sim_2xKSin1_DE_hct15_seed6_rigid31_1.dat
shape =  (8, 945)
945
loading  /home/jasencakova/dataset/cells/priamy_kanal/sim_2xKSin1_DE_hct15_seed6_rigid31_1/rbc28_sim_2xKSin1_DE_hct15_seed6_rigid31_1.dat
shape =  (8, 945)
945
loading  /home/jasencakova/dataset/cells/priamy_kanal/sim_2xKSin1_DE_hct15_seed6_rigid31_1/rbc29_sim_2xKSin1_DE_hct15_seed6_rigid31_1.dat
shape =  (8, 945)
945
loading  /home/jasencakova/dataset/cells/priamy_kanal/sim_2xKSin1_DE_hct15_seed6_rigid31_1/rbc30_sim_2xKSin1_DE_hct15_seed6_rigid31_1.dat
shape =  (8, 945)
945
loading  /home/jasencakova/dataset/cells/priamy_kanal/sim_2xKSin1_DE_hct15_seed6_rigid31_1/rbc31_sim_2xKSin1_DE_hct15_seed6_rigid31_1.dat
shape =  (8, 945)
945
loading  /home/jasencakova/dataset/cells/priamy_kanal/sim_2xKSin1_DE_hct15_seed6_rigid31_1/rbc32_sim_2xKSin1_DE_hct15_seed6_rigid31_1.dat
shape =  (8, 945)
945
loading  /home/jasencakova/dataset/cells/priamy_kanal/sim_2xKSin1_DE_hct15_seed6_rigid31_1/rbc33_sim_2xKSin1_DE_hct15_seed6_rigid31_1.dat
shape =  (8, 945)
945
loading  /home/jasencakova/dataset/cells/priamy_kanal/sim_2xKSin1_DE_hct15_seed6_rigid31_1/rbc34_sim_2xKSin1_DE_hct15_seed6_rigid31_1.dat
shape =  (8, 945)
945
loading  /home/jasencakova/dataset/cells/priamy_kanal/sim_2xKSin1_DE_hct15_seed6_rigid31_1/rbc35_sim_2xKSin1_DE_hct15_seed6_rigid31_1.dat
shape =  (8, 945)
945
loading  /home/jasencakova/dataset/cells/priamy_kanal/sim_2xKSin1_DE_hct15_seed6_rigid31_1/rbc36_sim_2xKSin1_DE_hct15_seed6_rigid31_1.dat
shape =  (8, 945)
945
loading  /home/jasencakova/dataset/cells/priamy_kanal/sim_2xKSin1_DE_hct15_seed6_rigid31_1/rbc37_sim_2xKSin1_DE_hct15_seed6_rigid31_1.dat
shape =  (8, 945)
945
loading  /home/jasencakova/dataset/cells/priamy_kanal/sim_2xKSin1_DE_hct15_seed6_rigid31_1/rbc38_sim_2xKSin1_DE_hct15_seed6_rigid31_1.dat
shape =  (8, 945)
945
loading  /home/jasencakova/dataset/cells/priamy_kanal/sim_2xKSin1_DE_hct15_seed6_rigid31_1/rbc39_sim_2xKSin1_DE_hct15_seed6_rigid31_1.dat
shape =  (8, 945)
945
loading  /home/jasencakova/dataset/cells/priamy_kanal/sim_2xKSin1_DE_hct15_seed6_rigid31_1/rbc40_sim_2xKSin1_DE_hct15_seed6_rigid31_1.dat
shape =  (8, 945)
945
loading  /home/jasencakova/dataset/cells/priamy_kanal/sim_2xKSin1_DE_hct15_seed6_rigid31_1/rbc41_sim_2xKSin1_DE_hct15_seed6_rigid31_1.dat
shape =  (8, 945)
945
loading  /home/jasencakova/dataset/cells/priamy_kanal/sim_2xKSin1_DE_hct15_seed6_rigid31_1/rbc42_sim_2xKSin1_DE_hct15_seed6_rigid31_1.dat
shape =  (8, 945)
945
loading  /home/jasencakova/dataset/cells/priamy_kanal/sim_2xKSin1_DE_hct15_seed6_rigid31_1/rbc43_sim_2xKSin1_DE_hct15_seed6_rigid31_1.dat
shape =  (8, 945)
945
loading  /home/jasencakova/dataset/cells/priamy_kanal/sim_2xKSin1_DE_hct15_seed6_rigid31_1/rbc44_sim_2xKSin1_DE_hct15_seed6_rigid31_1.dat
shape =  (8, 945)
945
loading  /home/jasencakova/dataset/cells/priamy_kanal/sim_2xKSin1_DE_hct15_seed6_rigid31_1/rbc45_sim_2xKSin1_DE_hct15_seed6_rigid31_1.dat
shape =  (8, 945)
945
loading  /home/jasencakova/dataset/cells/priamy_kanal/sim_2xKSin1_DE_hct15_seed6_rigid31_1/rbc46_sim_2xKSin1_DE_hct15_seed6_rigid31_1.dat
shape =  (8, 945)
945
loading  /home/jasencakova/dataset/cells/priamy_kanal/sim_2xKSin1_DE_hct15_seed6_rigid31_1/rbc47_sim_2xKSin1_DE_hct15_seed6_rigid31_1.dat
shape =  (8, 945)
945
loading  /home/jasencakova/dataset/cells/priamy_kanal/sim_2xKSin1_DE_hct15_seed6_rigid31_1/rbc48_sim_2xKSin1_DE_hct15_seed6_rigid31_1.dat
shape =  (8, 945)
945
loading  /home/jasencakova/dataset/cells/priamy_kanal/sim_2xKSin1_DE_hct15_seed6_rigid31_1/rbc49_sim_2xKSin1_DE_hct15_seed6_rigid31_1.dat
shape =  (8, 945)
945
loading  /home/jasencakova/dataset/cells/priamy_kanal/sim_2xKSin1_DE_hct15_seed6_rigid31_1/rbc50_sim_2xKSin1_DE_hct15_seed6_rigid31_1.dat
shape =  (8, 945)
945
loading  /home/jasencakova/dataset/cells/priamy_kanal/sim_2xKSin1_DE_hct15_seed6_rigid31_1/rbc51_sim_2xKSin1_DE_hct15_seed6_rigid31_1.dat
shape =  (8, 945)
945
loading  /home/jasencakova/dataset/cells/priamy_kanal/sim_2xKSin1_DE_hct15_seed6_rigid31_1/rbc52_sim_2xKSin1_DE_hct15_seed6_rigid31_1.dat
shape =  (8, 945)
945
loading  /home/jasencakova/dataset/cells/priamy_kanal/sim_2xKSin1_DE_hct15_seed6_rigid31_1/rbc53_sim_2xKSin1_DE_hct15_seed6_rigid31_1.dat
shape =  (8, 945)
945
loading  /home/jasencakova/dataset/cells/priamy_kanal/sim_2xKSin1_DE_hct15_seed6_rigid31_1/rbc54_sim_2xKSin1_DE_hct15_seed6_rigid31_1.dat
shape =  (8, 945)
945
loading  /home/jasencakova/dataset/cells/priamy_kanal/sim_2xKSin1_DE_hct15_seed6_rigid31_1/rbc55_sim_2xKSin1_DE_hct15_seed6_rigid31_1.dat
shape =  (8, 945)
945
loading  /home/jasencakova/dataset/cells/priamy_kanal/sim_2xKSin1_DE_hct15_seed6_rigid31_1/rbc56_sim_2xKSin1_DE_hct15_seed6_rigid31_1.dat
shape =  (8, 945)
945
loading  /home/jasencakova/dataset/cells/priamy_kanal/sim_2xKSin1_DE_hct15_seed6_rigid31_1/rbc57_sim_2xKSin1_DE_hct15_seed6_rigid31_1.dat
shape =  (8, 945)
945
loading  /home/jasencakova/dataset/cells/priamy_kanal/sim_2xKSin1_DE_hct15_seed6_rigid31_1/rbc58_sim_2xKSin1_DE_hct15_seed6_rigid31_1.dat
shape =  (8, 945)
945
loading  /home/jasencakova/dataset/cells/priamy_kanal/sim_2xKSin1_DE_hct15_seed6_rigid31_1/rbc59_sim_2xKSin1_DE_hct15_seed6_rigid31_1.dat
shape =  (8, 945)
945
loading  /home/jasencakova/dataset/cells/priamy_kanal/sim_2xKSin1_DE_hct15_seed6_rigid31_1/rbc60_sim_2xKSin1_DE_hct15_seed6_rigid31_1.dat
shape =  (8, 945)
945
loading  /home/jasencakova/dataset/cells/priamy_kanal/sim_2xKSin1_DE_hct15_seed6_rigid31_1/rbc61_sim_2xKSin1_DE_hct15_seed6_rigid31_1.dat
shape =  (8, 945)
945
loading  /home/jasencakova/dataset/cells/priamy_kanal/sim_2xKSin1_DE_hct15_seed6_rigid31_1/rbc62_sim_2xKSin1_DE_hct15_seed6_rigid31_1.dat
shape =  (8, 945)
945
loading  /home/jasencakova/dataset/cells/priamy_kanal/sim_2xKSin1_DE_hct15_seed6_rigid31_1/rbc63_sim_2xKSin1_DE_hct15_seed6_rigid31_1.dat
shape =  (8, 945)
945
loading  /home/jasencakova/dataset/cells/priamy_kanal/sim_2xKSin1_DE_hct15_seed6_rigid31_1/rbc64_sim_2xKSin1_DE_hct15_seed6_rigid31_1.dat
shape =  (8, 945)
945
loading  /home/jasencakova/dataset/cells/priamy_kanal/sim_2xKSin1_DE_hct15_seed6_rigid31_1/rbc65_sim_2xKSin1_DE_hct15_seed6_rigid31_1.dat
shape =  (8, 945)
945
loading  /home/jasencakova/dataset/cells/priamy_kanal/sim_2xKSin1_DE_hct15_seed6_rigid31_1/rbc66_sim_2xKSin1_DE_hct15_seed6_rigid31_1.dat
shape =  (8, 945)
945
loading  /home/jasencakova/dataset/cells/priamy_kanal/sim_2xKSin1_DE_hct15_seed6_rigid31_1/rbc67_sim_2xKSin1_DE_hct15_seed6_rigid31_1.dat
shape =  (8, 945)
945
loading  /home/jasencakova/dataset/cells/priamy_kanal/sim_2xKSin1_DE_hct15_seed6_rigid31_1/rbc68_sim_2xKSin1_DE_hct15_seed6_rigid31_1.dat
shape =  (8, 945)
945
loading  /home/jasencakova/dataset/cells/priamy_kanal/sim_2xKSin1_DE_hct15_seed6_rigid31_1/rbc69_sim_2xKSin1_DE_hct15_seed6_rigid31_1.dat
shape =  (8, 945)
945
loading  /home/jasencakova/dataset/cells/priamy_kanal/sim_2xKSin1_DE_hct15_seed6_rigid31_1/rbc70_sim_2xKSin1_DE_hct15_seed6_rigid31_1.dat
shape =  (8, 945)
945
loading  /home/jasencakova/dataset/cells/priamy_kanal/sim_2xKSin1_DE_hct15_seed6_rigid31_1/rbc71_sim_2xKSin1_DE_hct15_seed6_rigid31_1.dat
shape =  (8, 945)
945
loading  /home/jasencakova/dataset/cells/priamy_kanal/sim_2xKSin1_DE_hct15_seed6_rigid31_1/rbc72_sim_2xKSin1_DE_hct15_seed6_rigid31_1.dat
shape =  (8, 945)
945
loading  /home/jasencakova/dataset/cells/priamy_kanal/sim_2xKSin1_DE_hct15_seed6_rigid31_1/rbc73_sim_2xKSin1_DE_hct15_seed6_rigid31_1.dat
shape =  (8, 945)
945
loading  /home/jasencakova/dataset/cells/priamy_kanal/sim_2xKSin1_DE_hct15_seed6_rigid31_1/rbc74_sim_2xKSin1_DE_hct15_seed6_rigid31_1.dat
shape =  (8, 945)
945
loading  /home/jasencakova/dataset/cells/priamy_kanal/sim_2xKSin1_DE_hct15_seed6_rigid31_1/rbc75_sim_2xKSin1_DE_hct15_seed6_rigid31_1.dat
shape =  (8, 945)
945
loading  /home/jasencakova/dataset/cells/priamy_kanal/sim_2xKSin1_DE_hct15_seed6_rigid31_1/rbc76_sim_2xKSin1_DE_hct15_seed6_rigid31_1.dat
shape =  (8, 945)
945
loading  /home/jasencakova/dataset/cells/priamy_kanal/sim_2xKSin1_DE_hct15_seed6_rigid31_1/rbc77_sim_2xKSin1_DE_hct15_seed6_rigid31_1.dat
shape =  (8, 945)
945
loading  /home/jasencakova/dataset/cells/priamy_kanal/sim_2xKSin1_DE_hct15_seed6_rigid31_1/rbc78_sim_2xKSin1_DE_hct15_seed6_rigid31_1.dat
shape =  (8, 945)
945
loading  /home/jasencakova/dataset/cells/priamy_kanal/sim_2xKSin1_DE_hct15_seed6_rigid31_1/rbc79_sim_2xKSin1_DE_hct15_seed6_rigid31_1.dat
shape =  (8, 945)
945
loading  /home/jasencakova/dataset/cells/priamy_kanal/sim_2xKSin1_DE_hct15_seed6_rigid31_1/rbc80_sim_2xKSin1_DE_hct15_seed6_rigid31_1.dat
shape =  (8, 945)
945
loading  /home/jasencakova/dataset/cells/priamy_kanal/sim_2xKSin1_DE_hct15_seed6_rigid31_1/rbc81_sim_2xKSin1_DE_hct15_seed6_rigid31_1.dat
shape =  (8, 945)
945
loading  /home/jasencakova/dataset/cells/priamy_kanal/sim_2xKSin1_DE_hct15_seed6_rigid31_1/rbc82_sim_2xKSin1_DE_hct15_seed6_rigid31_1.dat
shape =  (8, 945)
945
loading  /home/jasencakova/dataset/cells/priamy_kanal/sim_2xKSin1_DE_hct15_seed6_rigid31_1/rbc83_sim_2xKSin1_DE_hct15_seed6_rigid31_1.dat
shape =  (8, 945)
945
loading  /home/jasencakova/dataset/cells/priamy_kanal/sim_2xKSin1_DE_hct15_seed6_rigid31_1/rbc84_sim_2xKSin1_DE_hct15_seed6_rigid31_1.dat
shape =  (8, 945)
945
loading  /home/jasencakova/dataset/cells/priamy_kanal/sim_2xKSin1_DE_hct15_seed6_rigid31_1/rbc85_sim_2xKSin1_DE_hct15_seed6_rigid31_1.dat
shape =  (8, 945)
945
loading  /home/jasencakova/dataset/cells/priamy_kanal/sim_2xKSin1_DE_hct15_seed6_rigid31_1/rbc86_sim_2xKSin1_DE_hct15_seed6_rigid31_1.dat
shape =  (8, 945)
945
loading  /home/jasencakova/dataset/cells/priamy_kanal/sim_2xKSin1_DE_hct15_seed6_rigid31_1/rbc87_sim_2xKSin1_DE_hct15_seed6_rigid31_1.dat
shape =  (8, 945)
945
loading  /home/jasencakova/dataset/cells/priamy_kanal/sim_2xKSin1_DE_hct15_seed6_rigid31_1/rbc88_sim_2xKSin1_DE_hct15_seed6_rigid31_1.dat
shape =  (8, 945)
945
loading  /home/jasencakova/dataset/cells/priamy_kanal/sim_2xKSin1_DE_hct15_seed6_rigid31_1/rbc89_sim_2xKSin1_DE_hct15_seed6_rigid31_1.dat
shape =  (8, 945)
945
loading  /home/jasencakova/dataset/cells/priamy_kanal/sim_2xKSin1_DE_hct15_seed6_rigid31_1/rbc90_sim_2xKSin1_DE_hct15_seed6_rigid31_1.dat
shape =  (8, 945)
945
loading  /home/jasencakova/dataset/cells/priamy_kanal/sim_2xKSin1_DE_hct15_seed6_rigid31_1/rbc91_sim_2xKSin1_DE_hct15_seed6_rigid31_1.dat
shape =  (8, 945)
945
loading  /home/jasencakova/dataset/cells/priamy_kanal/sim_2xKSin1_DE_hct15_seed6_rigid31_1/rbc92_sim_2xKSin1_DE_hct15_seed6_rigid31_1.dat
shape =  (8, 945)
945
loading  /home/jasencakova/dataset/cells/priamy_kanal/sim_2xKSin1_DE_hct15_seed6_rigid31_1/rbc93_sim_2xKSin1_DE_hct15_seed6_rigid31_1.dat
shape =  (8, 945)
945
loading  /home/jasencakova/dataset/cells/priamy_kanal/sim_2xKSin1_DE_hct15_seed6_rigid31_1/rbc94_sim_2xKSin1_DE_hct15_seed6_rigid31_1.dat
shape =  (8, 945)
945
loading  /home/jasencakova/dataset/cells/priamy_kanal/sim_2xKSin1_DE_hct15_seed6_rigid31_1/rbc95_sim_2xKSin1_DE_hct15_seed6_rigid31_1.dat
shape =  (8, 945)
945
loading  /home/jasencakova/dataset/cells/priamy_kanal/sim_2xKSin1_DE_hct15_seed6_rigid31_1/rbc96_sim_2xKSin1_DE_hct15_seed6_rigid31_1.dat
shape =  (8, 945)
945
loading  /home/jasencakova/dataset/cells/priamy_kanal/sim_2xKSin1_DE_hct15_seed6_rigid31_1/rbc97_sim_2xKSin1_DE_hct15_seed6_rigid31_1.dat
shape =  (8, 945)
945
loading  /home/jasencakova/dataset/cells/priamy_kanal/sim_2xKSin1_DE_hct15_seed6_rigid31_1/rbc98_sim_2xKSin1_DE_hct15_seed6_rigid31_1.dat
shape =  (8, 945)
945
loading  /home/jasencakova/dataset/cells/priamy_kanal/sim_2xKSin1_DE_hct15_seed6_rigid31_1/rbc99_sim_2xKSin1_DE_hct15_seed6_rigid31_1.dat
shape =  (8, 945)
945
loading  /home/jasencakova/dataset/cells/priamy_kanal/sim_2xKSin1_DE_hct15_seed6_rigid31_1/rbc100_sim_2xKSin1_DE_hct15_seed6_rigid31_1.dat
shape =  (8, 945)
945
loading  /home/jasencakova/dataset/cells/priamy_kanal/sim_2xKSin1_DE_hct15_seed6_rigid31_1/rbc101_sim_2xKSin1_DE_hct15_seed6_rigid31_1.dat
shape =  (8, 945)
945
loading  /home/jasencakova/dataset/cells/priamy_kanal/sim_2xKSin1_DE_hct15_seed6_rigid31_1/rbc102_sim_2xKSin1_DE_hct15_seed6_rigid31_1.dat
shape =  (8, 945)
945
loading  /home/jasencakova/dataset/cells/priamy_kanal/sim_2xKSin1_DE_hct15_seed6_rigid31_1/rbc103_sim_2xKSin1_DE_hct15_seed6_rigid31_1.dat
shape =  (8, 945)
945
loading  /home/jasencakova/dataset/cells/priamy_kanal/sim_2xKSin1_DE_hct15_seed6_rigid31_1/rbc104_sim_2xKSin1_DE_hct15_seed6_rigid31_1.dat
shape =  (8, 945)
945
loading  /home/jasencakova/dataset/cells/priamy_kanal/sim_2xKSin1_DE_hct15_seed6_rigid31_1/rbc105_sim_2xKSin1_DE_hct15_seed6_rigid31_1.dat
shape =  (8, 945)
945
loading  /home/jasencakova/dataset/cells/priamy_kanal/sim_2xKSin1_DE_hct15_seed6_rigid31_1/rbc106_sim_2xKSin1_DE_hct15_seed6_rigid31_1.dat
shape =  (8, 945)
945
loading  /home/jasencakova/dataset/cells/priamy_kanal/sim_2xKSin1_DE_hct15_seed6_rigid31_1/rbc107_sim_2xKSin1_DE_hct15_seed6_rigid31_1.dat
shape =  (8, 945)
945
loading  /home/jasencakova/dataset/cells/priamy_kanal/sim_2xKSin1_DE_hct15_seed6_rigid31_1/rbc108_sim_2xKSin1_DE_hct15_seed6_rigid31_1.dat
shape =  (8, 945)
945
loading  /home/jasencakova/dataset/cells/priamy_kanal/sim_2xKSin1_DE_hct15_seed6_rigid31_1/rbc109_sim_2xKSin1_DE_hct15_seed6_rigid31_1.dat
shape =  (8, 945)
945
loading  /home/jasencakova/dataset/cells/priamy_kanal/sim_2xKSin1_DE_hct15_seed6_rigid31_1/rbc110_sim_2xKSin1_DE_hct15_seed6_rigid31_1.dat
shape =  (8, 945)
945
loading  /home/jasencakova/dataset/cells/priamy_kanal/sim_2xKSin1_DE_hct15_seed6_rigid31_1/rbc111_sim_2xKSin1_DE_hct15_seed6_rigid31_1.dat
shape =  (8, 945)
945
loading  /home/jasencakova/dataset/cells/priamy_kanal/sim_2xKSin1_DE_hct15_seed6_rigid31_1/rbc112_sim_2xKSin1_DE_hct15_seed6_rigid31_1.dat
shape =  (8, 945)
945
loading  /home/jasencakova/dataset/cells/priamy_kanal/sim_2xKSin1_DE_hct15_seed6_rigid31_1/rbc113_sim_2xKSin1_DE_hct15_seed6_rigid31_1.dat
shape =  (8, 945)
945
loading  /home/jasencakova/dataset/cells/priamy_kanal/sim_2xKSin1_DE_hct15_seed6_rigid31_1/rbc114_sim_2xKSin1_DE_hct15_seed6_rigid31_1.dat
shape =  (8, 945)
945
loading  /home/jasencakova/dataset/cells/priamy_kanal/sim_2xKSin1_DE_hct15_seed6_rigid31_1/rbc115_sim_2xKSin1_DE_hct15_seed6_rigid31_1.dat
shape =  (8, 945)
945
loading  /home/jasencakova/dataset/cells/priamy_kanal/sim_2xKSin1_DE_hct15_seed6_rigid31_1/rbc116_sim_2xKSin1_DE_hct15_seed6_rigid31_1.dat
shape =  (8, 945)
945
loading  /home/jasencakova/dataset/cells/priamy_kanal/sim_2xKSin1_DE_hct15_seed6_rigid31_1/rbc117_sim_2xKSin1_DE_hct15_seed6_rigid31_1.dat
shape =  (8, 945)
945
loading  /home/jasencakova/dataset/cells/priamy_kanal/sim_2xKSin1_DE_hct15_seed6_rigid31_1/rbc118_sim_2xKSin1_DE_hct15_seed6_rigid31_1.dat
shape =  (8, 945)
945
loading  /home/jasencakova/dataset/cells/priamy_kanal/sim_2xKSin1_DE_hct15_seed6_rigid31_1/rbc119_sim_2xKSin1_DE_hct15_seed6_rigid31_1.dat
shape =  (8, 945)
945
loading  /home/jasencakova/dataset/cells/priamy_kanal/sim_2xKSin1_DE_hct15_seed6_rigid31_1/rbc120_sim_2xKSin1_DE_hct15_seed6_rigid31_1.dat
shape =  (8, 945)
945
loading  /home/jasencakova/dataset/cells/priamy_kanal/sim_2xKSin1_DE_hct15_seed6_rigid31_1/rbc121_sim_2xKSin1_DE_hct15_seed6_rigid31_1.dat
shape =  (8, 945)
945
loading  /home/jasencakova/dataset/cells/priamy_kanal/sim_2xKSin1_DE_hct15_seed6_rigid31_1/rbc122_sim_2xKSin1_DE_hct15_seed6_rigid31_1.dat
shape =  (8, 945)
945
loading  /home/jasencakova/dataset/cells/priamy_kanal/sim_2xKSin1_DE_hct15_seed6_rigid31_1/rbc123_sim_2xKSin1_DE_hct15_seed6_rigid31_1.dat
shape =  (8, 945)
945
loading  /home/jasencakova/dataset/cells/priamy_kanal/sim_2xKSin1_DE_hct15_seed6_rigid31_1/rbc124_sim_2xKSin1_DE_hct15_seed6_rigid31_1.dat
shape =  (8, 945)
945
loading  /home/jasencakova/dataset/cells/priamy_kanal/sim_2xKSin1_DE_hct15_seed6_rigid31_1/rbc125_sim_2xKSin1_DE_hct15_seed6_rigid31_1.dat
shape =  (8, 945)
945
loading  /home/jasencakova/dataset/cells/priamy_kanal/sim_2xKSin1_DE_hct15_seed6_rigid31_1/rbc126_sim_2xKSin1_DE_hct15_seed6_rigid31_1.dat
shape =  (8, 945)
945
loading  /home/jasencakova/dataset/cells/priamy_kanal/sim_2xKSin1_DE_hct15_seed6_rigid31_1/rbc127_sim_2xKSin1_DE_hct15_seed6_rigid31_1.dat
shape =  (8, 945)
945
loading  /home/jasencakova/dataset/cells/priamy_kanal/sim_2xKSin1_DE_hct15_seed6_rigid31_1/rbc128_sim_2xKSin1_DE_hct15_seed6_rigid31_1.dat
shape =  (8, 945)
945
loading  /home/jasencakova/dataset/cells/priamy_kanal/sim_2xKSin1_DE_hct15_seed6_rigid31_1/rbc129_sim_2xKSin1_DE_hct15_seed6_rigid31_1.dat
shape =  (8, 945)
945
loading  /home/jasencakova/dataset/cells/priamy_kanal/sim_2xKSin1_DE_hct15_seed6_rigid31_1/rbc130_sim_2xKSin1_DE_hct15_seed6_rigid31_1.dat
shape =  (8, 945)
945
loading  /home/jasencakova/dataset/cells/priamy_kanal/sim_2xKSin1_DE_hct15_seed6_rigid31_1/rbc131_sim_2xKSin1_DE_hct15_seed6_rigid31_1.dat
shape =  (8, 945)
945
loading  /home/jasencakova/dataset/cells/priamy_kanal/sim_2xKSin1_DE_hct15_seed6_rigid31_1/rbc132_sim_2xKSin1_DE_hct15_seed6_rigid31_1.dat
shape =  (8, 945)
945
loading  /home/jasencakova/dataset/cells/priamy_kanal/sim_2xKSin1_DE_hct15_seed6_rigid31_1/rbc133_sim_2xKSin1_DE_hct15_seed6_rigid31_1.dat
shape =  (8, 945)
945
loading  /home/jasencakova/dataset/cells/priamy_kanal/sim_2xKSin1_DE_hct15_seed6_rigid31_1/rbc134_sim_2xKSin1_DE_hct15_seed6_rigid31_1.dat
shape =  (8, 945)
945
loading  /home/jasencakova/dataset/cells/priamy_kanal/sim_2xKSin1_DE_hct15_seed6_rigid31_1/rbc135_sim_2xKSin1_DE_hct15_seed6_rigid31_1.dat
shape =  (8, 945)
945
loading  /home/jasencakova/dataset/cells/priamy_kanal/sim_2xKSin1_DE_hct15_seed6_rigid31_1/rbc136_sim_2xKSin1_DE_hct15_seed6_rigid31_1.dat
shape =  (8, 945)
945
loading  /home/jasencakova/dataset/cells/priamy_kanal/sim_2xKSin1_DE_hct15_seed6_rigid31_1/rbc137_sim_2xKSin1_DE_hct15_seed6_rigid31_1.dat
shape =  (8, 945)
945
loading  /home/jasencakova/dataset/cells/priamy_kanal/sim_2xKSin1_DE_hct15_seed6_rigid31_1/rbc138_sim_2xKSin1_DE_hct15_seed6_rigid31_1.dat
shape =  (8, 945)
945
loading  /home/jasencakova/dataset/cells/priamy_kanal/sim_2xKSin1_DE_hct15_seed6_rigid31_1/rbc139_sim_2xKSin1_DE_hct15_seed6_rigid31_1.dat
shape =  (8, 945)
945
loading  /home/jasencakova/dataset/cells/priamy_kanal/sim_2xKSin1_DE_hct15_seed6_rigid31_1/rbc140_sim_2xKSin1_DE_hct15_seed6_rigid31_1.dat
shape =  (8, 945)
945
loading  /home/jasencakova/dataset/cells/priamy_kanal/sim_2xKSin1_DE_hct15_seed6_rigid31_1/rbc141_sim_2xKSin1_DE_hct15_seed6_rigid31_1.dat
shape =  (8, 945)
945
loading  /home/jasencakova/dataset/cells/priamy_kanal/sim_2xKSin1_DE_hct15_seed6_rigid31_1/rbc142_sim_2xKSin1_DE_hct15_seed6_rigid31_1.dat
shape =  (8, 945)
945
loading  /home/jasencakova/dataset/cells/priamy_kanal/sim_2xKSin1_DE_hct15_seed6_rigid31_1/rbc143_sim_2xKSin1_DE_hct15_seed6_rigid31_1.dat
shape =  (8, 945)
945
loading  /home/jasencakova/dataset/cells/priamy_kanal/sim_2xKSin1_DE_hct15_seed6_rigid31_1/rbc144_sim_2xKSin1_DE_hct15_seed6_rigid31_1.dat
shape =  (8, 945)
945
loading  /home/jasencakova/dataset/cells/priamy_kanal/sim_2xKSin1_DE_hct15_seed6_rigid31_1/rbc145_sim_2xKSin1_DE_hct15_seed6_rigid31_1.dat
shape =  (8, 945)
945
loading  /home/jasencakova/dataset/cells/priamy_kanal/sim_2xKSin1_DE_hct15_seed6_rigid31_1/rbc146_sim_2xKSin1_DE_hct15_seed6_rigid31_1.dat
shape =  (8, 945)
945
loading  /home/jasencakova/dataset/cells/priamy_kanal/sim_2xKSin1_DE_hct15_seed6_rigid31_1/rbc147_sim_2xKSin1_DE_hct15_seed6_rigid31_1.dat
shape =  (8, 945)
945
loading  /home/jasencakova/dataset/cells/priamy_kanal/sim_2xKSin1_DE_hct15_seed6_rigid31_1/rbc148_sim_2xKSin1_DE_hct15_seed6_rigid31_1.dat
shape =  (8, 945)
945
loading  /home/jasencakova/dataset/cells/priamy_kanal/sim_2xKSin1_DE_hct15_seed6_rigid31_1/rbc149_sim_2xKSin1_DE_hct15_seed6_rigid31_1.dat
shape =  (8, 945)
945
loading  /home/jasencakova/dataset/cells/priamy_kanal/sim_2xKSin1_DE_hct15_seed6_rigid31_1/rbc150_sim_2xKSin1_DE_hct15_seed6_rigid31_1.dat
shape =  (8, 945)
945
loading  /home/jasencakova/dataset/cells/priamy_kanal/sim_2xKSin1_DE_hct15_seed6_rigid31_1/rbc151_sim_2xKSin1_DE_hct15_seed6_rigid31_1.dat
shape =  (8, 945)
945
loading  /home/jasencakova/dataset/cells/priamy_kanal/sim_2xKSin1_DE_hct15_seed6_rigid31_1/rbc152_sim_2xKSin1_DE_hct15_seed6_rigid31_1.dat
shape =  (8, 945)
945
loading  /home/jasencakova/dataset/cells/priamy_kanal/sim_2xKSin1_DE_hct15_seed6_rigid31_1/rbc153_sim_2xKSin1_DE_hct15_seed6_rigid31_1.dat
shape =  (8, 945)
945
shortest_length =  945
data_shape      =  (154, 945, 8)








dataset summary : 

training_dats shape    =  (154, 603, 8)
testing_dats shape    =  (154, 945, 8)
training_count  =  9379062
testing_count   =  145530
channels_count  =  8
sequence_length =  128
classes_count   =   2
batch(32) tensor shape =  torch.Size([32, 8, 128]) torch.Size([32, 2])





model
Sequential(
  (0): Conv1d(8, 32, kernel_size=(3,), stride=(2,), padding=(1,))
  (1): ReLU()
  (2): Dropout(p=0.01, inplace=False)
  (3): Conv1d(32, 64, kernel_size=(3,), stride=(2,), padding=(1,))
  (4): ReLU()
  (5): Dropout(p=0.01, inplace=False)
  (6): Conv1d(64, 64, kernel_size=(3,), stride=(2,), padding=(1,))
  (7): ReLU()
  (8): Dropout(p=0.01, inplace=False)
  (9): Conv1d(64, 128, kernel_size=(3,), stride=(2,), padding=(1,))
  (10): ReLU()
  (11): Dropout(p=0.01, inplace=False)
  (12): Flatten()
  (13): Linear(in_features=1024, out_features=2, bias=True)
)



0 83.65326548298168 81.06258238137083 0.12639992 0.14930446 0.028429184 0.012882585 56.57 





=================================================
new best net in 0
TRAINING result
accuracy   = 83.653 [%]
hit_count  = 7845900
miss_count = 1533172

class_accuracy = 98.922%   23.027%   


confusion_matrix = 
7411403	 1452372	 
80800	 434497	 



TESTING result
accuracy   = 81.063 [%]
hit_count  = 118079
miss_count = 27585

class_accuracy = 84.204%   68.604%   


confusion_matrix = 
97950	 9211	 
18374	 20129	 




1 93.64600250429893 86.27457710896309 0.05791254 0.12520298 0.01068673 0.0107835 56.2 





=================================================
new best net in 1
TRAINING result
accuracy   = 93.646 [%]
hit_count  = 8783126
miss_count = 595946

class_accuracy = 99.541%   70.262%   


confusion_matrix = 
7456366	 561556	 
34390	 1326760	 



TESTING result
accuracy   = 86.275 [%]
hit_count  = 125671
miss_count = 19993

class_accuracy = 84.778%   92.163%   


confusion_matrix = 
98492	 2310	 
17683	 27179	 




2 95.3764402277752 85.43154108084359 0.044172548 0.14737628 0.0084669795 0.013367955 55.81 

3 97.13694489177607 84.54250878734622 0.030388284 0.16432333 0.0066520674 0.0153452065 55.4 

4 98.77551851611759 83.91160478910369 0.01970888 0.15631337 0.004150128 0.014673717 54.97 

5 99.48462918292982 85.16517464850615 0.013647751 0.14560796 0.0027008306 0.014028136 54.52 

6 99.7644862945929 87.5425637082601 0.009962739 0.12532449 0.001965283 0.012019046 54.06 





=================================================
new best net in 6
TRAINING result
accuracy   = 99.764 [%]
hit_count  = 9356983
miss_count = 22089

class_accuracy = 99.99%   98.869%   


confusion_matrix = 
7489731	 21359	 
730	 1867252	 



TESTING result
accuracy   = 87.543 [%]
hit_count  = 127518
miss_count = 18146

class_accuracy = 85.765%   94.666%   


confusion_matrix = 
99992	 1550	 
16596	 27526	 




7 99.895789263586 89.43184314586995 0.007501774 0.11132307 0.0014644698 0.011039326 53.59 





=================================================
new best net in 7
TRAINING result
accuracy   = 99.896 [%]
hit_count  = 9369298
miss_count = 9774

class_accuracy = 99.997%   99.493%   


confusion_matrix = 
7490075	 9572	 
202	 1879223	 



TESTING result
accuracy   = 89.432 [%]
hit_count  = 130270
miss_count = 15394

class_accuracy = 88.325%   93.84%   


confusion_matrix = 
102865	 1798	 
13596	 27405	 




8 99.95343889032945 89.75175746924428 0.0058230385 0.1091376 0.0011132252 0.010248174 53.11 





=================================================
new best net in 8
TRAINING result
accuracy   = 99.953 [%]
hit_count  = 9374705
miss_count = 4367

class_accuracy = 99.999%   99.771%   


confusion_matrix = 
7491548	 4315	 
52	 1883157	 



TESTING result
accuracy   = 89.752 [%]
hit_count  = 130736
miss_count = 14928

class_accuracy = 88.778%   93.591%   


confusion_matrix = 
103182	 1886	 
13042	 27554	 




9 99.9761490262576 92.01587214411248 0.004708486 0.092072725 0.0009031685 0.009043299 52.61 





=================================================
new best net in 9
TRAINING result
accuracy   = 99.976 [%]
hit_count  = 9376835
miss_count = 2237

class_accuracy = 100.0%   99.882%   


confusion_matrix = 
7490942	 2224	 
13	 1885893	 



TESTING result
accuracy   = 92.016 [%]
hit_count  = 134034
miss_count = 11630

class_accuracy = 91.959%   92.235%   


confusion_matrix = 
106964	 2278	 
9352	 27070	 




10 99.98680039986898 93.35319639718804 0.0039724535 0.08068157 0.00075383746 0.008488874 52.1 





=================================================
new best net in 10
TRAINING result
accuracy   = 99.987 [%]
hit_count  = 9377834
miss_count = 1238

class_accuracy = 100.0%   99.935%   


confusion_matrix = 
7491325	 1227	 
11	 1886509	 



TESTING result
accuracy   = 93.353 [%]
hit_count  = 135982
miss_count = 9682

class_accuracy = 93.603%   92.361%   


confusion_matrix = 
108816	 2246	 
7436	 27166	 




11 99.99145970944673 93.0442662565905 0.0034355018 0.08454897 0.0006537797 0.008120945 51.58 

12 99.99493553306766 93.54885215289983 0.0030377463 0.0804568 0.00058115507 0.0074217184 51.06 





=================================================
new best net in 12
TRAINING result
accuracy   = 99.995 [%]
hit_count  = 9378597
miss_count = 475

class_accuracy = 100.0%   99.975%   


confusion_matrix = 
7491743	 470	 
5	 1886854	 



TESTING result
accuracy   = 93.549 [%]
hit_count  = 136267
miss_count = 9397

class_accuracy = 93.653%   93.13%   


confusion_matrix = 
108858	 2021	 
7376	 27409	 




13 99.99631093566613 94.35069749560633 0.0027214508 0.074225836 0.00052385905 0.007058603 50.53 





=================================================
new best net in 13
TRAINING result
accuracy   = 99.996 [%]
hit_count  = 9378726
miss_count = 346

class_accuracy = 100.0%   99.982%   


confusion_matrix = 
7489455	 345	 
1	 1889271	 



TESTING result
accuracy   = 94.351 [%]
hit_count  = 137435
miss_count = 8229

class_accuracy = 94.57%   93.473%   


confusion_matrix = 
110069	 1910	 
6319	 27366	 




14 99.99737713923084 95.04887961335676 0.0024695103 0.06754496 0.0004889221 0.006635545 49.99 





=================================================
new best net in 14
TRAINING result
accuracy   = 99.997 [%]
hit_count  = 9378826
miss_count = 246

class_accuracy = 100.0%   99.987%   


confusion_matrix = 
7489457	 244	 
2	 1889369	 



TESTING result
accuracy   = 95.049 [%]
hit_count  = 138452
miss_count = 7212

class_accuracy = 95.506%   93.234%   


confusion_matrix = 
111057	 1987	 
5225	 27395	 




15 99.99814480579742 95.18961445518454 0.0022412552 0.06677526 0.00044550444 0.0064839623 49.45 





=================================================
new best net in 15
TRAINING result
accuracy   = 99.998 [%]
hit_count  = 9378898
miss_count = 174

class_accuracy = 100.0%   99.991%   


confusion_matrix = 
7492506	 174	 
0	 1886392	 



TESTING result
accuracy   = 95.19 [%]
hit_count  = 138657
miss_count = 7007

class_accuracy = 95.588%   93.624%   


confusion_matrix = 
110920	 1888	 
5119	 27737	 




16 99.99853930111635 95.76422451669596 0.002051693 0.06139402 0.00041377769 0.006098885 48.9 





=================================================
new best net in 16
TRAINING result
accuracy   = 99.999 [%]
hit_count  = 9378935
miss_count = 137

class_accuracy = 100.0%   99.993%   


confusion_matrix = 
7489347	 137	 
0	 1889588	 



TESTING result
accuracy   = 95.764 [%]
hit_count  = 139494
miss_count = 6170

class_accuracy = 96.34%   93.494%   


confusion_matrix = 
111858	 1922	 
4248	 27636	 




17 99.99914703714823 95.73058545694201 0.0018870006 0.061060566 0.00038136836 0.0061665396 48.35 

18 99.99925365750471 96.4390652460457 0.0017476357 0.054006003 0.0003566121 0.0053448253 47.8 





=================================================
new best net in 18
TRAINING result
accuracy   = 99.999 [%]
hit_count  = 9379002
miss_count = 70

class_accuracy = 100.0%   99.996%   


confusion_matrix = 
7490735	 69	 
1	 1888267	 



TESTING result
accuracy   = 96.439 [%]
hit_count  = 140477
miss_count = 5187

class_accuracy = 97.188%   93.467%   


confusion_matrix = 
113035	 1917	 
3270	 27442	 




19 99.99953087043153 96.71504283831283 0.0016167979 0.05129983 0.00033842868 0.005293575 47.24 





=================================================
new best net in 19
TRAINING result
accuracy   = 100.0 [%]
hit_count  = 9379028
miss_count = 44

class_accuracy = 100.0%   99.998%   


confusion_matrix = 
7492877	 44	 
0	 1886151	 



TESTING result
accuracy   = 96.715 [%]
hit_count  = 140879
miss_count = 4785

class_accuracy = 97.496%   93.573%   


confusion_matrix = 
113711	 1865	 
2920	 27168	 




20 99.99972278707318 97.05623901581723 0.0015013764 0.04822907 0.00031628698 0.005056083 46.67 





=================================================
new best net in 20
TRAINING result
accuracy   = 100.0 [%]
hit_count  = 9379046
miss_count = 26

class_accuracy = 100.0%   99.999%   


confusion_matrix = 
7490227	 25	 
1	 1888819	 



TESTING result
accuracy   = 97.056 [%]
hit_count  = 141376
miss_count = 4288

class_accuracy = 97.881%   93.762%   


confusion_matrix = 
113991	 1821	 
2467	 27385	 




21 99.999637490788 97.09948923550088 0.0013912476 0.047062583 0.00029966026 0.00501367 46.11 





=================================================
new best net in 21
TRAINING result
accuracy   = 100.0 [%]
hit_count  = 9379038
miss_count = 34

class_accuracy = 100.0%   99.998%   


confusion_matrix = 
7492326	 32	 
2	 1886712	 



TESTING result
accuracy   = 97.099 [%]
hit_count  = 141439
miss_count = 4225

class_accuracy = 98.032%   93.378%   


confusion_matrix = 
114139	 1935	 
2290	 27300	 




22 99.99979742132271 97.26768453427066 0.0012906765 0.046156984 0.00027765086 0.0046524685 45.54 





=================================================
new best net in 22
TRAINING result
accuracy   = 100.0 [%]
hit_count  = 9379053
miss_count = 19

class_accuracy = 100.0%   99.999%   


confusion_matrix = 
7489923	 19	 
0	 1889130	 



TESTING result
accuracy   = 97.268 [%]
hit_count  = 141684
miss_count = 3980

class_accuracy = 98.106%   93.928%   


confusion_matrix = 
114194	 1776	 
2204	 27490	 




23 99.99985073150094 97.61849187170475 0.0012025221 0.04268059 0.00026100746 0.0045549185 44.97 





=================================================
new best net in 23
TRAINING result
accuracy   = 100.0 [%]
hit_count  = 9379058
miss_count = 14

class_accuracy = 100.0%   99.999%   


confusion_matrix = 
7489635	 14	 
0	 1889423	 



TESTING result
accuracy   = 97.618 [%]
hit_count  = 142195
miss_count = 3469

class_accuracy = 98.553%   93.875%   


confusion_matrix = 
114837	 1784	 
1685	 27358	 




24 99.9998400694653 97.44411797012302 0.0011250122 0.04521944 0.00024834817 0.0048259073 44.41 

25 99.99992536575047 97.68988905975395 0.0010552584 0.041591477 0.00023505901 0.004341703 43.83 





=================================================
new best net in 25
TRAINING result
accuracy   = 100.0 [%]
hit_count  = 9379065
miss_count = 7

class_accuracy = 100.0%   100.0%   


confusion_matrix = 
7492008	 7	 
0	 1887057	 



TESTING result
accuracy   = 97.69 [%]
hit_count  = 142299
miss_count = 3365

class_accuracy = 98.535%   94.312%   


confusion_matrix = 
114773	 1659	 
1706	 27526	 




26 99.99995735185742 97.77227043057997 0.0009956936 0.039318807 0.0002204119 0.0041535757 43.26 





=================================================
new best net in 26
TRAINING result
accuracy   = 100.0 [%]
hit_count  = 9379068
miss_count = 4

class_accuracy = 100.0%   100.0%   


confusion_matrix = 
7490589	 4	 
0	 1888479	 



TESTING result
accuracy   = 97.772 [%]
hit_count  = 142419
miss_count = 3245

class_accuracy = 98.745%   93.901%   


confusion_matrix = 
114921	 1785	 
1460	 27498	 




27 99.99993602778612 97.72421463093146 0.0009342236 0.040424947 0.00021110805 0.004258924 42.68 

28 99.99993602778612 97.86083040421792 0.00087517453 0.03914346 0.0002007009 0.004404014 42.1 





=================================================
new best net in 28
TRAINING result
accuracy   = 100.0 [%]
hit_count  = 9379066
miss_count = 6

class_accuracy = 100.0%   100.0%   


confusion_matrix = 
7492234	 6	 
0	 1886832	 



TESTING result
accuracy   = 97.861 [%]
hit_count  = 142548
miss_count = 3116

class_accuracy = 98.604%   94.902%   


confusion_matrix = 
114757	 1492	 
1624	 27791	 




29 99.99996801389305 98.0578591827768 0.0008247449 0.03623479 0.00019144187 0.004177252 41.53 





=================================================
new best net in 29
TRAINING result
accuracy   = 100.0 [%]
hit_count  = 9379069
miss_count = 3

class_accuracy = 100.0%   100.0%   


confusion_matrix = 
7489353	 3	 
0	 1889716	 



TESTING result
accuracy   = 98.058 [%]
hit_count  = 142835
miss_count = 2829

class_accuracy = 98.968%   94.443%   


confusion_matrix = 
115134	 1629	 
1200	 27701	 




30 99.99993602778612 98.25145540421792 0.0007797056 0.03273527 0.0001874497 0.004101312 40.94 





=================================================
new best net in 30
TRAINING result
accuracy   = 100.0 [%]
hit_count  = 9379066
miss_count = 6

class_accuracy = 100.0%   100.0%   


confusion_matrix = 
7490603	 6	 
0	 1888463	 



TESTING result
accuracy   = 98.251 [%]
hit_count  = 143117
miss_count = 2547

class_accuracy = 99.167%   94.574%   


confusion_matrix = 
115611	 1577	 
970	 27506	 




31 99.99995735185742 98.30157073813709 0.0007393196 0.03306275 0.0001806349 0.0038626853 40.37 





=================================================
new best net in 31
TRAINING result
accuracy   = 100.0 [%]
hit_count  = 9379068
miss_count = 4

class_accuracy = 100.0%   100.0%   


confusion_matrix = 
7491324	 4	 
0	 1887744	 



TESTING result
accuracy   = 98.302 [%]
hit_count  = 143190
miss_count = 2474

class_accuracy = 99.148%   94.946%   


confusion_matrix = 
115272	 1485	 
989	 27918	 




32 99.99998933796435 98.39356326889279 0.000698403 0.03313453 0.00016368153 0.003952977 39.79 





=================================================
new best net in 32
TRAINING result
accuracy   = 100.0 [%]
hit_count  = 9379071
miss_count = 1

class_accuracy = 100.0%   100.0%   


confusion_matrix = 
7491069	 1	 
0	 1888002	 



TESTING result
accuracy   = 98.394 [%]
hit_count  = 143324
miss_count = 2340

class_accuracy = 99.081%   95.643%   


confusion_matrix = 
115424	 1270	 
1070	 27900	 




33 99.99995735185742 98.42720232864674 0.00066396495 0.034011964 0.00016201517 0.0037778595 39.21 





=================================================
new best net in 33
TRAINING result
accuracy   = 100.0 [%]
hit_count  = 9379068
miss_count = 4

class_accuracy = 100.0%   100.0%   


confusion_matrix = 
7490206	 4	 
0	 1888862	 



TESTING result
accuracy   = 98.427 [%]
hit_count  = 143373
miss_count = 2291

class_accuracy = 98.977%   96.238%   


confusion_matrix = 
115184	 1101	 
1190	 28189	 




34 99.99998933796435 98.50546463093146 0.0006286866 0.031380694 0.00015631318 0.0037387083 38.63 





=================================================
new best net in 34
TRAINING result
accuracy   = 100.0 [%]
hit_count  = 9379071
miss_count = 1

class_accuracy = 100.0%   100.0%   


confusion_matrix = 
7492006	 1	 
0	 1887065	 



TESTING result
accuracy   = 98.505 [%]
hit_count  = 143487
miss_count = 2177

class_accuracy = 99.045%   96.364%   


confusion_matrix = 
115153	 1068	 
1109	 28334	 




35 99.99993602778612 98.66404876977153 0.00059645856 0.03083741 0.00015666193 0.0035359468 38.05 





=================================================
new best net in 35
TRAINING result
accuracy   = 100.0 [%]
hit_count  = 9379066
miss_count = 6

class_accuracy = 100.0%   100.0%   


confusion_matrix = 
7489295	 6	 
0	 1889771	 



TESTING result
accuracy   = 98.664 [%]
hit_count  = 143718
miss_count = 1946

class_accuracy = 99.171%   96.645%   


confusion_matrix = 
115376	 983	 
963	 28342	 




36 99.99992536575047 98.74643014059754 0.0005621957 0.028630583 0.00015520037 0.003464414 37.47 





=================================================
new best net in 36
TRAINING result
accuracy   = 100.0 [%]
hit_count  = 9379065
miss_count = 7

class_accuracy = 100.0%   100.0%   


confusion_matrix = 
7490081	 7	 
0	 1888984	 



TESTING result
accuracy   = 98.746 [%]
hit_count  = 143838
miss_count = 1826

class_accuracy = 99.315%   96.463%   


confusion_matrix = 
115749	 1029	 
797	 28089	 




37 99.99991470371482 98.96954635325132 0.0005351437 0.027288966 0.0001462953 0.0033128422 36.88 





=================================================
new best net in 37
TRAINING result
accuracy   = 100.0 [%]
hit_count  = 9379064
miss_count = 8

class_accuracy = 100.0%   100.0%   


confusion_matrix = 
7491009	 8	 
0	 1888055	 



TESTING result
accuracy   = 98.97 [%]
hit_count  = 144163
miss_count = 1501

class_accuracy = 99.464%   97.003%   


confusion_matrix = 
115711	 878	 
623	 28452	 




38 99.99993602778612 98.97778449033392 0.000510185 0.026232744 0.00014098923 0.003160455 36.3 





=================================================
new best net in 38
TRAINING result
accuracy   = 100.0 [%]
hit_count  = 9379066
miss_count = 6

class_accuracy = 100.0%   100.0%   


confusion_matrix = 
7492743	 6	 
0	 1886323	 



TESTING result
accuracy   = 98.978 [%]
hit_count  = 144175
miss_count = 1489

class_accuracy = 99.444%   97.136%   


confusion_matrix = 
115519	 844	 
645	 28656	 




39 99.99994668982177 98.76702548330404 0.0004871445 0.027867928 0.00013314732 0.0034997414 35.72 

40 99.99980808335836 98.91050637082601 0.00047110044 0.026535412 0.00017528498 0.0031672993 35.14 

41 99.99988271760789 99.03339191564147 0.00045243063 0.025871927 0.00015656372 0.0031543702 34.55 





=================================================
new best net in 41
TRAINING result
accuracy   = 100.0 [%]
hit_count  = 9379061
miss_count = 11

class_accuracy = 100.0%   99.999%   


confusion_matrix = 
7490670	 11	 
0	 1888391	 



TESTING result
accuracy   = 99.033 [%]
hit_count  = 144256
miss_count = 1408

class_accuracy = 99.274%   98.069%   


confusion_matrix = 
115605	 563	 
845	 28651	 




42 99.99995735185742 99.03545144991213 0.00043291054 0.025955066 0.00012693206 0.0032060475 33.96 





=================================================
new best net in 42
TRAINING result
accuracy   = 100.0 [%]
hit_count  = 9379068
miss_count = 4

class_accuracy = 100.0%   100.0%   


confusion_matrix = 
7491672	 4	 
0	 1887396	 



TESTING result
accuracy   = 99.035 [%]
hit_count  = 144259
miss_count = 1405

class_accuracy = 99.374%   97.688%   


confusion_matrix = 
115564	 678	 
727	 28695	 




43 99.999637490788 99.01005052724078 0.00041787224 0.026676286 0.00021241923 0.0031483 33.38 

44 99.99985073150094 99.11508677504393 0.00040233257 0.026076918 0.00015361185 0.0029834255 32.79 





=================================================
new best net in 44
TRAINING result
accuracy   = 100.0 [%]
hit_count  = 9379058
miss_count = 14

class_accuracy = 100.0%   99.999%   


confusion_matrix = 
7492543	 12	 
2	 1886515	 



TESTING result
accuracy   = 99.115 [%]
hit_count  = 144375
miss_count = 1289

class_accuracy = 99.371%   98.09%   


confusion_matrix = 
115674	 558	 
731	 28701	 




45 99.99987205557224 99.1857974516696 0.0003923294 0.022707917 0.00015915385 0.0028181244 32.19 





=================================================
new best net in 45
TRAINING result
accuracy   = 100.0 [%]
hit_count  = 9379060
miss_count = 12

class_accuracy = 100.0%   99.999%   


confusion_matrix = 
7492505	 10	 
2	 1886555	 



TESTING result
accuracy   = 99.186 [%]
hit_count  = 144478
miss_count = 1186

class_accuracy = 99.465%   98.058%   


confusion_matrix = 
115995	 563	 
623	 28483	 




46 99.99954153246718 99.09861050087873 0.00038023535 0.02629927 0.00028805368 0.0030366057 31.62 

47 99.99973344910883 99.13568211775043 0.00036735384 0.024887232 0.00021882987 0.0030192025 31.03 

48 99.999818745394 98.98327658172232 0.00035437397 0.02678405 0.00015117257 0.0031514487 30.45 

49 99.99970146300188 99.06565795254834 0.00034482495 0.026109487 0.00018968747 0.003079103 29.87 

50 99.99976543521576 99.16176955184534 0.00033512028 0.024625832 0.00015756594 0.0029430066 29.28 

51 99.99968013893059 99.2942662565905 0.00032599206 0.02351391 0.0001860288 0.0027613232 28.7 





=================================================
new best net in 51
TRAINING result
accuracy   = 100.0 [%]
hit_count  = 9379042
miss_count = 30

class_accuracy = 100.0%   99.998%   


confusion_matrix = 
7489939	 28	 
2	 1889103	 



TESTING result
accuracy   = 99.294 [%]
hit_count  = 144636
miss_count = 1028

class_accuracy = 99.485%   98.529%   


confusion_matrix = 
115776	 430	 
598	 28860	 




52 99.99982940742964 99.31692113356766 0.00031466433 0.022469211 0.0001367096 0.002742964 28.12 





=================================================
new best net in 52
TRAINING result
accuracy   = 100.0 [%]
hit_count  = 9379056
miss_count = 16

class_accuracy = 100.0%   99.999%   


confusion_matrix = 
7492851	 15	 
1	 1886205	 



TESTING result
accuracy   = 99.317 [%]
hit_count  = 144669
miss_count = 995

class_accuracy = 99.464%   98.729%   


confusion_matrix = 
115624	 373	 
622	 29045	 




53 99.99937093989682 99.2777899824253 0.00031071305 0.023204403 0.00030810406 0.0029067001 27.53 

54 99.99980808335836 99.2022737258348 0.00029827384 0.025782043 0.00015390723 0.002964749 26.94 

55 99.99979742132271 99.23042069420035 0.00028878104 0.023256788 0.00016474628 0.0029213675 26.36 

56 99.99960550468106 99.11783282073814 0.0002851379 0.024511512 0.00018828393 0.0029900633 25.77 

57 99.9996588148593 99.2105118629174 0.00027673715 0.024351144 0.0002026408 0.0028904239 25.19 

58 99.99972278707318 99.28671463093146 0.00026937085 0.02328759 0.0001428656 0.0026759563 24.6 

59 99.99959484264541 99.31966717926186 0.000267315 0.021956913 0.00020135324 0.0026745864 24.01 





=================================================
new best net in 59
TRAINING result
accuracy   = 100.0 [%]
hit_count  = 9379034
miss_count = 38

class_accuracy = 100.0%   99.998%   


confusion_matrix = 
7489513	 37	 
1	 1889521	 



TESTING result
accuracy   = 99.32 [%]
hit_count  = 144673
miss_count = 991

class_accuracy = 99.452%   98.787%   


confusion_matrix = 
115765	 354	 
637	 28908	 




60 99.9996588148593 99.15490443760984 0.00025975562 0.024214234 0.00018252723 0.002935463 23.43 

61 99.99969080096623 99.25032952548331 0.00025497965 0.022291116 0.00018742686 0.0027000224 22.85 

62 99.99956285653847 99.22492860281196 0.00025044175 0.024003414 0.00020301844 0.0027554072 22.26 

63 99.999637490788 99.2654327768014 0.0002423026 0.022460435 0.0002268108 0.0028443125 21.66 

64 99.99932829175424 99.28534160808435 0.000240823 0.023813026 0.00025261976 0.0028291328 21.07 

65 99.99921100936211 99.20570628295255 0.00023843696 0.02476141 0.0002977444 0.0028759446 20.47 

66 99.99955219450283 99.45971550966608 0.00023157925 0.020549214 0.00021506476 0.0026744865 19.88 





=================================================
new best net in 66
TRAINING result
accuracy   = 100.0 [%]
hit_count  = 9379030
miss_count = 42

class_accuracy = 100.0%   99.998%   


confusion_matrix = 
7490975	 36	 
6	 1888055	 



TESTING result
accuracy   = 99.46 [%]
hit_count  = 144877
miss_count = 787

class_accuracy = 99.554%   99.082%   


confusion_matrix = 
115626	 270	 
517	 29251	 




67 99.99953087043153 99.33888949912127 0.00022877616 0.021395562 0.00024439688 0.002716374 19.3 

68 99.99952020839588 99.21119837434095 0.00022518281 0.022776978 0.00021573201 0.002884371 18.72 

69 99.99973344910883 99.34712763620387 0.00021980845 0.023014426 0.0001664993 0.0027528252 18.13 

70 99.99929630564729 99.2063927943761 0.00022070926 0.021736996 0.00027706922 0.0028255489 17.55 

71 99.99953087043153 99.37802065026362 0.00021319627 0.020304568 0.00021633678 0.002647686 16.93 

72 99.99974411114447 99.38488576449912 0.00020641483 0.022363693 0.00017821253 0.0025429546 16.28 

73 99.99955219450283 99.28328207381371 0.00020660434 0.022152204 0.00019997137 0.0027688346 15.69 

74 99.99975477318011 99.19746814586995 0.00020249317 0.024023097 0.00016820463 0.0028589356 15.12 

75 99.99959484264541 99.2571946397188 0.00019939757 0.022854624 0.00020656505 0.0027794645 14.54 

76 99.99960550468106 99.17069420035149 0.00019686883 0.022955127 0.00021071211 0.0029133935 13.96 

77 99.99958418060977 99.34644112478031 0.00019272679 0.021985015 0.00018213378 0.0028042917 13.39 

78 99.99922167139776 99.2393453427065 0.000195457 0.02356669 0.0003300419 0.0028823947 12.81 

79 99.99971212503753 99.09311840949033 0.00018877404 0.024547426 0.00016328343 0.0029907606 12.23 

80 99.99966947689494 99.25101603690685 0.00018690943 0.02135076 0.00018016052 0.0029687125 11.64 

81 99.99936027786117 99.33888949912127 0.00018668054 0.02127863 0.00027137407 0.00283038 11.06 

82 99.99952020839588 99.38351274165203 0.00018200195 0.021004625 0.00018667265 0.00278895 10.48 

83 99.99969080096623 99.24552394551846 0.00017660507 0.02253687 0.00019947495 0.0027721552 9.9 

84 99.99904041679177 99.32035369068541 0.00018283662 0.022105174 0.0003456822 0.0027069154 9.32 

85 99.99940292600377 99.33477043057997 0.00017691738 0.022289483 0.00026373932 0.0028253926 8.74 

86 99.99948822228895 99.41852482425307 0.00017245233 0.020111822 0.00026062905 0.0026840672 8.16 

87 99.9996588148593 99.42538993848858 0.00016855799 0.020921735 0.00017665357 0.0026217976 7.58 

88 99.99964815282365 99.22080953427066 0.00016678967 0.022826944 0.0001701113 0.0029892053 7.0 

89 99.99952020839588 99.25032952548331 0.00016750854 0.023988139 0.00022377538 0.0027735634 6.42 

90 99.9994988843246 99.38213971880492 0.00016586285 0.021357244 0.00025173754 0.0026429559 5.83 

91 99.99950954636024 99.38145320738137 0.00016313024 0.02111573 0.0002133664 0.0026381442 5.25 

92 99.99939226396812 99.19540861159929 0.00016135932 0.023037283 0.00025999176 0.0029191298 4.67 

93 99.99966947689494 99.33477043057997 0.00015681602 0.021846319 0.00018208813 0.0025529969 4.08 

94 99.99941358803942 99.2256151142355 0.0001557916 0.02300158 0.0002250102 0.0029982787 3.5 

95 99.99954153246718 99.23591278558875 0.00015359432 0.022228187 0.00020547344 0.002947256 2.92 

96 99.9994988843246 99.32104020210896 0.00015331694 0.022001706 0.00022595067 0.0027127757 2.33 

97 99.99950954636024 99.34918717047452 0.00014991475 0.021341085 0.00020590729 0.002786289 1.75 

98 99.99956285653847 99.2983853251318 0.00014807183 0.021492556 0.00019912887 0.002938593 1.17 

99 99.99964815282365 99.38625878734622 0.00014592598 0.020628998 0.00017724282 0.0027936765 0.58 

