loading  /home/jasencakova/dataset/cells/priamy_kanal/sim_2xKSin1_D_hct15_seed4_rigid62_1/rbc0_sim_2xKSin1_D_hct15_seed4_rigid62_1.dat
shape =  (8, 189)
189
loading  /home/jasencakova/dataset/cells/priamy_kanal/sim_2xKSin1_D_hct15_seed4_rigid62_1/rbc1_sim_2xKSin1_D_hct15_seed4_rigid62_1.dat
shape =  (8, 189)
189
loading  /home/jasencakova/dataset/cells/priamy_kanal/sim_2xKSin1_D_hct15_seed4_rigid62_1/rbc2_sim_2xKSin1_D_hct15_seed4_rigid62_1.dat
shape =  (8, 189)
189
loading  /home/jasencakova/dataset/cells/priamy_kanal/sim_2xKSin1_D_hct15_seed4_rigid62_1/rbc3_sim_2xKSin1_D_hct15_seed4_rigid62_1.dat
shape =  (8, 189)
189
loading  /home/jasencakova/dataset/cells/priamy_kanal/sim_2xKSin1_D_hct15_seed4_rigid62_1/rbc4_sim_2xKSin1_D_hct15_seed4_rigid62_1.dat
shape =  (8, 189)
189
loading  /home/jasencakova/dataset/cells/priamy_kanal/sim_2xKSin1_D_hct15_seed4_rigid62_1/rbc5_sim_2xKSin1_D_hct15_seed4_rigid62_1.dat
shape =  (8, 189)
189
loading  /home/jasencakova/dataset/cells/priamy_kanal/sim_2xKSin1_D_hct15_seed4_rigid62_1/rbc6_sim_2xKSin1_D_hct15_seed4_rigid62_1.dat
shape =  (8, 189)
189
loading  /home/jasencakova/dataset/cells/priamy_kanal/sim_2xKSin1_D_hct15_seed4_rigid62_1/rbc7_sim_2xKSin1_D_hct15_seed4_rigid62_1.dat
shape =  (8, 189)
189
loading  /home/jasencakova/dataset/cells/priamy_kanal/sim_2xKSin1_D_hct15_seed4_rigid62_1/rbc8_sim_2xKSin1_D_hct15_seed4_rigid62_1.dat
shape =  (8, 189)
189
loading  /home/jasencakova/dataset/cells/priamy_kanal/sim_2xKSin1_D_hct15_seed4_rigid62_1/rbc9_sim_2xKSin1_D_hct15_seed4_rigid62_1.dat
shape =  (8, 189)
189
loading  /home/jasencakova/dataset/cells/priamy_kanal/sim_2xKSin1_D_hct15_seed4_rigid62_1/rbc10_sim_2xKSin1_D_hct15_seed4_rigid62_1.dat
shape =  (8, 189)
189
loading  /home/jasencakova/dataset/cells/priamy_kanal/sim_2xKSin1_D_hct15_seed4_rigid62_1/rbc11_sim_2xKSin1_D_hct15_seed4_rigid62_1.dat
shape =  (8, 189)
189
loading  /home/jasencakova/dataset/cells/priamy_kanal/sim_2xKSin1_D_hct15_seed4_rigid62_1/rbc12_sim_2xKSin1_D_hct15_seed4_rigid62_1.dat
shape =  (8, 189)
189
loading  /home/jasencakova/dataset/cells/priamy_kanal/sim_2xKSin1_D_hct15_seed4_rigid62_1/rbc13_sim_2xKSin1_D_hct15_seed4_rigid62_1.dat
shape =  (8, 189)
189
loading  /home/jasencakova/dataset/cells/priamy_kanal/sim_2xKSin1_D_hct15_seed4_rigid62_1/rbc14_sim_2xKSin1_D_hct15_seed4_rigid62_1.dat
shape =  (8, 189)
189
loading  /home/jasencakova/dataset/cells/priamy_kanal/sim_2xKSin1_D_hct15_seed4_rigid62_1/rbc15_sim_2xKSin1_D_hct15_seed4_rigid62_1.dat
shape =  (8, 189)
189
loading  /home/jasencakova/dataset/cells/priamy_kanal/sim_2xKSin1_D_hct15_seed4_rigid62_1/rbc16_sim_2xKSin1_D_hct15_seed4_rigid62_1.dat
shape =  (8, 189)
189
loading  /home/jasencakova/dataset/cells/priamy_kanal/sim_2xKSin1_D_hct15_seed4_rigid62_1/rbc17_sim_2xKSin1_D_hct15_seed4_rigid62_1.dat
shape =  (8, 189)
189
loading  /home/jasencakova/dataset/cells/priamy_kanal/sim_2xKSin1_D_hct15_seed4_rigid62_1/rbc18_sim_2xKSin1_D_hct15_seed4_rigid62_1.dat
shape =  (8, 189)
189
loading  /home/jasencakova/dataset/cells/priamy_kanal/sim_2xKSin1_D_hct15_seed4_rigid62_1/rbc19_sim_2xKSin1_D_hct15_seed4_rigid62_1.dat
shape =  (8, 189)
189
loading  /home/jasencakova/dataset/cells/priamy_kanal/sim_2xKSin1_D_hct15_seed4_rigid62_1/rbc20_sim_2xKSin1_D_hct15_seed4_rigid62_1.dat
shape =  (8, 189)
189
loading  /home/jasencakova/dataset/cells/priamy_kanal/sim_2xKSin1_D_hct15_seed4_rigid62_1/rbc21_sim_2xKSin1_D_hct15_seed4_rigid62_1.dat
shape =  (8, 189)
189
loading  /home/jasencakova/dataset/cells/priamy_kanal/sim_2xKSin1_D_hct15_seed4_rigid62_1/rbc22_sim_2xKSin1_D_hct15_seed4_rigid62_1.dat
shape =  (8, 189)
189
loading  /home/jasencakova/dataset/cells/priamy_kanal/sim_2xKSin1_D_hct15_seed4_rigid62_1/rbc23_sim_2xKSin1_D_hct15_seed4_rigid62_1.dat
shape =  (8, 189)
189
loading  /home/jasencakova/dataset/cells/priamy_kanal/sim_2xKSin1_D_hct15_seed4_rigid62_1/rbc24_sim_2xKSin1_D_hct15_seed4_rigid62_1.dat
shape =  (8, 189)
189
loading  /home/jasencakova/dataset/cells/priamy_kanal/sim_2xKSin1_D_hct15_seed4_rigid62_1/rbc25_sim_2xKSin1_D_hct15_seed4_rigid62_1.dat
shape =  (8, 189)
189
loading  /home/jasencakova/dataset/cells/priamy_kanal/sim_2xKSin1_D_hct15_seed4_rigid62_1/rbc26_sim_2xKSin1_D_hct15_seed4_rigid62_1.dat
shape =  (8, 189)
189
loading  /home/jasencakova/dataset/cells/priamy_kanal/sim_2xKSin1_D_hct15_seed4_rigid62_1/rbc27_sim_2xKSin1_D_hct15_seed4_rigid62_1.dat
shape =  (8, 189)
189
loading  /home/jasencakova/dataset/cells/priamy_kanal/sim_2xKSin1_D_hct15_seed4_rigid62_1/rbc28_sim_2xKSin1_D_hct15_seed4_rigid62_1.dat
shape =  (8, 189)
189
loading  /home/jasencakova/dataset/cells/priamy_kanal/sim_2xKSin1_D_hct15_seed4_rigid62_1/rbc29_sim_2xKSin1_D_hct15_seed4_rigid62_1.dat
shape =  (8, 189)
189
loading  /home/jasencakova/dataset/cells/priamy_kanal/sim_2xKSin1_D_hct15_seed4_rigid62_1/rbc30_sim_2xKSin1_D_hct15_seed4_rigid62_1.dat
shape =  (8, 189)
189
loading  /home/jasencakova/dataset/cells/priamy_kanal/sim_2xKSin1_D_hct15_seed4_rigid62_1/rbc31_sim_2xKSin1_D_hct15_seed4_rigid62_1.dat
shape =  (8, 189)
189
loading  /home/jasencakova/dataset/cells/priamy_kanal/sim_2xKSin1_D_hct15_seed4_rigid62_1/rbc32_sim_2xKSin1_D_hct15_seed4_rigid62_1.dat
shape =  (8, 189)
189
loading  /home/jasencakova/dataset/cells/priamy_kanal/sim_2xKSin1_D_hct15_seed4_rigid62_1/rbc33_sim_2xKSin1_D_hct15_seed4_rigid62_1.dat
shape =  (8, 189)
189
loading  /home/jasencakova/dataset/cells/priamy_kanal/sim_2xKSin1_D_hct15_seed4_rigid62_1/rbc34_sim_2xKSin1_D_hct15_seed4_rigid62_1.dat
shape =  (8, 189)
189
loading  /home/jasencakova/dataset/cells/priamy_kanal/sim_2xKSin1_D_hct15_seed4_rigid62_1/rbc35_sim_2xKSin1_D_hct15_seed4_rigid62_1.dat
shape =  (8, 189)
189
loading  /home/jasencakova/dataset/cells/priamy_kanal/sim_2xKSin1_D_hct15_seed4_rigid62_1/rbc36_sim_2xKSin1_D_hct15_seed4_rigid62_1.dat
shape =  (8, 189)
189
loading  /home/jasencakova/dataset/cells/priamy_kanal/sim_2xKSin1_D_hct15_seed4_rigid62_1/rbc37_sim_2xKSin1_D_hct15_seed4_rigid62_1.dat
shape =  (8, 189)
189
loading  /home/jasencakova/dataset/cells/priamy_kanal/sim_2xKSin1_D_hct15_seed4_rigid62_1/rbc38_sim_2xKSin1_D_hct15_seed4_rigid62_1.dat
shape =  (8, 189)
189
loading  /home/jasencakova/dataset/cells/priamy_kanal/sim_2xKSin1_D_hct15_seed4_rigid62_1/rbc39_sim_2xKSin1_D_hct15_seed4_rigid62_1.dat
shape =  (8, 189)
189
loading  /home/jasencakova/dataset/cells/priamy_kanal/sim_2xKSin1_D_hct15_seed4_rigid62_1/rbc40_sim_2xKSin1_D_hct15_seed4_rigid62_1.dat
shape =  (8, 189)
189
loading  /home/jasencakova/dataset/cells/priamy_kanal/sim_2xKSin1_D_hct15_seed4_rigid62_1/rbc41_sim_2xKSin1_D_hct15_seed4_rigid62_1.dat
shape =  (8, 189)
189
loading  /home/jasencakova/dataset/cells/priamy_kanal/sim_2xKSin1_D_hct15_seed4_rigid62_1/rbc42_sim_2xKSin1_D_hct15_seed4_rigid62_1.dat
shape =  (8, 189)
189
loading  /home/jasencakova/dataset/cells/priamy_kanal/sim_2xKSin1_D_hct15_seed4_rigid62_1/rbc43_sim_2xKSin1_D_hct15_seed4_rigid62_1.dat
shape =  (8, 189)
189
loading  /home/jasencakova/dataset/cells/priamy_kanal/sim_2xKSin1_D_hct15_seed4_rigid62_1/rbc44_sim_2xKSin1_D_hct15_seed4_rigid62_1.dat
shape =  (8, 189)
189
loading  /home/jasencakova/dataset/cells/priamy_kanal/sim_2xKSin1_D_hct15_seed4_rigid62_1/rbc45_sim_2xKSin1_D_hct15_seed4_rigid62_1.dat
shape =  (8, 189)
189
loading  /home/jasencakova/dataset/cells/priamy_kanal/sim_2xKSin1_D_hct15_seed4_rigid62_1/rbc46_sim_2xKSin1_D_hct15_seed4_rigid62_1.dat
shape =  (8, 189)
189
loading  /home/jasencakova/dataset/cells/priamy_kanal/sim_2xKSin1_D_hct15_seed4_rigid62_1/rbc47_sim_2xKSin1_D_hct15_seed4_rigid62_1.dat
shape =  (8, 189)
189
loading  /home/jasencakova/dataset/cells/priamy_kanal/sim_2xKSin1_D_hct15_seed4_rigid62_1/rbc48_sim_2xKSin1_D_hct15_seed4_rigid62_1.dat
shape =  (8, 189)
189
loading  /home/jasencakova/dataset/cells/priamy_kanal/sim_2xKSin1_D_hct15_seed4_rigid62_1/rbc49_sim_2xKSin1_D_hct15_seed4_rigid62_1.dat
shape =  (8, 189)
189
loading  /home/jasencakova/dataset/cells/priamy_kanal/sim_2xKSin1_D_hct15_seed4_rigid62_1/rbc50_sim_2xKSin1_D_hct15_seed4_rigid62_1.dat
shape =  (8, 189)
189
loading  /home/jasencakova/dataset/cells/priamy_kanal/sim_2xKSin1_D_hct15_seed4_rigid62_1/rbc51_sim_2xKSin1_D_hct15_seed4_rigid62_1.dat
shape =  (8, 189)
189
loading  /home/jasencakova/dataset/cells/priamy_kanal/sim_2xKSin1_D_hct15_seed4_rigid62_1/rbc52_sim_2xKSin1_D_hct15_seed4_rigid62_1.dat
shape =  (8, 189)
189
loading  /home/jasencakova/dataset/cells/priamy_kanal/sim_2xKSin1_D_hct15_seed4_rigid62_1/rbc53_sim_2xKSin1_D_hct15_seed4_rigid62_1.dat
shape =  (8, 189)
189
loading  /home/jasencakova/dataset/cells/priamy_kanal/sim_2xKSin1_D_hct15_seed4_rigid62_1/rbc54_sim_2xKSin1_D_hct15_seed4_rigid62_1.dat
shape =  (8, 189)
189
loading  /home/jasencakova/dataset/cells/priamy_kanal/sim_2xKSin1_D_hct15_seed4_rigid62_1/rbc55_sim_2xKSin1_D_hct15_seed4_rigid62_1.dat
shape =  (8, 189)
189
loading  /home/jasencakova/dataset/cells/priamy_kanal/sim_2xKSin1_D_hct15_seed4_rigid62_1/rbc56_sim_2xKSin1_D_hct15_seed4_rigid62_1.dat
shape =  (8, 189)
189
loading  /home/jasencakova/dataset/cells/priamy_kanal/sim_2xKSin1_D_hct15_seed4_rigid62_1/rbc57_sim_2xKSin1_D_hct15_seed4_rigid62_1.dat
shape =  (8, 189)
189
loading  /home/jasencakova/dataset/cells/priamy_kanal/sim_2xKSin1_D_hct15_seed4_rigid62_1/rbc58_sim_2xKSin1_D_hct15_seed4_rigid62_1.dat
shape =  (8, 189)
189
loading  /home/jasencakova/dataset/cells/priamy_kanal/sim_2xKSin1_D_hct15_seed4_rigid62_1/rbc59_sim_2xKSin1_D_hct15_seed4_rigid62_1.dat
shape =  (8, 189)
189
loading  /home/jasencakova/dataset/cells/priamy_kanal/sim_2xKSin1_D_hct15_seed4_rigid62_1/rbc60_sim_2xKSin1_D_hct15_seed4_rigid62_1.dat
shape =  (8, 189)
189
loading  /home/jasencakova/dataset/cells/priamy_kanal/sim_2xKSin1_D_hct15_seed4_rigid62_1/rbc61_sim_2xKSin1_D_hct15_seed4_rigid62_1.dat
shape =  (8, 189)
189
loading  /home/jasencakova/dataset/cells/priamy_kanal/sim_2xKSin1_D_hct15_seed4_rigid62_1/rbc62_sim_2xKSin1_D_hct15_seed4_rigid62_1.dat
shape =  (8, 189)
189
loading  /home/jasencakova/dataset/cells/priamy_kanal/sim_2xKSin1_D_hct15_seed4_rigid62_1/rbc63_sim_2xKSin1_D_hct15_seed4_rigid62_1.dat
shape =  (8, 189)
189
loading  /home/jasencakova/dataset/cells/priamy_kanal/sim_2xKSin1_D_hct15_seed4_rigid62_1/rbc64_sim_2xKSin1_D_hct15_seed4_rigid62_1.dat
shape =  (8, 189)
189
loading  /home/jasencakova/dataset/cells/priamy_kanal/sim_2xKSin1_D_hct15_seed4_rigid62_1/rbc65_sim_2xKSin1_D_hct15_seed4_rigid62_1.dat
shape =  (8, 189)
189
loading  /home/jasencakova/dataset/cells/priamy_kanal/sim_2xKSin1_D_hct15_seed4_rigid62_1/rbc66_sim_2xKSin1_D_hct15_seed4_rigid62_1.dat
shape =  (8, 189)
189
loading  /home/jasencakova/dataset/cells/priamy_kanal/sim_2xKSin1_D_hct15_seed4_rigid62_1/rbc67_sim_2xKSin1_D_hct15_seed4_rigid62_1.dat
shape =  (8, 189)
189
loading  /home/jasencakova/dataset/cells/priamy_kanal/sim_2xKSin1_D_hct15_seed4_rigid62_1/rbc68_sim_2xKSin1_D_hct15_seed4_rigid62_1.dat
shape =  (8, 189)
189
loading  /home/jasencakova/dataset/cells/priamy_kanal/sim_2xKSin1_D_hct15_seed4_rigid62_1/rbc69_sim_2xKSin1_D_hct15_seed4_rigid62_1.dat
shape =  (8, 189)
189
loading  /home/jasencakova/dataset/cells/priamy_kanal/sim_2xKSin1_D_hct15_seed4_rigid62_1/rbc70_sim_2xKSin1_D_hct15_seed4_rigid62_1.dat
shape =  (8, 189)
189
loading  /home/jasencakova/dataset/cells/priamy_kanal/sim_2xKSin1_D_hct15_seed4_rigid62_1/rbc71_sim_2xKSin1_D_hct15_seed4_rigid62_1.dat
shape =  (8, 189)
189
loading  /home/jasencakova/dataset/cells/priamy_kanal/sim_2xKSin1_D_hct15_seed4_rigid62_1/rbc72_sim_2xKSin1_D_hct15_seed4_rigid62_1.dat
shape =  (8, 189)
189
loading  /home/jasencakova/dataset/cells/priamy_kanal/sim_2xKSin1_D_hct15_seed4_rigid62_1/rbc73_sim_2xKSin1_D_hct15_seed4_rigid62_1.dat
shape =  (8, 189)
189
loading  /home/jasencakova/dataset/cells/priamy_kanal/sim_2xKSin1_D_hct15_seed4_rigid62_1/rbc74_sim_2xKSin1_D_hct15_seed4_rigid62_1.dat
shape =  (8, 189)
189
loading  /home/jasencakova/dataset/cells/priamy_kanal/sim_2xKSin1_D_hct15_seed4_rigid62_1/rbc75_sim_2xKSin1_D_hct15_seed4_rigid62_1.dat
shape =  (8, 189)
189
loading  /home/jasencakova/dataset/cells/priamy_kanal/sim_2xKSin1_D_hct15_seed4_rigid62_1/rbc76_sim_2xKSin1_D_hct15_seed4_rigid62_1.dat
shape =  (8, 189)
189
loading  /home/jasencakova/dataset/cells/priamy_kanal/sim_2xKSin1_D_hct15_seed4_rigid62_1/rbc77_sim_2xKSin1_D_hct15_seed4_rigid62_1.dat
shape =  (8, 189)
189
loading  /home/jasencakova/dataset/cells/priamy_kanal/sim_2xKSin1_D_hct15_seed4_rigid62_1/rbc78_sim_2xKSin1_D_hct15_seed4_rigid62_1.dat
shape =  (8, 189)
189
loading  /home/jasencakova/dataset/cells/priamy_kanal/sim_2xKSin1_D_hct15_seed4_rigid62_1/rbc79_sim_2xKSin1_D_hct15_seed4_rigid62_1.dat
shape =  (8, 189)
189
loading  /home/jasencakova/dataset/cells/priamy_kanal/sim_2xKSin1_D_hct15_seed4_rigid62_1/rbc80_sim_2xKSin1_D_hct15_seed4_rigid62_1.dat
shape =  (8, 189)
189
loading  /home/jasencakova/dataset/cells/priamy_kanal/sim_2xKSin1_D_hct15_seed4_rigid62_1/rbc81_sim_2xKSin1_D_hct15_seed4_rigid62_1.dat
shape =  (8, 189)
189
loading  /home/jasencakova/dataset/cells/priamy_kanal/sim_2xKSin1_D_hct15_seed4_rigid62_1/rbc82_sim_2xKSin1_D_hct15_seed4_rigid62_1.dat
shape =  (8, 189)
189
loading  /home/jasencakova/dataset/cells/priamy_kanal/sim_2xKSin1_D_hct15_seed4_rigid62_1/rbc83_sim_2xKSin1_D_hct15_seed4_rigid62_1.dat
shape =  (8, 189)
189
loading  /home/jasencakova/dataset/cells/priamy_kanal/sim_2xKSin1_D_hct15_seed4_rigid62_1/rbc84_sim_2xKSin1_D_hct15_seed4_rigid62_1.dat
shape =  (8, 189)
189
loading  /home/jasencakova/dataset/cells/priamy_kanal/sim_2xKSin1_D_hct15_seed4_rigid62_1/rbc85_sim_2xKSin1_D_hct15_seed4_rigid62_1.dat
shape =  (8, 189)
189
loading  /home/jasencakova/dataset/cells/priamy_kanal/sim_2xKSin1_D_hct15_seed4_rigid62_1/rbc86_sim_2xKSin1_D_hct15_seed4_rigid62_1.dat
shape =  (8, 189)
189
loading  /home/jasencakova/dataset/cells/priamy_kanal/sim_2xKSin1_D_hct15_seed4_rigid62_1/rbc87_sim_2xKSin1_D_hct15_seed4_rigid62_1.dat
shape =  (8, 189)
189
loading  /home/jasencakova/dataset/cells/priamy_kanal/sim_2xKSin1_D_hct15_seed4_rigid62_1/rbc88_sim_2xKSin1_D_hct15_seed4_rigid62_1.dat
shape =  (8, 189)
189
loading  /home/jasencakova/dataset/cells/priamy_kanal/sim_2xKSin1_D_hct15_seed4_rigid62_1/rbc89_sim_2xKSin1_D_hct15_seed4_rigid62_1.dat
shape =  (8, 189)
189
loading  /home/jasencakova/dataset/cells/priamy_kanal/sim_2xKSin1_D_hct15_seed4_rigid62_1/rbc90_sim_2xKSin1_D_hct15_seed4_rigid62_1.dat
shape =  (8, 189)
189
loading  /home/jasencakova/dataset/cells/priamy_kanal/sim_2xKSin1_D_hct15_seed4_rigid62_1/rbc91_sim_2xKSin1_D_hct15_seed4_rigid62_1.dat
shape =  (8, 189)
189
loading  /home/jasencakova/dataset/cells/priamy_kanal/sim_2xKSin1_D_hct15_seed4_rigid62_1/rbc92_sim_2xKSin1_D_hct15_seed4_rigid62_1.dat
shape =  (8, 189)
189
loading  /home/jasencakova/dataset/cells/priamy_kanal/sim_2xKSin1_D_hct15_seed4_rigid62_1/rbc93_sim_2xKSin1_D_hct15_seed4_rigid62_1.dat
shape =  (8, 189)
189
loading  /home/jasencakova/dataset/cells/priamy_kanal/sim_2xKSin1_D_hct15_seed4_rigid62_1/rbc94_sim_2xKSin1_D_hct15_seed4_rigid62_1.dat
shape =  (8, 189)
189
loading  /home/jasencakova/dataset/cells/priamy_kanal/sim_2xKSin1_D_hct15_seed4_rigid62_1/rbc95_sim_2xKSin1_D_hct15_seed4_rigid62_1.dat
shape =  (8, 189)
189
loading  /home/jasencakova/dataset/cells/priamy_kanal/sim_2xKSin1_D_hct15_seed4_rigid62_1/rbc96_sim_2xKSin1_D_hct15_seed4_rigid62_1.dat
shape =  (8, 189)
189
loading  /home/jasencakova/dataset/cells/priamy_kanal/sim_2xKSin1_D_hct15_seed4_rigid62_1/rbc97_sim_2xKSin1_D_hct15_seed4_rigid62_1.dat
shape =  (8, 189)
189
loading  /home/jasencakova/dataset/cells/priamy_kanal/sim_2xKSin1_D_hct15_seed4_rigid62_1/rbc98_sim_2xKSin1_D_hct15_seed4_rigid62_1.dat
shape =  (8, 189)
189
loading  /home/jasencakova/dataset/cells/priamy_kanal/sim_2xKSin1_D_hct15_seed4_rigid62_1/rbc99_sim_2xKSin1_D_hct15_seed4_rigid62_1.dat
shape =  (8, 189)
189
loading  /home/jasencakova/dataset/cells/priamy_kanal/sim_2xKSin1_D_hct15_seed4_rigid62_1/rbc100_sim_2xKSin1_D_hct15_seed4_rigid62_1.dat
shape =  (8, 189)
189
loading  /home/jasencakova/dataset/cells/priamy_kanal/sim_2xKSin1_D_hct15_seed4_rigid62_1/rbc101_sim_2xKSin1_D_hct15_seed4_rigid62_1.dat
shape =  (8, 189)
189
loading  /home/jasencakova/dataset/cells/priamy_kanal/sim_2xKSin1_D_hct15_seed4_rigid62_1/rbc102_sim_2xKSin1_D_hct15_seed4_rigid62_1.dat
shape =  (8, 189)
189
loading  /home/jasencakova/dataset/cells/priamy_kanal/sim_2xKSin1_D_hct15_seed4_rigid62_1/rbc103_sim_2xKSin1_D_hct15_seed4_rigid62_1.dat
shape =  (8, 189)
189
loading  /home/jasencakova/dataset/cells/priamy_kanal/sim_2xKSin1_D_hct15_seed4_rigid62_1/rbc104_sim_2xKSin1_D_hct15_seed4_rigid62_1.dat
shape =  (8, 189)
189
loading  /home/jasencakova/dataset/cells/priamy_kanal/sim_2xKSin1_D_hct15_seed4_rigid62_1/rbc105_sim_2xKSin1_D_hct15_seed4_rigid62_1.dat
shape =  (8, 189)
189
loading  /home/jasencakova/dataset/cells/priamy_kanal/sim_2xKSin1_D_hct15_seed4_rigid62_1/rbc106_sim_2xKSin1_D_hct15_seed4_rigid62_1.dat
shape =  (8, 189)
189
loading  /home/jasencakova/dataset/cells/priamy_kanal/sim_2xKSin1_D_hct15_seed4_rigid62_1/rbc107_sim_2xKSin1_D_hct15_seed4_rigid62_1.dat
shape =  (8, 189)
189
loading  /home/jasencakova/dataset/cells/priamy_kanal/sim_2xKSin1_D_hct15_seed4_rigid62_1/rbc108_sim_2xKSin1_D_hct15_seed4_rigid62_1.dat
shape =  (8, 189)
189
loading  /home/jasencakova/dataset/cells/priamy_kanal/sim_2xKSin1_D_hct15_seed4_rigid62_1/rbc109_sim_2xKSin1_D_hct15_seed4_rigid62_1.dat
shape =  (8, 189)
189
loading  /home/jasencakova/dataset/cells/priamy_kanal/sim_2xKSin1_D_hct15_seed4_rigid62_1/rbc110_sim_2xKSin1_D_hct15_seed4_rigid62_1.dat
shape =  (8, 189)
189
loading  /home/jasencakova/dataset/cells/priamy_kanal/sim_2xKSin1_D_hct15_seed4_rigid62_1/rbc111_sim_2xKSin1_D_hct15_seed4_rigid62_1.dat
shape =  (8, 189)
189
loading  /home/jasencakova/dataset/cells/priamy_kanal/sim_2xKSin1_D_hct15_seed4_rigid62_1/rbc112_sim_2xKSin1_D_hct15_seed4_rigid62_1.dat
shape =  (8, 189)
189
loading  /home/jasencakova/dataset/cells/priamy_kanal/sim_2xKSin1_D_hct15_seed4_rigid62_1/rbc113_sim_2xKSin1_D_hct15_seed4_rigid62_1.dat
shape =  (8, 189)
189
loading  /home/jasencakova/dataset/cells/priamy_kanal/sim_2xKSin1_D_hct15_seed4_rigid62_1/rbc114_sim_2xKSin1_D_hct15_seed4_rigid62_1.dat
shape =  (8, 189)
189
loading  /home/jasencakova/dataset/cells/priamy_kanal/sim_2xKSin1_D_hct15_seed4_rigid62_1/rbc115_sim_2xKSin1_D_hct15_seed4_rigid62_1.dat
shape =  (8, 189)
189
loading  /home/jasencakova/dataset/cells/priamy_kanal/sim_2xKSin1_D_hct15_seed4_rigid62_1/rbc116_sim_2xKSin1_D_hct15_seed4_rigid62_1.dat
shape =  (8, 189)
189
loading  /home/jasencakova/dataset/cells/priamy_kanal/sim_2xKSin1_D_hct15_seed4_rigid62_1/rbc117_sim_2xKSin1_D_hct15_seed4_rigid62_1.dat
shape =  (8, 189)
189
loading  /home/jasencakova/dataset/cells/priamy_kanal/sim_2xKSin1_D_hct15_seed4_rigid62_1/rbc118_sim_2xKSin1_D_hct15_seed4_rigid62_1.dat
shape =  (8, 189)
189
loading  /home/jasencakova/dataset/cells/priamy_kanal/sim_2xKSin1_D_hct15_seed4_rigid62_1/rbc119_sim_2xKSin1_D_hct15_seed4_rigid62_1.dat
shape =  (8, 189)
189
loading  /home/jasencakova/dataset/cells/priamy_kanal/sim_2xKSin1_D_hct15_seed4_rigid62_1/rbc120_sim_2xKSin1_D_hct15_seed4_rigid62_1.dat
shape =  (8, 189)
189
loading  /home/jasencakova/dataset/cells/priamy_kanal/sim_2xKSin1_D_hct15_seed4_rigid62_1/rbc121_sim_2xKSin1_D_hct15_seed4_rigid62_1.dat
shape =  (8, 189)
189
loading  /home/jasencakova/dataset/cells/priamy_kanal/sim_2xKSin1_D_hct15_seed4_rigid62_1/rbc122_sim_2xKSin1_D_hct15_seed4_rigid62_1.dat
shape =  (8, 189)
189
loading  /home/jasencakova/dataset/cells/priamy_kanal/sim_2xKSin1_D_hct15_seed4_rigid62_1/rbc123_sim_2xKSin1_D_hct15_seed4_rigid62_1.dat
shape =  (8, 189)
189
loading  /home/jasencakova/dataset/cells/priamy_kanal/sim_2xKSin1_D_hct15_seed4_rigid62_1/rbc124_sim_2xKSin1_D_hct15_seed4_rigid62_1.dat
shape =  (8, 189)
189
loading  /home/jasencakova/dataset/cells/priamy_kanal/sim_2xKSin1_D_hct15_seed4_rigid62_1/rbc125_sim_2xKSin1_D_hct15_seed4_rigid62_1.dat
shape =  (8, 189)
189
loading  /home/jasencakova/dataset/cells/priamy_kanal/sim_2xKSin1_D_hct15_seed4_rigid62_1/rbc126_sim_2xKSin1_D_hct15_seed4_rigid62_1.dat
shape =  (8, 189)
189
loading  /home/jasencakova/dataset/cells/priamy_kanal/sim_2xKSin1_D_hct15_seed4_rigid62_1/rbc127_sim_2xKSin1_D_hct15_seed4_rigid62_1.dat
shape =  (8, 189)
189
loading  /home/jasencakova/dataset/cells/priamy_kanal/sim_2xKSin1_D_hct15_seed4_rigid62_1/rbc128_sim_2xKSin1_D_hct15_seed4_rigid62_1.dat
shape =  (8, 189)
189
loading  /home/jasencakova/dataset/cells/priamy_kanal/sim_2xKSin1_D_hct15_seed4_rigid62_1/rbc129_sim_2xKSin1_D_hct15_seed4_rigid62_1.dat
shape =  (8, 189)
189
loading  /home/jasencakova/dataset/cells/priamy_kanal/sim_2xKSin1_D_hct15_seed4_rigid62_1/rbc130_sim_2xKSin1_D_hct15_seed4_rigid62_1.dat
shape =  (8, 189)
189
loading  /home/jasencakova/dataset/cells/priamy_kanal/sim_2xKSin1_D_hct15_seed4_rigid62_1/rbc131_sim_2xKSin1_D_hct15_seed4_rigid62_1.dat
shape =  (8, 189)
189
loading  /home/jasencakova/dataset/cells/priamy_kanal/sim_2xKSin1_D_hct15_seed4_rigid62_1/rbc132_sim_2xKSin1_D_hct15_seed4_rigid62_1.dat
shape =  (8, 189)
189
loading  /home/jasencakova/dataset/cells/priamy_kanal/sim_2xKSin1_D_hct15_seed4_rigid62_1/rbc133_sim_2xKSin1_D_hct15_seed4_rigid62_1.dat
shape =  (8, 189)
189
loading  /home/jasencakova/dataset/cells/priamy_kanal/sim_2xKSin1_D_hct15_seed4_rigid62_1/rbc134_sim_2xKSin1_D_hct15_seed4_rigid62_1.dat
shape =  (8, 189)
189
loading  /home/jasencakova/dataset/cells/priamy_kanal/sim_2xKSin1_D_hct15_seed4_rigid62_1/rbc135_sim_2xKSin1_D_hct15_seed4_rigid62_1.dat
shape =  (8, 189)
189
loading  /home/jasencakova/dataset/cells/priamy_kanal/sim_2xKSin1_D_hct15_seed4_rigid62_1/rbc136_sim_2xKSin1_D_hct15_seed4_rigid62_1.dat
shape =  (8, 189)
189
loading  /home/jasencakova/dataset/cells/priamy_kanal/sim_2xKSin1_D_hct15_seed4_rigid62_1/rbc137_sim_2xKSin1_D_hct15_seed4_rigid62_1.dat
shape =  (8, 189)
189
loading  /home/jasencakova/dataset/cells/priamy_kanal/sim_2xKSin1_D_hct15_seed4_rigid62_1/rbc138_sim_2xKSin1_D_hct15_seed4_rigid62_1.dat
shape =  (8, 189)
189
loading  /home/jasencakova/dataset/cells/priamy_kanal/sim_2xKSin1_D_hct15_seed4_rigid62_1/rbc139_sim_2xKSin1_D_hct15_seed4_rigid62_1.dat
shape =  (8, 189)
189
loading  /home/jasencakova/dataset/cells/priamy_kanal/sim_2xKSin1_D_hct15_seed4_rigid62_1/rbc140_sim_2xKSin1_D_hct15_seed4_rigid62_1.dat
shape =  (8, 189)
189
loading  /home/jasencakova/dataset/cells/priamy_kanal/sim_2xKSin1_D_hct15_seed4_rigid62_1/rbc141_sim_2xKSin1_D_hct15_seed4_rigid62_1.dat
shape =  (8, 189)
189
loading  /home/jasencakova/dataset/cells/priamy_kanal/sim_2xKSin1_D_hct15_seed4_rigid62_1/rbc142_sim_2xKSin1_D_hct15_seed4_rigid62_1.dat
shape =  (8, 189)
189
loading  /home/jasencakova/dataset/cells/priamy_kanal/sim_2xKSin1_D_hct15_seed4_rigid62_1/rbc143_sim_2xKSin1_D_hct15_seed4_rigid62_1.dat
shape =  (8, 189)
189
loading  /home/jasencakova/dataset/cells/priamy_kanal/sim_2xKSin1_D_hct15_seed4_rigid62_1/rbc144_sim_2xKSin1_D_hct15_seed4_rigid62_1.dat
shape =  (8, 189)
189
loading  /home/jasencakova/dataset/cells/priamy_kanal/sim_2xKSin1_D_hct15_seed4_rigid62_1/rbc145_sim_2xKSin1_D_hct15_seed4_rigid62_1.dat
shape =  (8, 189)
189
loading  /home/jasencakova/dataset/cells/priamy_kanal/sim_2xKSin1_D_hct15_seed4_rigid62_1/rbc146_sim_2xKSin1_D_hct15_seed4_rigid62_1.dat
shape =  (8, 189)
189
loading  /home/jasencakova/dataset/cells/priamy_kanal/sim_2xKSin1_D_hct15_seed4_rigid62_1/rbc147_sim_2xKSin1_D_hct15_seed4_rigid62_1.dat
shape =  (8, 189)
189
loading  /home/jasencakova/dataset/cells/priamy_kanal/sim_2xKSin1_D_hct15_seed4_rigid62_1/rbc148_sim_2xKSin1_D_hct15_seed4_rigid62_1.dat
shape =  (8, 189)
189
loading  /home/jasencakova/dataset/cells/priamy_kanal/sim_2xKSin1_D_hct15_seed4_rigid62_1/rbc149_sim_2xKSin1_D_hct15_seed4_rigid62_1.dat
shape =  (8, 189)
189
loading  /home/jasencakova/dataset/cells/priamy_kanal/sim_2xKSin1_D_hct15_seed4_rigid62_1/rbc150_sim_2xKSin1_D_hct15_seed4_rigid62_1.dat
shape =  (8, 189)
189
loading  /home/jasencakova/dataset/cells/priamy_kanal/sim_2xKSin1_D_hct15_seed4_rigid62_1/rbc151_sim_2xKSin1_D_hct15_seed4_rigid62_1.dat
shape =  (8, 189)
189
loading  /home/jasencakova/dataset/cells/priamy_kanal/sim_2xKSin1_D_hct15_seed4_rigid62_1/rbc152_sim_2xKSin1_D_hct15_seed4_rigid62_1.dat
shape =  (8, 189)
189
loading  /home/jasencakova/dataset/cells/priamy_kanal/sim_2xKSin1_D_hct15_seed4_rigid62_1/rbc153_sim_2xKSin1_D_hct15_seed4_rigid62_1.dat
shape =  (8, 189)
189
shortest_length =  189
data_shape      =  (154, 189, 8)



loading  /home/jasencakova/dataset/cells/priamy_kanal/sim_2xKSin1_D_hct15_seed4_rigid62_1_from376000cy/rbc0_sim_2xKSin1_D_hct15_seed4_rigid62_1_from376000cy.dat
shape =  (8, 717)
717
loading  /home/jasencakova/dataset/cells/priamy_kanal/sim_2xKSin1_D_hct15_seed4_rigid62_1_from376000cy/rbc1_sim_2xKSin1_D_hct15_seed4_rigid62_1_from376000cy.dat
shape =  (8, 717)
717
loading  /home/jasencakova/dataset/cells/priamy_kanal/sim_2xKSin1_D_hct15_seed4_rigid62_1_from376000cy/rbc2_sim_2xKSin1_D_hct15_seed4_rigid62_1_from376000cy.dat
shape =  (8, 717)
717
loading  /home/jasencakova/dataset/cells/priamy_kanal/sim_2xKSin1_D_hct15_seed4_rigid62_1_from376000cy/rbc3_sim_2xKSin1_D_hct15_seed4_rigid62_1_from376000cy.dat
shape =  (8, 717)
717
loading  /home/jasencakova/dataset/cells/priamy_kanal/sim_2xKSin1_D_hct15_seed4_rigid62_1_from376000cy/rbc4_sim_2xKSin1_D_hct15_seed4_rigid62_1_from376000cy.dat
shape =  (8, 717)
717
loading  /home/jasencakova/dataset/cells/priamy_kanal/sim_2xKSin1_D_hct15_seed4_rigid62_1_from376000cy/rbc5_sim_2xKSin1_D_hct15_seed4_rigid62_1_from376000cy.dat
shape =  (8, 717)
717
loading  /home/jasencakova/dataset/cells/priamy_kanal/sim_2xKSin1_D_hct15_seed4_rigid62_1_from376000cy/rbc6_sim_2xKSin1_D_hct15_seed4_rigid62_1_from376000cy.dat
shape =  (8, 717)
717
loading  /home/jasencakova/dataset/cells/priamy_kanal/sim_2xKSin1_D_hct15_seed4_rigid62_1_from376000cy/rbc7_sim_2xKSin1_D_hct15_seed4_rigid62_1_from376000cy.dat
shape =  (8, 717)
717
loading  /home/jasencakova/dataset/cells/priamy_kanal/sim_2xKSin1_D_hct15_seed4_rigid62_1_from376000cy/rbc8_sim_2xKSin1_D_hct15_seed4_rigid62_1_from376000cy.dat
shape =  (8, 717)
717
loading  /home/jasencakova/dataset/cells/priamy_kanal/sim_2xKSin1_D_hct15_seed4_rigid62_1_from376000cy/rbc9_sim_2xKSin1_D_hct15_seed4_rigid62_1_from376000cy.dat
shape =  (8, 717)
717
loading  /home/jasencakova/dataset/cells/priamy_kanal/sim_2xKSin1_D_hct15_seed4_rigid62_1_from376000cy/rbc10_sim_2xKSin1_D_hct15_seed4_rigid62_1_from376000cy.dat
shape =  (8, 717)
717
loading  /home/jasencakova/dataset/cells/priamy_kanal/sim_2xKSin1_D_hct15_seed4_rigid62_1_from376000cy/rbc11_sim_2xKSin1_D_hct15_seed4_rigid62_1_from376000cy.dat
shape =  (8, 717)
717
loading  /home/jasencakova/dataset/cells/priamy_kanal/sim_2xKSin1_D_hct15_seed4_rigid62_1_from376000cy/rbc12_sim_2xKSin1_D_hct15_seed4_rigid62_1_from376000cy.dat
shape =  (8, 717)
717
loading  /home/jasencakova/dataset/cells/priamy_kanal/sim_2xKSin1_D_hct15_seed4_rigid62_1_from376000cy/rbc13_sim_2xKSin1_D_hct15_seed4_rigid62_1_from376000cy.dat
shape =  (8, 717)
717
loading  /home/jasencakova/dataset/cells/priamy_kanal/sim_2xKSin1_D_hct15_seed4_rigid62_1_from376000cy/rbc14_sim_2xKSin1_D_hct15_seed4_rigid62_1_from376000cy.dat
shape =  (8, 717)
717
loading  /home/jasencakova/dataset/cells/priamy_kanal/sim_2xKSin1_D_hct15_seed4_rigid62_1_from376000cy/rbc15_sim_2xKSin1_D_hct15_seed4_rigid62_1_from376000cy.dat
shape =  (8, 717)
717
loading  /home/jasencakova/dataset/cells/priamy_kanal/sim_2xKSin1_D_hct15_seed4_rigid62_1_from376000cy/rbc16_sim_2xKSin1_D_hct15_seed4_rigid62_1_from376000cy.dat
shape =  (8, 717)
717
loading  /home/jasencakova/dataset/cells/priamy_kanal/sim_2xKSin1_D_hct15_seed4_rigid62_1_from376000cy/rbc17_sim_2xKSin1_D_hct15_seed4_rigid62_1_from376000cy.dat
shape =  (8, 717)
717
loading  /home/jasencakova/dataset/cells/priamy_kanal/sim_2xKSin1_D_hct15_seed4_rigid62_1_from376000cy/rbc18_sim_2xKSin1_D_hct15_seed4_rigid62_1_from376000cy.dat
shape =  (8, 717)
717
loading  /home/jasencakova/dataset/cells/priamy_kanal/sim_2xKSin1_D_hct15_seed4_rigid62_1_from376000cy/rbc19_sim_2xKSin1_D_hct15_seed4_rigid62_1_from376000cy.dat
shape =  (8, 717)
717
loading  /home/jasencakova/dataset/cells/priamy_kanal/sim_2xKSin1_D_hct15_seed4_rigid62_1_from376000cy/rbc20_sim_2xKSin1_D_hct15_seed4_rigid62_1_from376000cy.dat
shape =  (8, 717)
717
loading  /home/jasencakova/dataset/cells/priamy_kanal/sim_2xKSin1_D_hct15_seed4_rigid62_1_from376000cy/rbc21_sim_2xKSin1_D_hct15_seed4_rigid62_1_from376000cy.dat
shape =  (8, 717)
717
loading  /home/jasencakova/dataset/cells/priamy_kanal/sim_2xKSin1_D_hct15_seed4_rigid62_1_from376000cy/rbc22_sim_2xKSin1_D_hct15_seed4_rigid62_1_from376000cy.dat
shape =  (8, 717)
717
loading  /home/jasencakova/dataset/cells/priamy_kanal/sim_2xKSin1_D_hct15_seed4_rigid62_1_from376000cy/rbc23_sim_2xKSin1_D_hct15_seed4_rigid62_1_from376000cy.dat
shape =  (8, 717)
717
loading  /home/jasencakova/dataset/cells/priamy_kanal/sim_2xKSin1_D_hct15_seed4_rigid62_1_from376000cy/rbc24_sim_2xKSin1_D_hct15_seed4_rigid62_1_from376000cy.dat
shape =  (8, 717)
717
loading  /home/jasencakova/dataset/cells/priamy_kanal/sim_2xKSin1_D_hct15_seed4_rigid62_1_from376000cy/rbc25_sim_2xKSin1_D_hct15_seed4_rigid62_1_from376000cy.dat
shape =  (8, 717)
717
loading  /home/jasencakova/dataset/cells/priamy_kanal/sim_2xKSin1_D_hct15_seed4_rigid62_1_from376000cy/rbc26_sim_2xKSin1_D_hct15_seed4_rigid62_1_from376000cy.dat
shape =  (8, 717)
717
loading  /home/jasencakova/dataset/cells/priamy_kanal/sim_2xKSin1_D_hct15_seed4_rigid62_1_from376000cy/rbc27_sim_2xKSin1_D_hct15_seed4_rigid62_1_from376000cy.dat
shape =  (8, 717)
717
loading  /home/jasencakova/dataset/cells/priamy_kanal/sim_2xKSin1_D_hct15_seed4_rigid62_1_from376000cy/rbc28_sim_2xKSin1_D_hct15_seed4_rigid62_1_from376000cy.dat
shape =  (8, 717)
717
loading  /home/jasencakova/dataset/cells/priamy_kanal/sim_2xKSin1_D_hct15_seed4_rigid62_1_from376000cy/rbc29_sim_2xKSin1_D_hct15_seed4_rigid62_1_from376000cy.dat
shape =  (8, 717)
717
loading  /home/jasencakova/dataset/cells/priamy_kanal/sim_2xKSin1_D_hct15_seed4_rigid62_1_from376000cy/rbc30_sim_2xKSin1_D_hct15_seed4_rigid62_1_from376000cy.dat
shape =  (8, 717)
717
loading  /home/jasencakova/dataset/cells/priamy_kanal/sim_2xKSin1_D_hct15_seed4_rigid62_1_from376000cy/rbc31_sim_2xKSin1_D_hct15_seed4_rigid62_1_from376000cy.dat
shape =  (8, 717)
717
loading  /home/jasencakova/dataset/cells/priamy_kanal/sim_2xKSin1_D_hct15_seed4_rigid62_1_from376000cy/rbc32_sim_2xKSin1_D_hct15_seed4_rigid62_1_from376000cy.dat
shape =  (8, 717)
717
loading  /home/jasencakova/dataset/cells/priamy_kanal/sim_2xKSin1_D_hct15_seed4_rigid62_1_from376000cy/rbc33_sim_2xKSin1_D_hct15_seed4_rigid62_1_from376000cy.dat
shape =  (8, 717)
717
loading  /home/jasencakova/dataset/cells/priamy_kanal/sim_2xKSin1_D_hct15_seed4_rigid62_1_from376000cy/rbc34_sim_2xKSin1_D_hct15_seed4_rigid62_1_from376000cy.dat
shape =  (8, 717)
717
loading  /home/jasencakova/dataset/cells/priamy_kanal/sim_2xKSin1_D_hct15_seed4_rigid62_1_from376000cy/rbc35_sim_2xKSin1_D_hct15_seed4_rigid62_1_from376000cy.dat
shape =  (8, 717)
717
loading  /home/jasencakova/dataset/cells/priamy_kanal/sim_2xKSin1_D_hct15_seed4_rigid62_1_from376000cy/rbc36_sim_2xKSin1_D_hct15_seed4_rigid62_1_from376000cy.dat
shape =  (8, 717)
717
loading  /home/jasencakova/dataset/cells/priamy_kanal/sim_2xKSin1_D_hct15_seed4_rigid62_1_from376000cy/rbc37_sim_2xKSin1_D_hct15_seed4_rigid62_1_from376000cy.dat
shape =  (8, 717)
717
loading  /home/jasencakova/dataset/cells/priamy_kanal/sim_2xKSin1_D_hct15_seed4_rigid62_1_from376000cy/rbc38_sim_2xKSin1_D_hct15_seed4_rigid62_1_from376000cy.dat
shape =  (8, 717)
717
loading  /home/jasencakova/dataset/cells/priamy_kanal/sim_2xKSin1_D_hct15_seed4_rigid62_1_from376000cy/rbc39_sim_2xKSin1_D_hct15_seed4_rigid62_1_from376000cy.dat
shape =  (8, 717)
717
loading  /home/jasencakova/dataset/cells/priamy_kanal/sim_2xKSin1_D_hct15_seed4_rigid62_1_from376000cy/rbc40_sim_2xKSin1_D_hct15_seed4_rigid62_1_from376000cy.dat
shape =  (8, 717)
717
loading  /home/jasencakova/dataset/cells/priamy_kanal/sim_2xKSin1_D_hct15_seed4_rigid62_1_from376000cy/rbc41_sim_2xKSin1_D_hct15_seed4_rigid62_1_from376000cy.dat
shape =  (8, 717)
717
loading  /home/jasencakova/dataset/cells/priamy_kanal/sim_2xKSin1_D_hct15_seed4_rigid62_1_from376000cy/rbc42_sim_2xKSin1_D_hct15_seed4_rigid62_1_from376000cy.dat
shape =  (8, 717)
717
loading  /home/jasencakova/dataset/cells/priamy_kanal/sim_2xKSin1_D_hct15_seed4_rigid62_1_from376000cy/rbc43_sim_2xKSin1_D_hct15_seed4_rigid62_1_from376000cy.dat
shape =  (8, 717)
717
loading  /home/jasencakova/dataset/cells/priamy_kanal/sim_2xKSin1_D_hct15_seed4_rigid62_1_from376000cy/rbc44_sim_2xKSin1_D_hct15_seed4_rigid62_1_from376000cy.dat
shape =  (8, 717)
717
loading  /home/jasencakova/dataset/cells/priamy_kanal/sim_2xKSin1_D_hct15_seed4_rigid62_1_from376000cy/rbc45_sim_2xKSin1_D_hct15_seed4_rigid62_1_from376000cy.dat
shape =  (8, 717)
717
loading  /home/jasencakova/dataset/cells/priamy_kanal/sim_2xKSin1_D_hct15_seed4_rigid62_1_from376000cy/rbc46_sim_2xKSin1_D_hct15_seed4_rigid62_1_from376000cy.dat
shape =  (8, 717)
717
loading  /home/jasencakova/dataset/cells/priamy_kanal/sim_2xKSin1_D_hct15_seed4_rigid62_1_from376000cy/rbc47_sim_2xKSin1_D_hct15_seed4_rigid62_1_from376000cy.dat
shape =  (8, 717)
717
loading  /home/jasencakova/dataset/cells/priamy_kanal/sim_2xKSin1_D_hct15_seed4_rigid62_1_from376000cy/rbc48_sim_2xKSin1_D_hct15_seed4_rigid62_1_from376000cy.dat
shape =  (8, 717)
717
loading  /home/jasencakova/dataset/cells/priamy_kanal/sim_2xKSin1_D_hct15_seed4_rigid62_1_from376000cy/rbc49_sim_2xKSin1_D_hct15_seed4_rigid62_1_from376000cy.dat
shape =  (8, 717)
717
loading  /home/jasencakova/dataset/cells/priamy_kanal/sim_2xKSin1_D_hct15_seed4_rigid62_1_from376000cy/rbc50_sim_2xKSin1_D_hct15_seed4_rigid62_1_from376000cy.dat
shape =  (8, 717)
717
loading  /home/jasencakova/dataset/cells/priamy_kanal/sim_2xKSin1_D_hct15_seed4_rigid62_1_from376000cy/rbc51_sim_2xKSin1_D_hct15_seed4_rigid62_1_from376000cy.dat
shape =  (8, 717)
717
loading  /home/jasencakova/dataset/cells/priamy_kanal/sim_2xKSin1_D_hct15_seed4_rigid62_1_from376000cy/rbc52_sim_2xKSin1_D_hct15_seed4_rigid62_1_from376000cy.dat
shape =  (8, 717)
717
loading  /home/jasencakova/dataset/cells/priamy_kanal/sim_2xKSin1_D_hct15_seed4_rigid62_1_from376000cy/rbc53_sim_2xKSin1_D_hct15_seed4_rigid62_1_from376000cy.dat
shape =  (8, 717)
717
loading  /home/jasencakova/dataset/cells/priamy_kanal/sim_2xKSin1_D_hct15_seed4_rigid62_1_from376000cy/rbc54_sim_2xKSin1_D_hct15_seed4_rigid62_1_from376000cy.dat
shape =  (8, 717)
717
loading  /home/jasencakova/dataset/cells/priamy_kanal/sim_2xKSin1_D_hct15_seed4_rigid62_1_from376000cy/rbc55_sim_2xKSin1_D_hct15_seed4_rigid62_1_from376000cy.dat
shape =  (8, 717)
717
loading  /home/jasencakova/dataset/cells/priamy_kanal/sim_2xKSin1_D_hct15_seed4_rigid62_1_from376000cy/rbc56_sim_2xKSin1_D_hct15_seed4_rigid62_1_from376000cy.dat
shape =  (8, 717)
717
loading  /home/jasencakova/dataset/cells/priamy_kanal/sim_2xKSin1_D_hct15_seed4_rigid62_1_from376000cy/rbc57_sim_2xKSin1_D_hct15_seed4_rigid62_1_from376000cy.dat
shape =  (8, 717)
717
loading  /home/jasencakova/dataset/cells/priamy_kanal/sim_2xKSin1_D_hct15_seed4_rigid62_1_from376000cy/rbc58_sim_2xKSin1_D_hct15_seed4_rigid62_1_from376000cy.dat
shape =  (8, 717)
717
loading  /home/jasencakova/dataset/cells/priamy_kanal/sim_2xKSin1_D_hct15_seed4_rigid62_1_from376000cy/rbc59_sim_2xKSin1_D_hct15_seed4_rigid62_1_from376000cy.dat
shape =  (8, 717)
717
loading  /home/jasencakova/dataset/cells/priamy_kanal/sim_2xKSin1_D_hct15_seed4_rigid62_1_from376000cy/rbc60_sim_2xKSin1_D_hct15_seed4_rigid62_1_from376000cy.dat
shape =  (8, 717)
717
loading  /home/jasencakova/dataset/cells/priamy_kanal/sim_2xKSin1_D_hct15_seed4_rigid62_1_from376000cy/rbc61_sim_2xKSin1_D_hct15_seed4_rigid62_1_from376000cy.dat
shape =  (8, 717)
717
loading  /home/jasencakova/dataset/cells/priamy_kanal/sim_2xKSin1_D_hct15_seed4_rigid62_1_from376000cy/rbc62_sim_2xKSin1_D_hct15_seed4_rigid62_1_from376000cy.dat
shape =  (8, 717)
717
loading  /home/jasencakova/dataset/cells/priamy_kanal/sim_2xKSin1_D_hct15_seed4_rigid62_1_from376000cy/rbc63_sim_2xKSin1_D_hct15_seed4_rigid62_1_from376000cy.dat
shape =  (8, 717)
717
loading  /home/jasencakova/dataset/cells/priamy_kanal/sim_2xKSin1_D_hct15_seed4_rigid62_1_from376000cy/rbc64_sim_2xKSin1_D_hct15_seed4_rigid62_1_from376000cy.dat
shape =  (8, 717)
717
loading  /home/jasencakova/dataset/cells/priamy_kanal/sim_2xKSin1_D_hct15_seed4_rigid62_1_from376000cy/rbc65_sim_2xKSin1_D_hct15_seed4_rigid62_1_from376000cy.dat
shape =  (8, 717)
717
loading  /home/jasencakova/dataset/cells/priamy_kanal/sim_2xKSin1_D_hct15_seed4_rigid62_1_from376000cy/rbc66_sim_2xKSin1_D_hct15_seed4_rigid62_1_from376000cy.dat
shape =  (8, 717)
717
loading  /home/jasencakova/dataset/cells/priamy_kanal/sim_2xKSin1_D_hct15_seed4_rigid62_1_from376000cy/rbc67_sim_2xKSin1_D_hct15_seed4_rigid62_1_from376000cy.dat
shape =  (8, 717)
717
loading  /home/jasencakova/dataset/cells/priamy_kanal/sim_2xKSin1_D_hct15_seed4_rigid62_1_from376000cy/rbc68_sim_2xKSin1_D_hct15_seed4_rigid62_1_from376000cy.dat
shape =  (8, 717)
717
loading  /home/jasencakova/dataset/cells/priamy_kanal/sim_2xKSin1_D_hct15_seed4_rigid62_1_from376000cy/rbc69_sim_2xKSin1_D_hct15_seed4_rigid62_1_from376000cy.dat
shape =  (8, 717)
717
loading  /home/jasencakova/dataset/cells/priamy_kanal/sim_2xKSin1_D_hct15_seed4_rigid62_1_from376000cy/rbc70_sim_2xKSin1_D_hct15_seed4_rigid62_1_from376000cy.dat
shape =  (8, 717)
717
loading  /home/jasencakova/dataset/cells/priamy_kanal/sim_2xKSin1_D_hct15_seed4_rigid62_1_from376000cy/rbc71_sim_2xKSin1_D_hct15_seed4_rigid62_1_from376000cy.dat
shape =  (8, 717)
717
loading  /home/jasencakova/dataset/cells/priamy_kanal/sim_2xKSin1_D_hct15_seed4_rigid62_1_from376000cy/rbc72_sim_2xKSin1_D_hct15_seed4_rigid62_1_from376000cy.dat
shape =  (8, 717)
717
loading  /home/jasencakova/dataset/cells/priamy_kanal/sim_2xKSin1_D_hct15_seed4_rigid62_1_from376000cy/rbc73_sim_2xKSin1_D_hct15_seed4_rigid62_1_from376000cy.dat
shape =  (8, 717)
717
loading  /home/jasencakova/dataset/cells/priamy_kanal/sim_2xKSin1_D_hct15_seed4_rigid62_1_from376000cy/rbc74_sim_2xKSin1_D_hct15_seed4_rigid62_1_from376000cy.dat
shape =  (8, 717)
717
loading  /home/jasencakova/dataset/cells/priamy_kanal/sim_2xKSin1_D_hct15_seed4_rigid62_1_from376000cy/rbc75_sim_2xKSin1_D_hct15_seed4_rigid62_1_from376000cy.dat
shape =  (8, 717)
717
loading  /home/jasencakova/dataset/cells/priamy_kanal/sim_2xKSin1_D_hct15_seed4_rigid62_1_from376000cy/rbc76_sim_2xKSin1_D_hct15_seed4_rigid62_1_from376000cy.dat
shape =  (8, 717)
717
loading  /home/jasencakova/dataset/cells/priamy_kanal/sim_2xKSin1_D_hct15_seed4_rigid62_1_from376000cy/rbc77_sim_2xKSin1_D_hct15_seed4_rigid62_1_from376000cy.dat
shape =  (8, 717)
717
loading  /home/jasencakova/dataset/cells/priamy_kanal/sim_2xKSin1_D_hct15_seed4_rigid62_1_from376000cy/rbc78_sim_2xKSin1_D_hct15_seed4_rigid62_1_from376000cy.dat
shape =  (8, 717)
717
loading  /home/jasencakova/dataset/cells/priamy_kanal/sim_2xKSin1_D_hct15_seed4_rigid62_1_from376000cy/rbc79_sim_2xKSin1_D_hct15_seed4_rigid62_1_from376000cy.dat
shape =  (8, 717)
717
loading  /home/jasencakova/dataset/cells/priamy_kanal/sim_2xKSin1_D_hct15_seed4_rigid62_1_from376000cy/rbc80_sim_2xKSin1_D_hct15_seed4_rigid62_1_from376000cy.dat
shape =  (8, 717)
717
loading  /home/jasencakova/dataset/cells/priamy_kanal/sim_2xKSin1_D_hct15_seed4_rigid62_1_from376000cy/rbc81_sim_2xKSin1_D_hct15_seed4_rigid62_1_from376000cy.dat
shape =  (8, 717)
717
loading  /home/jasencakova/dataset/cells/priamy_kanal/sim_2xKSin1_D_hct15_seed4_rigid62_1_from376000cy/rbc82_sim_2xKSin1_D_hct15_seed4_rigid62_1_from376000cy.dat
shape =  (8, 717)
717
loading  /home/jasencakova/dataset/cells/priamy_kanal/sim_2xKSin1_D_hct15_seed4_rigid62_1_from376000cy/rbc83_sim_2xKSin1_D_hct15_seed4_rigid62_1_from376000cy.dat
shape =  (8, 717)
717
loading  /home/jasencakova/dataset/cells/priamy_kanal/sim_2xKSin1_D_hct15_seed4_rigid62_1_from376000cy/rbc84_sim_2xKSin1_D_hct15_seed4_rigid62_1_from376000cy.dat
shape =  (8, 717)
717
loading  /home/jasencakova/dataset/cells/priamy_kanal/sim_2xKSin1_D_hct15_seed4_rigid62_1_from376000cy/rbc85_sim_2xKSin1_D_hct15_seed4_rigid62_1_from376000cy.dat
shape =  (8, 717)
717
loading  /home/jasencakova/dataset/cells/priamy_kanal/sim_2xKSin1_D_hct15_seed4_rigid62_1_from376000cy/rbc86_sim_2xKSin1_D_hct15_seed4_rigid62_1_from376000cy.dat
shape =  (8, 717)
717
loading  /home/jasencakova/dataset/cells/priamy_kanal/sim_2xKSin1_D_hct15_seed4_rigid62_1_from376000cy/rbc87_sim_2xKSin1_D_hct15_seed4_rigid62_1_from376000cy.dat
shape =  (8, 717)
717
loading  /home/jasencakova/dataset/cells/priamy_kanal/sim_2xKSin1_D_hct15_seed4_rigid62_1_from376000cy/rbc88_sim_2xKSin1_D_hct15_seed4_rigid62_1_from376000cy.dat
shape =  (8, 717)
717
loading  /home/jasencakova/dataset/cells/priamy_kanal/sim_2xKSin1_D_hct15_seed4_rigid62_1_from376000cy/rbc89_sim_2xKSin1_D_hct15_seed4_rigid62_1_from376000cy.dat
shape =  (8, 717)
717
loading  /home/jasencakova/dataset/cells/priamy_kanal/sim_2xKSin1_D_hct15_seed4_rigid62_1_from376000cy/rbc90_sim_2xKSin1_D_hct15_seed4_rigid62_1_from376000cy.dat
shape =  (8, 717)
717
loading  /home/jasencakova/dataset/cells/priamy_kanal/sim_2xKSin1_D_hct15_seed4_rigid62_1_from376000cy/rbc91_sim_2xKSin1_D_hct15_seed4_rigid62_1_from376000cy.dat
shape =  (8, 717)
717
loading  /home/jasencakova/dataset/cells/priamy_kanal/sim_2xKSin1_D_hct15_seed4_rigid62_1_from376000cy/rbc92_sim_2xKSin1_D_hct15_seed4_rigid62_1_from376000cy.dat
shape =  (8, 717)
717
loading  /home/jasencakova/dataset/cells/priamy_kanal/sim_2xKSin1_D_hct15_seed4_rigid62_1_from376000cy/rbc93_sim_2xKSin1_D_hct15_seed4_rigid62_1_from376000cy.dat
shape =  (8, 717)
717
loading  /home/jasencakova/dataset/cells/priamy_kanal/sim_2xKSin1_D_hct15_seed4_rigid62_1_from376000cy/rbc94_sim_2xKSin1_D_hct15_seed4_rigid62_1_from376000cy.dat
shape =  (8, 717)
717
loading  /home/jasencakova/dataset/cells/priamy_kanal/sim_2xKSin1_D_hct15_seed4_rigid62_1_from376000cy/rbc95_sim_2xKSin1_D_hct15_seed4_rigid62_1_from376000cy.dat
shape =  (8, 717)
717
loading  /home/jasencakova/dataset/cells/priamy_kanal/sim_2xKSin1_D_hct15_seed4_rigid62_1_from376000cy/rbc96_sim_2xKSin1_D_hct15_seed4_rigid62_1_from376000cy.dat
shape =  (8, 717)
717
loading  /home/jasencakova/dataset/cells/priamy_kanal/sim_2xKSin1_D_hct15_seed4_rigid62_1_from376000cy/rbc97_sim_2xKSin1_D_hct15_seed4_rigid62_1_from376000cy.dat
shape =  (8, 717)
717
loading  /home/jasencakova/dataset/cells/priamy_kanal/sim_2xKSin1_D_hct15_seed4_rigid62_1_from376000cy/rbc98_sim_2xKSin1_D_hct15_seed4_rigid62_1_from376000cy.dat
shape =  (8, 717)
717
loading  /home/jasencakova/dataset/cells/priamy_kanal/sim_2xKSin1_D_hct15_seed4_rigid62_1_from376000cy/rbc99_sim_2xKSin1_D_hct15_seed4_rigid62_1_from376000cy.dat
shape =  (8, 717)
717
loading  /home/jasencakova/dataset/cells/priamy_kanal/sim_2xKSin1_D_hct15_seed4_rigid62_1_from376000cy/rbc100_sim_2xKSin1_D_hct15_seed4_rigid62_1_from376000cy.dat
shape =  (8, 717)
717
loading  /home/jasencakova/dataset/cells/priamy_kanal/sim_2xKSin1_D_hct15_seed4_rigid62_1_from376000cy/rbc101_sim_2xKSin1_D_hct15_seed4_rigid62_1_from376000cy.dat
shape =  (8, 717)
717
loading  /home/jasencakova/dataset/cells/priamy_kanal/sim_2xKSin1_D_hct15_seed4_rigid62_1_from376000cy/rbc102_sim_2xKSin1_D_hct15_seed4_rigid62_1_from376000cy.dat
shape =  (8, 717)
717
loading  /home/jasencakova/dataset/cells/priamy_kanal/sim_2xKSin1_D_hct15_seed4_rigid62_1_from376000cy/rbc103_sim_2xKSin1_D_hct15_seed4_rigid62_1_from376000cy.dat
shape =  (8, 717)
717
loading  /home/jasencakova/dataset/cells/priamy_kanal/sim_2xKSin1_D_hct15_seed4_rigid62_1_from376000cy/rbc104_sim_2xKSin1_D_hct15_seed4_rigid62_1_from376000cy.dat
shape =  (8, 717)
717
loading  /home/jasencakova/dataset/cells/priamy_kanal/sim_2xKSin1_D_hct15_seed4_rigid62_1_from376000cy/rbc105_sim_2xKSin1_D_hct15_seed4_rigid62_1_from376000cy.dat
shape =  (8, 717)
717
loading  /home/jasencakova/dataset/cells/priamy_kanal/sim_2xKSin1_D_hct15_seed4_rigid62_1_from376000cy/rbc106_sim_2xKSin1_D_hct15_seed4_rigid62_1_from376000cy.dat
shape =  (8, 717)
717
loading  /home/jasencakova/dataset/cells/priamy_kanal/sim_2xKSin1_D_hct15_seed4_rigid62_1_from376000cy/rbc107_sim_2xKSin1_D_hct15_seed4_rigid62_1_from376000cy.dat
shape =  (8, 717)
717
loading  /home/jasencakova/dataset/cells/priamy_kanal/sim_2xKSin1_D_hct15_seed4_rigid62_1_from376000cy/rbc108_sim_2xKSin1_D_hct15_seed4_rigid62_1_from376000cy.dat
shape =  (8, 717)
717
loading  /home/jasencakova/dataset/cells/priamy_kanal/sim_2xKSin1_D_hct15_seed4_rigid62_1_from376000cy/rbc109_sim_2xKSin1_D_hct15_seed4_rigid62_1_from376000cy.dat
shape =  (8, 717)
717
loading  /home/jasencakova/dataset/cells/priamy_kanal/sim_2xKSin1_D_hct15_seed4_rigid62_1_from376000cy/rbc110_sim_2xKSin1_D_hct15_seed4_rigid62_1_from376000cy.dat
shape =  (8, 717)
717
loading  /home/jasencakova/dataset/cells/priamy_kanal/sim_2xKSin1_D_hct15_seed4_rigid62_1_from376000cy/rbc111_sim_2xKSin1_D_hct15_seed4_rigid62_1_from376000cy.dat
shape =  (8, 717)
717
loading  /home/jasencakova/dataset/cells/priamy_kanal/sim_2xKSin1_D_hct15_seed4_rigid62_1_from376000cy/rbc112_sim_2xKSin1_D_hct15_seed4_rigid62_1_from376000cy.dat
shape =  (8, 717)
717
loading  /home/jasencakova/dataset/cells/priamy_kanal/sim_2xKSin1_D_hct15_seed4_rigid62_1_from376000cy/rbc113_sim_2xKSin1_D_hct15_seed4_rigid62_1_from376000cy.dat
shape =  (8, 717)
717
loading  /home/jasencakova/dataset/cells/priamy_kanal/sim_2xKSin1_D_hct15_seed4_rigid62_1_from376000cy/rbc114_sim_2xKSin1_D_hct15_seed4_rigid62_1_from376000cy.dat
shape =  (8, 717)
717
loading  /home/jasencakova/dataset/cells/priamy_kanal/sim_2xKSin1_D_hct15_seed4_rigid62_1_from376000cy/rbc115_sim_2xKSin1_D_hct15_seed4_rigid62_1_from376000cy.dat
shape =  (8, 717)
717
loading  /home/jasencakova/dataset/cells/priamy_kanal/sim_2xKSin1_D_hct15_seed4_rigid62_1_from376000cy/rbc116_sim_2xKSin1_D_hct15_seed4_rigid62_1_from376000cy.dat
shape =  (8, 717)
717
loading  /home/jasencakova/dataset/cells/priamy_kanal/sim_2xKSin1_D_hct15_seed4_rigid62_1_from376000cy/rbc117_sim_2xKSin1_D_hct15_seed4_rigid62_1_from376000cy.dat
shape =  (8, 717)
717
loading  /home/jasencakova/dataset/cells/priamy_kanal/sim_2xKSin1_D_hct15_seed4_rigid62_1_from376000cy/rbc118_sim_2xKSin1_D_hct15_seed4_rigid62_1_from376000cy.dat
shape =  (8, 717)
717
loading  /home/jasencakova/dataset/cells/priamy_kanal/sim_2xKSin1_D_hct15_seed4_rigid62_1_from376000cy/rbc119_sim_2xKSin1_D_hct15_seed4_rigid62_1_from376000cy.dat
shape =  (8, 717)
717
loading  /home/jasencakova/dataset/cells/priamy_kanal/sim_2xKSin1_D_hct15_seed4_rigid62_1_from376000cy/rbc120_sim_2xKSin1_D_hct15_seed4_rigid62_1_from376000cy.dat
shape =  (8, 717)
717
loading  /home/jasencakova/dataset/cells/priamy_kanal/sim_2xKSin1_D_hct15_seed4_rigid62_1_from376000cy/rbc121_sim_2xKSin1_D_hct15_seed4_rigid62_1_from376000cy.dat
shape =  (8, 717)
717
loading  /home/jasencakova/dataset/cells/priamy_kanal/sim_2xKSin1_D_hct15_seed4_rigid62_1_from376000cy/rbc122_sim_2xKSin1_D_hct15_seed4_rigid62_1_from376000cy.dat
shape =  (8, 717)
717
loading  /home/jasencakova/dataset/cells/priamy_kanal/sim_2xKSin1_D_hct15_seed4_rigid62_1_from376000cy/rbc123_sim_2xKSin1_D_hct15_seed4_rigid62_1_from376000cy.dat
shape =  (8, 717)
717
loading  /home/jasencakova/dataset/cells/priamy_kanal/sim_2xKSin1_D_hct15_seed4_rigid62_1_from376000cy/rbc124_sim_2xKSin1_D_hct15_seed4_rigid62_1_from376000cy.dat
shape =  (8, 717)
717
loading  /home/jasencakova/dataset/cells/priamy_kanal/sim_2xKSin1_D_hct15_seed4_rigid62_1_from376000cy/rbc125_sim_2xKSin1_D_hct15_seed4_rigid62_1_from376000cy.dat
shape =  (8, 717)
717
loading  /home/jasencakova/dataset/cells/priamy_kanal/sim_2xKSin1_D_hct15_seed4_rigid62_1_from376000cy/rbc126_sim_2xKSin1_D_hct15_seed4_rigid62_1_from376000cy.dat
shape =  (8, 717)
717
loading  /home/jasencakova/dataset/cells/priamy_kanal/sim_2xKSin1_D_hct15_seed4_rigid62_1_from376000cy/rbc127_sim_2xKSin1_D_hct15_seed4_rigid62_1_from376000cy.dat
shape =  (8, 717)
717
loading  /home/jasencakova/dataset/cells/priamy_kanal/sim_2xKSin1_D_hct15_seed4_rigid62_1_from376000cy/rbc128_sim_2xKSin1_D_hct15_seed4_rigid62_1_from376000cy.dat
shape =  (8, 717)
717
loading  /home/jasencakova/dataset/cells/priamy_kanal/sim_2xKSin1_D_hct15_seed4_rigid62_1_from376000cy/rbc129_sim_2xKSin1_D_hct15_seed4_rigid62_1_from376000cy.dat
shape =  (8, 717)
717
loading  /home/jasencakova/dataset/cells/priamy_kanal/sim_2xKSin1_D_hct15_seed4_rigid62_1_from376000cy/rbc130_sim_2xKSin1_D_hct15_seed4_rigid62_1_from376000cy.dat
shape =  (8, 717)
717
loading  /home/jasencakova/dataset/cells/priamy_kanal/sim_2xKSin1_D_hct15_seed4_rigid62_1_from376000cy/rbc131_sim_2xKSin1_D_hct15_seed4_rigid62_1_from376000cy.dat
shape =  (8, 717)
717
loading  /home/jasencakova/dataset/cells/priamy_kanal/sim_2xKSin1_D_hct15_seed4_rigid62_1_from376000cy/rbc132_sim_2xKSin1_D_hct15_seed4_rigid62_1_from376000cy.dat
shape =  (8, 717)
717
loading  /home/jasencakova/dataset/cells/priamy_kanal/sim_2xKSin1_D_hct15_seed4_rigid62_1_from376000cy/rbc133_sim_2xKSin1_D_hct15_seed4_rigid62_1_from376000cy.dat
shape =  (8, 717)
717
loading  /home/jasencakova/dataset/cells/priamy_kanal/sim_2xKSin1_D_hct15_seed4_rigid62_1_from376000cy/rbc134_sim_2xKSin1_D_hct15_seed4_rigid62_1_from376000cy.dat
shape =  (8, 717)
717
loading  /home/jasencakova/dataset/cells/priamy_kanal/sim_2xKSin1_D_hct15_seed4_rigid62_1_from376000cy/rbc135_sim_2xKSin1_D_hct15_seed4_rigid62_1_from376000cy.dat
shape =  (8, 717)
717
loading  /home/jasencakova/dataset/cells/priamy_kanal/sim_2xKSin1_D_hct15_seed4_rigid62_1_from376000cy/rbc136_sim_2xKSin1_D_hct15_seed4_rigid62_1_from376000cy.dat
shape =  (8, 717)
717
loading  /home/jasencakova/dataset/cells/priamy_kanal/sim_2xKSin1_D_hct15_seed4_rigid62_1_from376000cy/rbc137_sim_2xKSin1_D_hct15_seed4_rigid62_1_from376000cy.dat
shape =  (8, 717)
717
loading  /home/jasencakova/dataset/cells/priamy_kanal/sim_2xKSin1_D_hct15_seed4_rigid62_1_from376000cy/rbc138_sim_2xKSin1_D_hct15_seed4_rigid62_1_from376000cy.dat
shape =  (8, 717)
717
loading  /home/jasencakova/dataset/cells/priamy_kanal/sim_2xKSin1_D_hct15_seed4_rigid62_1_from376000cy/rbc139_sim_2xKSin1_D_hct15_seed4_rigid62_1_from376000cy.dat
shape =  (8, 717)
717
loading  /home/jasencakova/dataset/cells/priamy_kanal/sim_2xKSin1_D_hct15_seed4_rigid62_1_from376000cy/rbc140_sim_2xKSin1_D_hct15_seed4_rigid62_1_from376000cy.dat
shape =  (8, 717)
717
loading  /home/jasencakova/dataset/cells/priamy_kanal/sim_2xKSin1_D_hct15_seed4_rigid62_1_from376000cy/rbc141_sim_2xKSin1_D_hct15_seed4_rigid62_1_from376000cy.dat
shape =  (8, 717)
717
loading  /home/jasencakova/dataset/cells/priamy_kanal/sim_2xKSin1_D_hct15_seed4_rigid62_1_from376000cy/rbc142_sim_2xKSin1_D_hct15_seed4_rigid62_1_from376000cy.dat
shape =  (8, 717)
717
loading  /home/jasencakova/dataset/cells/priamy_kanal/sim_2xKSin1_D_hct15_seed4_rigid62_1_from376000cy/rbc143_sim_2xKSin1_D_hct15_seed4_rigid62_1_from376000cy.dat
shape =  (8, 717)
717
loading  /home/jasencakova/dataset/cells/priamy_kanal/sim_2xKSin1_D_hct15_seed4_rigid62_1_from376000cy/rbc144_sim_2xKSin1_D_hct15_seed4_rigid62_1_from376000cy.dat
shape =  (8, 717)
717
loading  /home/jasencakova/dataset/cells/priamy_kanal/sim_2xKSin1_D_hct15_seed4_rigid62_1_from376000cy/rbc145_sim_2xKSin1_D_hct15_seed4_rigid62_1_from376000cy.dat
shape =  (8, 717)
717
loading  /home/jasencakova/dataset/cells/priamy_kanal/sim_2xKSin1_D_hct15_seed4_rigid62_1_from376000cy/rbc146_sim_2xKSin1_D_hct15_seed4_rigid62_1_from376000cy.dat
shape =  (8, 717)
717
loading  /home/jasencakova/dataset/cells/priamy_kanal/sim_2xKSin1_D_hct15_seed4_rigid62_1_from376000cy/rbc147_sim_2xKSin1_D_hct15_seed4_rigid62_1_from376000cy.dat
shape =  (8, 717)
717
loading  /home/jasencakova/dataset/cells/priamy_kanal/sim_2xKSin1_D_hct15_seed4_rigid62_1_from376000cy/rbc148_sim_2xKSin1_D_hct15_seed4_rigid62_1_from376000cy.dat
shape =  (8, 717)
717
loading  /home/jasencakova/dataset/cells/priamy_kanal/sim_2xKSin1_D_hct15_seed4_rigid62_1_from376000cy/rbc149_sim_2xKSin1_D_hct15_seed4_rigid62_1_from376000cy.dat
shape =  (8, 717)
717
loading  /home/jasencakova/dataset/cells/priamy_kanal/sim_2xKSin1_D_hct15_seed4_rigid62_1_from376000cy/rbc150_sim_2xKSin1_D_hct15_seed4_rigid62_1_from376000cy.dat
shape =  (8, 717)
717
loading  /home/jasencakova/dataset/cells/priamy_kanal/sim_2xKSin1_D_hct15_seed4_rigid62_1_from376000cy/rbc151_sim_2xKSin1_D_hct15_seed4_rigid62_1_from376000cy.dat
shape =  (8, 717)
717
loading  /home/jasencakova/dataset/cells/priamy_kanal/sim_2xKSin1_D_hct15_seed4_rigid62_1_from376000cy/rbc152_sim_2xKSin1_D_hct15_seed4_rigid62_1_from376000cy.dat
shape =  (8, 717)
717
loading  /home/jasencakova/dataset/cells/priamy_kanal/sim_2xKSin1_D_hct15_seed4_rigid62_1_from376000cy/rbc153_sim_2xKSin1_D_hct15_seed4_rigid62_1_from376000cy.dat
shape =  (8, 717)
717
shortest_length =  717
data_shape      =  (154, 717, 8)








dataset summary : 

training_dats shape    =  (154, 189, 8)
testing_dats shape    =  (154, 717, 8)
training_count  =  2939706
testing_count   =  110418
channels_count  =  8
sequence_length =  128
classes_count   =   2
batch(32) tensor shape =  torch.Size([32, 8, 128]) torch.Size([32, 2])





model
Sequential(
  (0): Conv1d(8, 32, kernel_size=(3,), stride=(2,), padding=(1,))
  (1): ReLU()
  (2): Dropout(p=0.01, inplace=False)
  (3): Conv1d(32, 64, kernel_size=(3,), stride=(2,), padding=(1,))
  (4): ReLU()
  (5): Dropout(p=0.01, inplace=False)
  (6): Conv1d(64, 64, kernel_size=(3,), stride=(2,), padding=(1,))
  (7): ReLU()
  (8): Dropout(p=0.01, inplace=False)
  (9): Conv1d(64, 128, kernel_size=(3,), stride=(2,), padding=(1,))
  (10): ReLU()
  (11): Dropout(p=0.01, inplace=False)
  (12): Flatten()
  (13): Linear(in_features=1024, out_features=2, bias=True)
)



0 78.15098724312087 63.37348090277778 0.15975396 0.24272394 0.029836701 0.015224633 14.72 





=================================================
new best net in 0
TRAINING result
accuracy   = 78.151 [%]
hit_count  = 2297564
miss_count = 642340

class_accuracy = 88.614%   61.774%   


confusion_matrix = 
1589562	 438108	 
204232	 708002	 



TESTING result
accuracy   = 63.373 [%]
hit_count  = 70086
miss_count = 40506

class_accuracy = 70.213%   52.725%   


confusion_matrix = 
47277	 20450	 
20056	 22809	 




1 85.88770245559039 84.28638599537037 0.115826644 0.15201332 0.023270752 0.014806408 14.57 





=================================================
new best net in 1
TRAINING result
accuracy   = 85.888 [%]
hit_count  = 2525016
miss_count = 414888

class_accuracy = 91.984%   76.339%   


confusion_matrix = 
1650491	 271058	 
143830	 874525	 



TESTING result
accuracy   = 84.286 [%]
hit_count  = 93214
miss_count = 17378

class_accuracy = 87.988%   78.528%   


confusion_matrix = 
59221	 9294	 
8084	 33993	 




2 93.04222178683385 85.95468026620371 0.070530705 0.16087297 0.00869232 0.018496977 14.42 





=================================================
new best net in 2
TRAINING result
accuracy   = 93.042 [%]
hit_count  = 2735352
miss_count = 204552

class_accuracy = 96.831%   87.101%   


confusion_matrix = 
1738282	 147655	 
56897	 997070	 



TESTING result
accuracy   = 85.955 [%]
hit_count  = 95059
miss_count = 15533

class_accuracy = 89.329%   80.674%   


confusion_matrix = 
60257	 8336	 
7197	 34802	 




3 94.52448107149077 86.88060619212963 0.059839293 0.1629823 0.0072398763 0.019520685 14.27 





=================================================
new best net in 3
TRAINING result
accuracy   = 94.524 [%]
hit_count  = 2778929
miss_count = 160975

class_accuracy = 97.618%   89.661%   


confusion_matrix = 
1754049	 118175	 
42800	 1024880	 



TESTING result
accuracy   = 86.881 [%]
hit_count  = 96083
miss_count = 14509

class_accuracy = 90.972%   80.478%   


confusion_matrix = 
61369	 8420	 
6089	 34714	 




4 95.64196654040404 85.9962745949074 0.051716942 0.16301286 0.0064909984 0.019957095 14.12 

5 96.54434294453152 86.72688802083333 0.04486139 0.1551316 0.0058405297 0.018366907 13.97 

6 97.28984347788227 86.02792245370371 0.03915603 0.16279924 0.005168589 0.020460114 13.83 

7 97.88336625957854 87.16182002314815 0.034391478 0.15071507 0.004634606 0.018608913 13.69 





=================================================
new best net in 7
TRAINING result
accuracy   = 97.883 [%]
hit_count  = 2877677
miss_count = 62227

class_accuracy = 99.046%   96.063%   


confusion_matrix = 
1777231	 45102	 
17125	 1100446	 



TESTING result
accuracy   = 87.162 [%]
hit_count  = 96394
miss_count = 14198

class_accuracy = 91.162%   80.94%   


confusion_matrix = 
61352	 8251	 
5947	 35042	 




8 98.34950392938 87.3291015625 0.030331533 0.14923428 0.004114356 0.018722191 13.54 





=================================================
new best net in 8
TRAINING result
accuracy   = 98.35 [%]
hit_count  = 2891381
miss_count = 48523

class_accuracy = 99.243%   96.954%   


confusion_matrix = 
1778691	 34961	 
13562	 1112690	 



TESTING result
accuracy   = 87.329 [%]
hit_count  = 96579
miss_count = 14013

class_accuracy = 91.549%   80.779%   


confusion_matrix = 
61562	 8331	 
5682	 35017	 




9 98.75999352359806 87.02980324074075 0.026524575 0.15593444 0.003744822 0.019641673 13.4 

10 99.13418941570882 87.74685329861111 0.022705164 0.13894127 0.0032186448 0.016673066 13.25 





=================================================
new best net in 10
TRAINING result
accuracy   = 99.134 [%]
hit_count  = 2914450
miss_count = 25454

class_accuracy = 99.619%   98.376%   


confusion_matrix = 
1786789	 18615	 
6839	 1127661	 



TESTING result
accuracy   = 87.747 [%]
hit_count  = 97041
miss_count = 13551

class_accuracy = 93.003%   79.5%   


confusion_matrix = 
62805	 8827	 
4724	 34236	 




11 99.48311237373737 87.8761574074074 0.018510029 0.13721733 0.0028197255 0.017034486 13.11 





=================================================
new best net in 11
TRAINING result
accuracy   = 99.483 [%]
hit_count  = 2924708
miss_count = 15196

class_accuracy = 99.775%   99.026%   


confusion_matrix = 
1790369	 11161	 
4035	 1134339	 



TESTING result
accuracy   = 87.876 [%]
hit_count  = 97184
miss_count = 13408

class_accuracy = 93.546%   78.99%   


confusion_matrix = 
63147	 9052	 
4356	 34037	 




12 99.75403958768722 88.45576533564815 0.014377961 0.13473742 0.0022247902 0.01854747 12.95 





=================================================
new best net in 12
TRAINING result
accuracy   = 99.754 [%]
hit_count  = 2932673
miss_count = 7231

class_accuracy = 99.905%   99.518%   


confusion_matrix = 
1792325	 5526	 
1705	 1140348	 



TESTING result
accuracy   = 88.456 [%]
hit_count  = 97825
miss_count = 12767

class_accuracy = 94.207%   79.488%   


confusion_matrix = 
63468	 8865	 
3902	 34357	 




13 99.90523500087077 88.42321325231481 0.010813553 0.13586445 0.0017035716 0.019659474 12.8 

14 99.96795813740857 88.66012008101852 0.008134411 0.13135746 0.0012418764 0.018621692 12.65 





=================================================
new best net in 14
TRAINING result
accuracy   = 99.968 [%]
hit_count  = 2938962
miss_count = 942

class_accuracy = 99.994%   99.928%   


confusion_matrix = 
1795270	 828	 
114	 1143692	 



TESTING result
accuracy   = 88.66 [%]
hit_count  = 98051
miss_count = 12541

class_accuracy = 94.919%   78.821%   


confusion_matrix = 
64151	 9108	 
3433	 33900	 




15 99.9899656587426 88.69900173611111 0.006273625 0.12517048 0.0009349936 0.017863479 12.51 





=================================================
new best net in 15
TRAINING result
accuracy   = 99.99 [%]
hit_count  = 2939609
miss_count = 295

class_accuracy = 99.999%   99.976%   


confusion_matrix = 
1794856	 272	 
23	 1144753	 



TESTING result
accuracy   = 88.699 [%]
hit_count  = 98094
miss_count = 12498

class_accuracy = 95.572%   77.847%   


confusion_matrix = 
64704	 9501	 
2997	 33390	 




16 99.99571414576802 88.76772280092592 0.004952614 0.12527122 0.0007135523 0.01793984 12.37 





=================================================
new best net in 16
TRAINING result
accuracy   = 99.996 [%]
hit_count  = 2939778
miss_count = 126

class_accuracy = 99.999%   99.99%   


confusion_matrix = 
1793491	 115	 
11	 1146287	 



TESTING result
accuracy   = 88.768 [%]
hit_count  = 98170
miss_count = 12422

class_accuracy = 95.996%   77.439%   


confusion_matrix = 
64804	 9720	 
2702	 33366	 




17 99.99840130834204 88.96484375 0.0040510003 0.12001239 0.0005752752 0.017185567 12.22 





=================================================
new best net in 17
TRAINING result
accuracy   = 99.998 [%]
hit_count  = 2939857
miss_count = 47

class_accuracy = 100.0%   99.996%   


confusion_matrix = 
1794786	 44	 
3	 1145071	 



TESTING result
accuracy   = 88.965 [%]
hit_count  = 98388
miss_count = 12204

class_accuracy = 95.573%   78.668%   


confusion_matrix = 
64371	 9223	 
2981	 34017	 




18 99.99935372039359 89.0037254050926 0.0033873993 0.117516786 0.00046851102 0.017193768 12.08 





=================================================
new best net in 18
TRAINING result
accuracy   = 99.999 [%]
hit_count  = 2939885
miss_count = 19

class_accuracy = 100.0%   99.998%   


confusion_matrix = 
1794570	 19	 
0	 1145315	 



TESTING result
accuracy   = 89.004 [%]
hit_count  = 98431
miss_count = 12161

class_accuracy = 96.095%   77.844%   


confusion_matrix = 
64972	 9522	 
2639	 33459	 




19 99.99976189698711 89.06611689814815 0.002898406 0.11496007 0.00039907792 0.015451622 11.94 





=================================================
new best net in 19
TRAINING result
accuracy   = 100.0 [%]
hit_count  = 2939897
miss_count = 7

class_accuracy = 100.0%   99.999%   


confusion_matrix = 
1795014	 7	 
0	 1144883	 



TESTING result
accuracy   = 89.066 [%]
hit_count  = 98500
miss_count = 12092

class_accuracy = 96.599%   77.241%   


confusion_matrix = 
65251	 9796	 
2296	 33249	 




20 99.99972788227099 89.30121527777777 0.0025259212 0.11162086 0.00034216576 0.015401013 11.78 





=================================================
new best net in 20
TRAINING result
accuracy   = 100.0 [%]
hit_count  = 2939896
miss_count = 8

class_accuracy = 100.0%   99.999%   


confusion_matrix = 
1792413	 8	 
0	 1147483	 



TESTING result
accuracy   = 89.301 [%]
hit_count  = 98760
miss_count = 11832

class_accuracy = 96.596%   77.942%   


confusion_matrix = 
65043	 9541	 
2291	 33717	 




21 99.99979591170325 89.04531973379629 0.0022336913 0.11027166 0.00030606237 0.01528396 11.62 

22 100.0 89.33015046296296 0.0020081345 0.108397275 0.00027067823 0.014828654 11.45 





=================================================
new best net in 22
TRAINING result
accuracy   = 100.0 [%]
hit_count  = 2939904
miss_count = 0

class_accuracy = 100.0%   100.0%   


confusion_matrix = 
1794904	 0	 
0	 1145000	 



TESTING result
accuracy   = 89.33 [%]
hit_count  = 98792
miss_count = 11800

class_accuracy = 96.917%   77.412%   


confusion_matrix = 
65483	 9718	 
2082	 33309	 




23 100.0 89.22797309027777 0.001824655 0.10591012 0.00024879805 0.013955932 11.29 

24 99.99996598528388 89.23882378472223 0.0016628273 0.10571456 0.00022358831 0.014422215 11.13 

25 99.99996598528388 89.09414785879629 0.0015392783 0.103924364 0.00020842328 0.014601982 10.97 

26 100.0 88.9304832175926 0.0014309253 0.102496095 0.00019468013 0.013067894 10.82 

27 100.0 89.21079282407408 0.0013351847 0.101587825 0.00018212611 0.013339553 10.66 

28 100.0 89.31297019675925 0.0012561976 0.10001285 0.00017068529 0.013717984 10.52 

29 100.0 89.12850839120371 0.0011780121 0.09947659 0.0001604455 0.01210312 10.39 

30 100.0 89.01095920138889 0.00111214 0.099049136 0.00015368144 0.0143055385 10.24 

31 100.0 89.35185185185185 0.0010508525 0.09709616 0.00014423952 0.012891244 10.1 





=================================================
new best net in 31
TRAINING result
accuracy   = 100.0 [%]
hit_count  = 2939904
miss_count = 0

class_accuracy = 100.0%   100.0%   


confusion_matrix = 
1794989	 0	 
0	 1144915	 



TESTING result
accuracy   = 89.352 [%]
hit_count  = 98816
miss_count = 11776

class_accuracy = 97.464%   76.699%   


confusion_matrix = 
65673	 10068	 
1708	 33143	 




32 100.0 89.2966941550926 0.000997251 0.09631314 0.00013783654 0.012320685 9.96 

33 100.0 89.1701027199074 0.00094525184 0.09551651 0.00013140512 0.012742042 9.82 

34 100.0 89.16286892361111 0.0008998559 0.096336715 0.00012531769 0.013636715 9.67 

35 100.0 89.57790798611111 0.0008592049 0.092471704 0.00011839689 0.01257932 9.52 





=================================================
new best net in 35
TRAINING result
accuracy   = 100.0 [%]
hit_count  = 2939904
miss_count = 0

class_accuracy = 100.0%   100.0%   


confusion_matrix = 
1793718	 0	 
0	 1146186	 



TESTING result
accuracy   = 89.578 [%]
hit_count  = 99066
miss_count = 11526

class_accuracy = 97.684%   76.861%   


confusion_matrix = 
65969	 9963	 
1563	 33097	 




36 100.0 89.30573640046296 0.0008212859 0.09335237 0.000113430455 0.0129688 9.38 

37 99.99996598528388 89.43956163194444 0.0007837564 0.09063659 0.000110472254 0.012424596 9.23 

38 100.0 89.72981770833333 0.00075143034 0.089010485 0.00010541456 0.012119357 9.09 





=================================================
new best net in 38
TRAINING result
accuracy   = 100.0 [%]
hit_count  = 2939904
miss_count = 0

class_accuracy = 100.0%   100.0%   


confusion_matrix = 
1794610	 0	 
0	 1145294	 



TESTING result
accuracy   = 89.73 [%]
hit_count  = 99234
miss_count = 11358

class_accuracy = 97.789%   77.084%   


confusion_matrix = 
66044	 9866	 
1492	 33190	 




39 99.99996598528388 89.68822337962963 0.0007173842 0.08691169 0.00010207479 0.011756761 8.95 

40 100.0 89.97667100694444 0.0006858383 0.08649692 9.77485e-05 0.011964696 8.8 





=================================================
new best net in 40
TRAINING result
accuracy   = 100.0 [%]
hit_count  = 2939904
miss_count = 0

class_accuracy = 100.0%   100.0%   


confusion_matrix = 
1793988	 0	 
0	 1145916	 



TESTING result
accuracy   = 89.977 [%]
hit_count  = 99507
miss_count = 11085

class_accuracy = 97.785%   77.765%   


confusion_matrix = 
65956	 9592	 
1493	 33551	 




41 100.0 90.34469039351852 0.0006573821 0.0822389 9.432194e-05 0.011373201 8.65 





=================================================
new best net in 41
TRAINING result
accuracy   = 100.0 [%]
hit_count  = 2939904
miss_count = 0

class_accuracy = 100.0%   100.0%   


confusion_matrix = 
1794041	 0	 
0	 1145863	 



TESTING result
accuracy   = 90.345 [%]
hit_count  = 99914
miss_count = 10678

class_accuracy = 97.892%   78.495%   


confusion_matrix = 
66128	 9255	 
1423	 33786	 




42 100.0 90.1023582175926 0.0006315141 0.081395976 9.046576e-05 0.0111186225 8.51 

43 100.0 90.3663917824074 0.00060548115 0.07927414 8.586613e-05 0.011066632 8.36 





=================================================
new best net in 43
TRAINING result
accuracy   = 100.0 [%]
hit_count  = 2939904
miss_count = 0

class_accuracy = 100.0%   100.0%   


confusion_matrix = 
1793913	 0	 
0	 1145991	 



TESTING result
accuracy   = 90.366 [%]
hit_count  = 99938
miss_count = 10654

class_accuracy = 98.026%   78.352%   


confusion_matrix = 
66194	 9322	 
1332	 33744	 




44 100.0 90.55537471064815 0.0005814322 0.07738213 8.352273e-05 0.011247368 8.21 





=================================================
new best net in 44
TRAINING result
accuracy   = 100.0 [%]
hit_count  = 2939904
miss_count = 0

class_accuracy = 100.0%   100.0%   


confusion_matrix = 
1794643	 0	 
0	 1145261	 



TESTING result
accuracy   = 90.555 [%]
hit_count  = 100147
miss_count = 10445

class_accuracy = 97.998%   78.874%   


confusion_matrix = 
66191	 9094	 
1351	 33956	 




45 100.0 90.96498842592592 0.0005583237 0.075459756 8.148736e-05 0.011255697 8.07 





=================================================
new best net in 45
TRAINING result
accuracy   = 100.0 [%]
hit_count  = 2939904
miss_count = 0

class_accuracy = 100.0%   100.0%   


confusion_matrix = 
1795121	 0	 
0	 1144783	 



TESTING result
accuracy   = 90.965 [%]
hit_count  = 100600
miss_count = 9992

class_accuracy = 97.984%   79.956%   


confusion_matrix = 
66163	 8632	 
1360	 34437	 




46 100.0 90.94599971064815 0.0005355566 0.07308337 7.744571e-05 0.010721152 7.92 

47 100.0 91.27785011574075 0.0005124335 0.07039362 7.4763644e-05 0.010666284 7.78 





=================================================
new best net in 47
TRAINING result
accuracy   = 100.0 [%]
hit_count  = 2939904
miss_count = 0

class_accuracy = 100.0%   100.0%   


confusion_matrix = 
1793842	 0	 
0	 1146062	 



TESTING result
accuracy   = 91.278 [%]
hit_count  = 100946
miss_count = 9646

class_accuracy = 98.111%   80.609%   


confusion_matrix = 
66130	 8374	 
1272	 34816	 




48 100.0 91.37912326388889 0.0004913502 0.06987452 7.1593124e-05 0.0110653 7.63 





=================================================
new best net in 48
TRAINING result
accuracy   = 100.0 [%]
hit_count  = 2939904
miss_count = 0

class_accuracy = 100.0%   100.0%   


confusion_matrix = 
1793644	 0	 
0	 1146260	 



TESTING result
accuracy   = 91.379 [%]
hit_count  = 101058
miss_count = 9534

class_accuracy = 98.061%   80.965%   


confusion_matrix = 
66052	 8229	 
1305	 35006	 




49 100.0 91.72544126157408 0.0004712783 0.06616079 6.872384e-05 0.010268947 7.48 





=================================================
new best net in 49
TRAINING result
accuracy   = 100.0 [%]
hit_count  = 2939904
miss_count = 0

class_accuracy = 100.0%   100.0%   


confusion_matrix = 
1793905	 0	 
0	 1145999	 



TESTING result
accuracy   = 91.725 [%]
hit_count  = 101441
miss_count = 9151

class_accuracy = 98.169%   81.8%   


confusion_matrix = 
65823	 7924	 
1227	 35618	 




50 100.0 91.76613136574075 0.00044904609 0.06462828 6.50105e-05 0.010058605 7.33 





=================================================
new best net in 50
TRAINING result
accuracy   = 100.0 [%]
hit_count  = 2939904
miss_count = 0

class_accuracy = 100.0%   100.0%   


confusion_matrix = 
1793896	 0	 
0	 1146008	 



TESTING result
accuracy   = 91.766 [%]
hit_count  = 101486
miss_count = 9106

class_accuracy = 98.059%   81.894%   


confusion_matrix = 
66220	 7796	 
1310	 35266	 




51 100.0 92.28786892361111 0.00042888065 0.061672565 6.421281e-05 0.01020897 7.19 





=================================================
new best net in 51
TRAINING result
accuracy   = 100.0 [%]
hit_count  = 2939904
miss_count = 0

class_accuracy = 100.0%   100.0%   


confusion_matrix = 
1795203	 0	 
0	 1144701	 



TESTING result
accuracy   = 92.288 [%]
hit_count  = 102063
miss_count = 8529

class_accuracy = 98.013%   83.246%   


confusion_matrix = 
66358	 7185	 
1344	 35705	 




52 100.0 93.08991608796296 0.000410824 0.058205314 6.127532e-05 0.010162049 7.04 





=================================================
new best net in 52
TRAINING result
accuracy   = 100.0 [%]
hit_count  = 2939904
miss_count = 0

class_accuracy = 100.0%   100.0%   


confusion_matrix = 
1794600	 0	 
0	 1145304	 



TESTING result
accuracy   = 93.09 [%]
hit_count  = 102950
miss_count = 7642

class_accuracy = 98.064%   85.233%   


confusion_matrix = 
66396	 6332	 
1310	 36554	 




53 100.0 93.45341435185185 0.0003922835 0.055807546 5.8607908e-05 0.0100162225 6.9 





=================================================
new best net in 53
TRAINING result
accuracy   = 100.0 [%]
hit_count  = 2939904
miss_count = 0

class_accuracy = 100.0%   100.0%   


confusion_matrix = 
1794700	 0	 
0	 1145204	 



TESTING result
accuracy   = 93.453 [%]
hit_count  = 103352
miss_count = 7240

class_accuracy = 98.051%   86.258%   


confusion_matrix = 
66149	 5926	 
1314	 37203	 




54 100.0 93.87839988425925 0.0003731901 0.05271246 5.5875968e-05 0.008898996 6.76 





=================================================
new best net in 54
TRAINING result
accuracy   = 100.0 [%]
hit_count  = 2939904
miss_count = 0

class_accuracy = 100.0%   100.0%   


confusion_matrix = 
1795690	 0	 
0	 1144214	 



TESTING result
accuracy   = 93.878 [%]
hit_count  = 103822
miss_count = 6770

class_accuracy = 98.075%   87.301%   


confusion_matrix = 
66197	 5472	 
1298	 37625	 




55 100.0 94.41008391203704 0.00035436542 0.04965966 5.378848e-05 0.008860034 6.61 





=================================================
new best net in 55
TRAINING result
accuracy   = 100.0 [%]
hit_count  = 2939904
miss_count = 0

class_accuracy = 100.0%   100.0%   


confusion_matrix = 
1793417	 0	 
0	 1146487	 



TESTING result
accuracy   = 94.41 [%]
hit_count  = 104410
miss_count = 6182

class_accuracy = 98.107%   88.628%   


confusion_matrix = 
66167	 4906	 
1276	 38243	 




56 100.0 94.41279658564815 0.00033640923 0.048886307 5.115901e-05 0.0081920065 6.46 





=================================================
new best net in 56
TRAINING result
accuracy   = 100.0 [%]
hit_count  = 2939904
miss_count = 0

class_accuracy = 100.0%   100.0%   


confusion_matrix = 
1793867	 0	 
0	 1146037	 



TESTING result
accuracy   = 94.413 [%]
hit_count  = 104413
miss_count = 6179

class_accuracy = 97.986%   88.794%   


confusion_matrix = 
66219	 4819	 
1360	 38194	 




57 100.0 95.36404079861111 0.0003203725 0.04454317 4.8845563e-05 0.008679586 6.32 





=================================================
new best net in 57
TRAINING result
accuracy   = 100.0 [%]
hit_count  = 2939904
miss_count = 0

class_accuracy = 100.0%   100.0%   


confusion_matrix = 
1794995	 0	 
0	 1144909	 



TESTING result
accuracy   = 95.364 [%]
hit_count  = 105465
miss_count = 5127

class_accuracy = 98.174%   90.952%   


confusion_matrix = 
66300	 3895	 
1232	 39165	 




58 100.0 95.69137008101852 0.00030241083 0.043118812 4.6414287e-05 0.008484691 6.18 





=================================================
new best net in 58
TRAINING result
accuracy   = 100.0 [%]
hit_count  = 2939904
miss_count = 0

class_accuracy = 100.0%   100.0%   


confusion_matrix = 
1793644	 0	 
0	 1146260	 



TESTING result
accuracy   = 95.691 [%]
hit_count  = 105827
miss_count = 4765

class_accuracy = 98.053%   91.996%   


confusion_matrix = 
66125	 3453	 
1312	 39702	 




59 100.0 96.1036964699074 0.00028682876 0.040833235 4.505366e-05 0.008026456 6.04 





=================================================
new best net in 59
TRAINING result
accuracy   = 100.0 [%]
hit_count  = 2939904
miss_count = 0

class_accuracy = 100.0%   100.0%   


confusion_matrix = 
1796253	 0	 
0	 1143651	 



TESTING result
accuracy   = 96.104 [%]
hit_count  = 106283
miss_count = 4309

class_accuracy = 98.009%   93.113%   


confusion_matrix = 
66170	 2966	 
1343	 40113	 




60 100.0 96.4988425925926 0.0002713944 0.038402636 5.231909e-05 0.008261719 5.89 





=================================================
new best net in 60
TRAINING result
accuracy   = 100.0 [%]
hit_count  = 2939904
miss_count = 0

class_accuracy = 100.0%   100.0%   


confusion_matrix = 
1795279	 0	 
0	 1144625	 



TESTING result
accuracy   = 96.499 [%]
hit_count  = 106720
miss_count = 3872

class_accuracy = 98.041%   94.043%   


confusion_matrix = 
66557	 2543	 
1329	 40163	 




61 100.0 96.72489872685185 0.00025466527 0.036997754 4.1083968e-05 0.007867243 5.74 





=================================================
new best net in 61
TRAINING result
accuracy   = 100.0 [%]
hit_count  = 2939904
miss_count = 0

class_accuracy = 100.0%   100.0%   


confusion_matrix = 
1794629	 0	 
0	 1145275	 



TESTING result
accuracy   = 96.725 [%]
hit_count  = 106970
miss_count = 3622

class_accuracy = 97.978%   94.777%   


confusion_matrix = 
65868	 2264	 
1358	 41102	 




62 100.0 97.119140625 0.0002418135 0.03435152 0.00010047139 0.007707173 5.59 





=================================================
new best net in 62
TRAINING result
accuracy   = 100.0 [%]
hit_count  = 2939904
miss_count = 0

class_accuracy = 100.0%   100.0%   


confusion_matrix = 
1794161	 0	 
0	 1145743	 



TESTING result
accuracy   = 97.119 [%]
hit_count  = 107406
miss_count = 3186

class_accuracy = 98.063%   95.631%   


confusion_matrix = 
66277	 1878	 
1308	 41129	 




63 99.99996598528388 97.22131799768519 0.0002256678 0.033187732 0.000105217754 0.0073919557 5.44 





=================================================
new best net in 63
TRAINING result
accuracy   = 100.0 [%]
hit_count  = 2939903
miss_count = 1

class_accuracy = 100.0%   100.0%   


confusion_matrix = 
1795057	 0	 
1	 1144846	 



TESTING result
accuracy   = 97.221 [%]
hit_count  = 107519
miss_count = 3073

class_accuracy = 97.969%   96.043%   


confusion_matrix = 
66188	 1702	 
1371	 41331	 




64 100.0 97.53689236111111 0.00021359764 0.030955115 4.3988966e-05 0.006890152 5.3 





=================================================
new best net in 64
TRAINING result
accuracy   = 100.0 [%]
hit_count  = 2939904
miss_count = 0

class_accuracy = 100.0%   100.0%   


confusion_matrix = 
1793981	 0	 
0	 1145923	 



TESTING result
accuracy   = 97.537 [%]
hit_count  = 107868
miss_count = 2724

class_accuracy = 98.05%   96.729%   


confusion_matrix = 
66172	 1409	 
1315	 41696	 




65 99.9989795585162 97.79369212962963 0.00021264255 0.029428272 0.0006044217 0.006874008 5.15 





=================================================
new best net in 65
TRAINING result
accuracy   = 99.999 [%]
hit_count  = 2939874
miss_count = 30

class_accuracy = 100.0%   99.998%   


confusion_matrix = 
1794811	 25	 
5	 1145063	 



TESTING result
accuracy   = 97.794 [%]
hit_count  = 108152
miss_count = 2440

class_accuracy = 98.017%   97.442%   


confusion_matrix = 
65944	 1107	 
1333	 42208	 




66 99.99894554380008 97.92390046296296 0.00020381744 0.028589368 0.0004889166 0.0075655165 5.0 





=================================================
new best net in 66
TRAINING result
accuracy   = 99.999 [%]
hit_count  = 2939873
miss_count = 31

class_accuracy = 100.0%   99.998%   


confusion_matrix = 
1794969	 27	 
4	 1144904	 



TESTING result
accuracy   = 97.924 [%]
hit_count  = 108296
miss_count = 2296

class_accuracy = 97.882%   97.985%   


confusion_matrix = 
65890	 871	 
1425	 42406	 




67 99.99884349965168 97.96459056712963 0.00020392105 0.027708601 0.00067431404 0.0071726236 4.86 





=================================================
new best net in 67
TRAINING result
accuracy   = 99.999 [%]
hit_count  = 2939870
miss_count = 34

class_accuracy = 100.0%   99.997%   


confusion_matrix = 
1794539	 32	 
2	 1145331	 



TESTING result
accuracy   = 97.965 [%]
hit_count  = 108341
miss_count = 2251

class_accuracy = 97.909%   98.048%   


confusion_matrix = 
66197	 838	 
1413	 42144	 




68 99.99887751436782 98.06586371527777 0.00018600581 0.026312271 0.00056237465 0.006977887 4.71 





=================================================
new best net in 68
TRAINING result
accuracy   = 99.999 [%]
hit_count  = 2939871
miss_count = 33

class_accuracy = 100.0%   99.997%   


confusion_matrix = 
1794295	 28	 
5	 1145576	 



TESTING result
accuracy   = 98.066 [%]
hit_count  = 108453
miss_count = 2139

class_accuracy = 97.992%   98.178%   


confusion_matrix = 
66258	 782	 
1357	 42195	 




69 99.99700670498085 98.14091435185185 0.00019672928 0.02558273 0.0009563889 0.007037304 4.57 





=================================================
new best net in 69
TRAINING result
accuracy   = 99.997 [%]
hit_count  = 2939816
miss_count = 88

class_accuracy = 99.998%   99.995%   


confusion_matrix = 
1795561	 60	 
28	 1144255	 



TESTING result
accuracy   = 98.141 [%]
hit_count  = 108536
miss_count = 2056

class_accuracy = 97.87%   98.563%   


confusion_matrix = 
66158	 617	 
1439	 42378	 




70 99.99969386755485 98.12825520833333 0.00016312659 0.02494581 0.00025063052 0.007270188 4.44 

71 99.99833327890978 98.16171151620371 0.00016795994 0.024241973 0.000670964 0.0072358255 4.3 





=================================================
new best net in 71
TRAINING result
accuracy   = 99.998 [%]
hit_count  = 2939855
miss_count = 49

class_accuracy = 100.0%   99.996%   


confusion_matrix = 
1796564	 42	 
7	 1143291	 



TESTING result
accuracy   = 98.162 [%]
hit_count  = 108559
miss_count = 2033

class_accuracy = 97.897%   98.574%   


confusion_matrix = 
66199	 612	 
1421	 42360	 




72 99.99945576454198 98.27835648148148 0.00014972726 0.022804843 0.00031720178 0.006938089 4.16 





=================================================
new best net in 72
TRAINING result
accuracy   = 99.999 [%]
hit_count  = 2939888
miss_count = 16

class_accuracy = 100.0%   99.999%   


confusion_matrix = 
1794814	 14	 
2	 1145074	 



TESTING result
accuracy   = 98.278 [%]
hit_count  = 108688
miss_count = 1904

class_accuracy = 97.95%   98.791%   


confusion_matrix = 
66280	 518	 
1386	 42408	 




73 99.99857138192267 98.42936197916667 0.00015155587 0.021574726 0.0006362371 0.0066030556 4.01 





=================================================
new best net in 73
TRAINING result
accuracy   = 99.999 [%]
hit_count  = 2939862
miss_count = 42

class_accuracy = 99.999%   99.998%   


confusion_matrix = 
1792930	 25	 
17	 1146932	 



TESTING result
accuracy   = 98.429 [%]
hit_count  = 108855
miss_count = 1737

class_accuracy = 97.955%   99.159%   


confusion_matrix = 
65821	 364	 
1373	 43034	 




74 99.99687064611634 98.41760706018519 0.00016671557 0.022033557 0.0011327533 0.0063370434 3.86 

75 99.99782305816788 98.4230324074074 0.00015914268 0.021153895 0.0010219571 0.0064257695 3.71 

76 99.99622436650992 98.62105758101852 0.00015727495 0.019394955 0.0015416066 0.006377526 3.56 





=================================================
new best net in 76
TRAINING result
accuracy   = 99.996 [%]
hit_count  = 2939793
miss_count = 111

class_accuracy = 99.998%   99.994%   


confusion_matrix = 
1792964	 70	 
41	 1146829	 



TESTING result
accuracy   = 98.621 [%]
hit_count  = 109067
miss_count = 1525

class_accuracy = 98.055%   99.505%   


confusion_matrix = 
66249	 212	 
1313	 42818	 




77 99.99819722004528 98.40946903935185 0.0001370988 0.02048714 0.0006589174 0.006895239 3.42 

78 99.99329910092302 98.50260416666667 0.0001744302 0.019745504 0.0016753983 0.0067041134 3.27 

79 99.99700670498085 98.57042100694444 0.0001482689 0.018944073 0.0009786583 0.006399184 3.12 

80 99.99741488157436 98.61653645833333 0.00013641607 0.018430397 0.000960306 0.0065774713 2.97 

81 99.99714276384535 98.50169994212963 0.00013863595 0.01919018 0.0010812723 0.0067986697 2.82 

82 99.99744889629049 98.61563223379629 0.00011942858 0.017802183 0.0006600835 0.006873075 2.67 

83 99.99595224878091 98.59483506944444 0.00013598666 0.017666152 0.0012833074 0.006587706 2.52 

84 99.99676860196796 98.60749421296296 0.0001292107 0.017758338 0.0011335803 0.006482587 2.37 

85 99.99591823406479 98.62196180555556 0.00012874758 0.017304525 0.0012804851 0.0068991478 2.22 





=================================================
new best net in 85
TRAINING result
accuracy   = 99.996 [%]
hit_count  = 2939784
miss_count = 120

class_accuracy = 99.995%   99.997%   


confusion_matrix = 
1794204	 38	 
82	 1145580	 



TESTING result
accuracy   = 98.622 [%]
hit_count  = 109068
miss_count = 1524

class_accuracy = 97.902%   99.749%   


confusion_matrix = 
66168	 107	 
1417	 42900	 




86 99.99768699930338 98.5595703125 0.00011406969 0.017518489 0.00085251156 0.006843194 2.07 

87 99.99768699930338 98.61472800925925 0.000121017605 0.017347706 0.0006543226 0.0069930386 1.92 

88 99.99646246952281 98.63009982638889 0.00012688489 0.016726462 0.00096764066 0.006893515 1.78 





=================================================
new best net in 88
TRAINING result
accuracy   = 99.996 [%]
hit_count  = 2939800
miss_count = 104

class_accuracy = 99.998%   99.994%   


confusion_matrix = 
1794471	 67	 
37	 1145329	 



TESTING result
accuracy   = 98.63 [%]
hit_count  = 109077
miss_count = 1515

class_accuracy = 97.914%   99.743%   


confusion_matrix = 
65995	 110	 
1405	 43082	 




89 99.99139427681992 98.60026041666667 0.00016239552 0.01692929 0.0023524875 0.006571914 1.63 

90 99.9980951758969 98.66265190972223 9.9095836e-05 0.016151076 0.0008615205 0.006714309 1.48 





=================================================
new best net in 90
TRAINING result
accuracy   = 99.998 [%]
hit_count  = 2939848
miss_count = 56

class_accuracy = 99.999%   99.996%   


confusion_matrix = 
1794221	 40	 
16	 1145627	 



TESTING result
accuracy   = 98.663 [%]
hit_count  = 109113
miss_count = 1479

class_accuracy = 97.922%   99.825%   


confusion_matrix = 
66243	 74	 
1405	 42870	 




91 99.99918364681295 98.62196180555556 8.200181e-05 0.016373107 0.00041325612 0.006820561 1.33 

92 99.99860539663881 98.64637586805556 8.808787e-05 0.01605591 0.00057210994 0.0065376107 1.18 

93 99.99710874912923 98.51797598379629 0.00010351495 0.017324023 0.00091310916 0.006875569 1.03 

94 99.99945576454198 98.63823784722223 7.442696e-05 0.015955932 0.00028950782 0.006625694 0.88 

95 99.99591823406479 98.58669704861111 0.00011063625 0.016407212 0.0011030895 0.0066927816 0.73 

96 99.9984693377743 98.63009982638889 8.228765e-05 0.015796855 0.0005187812 0.0070253443 0.59 

97 99.99210858585859 98.57946325231481 0.00013577346 0.01617331 0.0020035475 0.006829409 0.43 

98 99.99533998389063 98.62467447916667 9.49993e-05 0.015521761 0.001454069 0.006642209 0.28 

99 99.99523793974225 98.6328125 0.000109424866 0.015602922 0.001253167 0.0071380464 0.14 

