loading  /home/jasencakova/dataset/cells/priamy_kanal/sim_2xKSin1_D_hct15_seed5_rigid31_2_from1466000cy/rbc0_sim_2xKSin1_D_hct15_seed5_rigid31_2_from1466000cy.dat
shape =  (8, 990)
990
loading  /home/jasencakova/dataset/cells/priamy_kanal/sim_2xKSin1_D_hct15_seed5_rigid31_2_from1466000cy/rbc1_sim_2xKSin1_D_hct15_seed5_rigid31_2_from1466000cy.dat
shape =  (8, 990)
990
loading  /home/jasencakova/dataset/cells/priamy_kanal/sim_2xKSin1_D_hct15_seed5_rigid31_2_from1466000cy/rbc2_sim_2xKSin1_D_hct15_seed5_rigid31_2_from1466000cy.dat
shape =  (8, 989)
989
loading  /home/jasencakova/dataset/cells/priamy_kanal/sim_2xKSin1_D_hct15_seed5_rigid31_2_from1466000cy/rbc3_sim_2xKSin1_D_hct15_seed5_rigid31_2_from1466000cy.dat
shape =  (8, 989)
989
loading  /home/jasencakova/dataset/cells/priamy_kanal/sim_2xKSin1_D_hct15_seed5_rigid31_2_from1466000cy/rbc4_sim_2xKSin1_D_hct15_seed5_rigid31_2_from1466000cy.dat
shape =  (8, 989)
989
loading  /home/jasencakova/dataset/cells/priamy_kanal/sim_2xKSin1_D_hct15_seed5_rigid31_2_from1466000cy/rbc5_sim_2xKSin1_D_hct15_seed5_rigid31_2_from1466000cy.dat
shape =  (8, 989)
989
loading  /home/jasencakova/dataset/cells/priamy_kanal/sim_2xKSin1_D_hct15_seed5_rigid31_2_from1466000cy/rbc6_sim_2xKSin1_D_hct15_seed5_rigid31_2_from1466000cy.dat
shape =  (8, 989)
989
loading  /home/jasencakova/dataset/cells/priamy_kanal/sim_2xKSin1_D_hct15_seed5_rigid31_2_from1466000cy/rbc7_sim_2xKSin1_D_hct15_seed5_rigid31_2_from1466000cy.dat
shape =  (8, 989)
989
loading  /home/jasencakova/dataset/cells/priamy_kanal/sim_2xKSin1_D_hct15_seed5_rigid31_2_from1466000cy/rbc8_sim_2xKSin1_D_hct15_seed5_rigid31_2_from1466000cy.dat
shape =  (8, 989)
989
loading  /home/jasencakova/dataset/cells/priamy_kanal/sim_2xKSin1_D_hct15_seed5_rigid31_2_from1466000cy/rbc9_sim_2xKSin1_D_hct15_seed5_rigid31_2_from1466000cy.dat
shape =  (8, 989)
989
loading  /home/jasencakova/dataset/cells/priamy_kanal/sim_2xKSin1_D_hct15_seed5_rigid31_2_from1466000cy/rbc10_sim_2xKSin1_D_hct15_seed5_rigid31_2_from1466000cy.dat
shape =  (8, 990)
989
loading  /home/jasencakova/dataset/cells/priamy_kanal/sim_2xKSin1_D_hct15_seed5_rigid31_2_from1466000cy/rbc11_sim_2xKSin1_D_hct15_seed5_rigid31_2_from1466000cy.dat
shape =  (8, 990)
989
loading  /home/jasencakova/dataset/cells/priamy_kanal/sim_2xKSin1_D_hct15_seed5_rigid31_2_from1466000cy/rbc12_sim_2xKSin1_D_hct15_seed5_rigid31_2_from1466000cy.dat
shape =  (8, 990)
989
loading  /home/jasencakova/dataset/cells/priamy_kanal/sim_2xKSin1_D_hct15_seed5_rigid31_2_from1466000cy/rbc13_sim_2xKSin1_D_hct15_seed5_rigid31_2_from1466000cy.dat
shape =  (8, 990)
989
loading  /home/jasencakova/dataset/cells/priamy_kanal/sim_2xKSin1_D_hct15_seed5_rigid31_2_from1466000cy/rbc14_sim_2xKSin1_D_hct15_seed5_rigid31_2_from1466000cy.dat
shape =  (8, 990)
989
loading  /home/jasencakova/dataset/cells/priamy_kanal/sim_2xKSin1_D_hct15_seed5_rigid31_2_from1466000cy/rbc15_sim_2xKSin1_D_hct15_seed5_rigid31_2_from1466000cy.dat
shape =  (8, 990)
989
loading  /home/jasencakova/dataset/cells/priamy_kanal/sim_2xKSin1_D_hct15_seed5_rigid31_2_from1466000cy/rbc16_sim_2xKSin1_D_hct15_seed5_rigid31_2_from1466000cy.dat
shape =  (8, 989)
989
loading  /home/jasencakova/dataset/cells/priamy_kanal/sim_2xKSin1_D_hct15_seed5_rigid31_2_from1466000cy/rbc17_sim_2xKSin1_D_hct15_seed5_rigid31_2_from1466000cy.dat
shape =  (8, 989)
989
loading  /home/jasencakova/dataset/cells/priamy_kanal/sim_2xKSin1_D_hct15_seed5_rigid31_2_from1466000cy/rbc18_sim_2xKSin1_D_hct15_seed5_rigid31_2_from1466000cy.dat
shape =  (8, 989)
989
loading  /home/jasencakova/dataset/cells/priamy_kanal/sim_2xKSin1_D_hct15_seed5_rigid31_2_from1466000cy/rbc19_sim_2xKSin1_D_hct15_seed5_rigid31_2_from1466000cy.dat
shape =  (8, 989)
989
loading  /home/jasencakova/dataset/cells/priamy_kanal/sim_2xKSin1_D_hct15_seed5_rigid31_2_from1466000cy/rbc20_sim_2xKSin1_D_hct15_seed5_rigid31_2_from1466000cy.dat
shape =  (8, 989)
989
loading  /home/jasencakova/dataset/cells/priamy_kanal/sim_2xKSin1_D_hct15_seed5_rigid31_2_from1466000cy/rbc21_sim_2xKSin1_D_hct15_seed5_rigid31_2_from1466000cy.dat
shape =  (8, 989)
989
loading  /home/jasencakova/dataset/cells/priamy_kanal/sim_2xKSin1_D_hct15_seed5_rigid31_2_from1466000cy/rbc22_sim_2xKSin1_D_hct15_seed5_rigid31_2_from1466000cy.dat
shape =  (8, 989)
989
loading  /home/jasencakova/dataset/cells/priamy_kanal/sim_2xKSin1_D_hct15_seed5_rigid31_2_from1466000cy/rbc23_sim_2xKSin1_D_hct15_seed5_rigid31_2_from1466000cy.dat
shape =  (8, 989)
989
loading  /home/jasencakova/dataset/cells/priamy_kanal/sim_2xKSin1_D_hct15_seed5_rigid31_2_from1466000cy/rbc24_sim_2xKSin1_D_hct15_seed5_rigid31_2_from1466000cy.dat
shape =  (8, 989)
989
loading  /home/jasencakova/dataset/cells/priamy_kanal/sim_2xKSin1_D_hct15_seed5_rigid31_2_from1466000cy/rbc25_sim_2xKSin1_D_hct15_seed5_rigid31_2_from1466000cy.dat
shape =  (8, 989)
989
loading  /home/jasencakova/dataset/cells/priamy_kanal/sim_2xKSin1_D_hct15_seed5_rigid31_2_from1466000cy/rbc26_sim_2xKSin1_D_hct15_seed5_rigid31_2_from1466000cy.dat
shape =  (8, 989)
989
loading  /home/jasencakova/dataset/cells/priamy_kanal/sim_2xKSin1_D_hct15_seed5_rigid31_2_from1466000cy/rbc27_sim_2xKSin1_D_hct15_seed5_rigid31_2_from1466000cy.dat
shape =  (8, 989)
989
loading  /home/jasencakova/dataset/cells/priamy_kanal/sim_2xKSin1_D_hct15_seed5_rigid31_2_from1466000cy/rbc28_sim_2xKSin1_D_hct15_seed5_rigid31_2_from1466000cy.dat
shape =  (8, 989)
989
loading  /home/jasencakova/dataset/cells/priamy_kanal/sim_2xKSin1_D_hct15_seed5_rigid31_2_from1466000cy/rbc29_sim_2xKSin1_D_hct15_seed5_rigid31_2_from1466000cy.dat
shape =  (8, 989)
989
loading  /home/jasencakova/dataset/cells/priamy_kanal/sim_2xKSin1_D_hct15_seed5_rigid31_2_from1466000cy/rbc30_sim_2xKSin1_D_hct15_seed5_rigid31_2_from1466000cy.dat
shape =  (8, 989)
989
loading  /home/jasencakova/dataset/cells/priamy_kanal/sim_2xKSin1_D_hct15_seed5_rigid31_2_from1466000cy/rbc31_sim_2xKSin1_D_hct15_seed5_rigid31_2_from1466000cy.dat
shape =  (8, 989)
989
loading  /home/jasencakova/dataset/cells/priamy_kanal/sim_2xKSin1_D_hct15_seed5_rigid31_2_from1466000cy/rbc32_sim_2xKSin1_D_hct15_seed5_rigid31_2_from1466000cy.dat
shape =  (8, 989)
989
loading  /home/jasencakova/dataset/cells/priamy_kanal/sim_2xKSin1_D_hct15_seed5_rigid31_2_from1466000cy/rbc33_sim_2xKSin1_D_hct15_seed5_rigid31_2_from1466000cy.dat
shape =  (8, 989)
989
loading  /home/jasencakova/dataset/cells/priamy_kanal/sim_2xKSin1_D_hct15_seed5_rigid31_2_from1466000cy/rbc34_sim_2xKSin1_D_hct15_seed5_rigid31_2_from1466000cy.dat
shape =  (8, 989)
989
loading  /home/jasencakova/dataset/cells/priamy_kanal/sim_2xKSin1_D_hct15_seed5_rigid31_2_from1466000cy/rbc35_sim_2xKSin1_D_hct15_seed5_rigid31_2_from1466000cy.dat
shape =  (8, 989)
989
loading  /home/jasencakova/dataset/cells/priamy_kanal/sim_2xKSin1_D_hct15_seed5_rigid31_2_from1466000cy/rbc36_sim_2xKSin1_D_hct15_seed5_rigid31_2_from1466000cy.dat
shape =  (8, 989)
989
loading  /home/jasencakova/dataset/cells/priamy_kanal/sim_2xKSin1_D_hct15_seed5_rigid31_2_from1466000cy/rbc37_sim_2xKSin1_D_hct15_seed5_rigid31_2_from1466000cy.dat
shape =  (8, 989)
989
loading  /home/jasencakova/dataset/cells/priamy_kanal/sim_2xKSin1_D_hct15_seed5_rigid31_2_from1466000cy/rbc38_sim_2xKSin1_D_hct15_seed5_rigid31_2_from1466000cy.dat
shape =  (8, 989)
989
loading  /home/jasencakova/dataset/cells/priamy_kanal/sim_2xKSin1_D_hct15_seed5_rigid31_2_from1466000cy/rbc39_sim_2xKSin1_D_hct15_seed5_rigid31_2_from1466000cy.dat
shape =  (8, 989)
989
loading  /home/jasencakova/dataset/cells/priamy_kanal/sim_2xKSin1_D_hct15_seed5_rigid31_2_from1466000cy/rbc40_sim_2xKSin1_D_hct15_seed5_rigid31_2_from1466000cy.dat
shape =  (8, 989)
989
loading  /home/jasencakova/dataset/cells/priamy_kanal/sim_2xKSin1_D_hct15_seed5_rigid31_2_from1466000cy/rbc41_sim_2xKSin1_D_hct15_seed5_rigid31_2_from1466000cy.dat
shape =  (8, 989)
989
loading  /home/jasencakova/dataset/cells/priamy_kanal/sim_2xKSin1_D_hct15_seed5_rigid31_2_from1466000cy/rbc42_sim_2xKSin1_D_hct15_seed5_rigid31_2_from1466000cy.dat
shape =  (8, 989)
989
loading  /home/jasencakova/dataset/cells/priamy_kanal/sim_2xKSin1_D_hct15_seed5_rigid31_2_from1466000cy/rbc43_sim_2xKSin1_D_hct15_seed5_rigid31_2_from1466000cy.dat
shape =  (8, 989)
989
loading  /home/jasencakova/dataset/cells/priamy_kanal/sim_2xKSin1_D_hct15_seed5_rigid31_2_from1466000cy/rbc44_sim_2xKSin1_D_hct15_seed5_rigid31_2_from1466000cy.dat
shape =  (8, 989)
989
loading  /home/jasencakova/dataset/cells/priamy_kanal/sim_2xKSin1_D_hct15_seed5_rigid31_2_from1466000cy/rbc45_sim_2xKSin1_D_hct15_seed5_rigid31_2_from1466000cy.dat
shape =  (8, 989)
989
loading  /home/jasencakova/dataset/cells/priamy_kanal/sim_2xKSin1_D_hct15_seed5_rigid31_2_from1466000cy/rbc46_sim_2xKSin1_D_hct15_seed5_rigid31_2_from1466000cy.dat
shape =  (8, 989)
989
loading  /home/jasencakova/dataset/cells/priamy_kanal/sim_2xKSin1_D_hct15_seed5_rigid31_2_from1466000cy/rbc47_sim_2xKSin1_D_hct15_seed5_rigid31_2_from1466000cy.dat
shape =  (8, 989)
989
loading  /home/jasencakova/dataset/cells/priamy_kanal/sim_2xKSin1_D_hct15_seed5_rigid31_2_from1466000cy/rbc48_sim_2xKSin1_D_hct15_seed5_rigid31_2_from1466000cy.dat
shape =  (8, 989)
989
loading  /home/jasencakova/dataset/cells/priamy_kanal/sim_2xKSin1_D_hct15_seed5_rigid31_2_from1466000cy/rbc49_sim_2xKSin1_D_hct15_seed5_rigid31_2_from1466000cy.dat
shape =  (8, 989)
989
loading  /home/jasencakova/dataset/cells/priamy_kanal/sim_2xKSin1_D_hct15_seed5_rigid31_2_from1466000cy/rbc50_sim_2xKSin1_D_hct15_seed5_rigid31_2_from1466000cy.dat
shape =  (8, 989)
989
loading  /home/jasencakova/dataset/cells/priamy_kanal/sim_2xKSin1_D_hct15_seed5_rigid31_2_from1466000cy/rbc51_sim_2xKSin1_D_hct15_seed5_rigid31_2_from1466000cy.dat
shape =  (8, 989)
989
loading  /home/jasencakova/dataset/cells/priamy_kanal/sim_2xKSin1_D_hct15_seed5_rigid31_2_from1466000cy/rbc52_sim_2xKSin1_D_hct15_seed5_rigid31_2_from1466000cy.dat
shape =  (8, 989)
989
loading  /home/jasencakova/dataset/cells/priamy_kanal/sim_2xKSin1_D_hct15_seed5_rigid31_2_from1466000cy/rbc53_sim_2xKSin1_D_hct15_seed5_rigid31_2_from1466000cy.dat
shape =  (8, 989)
989
loading  /home/jasencakova/dataset/cells/priamy_kanal/sim_2xKSin1_D_hct15_seed5_rigid31_2_from1466000cy/rbc54_sim_2xKSin1_D_hct15_seed5_rigid31_2_from1466000cy.dat
shape =  (8, 989)
989
loading  /home/jasencakova/dataset/cells/priamy_kanal/sim_2xKSin1_D_hct15_seed5_rigid31_2_from1466000cy/rbc55_sim_2xKSin1_D_hct15_seed5_rigid31_2_from1466000cy.dat
shape =  (8, 989)
989
loading  /home/jasencakova/dataset/cells/priamy_kanal/sim_2xKSin1_D_hct15_seed5_rigid31_2_from1466000cy/rbc56_sim_2xKSin1_D_hct15_seed5_rigid31_2_from1466000cy.dat
shape =  (8, 989)
989
loading  /home/jasencakova/dataset/cells/priamy_kanal/sim_2xKSin1_D_hct15_seed5_rigid31_2_from1466000cy/rbc57_sim_2xKSin1_D_hct15_seed5_rigid31_2_from1466000cy.dat
shape =  (8, 989)
989
loading  /home/jasencakova/dataset/cells/priamy_kanal/sim_2xKSin1_D_hct15_seed5_rigid31_2_from1466000cy/rbc58_sim_2xKSin1_D_hct15_seed5_rigid31_2_from1466000cy.dat
shape =  (8, 989)
989
loading  /home/jasencakova/dataset/cells/priamy_kanal/sim_2xKSin1_D_hct15_seed5_rigid31_2_from1466000cy/rbc59_sim_2xKSin1_D_hct15_seed5_rigid31_2_from1466000cy.dat
shape =  (8, 989)
989
loading  /home/jasencakova/dataset/cells/priamy_kanal/sim_2xKSin1_D_hct15_seed5_rigid31_2_from1466000cy/rbc60_sim_2xKSin1_D_hct15_seed5_rigid31_2_from1466000cy.dat
shape =  (8, 989)
989
loading  /home/jasencakova/dataset/cells/priamy_kanal/sim_2xKSin1_D_hct15_seed5_rigid31_2_from1466000cy/rbc61_sim_2xKSin1_D_hct15_seed5_rigid31_2_from1466000cy.dat
shape =  (8, 989)
989
loading  /home/jasencakova/dataset/cells/priamy_kanal/sim_2xKSin1_D_hct15_seed5_rigid31_2_from1466000cy/rbc62_sim_2xKSin1_D_hct15_seed5_rigid31_2_from1466000cy.dat
shape =  (8, 989)
989
loading  /home/jasencakova/dataset/cells/priamy_kanal/sim_2xKSin1_D_hct15_seed5_rigid31_2_from1466000cy/rbc63_sim_2xKSin1_D_hct15_seed5_rigid31_2_from1466000cy.dat
shape =  (8, 989)
989
loading  /home/jasencakova/dataset/cells/priamy_kanal/sim_2xKSin1_D_hct15_seed5_rigid31_2_from1466000cy/rbc64_sim_2xKSin1_D_hct15_seed5_rigid31_2_from1466000cy.dat
shape =  (8, 989)
989
loading  /home/jasencakova/dataset/cells/priamy_kanal/sim_2xKSin1_D_hct15_seed5_rigid31_2_from1466000cy/rbc65_sim_2xKSin1_D_hct15_seed5_rigid31_2_from1466000cy.dat
shape =  (8, 989)
989
loading  /home/jasencakova/dataset/cells/priamy_kanal/sim_2xKSin1_D_hct15_seed5_rigid31_2_from1466000cy/rbc66_sim_2xKSin1_D_hct15_seed5_rigid31_2_from1466000cy.dat
shape =  (8, 989)
989
loading  /home/jasencakova/dataset/cells/priamy_kanal/sim_2xKSin1_D_hct15_seed5_rigid31_2_from1466000cy/rbc67_sim_2xKSin1_D_hct15_seed5_rigid31_2_from1466000cy.dat
shape =  (8, 989)
989
loading  /home/jasencakova/dataset/cells/priamy_kanal/sim_2xKSin1_D_hct15_seed5_rigid31_2_from1466000cy/rbc68_sim_2xKSin1_D_hct15_seed5_rigid31_2_from1466000cy.dat
shape =  (8, 989)
989
loading  /home/jasencakova/dataset/cells/priamy_kanal/sim_2xKSin1_D_hct15_seed5_rigid31_2_from1466000cy/rbc69_sim_2xKSin1_D_hct15_seed5_rigid31_2_from1466000cy.dat
shape =  (8, 989)
989
loading  /home/jasencakova/dataset/cells/priamy_kanal/sim_2xKSin1_D_hct15_seed5_rigid31_2_from1466000cy/rbc70_sim_2xKSin1_D_hct15_seed5_rigid31_2_from1466000cy.dat
shape =  (8, 989)
989
loading  /home/jasencakova/dataset/cells/priamy_kanal/sim_2xKSin1_D_hct15_seed5_rigid31_2_from1466000cy/rbc71_sim_2xKSin1_D_hct15_seed5_rigid31_2_from1466000cy.dat
shape =  (8, 989)
989
loading  /home/jasencakova/dataset/cells/priamy_kanal/sim_2xKSin1_D_hct15_seed5_rigid31_2_from1466000cy/rbc72_sim_2xKSin1_D_hct15_seed5_rigid31_2_from1466000cy.dat
shape =  (8, 989)
989
loading  /home/jasencakova/dataset/cells/priamy_kanal/sim_2xKSin1_D_hct15_seed5_rigid31_2_from1466000cy/rbc73_sim_2xKSin1_D_hct15_seed5_rigid31_2_from1466000cy.dat
shape =  (8, 989)
989
loading  /home/jasencakova/dataset/cells/priamy_kanal/sim_2xKSin1_D_hct15_seed5_rigid31_2_from1466000cy/rbc74_sim_2xKSin1_D_hct15_seed5_rigid31_2_from1466000cy.dat
shape =  (8, 989)
989
loading  /home/jasencakova/dataset/cells/priamy_kanal/sim_2xKSin1_D_hct15_seed5_rigid31_2_from1466000cy/rbc75_sim_2xKSin1_D_hct15_seed5_rigid31_2_from1466000cy.dat
shape =  (8, 989)
989
loading  /home/jasencakova/dataset/cells/priamy_kanal/sim_2xKSin1_D_hct15_seed5_rigid31_2_from1466000cy/rbc76_sim_2xKSin1_D_hct15_seed5_rigid31_2_from1466000cy.dat
shape =  (8, 989)
989
loading  /home/jasencakova/dataset/cells/priamy_kanal/sim_2xKSin1_D_hct15_seed5_rigid31_2_from1466000cy/rbc77_sim_2xKSin1_D_hct15_seed5_rigid31_2_from1466000cy.dat
shape =  (8, 989)
989
loading  /home/jasencakova/dataset/cells/priamy_kanal/sim_2xKSin1_D_hct15_seed5_rigid31_2_from1466000cy/rbc78_sim_2xKSin1_D_hct15_seed5_rigid31_2_from1466000cy.dat
shape =  (8, 989)
989
loading  /home/jasencakova/dataset/cells/priamy_kanal/sim_2xKSin1_D_hct15_seed5_rigid31_2_from1466000cy/rbc79_sim_2xKSin1_D_hct15_seed5_rigid31_2_from1466000cy.dat
shape =  (8, 989)
989
loading  /home/jasencakova/dataset/cells/priamy_kanal/sim_2xKSin1_D_hct15_seed5_rigid31_2_from1466000cy/rbc80_sim_2xKSin1_D_hct15_seed5_rigid31_2_from1466000cy.dat
shape =  (8, 989)
989
loading  /home/jasencakova/dataset/cells/priamy_kanal/sim_2xKSin1_D_hct15_seed5_rigid31_2_from1466000cy/rbc81_sim_2xKSin1_D_hct15_seed5_rigid31_2_from1466000cy.dat
shape =  (8, 989)
989
loading  /home/jasencakova/dataset/cells/priamy_kanal/sim_2xKSin1_D_hct15_seed5_rigid31_2_from1466000cy/rbc82_sim_2xKSin1_D_hct15_seed5_rigid31_2_from1466000cy.dat
shape =  (8, 989)
989
loading  /home/jasencakova/dataset/cells/priamy_kanal/sim_2xKSin1_D_hct15_seed5_rigid31_2_from1466000cy/rbc83_sim_2xKSin1_D_hct15_seed5_rigid31_2_from1466000cy.dat
shape =  (8, 989)
989
loading  /home/jasencakova/dataset/cells/priamy_kanal/sim_2xKSin1_D_hct15_seed5_rigid31_2_from1466000cy/rbc84_sim_2xKSin1_D_hct15_seed5_rigid31_2_from1466000cy.dat
shape =  (8, 989)
989
loading  /home/jasencakova/dataset/cells/priamy_kanal/sim_2xKSin1_D_hct15_seed5_rigid31_2_from1466000cy/rbc85_sim_2xKSin1_D_hct15_seed5_rigid31_2_from1466000cy.dat
shape =  (8, 989)
989
loading  /home/jasencakova/dataset/cells/priamy_kanal/sim_2xKSin1_D_hct15_seed5_rigid31_2_from1466000cy/rbc86_sim_2xKSin1_D_hct15_seed5_rigid31_2_from1466000cy.dat
shape =  (8, 989)
989
loading  /home/jasencakova/dataset/cells/priamy_kanal/sim_2xKSin1_D_hct15_seed5_rigid31_2_from1466000cy/rbc87_sim_2xKSin1_D_hct15_seed5_rigid31_2_from1466000cy.dat
shape =  (8, 989)
989
loading  /home/jasencakova/dataset/cells/priamy_kanal/sim_2xKSin1_D_hct15_seed5_rigid31_2_from1466000cy/rbc88_sim_2xKSin1_D_hct15_seed5_rigid31_2_from1466000cy.dat
shape =  (8, 989)
989
loading  /home/jasencakova/dataset/cells/priamy_kanal/sim_2xKSin1_D_hct15_seed5_rigid31_2_from1466000cy/rbc89_sim_2xKSin1_D_hct15_seed5_rigid31_2_from1466000cy.dat
shape =  (8, 989)
989
loading  /home/jasencakova/dataset/cells/priamy_kanal/sim_2xKSin1_D_hct15_seed5_rigid31_2_from1466000cy/rbc90_sim_2xKSin1_D_hct15_seed5_rigid31_2_from1466000cy.dat
shape =  (8, 989)
989
loading  /home/jasencakova/dataset/cells/priamy_kanal/sim_2xKSin1_D_hct15_seed5_rigid31_2_from1466000cy/rbc91_sim_2xKSin1_D_hct15_seed5_rigid31_2_from1466000cy.dat
shape =  (8, 989)
989
loading  /home/jasencakova/dataset/cells/priamy_kanal/sim_2xKSin1_D_hct15_seed5_rigid31_2_from1466000cy/rbc92_sim_2xKSin1_D_hct15_seed5_rigid31_2_from1466000cy.dat
shape =  (8, 989)
989
loading  /home/jasencakova/dataset/cells/priamy_kanal/sim_2xKSin1_D_hct15_seed5_rigid31_2_from1466000cy/rbc93_sim_2xKSin1_D_hct15_seed5_rigid31_2_from1466000cy.dat
shape =  (8, 989)
989
loading  /home/jasencakova/dataset/cells/priamy_kanal/sim_2xKSin1_D_hct15_seed5_rigid31_2_from1466000cy/rbc94_sim_2xKSin1_D_hct15_seed5_rigid31_2_from1466000cy.dat
shape =  (8, 989)
989
loading  /home/jasencakova/dataset/cells/priamy_kanal/sim_2xKSin1_D_hct15_seed5_rigid31_2_from1466000cy/rbc95_sim_2xKSin1_D_hct15_seed5_rigid31_2_from1466000cy.dat
shape =  (8, 989)
989
loading  /home/jasencakova/dataset/cells/priamy_kanal/sim_2xKSin1_D_hct15_seed5_rigid31_2_from1466000cy/rbc96_sim_2xKSin1_D_hct15_seed5_rigid31_2_from1466000cy.dat
shape =  (8, 989)
989
loading  /home/jasencakova/dataset/cells/priamy_kanal/sim_2xKSin1_D_hct15_seed5_rigid31_2_from1466000cy/rbc97_sim_2xKSin1_D_hct15_seed5_rigid31_2_from1466000cy.dat
shape =  (8, 989)
989
loading  /home/jasencakova/dataset/cells/priamy_kanal/sim_2xKSin1_D_hct15_seed5_rigid31_2_from1466000cy/rbc98_sim_2xKSin1_D_hct15_seed5_rigid31_2_from1466000cy.dat
shape =  (8, 989)
989
loading  /home/jasencakova/dataset/cells/priamy_kanal/sim_2xKSin1_D_hct15_seed5_rigid31_2_from1466000cy/rbc99_sim_2xKSin1_D_hct15_seed5_rigid31_2_from1466000cy.dat
shape =  (8, 989)
989
loading  /home/jasencakova/dataset/cells/priamy_kanal/sim_2xKSin1_D_hct15_seed5_rigid31_2_from1466000cy/rbc100_sim_2xKSin1_D_hct15_seed5_rigid31_2_from1466000cy.dat
shape =  (8, 990)
989
loading  /home/jasencakova/dataset/cells/priamy_kanal/sim_2xKSin1_D_hct15_seed5_rigid31_2_from1466000cy/rbc101_sim_2xKSin1_D_hct15_seed5_rigid31_2_from1466000cy.dat
shape =  (8, 990)
989
loading  /home/jasencakova/dataset/cells/priamy_kanal/sim_2xKSin1_D_hct15_seed5_rigid31_2_from1466000cy/rbc102_sim_2xKSin1_D_hct15_seed5_rigid31_2_from1466000cy.dat
shape =  (8, 990)
989
loading  /home/jasencakova/dataset/cells/priamy_kanal/sim_2xKSin1_D_hct15_seed5_rigid31_2_from1466000cy/rbc103_sim_2xKSin1_D_hct15_seed5_rigid31_2_from1466000cy.dat
shape =  (8, 990)
989
loading  /home/jasencakova/dataset/cells/priamy_kanal/sim_2xKSin1_D_hct15_seed5_rigid31_2_from1466000cy/rbc104_sim_2xKSin1_D_hct15_seed5_rigid31_2_from1466000cy.dat
shape =  (8, 990)
989
loading  /home/jasencakova/dataset/cells/priamy_kanal/sim_2xKSin1_D_hct15_seed5_rigid31_2_from1466000cy/rbc105_sim_2xKSin1_D_hct15_seed5_rigid31_2_from1466000cy.dat
shape =  (8, 990)
989
loading  /home/jasencakova/dataset/cells/priamy_kanal/sim_2xKSin1_D_hct15_seed5_rigid31_2_from1466000cy/rbc106_sim_2xKSin1_D_hct15_seed5_rigid31_2_from1466000cy.dat
shape =  (8, 990)
989
loading  /home/jasencakova/dataset/cells/priamy_kanal/sim_2xKSin1_D_hct15_seed5_rigid31_2_from1466000cy/rbc107_sim_2xKSin1_D_hct15_seed5_rigid31_2_from1466000cy.dat
shape =  (8, 990)
989
loading  /home/jasencakova/dataset/cells/priamy_kanal/sim_2xKSin1_D_hct15_seed5_rigid31_2_from1466000cy/rbc108_sim_2xKSin1_D_hct15_seed5_rigid31_2_from1466000cy.dat
shape =  (8, 990)
989
loading  /home/jasencakova/dataset/cells/priamy_kanal/sim_2xKSin1_D_hct15_seed5_rigid31_2_from1466000cy/rbc109_sim_2xKSin1_D_hct15_seed5_rigid31_2_from1466000cy.dat
shape =  (8, 990)
989
loading  /home/jasencakova/dataset/cells/priamy_kanal/sim_2xKSin1_D_hct15_seed5_rigid31_2_from1466000cy/rbc110_sim_2xKSin1_D_hct15_seed5_rigid31_2_from1466000cy.dat
shape =  (8, 990)
989
loading  /home/jasencakova/dataset/cells/priamy_kanal/sim_2xKSin1_D_hct15_seed5_rigid31_2_from1466000cy/rbc111_sim_2xKSin1_D_hct15_seed5_rigid31_2_from1466000cy.dat
shape =  (8, 990)
989
loading  /home/jasencakova/dataset/cells/priamy_kanal/sim_2xKSin1_D_hct15_seed5_rigid31_2_from1466000cy/rbc112_sim_2xKSin1_D_hct15_seed5_rigid31_2_from1466000cy.dat
shape =  (8, 990)
989
loading  /home/jasencakova/dataset/cells/priamy_kanal/sim_2xKSin1_D_hct15_seed5_rigid31_2_from1466000cy/rbc113_sim_2xKSin1_D_hct15_seed5_rigid31_2_from1466000cy.dat
shape =  (8, 990)
989
loading  /home/jasencakova/dataset/cells/priamy_kanal/sim_2xKSin1_D_hct15_seed5_rigid31_2_from1466000cy/rbc114_sim_2xKSin1_D_hct15_seed5_rigid31_2_from1466000cy.dat
shape =  (8, 990)
989
loading  /home/jasencakova/dataset/cells/priamy_kanal/sim_2xKSin1_D_hct15_seed5_rigid31_2_from1466000cy/rbc115_sim_2xKSin1_D_hct15_seed5_rigid31_2_from1466000cy.dat
shape =  (8, 990)
989
loading  /home/jasencakova/dataset/cells/priamy_kanal/sim_2xKSin1_D_hct15_seed5_rigid31_2_from1466000cy/rbc116_sim_2xKSin1_D_hct15_seed5_rigid31_2_from1466000cy.dat
shape =  (8, 990)
989
loading  /home/jasencakova/dataset/cells/priamy_kanal/sim_2xKSin1_D_hct15_seed5_rigid31_2_from1466000cy/rbc117_sim_2xKSin1_D_hct15_seed5_rigid31_2_from1466000cy.dat
shape =  (8, 990)
989
loading  /home/jasencakova/dataset/cells/priamy_kanal/sim_2xKSin1_D_hct15_seed5_rigid31_2_from1466000cy/rbc118_sim_2xKSin1_D_hct15_seed5_rigid31_2_from1466000cy.dat
shape =  (8, 990)
989
loading  /home/jasencakova/dataset/cells/priamy_kanal/sim_2xKSin1_D_hct15_seed5_rigid31_2_from1466000cy/rbc119_sim_2xKSin1_D_hct15_seed5_rigid31_2_from1466000cy.dat
shape =  (8, 989)
989
loading  /home/jasencakova/dataset/cells/priamy_kanal/sim_2xKSin1_D_hct15_seed5_rigid31_2_from1466000cy/rbc120_sim_2xKSin1_D_hct15_seed5_rigid31_2_from1466000cy.dat
shape =  (8, 989)
989
loading  /home/jasencakova/dataset/cells/priamy_kanal/sim_2xKSin1_D_hct15_seed5_rigid31_2_from1466000cy/rbc121_sim_2xKSin1_D_hct15_seed5_rigid31_2_from1466000cy.dat
shape =  (8, 989)
989
loading  /home/jasencakova/dataset/cells/priamy_kanal/sim_2xKSin1_D_hct15_seed5_rigid31_2_from1466000cy/rbc122_sim_2xKSin1_D_hct15_seed5_rigid31_2_from1466000cy.dat
shape =  (8, 989)
989
loading  /home/jasencakova/dataset/cells/priamy_kanal/sim_2xKSin1_D_hct15_seed5_rigid31_2_from1466000cy/rbc123_sim_2xKSin1_D_hct15_seed5_rigid31_2_from1466000cy.dat
shape =  (8, 989)
989
loading  /home/jasencakova/dataset/cells/priamy_kanal/sim_2xKSin1_D_hct15_seed5_rigid31_2_from1466000cy/rbc124_sim_2xKSin1_D_hct15_seed5_rigid31_2_from1466000cy.dat
shape =  (8, 989)
989
loading  /home/jasencakova/dataset/cells/priamy_kanal/sim_2xKSin1_D_hct15_seed5_rigid31_2_from1466000cy/rbc125_sim_2xKSin1_D_hct15_seed5_rigid31_2_from1466000cy.dat
shape =  (8, 989)
989
loading  /home/jasencakova/dataset/cells/priamy_kanal/sim_2xKSin1_D_hct15_seed5_rigid31_2_from1466000cy/rbc126_sim_2xKSin1_D_hct15_seed5_rigid31_2_from1466000cy.dat
shape =  (8, 989)
989
loading  /home/jasencakova/dataset/cells/priamy_kanal/sim_2xKSin1_D_hct15_seed5_rigid31_2_from1466000cy/rbc127_sim_2xKSin1_D_hct15_seed5_rigid31_2_from1466000cy.dat
shape =  (8, 989)
989
loading  /home/jasencakova/dataset/cells/priamy_kanal/sim_2xKSin1_D_hct15_seed5_rigid31_2_from1466000cy/rbc128_sim_2xKSin1_D_hct15_seed5_rigid31_2_from1466000cy.dat
shape =  (8, 989)
989
loading  /home/jasencakova/dataset/cells/priamy_kanal/sim_2xKSin1_D_hct15_seed5_rigid31_2_from1466000cy/rbc129_sim_2xKSin1_D_hct15_seed5_rigid31_2_from1466000cy.dat
shape =  (8, 989)
989
loading  /home/jasencakova/dataset/cells/priamy_kanal/sim_2xKSin1_D_hct15_seed5_rigid31_2_from1466000cy/rbc130_sim_2xKSin1_D_hct15_seed5_rigid31_2_from1466000cy.dat
shape =  (8, 989)
989
loading  /home/jasencakova/dataset/cells/priamy_kanal/sim_2xKSin1_D_hct15_seed5_rigid31_2_from1466000cy/rbc131_sim_2xKSin1_D_hct15_seed5_rigid31_2_from1466000cy.dat
shape =  (8, 989)
989
loading  /home/jasencakova/dataset/cells/priamy_kanal/sim_2xKSin1_D_hct15_seed5_rigid31_2_from1466000cy/rbc132_sim_2xKSin1_D_hct15_seed5_rigid31_2_from1466000cy.dat
shape =  (8, 989)
989
loading  /home/jasencakova/dataset/cells/priamy_kanal/sim_2xKSin1_D_hct15_seed5_rigid31_2_from1466000cy/rbc133_sim_2xKSin1_D_hct15_seed5_rigid31_2_from1466000cy.dat
shape =  (8, 989)
989
loading  /home/jasencakova/dataset/cells/priamy_kanal/sim_2xKSin1_D_hct15_seed5_rigid31_2_from1466000cy/rbc134_sim_2xKSin1_D_hct15_seed5_rigid31_2_from1466000cy.dat
shape =  (8, 989)
989
loading  /home/jasencakova/dataset/cells/priamy_kanal/sim_2xKSin1_D_hct15_seed5_rigid31_2_from1466000cy/rbc135_sim_2xKSin1_D_hct15_seed5_rigid31_2_from1466000cy.dat
shape =  (8, 989)
989
loading  /home/jasencakova/dataset/cells/priamy_kanal/sim_2xKSin1_D_hct15_seed5_rigid31_2_from1466000cy/rbc136_sim_2xKSin1_D_hct15_seed5_rigid31_2_from1466000cy.dat
shape =  (8, 989)
989
loading  /home/jasencakova/dataset/cells/priamy_kanal/sim_2xKSin1_D_hct15_seed5_rigid31_2_from1466000cy/rbc137_sim_2xKSin1_D_hct15_seed5_rigid31_2_from1466000cy.dat
shape =  (8, 989)
989
loading  /home/jasencakova/dataset/cells/priamy_kanal/sim_2xKSin1_D_hct15_seed5_rigid31_2_from1466000cy/rbc138_sim_2xKSin1_D_hct15_seed5_rigid31_2_from1466000cy.dat
shape =  (8, 989)
989
loading  /home/jasencakova/dataset/cells/priamy_kanal/sim_2xKSin1_D_hct15_seed5_rigid31_2_from1466000cy/rbc139_sim_2xKSin1_D_hct15_seed5_rigid31_2_from1466000cy.dat
shape =  (8, 989)
989
loading  /home/jasencakova/dataset/cells/priamy_kanal/sim_2xKSin1_D_hct15_seed5_rigid31_2_from1466000cy/rbc140_sim_2xKSin1_D_hct15_seed5_rigid31_2_from1466000cy.dat
shape =  (8, 989)
989
loading  /home/jasencakova/dataset/cells/priamy_kanal/sim_2xKSin1_D_hct15_seed5_rigid31_2_from1466000cy/rbc141_sim_2xKSin1_D_hct15_seed5_rigid31_2_from1466000cy.dat
shape =  (8, 989)
989
loading  /home/jasencakova/dataset/cells/priamy_kanal/sim_2xKSin1_D_hct15_seed5_rigid31_2_from1466000cy/rbc142_sim_2xKSin1_D_hct15_seed5_rigid31_2_from1466000cy.dat
shape =  (8, 989)
989
loading  /home/jasencakova/dataset/cells/priamy_kanal/sim_2xKSin1_D_hct15_seed5_rigid31_2_from1466000cy/rbc143_sim_2xKSin1_D_hct15_seed5_rigid31_2_from1466000cy.dat
shape =  (8, 989)
989
loading  /home/jasencakova/dataset/cells/priamy_kanal/sim_2xKSin1_D_hct15_seed5_rigid31_2_from1466000cy/rbc144_sim_2xKSin1_D_hct15_seed5_rigid31_2_from1466000cy.dat
shape =  (8, 989)
989
loading  /home/jasencakova/dataset/cells/priamy_kanal/sim_2xKSin1_D_hct15_seed5_rigid31_2_from1466000cy/rbc145_sim_2xKSin1_D_hct15_seed5_rigid31_2_from1466000cy.dat
shape =  (8, 989)
989
loading  /home/jasencakova/dataset/cells/priamy_kanal/sim_2xKSin1_D_hct15_seed5_rigid31_2_from1466000cy/rbc146_sim_2xKSin1_D_hct15_seed5_rigid31_2_from1466000cy.dat
shape =  (8, 989)
989
loading  /home/jasencakova/dataset/cells/priamy_kanal/sim_2xKSin1_D_hct15_seed5_rigid31_2_from1466000cy/rbc147_sim_2xKSin1_D_hct15_seed5_rigid31_2_from1466000cy.dat
shape =  (8, 989)
989
loading  /home/jasencakova/dataset/cells/priamy_kanal/sim_2xKSin1_D_hct15_seed5_rigid31_2_from1466000cy/rbc148_sim_2xKSin1_D_hct15_seed5_rigid31_2_from1466000cy.dat
shape =  (8, 989)
989
loading  /home/jasencakova/dataset/cells/priamy_kanal/sim_2xKSin1_D_hct15_seed5_rigid31_2_from1466000cy/rbc149_sim_2xKSin1_D_hct15_seed5_rigid31_2_from1466000cy.dat
shape =  (8, 989)
989
loading  /home/jasencakova/dataset/cells/priamy_kanal/sim_2xKSin1_D_hct15_seed5_rigid31_2_from1466000cy/rbc150_sim_2xKSin1_D_hct15_seed5_rigid31_2_from1466000cy.dat
shape =  (8, 989)
989
loading  /home/jasencakova/dataset/cells/priamy_kanal/sim_2xKSin1_D_hct15_seed5_rigid31_2_from1466000cy/rbc151_sim_2xKSin1_D_hct15_seed5_rigid31_2_from1466000cy.dat
shape =  (8, 989)
989
loading  /home/jasencakova/dataset/cells/priamy_kanal/sim_2xKSin1_D_hct15_seed5_rigid31_2_from1466000cy/rbc152_sim_2xKSin1_D_hct15_seed5_rigid31_2_from1466000cy.dat
shape =  (8, 989)
989
loading  /home/jasencakova/dataset/cells/priamy_kanal/sim_2xKSin1_D_hct15_seed5_rigid31_2_from1466000cy/rbc153_sim_2xKSin1_D_hct15_seed5_rigid31_2_from1466000cy.dat
shape =  (8, 989)
989
shortest_length =  989
data_shape      =  (154, 989, 8)



loading  /home/jasencakova/dataset/cells/priamy_kanal/sim_2xKSin1_D_hct15_seed4_rigid31_1_from1190000cy/rbc0_sim_2xKSin1_D_hct15_seed4_rigid31_1_from1190000cy.dat
shape =  (8, 698)
698
loading  /home/jasencakova/dataset/cells/priamy_kanal/sim_2xKSin1_D_hct15_seed4_rigid31_1_from1190000cy/rbc1_sim_2xKSin1_D_hct15_seed4_rigid31_1_from1190000cy.dat
shape =  (8, 698)
698
loading  /home/jasencakova/dataset/cells/priamy_kanal/sim_2xKSin1_D_hct15_seed4_rigid31_1_from1190000cy/rbc2_sim_2xKSin1_D_hct15_seed4_rigid31_1_from1190000cy.dat
shape =  (8, 698)
698
loading  /home/jasencakova/dataset/cells/priamy_kanal/sim_2xKSin1_D_hct15_seed4_rigid31_1_from1190000cy/rbc3_sim_2xKSin1_D_hct15_seed4_rigid31_1_from1190000cy.dat
shape =  (8, 698)
698
loading  /home/jasencakova/dataset/cells/priamy_kanal/sim_2xKSin1_D_hct15_seed4_rigid31_1_from1190000cy/rbc4_sim_2xKSin1_D_hct15_seed4_rigid31_1_from1190000cy.dat
shape =  (8, 698)
698
loading  /home/jasencakova/dataset/cells/priamy_kanal/sim_2xKSin1_D_hct15_seed4_rigid31_1_from1190000cy/rbc5_sim_2xKSin1_D_hct15_seed4_rigid31_1_from1190000cy.dat
shape =  (8, 698)
698
loading  /home/jasencakova/dataset/cells/priamy_kanal/sim_2xKSin1_D_hct15_seed4_rigid31_1_from1190000cy/rbc6_sim_2xKSin1_D_hct15_seed4_rigid31_1_from1190000cy.dat
shape =  (8, 698)
698
loading  /home/jasencakova/dataset/cells/priamy_kanal/sim_2xKSin1_D_hct15_seed4_rigid31_1_from1190000cy/rbc7_sim_2xKSin1_D_hct15_seed4_rigid31_1_from1190000cy.dat
shape =  (8, 698)
698
loading  /home/jasencakova/dataset/cells/priamy_kanal/sim_2xKSin1_D_hct15_seed4_rigid31_1_from1190000cy/rbc8_sim_2xKSin1_D_hct15_seed4_rigid31_1_from1190000cy.dat
shape =  (8, 698)
698
loading  /home/jasencakova/dataset/cells/priamy_kanal/sim_2xKSin1_D_hct15_seed4_rigid31_1_from1190000cy/rbc9_sim_2xKSin1_D_hct15_seed4_rigid31_1_from1190000cy.dat
shape =  (8, 698)
698
loading  /home/jasencakova/dataset/cells/priamy_kanal/sim_2xKSin1_D_hct15_seed4_rigid31_1_from1190000cy/rbc10_sim_2xKSin1_D_hct15_seed4_rigid31_1_from1190000cy.dat
shape =  (8, 698)
698
loading  /home/jasencakova/dataset/cells/priamy_kanal/sim_2xKSin1_D_hct15_seed4_rigid31_1_from1190000cy/rbc11_sim_2xKSin1_D_hct15_seed4_rigid31_1_from1190000cy.dat
shape =  (8, 698)
698
loading  /home/jasencakova/dataset/cells/priamy_kanal/sim_2xKSin1_D_hct15_seed4_rigid31_1_from1190000cy/rbc12_sim_2xKSin1_D_hct15_seed4_rigid31_1_from1190000cy.dat
shape =  (8, 698)
698
loading  /home/jasencakova/dataset/cells/priamy_kanal/sim_2xKSin1_D_hct15_seed4_rigid31_1_from1190000cy/rbc13_sim_2xKSin1_D_hct15_seed4_rigid31_1_from1190000cy.dat
shape =  (8, 698)
698
loading  /home/jasencakova/dataset/cells/priamy_kanal/sim_2xKSin1_D_hct15_seed4_rigid31_1_from1190000cy/rbc14_sim_2xKSin1_D_hct15_seed4_rigid31_1_from1190000cy.dat
shape =  (8, 698)
698
loading  /home/jasencakova/dataset/cells/priamy_kanal/sim_2xKSin1_D_hct15_seed4_rigid31_1_from1190000cy/rbc15_sim_2xKSin1_D_hct15_seed4_rigid31_1_from1190000cy.dat
shape =  (8, 698)
698
loading  /home/jasencakova/dataset/cells/priamy_kanal/sim_2xKSin1_D_hct15_seed4_rigid31_1_from1190000cy/rbc16_sim_2xKSin1_D_hct15_seed4_rigid31_1_from1190000cy.dat
shape =  (8, 698)
698
loading  /home/jasencakova/dataset/cells/priamy_kanal/sim_2xKSin1_D_hct15_seed4_rigid31_1_from1190000cy/rbc17_sim_2xKSin1_D_hct15_seed4_rigid31_1_from1190000cy.dat
shape =  (8, 698)
698
loading  /home/jasencakova/dataset/cells/priamy_kanal/sim_2xKSin1_D_hct15_seed4_rigid31_1_from1190000cy/rbc18_sim_2xKSin1_D_hct15_seed4_rigid31_1_from1190000cy.dat
shape =  (8, 698)
698
loading  /home/jasencakova/dataset/cells/priamy_kanal/sim_2xKSin1_D_hct15_seed4_rigid31_1_from1190000cy/rbc19_sim_2xKSin1_D_hct15_seed4_rigid31_1_from1190000cy.dat
shape =  (8, 698)
698
loading  /home/jasencakova/dataset/cells/priamy_kanal/sim_2xKSin1_D_hct15_seed4_rigid31_1_from1190000cy/rbc20_sim_2xKSin1_D_hct15_seed4_rigid31_1_from1190000cy.dat
shape =  (8, 698)
698
loading  /home/jasencakova/dataset/cells/priamy_kanal/sim_2xKSin1_D_hct15_seed4_rigid31_1_from1190000cy/rbc21_sim_2xKSin1_D_hct15_seed4_rigid31_1_from1190000cy.dat
shape =  (8, 698)
698
loading  /home/jasencakova/dataset/cells/priamy_kanal/sim_2xKSin1_D_hct15_seed4_rigid31_1_from1190000cy/rbc22_sim_2xKSin1_D_hct15_seed4_rigid31_1_from1190000cy.dat
shape =  (8, 698)
698
loading  /home/jasencakova/dataset/cells/priamy_kanal/sim_2xKSin1_D_hct15_seed4_rigid31_1_from1190000cy/rbc23_sim_2xKSin1_D_hct15_seed4_rigid31_1_from1190000cy.dat
shape =  (8, 698)
698
loading  /home/jasencakova/dataset/cells/priamy_kanal/sim_2xKSin1_D_hct15_seed4_rigid31_1_from1190000cy/rbc24_sim_2xKSin1_D_hct15_seed4_rigid31_1_from1190000cy.dat
shape =  (8, 698)
698
loading  /home/jasencakova/dataset/cells/priamy_kanal/sim_2xKSin1_D_hct15_seed4_rigid31_1_from1190000cy/rbc25_sim_2xKSin1_D_hct15_seed4_rigid31_1_from1190000cy.dat
shape =  (8, 698)
698
loading  /home/jasencakova/dataset/cells/priamy_kanal/sim_2xKSin1_D_hct15_seed4_rigid31_1_from1190000cy/rbc26_sim_2xKSin1_D_hct15_seed4_rigid31_1_from1190000cy.dat
shape =  (8, 698)
698
loading  /home/jasencakova/dataset/cells/priamy_kanal/sim_2xKSin1_D_hct15_seed4_rigid31_1_from1190000cy/rbc27_sim_2xKSin1_D_hct15_seed4_rigid31_1_from1190000cy.dat
shape =  (8, 698)
698
loading  /home/jasencakova/dataset/cells/priamy_kanal/sim_2xKSin1_D_hct15_seed4_rigid31_1_from1190000cy/rbc28_sim_2xKSin1_D_hct15_seed4_rigid31_1_from1190000cy.dat
shape =  (8, 698)
698
loading  /home/jasencakova/dataset/cells/priamy_kanal/sim_2xKSin1_D_hct15_seed4_rigid31_1_from1190000cy/rbc29_sim_2xKSin1_D_hct15_seed4_rigid31_1_from1190000cy.dat
shape =  (8, 698)
698
loading  /home/jasencakova/dataset/cells/priamy_kanal/sim_2xKSin1_D_hct15_seed4_rigid31_1_from1190000cy/rbc30_sim_2xKSin1_D_hct15_seed4_rigid31_1_from1190000cy.dat
shape =  (8, 698)
698
loading  /home/jasencakova/dataset/cells/priamy_kanal/sim_2xKSin1_D_hct15_seed4_rigid31_1_from1190000cy/rbc31_sim_2xKSin1_D_hct15_seed4_rigid31_1_from1190000cy.dat
shape =  (8, 698)
698
loading  /home/jasencakova/dataset/cells/priamy_kanal/sim_2xKSin1_D_hct15_seed4_rigid31_1_from1190000cy/rbc32_sim_2xKSin1_D_hct15_seed4_rigid31_1_from1190000cy.dat
shape =  (8, 698)
698
loading  /home/jasencakova/dataset/cells/priamy_kanal/sim_2xKSin1_D_hct15_seed4_rigid31_1_from1190000cy/rbc33_sim_2xKSin1_D_hct15_seed4_rigid31_1_from1190000cy.dat
shape =  (8, 698)
698
loading  /home/jasencakova/dataset/cells/priamy_kanal/sim_2xKSin1_D_hct15_seed4_rigid31_1_from1190000cy/rbc34_sim_2xKSin1_D_hct15_seed4_rigid31_1_from1190000cy.dat
shape =  (8, 698)
698
loading  /home/jasencakova/dataset/cells/priamy_kanal/sim_2xKSin1_D_hct15_seed4_rigid31_1_from1190000cy/rbc35_sim_2xKSin1_D_hct15_seed4_rigid31_1_from1190000cy.dat
shape =  (8, 698)
698
loading  /home/jasencakova/dataset/cells/priamy_kanal/sim_2xKSin1_D_hct15_seed4_rigid31_1_from1190000cy/rbc36_sim_2xKSin1_D_hct15_seed4_rigid31_1_from1190000cy.dat
shape =  (8, 698)
698
loading  /home/jasencakova/dataset/cells/priamy_kanal/sim_2xKSin1_D_hct15_seed4_rigid31_1_from1190000cy/rbc37_sim_2xKSin1_D_hct15_seed4_rigid31_1_from1190000cy.dat
shape =  (8, 698)
698
loading  /home/jasencakova/dataset/cells/priamy_kanal/sim_2xKSin1_D_hct15_seed4_rigid31_1_from1190000cy/rbc38_sim_2xKSin1_D_hct15_seed4_rigid31_1_from1190000cy.dat
shape =  (8, 698)
698
loading  /home/jasencakova/dataset/cells/priamy_kanal/sim_2xKSin1_D_hct15_seed4_rigid31_1_from1190000cy/rbc39_sim_2xKSin1_D_hct15_seed4_rigid31_1_from1190000cy.dat
shape =  (8, 698)
698
loading  /home/jasencakova/dataset/cells/priamy_kanal/sim_2xKSin1_D_hct15_seed4_rigid31_1_from1190000cy/rbc40_sim_2xKSin1_D_hct15_seed4_rigid31_1_from1190000cy.dat
shape =  (8, 698)
698
loading  /home/jasencakova/dataset/cells/priamy_kanal/sim_2xKSin1_D_hct15_seed4_rigid31_1_from1190000cy/rbc41_sim_2xKSin1_D_hct15_seed4_rigid31_1_from1190000cy.dat
shape =  (8, 698)
698
loading  /home/jasencakova/dataset/cells/priamy_kanal/sim_2xKSin1_D_hct15_seed4_rigid31_1_from1190000cy/rbc42_sim_2xKSin1_D_hct15_seed4_rigid31_1_from1190000cy.dat
shape =  (8, 698)
698
loading  /home/jasencakova/dataset/cells/priamy_kanal/sim_2xKSin1_D_hct15_seed4_rigid31_1_from1190000cy/rbc43_sim_2xKSin1_D_hct15_seed4_rigid31_1_from1190000cy.dat
shape =  (8, 698)
698
loading  /home/jasencakova/dataset/cells/priamy_kanal/sim_2xKSin1_D_hct15_seed4_rigid31_1_from1190000cy/rbc44_sim_2xKSin1_D_hct15_seed4_rigid31_1_from1190000cy.dat
shape =  (8, 698)
698
loading  /home/jasencakova/dataset/cells/priamy_kanal/sim_2xKSin1_D_hct15_seed4_rigid31_1_from1190000cy/rbc45_sim_2xKSin1_D_hct15_seed4_rigid31_1_from1190000cy.dat
shape =  (8, 698)
698
loading  /home/jasencakova/dataset/cells/priamy_kanal/sim_2xKSin1_D_hct15_seed4_rigid31_1_from1190000cy/rbc46_sim_2xKSin1_D_hct15_seed4_rigid31_1_from1190000cy.dat
shape =  (8, 698)
698
loading  /home/jasencakova/dataset/cells/priamy_kanal/sim_2xKSin1_D_hct15_seed4_rigid31_1_from1190000cy/rbc47_sim_2xKSin1_D_hct15_seed4_rigid31_1_from1190000cy.dat
shape =  (8, 698)
698
loading  /home/jasencakova/dataset/cells/priamy_kanal/sim_2xKSin1_D_hct15_seed4_rigid31_1_from1190000cy/rbc48_sim_2xKSin1_D_hct15_seed4_rigid31_1_from1190000cy.dat
shape =  (8, 698)
698
loading  /home/jasencakova/dataset/cells/priamy_kanal/sim_2xKSin1_D_hct15_seed4_rigid31_1_from1190000cy/rbc49_sim_2xKSin1_D_hct15_seed4_rigid31_1_from1190000cy.dat
shape =  (8, 698)
698
loading  /home/jasencakova/dataset/cells/priamy_kanal/sim_2xKSin1_D_hct15_seed4_rigid31_1_from1190000cy/rbc50_sim_2xKSin1_D_hct15_seed4_rigid31_1_from1190000cy.dat
shape =  (8, 698)
698
loading  /home/jasencakova/dataset/cells/priamy_kanal/sim_2xKSin1_D_hct15_seed4_rigid31_1_from1190000cy/rbc51_sim_2xKSin1_D_hct15_seed4_rigid31_1_from1190000cy.dat
shape =  (8, 698)
698
loading  /home/jasencakova/dataset/cells/priamy_kanal/sim_2xKSin1_D_hct15_seed4_rigid31_1_from1190000cy/rbc52_sim_2xKSin1_D_hct15_seed4_rigid31_1_from1190000cy.dat
shape =  (8, 698)
698
loading  /home/jasencakova/dataset/cells/priamy_kanal/sim_2xKSin1_D_hct15_seed4_rigid31_1_from1190000cy/rbc53_sim_2xKSin1_D_hct15_seed4_rigid31_1_from1190000cy.dat
shape =  (8, 698)
698
loading  /home/jasencakova/dataset/cells/priamy_kanal/sim_2xKSin1_D_hct15_seed4_rigid31_1_from1190000cy/rbc54_sim_2xKSin1_D_hct15_seed4_rigid31_1_from1190000cy.dat
shape =  (8, 698)
698
loading  /home/jasencakova/dataset/cells/priamy_kanal/sim_2xKSin1_D_hct15_seed4_rigid31_1_from1190000cy/rbc55_sim_2xKSin1_D_hct15_seed4_rigid31_1_from1190000cy.dat
shape =  (8, 698)
698
loading  /home/jasencakova/dataset/cells/priamy_kanal/sim_2xKSin1_D_hct15_seed4_rigid31_1_from1190000cy/rbc56_sim_2xKSin1_D_hct15_seed4_rigid31_1_from1190000cy.dat
shape =  (8, 698)
698
loading  /home/jasencakova/dataset/cells/priamy_kanal/sim_2xKSin1_D_hct15_seed4_rigid31_1_from1190000cy/rbc57_sim_2xKSin1_D_hct15_seed4_rigid31_1_from1190000cy.dat
shape =  (8, 698)
698
loading  /home/jasencakova/dataset/cells/priamy_kanal/sim_2xKSin1_D_hct15_seed4_rigid31_1_from1190000cy/rbc58_sim_2xKSin1_D_hct15_seed4_rigid31_1_from1190000cy.dat
shape =  (8, 698)
698
loading  /home/jasencakova/dataset/cells/priamy_kanal/sim_2xKSin1_D_hct15_seed4_rigid31_1_from1190000cy/rbc59_sim_2xKSin1_D_hct15_seed4_rigid31_1_from1190000cy.dat
shape =  (8, 698)
698
loading  /home/jasencakova/dataset/cells/priamy_kanal/sim_2xKSin1_D_hct15_seed4_rigid31_1_from1190000cy/rbc60_sim_2xKSin1_D_hct15_seed4_rigid31_1_from1190000cy.dat
shape =  (8, 698)
698
loading  /home/jasencakova/dataset/cells/priamy_kanal/sim_2xKSin1_D_hct15_seed4_rigid31_1_from1190000cy/rbc61_sim_2xKSin1_D_hct15_seed4_rigid31_1_from1190000cy.dat
shape =  (8, 698)
698
loading  /home/jasencakova/dataset/cells/priamy_kanal/sim_2xKSin1_D_hct15_seed4_rigid31_1_from1190000cy/rbc62_sim_2xKSin1_D_hct15_seed4_rigid31_1_from1190000cy.dat
shape =  (8, 698)
698
loading  /home/jasencakova/dataset/cells/priamy_kanal/sim_2xKSin1_D_hct15_seed4_rigid31_1_from1190000cy/rbc63_sim_2xKSin1_D_hct15_seed4_rigid31_1_from1190000cy.dat
shape =  (8, 698)
698
loading  /home/jasencakova/dataset/cells/priamy_kanal/sim_2xKSin1_D_hct15_seed4_rigid31_1_from1190000cy/rbc64_sim_2xKSin1_D_hct15_seed4_rigid31_1_from1190000cy.dat
shape =  (8, 698)
698
loading  /home/jasencakova/dataset/cells/priamy_kanal/sim_2xKSin1_D_hct15_seed4_rigid31_1_from1190000cy/rbc65_sim_2xKSin1_D_hct15_seed4_rigid31_1_from1190000cy.dat
shape =  (8, 698)
698
loading  /home/jasencakova/dataset/cells/priamy_kanal/sim_2xKSin1_D_hct15_seed4_rigid31_1_from1190000cy/rbc66_sim_2xKSin1_D_hct15_seed4_rigid31_1_from1190000cy.dat
shape =  (8, 698)
698
loading  /home/jasencakova/dataset/cells/priamy_kanal/sim_2xKSin1_D_hct15_seed4_rigid31_1_from1190000cy/rbc67_sim_2xKSin1_D_hct15_seed4_rigid31_1_from1190000cy.dat
shape =  (8, 698)
698
loading  /home/jasencakova/dataset/cells/priamy_kanal/sim_2xKSin1_D_hct15_seed4_rigid31_1_from1190000cy/rbc68_sim_2xKSin1_D_hct15_seed4_rigid31_1_from1190000cy.dat
shape =  (8, 698)
698
loading  /home/jasencakova/dataset/cells/priamy_kanal/sim_2xKSin1_D_hct15_seed4_rigid31_1_from1190000cy/rbc69_sim_2xKSin1_D_hct15_seed4_rigid31_1_from1190000cy.dat
shape =  (8, 698)
698
loading  /home/jasencakova/dataset/cells/priamy_kanal/sim_2xKSin1_D_hct15_seed4_rigid31_1_from1190000cy/rbc70_sim_2xKSin1_D_hct15_seed4_rigid31_1_from1190000cy.dat
shape =  (8, 698)
698
loading  /home/jasencakova/dataset/cells/priamy_kanal/sim_2xKSin1_D_hct15_seed4_rigid31_1_from1190000cy/rbc71_sim_2xKSin1_D_hct15_seed4_rigid31_1_from1190000cy.dat
shape =  (8, 698)
698
loading  /home/jasencakova/dataset/cells/priamy_kanal/sim_2xKSin1_D_hct15_seed4_rigid31_1_from1190000cy/rbc72_sim_2xKSin1_D_hct15_seed4_rigid31_1_from1190000cy.dat
shape =  (8, 698)
698
loading  /home/jasencakova/dataset/cells/priamy_kanal/sim_2xKSin1_D_hct15_seed4_rigid31_1_from1190000cy/rbc73_sim_2xKSin1_D_hct15_seed4_rigid31_1_from1190000cy.dat
shape =  (8, 698)
698
loading  /home/jasencakova/dataset/cells/priamy_kanal/sim_2xKSin1_D_hct15_seed4_rigid31_1_from1190000cy/rbc74_sim_2xKSin1_D_hct15_seed4_rigid31_1_from1190000cy.dat
shape =  (8, 698)
698
loading  /home/jasencakova/dataset/cells/priamy_kanal/sim_2xKSin1_D_hct15_seed4_rigid31_1_from1190000cy/rbc75_sim_2xKSin1_D_hct15_seed4_rigid31_1_from1190000cy.dat
shape =  (8, 698)
698
loading  /home/jasencakova/dataset/cells/priamy_kanal/sim_2xKSin1_D_hct15_seed4_rigid31_1_from1190000cy/rbc76_sim_2xKSin1_D_hct15_seed4_rigid31_1_from1190000cy.dat
shape =  (8, 698)
698
loading  /home/jasencakova/dataset/cells/priamy_kanal/sim_2xKSin1_D_hct15_seed4_rigid31_1_from1190000cy/rbc77_sim_2xKSin1_D_hct15_seed4_rigid31_1_from1190000cy.dat
shape =  (8, 698)
698
loading  /home/jasencakova/dataset/cells/priamy_kanal/sim_2xKSin1_D_hct15_seed4_rigid31_1_from1190000cy/rbc78_sim_2xKSin1_D_hct15_seed4_rigid31_1_from1190000cy.dat
shape =  (8, 698)
698
loading  /home/jasencakova/dataset/cells/priamy_kanal/sim_2xKSin1_D_hct15_seed4_rigid31_1_from1190000cy/rbc79_sim_2xKSin1_D_hct15_seed4_rigid31_1_from1190000cy.dat
shape =  (8, 698)
698
loading  /home/jasencakova/dataset/cells/priamy_kanal/sim_2xKSin1_D_hct15_seed4_rigid31_1_from1190000cy/rbc80_sim_2xKSin1_D_hct15_seed4_rigid31_1_from1190000cy.dat
shape =  (8, 698)
698
loading  /home/jasencakova/dataset/cells/priamy_kanal/sim_2xKSin1_D_hct15_seed4_rigid31_1_from1190000cy/rbc81_sim_2xKSin1_D_hct15_seed4_rigid31_1_from1190000cy.dat
shape =  (8, 698)
698
loading  /home/jasencakova/dataset/cells/priamy_kanal/sim_2xKSin1_D_hct15_seed4_rigid31_1_from1190000cy/rbc82_sim_2xKSin1_D_hct15_seed4_rigid31_1_from1190000cy.dat
shape =  (8, 698)
698
loading  /home/jasencakova/dataset/cells/priamy_kanal/sim_2xKSin1_D_hct15_seed4_rigid31_1_from1190000cy/rbc83_sim_2xKSin1_D_hct15_seed4_rigid31_1_from1190000cy.dat
shape =  (8, 698)
698
loading  /home/jasencakova/dataset/cells/priamy_kanal/sim_2xKSin1_D_hct15_seed4_rigid31_1_from1190000cy/rbc84_sim_2xKSin1_D_hct15_seed4_rigid31_1_from1190000cy.dat
shape =  (8, 698)
698
loading  /home/jasencakova/dataset/cells/priamy_kanal/sim_2xKSin1_D_hct15_seed4_rigid31_1_from1190000cy/rbc85_sim_2xKSin1_D_hct15_seed4_rigid31_1_from1190000cy.dat
shape =  (8, 698)
698
loading  /home/jasencakova/dataset/cells/priamy_kanal/sim_2xKSin1_D_hct15_seed4_rigid31_1_from1190000cy/rbc86_sim_2xKSin1_D_hct15_seed4_rigid31_1_from1190000cy.dat
shape =  (8, 698)
698
loading  /home/jasencakova/dataset/cells/priamy_kanal/sim_2xKSin1_D_hct15_seed4_rigid31_1_from1190000cy/rbc87_sim_2xKSin1_D_hct15_seed4_rigid31_1_from1190000cy.dat
shape =  (8, 698)
698
loading  /home/jasencakova/dataset/cells/priamy_kanal/sim_2xKSin1_D_hct15_seed4_rigid31_1_from1190000cy/rbc88_sim_2xKSin1_D_hct15_seed4_rigid31_1_from1190000cy.dat
shape =  (8, 698)
698
loading  /home/jasencakova/dataset/cells/priamy_kanal/sim_2xKSin1_D_hct15_seed4_rigid31_1_from1190000cy/rbc89_sim_2xKSin1_D_hct15_seed4_rigid31_1_from1190000cy.dat
shape =  (8, 698)
698
loading  /home/jasencakova/dataset/cells/priamy_kanal/sim_2xKSin1_D_hct15_seed4_rigid31_1_from1190000cy/rbc90_sim_2xKSin1_D_hct15_seed4_rigid31_1_from1190000cy.dat
shape =  (8, 698)
698
loading  /home/jasencakova/dataset/cells/priamy_kanal/sim_2xKSin1_D_hct15_seed4_rigid31_1_from1190000cy/rbc91_sim_2xKSin1_D_hct15_seed4_rigid31_1_from1190000cy.dat
shape =  (8, 698)
698
loading  /home/jasencakova/dataset/cells/priamy_kanal/sim_2xKSin1_D_hct15_seed4_rigid31_1_from1190000cy/rbc92_sim_2xKSin1_D_hct15_seed4_rigid31_1_from1190000cy.dat
shape =  (8, 698)
698
loading  /home/jasencakova/dataset/cells/priamy_kanal/sim_2xKSin1_D_hct15_seed4_rigid31_1_from1190000cy/rbc93_sim_2xKSin1_D_hct15_seed4_rigid31_1_from1190000cy.dat
shape =  (8, 698)
698
loading  /home/jasencakova/dataset/cells/priamy_kanal/sim_2xKSin1_D_hct15_seed4_rigid31_1_from1190000cy/rbc94_sim_2xKSin1_D_hct15_seed4_rigid31_1_from1190000cy.dat
shape =  (8, 698)
698
loading  /home/jasencakova/dataset/cells/priamy_kanal/sim_2xKSin1_D_hct15_seed4_rigid31_1_from1190000cy/rbc95_sim_2xKSin1_D_hct15_seed4_rigid31_1_from1190000cy.dat
shape =  (8, 698)
698
loading  /home/jasencakova/dataset/cells/priamy_kanal/sim_2xKSin1_D_hct15_seed4_rigid31_1_from1190000cy/rbc96_sim_2xKSin1_D_hct15_seed4_rigid31_1_from1190000cy.dat
shape =  (8, 698)
698
loading  /home/jasencakova/dataset/cells/priamy_kanal/sim_2xKSin1_D_hct15_seed4_rigid31_1_from1190000cy/rbc97_sim_2xKSin1_D_hct15_seed4_rigid31_1_from1190000cy.dat
shape =  (8, 698)
698
loading  /home/jasencakova/dataset/cells/priamy_kanal/sim_2xKSin1_D_hct15_seed4_rigid31_1_from1190000cy/rbc98_sim_2xKSin1_D_hct15_seed4_rigid31_1_from1190000cy.dat
shape =  (8, 698)
698
loading  /home/jasencakova/dataset/cells/priamy_kanal/sim_2xKSin1_D_hct15_seed4_rigid31_1_from1190000cy/rbc99_sim_2xKSin1_D_hct15_seed4_rigid31_1_from1190000cy.dat
shape =  (8, 698)
698
loading  /home/jasencakova/dataset/cells/priamy_kanal/sim_2xKSin1_D_hct15_seed4_rigid31_1_from1190000cy/rbc100_sim_2xKSin1_D_hct15_seed4_rigid31_1_from1190000cy.dat
shape =  (8, 698)
698
loading  /home/jasencakova/dataset/cells/priamy_kanal/sim_2xKSin1_D_hct15_seed4_rigid31_1_from1190000cy/rbc101_sim_2xKSin1_D_hct15_seed4_rigid31_1_from1190000cy.dat
shape =  (8, 698)
698
loading  /home/jasencakova/dataset/cells/priamy_kanal/sim_2xKSin1_D_hct15_seed4_rigid31_1_from1190000cy/rbc102_sim_2xKSin1_D_hct15_seed4_rigid31_1_from1190000cy.dat
shape =  (8, 698)
698
loading  /home/jasencakova/dataset/cells/priamy_kanal/sim_2xKSin1_D_hct15_seed4_rigid31_1_from1190000cy/rbc103_sim_2xKSin1_D_hct15_seed4_rigid31_1_from1190000cy.dat
shape =  (8, 698)
698
loading  /home/jasencakova/dataset/cells/priamy_kanal/sim_2xKSin1_D_hct15_seed4_rigid31_1_from1190000cy/rbc104_sim_2xKSin1_D_hct15_seed4_rigid31_1_from1190000cy.dat
shape =  (8, 698)
698
loading  /home/jasencakova/dataset/cells/priamy_kanal/sim_2xKSin1_D_hct15_seed4_rigid31_1_from1190000cy/rbc105_sim_2xKSin1_D_hct15_seed4_rigid31_1_from1190000cy.dat
shape =  (8, 698)
698
loading  /home/jasencakova/dataset/cells/priamy_kanal/sim_2xKSin1_D_hct15_seed4_rigid31_1_from1190000cy/rbc106_sim_2xKSin1_D_hct15_seed4_rigid31_1_from1190000cy.dat
shape =  (8, 698)
698
loading  /home/jasencakova/dataset/cells/priamy_kanal/sim_2xKSin1_D_hct15_seed4_rigid31_1_from1190000cy/rbc107_sim_2xKSin1_D_hct15_seed4_rigid31_1_from1190000cy.dat
shape =  (8, 698)
698
loading  /home/jasencakova/dataset/cells/priamy_kanal/sim_2xKSin1_D_hct15_seed4_rigid31_1_from1190000cy/rbc108_sim_2xKSin1_D_hct15_seed4_rigid31_1_from1190000cy.dat
shape =  (8, 698)
698
loading  /home/jasencakova/dataset/cells/priamy_kanal/sim_2xKSin1_D_hct15_seed4_rigid31_1_from1190000cy/rbc109_sim_2xKSin1_D_hct15_seed4_rigid31_1_from1190000cy.dat
shape =  (8, 698)
698
loading  /home/jasencakova/dataset/cells/priamy_kanal/sim_2xKSin1_D_hct15_seed4_rigid31_1_from1190000cy/rbc110_sim_2xKSin1_D_hct15_seed4_rigid31_1_from1190000cy.dat
shape =  (8, 698)
698
loading  /home/jasencakova/dataset/cells/priamy_kanal/sim_2xKSin1_D_hct15_seed4_rigid31_1_from1190000cy/rbc111_sim_2xKSin1_D_hct15_seed4_rigid31_1_from1190000cy.dat
shape =  (8, 698)
698
loading  /home/jasencakova/dataset/cells/priamy_kanal/sim_2xKSin1_D_hct15_seed4_rigid31_1_from1190000cy/rbc112_sim_2xKSin1_D_hct15_seed4_rigid31_1_from1190000cy.dat
shape =  (8, 698)
698
loading  /home/jasencakova/dataset/cells/priamy_kanal/sim_2xKSin1_D_hct15_seed4_rigid31_1_from1190000cy/rbc113_sim_2xKSin1_D_hct15_seed4_rigid31_1_from1190000cy.dat
shape =  (8, 698)
698
loading  /home/jasencakova/dataset/cells/priamy_kanal/sim_2xKSin1_D_hct15_seed4_rigid31_1_from1190000cy/rbc114_sim_2xKSin1_D_hct15_seed4_rigid31_1_from1190000cy.dat
shape =  (8, 698)
698
loading  /home/jasencakova/dataset/cells/priamy_kanal/sim_2xKSin1_D_hct15_seed4_rigid31_1_from1190000cy/rbc115_sim_2xKSin1_D_hct15_seed4_rigid31_1_from1190000cy.dat
shape =  (8, 698)
698
loading  /home/jasencakova/dataset/cells/priamy_kanal/sim_2xKSin1_D_hct15_seed4_rigid31_1_from1190000cy/rbc116_sim_2xKSin1_D_hct15_seed4_rigid31_1_from1190000cy.dat
shape =  (8, 698)
698
loading  /home/jasencakova/dataset/cells/priamy_kanal/sim_2xKSin1_D_hct15_seed4_rigid31_1_from1190000cy/rbc117_sim_2xKSin1_D_hct15_seed4_rigid31_1_from1190000cy.dat
shape =  (8, 698)
698
loading  /home/jasencakova/dataset/cells/priamy_kanal/sim_2xKSin1_D_hct15_seed4_rigid31_1_from1190000cy/rbc118_sim_2xKSin1_D_hct15_seed4_rigid31_1_from1190000cy.dat
shape =  (8, 698)
698
loading  /home/jasencakova/dataset/cells/priamy_kanal/sim_2xKSin1_D_hct15_seed4_rigid31_1_from1190000cy/rbc119_sim_2xKSin1_D_hct15_seed4_rigid31_1_from1190000cy.dat
shape =  (8, 698)
698
loading  /home/jasencakova/dataset/cells/priamy_kanal/sim_2xKSin1_D_hct15_seed4_rigid31_1_from1190000cy/rbc120_sim_2xKSin1_D_hct15_seed4_rigid31_1_from1190000cy.dat
shape =  (8, 698)
698
loading  /home/jasencakova/dataset/cells/priamy_kanal/sim_2xKSin1_D_hct15_seed4_rigid31_1_from1190000cy/rbc121_sim_2xKSin1_D_hct15_seed4_rigid31_1_from1190000cy.dat
shape =  (8, 698)
698
loading  /home/jasencakova/dataset/cells/priamy_kanal/sim_2xKSin1_D_hct15_seed4_rigid31_1_from1190000cy/rbc122_sim_2xKSin1_D_hct15_seed4_rigid31_1_from1190000cy.dat
shape =  (8, 698)
698
loading  /home/jasencakova/dataset/cells/priamy_kanal/sim_2xKSin1_D_hct15_seed4_rigid31_1_from1190000cy/rbc123_sim_2xKSin1_D_hct15_seed4_rigid31_1_from1190000cy.dat
shape =  (8, 698)
698
loading  /home/jasencakova/dataset/cells/priamy_kanal/sim_2xKSin1_D_hct15_seed4_rigid31_1_from1190000cy/rbc124_sim_2xKSin1_D_hct15_seed4_rigid31_1_from1190000cy.dat
shape =  (8, 698)
698
loading  /home/jasencakova/dataset/cells/priamy_kanal/sim_2xKSin1_D_hct15_seed4_rigid31_1_from1190000cy/rbc125_sim_2xKSin1_D_hct15_seed4_rigid31_1_from1190000cy.dat
shape =  (8, 698)
698
loading  /home/jasencakova/dataset/cells/priamy_kanal/sim_2xKSin1_D_hct15_seed4_rigid31_1_from1190000cy/rbc126_sim_2xKSin1_D_hct15_seed4_rigid31_1_from1190000cy.dat
shape =  (8, 698)
698
loading  /home/jasencakova/dataset/cells/priamy_kanal/sim_2xKSin1_D_hct15_seed4_rigid31_1_from1190000cy/rbc127_sim_2xKSin1_D_hct15_seed4_rigid31_1_from1190000cy.dat
shape =  (8, 698)
698
loading  /home/jasencakova/dataset/cells/priamy_kanal/sim_2xKSin1_D_hct15_seed4_rigid31_1_from1190000cy/rbc128_sim_2xKSin1_D_hct15_seed4_rigid31_1_from1190000cy.dat
shape =  (8, 698)
698
loading  /home/jasencakova/dataset/cells/priamy_kanal/sim_2xKSin1_D_hct15_seed4_rigid31_1_from1190000cy/rbc129_sim_2xKSin1_D_hct15_seed4_rigid31_1_from1190000cy.dat
shape =  (8, 698)
698
loading  /home/jasencakova/dataset/cells/priamy_kanal/sim_2xKSin1_D_hct15_seed4_rigid31_1_from1190000cy/rbc130_sim_2xKSin1_D_hct15_seed4_rigid31_1_from1190000cy.dat
shape =  (8, 698)
698
loading  /home/jasencakova/dataset/cells/priamy_kanal/sim_2xKSin1_D_hct15_seed4_rigid31_1_from1190000cy/rbc131_sim_2xKSin1_D_hct15_seed4_rigid31_1_from1190000cy.dat
shape =  (8, 698)
698
loading  /home/jasencakova/dataset/cells/priamy_kanal/sim_2xKSin1_D_hct15_seed4_rigid31_1_from1190000cy/rbc132_sim_2xKSin1_D_hct15_seed4_rigid31_1_from1190000cy.dat
shape =  (8, 698)
698
loading  /home/jasencakova/dataset/cells/priamy_kanal/sim_2xKSin1_D_hct15_seed4_rigid31_1_from1190000cy/rbc133_sim_2xKSin1_D_hct15_seed4_rigid31_1_from1190000cy.dat
shape =  (8, 698)
698
loading  /home/jasencakova/dataset/cells/priamy_kanal/sim_2xKSin1_D_hct15_seed4_rigid31_1_from1190000cy/rbc134_sim_2xKSin1_D_hct15_seed4_rigid31_1_from1190000cy.dat
shape =  (8, 698)
698
loading  /home/jasencakova/dataset/cells/priamy_kanal/sim_2xKSin1_D_hct15_seed4_rigid31_1_from1190000cy/rbc135_sim_2xKSin1_D_hct15_seed4_rigid31_1_from1190000cy.dat
shape =  (8, 698)
698
loading  /home/jasencakova/dataset/cells/priamy_kanal/sim_2xKSin1_D_hct15_seed4_rigid31_1_from1190000cy/rbc136_sim_2xKSin1_D_hct15_seed4_rigid31_1_from1190000cy.dat
shape =  (8, 698)
698
loading  /home/jasencakova/dataset/cells/priamy_kanal/sim_2xKSin1_D_hct15_seed4_rigid31_1_from1190000cy/rbc137_sim_2xKSin1_D_hct15_seed4_rigid31_1_from1190000cy.dat
shape =  (8, 698)
698
loading  /home/jasencakova/dataset/cells/priamy_kanal/sim_2xKSin1_D_hct15_seed4_rigid31_1_from1190000cy/rbc138_sim_2xKSin1_D_hct15_seed4_rigid31_1_from1190000cy.dat
shape =  (8, 698)
698
loading  /home/jasencakova/dataset/cells/priamy_kanal/sim_2xKSin1_D_hct15_seed4_rigid31_1_from1190000cy/rbc139_sim_2xKSin1_D_hct15_seed4_rigid31_1_from1190000cy.dat
shape =  (8, 698)
698
loading  /home/jasencakova/dataset/cells/priamy_kanal/sim_2xKSin1_D_hct15_seed4_rigid31_1_from1190000cy/rbc140_sim_2xKSin1_D_hct15_seed4_rigid31_1_from1190000cy.dat
shape =  (8, 698)
698
loading  /home/jasencakova/dataset/cells/priamy_kanal/sim_2xKSin1_D_hct15_seed4_rigid31_1_from1190000cy/rbc141_sim_2xKSin1_D_hct15_seed4_rigid31_1_from1190000cy.dat
shape =  (8, 698)
698
loading  /home/jasencakova/dataset/cells/priamy_kanal/sim_2xKSin1_D_hct15_seed4_rigid31_1_from1190000cy/rbc142_sim_2xKSin1_D_hct15_seed4_rigid31_1_from1190000cy.dat
shape =  (8, 698)
698
loading  /home/jasencakova/dataset/cells/priamy_kanal/sim_2xKSin1_D_hct15_seed4_rigid31_1_from1190000cy/rbc143_sim_2xKSin1_D_hct15_seed4_rigid31_1_from1190000cy.dat
shape =  (8, 698)
698
loading  /home/jasencakova/dataset/cells/priamy_kanal/sim_2xKSin1_D_hct15_seed4_rigid31_1_from1190000cy/rbc144_sim_2xKSin1_D_hct15_seed4_rigid31_1_from1190000cy.dat
shape =  (8, 698)
698
loading  /home/jasencakova/dataset/cells/priamy_kanal/sim_2xKSin1_D_hct15_seed4_rigid31_1_from1190000cy/rbc145_sim_2xKSin1_D_hct15_seed4_rigid31_1_from1190000cy.dat
shape =  (8, 698)
698
loading  /home/jasencakova/dataset/cells/priamy_kanal/sim_2xKSin1_D_hct15_seed4_rigid31_1_from1190000cy/rbc146_sim_2xKSin1_D_hct15_seed4_rigid31_1_from1190000cy.dat
shape =  (8, 698)
698
loading  /home/jasencakova/dataset/cells/priamy_kanal/sim_2xKSin1_D_hct15_seed4_rigid31_1_from1190000cy/rbc147_sim_2xKSin1_D_hct15_seed4_rigid31_1_from1190000cy.dat
shape =  (8, 698)
698
loading  /home/jasencakova/dataset/cells/priamy_kanal/sim_2xKSin1_D_hct15_seed4_rigid31_1_from1190000cy/rbc148_sim_2xKSin1_D_hct15_seed4_rigid31_1_from1190000cy.dat
shape =  (8, 698)
698
loading  /home/jasencakova/dataset/cells/priamy_kanal/sim_2xKSin1_D_hct15_seed4_rigid31_1_from1190000cy/rbc149_sim_2xKSin1_D_hct15_seed4_rigid31_1_from1190000cy.dat
shape =  (8, 698)
698
loading  /home/jasencakova/dataset/cells/priamy_kanal/sim_2xKSin1_D_hct15_seed4_rigid31_1_from1190000cy/rbc150_sim_2xKSin1_D_hct15_seed4_rigid31_1_from1190000cy.dat
shape =  (8, 698)
698
loading  /home/jasencakova/dataset/cells/priamy_kanal/sim_2xKSin1_D_hct15_seed4_rigid31_1_from1190000cy/rbc151_sim_2xKSin1_D_hct15_seed4_rigid31_1_from1190000cy.dat
shape =  (8, 698)
698
loading  /home/jasencakova/dataset/cells/priamy_kanal/sim_2xKSin1_D_hct15_seed4_rigid31_1_from1190000cy/rbc152_sim_2xKSin1_D_hct15_seed4_rigid31_1_from1190000cy.dat
shape =  (8, 698)
698
loading  /home/jasencakova/dataset/cells/priamy_kanal/sim_2xKSin1_D_hct15_seed4_rigid31_1_from1190000cy/rbc153_sim_2xKSin1_D_hct15_seed4_rigid31_1_from1190000cy.dat
shape =  (8, 698)
698
shortest_length =  698
data_shape      =  (154, 698, 8)








dataset summary : 

training_dats shape    =  (154, 989, 8)
testing_dats shape    =  (154, 698, 8)
training_count  =  15382906
testing_count   =  107492
channels_count  =  8
sequence_length =  128
classes_count   =   2
batch(32) tensor shape =  torch.Size([32, 8, 128]) torch.Size([32, 2])





model
Sequential(
  (0): Conv1d(8, 32, kernel_size=(3,), stride=(2,), padding=(1,))
  (1): ReLU()
  (2): Dropout(p=0.01, inplace=False)
  (3): Conv1d(32, 64, kernel_size=(3,), stride=(2,), padding=(1,))
  (4): ReLU()
  (5): Dropout(p=0.01, inplace=False)
  (6): Conv1d(64, 64, kernel_size=(3,), stride=(2,), padding=(1,))
  (7): ReLU()
  (8): Dropout(p=0.01, inplace=False)
  (9): Conv1d(64, 128, kernel_size=(3,), stride=(2,), padding=(1,))
  (10): ReLU()
  (11): Dropout(p=0.01, inplace=False)
  (12): Flatten()
  (13): Linear(in_features=1024, out_features=2, bias=True)
)



0 91.01251118114494 95.68824404761905 0.08381727 0.04348861 0.022839626 0.009101444 40.55 





=================================================
new best net in 0
TRAINING result
accuracy   = 91.013 [%]
hit_count  = 14000491
miss_count = 1382549

class_accuracy = 99.394%   57.751%   


confusion_matrix = 
12212452	 1308052	 
74497	 1788039	 



TESTING result
accuracy   = 95.688 [%]
hit_count  = 102884
miss_count = 4636

class_accuracy = 99.671%   79.925%   


confusion_matrix = 
85541	 4355	 
281	 17343	 




1 95.75306311366283 97.27027529761905 0.03876293 0.02631369 0.012184599 0.006019881 40.28 





=================================================
new best net in 1
TRAINING result
accuracy   = 95.753 [%]
hit_count  = 14729732
miss_count = 653308

class_accuracy = 99.716%   80.023%   


confusion_matrix = 
12252526	 618406	 
34902	 2477206	 



TESTING result
accuracy   = 97.27 [%]
hit_count  = 104585
miss_count = 2935

class_accuracy = 99.518%   88.326%   


confusion_matrix = 
85496	 2522	 
413	 19089	 




2 99.24130730986853 97.77901785714286 0.012893501 0.019475022 0.005224302 0.0046881246 39.98 





=================================================
new best net in 2
TRAINING result
accuracy   = 99.241 [%]
hit_count  = 15266330
miss_count = 116710

class_accuracy = 99.908%   96.596%   


confusion_matrix = 
12274172	 105429	 
11281	 2992158	 



TESTING result
accuracy   = 97.779 [%]
hit_count  = 105132
miss_count = 2388

class_accuracy = 99.434%   91.171%   


confusion_matrix = 
85482	 1902	 
486	 19650	 




3 99.95970887418872 99.65215773809524 0.0039118375 0.006102412 0.0017844125 0.0018698856 39.66 





=================================================
new best net in 3
TRAINING result
accuracy   = 99.96 [%]
hit_count  = 15376842
miss_count = 6198

class_accuracy = 99.997%   99.812%   


confusion_matrix = 
12285724	 5835	 
363	 3091118	 



TESTING result
accuracy   = 99.652 [%]
hit_count  = 107146
miss_count = 374

class_accuracy = 99.992%   98.297%   


confusion_matrix = 
85847	 368	 
6	 21299	 




4 99.99963596272258 99.98697916666667 0.0008154542 0.0015624566 0.00040656628 0.0005667191 39.37 





=================================================
new best net in 4
TRAINING result
accuracy   = 100.0 [%]
hit_count  = 15382984
miss_count = 56

class_accuracy = 100.0%   99.998%   


confusion_matrix = 
12286779	 54	 
2	 3096205	 



TESTING result
accuracy   = 99.987 [%]
hit_count  = 107506
miss_count = 14

class_accuracy = 99.999%   99.93%   


confusion_matrix = 
85972	 14	 
0	 21534	 




5 99.99955795473457 100.0 0.00029261384 0.00076618604 0.00021008923 0.0003303039 38.96 





=================================================
new best net in 5
TRAINING result
accuracy   = 100.0 [%]
hit_count  = 15382972
miss_count = 68

class_accuracy = 100.0%   99.998%   


confusion_matrix = 
12286475	 49	 
19	 3096497	 



TESTING result
accuracy   = 100.0 [%]
hit_count  = 107520
miss_count = 0

class_accuracy = 99.999%   99.995%   


confusion_matrix = 
85955	 0	 
0	 21565	 




6 99.9997334727076 100.0 0.0001676135 0.00060472824 0.00013962558 0.00024757357 38.56 

7 99.99982448202697 100.0 0.000112299495 0.00041255145 0.00011455013 0.0001874947 38.17 

8 99.99979847936429 100.0 8.341134e-05 0.0004066781 0.00010934506 0.00021260012 37.78 

9 99.99986348602097 100.0 6.625674e-05 0.00031263006 9.9228186e-05 0.00017649656 37.34 

10 99.99985048468963 100.0 5.6880966e-05 0.0003309296 0.0001076495 0.00017959817 36.91 

11 99.99988948868364 100.0 4.8454276e-05 0.0002657521 8.939603e-05 0.00016624581 36.03 

12 99.99991549134631 100.0 4.208758e-05 0.00022838208 8.130717e-05 0.00014646306 35.16 

13 99.99991549134631 100.0 3.836074e-05 0.00021630013 7.128834e-05 0.0001348657 34.33 

14 99.99990249001497 100.0 3.592358e-05 0.00020639261 7.8047386e-05 0.00013025297 33.58 

15 99.999960996006 100.0 3.2586508e-05 0.00017236895 6.0067006e-05 0.00011584777 32.84 

16 99.99992849267765 99.99813988095238 3.037314e-05 0.0004999512 5.882376e-05 0.00027570454 32.15 

17 99.99990899068065 100.0 2.892734e-05 0.00016872499 6.831738e-05 0.000102828366 31.53 

18 99.999960996006 100.0 2.6850903e-05 0.00016649309 5.655248e-05 0.000107110514 30.91 

19 99.999960996006 100.0 2.5169542e-05 0.00015456504 4.931309e-05 0.00010067737 30.32 

20 99.999941494009 100.0 2.4449004e-05 0.00014176787 5.6386107e-05 9.721208e-05 29.8 

21 99.99995449534032 100.0 2.3808801e-05 0.00014889729 5.7599093e-05 0.00010787276 29.32 

22 99.99996749667166 100.0 2.2546708e-05 0.0001523702 5.2806325e-05 0.00010511982 28.8 

23 99.999960996006 100.0 2.1973305e-05 0.00013629739 5.1070085e-05 9.343496e-05 28.31 

24 99.99995449534032 100.0 2.162321e-05 0.00013843407 5.3596563e-05 0.000107700784 27.83 

25 99.99994799467466 100.0 2.010722e-05 0.00012272243 5.3330226e-05 8.371821e-05 27.37 

26 99.999980498003 100.0 1.9179819e-05 0.00014089674 4.2738247e-05 8.8578185e-05 26.93 

27 99.99992199201198 100.0 1.9740371e-05 0.0001150214 6.0458562e-05 8.7462504e-05 26.48 

28 99.99990899068065 100.0 1.8939127e-05 0.00015030237 7.533901e-05 0.000101704136 26.06 

29 99.99996749667166 100.0 1.785681e-05 0.00015028776 4.1504867e-05 9.99593e-05 25.65 

30 99.999960996006 100.0 1.8028515e-05 0.000135343 4.5543627e-05 0.00010286118 25.22 

31 99.99988948868364 100.0 1.8105458e-05 0.00013415818 7.4542564e-05 0.00010095777 24.78 

32 99.999960996006 100.0 1.6644835e-05 0.00024747656 4.3690427e-05 0.00016640399 24.38 

33 99.99992849267765 100.0 1.6953918e-05 0.00011698408 5.254712e-05 9.296741e-05 23.97 

34 99.99996749667166 100.0 1.5814903e-05 0.00011461451 3.9597086e-05 8.83095e-05 23.61 

35 99.99991549134631 100.0 1.683163e-05 0.000118458374 6.620183e-05 8.7920685e-05 23.2 

36 99.99995449534032 100.0 1.548513e-05 0.00015904875 4.096485e-05 0.00013512309 22.82 

37 99.99999349933434 100.0 1.5089553e-05 0.00012656774 3.1837197e-05 9.042026e-05 22.44 

38 99.99992849267765 100.0 1.583665e-05 0.00016208406 5.6400746e-05 0.00012614859 22.06 

39 99.999960996006 100.0 1.5586262e-05 0.0001257883 4.434234e-05 9.921683e-05 21.69 

40 99.99999349933434 100.0 1.4702591e-05 0.000105714746 3.3737655e-05 8.292147e-05 21.3 

41 99.99994799467466 100.0 1.501321e-05 0.00013397305 4.8979735e-05 9.2138405e-05 20.93 

42 99.999980498003 100.0 1.4308363e-05 0.00012120334 3.3421577e-05 8.832505e-05 20.54 

43 99.999980498003 100.0 1.4386156e-05 0.000112627706 3.230204e-05 9.138967e-05 20.18 

44 99.99994799467466 100.0 1.479706e-05 0.000101866695 4.7348276e-05 8.1957514e-05 19.83 

45 99.999941494009 100.0 1.4534332e-05 0.00011319919 4.3402986e-05 8.2227496e-05 19.47 

46 99.999941494009 100.0 1.4334374e-05 0.00013456191 4.6956742e-05 9.544547e-05 19.12 

47 99.99997399733732 100.0 1.3985647e-05 0.0001166417 3.368687e-05 0.00010206624 18.8 

48 99.99996749667166 100.0 1.3596338e-05 0.00011114203 3.3943874e-05 8.569981e-05 18.48 

49 99.99996749667166 100.0 1.4057873e-05 0.00012790645 3.4133638e-05 9.968501e-05 18.12 

50 99.99995449534032 100.0 1.3386343e-05 0.00012798901 4.0870687e-05 8.9431865e-05 17.8 

51 99.99997399733732 100.0 1.3514534e-05 0.000115395196 3.9845472e-05 9.6317126e-05 17.44 

52 99.99996749667166 100.0 1.3493574e-05 8.6857435e-05 4.041932e-05 7.453534e-05 17.07 

53 99.99997399733732 100.0 1.3396132e-05 0.00012371544 3.5489564e-05 0.000100001445 16.72 

54 99.99996749667166 100.0 1.3472412e-05 0.00011213055 4.4038516e-05 8.7383014e-05 16.38 
